[6.874s] DEBUG:colcon:Command line arguments: ['/usr/bin/colcon', 'build']
[6.875s] DEBUG:colcon:Parsed command line arguments: Namespace(log_base=None, log_level=None, verb_name='build', build_base='build', install_base='install', merge_install=False, symlink_install=False, test_result_base=None, continue_on_error=False, executor='parallel', parallel_workers=2, event_handlers=None, ignore_user_meta=False, metas=['./colcon.meta'], base_paths=['.'], packages_ignore=None, packages_ignore_regex=None, paths=None, packages_up_to=None, packages_up_to_regex=None, packages_above=None, packages_above_and_dependencies=None, packages_above_depth=None, packages_select_by_dep=None, packages_skip_by_dep=None, packages_skip_up_to=None, packages_select_build_failed=False, packages_skip_build_finished=False, packages_select_test_failures=False, packages_skip_test_passed=False, packages_select=None, packages_skip=None, packages_select_regex=None, packages_skip_regex=None, packages_start=None, packages_end=None, allow_overriding=[], cmake_args=None, cmake_target=None, cmake_target_skip_unavailable=False, cmake_clean_cache=False, cmake_clean_first=False, cmake_force_configure=False, ament_cmake_args=None, catkin_cmake_args=None, catkin_skip_building_tests=False, verb_parser=<colcon_defaults.argument_parser.defaults.DefaultArgumentsDecorator object at 0x7f366e3a77f0>, verb_extension=<colcon_core.verb.build.BuildVerb object at 0x7f366e5fa950>, main=<bound method BuildVerb.main of <colcon_core.verb.build.BuildVerb object at 0x7f366e5fa950>>)
[7.190s] Level 1:colcon.colcon_core.package_discovery:discover_packages(colcon_meta) check parameters
[7.191s] Level 1:colcon.colcon_core.package_discovery:discover_packages(recursive) check parameters
[7.191s] Level 1:colcon.colcon_core.package_discovery:discover_packages(ignore) check parameters
[7.192s] Level 1:colcon.colcon_core.package_discovery:discover_packages(path) check parameters
[7.192s] Level 1:colcon.colcon_core.package_discovery:discover_packages(colcon_meta) discover
[7.192s] Level 1:colcon.colcon_core.package_discovery:discover_packages(recursive) discover
[7.193s] INFO:colcon.colcon_core.package_discovery:Crawling recursively for packages in '/home/yasmeen/fs-system/navigation/mpc'
[7.193s] Level 1:colcon.colcon_core.package_identification:_identify(.) by extensions ['ignore', 'ignore_ament_install']
[7.194s] Level 1:colcon.colcon_core.package_identification:_identify(.) by extension 'ignore'
[7.195s] Level 1:colcon.colcon_core.package_identification:_identify(.) by extension 'ignore_ament_install'
[7.195s] Level 1:colcon.colcon_core.package_identification:_identify(.) by extensions ['colcon_pkg']
[7.195s] Level 1:colcon.colcon_core.package_identification:_identify(.) by extension 'colcon_pkg'
[7.196s] Level 1:colcon.colcon_core.package_identification:_identify(.) by extensions ['colcon_meta']
[7.196s] Level 1:colcon.colcon_core.package_identification:_identify(.) by extension 'colcon_meta'
[7.197s] Level 1:colcon.colcon_core.package_identification:_identify(.) by extensions ['ros']
[7.197s] Level 1:colcon.colcon_core.package_identification:_identify(.) by extension 'ros'
[7.279s] DEBUG:colcon.colcon_core.package_identification:Package '.' with type 'ros.ament_python' and name 'mpc'
[7.281s] Level 1:colcon.colcon_core.package_discovery:discover_packages(recursive) using defaults
[7.281s] Level 1:colcon.colcon_core.package_discovery:discover_packages(ignore) discover
[7.282s] Level 1:colcon.colcon_core.package_discovery:discover_packages(ignore) using defaults
[7.282s] Level 1:colcon.colcon_core.package_discovery:discover_packages(path) discover
[7.282s] Level 1:colcon.colcon_core.package_discovery:discover_packages(path) using defaults
[7.730s] Level 1:colcon.colcon_core.package_discovery:discover_packages(prefix_path) check parameters
[7.731s] Level 1:colcon.colcon_core.package_discovery:discover_packages(prefix_path) discover
[7.835s] DEBUG:colcon.colcon_installed_package_information.package_discovery:Found 0 installed packages in /home/yasmeen/ros2_ws/install
[7.883s] DEBUG:colcon.colcon_installed_package_information.package_discovery:Found 270 installed packages in /opt/ros/humble
[7.888s] Level 1:colcon.colcon_core.package_discovery:discover_packages(prefix_path) using defaults
[8.204s] Level 5:colcon.colcon_core.verb:set package 'mpc' build argument 'cmake_args' from command line to 'None'
[8.205s] Level 5:colcon.colcon_core.verb:set package 'mpc' build argument 'cmake_target' from command line to 'None'
[8.205s] Level 5:colcon.colcon_core.verb:set package 'mpc' build argument 'cmake_target_skip_unavailable' from command line to 'False'
[8.206s] Level 5:colcon.colcon_core.verb:set package 'mpc' build argument 'cmake_clean_cache' from command line to 'False'
[8.207s] Level 5:colcon.colcon_core.verb:set package 'mpc' build argument 'cmake_clean_first' from command line to 'False'
[8.207s] Level 5:colcon.colcon_core.verb:set package 'mpc' build argument 'cmake_force_configure' from command line to 'False'
[8.208s] Level 5:colcon.colcon_core.verb:set package 'mpc' build argument 'ament_cmake_args' from command line to 'None'
[8.208s] Level 5:colcon.colcon_core.verb:set package 'mpc' build argument 'catkin_cmake_args' from command line to 'None'
[8.208s] Level 5:colcon.colcon_core.verb:set package 'mpc' build argument 'catkin_skip_building_tests' from command line to 'False'
[8.209s] DEBUG:colcon.colcon_core.verb:Building package 'mpc' with the following arguments: {'ament_cmake_args': None, 'build_base': '/home/yasmeen/fs-system/navigation/mpc/build/mpc', 'catkin_cmake_args': None, 'catkin_skip_building_tests': False, 'cmake_args': None, 'cmake_clean_cache': False, 'cmake_clean_first': False, 'cmake_force_configure': False, 'cmake_target': None, 'cmake_target_skip_unavailable': False, 'install_base': '/home/yasmeen/fs-system/navigation/mpc/install/mpc', 'merge_install': False, 'path': '/home/yasmeen/fs-system/navigation/mpc', 'symlink_install': False, 'test_result_base': None}
[8.263s] INFO:colcon.colcon_core.executor:Executing jobs using 'parallel' executor
[8.316s] DEBUG:colcon.colcon_parallel_executor.executor.parallel:run_until_complete
[8.318s] INFO:colcon.colcon_ros.task.ament_python.build:Building ROS package in '/home/yasmeen/fs-system/navigation/mpc' with build type 'ament_python'
[8.318s] Level 1:colcon.colcon_core.shell:create_environment_hook('mpc', 'ament_prefix_path')
[8.409s] INFO:colcon.colcon_core.plugin_system:Skipping extension 'colcon_core.shell.bat': Not used on non-Windows systems
[8.410s] INFO:colcon.colcon_core.shell:Creating environment hook '/home/yasmeen/fs-system/navigation/mpc/install/mpc/share/mpc/hook/ament_prefix_path.ps1'
[8.414s] INFO:colcon.colcon_core.shell:Creating environment descriptor '/home/yasmeen/fs-system/navigation/mpc/install/mpc/share/mpc/hook/ament_prefix_path.dsv'
[8.419s] INFO:colcon.colcon_core.shell:Creating environment hook '/home/yasmeen/fs-system/navigation/mpc/install/mpc/share/mpc/hook/ament_prefix_path.sh'
[8.491s] INFO:colcon.colcon_core.shell:Skip shell extension 'powershell' for command environment: Not usable outside of PowerShell
[8.492s] DEBUG:colcon.colcon_core.shell:Skip shell extension 'dsv' for command environment
[9.835s] INFO:colcon.colcon_core.task.python.build:Building Python package in '/home/yasmeen/fs-system/navigation/mpc'
[9.886s] INFO:colcon.colcon_core.shell:Skip shell extension 'powershell' for command environment: Not usable outside of PowerShell
[9.887s] DEBUG:colcon.colcon_core.shell:Skip shell extension 'dsv' for command environment
[11.542s] DEBUG:colcon.colcon_core.event_handler.log_command:Invoking command in '/home/yasmeen/fs-system/navigation/mpc': PYTHONPATH=/home/yasmeen/fs-system/navigation/mpc/build/mpc/prefix_override:/home/yasmeen/fs-system/navigation/mpc/install/mpc/lib/python3.10/site-packages:${PYTHONPATH} /usr/bin/python3 setup.py egg_info --egg-base build/mpc build --build-base /home/yasmeen/fs-system/navigation/mpc/build/mpc/build install --record /home/yasmeen/fs-system/navigation/mpc/build/mpc/install.log --single-version-externally-managed
[12.758s] DEBUG:colcon.colcon_core.event_handler.log_command:Invoked command in '/home/yasmeen/fs-system/navigation/mpc' returned '0': PYTHONPATH=/home/yasmeen/fs-system/navigation/mpc/build/mpc/prefix_override:/home/yasmeen/fs-system/navigation/mpc/install/mpc/lib/python3.10/site-packages:${PYTHONPATH} /usr/bin/python3 setup.py egg_info --egg-base build/mpc build --build-base /home/yasmeen/fs-system/navigation/mpc/build/mpc/build install --record /home/yasmeen/fs-system/navigation/mpc/build/mpc/install.log --single-version-externally-managed
[12.840s] Level 1:colcon.colcon_core.environment:checking '/home/yasmeen/fs-system/navigation/mpc/install/mpc' for CMake module files
[12.841s] Level 1:colcon.colcon_core.environment:checking '/home/yasmeen/fs-system/navigation/mpc/install/mpc' for CMake config files
[12.844s] Level 1:colcon.colcon_core.environment:checking '/home/yasmeen/fs-system/navigation/mpc/install/mpc/lib'
[12.845s] Level 1:colcon.colcon_core.environment:checking '/home/yasmeen/fs-system/navigation/mpc/install/mpc/bin'
[12.849s] Level 1:colcon.colcon_core.environment:checking '/home/yasmeen/fs-system/navigation/mpc/install/mpc/lib/pkgconfig/mpc.pc'
[12.850s] Level 1:colcon.colcon_core.environment:checking '/home/yasmeen/fs-system/navigation/mpc/install/mpc/lib/python3.10/site-packages'
[12.851s] Level 1:colcon.colcon_core.shell:create_environment_hook('mpc', 'pythonpath')
[12.913s] INFO:colcon.colcon_core.shell:Creating environment hook '/home/yasmeen/fs-system/navigation/mpc/install/mpc/share/mpc/hook/pythonpath.ps1'
[12.915s] INFO:colcon.colcon_core.shell:Creating environment descriptor '/home/yasmeen/fs-system/navigation/mpc/install/mpc/share/mpc/hook/pythonpath.dsv'
[12.916s] INFO:colcon.colcon_core.shell:Creating environment hook '/home/yasmeen/fs-system/navigation/mpc/install/mpc/share/mpc/hook/pythonpath.sh'
[12.919s] Level 1:colcon.colcon_core.environment:checking '/home/yasmeen/fs-system/navigation/mpc/install/mpc/bin'
[12.920s] Level 1:colcon.colcon_core.environment:create_environment_scripts_only(mpc)
[12.984s] INFO:colcon.colcon_core.shell:Creating package script '/home/yasmeen/fs-system/navigation/mpc/install/mpc/share/mpc/package.ps1'
[12.990s] INFO:colcon.colcon_core.shell:Creating package descriptor '/home/yasmeen/fs-system/navigation/mpc/install/mpc/share/mpc/package.dsv'
[12.995s] INFO:colcon.colcon_core.shell:Creating package script '/home/yasmeen/fs-system/navigation/mpc/install/mpc/share/mpc/package.sh'
[12.999s] INFO:colcon.colcon_core.shell:Creating package script '/home/yasmeen/fs-system/navigation/mpc/install/mpc/share/mpc/package.bash'
[13.003s] INFO:colcon.colcon_core.shell:Creating package script '/home/yasmeen/fs-system/navigation/mpc/install/mpc/share/mpc/package.zsh'
[13.007s] Level 1:colcon.colcon_core.environment:create_file_with_runtime_dependencies(/home/yasmeen/fs-system/navigation/mpc/install/mpc/share/colcon-core/packages/mpc)
[13.011s] DEBUG:colcon.colcon_parallel_executor.executor.parallel:closing loop
[13.014s] DEBUG:colcon.colcon_parallel_executor.executor.parallel:loop closed
[13.014s] DEBUG:colcon.colcon_parallel_executor.executor.parallel:run_until_complete finished with '0'
[13.014s] DEBUG:colcon.colcon_core.event_reactor:joining thread
[13.217s] INFO:colcon.colcon_core.plugin_system:Skipping extension 'colcon_notification.desktop_notification.terminal_notifier': Not used on non-Darwin systems
[13.218s] INFO:colcon.colcon_core.plugin_system:Skipping extension 'colcon_notification.desktop_notification.win32': Not used on non-Windows systems
[13.219s] INFO:colcon.colcon_notification.desktop_notification:Sending desktop notification using 'notify2'
[14.521s] DEBUG:colcon.colcon_core.event_reactor:joined thread
[14.639s] INFO:colcon.colcon_core.shell:Creating prefix script '/home/yasmeen/fs-system/navigation/mpc/install/local_setup.ps1'
[14.645s] INFO:colcon.colcon_core.shell:Creating prefix util module '/home/yasmeen/fs-system/navigation/mpc/install/_local_setup_util_ps1.py'
[14.658s] INFO:colcon.colcon_core.shell:Creating prefix chain script '/home/yasmeen/fs-system/navigation/mpc/install/setup.ps1'
[14.753s] INFO:colcon.colcon_core.shell:Creating prefix script '/home/yasmeen/fs-system/navigation/mpc/install/local_setup.sh'
[14.758s] INFO:colcon.colcon_core.shell:Creating prefix util module '/home/yasmeen/fs-system/navigation/mpc/install/_local_setup_util_sh.py'
[14.760s] INFO:colcon.colcon_core.shell:Creating prefix chain script '/home/yasmeen/fs-system/navigation/mpc/install/setup.sh'
[14.843s] INFO:colcon.colcon_core.shell:Creating prefix script '/home/yasmeen/fs-system/navigation/mpc/install/local_setup.bash'
[14.848s] INFO:colcon.colcon_core.shell:Creating prefix chain script '/home/yasmeen/fs-system/navigation/mpc/install/setup.bash'
[14.940s] INFO:colcon.colcon_core.shell:Creating prefix script '/home/yasmeen/fs-system/navigation/mpc/install/local_setup.zsh'
[14.945s] INFO:colcon.colcon_core.shell:Creating prefix chain script '/home/yasmeen/fs-system/navigation/mpc/install/setup.zsh'
