running develop
Removing /home/mazen/ros2_ws/src/fs-system/perception/install/camera_interface/lib/python3.10/site-packages/camera-interface.egg-link (link to .)
running egg_info
writing ../build/camera_interface/camera_interface.egg-info/PKG-INFO
writing dependency_links to ../build/camera_interface/camera_interface.egg-info/dependency_links.txt
writing entry points to ../build/camera_interface/camera_interface.egg-info/entry_points.txt
writing requirements to ../build/camera_interface/camera_interface.egg-info/requires.txt
writing top-level names to ../build/camera_interface/camera_interface.egg-info/top_level.txt
reading manifest file '../build/camera_interface/camera_interface.egg-info/SOURCES.txt'
writing manifest file '../build/camera_interface/camera_interface.egg-info/SOURCES.txt'
running build
running build_py
running install
running install_lib
creating /home/mazen/ros2_ws/src/fs-system/perception/install/camera_interface/lib/python3.10/site-packages/camera_interface
copying /home/mazen/ros2_ws/src/fs-system/perception/build/camera_interface/build/lib/camera_interface/__init__.py -> /home/mazen/ros2_ws/src/fs-system/perception/install/camera_interface/lib/python3.10/site-packages/camera_interface
byte-compiling /home/mazen/ros2_ws/src/fs-system/perception/install/camera_interface/lib/python3.10/site-packages/camera_interface/__init__.py to __init__.cpython-310.pyc
running install_data
running install_egg_info
Copying ../build/camera_interface/camera_interface.egg-info to /home/mazen/ros2_ws/src/fs-system/perception/install/camera_interface/lib/python3.10/site-packages/camera_interface-0.0.0-py3.10.egg-info
running install_scripts
writing list of installed files to '/home/mazen/ros2_ws/src/fs-system/perception/build/camera_interface/install.log'
