[1.805s] Invoking command in '/home/mazen/ros2_ws/src/fs-system/perception/build/camera_interface': PYTHONPATH=/home/mazen/ros2_ws/src/fs-system/perception/build/camera_interface/prefix_override:/home/mazen/ros2_ws/src/fs-system/perception/install/camera_interface/lib/python3.10/site-packages:${PYTHONPATH} /usr/bin/python3 setup.py develop --uninstall --editable --build-directory /home/mazen/ros2_ws/src/fs-system/perception/build/camera_interface/build
[1.994s] running develop
[2.113s] Removing /home/mazen/ros2_ws/src/fs-system/perception/install/camera_interface/lib/python3.10/site-packages/camera-interface.egg-link (link to .)
[2.156s] Invoked command in '/home/mazen/ros2_ws/src/fs-system/perception/build/camera_interface' returned '0': PYTHONPATH=/home/mazen/ros2_ws/src/fs-system/perception/build/camera_interface/prefix_override:/home/mazen/ros2_ws/src/fs-system/perception/install/camera_interface/lib/python3.10/site-packages:${PYTHONPATH} /usr/bin/python3 setup.py develop --uninstall --editable --build-directory /home/mazen/ros2_ws/src/fs-system/perception/build/camera_interface/build
[2.157s] Invoking command in '/home/mazen/ros2_ws/src/fs-system/perception/camera_interface': PYTHONPATH=/home/mazen/ros2_ws/src/fs-system/perception/build/camera_interface/prefix_override:/home/mazen/ros2_ws/src/fs-system/perception/install/camera_interface/lib/python3.10/site-packages:${PYTHONPATH} /usr/bin/python3 setup.py egg_info --egg-base ../build/camera_interface build --build-base /home/mazen/ros2_ws/src/fs-system/perception/build/camera_interface/build install --record /home/mazen/ros2_ws/src/fs-system/perception/build/camera_interface/install.log --single-version-externally-managed
[2.337s] running egg_info
[2.337s] writing ../build/camera_interface/camera_interface.egg-info/PKG-INFO
[2.337s] writing dependency_links to ../build/camera_interface/camera_interface.egg-info/dependency_links.txt
[2.337s] writing entry points to ../build/camera_interface/camera_interface.egg-info/entry_points.txt
[2.338s] writing requirements to ../build/camera_interface/camera_interface.egg-info/requires.txt
[2.338s] writing top-level names to ../build/camera_interface/camera_interface.egg-info/top_level.txt
[2.339s] reading manifest file '../build/camera_interface/camera_interface.egg-info/SOURCES.txt'
[2.339s] writing manifest file '../build/camera_interface/camera_interface.egg-info/SOURCES.txt'
[2.339s] running build
[2.339s] running build_py
[2.339s] running install
[2.340s] running install_lib
[2.340s] creating /home/mazen/ros2_ws/src/fs-system/perception/install/camera_interface/lib/python3.10/site-packages/camera_interface
[2.340s] copying /home/mazen/ros2_ws/src/fs-system/perception/build/camera_interface/build/lib/camera_interface/__init__.py -> /home/mazen/ros2_ws/src/fs-system/perception/install/camera_interface/lib/python3.10/site-packages/camera_interface
[2.340s] byte-compiling /home/mazen/ros2_ws/src/fs-system/perception/install/camera_interface/lib/python3.10/site-packages/camera_interface/__init__.py to __init__.cpython-310.pyc
[2.341s] running install_data
[2.341s] running install_egg_info
[2.342s] Copying ../build/camera_interface/camera_interface.egg-info to /home/mazen/ros2_ws/src/fs-system/perception/install/camera_interface/lib/python3.10/site-packages/camera_interface-0.0.0-py3.10.egg-info
[2.343s] running install_scripts
[2.357s] writing list of installed files to '/home/mazen/ros2_ws/src/fs-system/perception/build/camera_interface/install.log'
[2.387s] Invoked command in '/home/mazen/ros2_ws/src/fs-system/perception/camera_interface' returned '0': PYTHONPATH=/home/mazen/ros2_ws/src/fs-system/perception/build/camera_interface/prefix_override:/home/mazen/ros2_ws/src/fs-system/perception/install/camera_interface/lib/python3.10/site-packages:${PYTHONPATH} /usr/bin/python3 setup.py egg_info --egg-base ../build/camera_interface build --build-base /home/mazen/ros2_ws/src/fs-system/perception/build/camera_interface/build install --record /home/mazen/ros2_ws/src/fs-system/perception/build/camera_interface/install.log --single-version-externally-managed
