[1.580s] Invoking command in '/home/mazen/ros2_ws/src/fs-system/perception/smoreo': PYTHONPATH=/home/mazen/ros2_ws/src/fs-system/perception/build/smoreo/prefix_override:/home/mazen/ros2_ws/src/fs-system/perception/install/smoreo/lib/python3.10/site-packages:${PYTHONPATH} /usr/bin/python3 setup.py egg_info --egg-base ../build/smoreo build --build-base /home/mazen/ros2_ws/src/fs-system/perception/build/smoreo/build install --record /home/mazen/ros2_ws/src/fs-system/perception/build/smoreo/install.log --single-version-externally-managed
[1.756s] running egg_info
[1.757s] writing ../build/smoreo/smoreo.egg-info/PKG-INFO
[1.761s] writing dependency_links to ../build/smoreo/smoreo.egg-info/dependency_links.txt
[1.761s] writing entry points to ../build/smoreo/smoreo.egg-info/entry_points.txt
[1.761s] writing requirements to ../build/smoreo/smoreo.egg-info/requires.txt
[1.761s] writing top-level names to ../build/smoreo/smoreo.egg-info/top_level.txt
[1.762s] reading manifest file '../build/smoreo/smoreo.egg-info/SOURCES.txt'
[1.763s] writing manifest file '../build/smoreo/smoreo.egg-info/SOURCES.txt'
[1.763s] running build
[1.763s] running build_py
[1.763s] running install
[1.764s] running install_lib
[1.764s] running install_data
[1.765s] running install_egg_info
[1.766s] removing '/home/mazen/ros2_ws/src/fs-system/perception/install/smoreo/lib/python3.10/site-packages/smoreo-0.0.0-py3.10.egg-info' (and everything under it)
[1.766s] Copying ../build/smoreo/smoreo.egg-info to /home/mazen/ros2_ws/src/fs-system/perception/install/smoreo/lib/python3.10/site-packages/smoreo-0.0.0-py3.10.egg-info
[1.767s] running install_scripts
[1.782s] writing list of installed files to '/home/mazen/ros2_ws/src/fs-system/perception/build/smoreo/install.log'
[1.899s] Invoked command in '/home/mazen/ros2_ws/src/fs-system/perception/smoreo' returned '0': PYTHONPATH=/home/mazen/ros2_ws/src/fs-system/perception/build/smoreo/prefix_override:/home/mazen/ros2_ws/src/fs-system/perception/install/smoreo/lib/python3.10/site-packages:${PYTHONPATH} /usr/bin/python3 setup.py egg_info --egg-base ../build/smoreo build --build-base /home/mazen/ros2_ws/src/fs-system/perception/build/smoreo/build install --record /home/mazen/ros2_ws/src/fs-system/perception/build/smoreo/install.log --single-version-externally-managed
