[1.256s] Invoking command in '/home/mazen/ros2_ws/src/fs-system/perception/moreo': PYTHONPATH=/home/mazen/ros2_ws/src/fs-system/perception/build/moreo/prefix_override:/home/mazen/ros2_ws/src/fs-system/perception/install/moreo/lib/python3.10/site-packages:${PYTHONPATH} /usr/bin/python3 setup.py egg_info --egg-base ../build/moreo build --build-base /home/mazen/ros2_ws/src/fs-system/perception/build/moreo/build install --record /home/mazen/ros2_ws/src/fs-system/perception/build/moreo/install.log --single-version-externally-managed
[1.518s] running egg_info
[1.519s] creating ../build/moreo/moreo.egg-info
[1.519s] writing ../build/moreo/moreo.egg-info/PKG-INFO
[1.520s] writing dependency_links to ../build/moreo/moreo.egg-info/dependency_links.txt
[1.520s] writing entry points to ../build/moreo/moreo.egg-info/entry_points.txt
[1.520s] writing requirements to ../build/moreo/moreo.egg-info/requires.txt
[1.520s] writing top-level names to ../build/moreo/moreo.egg-info/top_level.txt
[1.520s] writing manifest file '../build/moreo/moreo.egg-info/SOURCES.txt'
[1.522s] reading manifest file '../build/moreo/moreo.egg-info/SOURCES.txt'
[1.522s] writing manifest file '../build/moreo/moreo.egg-info/SOURCES.txt'
[1.522s] running build
[1.522s] running build_py
[1.523s] creating /home/mazen/ros2_ws/src/fs-system/perception/build/moreo/build
[1.523s] creating /home/mazen/ros2_ws/src/fs-system/perception/build/moreo/build/lib
[1.523s] creating /home/mazen/ros2_ws/src/fs-system/perception/build/moreo/build/lib/moreo
[1.523s] copying moreo/__init__.py -> /home/mazen/ros2_ws/src/fs-system/perception/build/moreo/build/lib/moreo
[1.523s] running install
[1.523s] running install_lib
[1.524s] creating /home/mazen/ros2_ws/src/fs-system/perception/install/moreo/lib/python3.10/site-packages/moreo
[1.524s] copying /home/mazen/ros2_ws/src/fs-system/perception/build/moreo/build/lib/moreo/__init__.py -> /home/mazen/ros2_ws/src/fs-system/perception/install/moreo/lib/python3.10/site-packages/moreo
[1.525s] byte-compiling /home/mazen/ros2_ws/src/fs-system/perception/install/moreo/lib/python3.10/site-packages/moreo/__init__.py to __init__.cpython-310.pyc
[1.525s] running install_data
[1.526s] creating /home/mazen/ros2_ws/src/fs-system/perception/install/moreo/share/ament_index
[1.526s] creating /home/mazen/ros2_ws/src/fs-system/perception/install/moreo/share/ament_index/resource_index
[1.526s] creating /home/mazen/ros2_ws/src/fs-system/perception/install/moreo/share/ament_index/resource_index/packages
[1.526s] copying resource/moreo -> /home/mazen/ros2_ws/src/fs-system/perception/install/moreo/share/ament_index/resource_index/packages
[1.526s] copying package.xml -> /home/mazen/ros2_ws/src/fs-system/perception/install/moreo/share/moreo
[1.526s] running install_egg_info
[1.528s] Copying ../build/moreo/moreo.egg-info to /home/mazen/ros2_ws/src/fs-system/perception/install/moreo/lib/python3.10/site-packages/moreo-0.0.0-py3.10.egg-info
[1.529s] running install_scripts
[1.549s] writing list of installed files to '/home/mazen/ros2_ws/src/fs-system/perception/build/moreo/install.log'
[1.629s] Invoked command in '/home/mazen/ros2_ws/src/fs-system/perception/moreo' returned '0': PYTHONPATH=/home/mazen/ros2_ws/src/fs-system/perception/build/moreo/prefix_override:/home/mazen/ros2_ws/src/fs-system/perception/install/moreo/lib/python3.10/site-packages:${PYTHONPATH} /usr/bin/python3 setup.py egg_info --egg-base ../build/moreo build --build-base /home/mazen/ros2_ws/src/fs-system/perception/build/moreo/build install --record /home/mazen/ros2_ws/src/fs-system/perception/build/moreo/install.log --single-version-externally-managed
