[0.449s] DEBUG:colcon:Command line arguments: ['/usr/bin/colcon', 'build', '--packages-select', 'perception/mrpython_pcl', 'perception/smoreo', 'perception/smornn']
[0.450s] DEBUG:colcon:Parsed command line arguments: Namespace(log_base=None, log_level=None, verb_name='build', build_base='build', install_base='install', merge_install=False, symlink_install=False, test_result_base=None, continue_on_error=False, executor='parallel', parallel_workers=8, event_handlers=None, ignore_user_meta=False, metas=['./colcon.meta'], base_paths=['.'], packages_ignore=None, packages_ignore_regex=None, paths=None, packages_up_to=None, packages_up_to_regex=None, packages_above=None, packages_above_and_dependencies=None, packages_above_depth=None, packages_select_by_dep=None, packages_skip_by_dep=None, packages_skip_up_to=None, packages_select_build_failed=False, packages_skip_build_finished=False, packages_select_test_failures=False, packages_skip_test_passed=False, packages_select=['perception/mrpython_pcl', 'perception/smoreo', 'perception/smornn'], packages_skip=None, packages_select_regex=None, packages_skip_regex=None, packages_start=None, packages_end=None, allow_overriding=[], cmake_args=None, cmake_target=None, cmake_target_skip_unavailable=False, cmake_clean_cache=False, cmake_clean_first=False, cmake_force_configure=False, ament_cmake_args=None, catkin_cmake_args=None, catkin_skip_building_tests=False, verb_parser=<colcon_defaults.argument_parser.defaults.DefaultArgumentsDecorator object at 0x79da2e7f78b0>, verb_extension=<colcon_core.verb.build.BuildVerb object at 0x79da2e9844f0>, main=<bound method BuildVerb.main of <colcon_core.verb.build.BuildVerb object at 0x79da2e9844f0>>)
[0.830s] Level 1:colcon.colcon_core.package_discovery:discover_packages(colcon_meta) check parameters
[0.830s] Level 1:colcon.colcon_core.package_discovery:discover_packages(recursive) check parameters
[0.830s] Level 1:colcon.colcon_core.package_discovery:discover_packages(ignore) check parameters
[0.830s] Level 1:colcon.colcon_core.package_discovery:discover_packages(path) check parameters
[0.830s] Level 1:colcon.colcon_core.package_discovery:discover_packages(colcon_meta) discover
[0.830s] Level 1:colcon.colcon_core.package_discovery:discover_packages(recursive) discover
[0.830s] INFO:colcon.colcon_core.package_discovery:Crawling recursively for packages in '/media/ezzedinayman/Local Disk/FS-System/fs-system'
[0.830s] Level 1:colcon.colcon_core.package_identification:_identify(.) by extensions ['ignore', 'ignore_ament_install']
[0.830s] Level 1:colcon.colcon_core.package_identification:_identify(.) by extension 'ignore'
[0.831s] Level 1:colcon.colcon_core.package_identification:_identify(.) by extension 'ignore_ament_install'
[0.831s] Level 1:colcon.colcon_core.package_identification:_identify(.) by extensions ['colcon_pkg']
[0.831s] Level 1:colcon.colcon_core.package_identification:_identify(.) by extension 'colcon_pkg'
[0.831s] Level 1:colcon.colcon_core.package_identification:_identify(.) by extensions ['colcon_meta']
[0.831s] Level 1:colcon.colcon_core.package_identification:_identify(.) by extension 'colcon_meta'
[0.831s] Level 1:colcon.colcon_core.package_identification:_identify(.) by extensions ['ros']
[0.831s] Level 1:colcon.colcon_core.package_identification:_identify(.) by extension 'ros'
[0.843s] Level 1:colcon.colcon_core.package_identification:_identify(.) by extensions ['cmake', 'python']
[0.843s] Level 1:colcon.colcon_core.package_identification:_identify(.) by extension 'cmake'
[1.058s] ERROR:colcon.colcon_core.package_identification:Exception in package identification extension 'cmake' in '.': Failed to extract project name from 'CMakeLists.txt'
Traceback (most recent call last):
  File "/usr/lib/python3/dist-packages/colcon_core/package_identification/__init__.py", line 142, in _identify
    retval = extension.identify(_reused_descriptor_instance)
  File "/usr/lib/python3/dist-packages/colcon_cmake/package_identification/cmake.py", line 37, in identify
    raise RuntimeError(
RuntimeError: Failed to extract project name from 'CMakeLists.txt'

[1.058s] Level 1:colcon.colcon_core.package_identification:_identify(.) by extension 'python'
[1.059s] Level 1:colcon.colcon_core.package_identification:_identify(.) by extensions ['python_setup_py']
[1.059s] Level 1:colcon.colcon_core.package_identification:_identify(.) by extension 'python_setup_py'
[1.060s] Level 1:colcon.colcon_core.package_identification:_identify(build) by extensions ['ignore', 'ignore_ament_install']
[1.060s] Level 1:colcon.colcon_core.package_identification:_identify(build) by extension 'ignore'
[1.061s] Level 1:colcon.colcon_core.package_identification:_identify(build) ignored
[1.061s] Level 1:colcon.colcon_core.package_identification:_identify(dependencies) by extensions ['ignore', 'ignore_ament_install']
[1.062s] Level 1:colcon.colcon_core.package_identification:_identify(dependencies) by extension 'ignore'
[1.062s] Level 1:colcon.colcon_core.package_identification:_identify(dependencies) by extension 'ignore_ament_install'
[1.063s] Level 1:colcon.colcon_core.package_identification:_identify(dependencies) by extensions ['colcon_pkg']
[1.063s] Level 1:colcon.colcon_core.package_identification:_identify(dependencies) by extension 'colcon_pkg'
[1.063s] Level 1:colcon.colcon_core.package_identification:_identify(dependencies) by extensions ['colcon_meta']
[1.064s] Level 1:colcon.colcon_core.package_identification:_identify(dependencies) by extension 'colcon_meta'
[1.064s] Level 1:colcon.colcon_core.package_identification:_identify(dependencies) by extensions ['ros']
[1.064s] Level 1:colcon.colcon_core.package_identification:_identify(dependencies) by extension 'ros'
[1.065s] Level 1:colcon.colcon_core.package_identification:_identify(dependencies) by extensions ['cmake', 'python']
[1.065s] Level 1:colcon.colcon_core.package_identification:_identify(dependencies) by extension 'cmake'
[1.065s] Level 1:colcon.colcon_core.package_identification:_identify(dependencies) by extension 'python'
[1.066s] Level 1:colcon.colcon_core.package_identification:_identify(dependencies) by extensions ['python_setup_py']
[1.066s] Level 1:colcon.colcon_core.package_identification:_identify(dependencies) by extension 'python_setup_py'
[1.066s] Level 1:colcon.colcon_core.package_identification:_identify(dependencies/ackermann_msgs) by extensions ['ignore', 'ignore_ament_install']
[1.067s] Level 1:colcon.colcon_core.package_identification:_identify(dependencies/ackermann_msgs) by extension 'ignore'
[1.067s] Level 1:colcon.colcon_core.package_identification:_identify(dependencies/ackermann_msgs) by extension 'ignore_ament_install'
[1.068s] Level 1:colcon.colcon_core.package_identification:_identify(dependencies/ackermann_msgs) by extensions ['colcon_pkg']
[1.068s] Level 1:colcon.colcon_core.package_identification:_identify(dependencies/ackermann_msgs) by extension 'colcon_pkg'
[1.068s] Level 1:colcon.colcon_core.package_identification:_identify(dependencies/ackermann_msgs) by extensions ['colcon_meta']
[1.068s] Level 1:colcon.colcon_core.package_identification:_identify(dependencies/ackermann_msgs) by extension 'colcon_meta'
[1.069s] Level 1:colcon.colcon_core.package_identification:_identify(dependencies/ackermann_msgs) by extensions ['ros']
[1.069s] Level 1:colcon.colcon_core.package_identification:_identify(dependencies/ackermann_msgs) by extension 'ros'
[1.070s] Level 1:colcon.colcon_core.package_identification:_identify(dependencies/ackermann_msgs) by extensions ['cmake', 'python']
[1.070s] Level 1:colcon.colcon_core.package_identification:_identify(dependencies/ackermann_msgs) by extension 'cmake'
[1.070s] Level 1:colcon.colcon_core.package_identification:_identify(dependencies/ackermann_msgs) by extension 'python'
[1.070s] Level 1:colcon.colcon_core.package_identification:_identify(dependencies/ackermann_msgs) by extensions ['python_setup_py']
[1.071s] Level 1:colcon.colcon_core.package_identification:_identify(dependencies/ackermann_msgs) by extension 'python_setup_py'
[1.071s] Level 1:colcon.colcon_core.package_identification:_identify(dependencies/asurt_msgs) by extensions ['ignore', 'ignore_ament_install']
[1.072s] Level 1:colcon.colcon_core.package_identification:_identify(dependencies/asurt_msgs) by extension 'ignore'
[1.072s] Level 1:colcon.colcon_core.package_identification:_identify(dependencies/asurt_msgs) by extension 'ignore_ament_install'
[1.073s] Level 1:colcon.colcon_core.package_identification:_identify(dependencies/asurt_msgs) by extensions ['colcon_pkg']
[1.073s] Level 1:colcon.colcon_core.package_identification:_identify(dependencies/asurt_msgs) by extension 'colcon_pkg'
[1.073s] Level 1:colcon.colcon_core.package_identification:_identify(dependencies/asurt_msgs) by extensions ['colcon_meta']
[1.073s] Level 1:colcon.colcon_core.package_identification:_identify(dependencies/asurt_msgs) by extension 'colcon_meta'
[1.074s] Level 1:colcon.colcon_core.package_identification:_identify(dependencies/asurt_msgs) by extensions ['ros']
[1.074s] Level 1:colcon.colcon_core.package_identification:_identify(dependencies/asurt_msgs) by extension 'ros'
[1.084s] DEBUG:colcon.colcon_core.package_identification:Package 'dependencies/asurt_msgs' with type 'ros.ament_cmake' and name 'asurt_msgs'
[1.084s] Level 1:colcon.colcon_core.package_identification:_identify(dependencies/common_params) by extensions ['ignore', 'ignore_ament_install']
[1.085s] Level 1:colcon.colcon_core.package_identification:_identify(dependencies/common_params) by extension 'ignore'
[1.085s] Level 1:colcon.colcon_core.package_identification:_identify(dependencies/common_params) by extension 'ignore_ament_install'
[1.085s] Level 1:colcon.colcon_core.package_identification:_identify(dependencies/common_params) by extensions ['colcon_pkg']
[1.085s] Level 1:colcon.colcon_core.package_identification:_identify(dependencies/common_params) by extension 'colcon_pkg'
[1.085s] Level 1:colcon.colcon_core.package_identification:_identify(dependencies/common_params) by extensions ['colcon_meta']
[1.085s] Level 1:colcon.colcon_core.package_identification:_identify(dependencies/common_params) by extension 'colcon_meta'
[1.085s] Level 1:colcon.colcon_core.package_identification:_identify(dependencies/common_params) by extensions ['ros']
[1.085s] Level 1:colcon.colcon_core.package_identification:_identify(dependencies/common_params) by extension 'ros'
[1.110s] DEBUG:colcon.colcon_core.package_identification:Package 'dependencies/common_params' with type 'ros.ament_cmake' and name 'common_params'
[1.111s] Level 1:colcon.colcon_core.package_identification:_identify(dependencies/eufs_msgs) by extensions ['ignore', 'ignore_ament_install']
[1.112s] Level 1:colcon.colcon_core.package_identification:_identify(dependencies/eufs_msgs) by extension 'ignore'
[1.112s] Level 1:colcon.colcon_core.package_identification:_identify(dependencies/eufs_msgs) by extension 'ignore_ament_install'
[1.113s] Level 1:colcon.colcon_core.package_identification:_identify(dependencies/eufs_msgs) by extensions ['colcon_pkg']
[1.113s] Level 1:colcon.colcon_core.package_identification:_identify(dependencies/eufs_msgs) by extension 'colcon_pkg'
[1.113s] Level 1:colcon.colcon_core.package_identification:_identify(dependencies/eufs_msgs) by extensions ['colcon_meta']
[1.113s] Level 1:colcon.colcon_core.package_identification:_identify(dependencies/eufs_msgs) by extension 'colcon_meta'
[1.114s] Level 1:colcon.colcon_core.package_identification:_identify(dependencies/eufs_msgs) by extensions ['ros']
[1.114s] Level 1:colcon.colcon_core.package_identification:_identify(dependencies/eufs_msgs) by extension 'ros'
[1.132s] DEBUG:colcon.colcon_core.package_identification:Package 'dependencies/eufs_msgs' with type 'ros.ament_cmake' and name 'eufs_msgs'
[1.132s] Level 1:colcon.colcon_core.package_identification:_identify(dependencies/interfaces) by extensions ['ignore', 'ignore_ament_install']
[1.133s] Level 1:colcon.colcon_core.package_identification:_identify(dependencies/interfaces) by extension 'ignore'
[1.133s] Level 1:colcon.colcon_core.package_identification:_identify(dependencies/interfaces) by extension 'ignore_ament_install'
[1.134s] Level 1:colcon.colcon_core.package_identification:_identify(dependencies/interfaces) by extensions ['colcon_pkg']
[1.134s] Level 1:colcon.colcon_core.package_identification:_identify(dependencies/interfaces) by extension 'colcon_pkg'
[1.134s] Level 1:colcon.colcon_core.package_identification:_identify(dependencies/interfaces) by extensions ['colcon_meta']
[1.135s] Level 1:colcon.colcon_core.package_identification:_identify(dependencies/interfaces) by extension 'colcon_meta'
[1.135s] Level 1:colcon.colcon_core.package_identification:_identify(dependencies/interfaces) by extensions ['ros']
[1.135s] Level 1:colcon.colcon_core.package_identification:_identify(dependencies/interfaces) by extension 'ros'
[1.140s] DEBUG:colcon.colcon_core.package_identification:Package 'dependencies/interfaces' with type 'ros.ament_cmake' and name 'interfaces'
[1.141s] Level 1:colcon.colcon_core.package_identification:_identify(dependencies/ros_numpy) by extensions ['ignore', 'ignore_ament_install']
[1.141s] Level 1:colcon.colcon_core.package_identification:_identify(dependencies/ros_numpy) by extension 'ignore'
[1.141s] Level 1:colcon.colcon_core.package_identification:_identify(dependencies/ros_numpy) by extension 'ignore_ament_install'
[1.142s] Level 1:colcon.colcon_core.package_identification:_identify(dependencies/ros_numpy) by extensions ['colcon_pkg']
[1.142s] Level 1:colcon.colcon_core.package_identification:_identify(dependencies/ros_numpy) by extension 'colcon_pkg'
[1.142s] Level 1:colcon.colcon_core.package_identification:_identify(dependencies/ros_numpy) by extensions ['colcon_meta']
[1.143s] Level 1:colcon.colcon_core.package_identification:_identify(dependencies/ros_numpy) by extension 'colcon_meta'
[1.143s] Level 1:colcon.colcon_core.package_identification:_identify(dependencies/ros_numpy) by extensions ['ros']
[1.143s] Level 1:colcon.colcon_core.package_identification:_identify(dependencies/ros_numpy) by extension 'ros'
[1.144s] Level 1:colcon.colcon_core.package_identification:_identify(dependencies/ros_numpy) by extensions ['cmake', 'python']
[1.144s] Level 1:colcon.colcon_core.package_identification:_identify(dependencies/ros_numpy) by extension 'cmake'
[1.144s] Level 1:colcon.colcon_core.package_identification:_identify(dependencies/ros_numpy) by extension 'python'
[1.145s] Level 1:colcon.colcon_core.package_identification:_identify(dependencies/ros_numpy) by extensions ['python_setup_py']
[1.145s] Level 1:colcon.colcon_core.package_identification:_identify(dependencies/ros_numpy) by extension 'python_setup_py'
[1.145s] Level 1:colcon.colcon_core.package_identification:_identify(dependencies/spinnaker_sdk_camera_driver) by extensions ['ignore', 'ignore_ament_install']
[1.146s] Level 1:colcon.colcon_core.package_identification:_identify(dependencies/spinnaker_sdk_camera_driver) by extension 'ignore'
[1.146s] Level 1:colcon.colcon_core.package_identification:_identify(dependencies/spinnaker_sdk_camera_driver) by extension 'ignore_ament_install'
[1.147s] Level 1:colcon.colcon_core.package_identification:_identify(dependencies/spinnaker_sdk_camera_driver) by extensions ['colcon_pkg']
[1.147s] Level 1:colcon.colcon_core.package_identification:_identify(dependencies/spinnaker_sdk_camera_driver) by extension 'colcon_pkg'
[1.147s] Level 1:colcon.colcon_core.package_identification:_identify(dependencies/spinnaker_sdk_camera_driver) by extensions ['colcon_meta']
[1.147s] Level 1:colcon.colcon_core.package_identification:_identify(dependencies/spinnaker_sdk_camera_driver) by extension 'colcon_meta'
[1.148s] Level 1:colcon.colcon_core.package_identification:_identify(dependencies/spinnaker_sdk_camera_driver) by extensions ['ros']
[1.148s] Level 1:colcon.colcon_core.package_identification:_identify(dependencies/spinnaker_sdk_camera_driver) by extension 'ros'
[1.148s] Level 1:colcon.colcon_core.package_identification:_identify(dependencies/spinnaker_sdk_camera_driver) by extensions ['cmake', 'python']
[1.149s] Level 1:colcon.colcon_core.package_identification:_identify(dependencies/spinnaker_sdk_camera_driver) by extension 'cmake'
[1.149s] Level 1:colcon.colcon_core.package_identification:_identify(dependencies/spinnaker_sdk_camera_driver) by extension 'python'
[1.149s] Level 1:colcon.colcon_core.package_identification:_identify(dependencies/spinnaker_sdk_camera_driver) by extensions ['python_setup_py']
[1.149s] Level 1:colcon.colcon_core.package_identification:_identify(dependencies/spinnaker_sdk_camera_driver) by extension 'python_setup_py'
[1.150s] Level 1:colcon.colcon_core.package_identification:_identify(dependencies/tf_helper) by extensions ['ignore', 'ignore_ament_install']
[1.150s] Level 1:colcon.colcon_core.package_identification:_identify(dependencies/tf_helper) by extension 'ignore'
[1.150s] Level 1:colcon.colcon_core.package_identification:_identify(dependencies/tf_helper) by extension 'ignore_ament_install'
[1.151s] Level 1:colcon.colcon_core.package_identification:_identify(dependencies/tf_helper) by extensions ['colcon_pkg']
[1.151s] Level 1:colcon.colcon_core.package_identification:_identify(dependencies/tf_helper) by extension 'colcon_pkg'
[1.151s] Level 1:colcon.colcon_core.package_identification:_identify(dependencies/tf_helper) by extensions ['colcon_meta']
[1.151s] Level 1:colcon.colcon_core.package_identification:_identify(dependencies/tf_helper) by extension 'colcon_meta'
[1.151s] Level 1:colcon.colcon_core.package_identification:_identify(dependencies/tf_helper) by extensions ['ros']
[1.151s] Level 1:colcon.colcon_core.package_identification:_identify(dependencies/tf_helper) by extension 'ros'
[1.161s] DEBUG:colcon.colcon_core.package_identification:Package 'dependencies/tf_helper' with type 'ros.catkin' and name 'tf_helper'
[1.162s] Level 1:colcon.colcon_core.package_identification:_identify(dependencies/zed_opencv) by extensions ['ignore', 'ignore_ament_install']
[1.162s] Level 1:colcon.colcon_core.package_identification:_identify(dependencies/zed_opencv) by extension 'ignore'
[1.162s] Level 1:colcon.colcon_core.package_identification:_identify(dependencies/zed_opencv) by extension 'ignore_ament_install'
[1.162s] Level 1:colcon.colcon_core.package_identification:_identify(dependencies/zed_opencv) by extensions ['colcon_pkg']
[1.162s] Level 1:colcon.colcon_core.package_identification:_identify(dependencies/zed_opencv) by extension 'colcon_pkg'
[1.162s] Level 1:colcon.colcon_core.package_identification:_identify(dependencies/zed_opencv) by extensions ['colcon_meta']
[1.163s] Level 1:colcon.colcon_core.package_identification:_identify(dependencies/zed_opencv) by extension 'colcon_meta'
[1.163s] Level 1:colcon.colcon_core.package_identification:_identify(dependencies/zed_opencv) by extensions ['ros']
[1.163s] Level 1:colcon.colcon_core.package_identification:_identify(dependencies/zed_opencv) by extension 'ros'
[1.187s] DEBUG:colcon.colcon_core.package_identification:Package 'dependencies/zed_opencv' with type 'ros.catkin' and name 'zed_opencv'
[1.188s] Level 1:colcon.colcon_core.package_identification:_identify(install) by extensions ['ignore', 'ignore_ament_install']
[1.188s] Level 1:colcon.colcon_core.package_identification:_identify(install) by extension 'ignore'
[1.189s] Level 1:colcon.colcon_core.package_identification:_identify(install) ignored
[1.189s] Level 1:colcon.colcon_core.package_identification:_identify(log) by extensions ['ignore', 'ignore_ament_install']
[1.190s] Level 1:colcon.colcon_core.package_identification:_identify(log) by extension 'ignore'
[1.190s] Level 1:colcon.colcon_core.package_identification:_identify(log) ignored
[1.191s] Level 1:colcon.colcon_core.package_identification:_identify(navigation) by extensions ['ignore', 'ignore_ament_install']
[1.191s] Level 1:colcon.colcon_core.package_identification:_identify(navigation) by extension 'ignore'
[1.191s] Level 1:colcon.colcon_core.package_identification:_identify(navigation) by extension 'ignore_ament_install'
[1.192s] Level 1:colcon.colcon_core.package_identification:_identify(navigation) by extensions ['colcon_pkg']
[1.192s] Level 1:colcon.colcon_core.package_identification:_identify(navigation) by extension 'colcon_pkg'
[1.192s] Level 1:colcon.colcon_core.package_identification:_identify(navigation) by extensions ['colcon_meta']
[1.193s] Level 1:colcon.colcon_core.package_identification:_identify(navigation) by extension 'colcon_meta'
[1.193s] Level 1:colcon.colcon_core.package_identification:_identify(navigation) by extensions ['ros']
[1.193s] Level 1:colcon.colcon_core.package_identification:_identify(navigation) by extension 'ros'
[1.194s] Level 1:colcon.colcon_core.package_identification:_identify(navigation) by extensions ['cmake', 'python']
[1.194s] Level 1:colcon.colcon_core.package_identification:_identify(navigation) by extension 'cmake'
[1.194s] Level 1:colcon.colcon_core.package_identification:_identify(navigation) by extension 'python'
[1.195s] Level 1:colcon.colcon_core.package_identification:_identify(navigation) by extensions ['python_setup_py']
[1.195s] Level 1:colcon.colcon_core.package_identification:_identify(navigation) by extension 'python_setup_py'
[1.195s] Level 1:colcon.colcon_core.package_identification:_identify(navigation/centerline_calc) by extensions ['ignore', 'ignore_ament_install']
[1.196s] Level 1:colcon.colcon_core.package_identification:_identify(navigation/centerline_calc) by extension 'ignore'
[1.196s] Level 1:colcon.colcon_core.package_identification:_identify(navigation/centerline_calc) by extension 'ignore_ament_install'
[1.197s] Level 1:colcon.colcon_core.package_identification:_identify(navigation/centerline_calc) by extensions ['colcon_pkg']
[1.197s] Level 1:colcon.colcon_core.package_identification:_identify(navigation/centerline_calc) by extension 'colcon_pkg'
[1.197s] Level 1:colcon.colcon_core.package_identification:_identify(navigation/centerline_calc) by extensions ['colcon_meta']
[1.197s] Level 1:colcon.colcon_core.package_identification:_identify(navigation/centerline_calc) by extension 'colcon_meta'
[1.198s] Level 1:colcon.colcon_core.package_identification:_identify(navigation/centerline_calc) by extensions ['ros']
[1.198s] Level 1:colcon.colcon_core.package_identification:_identify(navigation/centerline_calc) by extension 'ros'
[1.225s] DEBUG:colcon.colcon_core.package_identification:Package 'navigation/centerline_calc' with type 'ros.catkin' and name 'centerline_calc'
[1.226s] Level 1:colcon.colcon_core.package_identification:_identify(navigation/lqr) by extensions ['ignore', 'ignore_ament_install']
[1.226s] Level 1:colcon.colcon_core.package_identification:_identify(navigation/lqr) by extension 'ignore'
[1.227s] Level 1:colcon.colcon_core.package_identification:_identify(navigation/lqr) by extension 'ignore_ament_install'
[1.227s] Level 1:colcon.colcon_core.package_identification:_identify(navigation/lqr) by extensions ['colcon_pkg']
[1.227s] Level 1:colcon.colcon_core.package_identification:_identify(navigation/lqr) by extension 'colcon_pkg'
[1.228s] Level 1:colcon.colcon_core.package_identification:_identify(navigation/lqr) by extensions ['colcon_meta']
[1.228s] Level 1:colcon.colcon_core.package_identification:_identify(navigation/lqr) by extension 'colcon_meta'
[1.228s] Level 1:colcon.colcon_core.package_identification:_identify(navigation/lqr) by extensions ['ros']
[1.228s] Level 1:colcon.colcon_core.package_identification:_identify(navigation/lqr) by extension 'ros'
[1.247s] DEBUG:colcon.colcon_core.package_identification:Package 'navigation/lqr' with type 'ros.catkin' and name 'lqr'
[1.248s] Level 1:colcon.colcon_core.package_identification:_identify(navigation/pure_pursuit) by extensions ['ignore', 'ignore_ament_install']
[1.248s] Level 1:colcon.colcon_core.package_identification:_identify(navigation/pure_pursuit) by extension 'ignore'
[1.249s] Level 1:colcon.colcon_core.package_identification:_identify(navigation/pure_pursuit) by extension 'ignore_ament_install'
[1.249s] Level 1:colcon.colcon_core.package_identification:_identify(navigation/pure_pursuit) by extensions ['colcon_pkg']
[1.249s] Level 1:colcon.colcon_core.package_identification:_identify(navigation/pure_pursuit) by extension 'colcon_pkg'
[1.250s] Level 1:colcon.colcon_core.package_identification:_identify(navigation/pure_pursuit) by extensions ['colcon_meta']
[1.250s] Level 1:colcon.colcon_core.package_identification:_identify(navigation/pure_pursuit) by extension 'colcon_meta'
[1.250s] Level 1:colcon.colcon_core.package_identification:_identify(navigation/pure_pursuit) by extensions ['ros']
[1.250s] Level 1:colcon.colcon_core.package_identification:_identify(navigation/pure_pursuit) by extension 'ros'
[1.286s] DEBUG:colcon.colcon_core.package_identification:Package 'navigation/pure_pursuit' with type 'ros.catkin' and name 'pure_pursuit'
[1.286s] Level 1:colcon.colcon_core.package_identification:_identify(navigation/simple_pure_pursuit) by extensions ['ignore', 'ignore_ament_install']
[1.287s] Level 1:colcon.colcon_core.package_identification:_identify(navigation/simple_pure_pursuit) by extension 'ignore'
[1.288s] Level 1:colcon.colcon_core.package_identification:_identify(navigation/simple_pure_pursuit) by extension 'ignore_ament_install'
[1.288s] Level 1:colcon.colcon_core.package_identification:_identify(navigation/simple_pure_pursuit) by extensions ['colcon_pkg']
[1.288s] Level 1:colcon.colcon_core.package_identification:_identify(navigation/simple_pure_pursuit) by extension 'colcon_pkg'
[1.289s] Level 1:colcon.colcon_core.package_identification:_identify(navigation/simple_pure_pursuit) by extensions ['colcon_meta']
[1.289s] Level 1:colcon.colcon_core.package_identification:_identify(navigation/simple_pure_pursuit) by extension 'colcon_meta'
[1.289s] Level 1:colcon.colcon_core.package_identification:_identify(navigation/simple_pure_pursuit) by extensions ['ros']
[1.290s] Level 1:colcon.colcon_core.package_identification:_identify(navigation/simple_pure_pursuit) by extension 'ros'
[1.305s] DEBUG:colcon.colcon_core.package_identification:Package 'navigation/simple_pure_pursuit' with type 'ros.catkin' and name 'simple_pure_pursuit'
[1.305s] Level 1:colcon.colcon_core.package_identification:_identify(perception) by extensions ['ignore', 'ignore_ament_install']
[1.306s] Level 1:colcon.colcon_core.package_identification:_identify(perception) by extension 'ignore'
[1.306s] Level 1:colcon.colcon_core.package_identification:_identify(perception) by extension 'ignore_ament_install'
[1.307s] Level 1:colcon.colcon_core.package_identification:_identify(perception) by extensions ['colcon_pkg']
[1.307s] Level 1:colcon.colcon_core.package_identification:_identify(perception) by extension 'colcon_pkg'
[1.308s] Level 1:colcon.colcon_core.package_identification:_identify(perception) by extensions ['colcon_meta']
[1.308s] Level 1:colcon.colcon_core.package_identification:_identify(perception) by extension 'colcon_meta'
[1.308s] Level 1:colcon.colcon_core.package_identification:_identify(perception) by extensions ['ros']
[1.308s] Level 1:colcon.colcon_core.package_identification:_identify(perception) by extension 'ros'
[1.309s] Level 1:colcon.colcon_core.package_identification:_identify(perception) by extensions ['cmake', 'python']
[1.309s] Level 1:colcon.colcon_core.package_identification:_identify(perception) by extension 'cmake'
[1.310s] Level 1:colcon.colcon_core.package_identification:_identify(perception) by extension 'python'
[1.310s] Level 1:colcon.colcon_core.package_identification:_identify(perception) by extensions ['python_setup_py']
[1.310s] Level 1:colcon.colcon_core.package_identification:_identify(perception) by extension 'python_setup_py'
[1.311s] Level 1:colcon.colcon_core.package_identification:_identify(perception/camera_interface) by extensions ['ignore', 'ignore_ament_install']
[1.312s] Level 1:colcon.colcon_core.package_identification:_identify(perception/camera_interface) by extension 'ignore'
[1.312s] Level 1:colcon.colcon_core.package_identification:_identify(perception/camera_interface) by extension 'ignore_ament_install'
[1.313s] Level 1:colcon.colcon_core.package_identification:_identify(perception/camera_interface) by extensions ['colcon_pkg']
[1.313s] Level 1:colcon.colcon_core.package_identification:_identify(perception/camera_interface) by extension 'colcon_pkg'
[1.313s] Level 1:colcon.colcon_core.package_identification:_identify(perception/camera_interface) by extensions ['colcon_meta']
[1.313s] Level 1:colcon.colcon_core.package_identification:_identify(perception/camera_interface) by extension 'colcon_meta'
[1.314s] Level 1:colcon.colcon_core.package_identification:_identify(perception/camera_interface) by extensions ['ros']
[1.314s] Level 1:colcon.colcon_core.package_identification:_identify(perception/camera_interface) by extension 'ros'
[1.327s] DEBUG:colcon.colcon_core.package_identification:Package 'perception/camera_interface' with type 'ros.ament_python' and name 'camera_interface'
[1.328s] Level 1:colcon.colcon_core.package_identification:_identify(perception/kp_reg) by extensions ['ignore', 'ignore_ament_install']
[1.329s] Level 1:colcon.colcon_core.package_identification:_identify(perception/kp_reg) by extension 'ignore'
[1.329s] Level 1:colcon.colcon_core.package_identification:_identify(perception/kp_reg) by extension 'ignore_ament_install'
[1.330s] Level 1:colcon.colcon_core.package_identification:_identify(perception/kp_reg) by extensions ['colcon_pkg']
[1.330s] Level 1:colcon.colcon_core.package_identification:_identify(perception/kp_reg) by extension 'colcon_pkg'
[1.330s] Level 1:colcon.colcon_core.package_identification:_identify(perception/kp_reg) by extensions ['colcon_meta']
[1.330s] Level 1:colcon.colcon_core.package_identification:_identify(perception/kp_reg) by extension 'colcon_meta'
[1.331s] Level 1:colcon.colcon_core.package_identification:_identify(perception/kp_reg) by extensions ['ros']
[1.331s] Level 1:colcon.colcon_core.package_identification:_identify(perception/kp_reg) by extension 'ros'
[1.334s] DEBUG:colcon.colcon_core.package_identification:Package 'perception/kp_reg' with type 'ros.ament_python' and name 'kp_reg'
[1.335s] Level 1:colcon.colcon_core.package_identification:_identify(perception/moreo) by extensions ['ignore', 'ignore_ament_install']
[1.335s] Level 1:colcon.colcon_core.package_identification:_identify(perception/moreo) by extension 'ignore'
[1.336s] Level 1:colcon.colcon_core.package_identification:_identify(perception/moreo) by extension 'ignore_ament_install'
[1.336s] Level 1:colcon.colcon_core.package_identification:_identify(perception/moreo) by extensions ['colcon_pkg']
[1.336s] Level 1:colcon.colcon_core.package_identification:_identify(perception/moreo) by extension 'colcon_pkg'
[1.337s] Level 1:colcon.colcon_core.package_identification:_identify(perception/moreo) by extensions ['colcon_meta']
[1.337s] Level 1:colcon.colcon_core.package_identification:_identify(perception/moreo) by extension 'colcon_meta'
[1.337s] Level 1:colcon.colcon_core.package_identification:_identify(perception/moreo) by extensions ['ros']
[1.338s] Level 1:colcon.colcon_core.package_identification:_identify(perception/moreo) by extension 'ros'
[1.346s] DEBUG:colcon.colcon_core.package_identification:Package 'perception/moreo' with type 'ros.ament_python' and name 'moreo'
[1.346s] Level 1:colcon.colcon_core.package_identification:_identify(perception/mrpython_pcl) by extensions ['ignore', 'ignore_ament_install']
[1.347s] Level 1:colcon.colcon_core.package_identification:_identify(perception/mrpython_pcl) by extension 'ignore'
[1.347s] Level 1:colcon.colcon_core.package_identification:_identify(perception/mrpython_pcl) by extension 'ignore_ament_install'
[1.347s] Level 1:colcon.colcon_core.package_identification:_identify(perception/mrpython_pcl) by extensions ['colcon_pkg']
[1.347s] Level 1:colcon.colcon_core.package_identification:_identify(perception/mrpython_pcl) by extension 'colcon_pkg'
[1.348s] Level 1:colcon.colcon_core.package_identification:_identify(perception/mrpython_pcl) by extensions ['colcon_meta']
[1.348s] Level 1:colcon.colcon_core.package_identification:_identify(perception/mrpython_pcl) by extension 'colcon_meta'
[1.348s] Level 1:colcon.colcon_core.package_identification:_identify(perception/mrpython_pcl) by extensions ['ros']
[1.348s] Level 1:colcon.colcon_core.package_identification:_identify(perception/mrpython_pcl) by extension 'ros'
[1.350s] DEBUG:colcon.colcon_core.package_identification:Package 'perception/mrpython_pcl' with type 'ros.ament_python' and name 'mrpython_pcl'
[1.350s] Level 1:colcon.colcon_core.package_identification:_identify(perception/smoreo) by extensions ['ignore', 'ignore_ament_install']
[1.351s] Level 1:colcon.colcon_core.package_identification:_identify(perception/smoreo) by extension 'ignore'
[1.351s] Level 1:colcon.colcon_core.package_identification:_identify(perception/smoreo) by extension 'ignore_ament_install'
[1.351s] Level 1:colcon.colcon_core.package_identification:_identify(perception/smoreo) by extensions ['colcon_pkg']
[1.351s] Level 1:colcon.colcon_core.package_identification:_identify(perception/smoreo) by extension 'colcon_pkg'
[1.351s] Level 1:colcon.colcon_core.package_identification:_identify(perception/smoreo) by extensions ['colcon_meta']
[1.351s] Level 1:colcon.colcon_core.package_identification:_identify(perception/smoreo) by extension 'colcon_meta'
[1.351s] Level 1:colcon.colcon_core.package_identification:_identify(perception/smoreo) by extensions ['ros']
[1.351s] Level 1:colcon.colcon_core.package_identification:_identify(perception/smoreo) by extension 'ros'
[1.353s] DEBUG:colcon.colcon_core.package_identification:Package 'perception/smoreo' with type 'ros.ament_python' and name 'smoreo'
[1.353s] Level 1:colcon.colcon_core.package_identification:_identify(perception/smornn) by extensions ['ignore', 'ignore_ament_install']
[1.353s] Level 1:colcon.colcon_core.package_identification:_identify(perception/smornn) by extension 'ignore'
[1.354s] Level 1:colcon.colcon_core.package_identification:_identify(perception/smornn) by extension 'ignore_ament_install'
[1.354s] Level 1:colcon.colcon_core.package_identification:_identify(perception/smornn) by extensions ['colcon_pkg']
[1.354s] Level 1:colcon.colcon_core.package_identification:_identify(perception/smornn) by extension 'colcon_pkg'
[1.354s] Level 1:colcon.colcon_core.package_identification:_identify(perception/smornn) by extensions ['colcon_meta']
[1.354s] Level 1:colcon.colcon_core.package_identification:_identify(perception/smornn) by extension 'colcon_meta'
[1.354s] Level 1:colcon.colcon_core.package_identification:_identify(perception/smornn) by extensions ['ros']
[1.354s] Level 1:colcon.colcon_core.package_identification:_identify(perception/smornn) by extension 'ros'
[1.360s] DEBUG:colcon.colcon_core.package_identification:Package 'perception/smornn' with type 'ros.ament_python' and name 'smornn'
[1.360s] Level 1:colcon.colcon_core.package_identification:_identify(perception/tracker) by extensions ['ignore', 'ignore_ament_install']
[1.360s] Level 1:colcon.colcon_core.package_identification:_identify(perception/tracker) by extension 'ignore'
[1.360s] Level 1:colcon.colcon_core.package_identification:_identify(perception/tracker) by extension 'ignore_ament_install'
[1.361s] Level 1:colcon.colcon_core.package_identification:_identify(perception/tracker) by extensions ['colcon_pkg']
[1.361s] Level 1:colcon.colcon_core.package_identification:_identify(perception/tracker) by extension 'colcon_pkg'
[1.361s] Level 1:colcon.colcon_core.package_identification:_identify(perception/tracker) by extensions ['colcon_meta']
[1.361s] Level 1:colcon.colcon_core.package_identification:_identify(perception/tracker) by extension 'colcon_meta'
[1.361s] Level 1:colcon.colcon_core.package_identification:_identify(perception/tracker) by extensions ['ros']
[1.361s] Level 1:colcon.colcon_core.package_identification:_identify(perception/tracker) by extension 'ros'
[1.372s] DEBUG:colcon.colcon_core.package_identification:Package 'perception/tracker' with type 'ros.ament_python' and name 'tracker'
[1.372s] Level 1:colcon.colcon_core.package_identification:_identify(perception/visualizer) by extensions ['ignore', 'ignore_ament_install']
[1.373s] Level 1:colcon.colcon_core.package_identification:_identify(perception/visualizer) by extension 'ignore'
[1.373s] Level 1:colcon.colcon_core.package_identification:_identify(perception/visualizer) by extension 'ignore_ament_install'
[1.373s] Level 1:colcon.colcon_core.package_identification:_identify(perception/visualizer) by extensions ['colcon_pkg']
[1.373s] Level 1:colcon.colcon_core.package_identification:_identify(perception/visualizer) by extension 'colcon_pkg'
[1.373s] Level 1:colcon.colcon_core.package_identification:_identify(perception/visualizer) by extensions ['colcon_meta']
[1.373s] Level 1:colcon.colcon_core.package_identification:_identify(perception/visualizer) by extension 'colcon_meta'
[1.373s] Level 1:colcon.colcon_core.package_identification:_identify(perception/visualizer) by extensions ['ros']
[1.373s] Level 1:colcon.colcon_core.package_identification:_identify(perception/visualizer) by extension 'ros'
[1.389s] DEBUG:colcon.colcon_core.package_identification:Package 'perception/visualizer' with type 'ros.ament_python' and name 'visualizer'
[1.389s] Level 1:colcon.colcon_core.package_identification:_identify(perception/yolov8) by extensions ['ignore', 'ignore_ament_install']
[1.389s] Level 1:colcon.colcon_core.package_identification:_identify(perception/yolov8) by extension 'ignore'
[1.389s] Level 1:colcon.colcon_core.package_identification:_identify(perception/yolov8) by extension 'ignore_ament_install'
[1.389s] Level 1:colcon.colcon_core.package_identification:_identify(perception/yolov8) by extensions ['colcon_pkg']
[1.389s] Level 1:colcon.colcon_core.package_identification:_identify(perception/yolov8) by extension 'colcon_pkg'
[1.390s] Level 1:colcon.colcon_core.package_identification:_identify(perception/yolov8) by extensions ['colcon_meta']
[1.390s] Level 1:colcon.colcon_core.package_identification:_identify(perception/yolov8) by extension 'colcon_meta'
[1.390s] Level 1:colcon.colcon_core.package_identification:_identify(perception/yolov8) by extensions ['ros']
[1.390s] Level 1:colcon.colcon_core.package_identification:_identify(perception/yolov8) by extension 'ros'
[1.404s] DEBUG:colcon.colcon_core.package_identification:Package 'perception/yolov8' with type 'ros.ament_python' and name 'yolov8'
[1.404s] Level 1:colcon.colcon_core.package_identification:_identify(planning) by extensions ['ignore', 'ignore_ament_install']
[1.405s] Level 1:colcon.colcon_core.package_identification:_identify(planning) by extension 'ignore'
[1.405s] Level 1:colcon.colcon_core.package_identification:_identify(planning) by extension 'ignore_ament_install'
[1.405s] Level 1:colcon.colcon_core.package_identification:_identify(planning) by extensions ['colcon_pkg']
[1.405s] Level 1:colcon.colcon_core.package_identification:_identify(planning) by extension 'colcon_pkg'
[1.405s] Level 1:colcon.colcon_core.package_identification:_identify(planning) by extensions ['colcon_meta']
[1.405s] Level 1:colcon.colcon_core.package_identification:_identify(planning) by extension 'colcon_meta'
[1.406s] Level 1:colcon.colcon_core.package_identification:_identify(planning) by extensions ['ros']
[1.406s] Level 1:colcon.colcon_core.package_identification:_identify(planning) by extension 'ros'
[1.406s] Level 1:colcon.colcon_core.package_identification:_identify(planning) by extensions ['cmake', 'python']
[1.406s] Level 1:colcon.colcon_core.package_identification:_identify(planning) by extension 'cmake'
[1.406s] Level 1:colcon.colcon_core.package_identification:_identify(planning) by extension 'python'
[1.406s] Level 1:colcon.colcon_core.package_identification:_identify(planning) by extensions ['python_setup_py']
[1.407s] Level 1:colcon.colcon_core.package_identification:_identify(planning) by extension 'python_setup_py'
[1.407s] Level 1:colcon.colcon_core.package_identification:_identify(planning/planning_apf) by extensions ['ignore', 'ignore_ament_install']
[1.407s] Level 1:colcon.colcon_core.package_identification:_identify(planning/planning_apf) by extension 'ignore'
[1.407s] Level 1:colcon.colcon_core.package_identification:_identify(planning/planning_apf) by extension 'ignore_ament_install'
[1.407s] Level 1:colcon.colcon_core.package_identification:_identify(planning/planning_apf) by extensions ['colcon_pkg']
[1.408s] Level 1:colcon.colcon_core.package_identification:_identify(planning/planning_apf) by extension 'colcon_pkg'
[1.408s] Level 1:colcon.colcon_core.package_identification:_identify(planning/planning_apf) by extensions ['colcon_meta']
[1.408s] Level 1:colcon.colcon_core.package_identification:_identify(planning/planning_apf) by extension 'colcon_meta'
[1.408s] Level 1:colcon.colcon_core.package_identification:_identify(planning/planning_apf) by extensions ['ros']
[1.408s] Level 1:colcon.colcon_core.package_identification:_identify(planning/planning_apf) by extension 'ros'
[1.422s] DEBUG:colcon.colcon_core.package_identification:Package 'planning/planning_apf' with type 'ros.catkin' and name 'planning_apf'
[1.422s] Level 1:colcon.colcon_core.package_identification:_identify(planning/planning_trees) by extensions ['ignore', 'ignore_ament_install']
[1.422s] Level 1:colcon.colcon_core.package_identification:_identify(planning/planning_trees) by extension 'ignore'
[1.423s] Level 1:colcon.colcon_core.package_identification:_identify(planning/planning_trees) by extension 'ignore_ament_install'
[1.423s] Level 1:colcon.colcon_core.package_identification:_identify(planning/planning_trees) by extensions ['colcon_pkg']
[1.423s] Level 1:colcon.colcon_core.package_identification:_identify(planning/planning_trees) by extension 'colcon_pkg'
[1.423s] Level 1:colcon.colcon_core.package_identification:_identify(planning/planning_trees) by extensions ['colcon_meta']
[1.423s] Level 1:colcon.colcon_core.package_identification:_identify(planning/planning_trees) by extension 'colcon_meta'
[1.423s] Level 1:colcon.colcon_core.package_identification:_identify(planning/planning_trees) by extensions ['ros']
[1.423s] Level 1:colcon.colcon_core.package_identification:_identify(planning/planning_trees) by extension 'ros'
[1.440s] DEBUG:colcon.colcon_core.package_identification:Package 'planning/planning_trees' with type 'ros.catkin' and name 'planning_trees'
[1.441s] Level 1:colcon.colcon_core.package_identification:_identify(planning/waypoint_cleaner) by extensions ['ignore', 'ignore_ament_install']
[1.441s] Level 1:colcon.colcon_core.package_identification:_identify(planning/waypoint_cleaner) by extension 'ignore'
[1.442s] Level 1:colcon.colcon_core.package_identification:_identify(planning/waypoint_cleaner) by extension 'ignore_ament_install'
[1.442s] Level 1:colcon.colcon_core.package_identification:_identify(planning/waypoint_cleaner) by extensions ['colcon_pkg']
[1.442s] Level 1:colcon.colcon_core.package_identification:_identify(planning/waypoint_cleaner) by extension 'colcon_pkg'
[1.442s] Level 1:colcon.colcon_core.package_identification:_identify(planning/waypoint_cleaner) by extensions ['colcon_meta']
[1.443s] Level 1:colcon.colcon_core.package_identification:_identify(planning/waypoint_cleaner) by extension 'colcon_meta'
[1.443s] Level 1:colcon.colcon_core.package_identification:_identify(planning/waypoint_cleaner) by extensions ['ros']
[1.443s] Level 1:colcon.colcon_core.package_identification:_identify(planning/waypoint_cleaner) by extension 'ros'
[1.455s] DEBUG:colcon.colcon_core.package_identification:Package 'planning/waypoint_cleaner' with type 'ros.catkin' and name 'waypoint_cleaner'
[1.455s] Level 1:colcon.colcon_core.package_identification:_identify(slam) by extensions ['ignore', 'ignore_ament_install']
[1.456s] Level 1:colcon.colcon_core.package_identification:_identify(slam) by extension 'ignore'
[1.456s] Level 1:colcon.colcon_core.package_identification:_identify(slam) by extension 'ignore_ament_install'
[1.457s] Level 1:colcon.colcon_core.package_identification:_identify(slam) by extensions ['colcon_pkg']
[1.457s] Level 1:colcon.colcon_core.package_identification:_identify(slam) by extension 'colcon_pkg'
[1.458s] Level 1:colcon.colcon_core.package_identification:_identify(slam) by extensions ['colcon_meta']
[1.458s] Level 1:colcon.colcon_core.package_identification:_identify(slam) by extension 'colcon_meta'
[1.458s] Level 1:colcon.colcon_core.package_identification:_identify(slam) by extensions ['ros']
[1.458s] Level 1:colcon.colcon_core.package_identification:_identify(slam) by extension 'ros'
[1.459s] Level 1:colcon.colcon_core.package_identification:_identify(slam) by extensions ['cmake', 'python']
[1.459s] Level 1:colcon.colcon_core.package_identification:_identify(slam) by extension 'cmake'
[1.460s] Level 1:colcon.colcon_core.package_identification:_identify(slam) by extension 'python'
[1.460s] Level 1:colcon.colcon_core.package_identification:_identify(slam) by extensions ['python_setup_py']
[1.460s] Level 1:colcon.colcon_core.package_identification:_identify(slam) by extension 'python_setup_py'
[1.461s] Level 1:colcon.colcon_core.package_identification:_identify(slam/aloam) by extensions ['ignore', 'ignore_ament_install']
[1.462s] Level 1:colcon.colcon_core.package_identification:_identify(slam/aloam) by extension 'ignore'
[1.462s] Level 1:colcon.colcon_core.package_identification:_identify(slam/aloam) by extension 'ignore_ament_install'
[1.462s] Level 1:colcon.colcon_core.package_identification:_identify(slam/aloam) by extensions ['colcon_pkg']
[1.463s] Level 1:colcon.colcon_core.package_identification:_identify(slam/aloam) by extension 'colcon_pkg'
[1.463s] Level 1:colcon.colcon_core.package_identification:_identify(slam/aloam) by extensions ['colcon_meta']
[1.463s] Level 1:colcon.colcon_core.package_identification:_identify(slam/aloam) by extension 'colcon_meta'
[1.464s] Level 1:colcon.colcon_core.package_identification:_identify(slam/aloam) by extensions ['ros']
[1.464s] Level 1:colcon.colcon_core.package_identification:_identify(slam/aloam) by extension 'ros'
[1.465s] Level 1:colcon.colcon_core.package_identification:_identify(slam/aloam) by extensions ['cmake', 'python']
[1.465s] Level 1:colcon.colcon_core.package_identification:_identify(slam/aloam) by extension 'cmake'
[1.465s] Level 1:colcon.colcon_core.package_identification:_identify(slam/aloam) by extension 'python'
[1.465s] Level 1:colcon.colcon_core.package_identification:_identify(slam/aloam) by extensions ['python_setup_py']
[1.466s] Level 1:colcon.colcon_core.package_identification:_identify(slam/aloam) by extension 'python_setup_py'
[1.466s] Level 1:colcon.colcon_core.package_identification:_identify(slam/fast_gicp) by extensions ['ignore', 'ignore_ament_install']
[1.467s] Level 1:colcon.colcon_core.package_identification:_identify(slam/fast_gicp) by extension 'ignore'
[1.467s] Level 1:colcon.colcon_core.package_identification:_identify(slam/fast_gicp) by extension 'ignore_ament_install'
[1.468s] Level 1:colcon.colcon_core.package_identification:_identify(slam/fast_gicp) by extensions ['colcon_pkg']
[1.468s] Level 1:colcon.colcon_core.package_identification:_identify(slam/fast_gicp) by extension 'colcon_pkg'
[1.468s] Level 1:colcon.colcon_core.package_identification:_identify(slam/fast_gicp) by extensions ['colcon_meta']
[1.469s] Level 1:colcon.colcon_core.package_identification:_identify(slam/fast_gicp) by extension 'colcon_meta'
[1.469s] Level 1:colcon.colcon_core.package_identification:_identify(slam/fast_gicp) by extensions ['ros']
[1.469s] Level 1:colcon.colcon_core.package_identification:_identify(slam/fast_gicp) by extension 'ros'
[1.470s] Level 1:colcon.colcon_core.package_identification:_identify(slam/fast_gicp) by extensions ['cmake', 'python']
[1.470s] Level 1:colcon.colcon_core.package_identification:_identify(slam/fast_gicp) by extension 'cmake'
[1.471s] Level 1:colcon.colcon_core.package_identification:_identify(slam/fast_gicp) by extension 'python'
[1.471s] Level 1:colcon.colcon_core.package_identification:_identify(slam/fast_gicp) by extensions ['python_setup_py']
[1.471s] Level 1:colcon.colcon_core.package_identification:_identify(slam/fast_gicp) by extension 'python_setup_py'
[1.472s] Level 1:colcon.colcon_core.package_identification:_identify(slam/hdl_global_localization) by extensions ['ignore', 'ignore_ament_install']
[1.472s] Level 1:colcon.colcon_core.package_identification:_identify(slam/hdl_global_localization) by extension 'ignore'
[1.473s] Level 1:colcon.colcon_core.package_identification:_identify(slam/hdl_global_localization) by extension 'ignore_ament_install'
[1.473s] Level 1:colcon.colcon_core.package_identification:_identify(slam/hdl_global_localization) by extensions ['colcon_pkg']
[1.473s] Level 1:colcon.colcon_core.package_identification:_identify(slam/hdl_global_localization) by extension 'colcon_pkg'
[1.474s] Level 1:colcon.colcon_core.package_identification:_identify(slam/hdl_global_localization) by extensions ['colcon_meta']
[1.474s] Level 1:colcon.colcon_core.package_identification:_identify(slam/hdl_global_localization) by extension 'colcon_meta'
[1.474s] Level 1:colcon.colcon_core.package_identification:_identify(slam/hdl_global_localization) by extensions ['ros']
[1.474s] Level 1:colcon.colcon_core.package_identification:_identify(slam/hdl_global_localization) by extension 'ros'
[1.475s] Level 1:colcon.colcon_core.package_identification:_identify(slam/hdl_global_localization) by extensions ['cmake', 'python']
[1.475s] Level 1:colcon.colcon_core.package_identification:_identify(slam/hdl_global_localization) by extension 'cmake'
[1.475s] Level 1:colcon.colcon_core.package_identification:_identify(slam/hdl_global_localization) by extension 'python'
[1.475s] Level 1:colcon.colcon_core.package_identification:_identify(slam/hdl_global_localization) by extensions ['python_setup_py']
[1.476s] Level 1:colcon.colcon_core.package_identification:_identify(slam/hdl_global_localization) by extension 'python_setup_py'
[1.476s] Level 1:colcon.colcon_core.package_identification:_identify(slam/hdl_localization) by extensions ['ignore', 'ignore_ament_install']
[1.476s] Level 1:colcon.colcon_core.package_identification:_identify(slam/hdl_localization) by extension 'ignore'
[1.477s] Level 1:colcon.colcon_core.package_identification:_identify(slam/hdl_localization) by extension 'ignore_ament_install'
[1.477s] Level 1:colcon.colcon_core.package_identification:_identify(slam/hdl_localization) by extensions ['colcon_pkg']
[1.477s] Level 1:colcon.colcon_core.package_identification:_identify(slam/hdl_localization) by extension 'colcon_pkg'
[1.477s] Level 1:colcon.colcon_core.package_identification:_identify(slam/hdl_localization) by extensions ['colcon_meta']
[1.477s] Level 1:colcon.colcon_core.package_identification:_identify(slam/hdl_localization) by extension 'colcon_meta'
[1.478s] Level 1:colcon.colcon_core.package_identification:_identify(slam/hdl_localization) by extensions ['ros']
[1.478s] Level 1:colcon.colcon_core.package_identification:_identify(slam/hdl_localization) by extension 'ros'
[1.478s] Level 1:colcon.colcon_core.package_identification:_identify(slam/hdl_localization) by extensions ['cmake', 'python']
[1.478s] Level 1:colcon.colcon_core.package_identification:_identify(slam/hdl_localization) by extension 'cmake'
[1.479s] Level 1:colcon.colcon_core.package_identification:_identify(slam/hdl_localization) by extension 'python'
[1.479s] Level 1:colcon.colcon_core.package_identification:_identify(slam/hdl_localization) by extensions ['python_setup_py']
[1.479s] Level 1:colcon.colcon_core.package_identification:_identify(slam/hdl_localization) by extension 'python_setup_py'
[1.479s] Level 1:colcon.colcon_core.package_identification:_identify(slam/ndt_omp) by extensions ['ignore', 'ignore_ament_install']
[1.480s] Level 1:colcon.colcon_core.package_identification:_identify(slam/ndt_omp) by extension 'ignore'
[1.480s] Level 1:colcon.colcon_core.package_identification:_identify(slam/ndt_omp) by extension 'ignore_ament_install'
[1.480s] Level 1:colcon.colcon_core.package_identification:_identify(slam/ndt_omp) by extensions ['colcon_pkg']
[1.480s] Level 1:colcon.colcon_core.package_identification:_identify(slam/ndt_omp) by extension 'colcon_pkg'
[1.480s] Level 1:colcon.colcon_core.package_identification:_identify(slam/ndt_omp) by extensions ['colcon_meta']
[1.480s] Level 1:colcon.colcon_core.package_identification:_identify(slam/ndt_omp) by extension 'colcon_meta'
[1.481s] Level 1:colcon.colcon_core.package_identification:_identify(slam/ndt_omp) by extensions ['ros']
[1.481s] Level 1:colcon.colcon_core.package_identification:_identify(slam/ndt_omp) by extension 'ros'
[1.481s] Level 1:colcon.colcon_core.package_identification:_identify(slam/ndt_omp) by extensions ['cmake', 'python']
[1.481s] Level 1:colcon.colcon_core.package_identification:_identify(slam/ndt_omp) by extension 'cmake'
[1.481s] Level 1:colcon.colcon_core.package_identification:_identify(slam/ndt_omp) by extension 'python'
[1.481s] Level 1:colcon.colcon_core.package_identification:_identify(slam/ndt_omp) by extensions ['python_setup_py']
[1.482s] Level 1:colcon.colcon_core.package_identification:_identify(slam/ndt_omp) by extension 'python_setup_py'
[1.482s] Level 1:colcon.colcon_core.package_identification:_identify(slam/slam_manager) by extensions ['ignore', 'ignore_ament_install']
[1.482s] Level 1:colcon.colcon_core.package_identification:_identify(slam/slam_manager) by extension 'ignore'
[1.482s] Level 1:colcon.colcon_core.package_identification:_identify(slam/slam_manager) by extension 'ignore_ament_install'
[1.483s] Level 1:colcon.colcon_core.package_identification:_identify(slam/slam_manager) by extensions ['colcon_pkg']
[1.483s] Level 1:colcon.colcon_core.package_identification:_identify(slam/slam_manager) by extension 'colcon_pkg'
[1.483s] Level 1:colcon.colcon_core.package_identification:_identify(slam/slam_manager) by extensions ['colcon_meta']
[1.483s] Level 1:colcon.colcon_core.package_identification:_identify(slam/slam_manager) by extension 'colcon_meta'
[1.483s] Level 1:colcon.colcon_core.package_identification:_identify(slam/slam_manager) by extensions ['ros']
[1.483s] Level 1:colcon.colcon_core.package_identification:_identify(slam/slam_manager) by extension 'ros'
[1.497s] DEBUG:colcon.colcon_core.package_identification:Package 'slam/slam_manager' with type 'ros.catkin' and name 'slam_manager'
[1.497s] Level 1:colcon.colcon_core.package_identification:_identify(slam/trapper) by extensions ['ignore', 'ignore_ament_install']
[1.497s] Level 1:colcon.colcon_core.package_identification:_identify(slam/trapper) by extension 'ignore'
[1.497s] Level 1:colcon.colcon_core.package_identification:_identify(slam/trapper) by extension 'ignore_ament_install'
[1.497s] Level 1:colcon.colcon_core.package_identification:_identify(slam/trapper) by extensions ['colcon_pkg']
[1.498s] Level 1:colcon.colcon_core.package_identification:_identify(slam/trapper) by extension 'colcon_pkg'
[1.498s] Level 1:colcon.colcon_core.package_identification:_identify(slam/trapper) by extensions ['colcon_meta']
[1.498s] Level 1:colcon.colcon_core.package_identification:_identify(slam/trapper) by extension 'colcon_meta'
[1.498s] Level 1:colcon.colcon_core.package_identification:_identify(slam/trapper) by extensions ['ros']
[1.498s] Level 1:colcon.colcon_core.package_identification:_identify(slam/trapper) by extension 'ros'
[1.507s] DEBUG:colcon.colcon_core.package_identification:Package 'slam/trapper' with type 'ros.catkin' and name 'trapper'
[1.507s] Level 1:colcon.colcon_core.package_identification:_identify(supervisor) by extensions ['ignore', 'ignore_ament_install']
[1.508s] Level 1:colcon.colcon_core.package_identification:_identify(supervisor) by extension 'ignore'
[1.508s] Level 1:colcon.colcon_core.package_identification:_identify(supervisor) by extension 'ignore_ament_install'
[1.508s] Level 1:colcon.colcon_core.package_identification:_identify(supervisor) by extensions ['colcon_pkg']
[1.508s] Level 1:colcon.colcon_core.package_identification:_identify(supervisor) by extension 'colcon_pkg'
[1.508s] Level 1:colcon.colcon_core.package_identification:_identify(supervisor) by extensions ['colcon_meta']
[1.508s] Level 1:colcon.colcon_core.package_identification:_identify(supervisor) by extension 'colcon_meta'
[1.509s] Level 1:colcon.colcon_core.package_identification:_identify(supervisor) by extensions ['ros']
[1.509s] Level 1:colcon.colcon_core.package_identification:_identify(supervisor) by extension 'ros'
[1.522s] DEBUG:colcon.colcon_core.package_identification:Package 'supervisor' with type 'ros.catkin' and name 'supervisor'
[1.523s] Level 1:colcon.colcon_core.package_discovery:discover_packages(recursive) using defaults
[1.523s] Level 1:colcon.colcon_core.package_discovery:discover_packages(ignore) discover
[1.523s] Level 1:colcon.colcon_core.package_discovery:discover_packages(ignore) using defaults
[1.523s] Level 1:colcon.colcon_core.package_discovery:discover_packages(path) discover
[1.523s] Level 1:colcon.colcon_core.package_discovery:discover_packages(path) using defaults
[1.524s] WARNING:colcon.colcon_core.package_selection:ignoring unknown package 'perception/mrpython_pcl' in --packages-select
[1.524s] WARNING:colcon.colcon_core.package_selection:ignoring unknown package 'perception/smoreo' in --packages-select
[1.524s] WARNING:colcon.colcon_core.package_selection:ignoring unknown package 'perception/smornn' in --packages-select
[1.573s] INFO:colcon.colcon_core.package_selection:Skipping not selected package 'asurt_msgs' in 'dependencies/asurt_msgs'
[1.573s] INFO:colcon.colcon_core.package_selection:Skipping not selected package 'camera_interface' in 'perception/camera_interface'
[1.573s] INFO:colcon.colcon_core.package_selection:Skipping not selected package 'centerline_calc' in 'navigation/centerline_calc'
[1.573s] INFO:colcon.colcon_core.package_selection:Skipping not selected package 'common_params' in 'dependencies/common_params'
[1.573s] INFO:colcon.colcon_core.package_selection:Skipping not selected package 'eufs_msgs' in 'dependencies/eufs_msgs'
[1.573s] INFO:colcon.colcon_core.package_selection:Skipping not selected package 'interfaces' in 'dependencies/interfaces'
[1.573s] INFO:colcon.colcon_core.package_selection:Skipping not selected package 'kp_reg' in 'perception/kp_reg'
[1.573s] INFO:colcon.colcon_core.package_selection:Skipping not selected package 'lqr' in 'navigation/lqr'
[1.573s] INFO:colcon.colcon_core.package_selection:Skipping not selected package 'planning_apf' in 'planning/planning_apf'
[1.573s] INFO:colcon.colcon_core.package_selection:Skipping not selected package 'planning_trees' in 'planning/planning_trees'
[1.573s] INFO:colcon.colcon_core.package_selection:Skipping not selected package 'slam_manager' in 'slam/slam_manager'
[1.573s] INFO:colcon.colcon_core.package_selection:Skipping not selected package 'waypoint_cleaner' in 'planning/waypoint_cleaner'
[1.574s] INFO:colcon.colcon_core.package_selection:Skipping not selected package 'zed_opencv' in 'dependencies/zed_opencv'
[1.574s] INFO:colcon.colcon_core.package_selection:Skipping not selected package 'moreo' in 'perception/moreo'
[1.574s] INFO:colcon.colcon_core.package_selection:Skipping not selected package 'smoreo' in 'perception/smoreo'
[1.574s] INFO:colcon.colcon_core.package_selection:Skipping not selected package 'tf_helper' in 'dependencies/tf_helper'
[1.574s] INFO:colcon.colcon_core.package_selection:Skipping not selected package 'visualizer' in 'perception/visualizer'
[1.574s] INFO:colcon.colcon_core.package_selection:Skipping not selected package 'yolov8' in 'perception/yolov8'
[1.574s] INFO:colcon.colcon_core.package_selection:Skipping not selected package 'mrpython_pcl' in 'perception/mrpython_pcl'
[1.574s] INFO:colcon.colcon_core.package_selection:Skipping not selected package 'pure_pursuit' in 'navigation/pure_pursuit'
[1.574s] INFO:colcon.colcon_core.package_selection:Skipping not selected package 'simple_pure_pursuit' in 'navigation/simple_pure_pursuit'
[1.574s] INFO:colcon.colcon_core.package_selection:Skipping not selected package 'smornn' in 'perception/smornn'
[1.574s] INFO:colcon.colcon_core.package_selection:Skipping not selected package 'supervisor' in 'supervisor'
[1.574s] INFO:colcon.colcon_core.package_selection:Skipping not selected package 'tracker' in 'perception/tracker'
[1.574s] INFO:colcon.colcon_core.package_selection:Skipping not selected package 'trapper' in 'slam/trapper'
[1.575s] Level 1:colcon.colcon_core.package_discovery:discover_packages(prefix_path) check parameters
[1.575s] Level 1:colcon.colcon_core.package_discovery:discover_packages(prefix_path) discover
[1.592s] DEBUG:colcon.colcon_installed_package_information.package_discovery:Found 1 installed packages in /media/ezzedinayman/Local Disk/ASURT/fs/install
[1.592s] DEBUG:colcon.colcon_installed_package_information.package_discovery:Found 2 installed packages in /home/ezzedinayman/ros2_ws/install
[1.594s] DEBUG:colcon.colcon_installed_package_information.package_discovery:Found 379 installed packages in /opt/ros/humble
[1.596s] Level 1:colcon.colcon_core.package_discovery:discover_packages(prefix_path) using defaults
[1.662s] INFO:colcon.colcon_core.executor:Executing jobs using 'parallel' executor
[1.663s] DEBUG:colcon.colcon_parallel_executor.executor.parallel:run_until_complete
[1.663s] DEBUG:colcon.colcon_parallel_executor.executor.parallel:closing loop
[1.663s] DEBUG:colcon.colcon_parallel_executor.executor.parallel:loop closed
[1.664s] DEBUG:colcon.colcon_parallel_executor.executor.parallel:run_until_complete finished with '0'
[1.664s] DEBUG:colcon.colcon_core.event_reactor:joining thread
[1.670s] INFO:colcon.colcon_core.plugin_system:Skipping extension 'colcon_notification.desktop_notification.terminal_notifier': Not used on non-Darwin systems
[1.670s] INFO:colcon.colcon_core.plugin_system:Skipping extension 'colcon_notification.desktop_notification.win32': Not used on non-Windows systems
[1.670s] INFO:colcon.colcon_notification.desktop_notification:Sending desktop notification using 'notify2'
[1.684s] DEBUG:colcon.colcon_core.event_reactor:joined thread
[1.689s] INFO:colcon.colcon_core.plugin_system:Skipping extension 'colcon_core.shell.bat': Not used on non-Windows systems
[1.690s] INFO:colcon.colcon_core.shell:Creating prefix script '/media/ezzedinayman/Local Disk/FS-System/fs-system/install/local_setup.ps1'
[1.692s] INFO:colcon.colcon_core.shell:Creating prefix util module '/media/ezzedinayman/Local Disk/FS-System/fs-system/install/_local_setup_util_ps1.py'
[1.694s] INFO:colcon.colcon_core.shell:Creating prefix chain script '/media/ezzedinayman/Local Disk/FS-System/fs-system/install/setup.ps1'
[1.695s] INFO:colcon.colcon_core.shell:Creating prefix script '/media/ezzedinayman/Local Disk/FS-System/fs-system/install/local_setup.sh'
[1.696s] INFO:colcon.colcon_core.shell:Creating prefix util module '/media/ezzedinayman/Local Disk/FS-System/fs-system/install/_local_setup_util_sh.py'
[1.696s] INFO:colcon.colcon_core.shell:Creating prefix chain script '/media/ezzedinayman/Local Disk/FS-System/fs-system/install/setup.sh'
[1.697s] INFO:colcon.colcon_core.shell:Creating prefix script '/media/ezzedinayman/Local Disk/FS-System/fs-system/install/local_setup.bash'
[1.698s] INFO:colcon.colcon_core.shell:Creating prefix chain script '/media/ezzedinayman/Local Disk/FS-System/fs-system/install/setup.bash'
[1.699s] INFO:colcon.colcon_core.shell:Creating prefix script '/media/ezzedinayman/Local Disk/FS-System/fs-system/install/local_setup.zsh'
[1.700s] INFO:colcon.colcon_core.shell:Creating prefix chain script '/media/ezzedinayman/Local Disk/FS-System/fs-system/install/setup.zsh'
