[0.710s] Invoking command in '/media/ezzedinayman/Local Disk/FS-System/fs-system/perception/kp_reg': PYTHONPATH=/media/ezzedinayman/Local Disk/FS-System/fs-system/build/kp_reg/prefix_override:/media/ezzedinayman/Local Disk/FS-System/fs-system/install/kp_reg/lib/python3.10/site-packages:${PYTHONPATH} /usr/bin/python3 -W ignore:setup.py install is deprecated setup.py egg_info --egg-base ../../build/kp_reg build --build-base /media/ezzedinayman/Local Disk/FS-System/fs-system/build/kp_reg/build install --record /media/ezzedinayman/Local Disk/FS-System/fs-system/build/kp_reg/install.log --single-version-externally-managed install_data
[1.000s] running egg_info
[1.001s] writing ../../build/kp_reg/kp_reg.egg-info/PKG-INFO
[1.001s] writing dependency_links to ../../build/kp_reg/kp_reg.egg-info/dependency_links.txt
[1.001s] writing entry points to ../../build/kp_reg/kp_reg.egg-info/entry_points.txt
[1.002s] writing requirements to ../../build/kp_reg/kp_reg.egg-info/requires.txt
[1.002s] writing top-level names to ../../build/kp_reg/kp_reg.egg-info/top_level.txt
[1.003s] reading manifest file '../../build/kp_reg/kp_reg.egg-info/SOURCES.txt'
[1.004s] writing manifest file '../../build/kp_reg/kp_reg.egg-info/SOURCES.txt'
[1.004s] running build
[1.004s] running build_py
[1.004s] copying kp_reg/kpr_model.py -> /media/ezzedinayman/Local Disk/FS-System/fs-system/build/kp_reg/build/lib/kp_reg
[1.004s] running install
[1.005s] running install_lib
[1.005s] copying /media/ezzedinayman/Local Disk/FS-System/fs-system/build/kp_reg/build/lib/kp_reg/kpr_model.py -> /media/ezzedinayman/Local Disk/FS-System/fs-system/install/kp_reg/lib/python3.10/site-packages/kp_reg
[1.006s] byte-compiling /media/ezzedinayman/Local Disk/FS-System/fs-system/install/kp_reg/lib/python3.10/site-packages/kp_reg/kpr_model.py to kpr_model.cpython-310.pyc
[1.007s] running install_data
[1.007s] running install_egg_info
[1.010s] removing '/media/ezzedinayman/Local Disk/FS-System/fs-system/install/kp_reg/lib/python3.10/site-packages/kp_reg-0.0.0-py3.10.egg-info' (and everything under it)
[1.010s] Copying ../../build/kp_reg/kp_reg.egg-info to /media/ezzedinayman/Local Disk/FS-System/fs-system/install/kp_reg/lib/python3.10/site-packages/kp_reg-0.0.0-py3.10.egg-info
[1.011s] running install_scripts
[1.031s] Installing kpr_node script to /media/ezzedinayman/Local Disk/FS-System/fs-system/install/kp_reg/lib/kp_reg
[1.031s] writing list of installed files to '/media/ezzedinayman/Local Disk/FS-System/fs-system/build/kp_reg/install.log'
[1.052s] Invoked command in '/media/ezzedinayman/Local Disk/FS-System/fs-system/perception/kp_reg' returned '0': PYTHONPATH=/media/ezzedinayman/Local Disk/FS-System/fs-system/build/kp_reg/prefix_override:/media/ezzedinayman/Local Disk/FS-System/fs-system/install/kp_reg/lib/python3.10/site-packages:${PYTHONPATH} /usr/bin/python3 -W ignore:setup.py install is deprecated setup.py egg_info --egg-base ../../build/kp_reg build --build-base /media/ezzedinayman/Local Disk/FS-System/fs-system/build/kp_reg/build install --record /media/ezzedinayman/Local Disk/FS-System/fs-system/build/kp_reg/install.log --single-version-externally-managed install_data
