[2.121s] Invoking command in '/home/mazen/ros2_ws/src/fs-system/perception/moreo': PYTHONPATH=/home/mazen/ros2_ws/src/fs-system/perception/build/moreo/prefix_override:/home/mazen/ros2_ws/src/fs-system/perception/install/moreo/lib/python3.10/site-packages:${PYTHONPATH} /usr/bin/python3 setup.py egg_info --egg-base ../build/moreo build --build-base /home/mazen/ros2_ws/src/fs-system/perception/build/moreo/build install --record /home/mazen/ros2_ws/src/fs-system/perception/build/moreo/install.log --single-version-externally-managed
[2.389s] running egg_info
[2.390s] writing ../build/moreo/moreo.egg-info/PKG-INFO
[2.390s] writing dependency_links to ../build/moreo/moreo.egg-info/dependency_links.txt
[2.390s] writing entry points to ../build/moreo/moreo.egg-info/entry_points.txt
[2.390s] writing requirements to ../build/moreo/moreo.egg-info/requires.txt
[2.390s] writing top-level names to ../build/moreo/moreo.egg-info/top_level.txt
[2.392s] reading manifest file '../build/moreo/moreo.egg-info/SOURCES.txt'
[2.393s] writing manifest file '../build/moreo/moreo.egg-info/SOURCES.txt'
[2.393s] running build
[2.393s] running build_py
[2.393s] running install
[2.393s] running install_lib
[2.395s] running install_data
[2.395s] running install_egg_info
[2.397s] removing '/home/mazen/ros2_ws/src/fs-system/perception/install/moreo/lib/python3.10/site-packages/moreo-0.0.0-py3.10.egg-info' (and everything under it)
[2.397s] Copying ../build/moreo/moreo.egg-info to /home/mazen/ros2_ws/src/fs-system/perception/install/moreo/lib/python3.10/site-packages/moreo-0.0.0-py3.10.egg-info
[2.398s] running install_scripts
[2.420s] writing list of installed files to '/home/mazen/ros2_ws/src/fs-system/perception/build/moreo/install.log'
[2.450s] Invoked command in '/home/mazen/ros2_ws/src/fs-system/perception/moreo' returned '0': PYTHONPATH=/home/mazen/ros2_ws/src/fs-system/perception/build/moreo/prefix_override:/home/mazen/ros2_ws/src/fs-system/perception/install/moreo/lib/python3.10/site-packages:${PYTHONPATH} /usr/bin/python3 setup.py egg_info --egg-base ../build/moreo build --build-base /home/mazen/ros2_ws/src/fs-system/perception/build/moreo/build install --record /home/mazen/ros2_ws/src/fs-system/perception/build/moreo/install.log --single-version-externally-managed
