running egg_info
creating ../build/yolov8/yolov8.egg-info
writing ../build/yolov8/yolov8.egg-info/PKG-INFO
writing dependency_links to ../build/yolov8/yolov8.egg-info/dependency_links.txt
writing entry points to ../build/yolov8/yolov8.egg-info/entry_points.txt
writing requirements to ../build/yolov8/yolov8.egg-info/requires.txt
writing top-level names to ../build/yolov8/yolov8.egg-info/top_level.txt
writing manifest file '../build/yolov8/yolov8.egg-info/SOURCES.txt'
reading manifest file '../build/yolov8/yolov8.egg-info/SOURCES.txt'
writing manifest file '../build/yolov8/yolov8.egg-info/SOURCES.txt'
running build
running build_py
creating /media/ezzedinayman/Local Disk/ASURT/fs/src/fs-system/perception/build/yolov8/build
creating /media/ezzedinayman/Local Disk/ASURT/fs/src/fs-system/perception/build/yolov8/build/lib
creating /media/ezzedinayman/Local Disk/ASURT/fs/src/fs-system/perception/build/yolov8/build/lib/yolov8
copying yolov8/yolo.py -> /media/ezzedinayman/Local Disk/ASURT/fs/src/fs-system/perception/build/yolov8/build/lib/yolov8
copying yolov8/__init__.py -> /media/ezzedinayman/Local Disk/ASURT/fs/src/fs-system/perception/build/yolov8/build/lib/yolov8
running install
running install_lib
creating /media/ezzedinayman/Local Disk/ASURT/fs/src/fs-system/perception/install/yolov8/lib/python3.10/site-packages/yolov8
copying /media/ezzedinayman/Local Disk/ASURT/fs/src/fs-system/perception/build/yolov8/build/lib/yolov8/yolo.py -> /media/ezzedinayman/Local Disk/ASURT/fs/src/fs-system/perception/install/yolov8/lib/python3.10/site-packages/yolov8
copying /media/ezzedinayman/Local Disk/ASURT/fs/src/fs-system/perception/build/yolov8/build/lib/yolov8/__init__.py -> /media/ezzedinayman/Local Disk/ASURT/fs/src/fs-system/perception/install/yolov8/lib/python3.10/site-packages/yolov8
byte-compiling /media/ezzedinayman/Local Disk/ASURT/fs/src/fs-system/perception/install/yolov8/lib/python3.10/site-packages/yolov8/yolo.py to yolo.cpython-310.pyc
byte-compiling /media/ezzedinayman/Local Disk/ASURT/fs/src/fs-system/perception/install/yolov8/lib/python3.10/site-packages/yolov8/__init__.py to __init__.cpython-310.pyc
running install_data
running install_egg_info
Copying ../build/yolov8/yolov8.egg-info to /media/ezzedinayman/Local Disk/ASURT/fs/src/fs-system/perception/install/yolov8/lib/python3.10/site-packages/yolov8-0.0.0-py3.10.egg-info
running install_scripts
Installing test_node script to /media/ezzedinayman/Local Disk/ASURT/fs/src/fs-system/perception/install/yolov8/lib/yolov8
writing list of installed files to '/media/ezzedinayman/Local Disk/ASURT/fs/src/fs-system/perception/build/yolov8/install.log'
