[2.484s] Invoking command in '/media/ezzedinayman/Local Disk/ASURT/fs/src/fs-system/perception/yolov8': PYTHONPATH=/media/ezzedinayman/Local Disk/ASURT/fs/src/fs-system/perception/build/yolov8/prefix_override:/media/ezzedinayman/Local Disk/ASURT/fs/src/fs-system/perception/install/yolov8/lib/python3.10/site-packages:${PYTHONPATH} /usr/bin/python3 setup.py egg_info --egg-base ../build/yolov8 build --build-base /media/ezzedinayman/Local Disk/ASURT/fs/src/fs-system/perception/build/yolov8/build install --record /media/ezzedinayman/Local Disk/ASURT/fs/src/fs-system/perception/build/yolov8/install.log --single-version-externally-managed
[2.790s] running egg_info
[2.790s] creating ../build/yolov8/yolov8.egg-info
[2.791s] writing ../build/yolov8/yolov8.egg-info/PKG-INFO
[2.791s] writing dependency_links to ../build/yolov8/yolov8.egg-info/dependency_links.txt
[2.791s] writing entry points to ../build/yolov8/yolov8.egg-info/entry_points.txt
[2.791s] writing requirements to ../build/yolov8/yolov8.egg-info/requires.txt
[2.792s] writing top-level names to ../build/yolov8/yolov8.egg-info/top_level.txt
[2.792s] writing manifest file '../build/yolov8/yolov8.egg-info/SOURCES.txt'
[2.794s] reading manifest file '../build/yolov8/yolov8.egg-info/SOURCES.txt'
[2.795s] writing manifest file '../build/yolov8/yolov8.egg-info/SOURCES.txt'
[2.795s] running build
[2.795s] running build_py
[2.795s] creating /media/ezzedinayman/Local Disk/ASURT/fs/src/fs-system/perception/build/yolov8/build
[2.795s] creating /media/ezzedinayman/Local Disk/ASURT/fs/src/fs-system/perception/build/yolov8/build/lib
[2.796s] creating /media/ezzedinayman/Local Disk/ASURT/fs/src/fs-system/perception/build/yolov8/build/lib/yolov8
[2.796s] copying yolov8/yolo.py -> /media/ezzedinayman/Local Disk/ASURT/fs/src/fs-system/perception/build/yolov8/build/lib/yolov8
[2.796s] copying yolov8/__init__.py -> /media/ezzedinayman/Local Disk/ASURT/fs/src/fs-system/perception/build/yolov8/build/lib/yolov8
[2.796s] running install
[2.796s] /usr/lib/python3/dist-packages/setuptools/command/install.py:34: SetuptoolsDeprecationWarning: setup.py install is deprecated. Use build and pip and other standards-based tools.
[2.796s]   warnings.warn(
[2.797s] running install_lib
[2.798s] creating /media/ezzedinayman/Local Disk/ASURT/fs/src/fs-system/perception/install/yolov8/lib/python3.10/site-packages/yolov8
[2.798s] copying /media/ezzedinayman/Local Disk/ASURT/fs/src/fs-system/perception/build/yolov8/build/lib/yolov8/yolo.py -> /media/ezzedinayman/Local Disk/ASURT/fs/src/fs-system/perception/install/yolov8/lib/python3.10/site-packages/yolov8
[2.798s] copying /media/ezzedinayman/Local Disk/ASURT/fs/src/fs-system/perception/build/yolov8/build/lib/yolov8/__init__.py -> /media/ezzedinayman/Local Disk/ASURT/fs/src/fs-system/perception/install/yolov8/lib/python3.10/site-packages/yolov8
[2.799s] byte-compiling /media/ezzedinayman/Local Disk/ASURT/fs/src/fs-system/perception/install/yolov8/lib/python3.10/site-packages/yolov8/yolo.py to yolo.cpython-310.pyc
[2.799s] byte-compiling /media/ezzedinayman/Local Disk/ASURT/fs/src/fs-system/perception/install/yolov8/lib/python3.10/site-packages/yolov8/__init__.py to __init__.cpython-310.pyc
[2.799s] running install_data
[2.800s] running install_egg_info
[2.802s] Copying ../build/yolov8/yolov8.egg-info to /media/ezzedinayman/Local Disk/ASURT/fs/src/fs-system/perception/install/yolov8/lib/python3.10/site-packages/yolov8-0.0.0-py3.10.egg-info
[2.803s] running install_scripts
[2.827s] Installing test_node script to /media/ezzedinayman/Local Disk/ASURT/fs/src/fs-system/perception/install/yolov8/lib/yolov8
[2.827s] writing list of installed files to '/media/ezzedinayman/Local Disk/ASURT/fs/src/fs-system/perception/build/yolov8/install.log'
[2.860s] Invoked command in '/media/ezzedinayman/Local Disk/ASURT/fs/src/fs-system/perception/yolov8' returned '0': PYTHONPATH=/media/ezzedinayman/Local Disk/ASURT/fs/src/fs-system/perception/build/yolov8/prefix_override:/media/ezzedinayman/Local Disk/ASURT/fs/src/fs-system/perception/install/yolov8/lib/python3.10/site-packages:${PYTHONPATH} /usr/bin/python3 setup.py egg_info --egg-base ../build/yolov8 build --build-base /media/ezzedinayman/Local Disk/ASURT/fs/src/fs-system/perception/build/yolov8/build install --record /media/ezzedinayman/Local Disk/ASURT/fs/src/fs-system/perception/build/yolov8/install.log --single-version-externally-managed
