-- Found ament_cmake: 1.3.7 (/opt/ros/humble/share/ament_cmake/cmake)
-- Override CMake install command with custom implementation using symlinks instead of copying resources
-- Found rclcpp: 16.0.8 (/opt/ros/humble/share/rclcpp/cmake)
-- Found rosidl_generator_c: 3.1.5 (/opt/ros/humble/share/rosidl_generator_c/cmake)
-- Found rosidl_adapter: 3.1.5 (/opt/ros/humble/share/rosidl_adapter/cmake)
-- Found rosidl_generator_cpp: 3.1.5 (/opt/ros/humble/share/rosidl_generator_cpp/cmake)
-- Using all available rosidl_typesupport_c: rosidl_typesupport_fastrtps_c;rosidl_typesupport_introspection_c
-- Using all available rosidl_typesupport_cpp: rosidl_typesupport_fastrtps_cpp;rosidl_typesupport_introspection_cpp
-- Found rmw_implementation_cmake: 6.1.1 (/opt/ros/humble/share/rmw_implementation_cmake/cmake)
-- Found rmw_fastrtps_cpp: 6.2.6 (/opt/ros/humble/share/rmw_fastrtps_cpp/cmake)
-- Using RMW implementation 'rmw_fastrtps_cpp' as default
-- Found rclcpp_components: 16.0.8 (/opt/ros/humble/share/rclcpp_components/cmake)
-- Found geometry_msgs: 4.2.3 (/opt/ros/humble/share/geometry_msgs/cmake)
-- Found sensor_msgs: 4.2.3 (/opt/ros/humble/share/sensor_msgs/cmake)
-- Found nav_msgs: 4.2.3 (/opt/ros/humble/share/nav_msgs/cmake)
-- Found std_srvs: 4.2.3 (/opt/ros/humble/share/std_srvs/cmake)
-- Found tf2_ros: 0.25.5 (/opt/ros/humble/share/tf2_ros/cmake)
-- Found tf2_eigen: 0.25.5 (/opt/ros/humble/share/tf2_eigen/cmake)
-- Found tf2_geometry_msgs: 0.25.5 (/opt/ros/humble/share/tf2_geometry_msgs/cmake)
-- Found eigen3_cmake_module: 0.1.1 (/opt/ros/humble/share/eigen3_cmake_module/cmake)
-- Found Eigen3: TRUE (found version "3.4.0") 
-- Ensuring Eigen3 include directory is part of orocos-kdl CMake target
-- Found tf2_sensor_msgs: 0.25.5 (/opt/ros/humble/share/tf2_sensor_msgs/cmake)
-- Found pcl_conversions: 2.4.0 (/opt/ros/humble/share/pcl_conversions/cmake)
-- Found lidarslam_msgs: 0.0.0 (/home/hazem/ros2_ws/install/lidarslam_msgs/share/lidarslam_msgs/cmake)
-- Found ndt_omp_ros2: 0.0.0 (/home/hazem/ros2_ws/install/ndt_omp_ros2/share/ndt_omp_ros2/cmake)
-- Eigen found (include: /usr/include/eigen3, version: 3.4.0)
-- FLANN found (include: /usr/include, lib: /usr/lib/x86_64-linux-gnu/libflann_cpp.so)
-- Found Eigen3: /usr/include/eigen3 (found version "3.4.0") 
-- OpenNI found (version: 1.5.4.0, include: /usr/include/ni, lib: /usr/lib/libOpenNI.so;libusb::libusb)
-- OpenNI2 found (version: 2.2.0.33, include: /usr/include/openni2, lib: /usr/lib/x86_64-linux-gnu/libOpenNI2.so;libusb::libusb)
[0m** WARNING ** io features related to pcap will be disabled[0m
-- Eigen found (include: /usr/include/eigen3, version: 3.4.0)
-- OpenNI found (version: 1.5.4.0, include: /usr/include/ni, lib: /usr/lib/libOpenNI.so;libusb::libusb)
-- OpenNI2 found (version: 2.2.0.33, include: /usr/include/openni2, lib: /usr/lib/x86_64-linux-gnu/libOpenNI2.so;libusb::libusb)
-- Found Qhull version 8.0.2
-- OpenNI found (version: 1.5.4.0, include: /usr/include/ni, lib: /usr/lib/libOpenNI.so;libusb::libusb)
-- looking for PCL_COMMON
-- looking for PCL_KDTREE
-- looking for PCL_OCTREE
-- looking for PCL_SEARCH
-- looking for PCL_SAMPLE_CONSENSUS
-- looking for PCL_FILTERS
-- looking for PCL_2D
-- looking for PCL_GEOMETRY
-- looking for PCL_IO
-- looking for PCL_FEATURES
-- looking for PCL_ML
-- looking for PCL_SEGMENTATION
-- looking for PCL_VISUALIZATION
-- looking for PCL_SURFACE
-- looking for PCL_REGISTRATION
-- looking for PCL_KEYPOINTS
-- looking for PCL_TRACKING
-- looking for PCL_RECOGNITION
-- looking for PCL_STEREO
-- looking for PCL_APPS
-- looking for PCL_IN_HAND_SCANNER
-- looking for PCL_MODELER
-- looking for PCL_POINT_CLOUD_EDITOR
-- looking for PCL_OUTOFCORE
-- looking for PCL_PEOPLE
-- Found Eigen3: TRUE (found version "3.4.0") 
-- Found OpenGL: /usr/lib/x86_64-linux-gnu/libOpenGL.so   
-- Found OpenMP_C: -fopenmp (found version "4.5") 
-- Found OpenMP_CXX: -fopenmp (found version "4.5") 
-- Found OpenMP: TRUE (found version "4.5")  
-- Found ament_lint_auto: 0.12.10 (/opt/ros/humble/share/ament_lint_auto/cmake)
-- Added test 'copyright' to check source files copyright and LICENSE
-- Added test 'cppcheck' to perform static code analysis on C / C++ code
-- Configured cppcheck include dirs: /home/hazem/ros2_ws/src/lidarslam_ros2/graph_based_slam/include
-- Configured cppcheck exclude dirs and/or files: 
-- Added test 'cpplint' to check C / C++ code against the Google style
-- Configured cpplint exclude dirs and/or files: 
-- Added test 'flake8' to check Python code syntax and style conventions
-- Added test 'lint_cmake' to check CMake code style
-- Added test 'pep257' to check Python code against some of the docstring style conventions in PEP 257
-- Added test 'uncrustify' to check C / C++ code style
-- Configured uncrustify additional arguments: 
-- Added test 'xmllint' to check XML markup files
-- Configuring done
-- Generating done
-- Build files have been written to: /home/hazem/ros2_ws/build/graph_based_slam
[ 25%] [32mBuilding CXX object CMakeFiles/graph_based_slam_component.dir/src/graph_based_slam_component.cpp.o[0m
[01m[K/home/hazem/ros2_ws/src/lidarslam_ros2/graph_based_slam/src/graph_based_slam_component.cpp:[m[K In member function ‘[01m[Kvoid graphslam::GraphBasedSlamComponent::doPoseAdjustment(lidarslam_msgs::msg::MapArray, bool)[m[K’:
[01m[K/home/hazem/ros2_ws/src/lidarslam_ros2/graph_based_slam/src/graph_based_slam_component.cpp:270:10:[m[K [01;31m[Kerror: [m[K‘[01m[Kmake_unique[m[K’ is not a member of ‘[01m[Kg2o[m[K’
  270 |     g2o::[01;31m[Kmake_unique[m[K<g2o::LinearSolverEigen<g2o::BlockSolver_6_3::PoseMatrixType>>();
      |          [01;31m[K^~~~~~~~~~~[m[K
[01m[K/home/hazem/ros2_ws/src/lidarslam_ros2/graph_based_slam/src/graph_based_slam_component.cpp:270:10:[m[K [01;36m[Knote: [m[Ksuggested alternatives:
In file included from [01m[K/usr/include/c++/11/memory:76[m[K,
                 from [01m[K/opt/ros/humble/include/rclcpp/rclcpp/rclcpp.hpp:153[m[K,
                 from [01m[K/home/hazem/ros2_ws/src/lidarslam_ros2/graph_based_slam/include/graph_based_slam/graph_based_slam_component.h:42[m[K,
                 from [01m[K/home/hazem/ros2_ws/src/lidarslam_ros2/graph_based_slam/src/graph_based_slam_component.cpp:1[m[K:
[01m[K/usr/include/c++/11/bits/unique_ptr.h:973:5:[m[K [01;36m[Knote: [m[K  ‘[01m[Kstd::make_unique[m[K’
  973 |     [01;36m[Kmake_unique[m[K(_Args&&...) = delete;
      |     [01;36m[K^~~~~~~~~~~[m[K
[01m[K/usr/include/c++/11/bits/unique_ptr.h:961:5:[m[K [01;36m[Knote: [m[K  ‘[01m[Kstd::make_unique[m[K’
  961 |     [01;36m[Kmake_unique[m[K(_Args&&... __args)
      |     [01;36m[K^~~~~~~~~~~[m[K
[01m[K/home/hazem/ros2_ws/src/lidarslam_ros2/graph_based_slam/src/graph_based_slam_component.cpp:270:81:[m[K [01;31m[Kerror: [m[Kexpected primary-expression before ‘[01m[K>[m[K’ token
  270 | o::LinearSolverEigen<g2o::BlockSolver_6_3::PoseMatrixType[01;31m[K>>[m[K();
      |                                                          [01;31m[K^~[m[K

[01m[K/home/hazem/ros2_ws/src/lidarslam_ros2/graph_based_slam/src/graph_based_slam_component.cpp:270:84:[m[K [01;31m[Kerror: [m[Kexpected primary-expression before ‘[01m[K)[m[K’ token
  270 | o::LinearSolverEigen<g2o::BlockSolver_6_3::PoseMatrixType>>([01;31m[K)[m[K;
      |                                                             [01;31m[K^[m[K

[01m[K/home/hazem/ros2_ws/src/lidarslam_ros2/graph_based_slam/src/graph_based_slam_component.cpp:272:10:[m[K [01;31m[Kerror: [m[K‘[01m[Kmake_unique[m[K’ is not a member of ‘[01m[Kg2o[m[K’
  272 |     g2o::[01;31m[Kmake_unique[m[K<g2o::BlockSolver_6_3>(std::move(linear_solver)));
      |          [01;31m[K^~~~~~~~~~~[m[K
[01m[K/home/hazem/ros2_ws/src/lidarslam_ros2/graph_based_slam/src/graph_based_slam_component.cpp:272:10:[m[K [01;36m[Knote: [m[Ksuggested alternatives:
In file included from [01m[K/usr/include/c++/11/memory:76[m[K,
                 from [01m[K/opt/ros/humble/include/rclcpp/rclcpp/rclcpp.hpp:153[m[K,
                 from [01m[K/home/hazem/ros2_ws/src/lidarslam_ros2/graph_based_slam/include/graph_based_slam/graph_based_slam_component.h:42[m[K,
                 from [01m[K/home/hazem/ros2_ws/src/lidarslam_ros2/graph_based_slam/src/graph_based_slam_component.cpp:1[m[K:
[01m[K/usr/include/c++/11/bits/unique_ptr.h:973:5:[m[K [01;36m[Knote: [m[K  ‘[01m[Kstd::make_unique[m[K’
  973 |     [01;36m[Kmake_unique[m[K(_Args&&...) = delete;
      |     [01;36m[K^~~~~~~~~~~[m[K
[01m[K/usr/include/c++/11/bits/unique_ptr.h:961:5:[m[K [01;36m[Knote: [m[K  ‘[01m[Kstd::make_unique[m[K’
  961 |     [01;36m[Kmake_unique[m[K(_Args&&... __args)
      |     [01;36m[K^~~~~~~~~~~[m[K
[01m[K/home/hazem/ros2_ws/src/lidarslam_ros2/graph_based_slam/src/graph_based_slam_component.cpp:272:42:[m[K [01;31m[Kerror: [m[Kexpected primary-expression before ‘[01m[K>[m[K’ token
  272 |     g2o::make_unique<g2o::BlockSolver_6_3[01;31m[K>[m[K(std::move(linear_solver)));
      |                                          [01;31m[K^[m[K
gmake[2]: *** [CMakeFiles/graph_based_slam_component.dir/build.make:76: CMakeFiles/graph_based_slam_component.dir/src/graph_based_slam_component.cpp.o] Error 1
gmake[1]: *** [CMakeFiles/Makefile2:139: CMakeFiles/graph_based_slam_component.dir/all] Error 2
gmake: *** [Makefile:146: all] Error 2
