[1.674s] Invoking command in '/home/mazen/ros2_ws/src/fs-system/perception/build/mypython_pcl': PYTHONPATH=/home/mazen/ros2_ws/src/fs-system/perception/build/mypython_pcl/prefix_override:/home/mazen/ros2_ws/src/fs-system/perception/install/mypython_pcl/lib/python3.10/site-packages:${PYTHONPATH} /usr/bin/python3 setup.py develop --uninstall --editable --build-directory /home/mazen/ros2_ws/src/fs-system/perception/build/mypython_pcl/build
[1.864s] running develop
[1.982s] Removing /home/mazen/ros2_ws/src/fs-system/perception/install/mypython_pcl/lib/python3.10/site-packages/mypython-pcl.egg-link (link to .)
[2.029s] Invoked command in '/home/mazen/ros2_ws/src/fs-system/perception/build/mypython_pcl' returned '0': PYTHONPATH=/home/mazen/ros2_ws/src/fs-system/perception/build/mypython_pcl/prefix_override:/home/mazen/ros2_ws/src/fs-system/perception/install/mypython_pcl/lib/python3.10/site-packages:${PYTHONPATH} /usr/bin/python3 setup.py develop --uninstall --editable --build-directory /home/mazen/ros2_ws/src/fs-system/perception/build/mypython_pcl/build
[2.031s] Invoking command in '/home/mazen/ros2_ws/src/fs-system/perception/mrpython_pcl': PYTHONPATH=/home/mazen/ros2_ws/src/fs-system/perception/build/mypython_pcl/prefix_override:/home/mazen/ros2_ws/src/fs-system/perception/install/mypython_pcl/lib/python3.10/site-packages:${PYTHONPATH} /usr/bin/python3 setup.py egg_info --egg-base ../build/mypython_pcl build --build-base /home/mazen/ros2_ws/src/fs-system/perception/build/mypython_pcl/build install --record /home/mazen/ros2_ws/src/fs-system/perception/build/mypython_pcl/install.log --single-version-externally-managed
[2.211s] running egg_info
[2.212s] writing ../build/mypython_pcl/mypython_pcl.egg-info/PKG-INFO
[2.212s] writing dependency_links to ../build/mypython_pcl/mypython_pcl.egg-info/dependency_links.txt
[2.212s] writing entry points to ../build/mypython_pcl/mypython_pcl.egg-info/entry_points.txt
[2.212s] writing requirements to ../build/mypython_pcl/mypython_pcl.egg-info/requires.txt
[2.212s] writing top-level names to ../build/mypython_pcl/mypython_pcl.egg-info/top_level.txt
[2.214s] reading manifest file '../build/mypython_pcl/mypython_pcl.egg-info/SOURCES.txt'
[2.214s] writing manifest file '../build/mypython_pcl/mypython_pcl.egg-info/SOURCES.txt'
[2.214s] running build
[2.214s] running build_py
[2.214s] running install
[2.215s] running install_lib
[2.215s] creating /home/mazen/ros2_ws/src/fs-system/perception/install/mypython_pcl/lib/python3.10/site-packages/mypython_pcl
[2.215s] copying /home/mazen/ros2_ws/src/fs-system/perception/build/mypython_pcl/build/lib/mypython_pcl/__init__.py -> /home/mazen/ros2_ws/src/fs-system/perception/install/mypython_pcl/lib/python3.10/site-packages/mypython_pcl
[2.215s] byte-compiling /home/mazen/ros2_ws/src/fs-system/perception/install/mypython_pcl/lib/python3.10/site-packages/mypython_pcl/__init__.py to __init__.cpython-310.pyc
[2.216s] running install_data
[2.216s] running install_egg_info
[2.217s] Copying ../build/mypython_pcl/mypython_pcl.egg-info to /home/mazen/ros2_ws/src/fs-system/perception/install/mypython_pcl/lib/python3.10/site-packages/mypython_pcl-0.0.0-py3.10.egg-info
[2.218s] running install_scripts
[2.233s] writing list of installed files to '/home/mazen/ros2_ws/src/fs-system/perception/build/mypython_pcl/install.log'
[2.403s] Invoked command in '/home/mazen/ros2_ws/src/fs-system/perception/mrpython_pcl' returned '0': PYTHONPATH=/home/mazen/ros2_ws/src/fs-system/perception/build/mypython_pcl/prefix_override:/home/mazen/ros2_ws/src/fs-system/perception/install/mypython_pcl/lib/python3.10/site-packages:${PYTHONPATH} /usr/bin/python3 setup.py egg_info --egg-base ../build/mypython_pcl build --build-base /home/mazen/ros2_ws/src/fs-system/perception/build/mypython_pcl/build install --record /home/mazen/ros2_ws/src/fs-system/perception/build/mypython_pcl/install.log --single-version-externally-managed
