running egg_info
creating ../build/mypython_pcl/mypython_pcl.egg-info
writing ../build/mypython_pcl/mypython_pcl.egg-info/PKG-INFO
writing dependency_links to ../build/mypython_pcl/mypython_pcl.egg-info/dependency_links.txt
writing entry points to ../build/mypython_pcl/mypython_pcl.egg-info/entry_points.txt
writing requirements to ../build/mypython_pcl/mypython_pcl.egg-info/requires.txt
writing top-level names to ../build/mypython_pcl/mypython_pcl.egg-info/top_level.txt
writing manifest file '../build/mypython_pcl/mypython_pcl.egg-info/SOURCES.txt'
reading manifest file '../build/mypython_pcl/mypython_pcl.egg-info/SOURCES.txt'
writing manifest file '../build/mypython_pcl/mypython_pcl.egg-info/SOURCES.txt'
running build
running build_py
creating /home/mazen/ros2_ws/src/fs-system/perception/build/mypython_pcl/build
creating /home/mazen/ros2_ws/src/fs-system/perception/build/mypython_pcl/build/lib
creating /home/mazen/ros2_ws/src/fs-system/perception/build/mypython_pcl/build/lib/mypython_pcl
copying mypython_pcl/__init__.py -> /home/mazen/ros2_ws/src/fs-system/perception/build/mypython_pcl/build/lib/mypython_pcl
running install
running install_lib
creating /home/mazen/ros2_ws/src/fs-system/perception/install/mypython_pcl/lib/python3.10/site-packages/mypython_pcl
copying /home/mazen/ros2_ws/src/fs-system/perception/build/mypython_pcl/build/lib/mypython_pcl/__init__.py -> /home/mazen/ros2_ws/src/fs-system/perception/install/mypython_pcl/lib/python3.10/site-packages/mypython_pcl
byte-compiling /home/mazen/ros2_ws/src/fs-system/perception/install/mypython_pcl/lib/python3.10/site-packages/mypython_pcl/__init__.py to __init__.cpython-310.pyc
running install_data
creating /home/mazen/ros2_ws/src/fs-system/perception/install/mypython_pcl/share/ament_index
creating /home/mazen/ros2_ws/src/fs-system/perception/install/mypython_pcl/share/ament_index/resource_index
creating /home/mazen/ros2_ws/src/fs-system/perception/install/mypython_pcl/share/ament_index/resource_index/packages
copying resource/mypython_pcl -> /home/mazen/ros2_ws/src/fs-system/perception/install/mypython_pcl/share/ament_index/resource_index/packages
copying package.xml -> /home/mazen/ros2_ws/src/fs-system/perception/install/mypython_pcl/share/mypython_pcl
running install_egg_info
Copying ../build/mypython_pcl/mypython_pcl.egg-info to /home/mazen/ros2_ws/src/fs-system/perception/install/mypython_pcl/lib/python3.10/site-packages/mypython_pcl-0.0.0-py3.10.egg-info
running install_scripts
writing list of installed files to '/home/mazen/ros2_ws/src/fs-system/perception/build/mypython_pcl/install.log'
