[2.055s] Invoking command in '/home/mazen/ros2_ws/src/fs-system/perception/mypython_pcl': PYTHONPATH=/home/mazen/ros2_ws/src/fs-system/perception/build/mypython_pcl/prefix_override:/home/mazen/ros2_ws/src/fs-system/perception/install/mypython_pcl/lib/python3.10/site-packages:${PYTHONPATH} /usr/bin/python3 setup.py egg_info --egg-base ../build/mypython_pcl build --build-base /home/mazen/ros2_ws/src/fs-system/perception/build/mypython_pcl/build install --record /home/mazen/ros2_ws/src/fs-system/perception/build/mypython_pcl/install.log --single-version-externally-managed
[2.317s] running egg_info
[2.318s] creating ../build/mypython_pcl/mypython_pcl.egg-info
[2.318s] writing ../build/mypython_pcl/mypython_pcl.egg-info/PKG-INFO
[2.318s] writing dependency_links to ../build/mypython_pcl/mypython_pcl.egg-info/dependency_links.txt
[2.318s] writing entry points to ../build/mypython_pcl/mypython_pcl.egg-info/entry_points.txt
[2.319s] writing requirements to ../build/mypython_pcl/mypython_pcl.egg-info/requires.txt
[2.319s] writing top-level names to ../build/mypython_pcl/mypython_pcl.egg-info/top_level.txt
[2.319s] writing manifest file '../build/mypython_pcl/mypython_pcl.egg-info/SOURCES.txt'
[2.320s] reading manifest file '../build/mypython_pcl/mypython_pcl.egg-info/SOURCES.txt'
[2.321s] writing manifest file '../build/mypython_pcl/mypython_pcl.egg-info/SOURCES.txt'
[2.321s] running build
[2.322s] running build_py
[2.322s] creating /home/mazen/ros2_ws/src/fs-system/perception/build/mypython_pcl/build
[2.322s] creating /home/mazen/ros2_ws/src/fs-system/perception/build/mypython_pcl/build/lib
[2.322s] creating /home/mazen/ros2_ws/src/fs-system/perception/build/mypython_pcl/build/lib/mypython_pcl
[2.322s] copying mypython_pcl/__init__.py -> /home/mazen/ros2_ws/src/fs-system/perception/build/mypython_pcl/build/lib/mypython_pcl
[2.322s] running install
[2.323s] running install_lib
[2.323s] creating /home/mazen/ros2_ws/src/fs-system/perception/install/mypython_pcl/lib/python3.10/site-packages/mypython_pcl
[2.323s] copying /home/mazen/ros2_ws/src/fs-system/perception/build/mypython_pcl/build/lib/mypython_pcl/__init__.py -> /home/mazen/ros2_ws/src/fs-system/perception/install/mypython_pcl/lib/python3.10/site-packages/mypython_pcl
[2.324s] byte-compiling /home/mazen/ros2_ws/src/fs-system/perception/install/mypython_pcl/lib/python3.10/site-packages/mypython_pcl/__init__.py to __init__.cpython-310.pyc
[2.324s] running install_data
[2.324s] creating /home/mazen/ros2_ws/src/fs-system/perception/install/mypython_pcl/share/ament_index
[2.324s] creating /home/mazen/ros2_ws/src/fs-system/perception/install/mypython_pcl/share/ament_index/resource_index
[2.325s] creating /home/mazen/ros2_ws/src/fs-system/perception/install/mypython_pcl/share/ament_index/resource_index/packages
[2.325s] copying resource/mypython_pcl -> /home/mazen/ros2_ws/src/fs-system/perception/install/mypython_pcl/share/ament_index/resource_index/packages
[2.325s] copying package.xml -> /home/mazen/ros2_ws/src/fs-system/perception/install/mypython_pcl/share/mypython_pcl
[2.325s] running install_egg_info
[2.326s] Copying ../build/mypython_pcl/mypython_pcl.egg-info to /home/mazen/ros2_ws/src/fs-system/perception/install/mypython_pcl/lib/python3.10/site-packages/mypython_pcl-0.0.0-py3.10.egg-info
[2.328s] running install_scripts
[2.349s] writing list of installed files to '/home/mazen/ros2_ws/src/fs-system/perception/build/mypython_pcl/install.log'
[2.480s] Invoked command in '/home/mazen/ros2_ws/src/fs-system/perception/mypython_pcl' returned '0': PYTHONPATH=/home/mazen/ros2_ws/src/fs-system/perception/build/mypython_pcl/prefix_override:/home/mazen/ros2_ws/src/fs-system/perception/install/mypython_pcl/lib/python3.10/site-packages:${PYTHONPATH} /usr/bin/python3 setup.py egg_info --egg-base ../build/mypython_pcl build --build-base /home/mazen/ros2_ws/src/fs-system/perception/build/mypython_pcl/build install --record /home/mazen/ros2_ws/src/fs-system/perception/build/mypython_pcl/install.log --single-version-externally-managed
