[0.000000] (-) TimerEvent: {}
[0.000726] (-) JobUnselected: {'identifier': 'asurt_msgs'}
[0.000860] (-) TimerEvent: {}
[0.001120] (-) JobUnselected: {'identifier': 'camera_interface'}
[0.001225] (-) JobUnselected: {'identifier': 'centerline_calc'}
[0.001311] (-) JobUnselected: {'identifier': 'common_params'}
[0.002073] (-) JobUnselected: {'identifier': 'eufs_msgs'}
[0.003333] (-) JobUnselected: {'identifier': 'interfaces'}
[0.003568] (-) JobUnselected: {'identifier': 'kp_reg'}
[0.003717] (-) JobUnselected: {'identifier': 'lqr'}
[0.003850] (-) JobUnselected: {'identifier': 'moreo'}
[0.003995] (-) JobUnselected: {'identifier': 'planning_apf'}
[0.004127] (-) JobUnselected: {'identifier': 'planning_trees'}
[0.004254] (-) JobUnselected: {'identifier': 'pure_pursuit'}
[0.004385] (-) JobUnselected: {'identifier': 'simple_pure_pursuit'}
[0.005009] (-) JobUnselected: {'identifier': 'slam_manager'}
[0.005176] (-) JobUnselected: {'identifier': 'supervisor'}
[0.005312] (-) JobUnselected: {'identifier': 'tf_helper'}
[0.005439] (-) JobUnselected: {'identifier': 'tracker'}
[0.005576] (-) JobUnselected: {'identifier': 'trapper'}
[0.005707] (-) JobUnselected: {'identifier': 'visualizer'}
[0.005836] (-) JobUnselected: {'identifier': 'waypoint_cleaner'}
[0.005960] (-) JobUnselected: {'identifier': 'yolov8'}
[0.006710] (-) JobUnselected: {'identifier': 'zed_opencv'}
[0.006884] (smoreo) JobQueued: {'identifier': 'smoreo', 'dependencies': OrderedDict([('asurt_msgs', '/media/ezzedinayman/Local Disk/FS-System/fs-system/install/asurt_msgs'), ('interfaces', '/media/ezzedinayman/Local Disk/FS-System/fs-system/install/interfaces')])}
[0.007055] (mrpython_pcl) JobQueued: {'identifier': 'mrpython_pcl', 'dependencies': OrderedDict([('asurt_msgs', '/media/ezzedinayman/Local Disk/FS-System/fs-system/install/asurt_msgs'), ('common_params', '/media/ezzedinayman/Local Disk/FS-System/fs-system/install/common_params'), ('tf_helper', '/media/ezzedinayman/Local Disk/FS-System/fs-system/install/tf_helper')])}
[0.007206] (smornn) JobQueued: {'identifier': 'smornn', 'dependencies': OrderedDict([('asurt_msgs', '/media/ezzedinayman/Local Disk/FS-System/fs-system/install/asurt_msgs'), ('tf_helper', '/media/ezzedinayman/Local Disk/FS-System/fs-system/install/tf_helper')])}
[0.007346] (smoreo) JobStarted: {'identifier': 'smoreo'}
[0.009984] (smoreo) JobEnded: {'identifier': 'smoreo', 'rc': 1}
[0.012315] (mrpython_pcl) JobStarted: {'identifier': 'mrpython_pcl'}
[0.012692] (smornn) JobStarted: {'identifier': 'smornn'}
[0.037831] (mrpython_pcl) JobEnded: {'identifier': 'mrpython_pcl', 'rc': 'SIGINT'}
[0.039744] (smornn) JobEnded: {'identifier': 'smornn', 'rc': 'SIGINT'}
[0.050322] (-) EventReactorShutdown: {}
