[0.132s] DEBUG:colcon:Command line arguments: ['/usr/bin/colcon', 'build', '--packages-select', 'mrpython_pcl', 'smoreo', 'smornn']
[0.132s] DEBUG:colcon:Parsed command line arguments: Namespace(log_base=None, log_level=None, verb_name='build', build_base='build', install_base='install', merge_install=False, symlink_install=False, test_result_base=None, continue_on_error=False, executor='parallel', parallel_workers=8, event_handlers=None, ignore_user_meta=False, metas=['./colcon.meta'], base_paths=['.'], packages_ignore=None, packages_ignore_regex=None, paths=None, packages_up_to=None, packages_up_to_regex=None, packages_above=None, packages_above_and_dependencies=None, packages_above_depth=None, packages_select_by_dep=None, packages_skip_by_dep=None, packages_skip_up_to=None, packages_select_build_failed=False, packages_skip_build_finished=False, packages_select_test_failures=False, packages_skip_test_passed=False, packages_select=['mrpython_pcl', 'smoreo', 'smornn'], packages_skip=None, packages_select_regex=None, packages_skip_regex=None, packages_start=None, packages_end=None, allow_overriding=[], cmake_args=None, cmake_target=None, cmake_target_skip_unavailable=False, cmake_clean_cache=False, cmake_clean_first=False, cmake_force_configure=False, ament_cmake_args=None, catkin_cmake_args=None, catkin_skip_building_tests=False, verb_parser=<colcon_defaults.argument_parser.defaults.DefaultArgumentsDecorator object at 0x7b1d81cfb8b0>, verb_extension=<colcon_core.verb.build.BuildVerb object at 0x7b1d81e884f0>, main=<bound method BuildVerb.main of <colcon_core.verb.build.BuildVerb object at 0x7b1d81e884f0>>)
[0.366s] Level 1:colcon.colcon_core.package_discovery:discover_packages(colcon_meta) check parameters
[0.366s] Level 1:colcon.colcon_core.package_discovery:discover_packages(recursive) check parameters
[0.366s] Level 1:colcon.colcon_core.package_discovery:discover_packages(ignore) check parameters
[0.366s] Level 1:colcon.colcon_core.package_discovery:discover_packages(path) check parameters
[0.366s] Level 1:colcon.colcon_core.package_discovery:discover_packages(colcon_meta) discover
[0.366s] Level 1:colcon.colcon_core.package_discovery:discover_packages(recursive) discover
[0.366s] INFO:colcon.colcon_core.package_discovery:Crawling recursively for packages in '/media/ezzedinayman/Local Disk/FS-System/fs-system'
[0.366s] Level 1:colcon.colcon_core.package_identification:_identify(.) by extensions ['ignore', 'ignore_ament_install']
[0.366s] Level 1:colcon.colcon_core.package_identification:_identify(.) by extension 'ignore'
[0.366s] Level 1:colcon.colcon_core.package_identification:_identify(.) by extension 'ignore_ament_install'
[0.367s] Level 1:colcon.colcon_core.package_identification:_identify(.) by extensions ['colcon_pkg']
[0.367s] Level 1:colcon.colcon_core.package_identification:_identify(.) by extension 'colcon_pkg'
[0.367s] Level 1:colcon.colcon_core.package_identification:_identify(.) by extensions ['colcon_meta']
[0.367s] Level 1:colcon.colcon_core.package_identification:_identify(.) by extension 'colcon_meta'
[0.367s] Level 1:colcon.colcon_core.package_identification:_identify(.) by extensions ['ros']
[0.367s] Level 1:colcon.colcon_core.package_identification:_identify(.) by extension 'ros'
[0.377s] Level 1:colcon.colcon_core.package_identification:_identify(.) by extensions ['cmake', 'python']
[0.377s] Level 1:colcon.colcon_core.package_identification:_identify(.) by extension 'cmake'
[0.418s] ERROR:colcon.colcon_core.package_identification:Exception in package identification extension 'cmake' in '.': Failed to extract project name from 'CMakeLists.txt'
Traceback (most recent call last):
  File "/usr/lib/python3/dist-packages/colcon_core/package_identification/__init__.py", line 142, in _identify
    retval = extension.identify(_reused_descriptor_instance)
  File "/usr/lib/python3/dist-packages/colcon_cmake/package_identification/cmake.py", line 37, in identify
    raise RuntimeError(
RuntimeError: Failed to extract project name from 'CMakeLists.txt'

[0.418s] Level 1:colcon.colcon_core.package_identification:_identify(.) by extension 'python'
[0.418s] Level 1:colcon.colcon_core.package_identification:_identify(.) by extensions ['python_setup_py']
[0.418s] Level 1:colcon.colcon_core.package_identification:_identify(.) by extension 'python_setup_py'
[0.418s] Level 1:colcon.colcon_core.package_identification:_identify(build) by extensions ['ignore', 'ignore_ament_install']
[0.418s] Level 1:colcon.colcon_core.package_identification:_identify(build) by extension 'ignore'
[0.418s] Level 1:colcon.colcon_core.package_identification:_identify(build) ignored
[0.418s] Level 1:colcon.colcon_core.package_identification:_identify(dependencies) by extensions ['ignore', 'ignore_ament_install']
[0.418s] Level 1:colcon.colcon_core.package_identification:_identify(dependencies) by extension 'ignore'
[0.418s] Level 1:colcon.colcon_core.package_identification:_identify(dependencies) by extension 'ignore_ament_install'
[0.418s] Level 1:colcon.colcon_core.package_identification:_identify(dependencies) by extensions ['colcon_pkg']
[0.418s] Level 1:colcon.colcon_core.package_identification:_identify(dependencies) by extension 'colcon_pkg'
[0.418s] Level 1:colcon.colcon_core.package_identification:_identify(dependencies) by extensions ['colcon_meta']
[0.418s] Level 1:colcon.colcon_core.package_identification:_identify(dependencies) by extension 'colcon_meta'
[0.418s] Level 1:colcon.colcon_core.package_identification:_identify(dependencies) by extensions ['ros']
[0.418s] Level 1:colcon.colcon_core.package_identification:_identify(dependencies) by extension 'ros'
[0.419s] Level 1:colcon.colcon_core.package_identification:_identify(dependencies) by extensions ['cmake', 'python']
[0.419s] Level 1:colcon.colcon_core.package_identification:_identify(dependencies) by extension 'cmake'
[0.419s] Level 1:colcon.colcon_core.package_identification:_identify(dependencies) by extension 'python'
[0.419s] Level 1:colcon.colcon_core.package_identification:_identify(dependencies) by extensions ['python_setup_py']
[0.419s] Level 1:colcon.colcon_core.package_identification:_identify(dependencies) by extension 'python_setup_py'
[0.419s] Level 1:colcon.colcon_core.package_identification:_identify(dependencies/ackermann_msgs) by extensions ['ignore', 'ignore_ament_install']
[0.419s] Level 1:colcon.colcon_core.package_identification:_identify(dependencies/ackermann_msgs) by extension 'ignore'
[0.419s] Level 1:colcon.colcon_core.package_identification:_identify(dependencies/ackermann_msgs) by extension 'ignore_ament_install'
[0.419s] Level 1:colcon.colcon_core.package_identification:_identify(dependencies/ackermann_msgs) by extensions ['colcon_pkg']
[0.419s] Level 1:colcon.colcon_core.package_identification:_identify(dependencies/ackermann_msgs) by extension 'colcon_pkg'
[0.419s] Level 1:colcon.colcon_core.package_identification:_identify(dependencies/ackermann_msgs) by extensions ['colcon_meta']
[0.419s] Level 1:colcon.colcon_core.package_identification:_identify(dependencies/ackermann_msgs) by extension 'colcon_meta'
[0.419s] Level 1:colcon.colcon_core.package_identification:_identify(dependencies/ackermann_msgs) by extensions ['ros']
[0.419s] Level 1:colcon.colcon_core.package_identification:_identify(dependencies/ackermann_msgs) by extension 'ros'
[0.419s] Level 1:colcon.colcon_core.package_identification:_identify(dependencies/ackermann_msgs) by extensions ['cmake', 'python']
[0.419s] Level 1:colcon.colcon_core.package_identification:_identify(dependencies/ackermann_msgs) by extension 'cmake'
[0.419s] Level 1:colcon.colcon_core.package_identification:_identify(dependencies/ackermann_msgs) by extension 'python'
[0.419s] Level 1:colcon.colcon_core.package_identification:_identify(dependencies/ackermann_msgs) by extensions ['python_setup_py']
[0.419s] Level 1:colcon.colcon_core.package_identification:_identify(dependencies/ackermann_msgs) by extension 'python_setup_py'
[0.420s] Level 1:colcon.colcon_core.package_identification:_identify(dependencies/asurt_msgs) by extensions ['ignore', 'ignore_ament_install']
[0.420s] Level 1:colcon.colcon_core.package_identification:_identify(dependencies/asurt_msgs) by extension 'ignore'
[0.420s] Level 1:colcon.colcon_core.package_identification:_identify(dependencies/asurt_msgs) by extension 'ignore_ament_install'
[0.420s] Level 1:colcon.colcon_core.package_identification:_identify(dependencies/asurt_msgs) by extensions ['colcon_pkg']
[0.420s] Level 1:colcon.colcon_core.package_identification:_identify(dependencies/asurt_msgs) by extension 'colcon_pkg'
[0.420s] Level 1:colcon.colcon_core.package_identification:_identify(dependencies/asurt_msgs) by extensions ['colcon_meta']
[0.420s] Level 1:colcon.colcon_core.package_identification:_identify(dependencies/asurt_msgs) by extension 'colcon_meta'
[0.420s] Level 1:colcon.colcon_core.package_identification:_identify(dependencies/asurt_msgs) by extensions ['ros']
[0.420s] Level 1:colcon.colcon_core.package_identification:_identify(dependencies/asurt_msgs) by extension 'ros'
[0.422s] DEBUG:colcon.colcon_core.package_identification:Package 'dependencies/asurt_msgs' with type 'ros.ament_cmake' and name 'asurt_msgs'
[0.423s] Level 1:colcon.colcon_core.package_identification:_identify(dependencies/common_params) by extensions ['ignore', 'ignore_ament_install']
[0.423s] Level 1:colcon.colcon_core.package_identification:_identify(dependencies/common_params) by extension 'ignore'
[0.423s] Level 1:colcon.colcon_core.package_identification:_identify(dependencies/common_params) by extension 'ignore_ament_install'
[0.423s] Level 1:colcon.colcon_core.package_identification:_identify(dependencies/common_params) by extensions ['colcon_pkg']
[0.423s] Level 1:colcon.colcon_core.package_identification:_identify(dependencies/common_params) by extension 'colcon_pkg'
[0.423s] Level 1:colcon.colcon_core.package_identification:_identify(dependencies/common_params) by extensions ['colcon_meta']
[0.423s] Level 1:colcon.colcon_core.package_identification:_identify(dependencies/common_params) by extension 'colcon_meta'
[0.423s] Level 1:colcon.colcon_core.package_identification:_identify(dependencies/common_params) by extensions ['ros']
[0.423s] Level 1:colcon.colcon_core.package_identification:_identify(dependencies/common_params) by extension 'ros'
[0.423s] DEBUG:colcon.colcon_core.package_identification:Package 'dependencies/common_params' with type 'ros.ament_cmake' and name 'common_params'
[0.423s] Level 1:colcon.colcon_core.package_identification:_identify(dependencies/eufs_msgs) by extensions ['ignore', 'ignore_ament_install']
[0.424s] Level 1:colcon.colcon_core.package_identification:_identify(dependencies/eufs_msgs) by extension 'ignore'
[0.424s] Level 1:colcon.colcon_core.package_identification:_identify(dependencies/eufs_msgs) by extension 'ignore_ament_install'
[0.424s] Level 1:colcon.colcon_core.package_identification:_identify(dependencies/eufs_msgs) by extensions ['colcon_pkg']
[0.424s] Level 1:colcon.colcon_core.package_identification:_identify(dependencies/eufs_msgs) by extension 'colcon_pkg'
[0.424s] Level 1:colcon.colcon_core.package_identification:_identify(dependencies/eufs_msgs) by extensions ['colcon_meta']
[0.424s] Level 1:colcon.colcon_core.package_identification:_identify(dependencies/eufs_msgs) by extension 'colcon_meta'
[0.424s] Level 1:colcon.colcon_core.package_identification:_identify(dependencies/eufs_msgs) by extensions ['ros']
[0.424s] Level 1:colcon.colcon_core.package_identification:_identify(dependencies/eufs_msgs) by extension 'ros'
[0.425s] DEBUG:colcon.colcon_core.package_identification:Package 'dependencies/eufs_msgs' with type 'ros.ament_cmake' and name 'eufs_msgs'
[0.425s] Level 1:colcon.colcon_core.package_identification:_identify(dependencies/interfaces) by extensions ['ignore', 'ignore_ament_install']
[0.425s] Level 1:colcon.colcon_core.package_identification:_identify(dependencies/interfaces) by extension 'ignore'
[0.425s] Level 1:colcon.colcon_core.package_identification:_identify(dependencies/interfaces) by extension 'ignore_ament_install'
[0.425s] Level 1:colcon.colcon_core.package_identification:_identify(dependencies/interfaces) by extensions ['colcon_pkg']
[0.425s] Level 1:colcon.colcon_core.package_identification:_identify(dependencies/interfaces) by extension 'colcon_pkg'
[0.425s] Level 1:colcon.colcon_core.package_identification:_identify(dependencies/interfaces) by extensions ['colcon_meta']
[0.425s] Level 1:colcon.colcon_core.package_identification:_identify(dependencies/interfaces) by extension 'colcon_meta'
[0.425s] Level 1:colcon.colcon_core.package_identification:_identify(dependencies/interfaces) by extensions ['ros']
[0.425s] Level 1:colcon.colcon_core.package_identification:_identify(dependencies/interfaces) by extension 'ros'
[0.427s] DEBUG:colcon.colcon_core.package_identification:Package 'dependencies/interfaces' with type 'ros.ament_cmake' and name 'interfaces'
[0.427s] Level 1:colcon.colcon_core.package_identification:_identify(dependencies/ros_numpy) by extensions ['ignore', 'ignore_ament_install']
[0.427s] Level 1:colcon.colcon_core.package_identification:_identify(dependencies/ros_numpy) by extension 'ignore'
[0.428s] Level 1:colcon.colcon_core.package_identification:_identify(dependencies/ros_numpy) by extension 'ignore_ament_install'
[0.428s] Level 1:colcon.colcon_core.package_identification:_identify(dependencies/ros_numpy) by extensions ['colcon_pkg']
[0.428s] Level 1:colcon.colcon_core.package_identification:_identify(dependencies/ros_numpy) by extension 'colcon_pkg'
[0.428s] Level 1:colcon.colcon_core.package_identification:_identify(dependencies/ros_numpy) by extensions ['colcon_meta']
[0.428s] Level 1:colcon.colcon_core.package_identification:_identify(dependencies/ros_numpy) by extension 'colcon_meta'
[0.428s] Level 1:colcon.colcon_core.package_identification:_identify(dependencies/ros_numpy) by extensions ['ros']
[0.428s] Level 1:colcon.colcon_core.package_identification:_identify(dependencies/ros_numpy) by extension 'ros'
[0.428s] Level 1:colcon.colcon_core.package_identification:_identify(dependencies/ros_numpy) by extensions ['cmake', 'python']
[0.428s] Level 1:colcon.colcon_core.package_identification:_identify(dependencies/ros_numpy) by extension 'cmake'
[0.428s] Level 1:colcon.colcon_core.package_identification:_identify(dependencies/ros_numpy) by extension 'python'
[0.428s] Level 1:colcon.colcon_core.package_identification:_identify(dependencies/ros_numpy) by extensions ['python_setup_py']
[0.428s] Level 1:colcon.colcon_core.package_identification:_identify(dependencies/ros_numpy) by extension 'python_setup_py'
[0.428s] Level 1:colcon.colcon_core.package_identification:_identify(dependencies/spinnaker_sdk_camera_driver) by extensions ['ignore', 'ignore_ament_install']
[0.428s] Level 1:colcon.colcon_core.package_identification:_identify(dependencies/spinnaker_sdk_camera_driver) by extension 'ignore'
[0.428s] Level 1:colcon.colcon_core.package_identification:_identify(dependencies/spinnaker_sdk_camera_driver) by extension 'ignore_ament_install'
[0.428s] Level 1:colcon.colcon_core.package_identification:_identify(dependencies/spinnaker_sdk_camera_driver) by extensions ['colcon_pkg']
[0.428s] Level 1:colcon.colcon_core.package_identification:_identify(dependencies/spinnaker_sdk_camera_driver) by extension 'colcon_pkg'
[0.428s] Level 1:colcon.colcon_core.package_identification:_identify(dependencies/spinnaker_sdk_camera_driver) by extensions ['colcon_meta']
[0.428s] Level 1:colcon.colcon_core.package_identification:_identify(dependencies/spinnaker_sdk_camera_driver) by extension 'colcon_meta'
[0.429s] Level 1:colcon.colcon_core.package_identification:_identify(dependencies/spinnaker_sdk_camera_driver) by extensions ['ros']
[0.429s] Level 1:colcon.colcon_core.package_identification:_identify(dependencies/spinnaker_sdk_camera_driver) by extension 'ros'
[0.429s] Level 1:colcon.colcon_core.package_identification:_identify(dependencies/spinnaker_sdk_camera_driver) by extensions ['cmake', 'python']
[0.429s] Level 1:colcon.colcon_core.package_identification:_identify(dependencies/spinnaker_sdk_camera_driver) by extension 'cmake'
[0.429s] Level 1:colcon.colcon_core.package_identification:_identify(dependencies/spinnaker_sdk_camera_driver) by extension 'python'
[0.429s] Level 1:colcon.colcon_core.package_identification:_identify(dependencies/spinnaker_sdk_camera_driver) by extensions ['python_setup_py']
[0.429s] Level 1:colcon.colcon_core.package_identification:_identify(dependencies/spinnaker_sdk_camera_driver) by extension 'python_setup_py'
[0.429s] Level 1:colcon.colcon_core.package_identification:_identify(dependencies/tf_helper) by extensions ['ignore', 'ignore_ament_install']
[0.429s] Level 1:colcon.colcon_core.package_identification:_identify(dependencies/tf_helper) by extension 'ignore'
[0.429s] Level 1:colcon.colcon_core.package_identification:_identify(dependencies/tf_helper) by extension 'ignore_ament_install'
[0.429s] Level 1:colcon.colcon_core.package_identification:_identify(dependencies/tf_helper) by extensions ['colcon_pkg']
[0.429s] Level 1:colcon.colcon_core.package_identification:_identify(dependencies/tf_helper) by extension 'colcon_pkg'
[0.429s] Level 1:colcon.colcon_core.package_identification:_identify(dependencies/tf_helper) by extensions ['colcon_meta']
[0.429s] Level 1:colcon.colcon_core.package_identification:_identify(dependencies/tf_helper) by extension 'colcon_meta'
[0.429s] Level 1:colcon.colcon_core.package_identification:_identify(dependencies/tf_helper) by extensions ['ros']
[0.430s] Level 1:colcon.colcon_core.package_identification:_identify(dependencies/tf_helper) by extension 'ros'
[0.432s] DEBUG:colcon.colcon_core.package_identification:Package 'dependencies/tf_helper' with type 'ros.catkin' and name 'tf_helper'
[0.432s] Level 1:colcon.colcon_core.package_identification:_identify(dependencies/zed_opencv) by extensions ['ignore', 'ignore_ament_install']
[0.432s] Level 1:colcon.colcon_core.package_identification:_identify(dependencies/zed_opencv) by extension 'ignore'
[0.432s] Level 1:colcon.colcon_core.package_identification:_identify(dependencies/zed_opencv) by extension 'ignore_ament_install'
[0.432s] Level 1:colcon.colcon_core.package_identification:_identify(dependencies/zed_opencv) by extensions ['colcon_pkg']
[0.432s] Level 1:colcon.colcon_core.package_identification:_identify(dependencies/zed_opencv) by extension 'colcon_pkg'
[0.432s] Level 1:colcon.colcon_core.package_identification:_identify(dependencies/zed_opencv) by extensions ['colcon_meta']
[0.432s] Level 1:colcon.colcon_core.package_identification:_identify(dependencies/zed_opencv) by extension 'colcon_meta'
[0.433s] Level 1:colcon.colcon_core.package_identification:_identify(dependencies/zed_opencv) by extensions ['ros']
[0.433s] Level 1:colcon.colcon_core.package_identification:_identify(dependencies/zed_opencv) by extension 'ros'
[0.434s] DEBUG:colcon.colcon_core.package_identification:Package 'dependencies/zed_opencv' with type 'ros.catkin' and name 'zed_opencv'
[0.434s] Level 1:colcon.colcon_core.package_identification:_identify(install) by extensions ['ignore', 'ignore_ament_install']
[0.434s] Level 1:colcon.colcon_core.package_identification:_identify(install) by extension 'ignore'
[0.434s] Level 1:colcon.colcon_core.package_identification:_identify(install) ignored
[0.434s] Level 1:colcon.colcon_core.package_identification:_identify(log) by extensions ['ignore', 'ignore_ament_install']
[0.434s] Level 1:colcon.colcon_core.package_identification:_identify(log) by extension 'ignore'
[0.434s] Level 1:colcon.colcon_core.package_identification:_identify(log) ignored
[0.434s] Level 1:colcon.colcon_core.package_identification:_identify(navigation) by extensions ['ignore', 'ignore_ament_install']
[0.434s] Level 1:colcon.colcon_core.package_identification:_identify(navigation) by extension 'ignore'
[0.435s] Level 1:colcon.colcon_core.package_identification:_identify(navigation) by extension 'ignore_ament_install'
[0.435s] Level 1:colcon.colcon_core.package_identification:_identify(navigation) by extensions ['colcon_pkg']
[0.435s] Level 1:colcon.colcon_core.package_identification:_identify(navigation) by extension 'colcon_pkg'
[0.435s] Level 1:colcon.colcon_core.package_identification:_identify(navigation) by extensions ['colcon_meta']
[0.435s] Level 1:colcon.colcon_core.package_identification:_identify(navigation) by extension 'colcon_meta'
[0.435s] Level 1:colcon.colcon_core.package_identification:_identify(navigation) by extensions ['ros']
[0.435s] Level 1:colcon.colcon_core.package_identification:_identify(navigation) by extension 'ros'
[0.435s] Level 1:colcon.colcon_core.package_identification:_identify(navigation) by extensions ['cmake', 'python']
[0.435s] Level 1:colcon.colcon_core.package_identification:_identify(navigation) by extension 'cmake'
[0.435s] Level 1:colcon.colcon_core.package_identification:_identify(navigation) by extension 'python'
[0.435s] Level 1:colcon.colcon_core.package_identification:_identify(navigation) by extensions ['python_setup_py']
[0.435s] Level 1:colcon.colcon_core.package_identification:_identify(navigation) by extension 'python_setup_py'
[0.435s] Level 1:colcon.colcon_core.package_identification:_identify(navigation/centerline_calc) by extensions ['ignore', 'ignore_ament_install']
[0.436s] Level 1:colcon.colcon_core.package_identification:_identify(navigation/centerline_calc) by extension 'ignore'
[0.436s] Level 1:colcon.colcon_core.package_identification:_identify(navigation/centerline_calc) by extension 'ignore_ament_install'
[0.436s] Level 1:colcon.colcon_core.package_identification:_identify(navigation/centerline_calc) by extensions ['colcon_pkg']
[0.436s] Level 1:colcon.colcon_core.package_identification:_identify(navigation/centerline_calc) by extension 'colcon_pkg'
[0.436s] Level 1:colcon.colcon_core.package_identification:_identify(navigation/centerline_calc) by extensions ['colcon_meta']
[0.436s] Level 1:colcon.colcon_core.package_identification:_identify(navigation/centerline_calc) by extension 'colcon_meta'
[0.436s] Level 1:colcon.colcon_core.package_identification:_identify(navigation/centerline_calc) by extensions ['ros']
[0.436s] Level 1:colcon.colcon_core.package_identification:_identify(navigation/centerline_calc) by extension 'ros'
[0.437s] DEBUG:colcon.colcon_core.package_identification:Package 'navigation/centerline_calc' with type 'ros.catkin' and name 'centerline_calc'
[0.437s] Level 1:colcon.colcon_core.package_identification:_identify(navigation/lqr) by extensions ['ignore', 'ignore_ament_install']
[0.437s] Level 1:colcon.colcon_core.package_identification:_identify(navigation/lqr) by extension 'ignore'
[0.437s] Level 1:colcon.colcon_core.package_identification:_identify(navigation/lqr) by extension 'ignore_ament_install'
[0.437s] Level 1:colcon.colcon_core.package_identification:_identify(navigation/lqr) by extensions ['colcon_pkg']
[0.437s] Level 1:colcon.colcon_core.package_identification:_identify(navigation/lqr) by extension 'colcon_pkg'
[0.438s] Level 1:colcon.colcon_core.package_identification:_identify(navigation/lqr) by extensions ['colcon_meta']
[0.438s] Level 1:colcon.colcon_core.package_identification:_identify(navigation/lqr) by extension 'colcon_meta'
[0.438s] Level 1:colcon.colcon_core.package_identification:_identify(navigation/lqr) by extensions ['ros']
[0.438s] Level 1:colcon.colcon_core.package_identification:_identify(navigation/lqr) by extension 'ros'
[0.439s] DEBUG:colcon.colcon_core.package_identification:Package 'navigation/lqr' with type 'ros.catkin' and name 'lqr'
[0.439s] Level 1:colcon.colcon_core.package_identification:_identify(navigation/pure_pursuit) by extensions ['ignore', 'ignore_ament_install']
[0.439s] Level 1:colcon.colcon_core.package_identification:_identify(navigation/pure_pursuit) by extension 'ignore'
[0.439s] Level 1:colcon.colcon_core.package_identification:_identify(navigation/pure_pursuit) by extension 'ignore_ament_install'
[0.439s] Level 1:colcon.colcon_core.package_identification:_identify(navigation/pure_pursuit) by extensions ['colcon_pkg']
[0.439s] Level 1:colcon.colcon_core.package_identification:_identify(navigation/pure_pursuit) by extension 'colcon_pkg'
[0.439s] Level 1:colcon.colcon_core.package_identification:_identify(navigation/pure_pursuit) by extensions ['colcon_meta']
[0.439s] Level 1:colcon.colcon_core.package_identification:_identify(navigation/pure_pursuit) by extension 'colcon_meta'
[0.439s] Level 1:colcon.colcon_core.package_identification:_identify(navigation/pure_pursuit) by extensions ['ros']
[0.439s] Level 1:colcon.colcon_core.package_identification:_identify(navigation/pure_pursuit) by extension 'ros'
[0.441s] DEBUG:colcon.colcon_core.package_identification:Package 'navigation/pure_pursuit' with type 'ros.catkin' and name 'pure_pursuit'
[0.441s] Level 1:colcon.colcon_core.package_identification:_identify(navigation/simple_pure_pursuit) by extensions ['ignore', 'ignore_ament_install']
[0.442s] Level 1:colcon.colcon_core.package_identification:_identify(navigation/simple_pure_pursuit) by extension 'ignore'
[0.442s] Level 1:colcon.colcon_core.package_identification:_identify(navigation/simple_pure_pursuit) by extension 'ignore_ament_install'
[0.442s] Level 1:colcon.colcon_core.package_identification:_identify(navigation/simple_pure_pursuit) by extensions ['colcon_pkg']
[0.442s] Level 1:colcon.colcon_core.package_identification:_identify(navigation/simple_pure_pursuit) by extension 'colcon_pkg'
[0.442s] Level 1:colcon.colcon_core.package_identification:_identify(navigation/simple_pure_pursuit) by extensions ['colcon_meta']
[0.442s] Level 1:colcon.colcon_core.package_identification:_identify(navigation/simple_pure_pursuit) by extension 'colcon_meta'
[0.442s] Level 1:colcon.colcon_core.package_identification:_identify(navigation/simple_pure_pursuit) by extensions ['ros']
[0.442s] Level 1:colcon.colcon_core.package_identification:_identify(navigation/simple_pure_pursuit) by extension 'ros'
[0.443s] DEBUG:colcon.colcon_core.package_identification:Package 'navigation/simple_pure_pursuit' with type 'ros.catkin' and name 'simple_pure_pursuit'
[0.443s] Level 1:colcon.colcon_core.package_identification:_identify(perception) by extensions ['ignore', 'ignore_ament_install']
[0.443s] Level 1:colcon.colcon_core.package_identification:_identify(perception) by extension 'ignore'
[0.443s] Level 1:colcon.colcon_core.package_identification:_identify(perception) by extension 'ignore_ament_install'
[0.443s] Level 1:colcon.colcon_core.package_identification:_identify(perception) by extensions ['colcon_pkg']
[0.443s] Level 1:colcon.colcon_core.package_identification:_identify(perception) by extension 'colcon_pkg'
[0.443s] Level 1:colcon.colcon_core.package_identification:_identify(perception) by extensions ['colcon_meta']
[0.443s] Level 1:colcon.colcon_core.package_identification:_identify(perception) by extension 'colcon_meta'
[0.443s] Level 1:colcon.colcon_core.package_identification:_identify(perception) by extensions ['ros']
[0.443s] Level 1:colcon.colcon_core.package_identification:_identify(perception) by extension 'ros'
[0.443s] Level 1:colcon.colcon_core.package_identification:_identify(perception) by extensions ['cmake', 'python']
[0.444s] Level 1:colcon.colcon_core.package_identification:_identify(perception) by extension 'cmake'
[0.444s] Level 1:colcon.colcon_core.package_identification:_identify(perception) by extension 'python'
[0.444s] Level 1:colcon.colcon_core.package_identification:_identify(perception) by extensions ['python_setup_py']
[0.444s] Level 1:colcon.colcon_core.package_identification:_identify(perception) by extension 'python_setup_py'
[0.444s] Level 1:colcon.colcon_core.package_identification:_identify(perception/camera_interface) by extensions ['ignore', 'ignore_ament_install']
[0.444s] Level 1:colcon.colcon_core.package_identification:_identify(perception/camera_interface) by extension 'ignore'
[0.444s] Level 1:colcon.colcon_core.package_identification:_identify(perception/camera_interface) by extension 'ignore_ament_install'
[0.444s] Level 1:colcon.colcon_core.package_identification:_identify(perception/camera_interface) by extensions ['colcon_pkg']
[0.444s] Level 1:colcon.colcon_core.package_identification:_identify(perception/camera_interface) by extension 'colcon_pkg'
[0.444s] Level 1:colcon.colcon_core.package_identification:_identify(perception/camera_interface) by extensions ['colcon_meta']
[0.444s] Level 1:colcon.colcon_core.package_identification:_identify(perception/camera_interface) by extension 'colcon_meta'
[0.444s] Level 1:colcon.colcon_core.package_identification:_identify(perception/camera_interface) by extensions ['ros']
[0.444s] Level 1:colcon.colcon_core.package_identification:_identify(perception/camera_interface) by extension 'ros'
[0.445s] DEBUG:colcon.colcon_core.package_identification:Package 'perception/camera_interface' with type 'ros.ament_python' and name 'camera_interface'
[0.445s] Level 1:colcon.colcon_core.package_identification:_identify(perception/kp_reg) by extensions ['ignore', 'ignore_ament_install']
[0.445s] Level 1:colcon.colcon_core.package_identification:_identify(perception/kp_reg) by extension 'ignore'
[0.445s] Level 1:colcon.colcon_core.package_identification:_identify(perception/kp_reg) by extension 'ignore_ament_install'
[0.445s] Level 1:colcon.colcon_core.package_identification:_identify(perception/kp_reg) by extensions ['colcon_pkg']
[0.445s] Level 1:colcon.colcon_core.package_identification:_identify(perception/kp_reg) by extension 'colcon_pkg'
[0.446s] Level 1:colcon.colcon_core.package_identification:_identify(perception/kp_reg) by extensions ['colcon_meta']
[0.446s] Level 1:colcon.colcon_core.package_identification:_identify(perception/kp_reg) by extension 'colcon_meta'
[0.446s] Level 1:colcon.colcon_core.package_identification:_identify(perception/kp_reg) by extensions ['ros']
[0.446s] Level 1:colcon.colcon_core.package_identification:_identify(perception/kp_reg) by extension 'ros'
[0.447s] DEBUG:colcon.colcon_core.package_identification:Package 'perception/kp_reg' with type 'ros.ament_python' and name 'kp_reg'
[0.447s] Level 1:colcon.colcon_core.package_identification:_identify(perception/moreo) by extensions ['ignore', 'ignore_ament_install']
[0.447s] Level 1:colcon.colcon_core.package_identification:_identify(perception/moreo) by extension 'ignore'
[0.447s] Level 1:colcon.colcon_core.package_identification:_identify(perception/moreo) by extension 'ignore_ament_install'
[0.447s] Level 1:colcon.colcon_core.package_identification:_identify(perception/moreo) by extensions ['colcon_pkg']
[0.447s] Level 1:colcon.colcon_core.package_identification:_identify(perception/moreo) by extension 'colcon_pkg'
[0.447s] Level 1:colcon.colcon_core.package_identification:_identify(perception/moreo) by extensions ['colcon_meta']
[0.447s] Level 1:colcon.colcon_core.package_identification:_identify(perception/moreo) by extension 'colcon_meta'
[0.447s] Level 1:colcon.colcon_core.package_identification:_identify(perception/moreo) by extensions ['ros']
[0.447s] Level 1:colcon.colcon_core.package_identification:_identify(perception/moreo) by extension 'ros'
[0.449s] DEBUG:colcon.colcon_core.package_identification:Package 'perception/moreo' with type 'ros.ament_python' and name 'moreo'
[0.449s] Level 1:colcon.colcon_core.package_identification:_identify(perception/mrpython_pcl) by extensions ['ignore', 'ignore_ament_install']
[0.449s] Level 1:colcon.colcon_core.package_identification:_identify(perception/mrpython_pcl) by extension 'ignore'
[0.449s] Level 1:colcon.colcon_core.package_identification:_identify(perception/mrpython_pcl) by extension 'ignore_ament_install'
[0.449s] Level 1:colcon.colcon_core.package_identification:_identify(perception/mrpython_pcl) by extensions ['colcon_pkg']
[0.449s] Level 1:colcon.colcon_core.package_identification:_identify(perception/mrpython_pcl) by extension 'colcon_pkg'
[0.449s] Level 1:colcon.colcon_core.package_identification:_identify(perception/mrpython_pcl) by extensions ['colcon_meta']
[0.450s] Level 1:colcon.colcon_core.package_identification:_identify(perception/mrpython_pcl) by extension 'colcon_meta'
[0.450s] Level 1:colcon.colcon_core.package_identification:_identify(perception/mrpython_pcl) by extensions ['ros']
[0.450s] Level 1:colcon.colcon_core.package_identification:_identify(perception/mrpython_pcl) by extension 'ros'
[0.451s] DEBUG:colcon.colcon_core.package_identification:Package 'perception/mrpython_pcl' with type 'ros.ament_python' and name 'mrpython_pcl'
[0.451s] Level 1:colcon.colcon_core.package_identification:_identify(perception/smoreo) by extensions ['ignore', 'ignore_ament_install']
[0.451s] Level 1:colcon.colcon_core.package_identification:_identify(perception/smoreo) by extension 'ignore'
[0.451s] Level 1:colcon.colcon_core.package_identification:_identify(perception/smoreo) by extension 'ignore_ament_install'
[0.451s] Level 1:colcon.colcon_core.package_identification:_identify(perception/smoreo) by extensions ['colcon_pkg']
[0.451s] Level 1:colcon.colcon_core.package_identification:_identify(perception/smoreo) by extension 'colcon_pkg'
[0.451s] Level 1:colcon.colcon_core.package_identification:_identify(perception/smoreo) by extensions ['colcon_meta']
[0.451s] Level 1:colcon.colcon_core.package_identification:_identify(perception/smoreo) by extension 'colcon_meta'
[0.451s] Level 1:colcon.colcon_core.package_identification:_identify(perception/smoreo) by extensions ['ros']
[0.451s] Level 1:colcon.colcon_core.package_identification:_identify(perception/smoreo) by extension 'ros'
[0.452s] DEBUG:colcon.colcon_core.package_identification:Package 'perception/smoreo' with type 'ros.ament_python' and name 'smoreo'
[0.452s] Level 1:colcon.colcon_core.package_identification:_identify(perception/smornn) by extensions ['ignore', 'ignore_ament_install']
[0.452s] Level 1:colcon.colcon_core.package_identification:_identify(perception/smornn) by extension 'ignore'
[0.452s] Level 1:colcon.colcon_core.package_identification:_identify(perception/smornn) by extension 'ignore_ament_install'
[0.452s] Level 1:colcon.colcon_core.package_identification:_identify(perception/smornn) by extensions ['colcon_pkg']
[0.452s] Level 1:colcon.colcon_core.package_identification:_identify(perception/smornn) by extension 'colcon_pkg'
[0.452s] Level 1:colcon.colcon_core.package_identification:_identify(perception/smornn) by extensions ['colcon_meta']
[0.452s] Level 1:colcon.colcon_core.package_identification:_identify(perception/smornn) by extension 'colcon_meta'
[0.452s] Level 1:colcon.colcon_core.package_identification:_identify(perception/smornn) by extensions ['ros']
[0.452s] Level 1:colcon.colcon_core.package_identification:_identify(perception/smornn) by extension 'ros'
[0.453s] DEBUG:colcon.colcon_core.package_identification:Package 'perception/smornn' with type 'ros.ament_python' and name 'smornn'
[0.453s] Level 1:colcon.colcon_core.package_identification:_identify(perception/tracker) by extensions ['ignore', 'ignore_ament_install']
[0.453s] Level 1:colcon.colcon_core.package_identification:_identify(perception/tracker) by extension 'ignore'
[0.453s] Level 1:colcon.colcon_core.package_identification:_identify(perception/tracker) by extension 'ignore_ament_install'
[0.453s] Level 1:colcon.colcon_core.package_identification:_identify(perception/tracker) by extensions ['colcon_pkg']
[0.453s] Level 1:colcon.colcon_core.package_identification:_identify(perception/tracker) by extension 'colcon_pkg'
[0.453s] Level 1:colcon.colcon_core.package_identification:_identify(perception/tracker) by extensions ['colcon_meta']
[0.453s] Level 1:colcon.colcon_core.package_identification:_identify(perception/tracker) by extension 'colcon_meta'
[0.453s] Level 1:colcon.colcon_core.package_identification:_identify(perception/tracker) by extensions ['ros']
[0.453s] Level 1:colcon.colcon_core.package_identification:_identify(perception/tracker) by extension 'ros'
[0.454s] DEBUG:colcon.colcon_core.package_identification:Package 'perception/tracker' with type 'ros.ament_python' and name 'tracker'
[0.454s] Level 1:colcon.colcon_core.package_identification:_identify(perception/visualizer) by extensions ['ignore', 'ignore_ament_install']
[0.454s] Level 1:colcon.colcon_core.package_identification:_identify(perception/visualizer) by extension 'ignore'
[0.455s] Level 1:colcon.colcon_core.package_identification:_identify(perception/visualizer) by extension 'ignore_ament_install'
[0.455s] Level 1:colcon.colcon_core.package_identification:_identify(perception/visualizer) by extensions ['colcon_pkg']
[0.455s] Level 1:colcon.colcon_core.package_identification:_identify(perception/visualizer) by extension 'colcon_pkg'
[0.455s] Level 1:colcon.colcon_core.package_identification:_identify(perception/visualizer) by extensions ['colcon_meta']
[0.455s] Level 1:colcon.colcon_core.package_identification:_identify(perception/visualizer) by extension 'colcon_meta'
[0.455s] Level 1:colcon.colcon_core.package_identification:_identify(perception/visualizer) by extensions ['ros']
[0.455s] Level 1:colcon.colcon_core.package_identification:_identify(perception/visualizer) by extension 'ros'
[0.456s] DEBUG:colcon.colcon_core.package_identification:Package 'perception/visualizer' with type 'ros.ament_python' and name 'visualizer'
[0.456s] Level 1:colcon.colcon_core.package_identification:_identify(perception/yolov8) by extensions ['ignore', 'ignore_ament_install']
[0.456s] Level 1:colcon.colcon_core.package_identification:_identify(perception/yolov8) by extension 'ignore'
[0.456s] Level 1:colcon.colcon_core.package_identification:_identify(perception/yolov8) by extension 'ignore_ament_install'
[0.456s] Level 1:colcon.colcon_core.package_identification:_identify(perception/yolov8) by extensions ['colcon_pkg']
[0.456s] Level 1:colcon.colcon_core.package_identification:_identify(perception/yolov8) by extension 'colcon_pkg'
[0.456s] Level 1:colcon.colcon_core.package_identification:_identify(perception/yolov8) by extensions ['colcon_meta']
[0.456s] Level 1:colcon.colcon_core.package_identification:_identify(perception/yolov8) by extension 'colcon_meta'
[0.456s] Level 1:colcon.colcon_core.package_identification:_identify(perception/yolov8) by extensions ['ros']
[0.456s] Level 1:colcon.colcon_core.package_identification:_identify(perception/yolov8) by extension 'ros'
[0.457s] DEBUG:colcon.colcon_core.package_identification:Package 'perception/yolov8' with type 'ros.ament_python' and name 'yolov8'
[0.458s] Level 1:colcon.colcon_core.package_identification:_identify(planning) by extensions ['ignore', 'ignore_ament_install']
[0.458s] Level 1:colcon.colcon_core.package_identification:_identify(planning) by extension 'ignore'
[0.458s] Level 1:colcon.colcon_core.package_identification:_identify(planning) by extension 'ignore_ament_install'
[0.458s] Level 1:colcon.colcon_core.package_identification:_identify(planning) by extensions ['colcon_pkg']
[0.458s] Level 1:colcon.colcon_core.package_identification:_identify(planning) by extension 'colcon_pkg'
[0.458s] Level 1:colcon.colcon_core.package_identification:_identify(planning) by extensions ['colcon_meta']
[0.458s] Level 1:colcon.colcon_core.package_identification:_identify(planning) by extension 'colcon_meta'
[0.458s] Level 1:colcon.colcon_core.package_identification:_identify(planning) by extensions ['ros']
[0.458s] Level 1:colcon.colcon_core.package_identification:_identify(planning) by extension 'ros'
[0.458s] Level 1:colcon.colcon_core.package_identification:_identify(planning) by extensions ['cmake', 'python']
[0.458s] Level 1:colcon.colcon_core.package_identification:_identify(planning) by extension 'cmake'
[0.458s] Level 1:colcon.colcon_core.package_identification:_identify(planning) by extension 'python'
[0.458s] Level 1:colcon.colcon_core.package_identification:_identify(planning) by extensions ['python_setup_py']
[0.458s] Level 1:colcon.colcon_core.package_identification:_identify(planning) by extension 'python_setup_py'
[0.458s] Level 1:colcon.colcon_core.package_identification:_identify(planning/planning_apf) by extensions ['ignore', 'ignore_ament_install']
[0.459s] Level 1:colcon.colcon_core.package_identification:_identify(planning/planning_apf) by extension 'ignore'
[0.459s] Level 1:colcon.colcon_core.package_identification:_identify(planning/planning_apf) by extension 'ignore_ament_install'
[0.459s] Level 1:colcon.colcon_core.package_identification:_identify(planning/planning_apf) by extensions ['colcon_pkg']
[0.459s] Level 1:colcon.colcon_core.package_identification:_identify(planning/planning_apf) by extension 'colcon_pkg'
[0.459s] Level 1:colcon.colcon_core.package_identification:_identify(planning/planning_apf) by extensions ['colcon_meta']
[0.459s] Level 1:colcon.colcon_core.package_identification:_identify(planning/planning_apf) by extension 'colcon_meta'
[0.459s] Level 1:colcon.colcon_core.package_identification:_identify(planning/planning_apf) by extensions ['ros']
[0.459s] Level 1:colcon.colcon_core.package_identification:_identify(planning/planning_apf) by extension 'ros'
[0.460s] DEBUG:colcon.colcon_core.package_identification:Package 'planning/planning_apf' with type 'ros.catkin' and name 'planning_apf'
[0.460s] Level 1:colcon.colcon_core.package_identification:_identify(planning/planning_trees) by extensions ['ignore', 'ignore_ament_install']
[0.460s] Level 1:colcon.colcon_core.package_identification:_identify(planning/planning_trees) by extension 'ignore'
[0.460s] Level 1:colcon.colcon_core.package_identification:_identify(planning/planning_trees) by extension 'ignore_ament_install'
[0.460s] Level 1:colcon.colcon_core.package_identification:_identify(planning/planning_trees) by extensions ['colcon_pkg']
[0.460s] Level 1:colcon.colcon_core.package_identification:_identify(planning/planning_trees) by extension 'colcon_pkg'
[0.460s] Level 1:colcon.colcon_core.package_identification:_identify(planning/planning_trees) by extensions ['colcon_meta']
[0.460s] Level 1:colcon.colcon_core.package_identification:_identify(planning/planning_trees) by extension 'colcon_meta'
[0.460s] Level 1:colcon.colcon_core.package_identification:_identify(planning/planning_trees) by extensions ['ros']
[0.460s] Level 1:colcon.colcon_core.package_identification:_identify(planning/planning_trees) by extension 'ros'
[0.461s] DEBUG:colcon.colcon_core.package_identification:Package 'planning/planning_trees' with type 'ros.catkin' and name 'planning_trees'
[0.461s] Level 1:colcon.colcon_core.package_identification:_identify(planning/waypoint_cleaner) by extensions ['ignore', 'ignore_ament_install']
[0.461s] Level 1:colcon.colcon_core.package_identification:_identify(planning/waypoint_cleaner) by extension 'ignore'
[0.461s] Level 1:colcon.colcon_core.package_identification:_identify(planning/waypoint_cleaner) by extension 'ignore_ament_install'
[0.461s] Level 1:colcon.colcon_core.package_identification:_identify(planning/waypoint_cleaner) by extensions ['colcon_pkg']
[0.461s] Level 1:colcon.colcon_core.package_identification:_identify(planning/waypoint_cleaner) by extension 'colcon_pkg'
[0.461s] Level 1:colcon.colcon_core.package_identification:_identify(planning/waypoint_cleaner) by extensions ['colcon_meta']
[0.461s] Level 1:colcon.colcon_core.package_identification:_identify(planning/waypoint_cleaner) by extension 'colcon_meta'
[0.461s] Level 1:colcon.colcon_core.package_identification:_identify(planning/waypoint_cleaner) by extensions ['ros']
[0.461s] Level 1:colcon.colcon_core.package_identification:_identify(planning/waypoint_cleaner) by extension 'ros'
[0.462s] DEBUG:colcon.colcon_core.package_identification:Package 'planning/waypoint_cleaner' with type 'ros.catkin' and name 'waypoint_cleaner'
[0.462s] Level 1:colcon.colcon_core.package_identification:_identify(slam) by extensions ['ignore', 'ignore_ament_install']
[0.462s] Level 1:colcon.colcon_core.package_identification:_identify(slam) by extension 'ignore'
[0.462s] Level 1:colcon.colcon_core.package_identification:_identify(slam) by extension 'ignore_ament_install'
[0.462s] Level 1:colcon.colcon_core.package_identification:_identify(slam) by extensions ['colcon_pkg']
[0.462s] Level 1:colcon.colcon_core.package_identification:_identify(slam) by extension 'colcon_pkg'
[0.462s] Level 1:colcon.colcon_core.package_identification:_identify(slam) by extensions ['colcon_meta']
[0.462s] Level 1:colcon.colcon_core.package_identification:_identify(slam) by extension 'colcon_meta'
[0.462s] Level 1:colcon.colcon_core.package_identification:_identify(slam) by extensions ['ros']
[0.462s] Level 1:colcon.colcon_core.package_identification:_identify(slam) by extension 'ros'
[0.463s] Level 1:colcon.colcon_core.package_identification:_identify(slam) by extensions ['cmake', 'python']
[0.463s] Level 1:colcon.colcon_core.package_identification:_identify(slam) by extension 'cmake'
[0.463s] Level 1:colcon.colcon_core.package_identification:_identify(slam) by extension 'python'
[0.463s] Level 1:colcon.colcon_core.package_identification:_identify(slam) by extensions ['python_setup_py']
[0.463s] Level 1:colcon.colcon_core.package_identification:_identify(slam) by extension 'python_setup_py'
[0.463s] Level 1:colcon.colcon_core.package_identification:_identify(slam/aloam) by extensions ['ignore', 'ignore_ament_install']
[0.463s] Level 1:colcon.colcon_core.package_identification:_identify(slam/aloam) by extension 'ignore'
[0.463s] Level 1:colcon.colcon_core.package_identification:_identify(slam/aloam) by extension 'ignore_ament_install'
[0.463s] Level 1:colcon.colcon_core.package_identification:_identify(slam/aloam) by extensions ['colcon_pkg']
[0.463s] Level 1:colcon.colcon_core.package_identification:_identify(slam/aloam) by extension 'colcon_pkg'
[0.463s] Level 1:colcon.colcon_core.package_identification:_identify(slam/aloam) by extensions ['colcon_meta']
[0.463s] Level 1:colcon.colcon_core.package_identification:_identify(slam/aloam) by extension 'colcon_meta'
[0.463s] Level 1:colcon.colcon_core.package_identification:_identify(slam/aloam) by extensions ['ros']
[0.463s] Level 1:colcon.colcon_core.package_identification:_identify(slam/aloam) by extension 'ros'
[0.463s] Level 1:colcon.colcon_core.package_identification:_identify(slam/aloam) by extensions ['cmake', 'python']
[0.463s] Level 1:colcon.colcon_core.package_identification:_identify(slam/aloam) by extension 'cmake'
[0.463s] Level 1:colcon.colcon_core.package_identification:_identify(slam/aloam) by extension 'python'
[0.463s] Level 1:colcon.colcon_core.package_identification:_identify(slam/aloam) by extensions ['python_setup_py']
[0.463s] Level 1:colcon.colcon_core.package_identification:_identify(slam/aloam) by extension 'python_setup_py'
[0.464s] Level 1:colcon.colcon_core.package_identification:_identify(slam/fast_gicp) by extensions ['ignore', 'ignore_ament_install']
[0.464s] Level 1:colcon.colcon_core.package_identification:_identify(slam/fast_gicp) by extension 'ignore'
[0.464s] Level 1:colcon.colcon_core.package_identification:_identify(slam/fast_gicp) by extension 'ignore_ament_install'
[0.464s] Level 1:colcon.colcon_core.package_identification:_identify(slam/fast_gicp) by extensions ['colcon_pkg']
[0.464s] Level 1:colcon.colcon_core.package_identification:_identify(slam/fast_gicp) by extension 'colcon_pkg'
[0.464s] Level 1:colcon.colcon_core.package_identification:_identify(slam/fast_gicp) by extensions ['colcon_meta']
[0.464s] Level 1:colcon.colcon_core.package_identification:_identify(slam/fast_gicp) by extension 'colcon_meta'
[0.464s] Level 1:colcon.colcon_core.package_identification:_identify(slam/fast_gicp) by extensions ['ros']
[0.464s] Level 1:colcon.colcon_core.package_identification:_identify(slam/fast_gicp) by extension 'ros'
[0.464s] Level 1:colcon.colcon_core.package_identification:_identify(slam/fast_gicp) by extensions ['cmake', 'python']
[0.464s] Level 1:colcon.colcon_core.package_identification:_identify(slam/fast_gicp) by extension 'cmake'
[0.464s] Level 1:colcon.colcon_core.package_identification:_identify(slam/fast_gicp) by extension 'python'
[0.464s] Level 1:colcon.colcon_core.package_identification:_identify(slam/fast_gicp) by extensions ['python_setup_py']
[0.464s] Level 1:colcon.colcon_core.package_identification:_identify(slam/fast_gicp) by extension 'python_setup_py'
[0.464s] Level 1:colcon.colcon_core.package_identification:_identify(slam/hdl_global_localization) by extensions ['ignore', 'ignore_ament_install']
[0.465s] Level 1:colcon.colcon_core.package_identification:_identify(slam/hdl_global_localization) by extension 'ignore'
[0.465s] Level 1:colcon.colcon_core.package_identification:_identify(slam/hdl_global_localization) by extension 'ignore_ament_install'
[0.465s] Level 1:colcon.colcon_core.package_identification:_identify(slam/hdl_global_localization) by extensions ['colcon_pkg']
[0.465s] Level 1:colcon.colcon_core.package_identification:_identify(slam/hdl_global_localization) by extension 'colcon_pkg'
[0.465s] Level 1:colcon.colcon_core.package_identification:_identify(slam/hdl_global_localization) by extensions ['colcon_meta']
[0.465s] Level 1:colcon.colcon_core.package_identification:_identify(slam/hdl_global_localization) by extension 'colcon_meta'
[0.465s] Level 1:colcon.colcon_core.package_identification:_identify(slam/hdl_global_localization) by extensions ['ros']
[0.465s] Level 1:colcon.colcon_core.package_identification:_identify(slam/hdl_global_localization) by extension 'ros'
[0.465s] Level 1:colcon.colcon_core.package_identification:_identify(slam/hdl_global_localization) by extensions ['cmake', 'python']
[0.465s] Level 1:colcon.colcon_core.package_identification:_identify(slam/hdl_global_localization) by extension 'cmake'
[0.465s] Level 1:colcon.colcon_core.package_identification:_identify(slam/hdl_global_localization) by extension 'python'
[0.465s] Level 1:colcon.colcon_core.package_identification:_identify(slam/hdl_global_localization) by extensions ['python_setup_py']
[0.465s] Level 1:colcon.colcon_core.package_identification:_identify(slam/hdl_global_localization) by extension 'python_setup_py'
[0.465s] Level 1:colcon.colcon_core.package_identification:_identify(slam/hdl_localization) by extensions ['ignore', 'ignore_ament_install']
[0.466s] Level 1:colcon.colcon_core.package_identification:_identify(slam/hdl_localization) by extension 'ignore'
[0.466s] Level 1:colcon.colcon_core.package_identification:_identify(slam/hdl_localization) by extension 'ignore_ament_install'
[0.466s] Level 1:colcon.colcon_core.package_identification:_identify(slam/hdl_localization) by extensions ['colcon_pkg']
[0.466s] Level 1:colcon.colcon_core.package_identification:_identify(slam/hdl_localization) by extension 'colcon_pkg'
[0.466s] Level 1:colcon.colcon_core.package_identification:_identify(slam/hdl_localization) by extensions ['colcon_meta']
[0.466s] Level 1:colcon.colcon_core.package_identification:_identify(slam/hdl_localization) by extension 'colcon_meta'
[0.466s] Level 1:colcon.colcon_core.package_identification:_identify(slam/hdl_localization) by extensions ['ros']
[0.466s] Level 1:colcon.colcon_core.package_identification:_identify(slam/hdl_localization) by extension 'ros'
[0.466s] Level 1:colcon.colcon_core.package_identification:_identify(slam/hdl_localization) by extensions ['cmake', 'python']
[0.466s] Level 1:colcon.colcon_core.package_identification:_identify(slam/hdl_localization) by extension 'cmake'
[0.466s] Level 1:colcon.colcon_core.package_identification:_identify(slam/hdl_localization) by extension 'python'
[0.466s] Level 1:colcon.colcon_core.package_identification:_identify(slam/hdl_localization) by extensions ['python_setup_py']
[0.466s] Level 1:colcon.colcon_core.package_identification:_identify(slam/hdl_localization) by extension 'python_setup_py'
[0.466s] Level 1:colcon.colcon_core.package_identification:_identify(slam/ndt_omp) by extensions ['ignore', 'ignore_ament_install']
[0.466s] Level 1:colcon.colcon_core.package_identification:_identify(slam/ndt_omp) by extension 'ignore'
[0.466s] Level 1:colcon.colcon_core.package_identification:_identify(slam/ndt_omp) by extension 'ignore_ament_install'
[0.466s] Level 1:colcon.colcon_core.package_identification:_identify(slam/ndt_omp) by extensions ['colcon_pkg']
[0.467s] Level 1:colcon.colcon_core.package_identification:_identify(slam/ndt_omp) by extension 'colcon_pkg'
[0.467s] Level 1:colcon.colcon_core.package_identification:_identify(slam/ndt_omp) by extensions ['colcon_meta']
[0.467s] Level 1:colcon.colcon_core.package_identification:_identify(slam/ndt_omp) by extension 'colcon_meta'
[0.467s] Level 1:colcon.colcon_core.package_identification:_identify(slam/ndt_omp) by extensions ['ros']
[0.467s] Level 1:colcon.colcon_core.package_identification:_identify(slam/ndt_omp) by extension 'ros'
[0.467s] Level 1:colcon.colcon_core.package_identification:_identify(slam/ndt_omp) by extensions ['cmake', 'python']
[0.467s] Level 1:colcon.colcon_core.package_identification:_identify(slam/ndt_omp) by extension 'cmake'
[0.467s] Level 1:colcon.colcon_core.package_identification:_identify(slam/ndt_omp) by extension 'python'
[0.467s] Level 1:colcon.colcon_core.package_identification:_identify(slam/ndt_omp) by extensions ['python_setup_py']
[0.467s] Level 1:colcon.colcon_core.package_identification:_identify(slam/ndt_omp) by extension 'python_setup_py'
[0.467s] Level 1:colcon.colcon_core.package_identification:_identify(slam/slam_manager) by extensions ['ignore', 'ignore_ament_install']
[0.467s] Level 1:colcon.colcon_core.package_identification:_identify(slam/slam_manager) by extension 'ignore'
[0.467s] Level 1:colcon.colcon_core.package_identification:_identify(slam/slam_manager) by extension 'ignore_ament_install'
[0.467s] Level 1:colcon.colcon_core.package_identification:_identify(slam/slam_manager) by extensions ['colcon_pkg']
[0.467s] Level 1:colcon.colcon_core.package_identification:_identify(slam/slam_manager) by extension 'colcon_pkg'
[0.467s] Level 1:colcon.colcon_core.package_identification:_identify(slam/slam_manager) by extensions ['colcon_meta']
[0.467s] Level 1:colcon.colcon_core.package_identification:_identify(slam/slam_manager) by extension 'colcon_meta'
[0.467s] Level 1:colcon.colcon_core.package_identification:_identify(slam/slam_manager) by extensions ['ros']
[0.468s] Level 1:colcon.colcon_core.package_identification:_identify(slam/slam_manager) by extension 'ros'
[0.468s] DEBUG:colcon.colcon_core.package_identification:Package 'slam/slam_manager' with type 'ros.catkin' and name 'slam_manager'
[0.468s] Level 1:colcon.colcon_core.package_identification:_identify(slam/trapper) by extensions ['ignore', 'ignore_ament_install']
[0.469s] Level 1:colcon.colcon_core.package_identification:_identify(slam/trapper) by extension 'ignore'
[0.469s] Level 1:colcon.colcon_core.package_identification:_identify(slam/trapper) by extension 'ignore_ament_install'
[0.469s] Level 1:colcon.colcon_core.package_identification:_identify(slam/trapper) by extensions ['colcon_pkg']
[0.469s] Level 1:colcon.colcon_core.package_identification:_identify(slam/trapper) by extension 'colcon_pkg'
[0.469s] Level 1:colcon.colcon_core.package_identification:_identify(slam/trapper) by extensions ['colcon_meta']
[0.469s] Level 1:colcon.colcon_core.package_identification:_identify(slam/trapper) by extension 'colcon_meta'
[0.469s] Level 1:colcon.colcon_core.package_identification:_identify(slam/trapper) by extensions ['ros']
[0.469s] Level 1:colcon.colcon_core.package_identification:_identify(slam/trapper) by extension 'ros'
[0.469s] DEBUG:colcon.colcon_core.package_identification:Package 'slam/trapper' with type 'ros.catkin' and name 'trapper'
[0.470s] Level 1:colcon.colcon_core.package_identification:_identify(supervisor) by extensions ['ignore', 'ignore_ament_install']
[0.470s] Level 1:colcon.colcon_core.package_identification:_identify(supervisor) by extension 'ignore'
[0.470s] Level 1:colcon.colcon_core.package_identification:_identify(supervisor) by extension 'ignore_ament_install'
[0.470s] Level 1:colcon.colcon_core.package_identification:_identify(supervisor) by extensions ['colcon_pkg']
[0.470s] Level 1:colcon.colcon_core.package_identification:_identify(supervisor) by extension 'colcon_pkg'
[0.470s] Level 1:colcon.colcon_core.package_identification:_identify(supervisor) by extensions ['colcon_meta']
[0.470s] Level 1:colcon.colcon_core.package_identification:_identify(supervisor) by extension 'colcon_meta'
[0.470s] Level 1:colcon.colcon_core.package_identification:_identify(supervisor) by extensions ['ros']
[0.470s] Level 1:colcon.colcon_core.package_identification:_identify(supervisor) by extension 'ros'
[0.471s] DEBUG:colcon.colcon_core.package_identification:Package 'supervisor' with type 'ros.catkin' and name 'supervisor'
[0.471s] Level 1:colcon.colcon_core.package_discovery:discover_packages(recursive) using defaults
[0.471s] Level 1:colcon.colcon_core.package_discovery:discover_packages(ignore) discover
[0.471s] Level 1:colcon.colcon_core.package_discovery:discover_packages(ignore) using defaults
[0.471s] Level 1:colcon.colcon_core.package_discovery:discover_packages(path) discover
[0.471s] Level 1:colcon.colcon_core.package_discovery:discover_packages(path) using defaults
[0.493s] INFO:colcon.colcon_core.package_selection:Skipping not selected package 'asurt_msgs' in 'dependencies/asurt_msgs'
[0.493s] INFO:colcon.colcon_core.package_selection:Skipping not selected package 'camera_interface' in 'perception/camera_interface'
[0.493s] INFO:colcon.colcon_core.package_selection:Skipping not selected package 'centerline_calc' in 'navigation/centerline_calc'
[0.493s] INFO:colcon.colcon_core.package_selection:Skipping not selected package 'common_params' in 'dependencies/common_params'
[0.493s] INFO:colcon.colcon_core.package_selection:Skipping not selected package 'eufs_msgs' in 'dependencies/eufs_msgs'
[0.493s] INFO:colcon.colcon_core.package_selection:Skipping not selected package 'interfaces' in 'dependencies/interfaces'
[0.493s] INFO:colcon.colcon_core.package_selection:Skipping not selected package 'kp_reg' in 'perception/kp_reg'
[0.493s] INFO:colcon.colcon_core.package_selection:Skipping not selected package 'lqr' in 'navigation/lqr'
[0.494s] INFO:colcon.colcon_core.package_selection:Skipping not selected package 'planning_apf' in 'planning/planning_apf'
[0.494s] INFO:colcon.colcon_core.package_selection:Skipping not selected package 'planning_trees' in 'planning/planning_trees'
[0.494s] INFO:colcon.colcon_core.package_selection:Skipping not selected package 'slam_manager' in 'slam/slam_manager'
[0.494s] INFO:colcon.colcon_core.package_selection:Skipping not selected package 'waypoint_cleaner' in 'planning/waypoint_cleaner'
[0.494s] INFO:colcon.colcon_core.package_selection:Skipping not selected package 'zed_opencv' in 'dependencies/zed_opencv'
[0.494s] INFO:colcon.colcon_core.package_selection:Skipping not selected package 'moreo' in 'perception/moreo'
[0.494s] INFO:colcon.colcon_core.package_selection:Skipping not selected package 'tf_helper' in 'dependencies/tf_helper'
[0.494s] INFO:colcon.colcon_core.package_selection:Skipping not selected package 'visualizer' in 'perception/visualizer'
[0.494s] INFO:colcon.colcon_core.package_selection:Skipping not selected package 'yolov8' in 'perception/yolov8'
[0.494s] INFO:colcon.colcon_core.package_selection:Skipping not selected package 'pure_pursuit' in 'navigation/pure_pursuit'
[0.494s] INFO:colcon.colcon_core.package_selection:Skipping not selected package 'simple_pure_pursuit' in 'navigation/simple_pure_pursuit'
[0.494s] INFO:colcon.colcon_core.package_selection:Skipping not selected package 'supervisor' in 'supervisor'
[0.494s] INFO:colcon.colcon_core.package_selection:Skipping not selected package 'tracker' in 'perception/tracker'
[0.494s] INFO:colcon.colcon_core.package_selection:Skipping not selected package 'trapper' in 'slam/trapper'
[0.494s] Level 1:colcon.colcon_core.package_discovery:discover_packages(prefix_path) check parameters
[0.494s] Level 1:colcon.colcon_core.package_discovery:discover_packages(prefix_path) discover
[0.496s] DEBUG:colcon.colcon_installed_package_information.package_discovery:Found 1 installed packages in /media/ezzedinayman/Local Disk/ASURT/fs/install
[0.496s] DEBUG:colcon.colcon_installed_package_information.package_discovery:Found 2 installed packages in /home/ezzedinayman/ros2_ws/install
[0.498s] DEBUG:colcon.colcon_installed_package_information.package_discovery:Found 379 installed packages in /opt/ros/humble
[0.499s] Level 1:colcon.colcon_core.package_discovery:discover_packages(prefix_path) using defaults
[0.543s] Level 5:colcon.colcon_core.verb:set package 'smoreo' build argument 'cmake_args' from command line to 'None'
[0.543s] Level 5:colcon.colcon_core.verb:set package 'smoreo' build argument 'cmake_target' from command line to 'None'
[0.543s] Level 5:colcon.colcon_core.verb:set package 'smoreo' build argument 'cmake_target_skip_unavailable' from command line to 'False'
[0.543s] Level 5:colcon.colcon_core.verb:set package 'smoreo' build argument 'cmake_clean_cache' from command line to 'False'
[0.543s] Level 5:colcon.colcon_core.verb:set package 'smoreo' build argument 'cmake_clean_first' from command line to 'False'
[0.543s] Level 5:colcon.colcon_core.verb:set package 'smoreo' build argument 'cmake_force_configure' from command line to 'False'
[0.543s] Level 5:colcon.colcon_core.verb:set package 'smoreo' build argument 'ament_cmake_args' from command line to 'None'
[0.543s] Level 5:colcon.colcon_core.verb:set package 'smoreo' build argument 'catkin_cmake_args' from command line to 'None'
[0.543s] Level 5:colcon.colcon_core.verb:set package 'smoreo' build argument 'catkin_skip_building_tests' from command line to 'False'
[0.543s] DEBUG:colcon.colcon_core.verb:Building package 'smoreo' with the following arguments: {'ament_cmake_args': None, 'build_base': '/media/ezzedinayman/Local Disk/FS-System/fs-system/build/smoreo', 'catkin_cmake_args': None, 'catkin_skip_building_tests': False, 'cmake_args': None, 'cmake_clean_cache': False, 'cmake_clean_first': False, 'cmake_force_configure': False, 'cmake_target': None, 'cmake_target_skip_unavailable': False, 'install_base': '/media/ezzedinayman/Local Disk/FS-System/fs-system/install/smoreo', 'merge_install': False, 'path': '/media/ezzedinayman/Local Disk/FS-System/fs-system/perception/smoreo', 'symlink_install': False, 'test_result_base': None}
[0.544s] Level 5:colcon.colcon_core.verb:set package 'mrpython_pcl' build argument 'cmake_args' from command line to 'None'
[0.544s] Level 5:colcon.colcon_core.verb:set package 'mrpython_pcl' build argument 'cmake_target' from command line to 'None'
[0.544s] Level 5:colcon.colcon_core.verb:set package 'mrpython_pcl' build argument 'cmake_target_skip_unavailable' from command line to 'False'
[0.544s] Level 5:colcon.colcon_core.verb:set package 'mrpython_pcl' build argument 'cmake_clean_cache' from command line to 'False'
[0.544s] Level 5:colcon.colcon_core.verb:set package 'mrpython_pcl' build argument 'cmake_clean_first' from command line to 'False'
[0.544s] Level 5:colcon.colcon_core.verb:set package 'mrpython_pcl' build argument 'cmake_force_configure' from command line to 'False'
[0.544s] Level 5:colcon.colcon_core.verb:set package 'mrpython_pcl' build argument 'ament_cmake_args' from command line to 'None'
[0.544s] Level 5:colcon.colcon_core.verb:set package 'mrpython_pcl' build argument 'catkin_cmake_args' from command line to 'None'
[0.544s] Level 5:colcon.colcon_core.verb:set package 'mrpython_pcl' build argument 'catkin_skip_building_tests' from command line to 'False'
[0.544s] DEBUG:colcon.colcon_core.verb:Building package 'mrpython_pcl' with the following arguments: {'ament_cmake_args': None, 'build_base': '/media/ezzedinayman/Local Disk/FS-System/fs-system/build/mrpython_pcl', 'catkin_cmake_args': None, 'catkin_skip_building_tests': False, 'cmake_args': None, 'cmake_clean_cache': False, 'cmake_clean_first': False, 'cmake_force_configure': False, 'cmake_target': None, 'cmake_target_skip_unavailable': False, 'install_base': '/media/ezzedinayman/Local Disk/FS-System/fs-system/install/mrpython_pcl', 'merge_install': False, 'path': '/media/ezzedinayman/Local Disk/FS-System/fs-system/perception/mrpython_pcl', 'symlink_install': False, 'test_result_base': None}
[0.544s] Level 5:colcon.colcon_core.verb:set package 'smornn' build argument 'cmake_args' from command line to 'None'
[0.544s] Level 5:colcon.colcon_core.verb:set package 'smornn' build argument 'cmake_target' from command line to 'None'
[0.544s] Level 5:colcon.colcon_core.verb:set package 'smornn' build argument 'cmake_target_skip_unavailable' from command line to 'False'
[0.544s] Level 5:colcon.colcon_core.verb:set package 'smornn' build argument 'cmake_clean_cache' from command line to 'False'
[0.544s] Level 5:colcon.colcon_core.verb:set package 'smornn' build argument 'cmake_clean_first' from command line to 'False'
[0.544s] Level 5:colcon.colcon_core.verb:set package 'smornn' build argument 'cmake_force_configure' from command line to 'False'
[0.544s] Level 5:colcon.colcon_core.verb:set package 'smornn' build argument 'ament_cmake_args' from command line to 'None'
[0.544s] Level 5:colcon.colcon_core.verb:set package 'smornn' build argument 'catkin_cmake_args' from command line to 'None'
[0.544s] Level 5:colcon.colcon_core.verb:set package 'smornn' build argument 'catkin_skip_building_tests' from command line to 'False'
[0.544s] DEBUG:colcon.colcon_core.verb:Building package 'smornn' with the following arguments: {'ament_cmake_args': None, 'build_base': '/media/ezzedinayman/Local Disk/FS-System/fs-system/build/smornn', 'catkin_cmake_args': None, 'catkin_skip_building_tests': False, 'cmake_args': None, 'cmake_clean_cache': False, 'cmake_clean_first': False, 'cmake_force_configure': False, 'cmake_target': None, 'cmake_target_skip_unavailable': False, 'install_base': '/media/ezzedinayman/Local Disk/FS-System/fs-system/install/smornn', 'merge_install': False, 'path': '/media/ezzedinayman/Local Disk/FS-System/fs-system/perception/smornn', 'symlink_install': False, 'test_result_base': None}
[0.544s] INFO:colcon.colcon_core.executor:Executing jobs using 'parallel' executor
[0.545s] DEBUG:colcon.colcon_parallel_executor.executor.parallel:run_until_complete
[0.546s] INFO:colcon.colcon_ros.task.ament_python.build:Building ROS package in '/media/ezzedinayman/Local Disk/FS-System/fs-system/perception/smoreo' with build type 'ament_python'
[0.546s] Level 1:colcon.colcon_core.shell:create_environment_hook('smoreo', 'ament_prefix_path')
[0.547s] INFO:colcon.colcon_core.plugin_system:Skipping extension 'colcon_core.shell.bat': Not used on non-Windows systems
[0.548s] INFO:colcon.colcon_core.shell:Creating environment hook '/media/ezzedinayman/Local Disk/FS-System/fs-system/install/smoreo/share/smoreo/hook/ament_prefix_path.ps1'
[0.548s] INFO:colcon.colcon_core.shell:Creating environment descriptor '/media/ezzedinayman/Local Disk/FS-System/fs-system/install/smoreo/share/smoreo/hook/ament_prefix_path.dsv'
[0.549s] INFO:colcon.colcon_core.shell:Creating environment hook '/media/ezzedinayman/Local Disk/FS-System/fs-system/install/smoreo/share/smoreo/hook/ament_prefix_path.sh'
[0.549s] INFO:colcon.colcon_core.shell:Skip shell extension 'powershell' for command environment: Not usable outside of PowerShell
[0.549s] DEBUG:colcon.colcon_core.shell:Skip shell extension 'dsv' for command environment
[0.552s] ERROR:colcon.colcon_ros.task.ament_python.build:Failed to find the following files:
- /media/ezzedinayman/Local Disk/FS-System/fs-system/install/interfaces/share/interfaces/package.sh
Check that the following packages have been built:
- interfaces
[0.552s] INFO:colcon.colcon_ros.task.ament_python.build:Building ROS package in '/media/ezzedinayman/Local Disk/FS-System/fs-system/perception/mrpython_pcl' with build type 'ament_python'
[0.552s] Level 1:colcon.colcon_core.shell:create_environment_hook('mrpython_pcl', 'ament_prefix_path')
[0.552s] INFO:colcon.colcon_core.shell:Creating environment hook '/media/ezzedinayman/Local Disk/FS-System/fs-system/install/mrpython_pcl/share/mrpython_pcl/hook/ament_prefix_path.ps1'
[0.553s] INFO:colcon.colcon_core.shell:Creating environment descriptor '/media/ezzedinayman/Local Disk/FS-System/fs-system/install/mrpython_pcl/share/mrpython_pcl/hook/ament_prefix_path.dsv'
[0.553s] INFO:colcon.colcon_core.shell:Creating environment hook '/media/ezzedinayman/Local Disk/FS-System/fs-system/install/mrpython_pcl/share/mrpython_pcl/hook/ament_prefix_path.sh'
[0.553s] INFO:colcon.colcon_core.shell:Skip shell extension 'powershell' for command environment: Not usable outside of PowerShell
[0.553s] DEBUG:colcon.colcon_core.shell:Skip shell extension 'dsv' for command environment
[0.889s] INFO:colcon.colcon_ros.task.ament_python.build:Building ROS package in '/media/ezzedinayman/Local Disk/FS-System/fs-system/perception/smornn' with build type 'ament_python'
[0.891s] Level 1:colcon.colcon_core.shell:create_environment_hook('smornn', 'ament_prefix_path')
[0.892s] INFO:colcon.colcon_core.shell:Creating environment hook '/media/ezzedinayman/Local Disk/FS-System/fs-system/install/smornn/share/smornn/hook/ament_prefix_path.ps1'
[0.896s] INFO:colcon.colcon_core.shell:Creating environment descriptor '/media/ezzedinayman/Local Disk/FS-System/fs-system/install/smornn/share/smornn/hook/ament_prefix_path.dsv'
[0.898s] INFO:colcon.colcon_core.shell:Creating environment hook '/media/ezzedinayman/Local Disk/FS-System/fs-system/install/smornn/share/smornn/hook/ament_prefix_path.sh'
[0.900s] INFO:colcon.colcon_core.shell:Skip shell extension 'powershell' for command environment: Not usable outside of PowerShell
[0.900s] DEBUG:colcon.colcon_core.shell:Skip shell extension 'dsv' for command environment
[0.932s] DEBUG:colcon.colcon_parallel_executor.executor.parallel:closing loop
[0.933s] DEBUG:colcon.colcon_parallel_executor.executor.parallel:loop closed
[0.933s] DEBUG:colcon.colcon_parallel_executor.executor.parallel:run_until_complete finished with '1'
[0.933s] DEBUG:colcon.colcon_core.event_reactor:joining thread
[0.941s] INFO:colcon.colcon_core.plugin_system:Skipping extension 'colcon_notification.desktop_notification.terminal_notifier': Not used on non-Darwin systems
[0.942s] INFO:colcon.colcon_core.plugin_system:Skipping extension 'colcon_notification.desktop_notification.win32': Not used on non-Windows systems
[0.942s] INFO:colcon.colcon_notification.desktop_notification:Sending desktop notification using 'notify2'
[0.956s] DEBUG:colcon.colcon_core.event_reactor:joined thread
[0.957s] INFO:colcon.colcon_core.shell:Creating prefix script '/media/ezzedinayman/Local Disk/FS-System/fs-system/install/local_setup.ps1'
[0.958s] INFO:colcon.colcon_core.shell:Creating prefix util module '/media/ezzedinayman/Local Disk/FS-System/fs-system/install/_local_setup_util_ps1.py'
[0.961s] INFO:colcon.colcon_core.shell:Creating prefix chain script '/media/ezzedinayman/Local Disk/FS-System/fs-system/install/setup.ps1'
[0.964s] INFO:colcon.colcon_core.shell:Creating prefix script '/media/ezzedinayman/Local Disk/FS-System/fs-system/install/local_setup.sh'
[0.965s] INFO:colcon.colcon_core.shell:Creating prefix util module '/media/ezzedinayman/Local Disk/FS-System/fs-system/install/_local_setup_util_sh.py'
[0.965s] INFO:colcon.colcon_core.shell:Creating prefix chain script '/media/ezzedinayman/Local Disk/FS-System/fs-system/install/setup.sh'
[0.967s] INFO:colcon.colcon_core.shell:Creating prefix script '/media/ezzedinayman/Local Disk/FS-System/fs-system/install/local_setup.bash'
[0.968s] INFO:colcon.colcon_core.shell:Creating prefix chain script '/media/ezzedinayman/Local Disk/FS-System/fs-system/install/setup.bash'
[0.969s] INFO:colcon.colcon_core.shell:Creating prefix script '/media/ezzedinayman/Local Disk/FS-System/fs-system/install/local_setup.zsh'
[0.970s] INFO:colcon.colcon_core.shell:Creating prefix chain script '/media/ezzedinayman/Local Disk/FS-System/fs-system/install/setup.zsh'
