running egg_info
writing ../build/moreo/moreo.egg-info/PKG-INFO
writing dependency_links to ../build/moreo/moreo.egg-info/dependency_links.txt
writing entry points to ../build/moreo/moreo.egg-info/entry_points.txt
writing requirements to ../build/moreo/moreo.egg-info/requires.txt
writing top-level names to ../build/moreo/moreo.egg-info/top_level.txt
reading manifest file '../build/moreo/moreo.egg-info/SOURCES.txt'
writing manifest file '../build/moreo/moreo.egg-info/SOURCES.txt'
running build
running build_py
copying moreo/kpr_model.py -> /media/ezzedinayman/Local Disk/ASURT/fs/src/fs-system/perception/build/moreo/build/lib/moreo
copying moreo/kpr_node.py -> /media/ezzedinayman/Local Disk/ASURT/fs/src/fs-system/perception/build/moreo/build/lib/moreo
copying moreo/resnet.py -> /media/ezzedinayman/Local Disk/ASURT/fs/src/fs-system/perception/build/moreo/build/lib/moreo
running install
/usr/lib/python3/dist-packages/setuptools/command/install.py:34: SetuptoolsDeprecationWarning: setup.py install is deprecated. Use build and pip and other standards-based tools.
  warnings.warn(
running install_lib
copying /media/ezzedinayman/Local Disk/ASURT/fs/src/fs-system/perception/build/moreo/build/lib/moreo/kpr_model.py -> /media/ezzedinayman/Local Disk/ASURT/fs/src/fs-system/perception/install/moreo/lib/python3.10/site-packages/moreo
copying /media/ezzedinayman/Local Disk/ASURT/fs/src/fs-system/perception/build/moreo/build/lib/moreo/kpr_node.py -> /media/ezzedinayman/Local Disk/ASURT/fs/src/fs-system/perception/install/moreo/lib/python3.10/site-packages/moreo
copying /media/ezzedinayman/Local Disk/ASURT/fs/src/fs-system/perception/build/moreo/build/lib/moreo/resnet.py -> /media/ezzedinayman/Local Disk/ASURT/fs/src/fs-system/perception/install/moreo/lib/python3.10/site-packages/moreo
byte-compiling /media/ezzedinayman/Local Disk/ASURT/fs/src/fs-system/perception/install/moreo/lib/python3.10/site-packages/moreo/kpr_model.py to kpr_model.cpython-310.pyc
byte-compiling /media/ezzedinayman/Local Disk/ASURT/fs/src/fs-system/perception/install/moreo/lib/python3.10/site-packages/moreo/kpr_node.py to kpr_node.cpython-310.pyc
byte-compiling /media/ezzedinayman/Local Disk/ASURT/fs/src/fs-system/perception/install/moreo/lib/python3.10/site-packages/moreo/resnet.py to resnet.cpython-310.pyc
running install_data
running install_egg_info
removing '/media/ezzedinayman/Local Disk/ASURT/fs/src/fs-system/perception/install/moreo/lib/python3.10/site-packages/moreo-0.0.0-py3.10.egg-info' (and everything under it)
Copying ../build/moreo/moreo.egg-info to /media/ezzedinayman/Local Disk/ASURT/fs/src/fs-system/perception/install/moreo/lib/python3.10/site-packages/moreo-0.0.0-py3.10.egg-info
running install_scripts
Installing keypoint_regressor script to /media/ezzedinayman/Local Disk/ASURT/fs/src/fs-system/perception/install/moreo/lib/moreo
writing list of installed files to '/media/ezzedinayman/Local Disk/ASURT/fs/src/fs-system/perception/build/moreo/install.log'
