[3.036s] Invoking command in '/media/ezzedinayman/Local Disk/ASURT/fs/src/fs-system/perception/moreo': PYTHONPATH=/media/ezzedinayman/Local Disk/ASURT/fs/src/fs-system/perception/build/moreo/prefix_override:/media/ezzedinayman/Local Disk/ASURT/fs/src/fs-system/perception/install/moreo/lib/python3.10/site-packages:${PYTHONPATH} /usr/bin/python3 setup.py egg_info --egg-base ../build/moreo build --build-base /media/ezzedinayman/Local Disk/ASURT/fs/src/fs-system/perception/build/moreo/build install --record /media/ezzedinayman/Local Disk/ASURT/fs/src/fs-system/perception/build/moreo/install.log --single-version-externally-managed
[3.430s] running egg_info
[3.431s] writing ../build/moreo/moreo.egg-info/PKG-INFO
[3.458s] writing dependency_links to ../build/moreo/moreo.egg-info/dependency_links.txt
[3.458s] writing entry points to ../build/moreo/moreo.egg-info/entry_points.txt
[3.458s] writing requirements to ../build/moreo/moreo.egg-info/requires.txt
[3.458s] writing top-level names to ../build/moreo/moreo.egg-info/top_level.txt
[3.461s] reading manifest file '../build/moreo/moreo.egg-info/SOURCES.txt'
[3.482s] writing manifest file '../build/moreo/moreo.egg-info/SOURCES.txt'
[3.508s] running build
[3.509s] running build_py
[3.509s] copying moreo/kpr_model.py -> /media/ezzedinayman/Local Disk/ASURT/fs/src/fs-system/perception/build/moreo/build/lib/moreo
[3.510s] copying moreo/kpr_node.py -> /media/ezzedinayman/Local Disk/ASURT/fs/src/fs-system/perception/build/moreo/build/lib/moreo
[3.510s] copying moreo/resnet.py -> /media/ezzedinayman/Local Disk/ASURT/fs/src/fs-system/perception/build/moreo/build/lib/moreo
[3.515s] running install
[3.515s] /usr/lib/python3/dist-packages/setuptools/command/install.py:34: SetuptoolsDeprecationWarning: setup.py install is deprecated. Use build and pip and other standards-based tools.
[3.515s]   warnings.warn(
[3.516s] running install_lib
[3.518s] copying /media/ezzedinayman/Local Disk/ASURT/fs/src/fs-system/perception/build/moreo/build/lib/moreo/kpr_model.py -> /media/ezzedinayman/Local Disk/ASURT/fs/src/fs-system/perception/install/moreo/lib/python3.10/site-packages/moreo
[3.518s] copying /media/ezzedinayman/Local Disk/ASURT/fs/src/fs-system/perception/build/moreo/build/lib/moreo/kpr_node.py -> /media/ezzedinayman/Local Disk/ASURT/fs/src/fs-system/perception/install/moreo/lib/python3.10/site-packages/moreo
[3.519s] copying /media/ezzedinayman/Local Disk/ASURT/fs/src/fs-system/perception/build/moreo/build/lib/moreo/resnet.py -> /media/ezzedinayman/Local Disk/ASURT/fs/src/fs-system/perception/install/moreo/lib/python3.10/site-packages/moreo
[3.519s] byte-compiling /media/ezzedinayman/Local Disk/ASURT/fs/src/fs-system/perception/install/moreo/lib/python3.10/site-packages/moreo/kpr_model.py to kpr_model.cpython-310.pyc
[3.531s] byte-compiling /media/ezzedinayman/Local Disk/ASURT/fs/src/fs-system/perception/install/moreo/lib/python3.10/site-packages/moreo/kpr_node.py to kpr_node.cpython-310.pyc
[3.559s] byte-compiling /media/ezzedinayman/Local Disk/ASURT/fs/src/fs-system/perception/install/moreo/lib/python3.10/site-packages/moreo/resnet.py to resnet.cpython-310.pyc
[3.560s] running install_data
[3.561s] running install_egg_info
[3.565s] removing '/media/ezzedinayman/Local Disk/ASURT/fs/src/fs-system/perception/install/moreo/lib/python3.10/site-packages/moreo-0.0.0-py3.10.egg-info' (and everything under it)
[3.623s] Copying ../build/moreo/moreo.egg-info to /media/ezzedinayman/Local Disk/ASURT/fs/src/fs-system/perception/install/moreo/lib/python3.10/site-packages/moreo-0.0.0-py3.10.egg-info
[3.624s] running install_scripts
[3.676s] Installing keypoint_regressor script to /media/ezzedinayman/Local Disk/ASURT/fs/src/fs-system/perception/install/moreo/lib/moreo
[3.699s] writing list of installed files to '/media/ezzedinayman/Local Disk/ASURT/fs/src/fs-system/perception/build/moreo/install.log'
[3.957s] Invoked command in '/media/ezzedinayman/Local Disk/ASURT/fs/src/fs-system/perception/moreo' returned '0': PYTHONPATH=/media/ezzedinayman/Local Disk/ASURT/fs/src/fs-system/perception/build/moreo/prefix_override:/media/ezzedinayman/Local Disk/ASURT/fs/src/fs-system/perception/install/moreo/lib/python3.10/site-packages:${PYTHONPATH} /usr/bin/python3 setup.py egg_info --egg-base ../build/moreo build --build-base /media/ezzedinayman/Local Disk/ASURT/fs/src/fs-system/perception/build/moreo/build install --record /media/ezzedinayman/Local Disk/ASURT/fs/src/fs-system/perception/build/moreo/install.log --single-version-externally-managed
