[0.053s] Invoking command in '/home/hazem/ros2_ws/build/lidarslam': AMENT_PREFIX_PATH=/home/hazem/ros2_ws/install/scanmatcher:/home/hazem/ros2_ws/install/graph_based_slam:/home/hazem/ros2_ws/install/ndt_omp_ros2:/home/hazem/ros2_ws/install/lidarslam_msgs:${AMENT_PREFIX_PATH} CMAKE_PREFIX_PATH=/home/hazem/ros2_ws/install/scanmatcher:/home/hazem/ros2_ws/install/graph_based_slam:/home/hazem/ros2_ws/install/ndt_omp_ros2:/home/hazem/ros2_ws/install/lidarslam_msgs:/opt/ros/humble LD_LIBRARY_PATH=/home/hazem/ros2_ws/install/scanmatcher/lib:/home/hazem/ros2_ws/install/graph_based_slam/lib:/home/hazem/ros2_ws/install/lidarslam_msgs/lib:${LD_LIBRARY_PATH} PATH=/home/hazem/ros2_ws/install/ndt_omp_ros2/bin:${PATH} PYTHONPATH=/home/hazem/ros2_ws/install/lidarslam_msgs/local/lib/python3.10/dist-packages:${PYTHONPATH} /usr/bin/cmake /home/hazem/ros2_ws/src/lidarslam_ros2/lidarslam -DCMAKE_BUILD_TYPE=Release -DAMENT_CMAKE_SYMLINK_INSTALL=1 -DCMAKE_INSTALL_PREFIX=/home/hazem/ros2_ws/install/lidarslam
[0.114s] -- The C compiler identification is GNU 11.4.0
[0.174s] -- The CXX compiler identification is GNU 11.4.0
[0.183s] -- Detecting C compiler ABI info
[0.241s] -- Detecting C compiler ABI info - done
[0.248s] -- Check for working C compiler: /usr/bin/cc - skipped
[0.248s] -- Detecting C compile features
[0.249s] -- Detecting C compile features - done
[0.252s] -- Detecting CXX compiler ABI info
[0.326s] -- Detecting CXX compiler ABI info - done
[0.334s] -- Check for working CXX compiler: /usr/bin/c++ - skipped
[0.334s] -- Detecting CXX compile features
[0.334s] -- Detecting CXX compile features - done
[0.343s] -- Found ament_cmake: 1.3.7 (/opt/ros/humble/share/ament_cmake/cmake)
[0.498s] -- Found Python3: /usr/bin/python3.10 (found version "3.10.12") found components: Interpreter 
[0.554s] -- Override CMake install command with custom implementation using symlinks instead of copying resources
[0.590s] -- Found rclcpp: 16.0.8 (/opt/ros/humble/share/rclcpp/cmake)
[0.640s] -- Found rosidl_generator_c: 3.1.5 (/opt/ros/humble/share/rosidl_generator_c/cmake)
[0.647s] -- Found rosidl_adapter: 3.1.5 (/opt/ros/humble/share/rosidl_adapter/cmake)
[0.656s] -- Found rosidl_generator_cpp: 3.1.5 (/opt/ros/humble/share/rosidl_generator_cpp/cmake)
[0.674s] -- Using all available rosidl_typesupport_c: rosidl_typesupport_fastrtps_c;rosidl_typesupport_introspection_c
[0.695s] -- Using all available rosidl_typesupport_cpp: rosidl_typesupport_fastrtps_cpp;rosidl_typesupport_introspection_cpp
[0.771s] -- Found rmw_implementation_cmake: 6.1.1 (/opt/ros/humble/share/rmw_implementation_cmake/cmake)
[0.774s] -- Found rmw_fastrtps_cpp: 6.2.6 (/opt/ros/humble/share/rmw_fastrtps_cpp/cmake)
[0.868s] -- Found OpenSSL: /usr/lib/x86_64-linux-gnu/libcrypto.so (found version "3.0.2")  
[0.892s] -- Found FastRTPS: /opt/ros/humble/include  
[0.930s] -- Using RMW implementation 'rmw_fastrtps_cpp' as default
[0.941s] -- Looking for pthread.h
[1.005s] -- Looking for pthread.h - found
[1.005s] -- Performing Test CMAKE_HAVE_LIBC_PTHREAD
[1.070s] -- Performing Test CMAKE_HAVE_LIBC_PTHREAD - Success
[1.071s] -- Found Threads: TRUE  
[1.229s] -- Found scanmatcher: 0.0.0 (/home/hazem/ros2_ws/install/scanmatcher/share/scanmatcher/cmake)
[1.634s] -- Found eigen3_cmake_module: 0.1.1 (/opt/ros/humble/share/eigen3_cmake_module/cmake)
[1.636s] -- Found Eigen3: TRUE (found version "3.4.0") 
[1.636s] -- Ensuring Eigen3 include directory is part of orocos-kdl CMake target
[2.292s] -- Found graph_based_slam: 0.0.0 (/home/hazem/ros2_ws/install/graph_based_slam/share/graph_based_slam/cmake)
[2.295s] -- Found std_srvs: 4.2.3 (/opt/ros/humble/share/std_srvs/cmake)
[2.324s] -- Checking for module 'eigen3'
[2.335s] --   Found eigen3, version 3.4.0
[2.362s] -- Found Eigen: /usr/include/eigen3 (Required is at least version "3.1") 
[2.362s] -- Eigen found (include: /usr/include/eigen3, version: 3.4.0)
[2.384s] -- Found Boost: /usr/lib/x86_64-linux-gnu/cmake/Boost-1.74.0/BoostConfig.cmake (found suitable version "1.74.0", minimum required is "1.65.0") found components: system filesystem date_time iostreams serialization 
[2.398s] -- Checking for module 'flann'
[2.409s] --   Found flann, version 1.9.1
[2.440s] -- Found FLANN: /usr/lib/x86_64-linux-gnu/libflann_cpp.so  
[2.440s] -- FLANN found (include: /usr/include, lib: /usr/lib/x86_64-linux-gnu/libflann_cpp.so)
[2.474s] -- Found GLEW: /usr/lib/x86_64-linux-gnu/libGLEW.so  
[2.478s] -- Found OpenGL: /usr/lib/x86_64-linux-gnu/libOpenGL.so  found components: OpenGL GLX 
[2.602s] -- Found MPI_C: /usr/lib/x86_64-linux-gnu/libmpi.so (found version "3.1") 
[2.602s] -- Found MPI: TRUE (found version "3.1") found components: C 
[2.604s] -- Found JsonCpp: /usr/lib/x86_64-linux-gnu/libjsoncpp.so (found suitable version "1.9.5", minimum required is "0.7.0") 
[2.612s] -- Found ZLIB: /usr/lib/x86_64-linux-gnu/libz.so (found version "1.2.11") 
[2.626s] -- Found PNG: /usr/lib/x86_64-linux-gnu/libpng.so (found version "1.6.37") 
[2.646s] -- Found Eigen3: /usr/include/eigen3 (found version "3.4.0") 
[2.720s] -- Found X11: /usr/include   
[2.720s] -- Looking for XOpenDisplay in /usr/lib/x86_64-linux-gnu/libX11.so;/usr/lib/x86_64-linux-gnu/libXext.so
[2.788s] -- Looking for XOpenDisplay in /usr/lib/x86_64-linux-gnu/libX11.so;/usr/lib/x86_64-linux-gnu/libXext.so - found
[2.789s] -- Looking for gethostbyname
[2.868s] -- Looking for gethostbyname - found
[2.869s] -- Looking for connect
[2.926s] -- Looking for connect - found
[2.926s] -- Looking for remove
[2.987s] -- Looking for remove - found
[2.988s] -- Looking for shmat
[3.052s] -- Looking for shmat - found
[3.052s] -- Looking for IceConnectionNumber in ICE
[3.118s] -- Looking for IceConnectionNumber in ICE - found
[3.193s] -- Found EXPAT: /usr/lib/x86_64-linux-gnu/libexpat.so (found version "2.4.7") 
[3.195s] -- Found double-conversion: /usr/lib/x86_64-linux-gnu/libdouble-conversion.so  
[3.197s] -- Found LZ4: /usr/lib/x86_64-linux-gnu/liblz4.so (found version "1.9.3") 
[3.199s] -- Found LZMA: /usr/lib/x86_64-linux-gnu/liblzma.so (found version "5.2.5") 
[3.214s] -- Found JPEG: /usr/lib/x86_64-linux-gnu/libjpeg.so (found version "80") 
[3.218s] -- Found TIFF: /usr/lib/x86_64-linux-gnu/libtiff.so (found version "4.3.0")  
[3.222s] -- Found Freetype: /usr/lib/x86_64-linux-gnu/libfreetype.so (found version "2.11.1") 
[3.228s] -- Found utf8cpp: /usr/include/utf8cpp  
[3.297s] -- Checking for module 'libusb-1.0'
[3.308s] --   Found libusb-1.0, version 1.0.25
[3.337s] -- Found libusb: /usr/lib/x86_64-linux-gnu/libusb-1.0.so  
[3.338s] -- Found OpenNI: /usr/lib/libOpenNI.so;libusb::libusb (found version "1.5.4.0") 
[3.338s] -- OpenNI found (version: 1.5.4.0, include: /usr/include/ni, lib: /usr/lib/libOpenNI.so;libusb::libusb)
[3.385s] -- Found OpenNI2: /usr/lib/x86_64-linux-gnu/libOpenNI2.so;libusb::libusb (found version "2.2.0.33") 
[3.385s] -- OpenNI2 found (version: 2.2.0.33, include: /usr/include/openni2, lib: /usr/lib/x86_64-linux-gnu/libOpenNI2.so;libusb::libusb)
[3.386s] [0m** WARNING ** io features related to pcap will be disabled[0m
[3.512s] -- Eigen found (include: /usr/include/eigen3, version: 3.4.0)
[3.520s] -- OpenNI found (version: 1.5.4.0, include: /usr/include/ni, lib: /usr/lib/libOpenNI.so;libusb::libusb)
[3.523s] -- OpenNI2 found (version: 2.2.0.33, include: /usr/include/openni2, lib: /usr/lib/x86_64-linux-gnu/libOpenNI2.so;libusb::libusb)
[3.643s] -- Found Qhull version 8.0.2
[3.764s] -- OpenNI found (version: 1.5.4.0, include: /usr/include/ni, lib: /usr/lib/libOpenNI.so;libusb::libusb)
[3.882s] -- looking for PCL_COMMON
[3.883s] -- Found PCL_COMMON: /usr/lib/x86_64-linux-gnu/libpcl_common.so  
[3.883s] -- looking for PCL_KDTREE
[3.884s] -- Found PCL_KDTREE: /usr/lib/x86_64-linux-gnu/libpcl_kdtree.so  
[3.884s] -- looking for PCL_OCTREE
[3.885s] -- Found PCL_OCTREE: /usr/lib/x86_64-linux-gnu/libpcl_octree.so  
[3.885s] -- looking for PCL_SEARCH
[3.885s] -- Found PCL_SEARCH: /usr/lib/x86_64-linux-gnu/libpcl_search.so  
[3.885s] -- looking for PCL_SAMPLE_CONSENSUS
[3.886s] -- Found PCL_SAMPLE_CONSENSUS: /usr/lib/x86_64-linux-gnu/libpcl_sample_consensus.so  
[3.886s] -- looking for PCL_FILTERS
[3.887s] -- Found PCL_FILTERS: /usr/lib/x86_64-linux-gnu/libpcl_filters.so  
[3.887s] -- looking for PCL_2D
[3.887s] -- Found PCL_2D: /usr/include/pcl-1.12  
[3.887s] -- looking for PCL_GEOMETRY
[3.888s] -- Found PCL_GEOMETRY: /usr/include/pcl-1.12  
[3.888s] -- looking for PCL_IO
[3.888s] -- Found PCL_IO: /usr/lib/x86_64-linux-gnu/libpcl_io.so  
[3.888s] -- looking for PCL_FEATURES
[3.889s] -- Found PCL_FEATURES: /usr/lib/x86_64-linux-gnu/libpcl_features.so  
[3.889s] -- looking for PCL_ML
[3.890s] -- Found PCL_ML: /usr/lib/x86_64-linux-gnu/libpcl_ml.so  
[3.890s] -- looking for PCL_SEGMENTATION
[3.891s] -- Found PCL_SEGMENTATION: /usr/lib/x86_64-linux-gnu/libpcl_segmentation.so  
[3.891s] -- looking for PCL_VISUALIZATION
[3.892s] -- Found PCL_VISUALIZATION: /usr/lib/x86_64-linux-gnu/libpcl_visualization.so  
[3.892s] -- looking for PCL_SURFACE
[3.892s] -- Found PCL_SURFACE: /usr/lib/x86_64-linux-gnu/libpcl_surface.so  
[3.893s] -- looking for PCL_REGISTRATION
[3.893s] -- Found PCL_REGISTRATION: /usr/lib/x86_64-linux-gnu/libpcl_registration.so  
[3.893s] -- looking for PCL_KEYPOINTS
[3.894s] -- Found PCL_KEYPOINTS: /usr/lib/x86_64-linux-gnu/libpcl_keypoints.so  
[3.894s] -- looking for PCL_TRACKING
[3.895s] -- Found PCL_TRACKING: /usr/lib/x86_64-linux-gnu/libpcl_tracking.so  
[3.895s] -- looking for PCL_RECOGNITION
[3.896s] -- Found PCL_RECOGNITION: /usr/lib/x86_64-linux-gnu/libpcl_recognition.so  
[3.896s] -- looking for PCL_STEREO
[3.896s] -- Found PCL_STEREO: /usr/lib/x86_64-linux-gnu/libpcl_stereo.so  
[3.897s] -- looking for PCL_APPS
[3.897s] -- Found PCL_APPS: /usr/lib/x86_64-linux-gnu/libpcl_apps.so  
[3.898s] -- looking for PCL_IN_HAND_SCANNER
[3.898s] -- Found PCL_IN_HAND_SCANNER: /usr/include/pcl-1.12  
[3.898s] -- looking for PCL_MODELER
[3.898s] -- Found PCL_MODELER: /usr/include/pcl-1.12  
[3.899s] -- looking for PCL_POINT_CLOUD_EDITOR
[3.899s] -- Found PCL_POINT_CLOUD_EDITOR: /usr/include/pcl-1.12  
[3.899s] -- looking for PCL_OUTOFCORE
[3.899s] -- Found PCL_OUTOFCORE: /usr/lib/x86_64-linux-gnu/libpcl_outofcore.so  
[3.900s] -- looking for PCL_PEOPLE
[3.900s] -- Found PCL_PEOPLE: /usr/lib/x86_64-linux-gnu/libpcl_people.so  
[3.901s] -- Found PCL: pcl_common;pcl_kdtree;pcl_octree;pcl_search;pcl_sample_consensus;pcl_filters;pcl_io;pcl_features;pcl_ml;pcl_segmentation;pcl_visualization;pcl_surface;pcl_registration;pcl_keypoints;pcl_tracking;pcl_recognition;pcl_stereo;pcl_apps;pcl_outofcore;pcl_people;Boost::system;Boost::filesystem;Boost::date_time;Boost::iostreams;Boost::serialization;/usr/lib/libOpenNI.so;libusb::libusb;/usr/lib/x86_64-linux-gnu/libOpenNI2.so;libusb::libusb;VTK::ChartsCore;VTK::CommonColor;VTK::CommonComputationalGeometry;VTK::CommonCore;VTK::CommonDataModel;VTK::CommonExecutionModel;VTK::CommonMath;VTK::CommonMisc;VTK::CommonTransforms;VTK::FiltersCore;VTK::FiltersExtraction;VTK::FiltersGeneral;VTK::FiltersGeometry;VTK::FiltersModeling;VTK::FiltersSources;VTK::ImagingCore;VTK::ImagingSources;VTK::InteractionImage;VTK::InteractionStyle;VTK::InteractionWidgets;VTK::IOCore;VTK::IOGeometry;VTK::IOImage;VTK::IOLegacy;VTK::IOPLY;VTK::RenderingAnnotation;VTK::RenderingCore;VTK::RenderingContext2D;VTK::RenderingLOD;VTK::RenderingFreeType;VTK::ViewsCore;VTK::ViewsContext2D;VTK::RenderingOpenGL2;VTK::GUISupportQt;FLANN::FLANN;QHULL::QHULL  
[4.126s] -- Found OpenMP_C: -fopenmp (found version "4.5") 
[4.204s] -- Found OpenMP_CXX: -fopenmp (found version "4.5") 
[4.204s] -- Found OpenMP: TRUE (found version "4.5")  
[4.209s] -- Found Eigen3: TRUE (found version "3.4.0") 
[4.210s] -- Found OpenGL: /usr/lib/x86_64-linux-gnu/libOpenGL.so   
[4.216s] -- Found ament_lint_auto: 0.12.10 (/opt/ros/humble/share/ament_lint_auto/cmake)
[4.816s] -- Added test 'copyright' to check source files copyright and LICENSE
[4.818s] -- Added test 'cppcheck' to perform static code analysis on C / C++ code
[4.819s] -- Configured cppcheck include dirs: /home/hazem/ros2_ws/src/lidarslam_ros2/lidarslam/include
[4.819s] -- Configured cppcheck exclude dirs and/or files: 
[4.820s] -- Added test 'cpplint' to check C / C++ code against the Google style
[4.820s] -- Configured cpplint exclude dirs and/or files: 
[4.821s] -- Added test 'flake8' to check Python code syntax and style conventions
[4.822s] -- Added test 'lint_cmake' to check CMake code style
[4.822s] -- Added test 'pep257' to check Python code against some of the docstring style conventions in PEP 257
[4.824s] -- Added test 'uncrustify' to check C / C++ code style
[4.824s] -- Configured uncrustify additional arguments: 
[4.824s] -- Added test 'xmllint' to check XML markup files
[4.826s] -- Configuring done
[4.887s] -- Generating done
[4.889s] -- Build files have been written to: /home/hazem/ros2_ws/build/lidarslam
[4.905s] Invoked command in '/home/hazem/ros2_ws/build/lidarslam' returned '0': AMENT_PREFIX_PATH=/home/hazem/ros2_ws/install/scanmatcher:/home/hazem/ros2_ws/install/graph_based_slam:/home/hazem/ros2_ws/install/ndt_omp_ros2:/home/hazem/ros2_ws/install/lidarslam_msgs:${AMENT_PREFIX_PATH} CMAKE_PREFIX_PATH=/home/hazem/ros2_ws/install/scanmatcher:/home/hazem/ros2_ws/install/graph_based_slam:/home/hazem/ros2_ws/install/ndt_omp_ros2:/home/hazem/ros2_ws/install/lidarslam_msgs:/opt/ros/humble LD_LIBRARY_PATH=/home/hazem/ros2_ws/install/scanmatcher/lib:/home/hazem/ros2_ws/install/graph_based_slam/lib:/home/hazem/ros2_ws/install/lidarslam_msgs/lib:${LD_LIBRARY_PATH} PATH=/home/hazem/ros2_ws/install/ndt_omp_ros2/bin:${PATH} PYTHONPATH=/home/hazem/ros2_ws/install/lidarslam_msgs/local/lib/python3.10/dist-packages:${PYTHONPATH} /usr/bin/cmake /home/hazem/ros2_ws/src/lidarslam_ros2/lidarslam -DCMAKE_BUILD_TYPE=Release -DAMENT_CMAKE_SYMLINK_INSTALL=1 -DCMAKE_INSTALL_PREFIX=/home/hazem/ros2_ws/install/lidarslam
[4.906s] Invoking command in '/home/hazem/ros2_ws/build/lidarslam': AMENT_PREFIX_PATH=/home/hazem/ros2_ws/install/scanmatcher:/home/hazem/ros2_ws/install/graph_based_slam:/home/hazem/ros2_ws/install/ndt_omp_ros2:/home/hazem/ros2_ws/install/lidarslam_msgs:${AMENT_PREFIX_PATH} CMAKE_PREFIX_PATH=/home/hazem/ros2_ws/install/scanmatcher:/home/hazem/ros2_ws/install/graph_based_slam:/home/hazem/ros2_ws/install/ndt_omp_ros2:/home/hazem/ros2_ws/install/lidarslam_msgs:/opt/ros/humble LD_LIBRARY_PATH=/home/hazem/ros2_ws/install/scanmatcher/lib:/home/hazem/ros2_ws/install/graph_based_slam/lib:/home/hazem/ros2_ws/install/lidarslam_msgs/lib:${LD_LIBRARY_PATH} PATH=/home/hazem/ros2_ws/install/ndt_omp_ros2/bin:${PATH} PYTHONPATH=/home/hazem/ros2_ws/install/lidarslam_msgs/local/lib/python3.10/dist-packages:${PYTHONPATH} /usr/bin/cmake --build /home/hazem/ros2_ws/build/lidarslam -- -j12 -l12
[4.950s] [ 50%] [32mBuilding CXX object CMakeFiles/lidarslam.dir/src/lidarslam.cpp.o[0m
[20.865s] [100%] [32m[1mLinking CXX executable lidarslam[0m
[21.755s] [100%] Built target lidarslam
[21.764s] Invoked command in '/home/hazem/ros2_ws/build/lidarslam' returned '0': AMENT_PREFIX_PATH=/home/hazem/ros2_ws/install/scanmatcher:/home/hazem/ros2_ws/install/graph_based_slam:/home/hazem/ros2_ws/install/ndt_omp_ros2:/home/hazem/ros2_ws/install/lidarslam_msgs:${AMENT_PREFIX_PATH} CMAKE_PREFIX_PATH=/home/hazem/ros2_ws/install/scanmatcher:/home/hazem/ros2_ws/install/graph_based_slam:/home/hazem/ros2_ws/install/ndt_omp_ros2:/home/hazem/ros2_ws/install/lidarslam_msgs:/opt/ros/humble LD_LIBRARY_PATH=/home/hazem/ros2_ws/install/scanmatcher/lib:/home/hazem/ros2_ws/install/graph_based_slam/lib:/home/hazem/ros2_ws/install/lidarslam_msgs/lib:${LD_LIBRARY_PATH} PATH=/home/hazem/ros2_ws/install/ndt_omp_ros2/bin:${PATH} PYTHONPATH=/home/hazem/ros2_ws/install/lidarslam_msgs/local/lib/python3.10/dist-packages:${PYTHONPATH} /usr/bin/cmake --build /home/hazem/ros2_ws/build/lidarslam -- -j12 -l12
[21.787s] Invoking command in '/home/hazem/ros2_ws/build/lidarslam': AMENT_PREFIX_PATH=/home/hazem/ros2_ws/install/scanmatcher:/home/hazem/ros2_ws/install/graph_based_slam:/home/hazem/ros2_ws/install/ndt_omp_ros2:/home/hazem/ros2_ws/install/lidarslam_msgs:${AMENT_PREFIX_PATH} CMAKE_PREFIX_PATH=/home/hazem/ros2_ws/install/scanmatcher:/home/hazem/ros2_ws/install/graph_based_slam:/home/hazem/ros2_ws/install/ndt_omp_ros2:/home/hazem/ros2_ws/install/lidarslam_msgs:/opt/ros/humble LD_LIBRARY_PATH=/home/hazem/ros2_ws/install/scanmatcher/lib:/home/hazem/ros2_ws/install/graph_based_slam/lib:/home/hazem/ros2_ws/install/lidarslam_msgs/lib:${LD_LIBRARY_PATH} PATH=/home/hazem/ros2_ws/install/ndt_omp_ros2/bin:${PATH} PYTHONPATH=/home/hazem/ros2_ws/install/lidarslam_msgs/local/lib/python3.10/dist-packages:${PYTHONPATH} /usr/bin/cmake --install /home/hazem/ros2_ws/build/lidarslam
[21.793s] -- Install configuration: "Release"
[21.793s] -- Execute custom install script
[21.794s] -- Symlinking: /home/hazem/ros2_ws/install/lidarslam/share/lidarslam/launch/lidarslam.launch.py
[21.801s] -- Symlinking: /home/hazem/ros2_ws/install/lidarslam/share/lidarslam/launch/lidarslam_tukuba.launch.py
[21.809s] -- Symlinking: /home/hazem/ros2_ws/install/lidarslam/share/lidarslam/param/lidarslam.yaml
[21.817s] -- Symlinking: /home/hazem/ros2_ws/install/lidarslam/share/lidarslam/param/lidarslam_tukuba.yaml
[21.826s] -- Symlinking: /home/hazem/ros2_ws/install/lidarslam/share/lidarslam/rviz/mapping.rviz
[21.834s] -- Symlinking: /home/hazem/ros2_ws/install/lidarslam/share/lidarslam/rviz/mapping_tukuba.rviz
[21.843s] -- Symlinking: /home/hazem/ros2_ws/install/lidarslam/lib/lidarslam/lidarslam
[21.851s] -- Symlinking: /home/hazem/ros2_ws/install/lidarslam/share/ament_index/resource_index/package_run_dependencies/lidarslam
[21.858s] -- Symlinking: /home/hazem/ros2_ws/install/lidarslam/share/ament_index/resource_index/parent_prefix_path/lidarslam
[21.865s] -- Symlinking: /home/hazem/ros2_ws/install/lidarslam/share/lidarslam/environment/ament_prefix_path.sh
[21.872s] -- Symlinking: /home/hazem/ros2_ws/install/lidarslam/share/lidarslam/environment/ament_prefix_path.dsv
[21.879s] -- Symlinking: /home/hazem/ros2_ws/install/lidarslam/share/lidarslam/environment/path.sh
[21.886s] -- Symlinking: /home/hazem/ros2_ws/install/lidarslam/share/lidarslam/environment/path.dsv
[21.893s] -- Symlinking: /home/hazem/ros2_ws/install/lidarslam/share/lidarslam/local_setup.bash
[21.901s] -- Symlinking: /home/hazem/ros2_ws/install/lidarslam/share/lidarslam/local_setup.sh
[21.908s] -- Symlinking: /home/hazem/ros2_ws/install/lidarslam/share/lidarslam/local_setup.zsh
[21.917s] -- Symlinking: /home/hazem/ros2_ws/install/lidarslam/share/lidarslam/local_setup.dsv
[21.926s] -- Symlinking: /home/hazem/ros2_ws/install/lidarslam/share/lidarslam/package.dsv
[21.935s] -- Symlinking: /home/hazem/ros2_ws/install/lidarslam/share/ament_index/resource_index/packages/lidarslam
[21.944s] -- Symlinking: /home/hazem/ros2_ws/install/lidarslam/share/lidarslam/cmake/lidarslamConfig.cmake
[21.952s] -- Symlinking: /home/hazem/ros2_ws/install/lidarslam/share/lidarslam/cmake/lidarslamConfig-version.cmake
[21.961s] -- Symlinking: /home/hazem/ros2_ws/install/lidarslam/share/lidarslam/package.xml
[21.972s] Invoked command in '/home/hazem/ros2_ws/build/lidarslam' returned '0': AMENT_PREFIX_PATH=/home/hazem/ros2_ws/install/scanmatcher:/home/hazem/ros2_ws/install/graph_based_slam:/home/hazem/ros2_ws/install/ndt_omp_ros2:/home/hazem/ros2_ws/install/lidarslam_msgs:${AMENT_PREFIX_PATH} CMAKE_PREFIX_PATH=/home/hazem/ros2_ws/install/scanmatcher:/home/hazem/ros2_ws/install/graph_based_slam:/home/hazem/ros2_ws/install/ndt_omp_ros2:/home/hazem/ros2_ws/install/lidarslam_msgs:/opt/ros/humble LD_LIBRARY_PATH=/home/hazem/ros2_ws/install/scanmatcher/lib:/home/hazem/ros2_ws/install/graph_based_slam/lib:/home/hazem/ros2_ws/install/lidarslam_msgs/lib:${LD_LIBRARY_PATH} PATH=/home/hazem/ros2_ws/install/ndt_omp_ros2/bin:${PATH} PYTHONPATH=/home/hazem/ros2_ws/install/lidarslam_msgs/local/lib/python3.10/dist-packages:${PYTHONPATH} /usr/bin/cmake --install /home/hazem/ros2_ws/build/lidarslam
