[1.605s] Invoking command in '/home/mazen/ros2_ws/src/fs-system/perception/build/smoreo': PYTHONPATH=/home/mazen/ros2_ws/src/fs-system/perception/build/smoreo/prefix_override:/home/mazen/ros2_ws/src/fs-system/perception/install/smoreo/lib/python3.10/site-packages:${PYTHONPATH} /usr/bin/python3 setup.py develop --uninstall --editable --build-directory /home/mazen/ros2_ws/src/fs-system/perception/build/smoreo/build
[1.797s] running develop
[1.915s] Removing /home/mazen/ros2_ws/src/fs-system/perception/install/smoreo/lib/python3.10/site-packages/smoreo.egg-link (link to .)
[1.971s] Invoked command in '/home/mazen/ros2_ws/src/fs-system/perception/build/smoreo' returned '0': PYTHONPATH=/home/mazen/ros2_ws/src/fs-system/perception/build/smoreo/prefix_override:/home/mazen/ros2_ws/src/fs-system/perception/install/smoreo/lib/python3.10/site-packages:${PYTHONPATH} /usr/bin/python3 setup.py develop --uninstall --editable --build-directory /home/mazen/ros2_ws/src/fs-system/perception/build/smoreo/build
[1.972s] Invoking command in '/home/mazen/ros2_ws/src/fs-system/perception/smoreo': PYTHONPATH=/home/mazen/ros2_ws/src/fs-system/perception/build/smoreo/prefix_override:/home/mazen/ros2_ws/src/fs-system/perception/install/smoreo/lib/python3.10/site-packages:${PYTHONPATH} /usr/bin/python3 setup.py egg_info --egg-base ../build/smoreo build --build-base /home/mazen/ros2_ws/src/fs-system/perception/build/smoreo/build install --record /home/mazen/ros2_ws/src/fs-system/perception/build/smoreo/install.log --single-version-externally-managed
[2.153s] running egg_info
[2.153s] writing ../build/smoreo/smoreo.egg-info/PKG-INFO
[2.154s] writing dependency_links to ../build/smoreo/smoreo.egg-info/dependency_links.txt
[2.154s] writing entry points to ../build/smoreo/smoreo.egg-info/entry_points.txt
[2.154s] writing requirements to ../build/smoreo/smoreo.egg-info/requires.txt
[2.154s] writing top-level names to ../build/smoreo/smoreo.egg-info/top_level.txt
[2.155s] reading manifest file '../build/smoreo/smoreo.egg-info/SOURCES.txt'
[2.156s] writing manifest file '../build/smoreo/smoreo.egg-info/SOURCES.txt'
[2.156s] running build
[2.156s] running build_py
[2.156s] running install
[2.156s] running install_lib
[2.157s] creating /home/mazen/ros2_ws/src/fs-system/perception/install/smoreo/lib/python3.10/site-packages/smoreo
[2.157s] copying /home/mazen/ros2_ws/src/fs-system/perception/build/smoreo/build/lib/smoreo/__init__.py -> /home/mazen/ros2_ws/src/fs-system/perception/install/smoreo/lib/python3.10/site-packages/smoreo
[2.157s] byte-compiling /home/mazen/ros2_ws/src/fs-system/perception/install/smoreo/lib/python3.10/site-packages/smoreo/__init__.py to __init__.cpython-310.pyc
[2.157s] running install_data
[2.158s] running install_egg_info
[2.159s] Copying ../build/smoreo/smoreo.egg-info to /home/mazen/ros2_ws/src/fs-system/perception/install/smoreo/lib/python3.10/site-packages/smoreo-0.0.0-py3.10.egg-info
[2.160s] running install_scripts
[2.177s] writing list of installed files to '/home/mazen/ros2_ws/src/fs-system/perception/build/smoreo/install.log'
[2.303s] Invoked command in '/home/mazen/ros2_ws/src/fs-system/perception/smoreo' returned '0': PYTHONPATH=/home/mazen/ros2_ws/src/fs-system/perception/build/smoreo/prefix_override:/home/mazen/ros2_ws/src/fs-system/perception/install/smoreo/lib/python3.10/site-packages:${PYTHONPATH} /usr/bin/python3 setup.py egg_info --egg-base ../build/smoreo build --build-base /home/mazen/ros2_ws/src/fs-system/perception/build/smoreo/build install --record /home/mazen/ros2_ws/src/fs-system/perception/build/smoreo/install.log --single-version-externally-managed
