[1.759s] Invoking command in '/home/mazen/ros2_ws/src/fs-system/perception/camera_interface': PYTHONPATH=/home/mazen/ros2_ws/src/fs-system/perception/build/camera_interface/prefix_override:/home/mazen/ros2_ws/src/fs-system/perception/install/camera_interface/lib/python3.10/site-packages:${PYTHONPATH} /usr/bin/python3 setup.py egg_info --egg-base ../build/camera_interface build --build-base /home/mazen/ros2_ws/src/fs-system/perception/build/camera_interface/build install --record /home/mazen/ros2_ws/src/fs-system/perception/build/camera_interface/install.log --single-version-externally-managed
[1.935s] running egg_info
[1.936s] creating ../build/camera_interface/camera_interface.egg-info
[1.936s] writing ../build/camera_interface/camera_interface.egg-info/PKG-INFO
[1.936s] writing dependency_links to ../build/camera_interface/camera_interface.egg-info/dependency_links.txt
[1.936s] writing entry points to ../build/camera_interface/camera_interface.egg-info/entry_points.txt
[1.936s] writing requirements to ../build/camera_interface/camera_interface.egg-info/requires.txt
[1.937s] writing top-level names to ../build/camera_interface/camera_interface.egg-info/top_level.txt
[1.937s] writing manifest file '../build/camera_interface/camera_interface.egg-info/SOURCES.txt'
[1.938s] reading manifest file '../build/camera_interface/camera_interface.egg-info/SOURCES.txt'
[1.938s] writing manifest file '../build/camera_interface/camera_interface.egg-info/SOURCES.txt'
[1.938s] running build
[1.938s] running build_py
[1.938s] creating /home/mazen/ros2_ws/src/fs-system/perception/build/camera_interface/build
[1.939s] creating /home/mazen/ros2_ws/src/fs-system/perception/build/camera_interface/build/lib
[1.939s] creating /home/mazen/ros2_ws/src/fs-system/perception/build/camera_interface/build/lib/camera_interface
[1.939s] copying camera_interface/__init__.py -> /home/mazen/ros2_ws/src/fs-system/perception/build/camera_interface/build/lib/camera_interface
[1.939s] running install
[1.939s] running install_lib
[1.939s] creating /home/mazen/ros2_ws/src/fs-system/perception/install/camera_interface/lib/python3.10/site-packages/camera_interface
[1.940s] copying /home/mazen/ros2_ws/src/fs-system/perception/build/camera_interface/build/lib/camera_interface/__init__.py -> /home/mazen/ros2_ws/src/fs-system/perception/install/camera_interface/lib/python3.10/site-packages/camera_interface
[1.940s] byte-compiling /home/mazen/ros2_ws/src/fs-system/perception/install/camera_interface/lib/python3.10/site-packages/camera_interface/__init__.py to __init__.cpython-310.pyc
[1.940s] running install_data
[1.940s] creating /home/mazen/ros2_ws/src/fs-system/perception/install/camera_interface/share/ament_index
[1.940s] creating /home/mazen/ros2_ws/src/fs-system/perception/install/camera_interface/share/ament_index/resource_index
[1.940s] creating /home/mazen/ros2_ws/src/fs-system/perception/install/camera_interface/share/ament_index/resource_index/packages
[1.941s] copying resource/camera_interface -> /home/mazen/ros2_ws/src/fs-system/perception/install/camera_interface/share/ament_index/resource_index/packages
[1.941s] copying package.xml -> /home/mazen/ros2_ws/src/fs-system/perception/install/camera_interface/share/camera_interface
[1.941s] running install_egg_info
[1.942s] Copying ../build/camera_interface/camera_interface.egg-info to /home/mazen/ros2_ws/src/fs-system/perception/install/camera_interface/lib/python3.10/site-packages/camera_interface-0.0.0-py3.10.egg-info
[1.942s] running install_scripts
[1.957s] writing list of installed files to '/home/mazen/ros2_ws/src/fs-system/perception/build/camera_interface/install.log'
[2.149s] Invoked command in '/home/mazen/ros2_ws/src/fs-system/perception/camera_interface' returned '0': PYTHONPATH=/home/mazen/ros2_ws/src/fs-system/perception/build/camera_interface/prefix_override:/home/mazen/ros2_ws/src/fs-system/perception/install/camera_interface/lib/python3.10/site-packages:${PYTHONPATH} /usr/bin/python3 setup.py egg_info --egg-base ../build/camera_interface build --build-base /home/mazen/ros2_ws/src/fs-system/perception/build/camera_interface/build install --record /home/mazen/ros2_ws/src/fs-system/perception/build/camera_interface/install.log --single-version-externally-managed
