[1.877s] Invoking command in '/home/mazen/ros2_ws/src/fs-system/perception/yolov8': PYTHONPATH=/home/mazen/ros2_ws/src/fs-system/perception/build/yolov8/prefix_override:/home/mazen/ros2_ws/src/fs-system/perception/install/yolov8/lib/python3.10/site-packages:${PYTHONPATH} /usr/bin/python3 setup.py egg_info --egg-base ../build/yolov8 build --build-base /home/mazen/ros2_ws/src/fs-system/perception/build/yolov8/build install --record /home/mazen/ros2_ws/src/fs-system/perception/build/yolov8/install.log --single-version-externally-managed
[2.145s] running egg_info
[2.146s] writing ../build/yolov8/yolov8.egg-info/PKG-INFO
[2.146s] writing dependency_links to ../build/yolov8/yolov8.egg-info/dependency_links.txt
[2.146s] writing entry points to ../build/yolov8/yolov8.egg-info/entry_points.txt
[2.147s] writing requirements to ../build/yolov8/yolov8.egg-info/requires.txt
[2.147s] writing top-level names to ../build/yolov8/yolov8.egg-info/top_level.txt
[2.148s] reading manifest file '../build/yolov8/yolov8.egg-info/SOURCES.txt'
[2.149s] writing manifest file '../build/yolov8/yolov8.egg-info/SOURCES.txt'
[2.149s] running build
[2.149s] running build_py
[2.150s] running install
[2.150s] running install_lib
[2.151s] running install_data
[2.152s] running install_egg_info
[2.153s] removing '/home/mazen/ros2_ws/src/fs-system/perception/install/yolov8/lib/python3.10/site-packages/yolov8-0.0.0-py3.10.egg-info' (and everything under it)
[2.154s] Copying ../build/yolov8/yolov8.egg-info to /home/mazen/ros2_ws/src/fs-system/perception/install/yolov8/lib/python3.10/site-packages/yolov8-0.0.0-py3.10.egg-info
[2.155s] running install_scripts
[2.176s] writing list of installed files to '/home/mazen/ros2_ws/src/fs-system/perception/build/yolov8/install.log'
[2.365s] Invoked command in '/home/mazen/ros2_ws/src/fs-system/perception/yolov8' returned '0': PYTHONPATH=/home/mazen/ros2_ws/src/fs-system/perception/build/yolov8/prefix_override:/home/mazen/ros2_ws/src/fs-system/perception/install/yolov8/lib/python3.10/site-packages:${PYTHONPATH} /usr/bin/python3 setup.py egg_info --egg-base ../build/yolov8 build --build-base /home/mazen/ros2_ws/src/fs-system/perception/build/yolov8/build install --record /home/mazen/ros2_ws/src/fs-system/perception/build/yolov8/install.log --single-version-externally-managed
