[0.016s] Invoking command in '/media/ezzedinayman/Local Disk/FS-System/fs-system/build/tf_helper': AMENT_PREFIX_PATH=/media/ezzedinayman/Local Disk/FS-System/fs-system/install/asurt_msgs:${AMENT_PREFIX_PATH} CMAKE_PREFIX_PATH=/media/ezzedinayman/Local Disk/FS-System/fs-system/install/asurt_msgs LD_LIBRARY_PATH=/media/ezzedinayman/Local Disk/FS-System/fs-system/install/asurt_msgs/lib:${LD_LIBRARY_PATH} PYTHONPATH=/media/ezzedinayman/Local Disk/FS-System/fs-system/install/asurt_msgs/local/lib/python3.10/dist-packages:${PYTHONPATH} /home/ezzedinayman/.local/bin/cmake /media/ezzedinayman/Local Disk/FS-System/fs-system/dependencies/tf_helper -DCATKIN_INSTALL_INTO_PREFIX_ROOT=0 -DCMAKE_INSTALL_PREFIX=/media/ezzedinayman/Local Disk/FS-System/fs-system/install/tf_helper
[0.066s] [0mCMake Deprecation Warning at CMakeLists.txt:1 (cmake_minimum_required):
[0.066s]   Compatibility with CMake < 3.5 will be removed from a future version of
[0.066s]   CMake.
[0.066s] 
[0.066s]   Update the VERSION argument <min> value or use a ...<max> suffix to tell
[0.066s]   CMake that the project does not need compatibility with older versions.
[0.066s] 
[0.066s] [0m
[0.136s] -- The C compiler identification is GNU 11.4.0
[0.219s] -- The CXX compiler identification is GNU 11.4.0
[0.244s] -- Detecting C compiler ABI info
[0.343s] -- Detecting C compiler ABI info - done
[0.368s] -- Check for working C compiler: /usr/bin/cc - skipped
[0.368s] -- Detecting C compile features
[0.369s] -- Detecting C compile features - done
[0.385s] -- Detecting CXX compiler ABI info
[0.488s] -- Detecting CXX compiler ABI info - done
[0.507s] -- Check for working CXX compiler: /usr/bin/c++ - skipped
[0.508s] -- Detecting CXX compile features
[0.509s] -- Detecting CXX compile features - done
[0.526s] [31mCMake Error at CMakeLists.txt:4 (find_package):
[0.526s]   By not providing "Findcatkin.cmake" in CMAKE_MODULE_PATH this project has
[0.526s]   asked CMake to find a package configuration file provided by "catkin", but
[0.526s]   CMake did not find one.
[0.526s] 
[0.527s]   Could not find a package configuration file provided by "catkin" with any
[0.527s]   of the following names:
[0.527s] 
[0.527s]     catkinConfig.cmake
[0.527s]     catkin-config.cmake
[0.527s] 
[0.527s]   Add the installation prefix of "catkin" to CMAKE_PREFIX_PATH or set
[0.527s]   "catkin_DIR" to a directory containing one of the above files.  If "catkin"
[0.527s]   provides a separate development package or SDK, be sure it has been
[0.527s]   installed.
[0.527s] 
[0.527s] [0m
[0.527s] -- Configuring incomplete, errors occurred!
[0.539s] Invoked command in '/media/ezzedinayman/Local Disk/FS-System/fs-system/build/tf_helper' returned '1': AMENT_PREFIX_PATH=/media/ezzedinayman/Local Disk/FS-System/fs-system/install/asurt_msgs:${AMENT_PREFIX_PATH} CMAKE_PREFIX_PATH=/media/ezzedinayman/Local Disk/FS-System/fs-system/install/asurt_msgs LD_LIBRARY_PATH=/media/ezzedinayman/Local Disk/FS-System/fs-system/install/asurt_msgs/lib:${LD_LIBRARY_PATH} PYTHONPATH=/media/ezzedinayman/Local Disk/FS-System/fs-system/install/asurt_msgs/local/lib/python3.10/dist-packages:${PYTHONPATH} /home/ezzedinayman/.local/bin/cmake /media/ezzedinayman/Local Disk/FS-System/fs-system/dependencies/tf_helper -DCATKIN_INSTALL_INTO_PREFIX_ROOT=0 -DCMAKE_INSTALL_PREFIX=/media/ezzedinayman/Local Disk/FS-System/fs-system/install/tf_helper
