[0.023s] Invoking command in '/media/ezzedinayman/Local Disk/FS-System/fs-system/build/tf_helper': AMENT_PREFIX_PATH=/media/ezzedinayman/Local Disk/FS-System/fs-system/install/asurt_msgs:${AMENT_PREFIX_PATH} CMAKE_PREFIX_PATH=/media/ezzedinayman/Local Disk/FS-System/fs-system/install/asurt_msgs LD_LIBRARY_PATH=/media/ezzedinayman/Local Disk/FS-System/fs-system/install/asurt_msgs/lib:${LD_LIBRARY_PATH} PYTHONPATH=/media/ezzedinayman/Local Disk/FS-System/fs-system/install/asurt_msgs/local/lib/python3.10/dist-packages:${PYTHONPATH} /home/ezzedinayman/.local/bin/cmake /media/ezzedinayman/Local Disk/FS-System/fs-system/dependencies/tf_helper -DCATKIN_INSTALL_INTO_PREFIX_ROOT=0 -DCMAKE_INSTALL_PREFIX=/media/ezzedinayman/Local Disk/FS-System/fs-system/install/tf_helper
[0.065s] [0mCMake Deprecation Warning at CMakeLists.txt:1 (cmake_minimum_required):
[0.065s]   Compatibility with CMake < 3.5 will be removed from a future version of
[0.065s]   CMake.
[0.065s] 
[0.066s]   Update the VERSION argument <min> value or use a ...<max> suffix to tell
[0.066s]   CMake that the project does not need compatibility with older versions.
[0.066s] 
[0.066s] [0m
[0.092s] [31mCMake Error at CMakeLists.txt:4 (find_package):
[0.092s]   By not providing "Findcatkin.cmake" in CMAKE_MODULE_PATH this project has
[0.092s]   asked CMake to find a package configuration file provided by "catkin", but
[0.092s]   CMake did not find one.
[0.092s] 
[0.092s]   Could not find a package configuration file provided by "catkin" with any
[0.092s]   of the following names:
[0.092s] 
[0.092s]     catkinConfig.cmake
[0.093s]     catkin-config.cmake
[0.093s] 
[0.093s]   Add the installation prefix of "catkin" to CMAKE_PREFIX_PATH or set
[0.093s]   "catkin_DIR" to a directory containing one of the above files.  If "catkin"
[0.093s]   provides a separate development package or SDK, be sure it has been
[0.093s]   installed.
[0.093s] 
[0.093s] [0m
[0.093s] -- Configuring incomplete, errors occurred!
[0.100s] Invoked command in '/media/ezzedinayman/Local Disk/FS-System/fs-system/build/tf_helper' returned '1': AMENT_PREFIX_PATH=/media/ezzedinayman/Local Disk/FS-System/fs-system/install/asurt_msgs:${AMENT_PREFIX_PATH} CMAKE_PREFIX_PATH=/media/ezzedinayman/Local Disk/FS-System/fs-system/install/asurt_msgs LD_LIBRARY_PATH=/media/ezzedinayman/Local Disk/FS-System/fs-system/install/asurt_msgs/lib:${LD_LIBRARY_PATH} PYTHONPATH=/media/ezzedinayman/Local Disk/FS-System/fs-system/install/asurt_msgs/local/lib/python3.10/dist-packages:${PYTHONPATH} /home/ezzedinayman/.local/bin/cmake /media/ezzedinayman/Local Disk/FS-System/fs-system/dependencies/tf_helper -DCATKIN_INSTALL_INTO_PREFIX_ROOT=0 -DCMAKE_INSTALL_PREFIX=/media/ezzedinayman/Local Disk/FS-System/fs-system/install/tf_helper
