[0.082s] Invoking command in '/home/hazem/ros2_ws/build/lidarslam_msgs': CMAKE_PREFIX_PATH=/opt/ros/humble /usr/bin/cmake /home/hazem/ros2_ws/src/lidarslam_ros2/lidarslam_msgs -DCMAKE_BUILD_TYPE=Release -DAMENT_CMAKE_SYMLINK_INSTALL=1 -DCMAKE_INSTALL_PREFIX=/home/hazem/ros2_ws/install/lidarslam_msgs
[0.134s] -- The C compiler identification is GNU 11.4.0
[0.179s] -- The CXX compiler identification is GNU 11.4.0
[0.185s] -- Detecting C compiler ABI info
[0.241s] -- Detecting C compiler ABI info - done
[0.248s] -- Check for working C compiler: /usr/bin/cc - skipped
[0.248s] -- Detecting C compile features
[0.248s] -- Detecting C compile features - done
[0.251s] -- Detecting CXX compiler ABI info
[0.317s] -- Detecting CXX compiler ABI info - done
[0.323s] -- Check for working CXX compiler: /usr/bin/c++ - skipped
[0.323s] -- Detecting CXX compile features
[0.324s] -- Detecting CXX compile features - done
[0.327s] -- Found ament_cmake_auto: 1.3.7 (/opt/ros/humble/share/ament_cmake_auto/cmake)
[0.467s] -- Found Python3: /usr/bin/python3.10 (found version "3.10.12") found components: Interpreter 
[0.517s] -- Override CMake install command with custom implementation using symlinks instead of copying resources
[0.598s] -- Using all available rosidl_typesupport_c: rosidl_typesupport_fastrtps_c;rosidl_typesupport_introspection_c
[0.603s] -- Found rosidl_adapter: 3.1.5 (/opt/ros/humble/share/rosidl_adapter/cmake)
[0.635s] -- Using all available rosidl_typesupport_cpp: rosidl_typesupport_fastrtps_cpp;rosidl_typesupport_introspection_cpp
[1.049s] -- Found ament_cmake_ros: 0.10.0 (/opt/ros/humble/share/ament_cmake_ros/cmake)
[1.288s] -- Using all available rosidl_typesupport_c: rosidl_typesupport_fastrtps_c;rosidl_typesupport_introspection_c
[1.603s] -- Using all available rosidl_typesupport_cpp: rosidl_typesupport_fastrtps_cpp;rosidl_typesupport_introspection_cpp
[1.622s] -- Found PythonInterp: /usr/bin/python3 (found suitable version "3.10.12", minimum required is "3.6") 
[1.623s] -- Found python_cmake_module: 0.10.0 (/opt/ros/humble/share/python_cmake_module/cmake)
[1.645s] -- Found PythonLibs: /usr/lib/x86_64-linux-gnu/libpython3.10.so (found suitable version "3.10.12", minimum required is "3.5") 
[1.646s] -- Using PYTHON_EXECUTABLE: /usr/bin/python3
[1.646s] -- Using PYTHON_INCLUDE_DIRS: /usr/include/python3.10
[1.646s] -- Using PYTHON_LIBRARIES: /usr/lib/x86_64-linux-gnu/libpython3.10.so
[1.663s] -- Found PythonExtra: .so  
[1.728s] -- Found ament_lint_auto: 0.12.10 (/opt/ros/humble/share/ament_lint_auto/cmake)
[1.749s] -- Added test 'copyright' to check source files copyright and LICENSE
[1.751s] -- Added test 'lint_cmake' to check CMake code style
[1.752s] -- Added test 'xmllint' to check XML markup files
[1.755s] -- Configuring done
[1.790s] -- Generating done
[1.792s] -- Build files have been written to: /home/hazem/ros2_ws/build/lidarslam_msgs
[1.801s] Invoked command in '/home/hazem/ros2_ws/build/lidarslam_msgs' returned '0': CMAKE_PREFIX_PATH=/opt/ros/humble /usr/bin/cmake /home/hazem/ros2_ws/src/lidarslam_ros2/lidarslam_msgs -DCMAKE_BUILD_TYPE=Release -DAMENT_CMAKE_SYMLINK_INSTALL=1 -DCMAKE_INSTALL_PREFIX=/home/hazem/ros2_ws/install/lidarslam_msgs
[1.802s] Invoking command in '/home/hazem/ros2_ws/build/lidarslam_msgs': CMAKE_PREFIX_PATH=/opt/ros/humble /usr/bin/cmake --build /home/hazem/ros2_ws/build/lidarslam_msgs -- -j12 -l12
[1.837s] [  2%] [34m[1mGenerating C code for ROS interfaces[0m
[1.843s] [  5%] [34m[1mGenerating C++ code for ROS interfaces[0m
[1.851s] [  5%] Built target ament_cmake_python_symlink_lidarslam_msgs
[2.059s] running egg_info
[2.059s] creating lidarslam_msgs.egg-info
[2.060s] writing lidarslam_msgs.egg-info/PKG-INFO
[2.060s] writing dependency_links to lidarslam_msgs.egg-info/dependency_links.txt
[2.060s] writing top-level names to lidarslam_msgs.egg-info/top_level.txt
[2.060s] writing manifest file 'lidarslam_msgs.egg-info/SOURCES.txt'
[2.062s] reading manifest file 'lidarslam_msgs.egg-info/SOURCES.txt'
[2.062s] writing manifest file 'lidarslam_msgs.egg-info/SOURCES.txt'
[2.087s] [  5%] Built target ament_cmake_python_build_lidarslam_msgs_egg
[2.112s] [  5%] Built target lidarslam_msgs__cpp
[2.121s] [  7%] [34m[1mGenerating C++ type support dispatch for ROS interfaces[0m
[2.121s] [ 10%] [34m[1mGenerating C++ type support for eProsima Fast-RTPS[0m
[2.121s] [ 12%] [34m[1mGenerating C++ introspection for ROS interfaces[0m
[2.131s] [ 17%] [32mBuilding C object CMakeFiles/lidarslam_msgs__rosidl_generator_c.dir/rosidl_generator_c/lidarslam_msgs/msg/detail/sub_map__functions.c.o[0m
[2.131s] [ 17%] [32mBuilding C object CMakeFiles/lidarslam_msgs__rosidl_generator_c.dir/rosidl_generator_c/lidarslam_msgs/msg/detail/map_array__functions.c.o[0m
[2.249s] [ 20%] [32m[1mLinking C shared library liblidarslam_msgs__rosidl_generator_c.so[0m
[2.286s] [ 20%] Built target lidarslam_msgs__rosidl_generator_c
[2.297s] [ 23%] [34m[1mGenerating C introspection for ROS interfaces[0m
[2.298s] [ 25%] [34m[1mGenerating C type support dispatch for ROS interfaces[0m
[2.300s] [ 28%] [34m[1mGenerating C type support for eProsima Fast-RTPS[0m
[2.379s] [ 30%] [32mBuilding CXX object CMakeFiles/lidarslam_msgs__rosidl_typesupport_cpp.dir/rosidl_typesupport_cpp/lidarslam_msgs/msg/sub_map__type_support.cpp.o[0m
[2.382s] [ 33%] [32mBuilding CXX object CMakeFiles/lidarslam_msgs__rosidl_typesupport_cpp.dir/rosidl_typesupport_cpp/lidarslam_msgs/msg/map_array__type_support.cpp.o[0m
[2.423s] [ 35%] [32mBuilding CXX object CMakeFiles/lidarslam_msgs__rosidl_typesupport_introspection_cpp.dir/rosidl_typesupport_introspection_cpp/lidarslam_msgs/msg/detail/sub_map__type_support.cpp.o[0m
[2.423s] [ 38%] [32mBuilding CXX object CMakeFiles/lidarslam_msgs__rosidl_typesupport_introspection_cpp.dir/rosidl_typesupport_introspection_cpp/lidarslam_msgs/msg/detail/map_array__type_support.cpp.o[0m
[2.429s] [ 41%] [32mBuilding CXX object CMakeFiles/lidarslam_msgs__rosidl_typesupport_fastrtps_cpp.dir/rosidl_typesupport_fastrtps_cpp/lidarslam_msgs/msg/detail/dds_fastrtps/sub_map__type_support.cpp.o[0m
[2.431s] [ 43%] [32mBuilding CXX object CMakeFiles/lidarslam_msgs__rosidl_typesupport_fastrtps_cpp.dir/rosidl_typesupport_fastrtps_cpp/lidarslam_msgs/msg/detail/dds_fastrtps/map_array__type_support.cpp.o[0m
[2.580s] [ 48%] [32mBuilding CXX object CMakeFiles/lidarslam_msgs__rosidl_typesupport_c.dir/rosidl_typesupport_c/lidarslam_msgs/msg/sub_map__type_support.cpp.o[0m
[2.580s] [ 48%] [32mBuilding CXX object CMakeFiles/lidarslam_msgs__rosidl_typesupport_c.dir/rosidl_typesupport_c/lidarslam_msgs/msg/map_array__type_support.cpp.o[0m
[2.643s] [ 51%] [32m[1mLinking CXX shared library liblidarslam_msgs__rosidl_typesupport_c.so[0m
[2.690s] [ 51%] Built target lidarslam_msgs__rosidl_typesupport_c
[2.807s] [ 53%] [32mBuilding C object CMakeFiles/lidarslam_msgs__rosidl_typesupport_introspection_c.dir/rosidl_typesupport_introspection_c/lidarslam_msgs/msg/detail/sub_map__type_support.c.o[0m
[2.809s] [ 56%] [32mBuilding C object CMakeFiles/lidarslam_msgs__rosidl_typesupport_introspection_c.dir/rosidl_typesupport_introspection_c/lidarslam_msgs/msg/detail/map_array__type_support.c.o[0m
[2.823s] [ 61%] [32mBuilding CXX object CMakeFiles/lidarslam_msgs__rosidl_typesupport_fastrtps_c.dir/rosidl_typesupport_fastrtps_c/lidarslam_msgs/msg/detail/sub_map__type_support_c.cpp.o[0m
[2.823s] [ 61%] [32mBuilding CXX object CMakeFiles/lidarslam_msgs__rosidl_typesupport_fastrtps_c.dir/rosidl_typesupport_fastrtps_c/lidarslam_msgs/msg/detail/map_array__type_support_c.cpp.o[0m
[2.884s] [ 64%] [32m[1mLinking CXX shared library liblidarslam_msgs__rosidl_typesupport_cpp.so[0m
[2.890s] [ 66%] [32m[1mLinking C shared library liblidarslam_msgs__rosidl_typesupport_introspection_c.so[0m
[2.927s] [ 66%] Built target lidarslam_msgs__rosidl_typesupport_cpp
[2.940s] [ 66%] Built target lidarslam_msgs__rosidl_typesupport_introspection_c
[3.254s] [ 69%] [32m[1mLinking CXX shared library liblidarslam_msgs__rosidl_typesupport_fastrtps_cpp.so[0m
[3.270s] [ 71%] [32m[1mLinking CXX shared library liblidarslam_msgs__rosidl_typesupport_fastrtps_c.so[0m
[3.321s] [ 74%] [32m[1mLinking CXX shared library liblidarslam_msgs__rosidl_typesupport_introspection_cpp.so[0m
[3.327s] [ 74%] Built target lidarslam_msgs__rosidl_typesupport_fastrtps_cpp
[3.345s] [ 74%] Built target lidarslam_msgs__rosidl_typesupport_fastrtps_c
[3.385s] [ 74%] Built target lidarslam_msgs__rosidl_typesupport_introspection_cpp
[3.403s] [ 74%] Built target lidarslam_msgs
[3.421s] [ 76%] [34m[1mGenerating Python code for ROS interfaces[0m
[3.779s] [ 76%] Built target lidarslam_msgs__py
[3.798s] [ 82%] [32mBuilding C object CMakeFiles/lidarslam_msgs__rosidl_generator_py.dir/rosidl_generator_py/lidarslam_msgs/msg/_map_array_s.c.o[0m
[3.798s] [ 82%] [32mBuilding C object CMakeFiles/lidarslam_msgs__rosidl_generator_py.dir/rosidl_generator_py/lidarslam_msgs/msg/_sub_map_s.c.o[0m
[3.939s] [ 84%] [32m[1mLinking C shared library rosidl_generator_py/lidarslam_msgs/liblidarslam_msgs__rosidl_generator_py.so[0m
[3.978s] [ 84%] Built target lidarslam_msgs__rosidl_generator_py
[3.998s] [ 92%] [32mBuilding C object CMakeFiles/lidarslam_msgs__rosidl_typesupport_introspection_c__pyext.dir/rosidl_generator_py/lidarslam_msgs/_lidarslam_msgs_s.ep.rosidl_typesupport_introspection_c.c.o[0m
[3.998s] [ 92%] [32mBuilding C object CMakeFiles/lidarslam_msgs__rosidl_typesupport_c__pyext.dir/rosidl_generator_py/lidarslam_msgs/_lidarslam_msgs_s.ep.rosidl_typesupport_c.c.o[0m
[3.999s] [ 92%] [32mBuilding C object CMakeFiles/lidarslam_msgs__rosidl_typesupport_fastrtps_c__pyext.dir/rosidl_generator_py/lidarslam_msgs/_lidarslam_msgs_s.ep.rosidl_typesupport_fastrtps_c.c.o[0m
[4.147s] [100%] [32m[1mLinking C shared library rosidl_generator_py/lidarslam_msgs/lidarslam_msgs_s__rosidl_typesupport_introspection_c.cpython-310-x86_64-linux-gnu.so[0m
[4.148s] [100%] [32m[1mLinking C shared library rosidl_generator_py/lidarslam_msgs/lidarslam_msgs_s__rosidl_typesupport_fastrtps_c.cpython-310-x86_64-linux-gnu.so[0m
[4.148s] [100%] [32m[1mLinking C shared library rosidl_generator_py/lidarslam_msgs/lidarslam_msgs_s__rosidl_typesupport_c.cpython-310-x86_64-linux-gnu.so[0m
[4.193s] [100%] Built target lidarslam_msgs__rosidl_typesupport_introspection_c__pyext
[4.193s] [100%] Built target lidarslam_msgs__rosidl_typesupport_fastrtps_c__pyext
[4.193s] [100%] Built target lidarslam_msgs__rosidl_typesupport_c__pyext
[4.204s] Invoked command in '/home/hazem/ros2_ws/build/lidarslam_msgs' returned '0': CMAKE_PREFIX_PATH=/opt/ros/humble /usr/bin/cmake --build /home/hazem/ros2_ws/build/lidarslam_msgs -- -j12 -l12
[4.283s] Invoking command in '/home/hazem/ros2_ws/build/lidarslam_msgs': CMAKE_PREFIX_PATH=/opt/ros/humble /usr/bin/cmake --install /home/hazem/ros2_ws/build/lidarslam_msgs
[4.289s] -- Install configuration: "Release"
[4.289s] -- Execute custom install script
[4.290s] -- Symlinking: /home/hazem/ros2_ws/install/lidarslam_msgs/share/ament_index/resource_index/rosidl_interfaces/lidarslam_msgs
[4.298s] -- Symlinking: /home/hazem/ros2_ws/install/lidarslam_msgs/include/lidarslam_msgs/lidarslam_msgs/msg/detail/map_array__functions.h
[4.306s] -- Symlinking: /home/hazem/ros2_ws/install/lidarslam_msgs/include/lidarslam_msgs/lidarslam_msgs/msg/detail/map_array__struct.h
[4.314s] -- Symlinking: /home/hazem/ros2_ws/install/lidarslam_msgs/include/lidarslam_msgs/lidarslam_msgs/msg/detail/map_array__type_support.h
[4.321s] -- Symlinking: /home/hazem/ros2_ws/install/lidarslam_msgs/include/lidarslam_msgs/lidarslam_msgs/msg/detail/sub_map__functions.h
[4.329s] -- Symlinking: /home/hazem/ros2_ws/install/lidarslam_msgs/include/lidarslam_msgs/lidarslam_msgs/msg/detail/sub_map__struct.h
[4.336s] -- Symlinking: /home/hazem/ros2_ws/install/lidarslam_msgs/include/lidarslam_msgs/lidarslam_msgs/msg/detail/sub_map__type_support.h
[4.344s] -- Symlinking: /home/hazem/ros2_ws/install/lidarslam_msgs/include/lidarslam_msgs/lidarslam_msgs/msg/map_array.h
[4.352s] -- Symlinking: /home/hazem/ros2_ws/install/lidarslam_msgs/include/lidarslam_msgs/lidarslam_msgs/msg/rosidl_generator_c__visibility_control.h
[4.360s] -- Symlinking: /home/hazem/ros2_ws/install/lidarslam_msgs/include/lidarslam_msgs/lidarslam_msgs/msg/sub_map.h
[4.368s] -- Symlinking: /home/hazem/ros2_ws/install/lidarslam_msgs/share/lidarslam_msgs/environment/library_path.sh
[4.376s] -- Symlinking: /home/hazem/ros2_ws/install/lidarslam_msgs/share/lidarslam_msgs/environment/library_path.dsv
[4.384s] -- Symlinking: /home/hazem/ros2_ws/install/lidarslam_msgs/include/lidarslam_msgs/lidarslam_msgs/msg/detail/map_array__rosidl_typesupport_fastrtps_c.h
[4.391s] -- Symlinking: /home/hazem/ros2_ws/install/lidarslam_msgs/include/lidarslam_msgs/lidarslam_msgs/msg/detail/sub_map__rosidl_typesupport_fastrtps_c.h
[4.399s] -- Symlinking: /home/hazem/ros2_ws/install/lidarslam_msgs/include/lidarslam_msgs/lidarslam_msgs/msg/rosidl_typesupport_fastrtps_c__visibility_control.h
[4.407s] -- Symlinking: /home/hazem/ros2_ws/install/lidarslam_msgs/include/lidarslam_msgs/lidarslam_msgs/msg/detail/map_array__rosidl_typesupport_introspection_c.h
[4.415s] -- Symlinking: /home/hazem/ros2_ws/install/lidarslam_msgs/include/lidarslam_msgs/lidarslam_msgs/msg/detail/sub_map__rosidl_typesupport_introspection_c.h
[4.423s] -- Symlinking: /home/hazem/ros2_ws/install/lidarslam_msgs/include/lidarslam_msgs/lidarslam_msgs/msg/rosidl_typesupport_introspection_c__visibility_control.h
[4.431s] -- Symlinking: /home/hazem/ros2_ws/install/lidarslam_msgs/include/lidarslam_msgs/lidarslam_msgs/msg/detail/map_array__builder.hpp
[4.438s] -- Symlinking: /home/hazem/ros2_ws/install/lidarslam_msgs/include/lidarslam_msgs/lidarslam_msgs/msg/detail/map_array__struct.hpp
[4.446s] -- Symlinking: /home/hazem/ros2_ws/install/lidarslam_msgs/include/lidarslam_msgs/lidarslam_msgs/msg/detail/map_array__traits.hpp
[4.454s] -- Symlinking: /home/hazem/ros2_ws/install/lidarslam_msgs/include/lidarslam_msgs/lidarslam_msgs/msg/detail/sub_map__builder.hpp
[4.461s] -- Symlinking: /home/hazem/ros2_ws/install/lidarslam_msgs/include/lidarslam_msgs/lidarslam_msgs/msg/detail/sub_map__struct.hpp
[4.469s] -- Symlinking: /home/hazem/ros2_ws/install/lidarslam_msgs/include/lidarslam_msgs/lidarslam_msgs/msg/detail/sub_map__traits.hpp
[4.477s] -- Symlinking: /home/hazem/ros2_ws/install/lidarslam_msgs/include/lidarslam_msgs/lidarslam_msgs/msg/map_array.hpp
[4.484s] -- Symlinking: /home/hazem/ros2_ws/install/lidarslam_msgs/include/lidarslam_msgs/lidarslam_msgs/msg/sub_map.hpp
[4.493s] -- Symlinking: /home/hazem/ros2_ws/install/lidarslam_msgs/include/lidarslam_msgs/lidarslam_msgs/msg/detail/map_array__rosidl_typesupport_fastrtps_cpp.hpp
[4.500s] -- Symlinking: /home/hazem/ros2_ws/install/lidarslam_msgs/include/lidarslam_msgs/lidarslam_msgs/msg/detail/sub_map__rosidl_typesupport_fastrtps_cpp.hpp
[4.508s] -- Symlinking: /home/hazem/ros2_ws/install/lidarslam_msgs/include/lidarslam_msgs/lidarslam_msgs/msg/rosidl_typesupport_fastrtps_cpp__visibility_control.h
[4.516s] -- Symlinking: /home/hazem/ros2_ws/install/lidarslam_msgs/include/lidarslam_msgs/lidarslam_msgs/msg/detail/map_array__rosidl_typesupport_introspection_cpp.hpp
[4.524s] -- Symlinking: /home/hazem/ros2_ws/install/lidarslam_msgs/include/lidarslam_msgs/lidarslam_msgs/msg/detail/sub_map__rosidl_typesupport_introspection_cpp.hpp
[4.532s] -- Symlinking: /home/hazem/ros2_ws/install/lidarslam_msgs/share/lidarslam_msgs/environment/pythonpath.sh
[4.540s] -- Symlinking: /home/hazem/ros2_ws/install/lidarslam_msgs/share/lidarslam_msgs/environment/pythonpath.dsv
[4.548s] -- Symlinking: /home/hazem/ros2_ws/install/lidarslam_msgs/local/lib/python3.10/dist-packages/lidarslam_msgs-0.0.0-py3.10.egg-info/PKG-INFO
[4.556s] -- Symlinking: /home/hazem/ros2_ws/install/lidarslam_msgs/local/lib/python3.10/dist-packages/lidarslam_msgs-0.0.0-py3.10.egg-info/SOURCES.txt
[4.564s] -- Symlinking: /home/hazem/ros2_ws/install/lidarslam_msgs/local/lib/python3.10/dist-packages/lidarslam_msgs-0.0.0-py3.10.egg-info/dependency_links.txt
[4.572s] -- Symlinking: /home/hazem/ros2_ws/install/lidarslam_msgs/local/lib/python3.10/dist-packages/lidarslam_msgs-0.0.0-py3.10.egg-info/top_level.txt
[4.580s] -- Symlinking: /home/hazem/ros2_ws/install/lidarslam_msgs/local/lib/python3.10/dist-packages/lidarslam_msgs/__init__.py
[4.588s] -- Symlinking: /home/hazem/ros2_ws/install/lidarslam_msgs/local/lib/python3.10/dist-packages/lidarslam_msgs/_lidarslam_msgs_s.ep.rosidl_typesupport_c.c
[4.595s] -- Symlinking: /home/hazem/ros2_ws/install/lidarslam_msgs/local/lib/python3.10/dist-packages/lidarslam_msgs/_lidarslam_msgs_s.ep.rosidl_typesupport_fastrtps_c.c
[4.603s] -- Symlinking: /home/hazem/ros2_ws/install/lidarslam_msgs/local/lib/python3.10/dist-packages/lidarslam_msgs/_lidarslam_msgs_s.ep.rosidl_typesupport_introspection_c.c
[4.611s] -- Symlinking: /home/hazem/ros2_ws/install/lidarslam_msgs/local/lib/python3.10/dist-packages/lidarslam_msgs/liblidarslam_msgs__rosidl_generator_py.so
[4.619s] -- Symlinking: /home/hazem/ros2_ws/install/lidarslam_msgs/local/lib/python3.10/dist-packages/lidarslam_msgs/lidarslam_msgs_s__rosidl_typesupport_c.cpython-310-x86_64-linux-gnu.so
[4.626s] -- Symlinking: /home/hazem/ros2_ws/install/lidarslam_msgs/local/lib/python3.10/dist-packages/lidarslam_msgs/lidarslam_msgs_s__rosidl_typesupport_fastrtps_c.cpython-310-x86_64-linux-gnu.so
[4.635s] -- Symlinking: /home/hazem/ros2_ws/install/lidarslam_msgs/local/lib/python3.10/dist-packages/lidarslam_msgs/lidarslam_msgs_s__rosidl_typesupport_introspection_c.cpython-310-x86_64-linux-gnu.so
[4.643s] -- Symlinking: /home/hazem/ros2_ws/install/lidarslam_msgs/local/lib/python3.10/dist-packages/lidarslam_msgs/msg/__init__.py
[4.650s] -- Symlinking: /home/hazem/ros2_ws/install/lidarslam_msgs/local/lib/python3.10/dist-packages/lidarslam_msgs/msg/_map_array.py
[4.658s] -- Symlinking: /home/hazem/ros2_ws/install/lidarslam_msgs/local/lib/python3.10/dist-packages/lidarslam_msgs/msg/_map_array_s.c
[4.673s] -- Symlinking: /home/hazem/ros2_ws/install/lidarslam_msgs/local/lib/python3.10/dist-packages/lidarslam_msgs/msg/_sub_map.py
[4.680s] -- Symlinking: /home/hazem/ros2_ws/install/lidarslam_msgs/local/lib/python3.10/dist-packages/lidarslam_msgs/msg/_sub_map_s.c
[4.688s] -- Up-to-date symlink: /home/hazem/ros2_ws/install/lidarslam_msgs/local/lib/python3.10/dist-packages/lidarslam_msgs/lidarslam_msgs_s__rosidl_typesupport_fastrtps_c.cpython-310-x86_64-linux-gnu.so
[4.688s] -- Up-to-date symlink: /home/hazem/ros2_ws/install/lidarslam_msgs/local/lib/python3.10/dist-packages/lidarslam_msgs/lidarslam_msgs_s__rosidl_typesupport_introspection_c.cpython-310-x86_64-linux-gnu.so
[4.689s] -- Up-to-date symlink: /home/hazem/ros2_ws/install/lidarslam_msgs/local/lib/python3.10/dist-packages/lidarslam_msgs/lidarslam_msgs_s__rosidl_typesupport_c.cpython-310-x86_64-linux-gnu.so
[4.689s] -- Symlinking: /home/hazem/ros2_ws/install/lidarslam_msgs/share/lidarslam_msgs/msg/SubMap.idl
[4.696s] -- Symlinking: /home/hazem/ros2_ws/install/lidarslam_msgs/share/lidarslam_msgs/msg/MapArray.idl
[4.704s] -- Symlinking: /home/hazem/ros2_ws/install/lidarslam_msgs/share/lidarslam_msgs/msg/SubMap.msg
[4.712s] -- Symlinking: /home/hazem/ros2_ws/install/lidarslam_msgs/share/lidarslam_msgs/msg/MapArray.msg
[4.720s] -- Symlinking: /home/hazem/ros2_ws/install/lidarslam_msgs/share/ament_index/resource_index/package_run_dependencies/lidarslam_msgs
[4.728s] -- Symlinking: /home/hazem/ros2_ws/install/lidarslam_msgs/share/ament_index/resource_index/parent_prefix_path/lidarslam_msgs
[4.735s] -- Symlinking: /home/hazem/ros2_ws/install/lidarslam_msgs/share/lidarslam_msgs/environment/ament_prefix_path.sh
[4.743s] -- Symlinking: /home/hazem/ros2_ws/install/lidarslam_msgs/share/lidarslam_msgs/environment/ament_prefix_path.dsv
[4.751s] -- Symlinking: /home/hazem/ros2_ws/install/lidarslam_msgs/share/lidarslam_msgs/environment/path.sh
[4.759s] -- Symlinking: /home/hazem/ros2_ws/install/lidarslam_msgs/share/lidarslam_msgs/environment/path.dsv
[4.767s] -- Symlinking: /home/hazem/ros2_ws/install/lidarslam_msgs/share/lidarslam_msgs/local_setup.bash
[4.775s] -- Symlinking: /home/hazem/ros2_ws/install/lidarslam_msgs/share/lidarslam_msgs/local_setup.sh
[4.783s] -- Symlinking: /home/hazem/ros2_ws/install/lidarslam_msgs/share/lidarslam_msgs/local_setup.zsh
[4.791s] -- Symlinking: /home/hazem/ros2_ws/install/lidarslam_msgs/share/lidarslam_msgs/local_setup.dsv
[4.799s] -- Symlinking: /home/hazem/ros2_ws/install/lidarslam_msgs/share/lidarslam_msgs/package.dsv
[4.807s] -- Symlinking: /home/hazem/ros2_ws/install/lidarslam_msgs/share/ament_index/resource_index/packages/lidarslam_msgs
[4.815s] -- Symlinking: /home/hazem/ros2_ws/install/lidarslam_msgs/share/lidarslam_msgs/cmake/rosidl_cmake-extras.cmake
[4.823s] -- Symlinking: /home/hazem/ros2_ws/install/lidarslam_msgs/share/lidarslam_msgs/cmake/ament_cmake_export_dependencies-extras.cmake
[4.831s] -- Symlinking: /home/hazem/ros2_ws/install/lidarslam_msgs/share/lidarslam_msgs/cmake/ament_cmake_export_include_directories-extras.cmake
[4.839s] -- Symlinking: /home/hazem/ros2_ws/install/lidarslam_msgs/share/lidarslam_msgs/cmake/ament_cmake_export_libraries-extras.cmake
[4.847s] -- Symlinking: /home/hazem/ros2_ws/install/lidarslam_msgs/share/lidarslam_msgs/cmake/ament_cmake_export_targets-extras.cmake
[4.854s] -- Symlinking: /home/hazem/ros2_ws/install/lidarslam_msgs/share/lidarslam_msgs/cmake/rosidl_cmake_export_typesupport_targets-extras.cmake
[4.862s] -- Symlinking: /home/hazem/ros2_ws/install/lidarslam_msgs/share/lidarslam_msgs/cmake/rosidl_cmake_export_typesupport_libraries-extras.cmake
[4.871s] -- Symlinking: /home/hazem/ros2_ws/install/lidarslam_msgs/share/lidarslam_msgs/cmake/lidarslam_msgsConfig.cmake
[4.878s] -- Symlinking: /home/hazem/ros2_ws/install/lidarslam_msgs/share/lidarslam_msgs/cmake/lidarslam_msgsConfig-version.cmake
[4.886s] -- Symlinking: /home/hazem/ros2_ws/install/lidarslam_msgs/share/lidarslam_msgs/package.xml
[4.894s] -- Installing: /home/hazem/ros2_ws/install/lidarslam_msgs/lib/liblidarslam_msgs__rosidl_generator_c.so
[4.894s] -- Set runtime path of "/home/hazem/ros2_ws/install/lidarslam_msgs/lib/liblidarslam_msgs__rosidl_generator_c.so" to ""
[4.895s] -- Installing: /home/hazem/ros2_ws/install/lidarslam_msgs/lib/liblidarslam_msgs__rosidl_typesupport_fastrtps_c.so
[4.895s] -- Set runtime path of "/home/hazem/ros2_ws/install/lidarslam_msgs/lib/liblidarslam_msgs__rosidl_typesupport_fastrtps_c.so" to ""
[4.895s] -- Installing: /home/hazem/ros2_ws/install/lidarslam_msgs/lib/liblidarslam_msgs__rosidl_typesupport_introspection_c.so
[4.895s] -- Set runtime path of "/home/hazem/ros2_ws/install/lidarslam_msgs/lib/liblidarslam_msgs__rosidl_typesupport_introspection_c.so" to ""
[4.895s] -- Installing: /home/hazem/ros2_ws/install/lidarslam_msgs/lib/liblidarslam_msgs__rosidl_typesupport_c.so
[4.896s] -- Set runtime path of "/home/hazem/ros2_ws/install/lidarslam_msgs/lib/liblidarslam_msgs__rosidl_typesupport_c.so" to ""
[4.896s] -- Installing: /home/hazem/ros2_ws/install/lidarslam_msgs/lib/liblidarslam_msgs__rosidl_typesupport_fastrtps_cpp.so
[4.896s] -- Set runtime path of "/home/hazem/ros2_ws/install/lidarslam_msgs/lib/liblidarslam_msgs__rosidl_typesupport_fastrtps_cpp.so" to ""
[4.896s] -- Installing: /home/hazem/ros2_ws/install/lidarslam_msgs/lib/liblidarslam_msgs__rosidl_typesupport_introspection_cpp.so
[4.897s] -- Set runtime path of "/home/hazem/ros2_ws/install/lidarslam_msgs/lib/liblidarslam_msgs__rosidl_typesupport_introspection_cpp.so" to ""
[4.897s] -- Installing: /home/hazem/ros2_ws/install/lidarslam_msgs/lib/liblidarslam_msgs__rosidl_typesupport_cpp.so
[4.897s] -- Set runtime path of "/home/hazem/ros2_ws/install/lidarslam_msgs/lib/liblidarslam_msgs__rosidl_typesupport_cpp.so" to ""
[4.927s] Listing '/home/hazem/ros2_ws/install/lidarslam_msgs/local/lib/python3.10/dist-packages/lidarslam_msgs'...
[4.927s] Compiling '/home/hazem/ros2_ws/install/lidarslam_msgs/local/lib/python3.10/dist-packages/lidarslam_msgs/__init__.py'...
[4.927s] Listing '/home/hazem/ros2_ws/install/lidarslam_msgs/local/lib/python3.10/dist-packages/lidarslam_msgs/msg'...
[4.927s] Compiling '/home/hazem/ros2_ws/install/lidarslam_msgs/local/lib/python3.10/dist-packages/lidarslam_msgs/msg/__init__.py'...
[4.927s] Compiling '/home/hazem/ros2_ws/install/lidarslam_msgs/local/lib/python3.10/dist-packages/lidarslam_msgs/msg/_map_array.py'...
[4.927s] Compiling '/home/hazem/ros2_ws/install/lidarslam_msgs/local/lib/python3.10/dist-packages/lidarslam_msgs/msg/_sub_map.py'...
[4.931s] -- Installing: /home/hazem/ros2_ws/install/lidarslam_msgs/lib/liblidarslam_msgs__rosidl_generator_py.so
[4.931s] -- Set runtime path of "/home/hazem/ros2_ws/install/lidarslam_msgs/lib/liblidarslam_msgs__rosidl_generator_py.so" to ""
[4.931s] -- Installing: /home/hazem/ros2_ws/install/lidarslam_msgs/share/lidarslam_msgs/cmake/export_lidarslam_msgs__rosidl_generator_cExport.cmake
[4.931s] -- Installing: /home/hazem/ros2_ws/install/lidarslam_msgs/share/lidarslam_msgs/cmake/export_lidarslam_msgs__rosidl_generator_cExport-release.cmake
[4.931s] -- Installing: /home/hazem/ros2_ws/install/lidarslam_msgs/share/lidarslam_msgs/cmake/export_lidarslam_msgs__rosidl_typesupport_fastrtps_cExport.cmake
[4.932s] -- Installing: /home/hazem/ros2_ws/install/lidarslam_msgs/share/lidarslam_msgs/cmake/export_lidarslam_msgs__rosidl_typesupport_fastrtps_cExport-release.cmake
[4.932s] -- Installing: /home/hazem/ros2_ws/install/lidarslam_msgs/share/lidarslam_msgs/cmake/lidarslam_msgs__rosidl_typesupport_introspection_cExport.cmake
[4.932s] -- Installing: /home/hazem/ros2_ws/install/lidarslam_msgs/share/lidarslam_msgs/cmake/lidarslam_msgs__rosidl_typesupport_introspection_cExport-release.cmake
[4.932s] -- Installing: /home/hazem/ros2_ws/install/lidarslam_msgs/share/lidarslam_msgs/cmake/lidarslam_msgs__rosidl_typesupport_cExport.cmake
[4.932s] -- Installing: /home/hazem/ros2_ws/install/lidarslam_msgs/share/lidarslam_msgs/cmake/lidarslam_msgs__rosidl_typesupport_cExport-release.cmake
[4.932s] -- Installing: /home/hazem/ros2_ws/install/lidarslam_msgs/share/lidarslam_msgs/cmake/export_lidarslam_msgs__rosidl_generator_cppExport.cmake
[4.933s] -- Installing: /home/hazem/ros2_ws/install/lidarslam_msgs/share/lidarslam_msgs/cmake/export_lidarslam_msgs__rosidl_typesupport_fastrtps_cppExport.cmake
[4.933s] -- Installing: /home/hazem/ros2_ws/install/lidarslam_msgs/share/lidarslam_msgs/cmake/export_lidarslam_msgs__rosidl_typesupport_fastrtps_cppExport-release.cmake
[4.933s] -- Installing: /home/hazem/ros2_ws/install/lidarslam_msgs/share/lidarslam_msgs/cmake/lidarslam_msgs__rosidl_typesupport_introspection_cppExport.cmake
[4.933s] -- Installing: /home/hazem/ros2_ws/install/lidarslam_msgs/share/lidarslam_msgs/cmake/lidarslam_msgs__rosidl_typesupport_introspection_cppExport-release.cmake
[4.933s] -- Installing: /home/hazem/ros2_ws/install/lidarslam_msgs/share/lidarslam_msgs/cmake/lidarslam_msgs__rosidl_typesupport_cppExport.cmake
[4.933s] -- Installing: /home/hazem/ros2_ws/install/lidarslam_msgs/share/lidarslam_msgs/cmake/lidarslam_msgs__rosidl_typesupport_cppExport-release.cmake
[4.933s] -- Installing: /home/hazem/ros2_ws/install/lidarslam_msgs/share/lidarslam_msgs/cmake/export_lidarslam_msgs__rosidl_generator_pyExport.cmake
[4.934s] -- Installing: /home/hazem/ros2_ws/install/lidarslam_msgs/share/lidarslam_msgs/cmake/export_lidarslam_msgs__rosidl_generator_pyExport-release.cmake
[4.936s] Invoked command in '/home/hazem/ros2_ws/build/lidarslam_msgs' returned '0': CMAKE_PREFIX_PATH=/opt/ros/humble /usr/bin/cmake --install /home/hazem/ros2_ws/build/lidarslam_msgs
