[0.880s] DEBUG:colcon:Command line arguments: ['/usr/bin/colcon', 'build', '--symlink-install', '--cmake-args', '-DCMAKE_BUILD_TYPE=Release']
[0.880s] DEBUG:colcon:Parsed command line arguments: Namespace(log_base=None, log_level=None, verb_name='build', build_base='build', install_base='install', merge_install=False, symlink_install=True, test_result_base=None, continue_on_error=False, executor='parallel', parallel_workers=12, event_handlers=None, ignore_user_meta=False, metas=['./colcon.meta'], base_paths=['.'], packages_ignore=None, packages_ignore_regex=None, paths=None, packages_up_to=None, packages_up_to_regex=None, packages_above=None, packages_above_and_dependencies=None, packages_above_depth=None, packages_select_by_dep=None, packages_skip_by_dep=None, packages_skip_up_to=None, packages_select_build_failed=False, packages_skip_build_finished=False, packages_select_test_failures=False, packages_skip_test_passed=False, packages_select=None, packages_skip=None, packages_select_regex=None, packages_skip_regex=None, packages_start=None, packages_end=None, allow_overriding=[], cmake_args=['-DCMAKE_BUILD_TYPE=Release'], cmake_target=None, cmake_target_skip_unavailable=False, cmake_clean_cache=False, cmake_clean_first=False, cmake_force_configure=False, ament_cmake_args=None, catkin_cmake_args=None, catkin_skip_building_tests=False, verb_parser=<colcon_defaults.argument_parser.defaults.DefaultArgumentsDecorator object at 0x7f9fed2cb790>, verb_extension=<colcon_core.verb.build.BuildVerb object at 0x7f9fed28afb0>, main=<bound method BuildVerb.main of <colcon_core.verb.build.BuildVerb object at 0x7f9fed28afb0>>)
[0.926s] Level 1:colcon.colcon_core.package_discovery:discover_packages(colcon_meta) check parameters
[0.926s] Level 1:colcon.colcon_core.package_discovery:discover_packages(recursive) check parameters
[0.926s] Level 1:colcon.colcon_core.package_discovery:discover_packages(ignore) check parameters
[0.926s] Level 1:colcon.colcon_core.package_discovery:discover_packages(path) check parameters
[0.926s] Level 1:colcon.colcon_core.package_discovery:discover_packages(colcon_meta) discover
[0.926s] Level 1:colcon.colcon_core.package_discovery:discover_packages(recursive) discover
[0.926s] INFO:colcon.colcon_core.package_discovery:Crawling recursively for packages in '/home/hazem/ros2_ws'
[0.926s] Level 1:colcon.colcon_core.package_identification:_identify(.) by extensions ['ignore', 'ignore_ament_install']
[0.926s] Level 1:colcon.colcon_core.package_identification:_identify(.) by extension 'ignore'
[0.926s] Level 1:colcon.colcon_core.package_identification:_identify(.) by extension 'ignore_ament_install'
[0.926s] Level 1:colcon.colcon_core.package_identification:_identify(.) by extensions ['colcon_pkg']
[0.926s] Level 1:colcon.colcon_core.package_identification:_identify(.) by extension 'colcon_pkg'
[0.926s] Level 1:colcon.colcon_core.package_identification:_identify(.) by extensions ['colcon_meta']
[0.926s] Level 1:colcon.colcon_core.package_identification:_identify(.) by extension 'colcon_meta'
[0.926s] Level 1:colcon.colcon_core.package_identification:_identify(.) by extensions ['ros']
[0.926s] Level 1:colcon.colcon_core.package_identification:_identify(.) by extension 'ros'
[0.935s] Level 1:colcon.colcon_core.package_identification:_identify(.) by extensions ['cmake', 'python']
[0.935s] Level 1:colcon.colcon_core.package_identification:_identify(.) by extension 'cmake'
[0.936s] Level 1:colcon.colcon_core.package_identification:_identify(.) by extension 'python'
[0.936s] Level 1:colcon.colcon_core.package_identification:_identify(.) by extensions ['python_setup_py']
[0.936s] Level 1:colcon.colcon_core.package_identification:_identify(.) by extension 'python_setup_py'
[0.936s] Level 1:colcon.colcon_core.package_identification:_identify(build) by extensions ['ignore', 'ignore_ament_install']
[0.936s] Level 1:colcon.colcon_core.package_identification:_identify(build) by extension 'ignore'
[0.936s] Level 1:colcon.colcon_core.package_identification:_identify(build) ignored
[0.936s] Level 1:colcon.colcon_core.package_identification:_identify(install) by extensions ['ignore', 'ignore_ament_install']
[0.936s] Level 1:colcon.colcon_core.package_identification:_identify(install) by extension 'ignore'
[0.936s] Level 1:colcon.colcon_core.package_identification:_identify(install) ignored
[0.936s] Level 1:colcon.colcon_core.package_identification:_identify(log) by extensions ['ignore', 'ignore_ament_install']
[0.936s] Level 1:colcon.colcon_core.package_identification:_identify(log) by extension 'ignore'
[0.936s] Level 1:colcon.colcon_core.package_identification:_identify(log) ignored
[0.936s] Level 1:colcon.colcon_core.package_identification:_identify(src) by extensions ['ignore', 'ignore_ament_install']
[0.936s] Level 1:colcon.colcon_core.package_identification:_identify(src) by extension 'ignore'
[0.936s] Level 1:colcon.colcon_core.package_identification:_identify(src) by extension 'ignore_ament_install'
[0.936s] Level 1:colcon.colcon_core.package_identification:_identify(src) by extensions ['colcon_pkg']
[0.936s] Level 1:colcon.colcon_core.package_identification:_identify(src) by extension 'colcon_pkg'
[0.937s] Level 1:colcon.colcon_core.package_identification:_identify(src) by extensions ['colcon_meta']
[0.937s] Level 1:colcon.colcon_core.package_identification:_identify(src) by extension 'colcon_meta'
[0.937s] Level 1:colcon.colcon_core.package_identification:_identify(src) by extensions ['ros']
[0.937s] Level 1:colcon.colcon_core.package_identification:_identify(src) by extension 'ros'
[0.937s] Level 1:colcon.colcon_core.package_identification:_identify(src) by extensions ['cmake', 'python']
[0.937s] Level 1:colcon.colcon_core.package_identification:_identify(src) by extension 'cmake'
[0.937s] Level 1:colcon.colcon_core.package_identification:_identify(src) by extension 'python'
[0.937s] Level 1:colcon.colcon_core.package_identification:_identify(src) by extensions ['python_setup_py']
[0.937s] Level 1:colcon.colcon_core.package_identification:_identify(src) by extension 'python_setup_py'
[0.937s] Level 1:colcon.colcon_core.package_identification:_identify(src/build) by extensions ['ignore', 'ignore_ament_install']
[0.937s] Level 1:colcon.colcon_core.package_identification:_identify(src/build) by extension 'ignore'
[0.937s] Level 1:colcon.colcon_core.package_identification:_identify(src/build) ignored
[0.937s] Level 1:colcon.colcon_core.package_identification:_identify(src/install) by extensions ['ignore', 'ignore_ament_install']
[0.937s] Level 1:colcon.colcon_core.package_identification:_identify(src/install) by extension 'ignore'
[0.937s] Level 1:colcon.colcon_core.package_identification:_identify(src/install) ignored
[0.937s] Level 1:colcon.colcon_core.package_identification:_identify(src/lidarslam_ros2) by extensions ['ignore', 'ignore_ament_install']
[0.937s] Level 1:colcon.colcon_core.package_identification:_identify(src/lidarslam_ros2) by extension 'ignore'
[0.937s] Level 1:colcon.colcon_core.package_identification:_identify(src/lidarslam_ros2) by extension 'ignore_ament_install'
[0.937s] Level 1:colcon.colcon_core.package_identification:_identify(src/lidarslam_ros2) by extensions ['colcon_pkg']
[0.937s] Level 1:colcon.colcon_core.package_identification:_identify(src/lidarslam_ros2) by extension 'colcon_pkg'
[0.938s] Level 1:colcon.colcon_core.package_identification:_identify(src/lidarslam_ros2) by extensions ['colcon_meta']
[0.938s] Level 1:colcon.colcon_core.package_identification:_identify(src/lidarslam_ros2) by extension 'colcon_meta'
[0.938s] Level 1:colcon.colcon_core.package_identification:_identify(src/lidarslam_ros2) by extensions ['ros']
[0.938s] Level 1:colcon.colcon_core.package_identification:_identify(src/lidarslam_ros2) by extension 'ros'
[0.938s] Level 1:colcon.colcon_core.package_identification:_identify(src/lidarslam_ros2) by extensions ['cmake', 'python']
[0.938s] Level 1:colcon.colcon_core.package_identification:_identify(src/lidarslam_ros2) by extension 'cmake'
[0.938s] Level 1:colcon.colcon_core.package_identification:_identify(src/lidarslam_ros2) by extension 'python'
[0.938s] Level 1:colcon.colcon_core.package_identification:_identify(src/lidarslam_ros2) by extensions ['python_setup_py']
[0.938s] Level 1:colcon.colcon_core.package_identification:_identify(src/lidarslam_ros2) by extension 'python_setup_py'
[0.938s] Level 1:colcon.colcon_core.package_identification:_identify(src/lidarslam_ros2/Thirdparty) by extensions ['ignore', 'ignore_ament_install']
[0.938s] Level 1:colcon.colcon_core.package_identification:_identify(src/lidarslam_ros2/Thirdparty) by extension 'ignore'
[0.938s] Level 1:colcon.colcon_core.package_identification:_identify(src/lidarslam_ros2/Thirdparty) by extension 'ignore_ament_install'
[0.938s] Level 1:colcon.colcon_core.package_identification:_identify(src/lidarslam_ros2/Thirdparty) by extensions ['colcon_pkg']
[0.938s] Level 1:colcon.colcon_core.package_identification:_identify(src/lidarslam_ros2/Thirdparty) by extension 'colcon_pkg'
[0.938s] Level 1:colcon.colcon_core.package_identification:_identify(src/lidarslam_ros2/Thirdparty) by extensions ['colcon_meta']
[0.938s] Level 1:colcon.colcon_core.package_identification:_identify(src/lidarslam_ros2/Thirdparty) by extension 'colcon_meta'
[0.938s] Level 1:colcon.colcon_core.package_identification:_identify(src/lidarslam_ros2/Thirdparty) by extensions ['ros']
[0.938s] Level 1:colcon.colcon_core.package_identification:_identify(src/lidarslam_ros2/Thirdparty) by extension 'ros'
[0.938s] Level 1:colcon.colcon_core.package_identification:_identify(src/lidarslam_ros2/Thirdparty) by extensions ['cmake', 'python']
[0.938s] Level 1:colcon.colcon_core.package_identification:_identify(src/lidarslam_ros2/Thirdparty) by extension 'cmake'
[0.938s] Level 1:colcon.colcon_core.package_identification:_identify(src/lidarslam_ros2/Thirdparty) by extension 'python'
[0.938s] Level 1:colcon.colcon_core.package_identification:_identify(src/lidarslam_ros2/Thirdparty) by extensions ['python_setup_py']
[0.939s] Level 1:colcon.colcon_core.package_identification:_identify(src/lidarslam_ros2/Thirdparty) by extension 'python_setup_py'
[0.939s] Level 1:colcon.colcon_core.package_identification:_identify(src/lidarslam_ros2/Thirdparty/ndt_omp_ros2) by extensions ['ignore', 'ignore_ament_install']
[0.939s] Level 1:colcon.colcon_core.package_identification:_identify(src/lidarslam_ros2/Thirdparty/ndt_omp_ros2) by extension 'ignore'
[0.939s] Level 1:colcon.colcon_core.package_identification:_identify(src/lidarslam_ros2/Thirdparty/ndt_omp_ros2) by extension 'ignore_ament_install'
[0.939s] Level 1:colcon.colcon_core.package_identification:_identify(src/lidarslam_ros2/Thirdparty/ndt_omp_ros2) by extensions ['colcon_pkg']
[0.939s] Level 1:colcon.colcon_core.package_identification:_identify(src/lidarslam_ros2/Thirdparty/ndt_omp_ros2) by extension 'colcon_pkg'
[0.939s] Level 1:colcon.colcon_core.package_identification:_identify(src/lidarslam_ros2/Thirdparty/ndt_omp_ros2) by extensions ['colcon_meta']
[0.939s] Level 1:colcon.colcon_core.package_identification:_identify(src/lidarslam_ros2/Thirdparty/ndt_omp_ros2) by extension 'colcon_meta'
[0.939s] Level 1:colcon.colcon_core.package_identification:_identify(src/lidarslam_ros2/Thirdparty/ndt_omp_ros2) by extensions ['ros']
[0.939s] Level 1:colcon.colcon_core.package_identification:_identify(src/lidarslam_ros2/Thirdparty/ndt_omp_ros2) by extension 'ros'
[0.941s] DEBUG:colcon.colcon_core.package_identification:Package 'src/lidarslam_ros2/Thirdparty/ndt_omp_ros2' with type 'ros.ament_cmake' and name 'ndt_omp_ros2'
[0.941s] Level 1:colcon.colcon_core.package_identification:_identify(src/lidarslam_ros2/graph_based_slam) by extensions ['ignore', 'ignore_ament_install']
[0.941s] Level 1:colcon.colcon_core.package_identification:_identify(src/lidarslam_ros2/graph_based_slam) by extension 'ignore'
[0.941s] Level 1:colcon.colcon_core.package_identification:_identify(src/lidarslam_ros2/graph_based_slam) by extension 'ignore_ament_install'
[0.941s] Level 1:colcon.colcon_core.package_identification:_identify(src/lidarslam_ros2/graph_based_slam) by extensions ['colcon_pkg']
[0.941s] Level 1:colcon.colcon_core.package_identification:_identify(src/lidarslam_ros2/graph_based_slam) by extension 'colcon_pkg'
[0.941s] Level 1:colcon.colcon_core.package_identification:_identify(src/lidarslam_ros2/graph_based_slam) by extensions ['colcon_meta']
[0.941s] Level 1:colcon.colcon_core.package_identification:_identify(src/lidarslam_ros2/graph_based_slam) by extension 'colcon_meta'
[0.941s] Level 1:colcon.colcon_core.package_identification:_identify(src/lidarslam_ros2/graph_based_slam) by extensions ['ros']
[0.941s] Level 1:colcon.colcon_core.package_identification:_identify(src/lidarslam_ros2/graph_based_slam) by extension 'ros'
[0.942s] DEBUG:colcon.colcon_core.package_identification:Package 'src/lidarslam_ros2/graph_based_slam' with type 'ros.ament_cmake' and name 'graph_based_slam'
[0.942s] Level 1:colcon.colcon_core.package_identification:_identify(src/lidarslam_ros2/lidarslam) by extensions ['ignore', 'ignore_ament_install']
[0.943s] Level 1:colcon.colcon_core.package_identification:_identify(src/lidarslam_ros2/lidarslam) by extension 'ignore'
[0.943s] Level 1:colcon.colcon_core.package_identification:_identify(src/lidarslam_ros2/lidarslam) by extension 'ignore_ament_install'
[0.943s] Level 1:colcon.colcon_core.package_identification:_identify(src/lidarslam_ros2/lidarslam) by extensions ['colcon_pkg']
[0.943s] Level 1:colcon.colcon_core.package_identification:_identify(src/lidarslam_ros2/lidarslam) by extension 'colcon_pkg'
[0.943s] Level 1:colcon.colcon_core.package_identification:_identify(src/lidarslam_ros2/lidarslam) by extensions ['colcon_meta']
[0.943s] Level 1:colcon.colcon_core.package_identification:_identify(src/lidarslam_ros2/lidarslam) by extension 'colcon_meta'
[0.943s] Level 1:colcon.colcon_core.package_identification:_identify(src/lidarslam_ros2/lidarslam) by extensions ['ros']
[0.943s] Level 1:colcon.colcon_core.package_identification:_identify(src/lidarslam_ros2/lidarslam) by extension 'ros'
[0.944s] DEBUG:colcon.colcon_core.package_identification:Package 'src/lidarslam_ros2/lidarslam' with type 'ros.ament_cmake' and name 'lidarslam'
[0.944s] Level 1:colcon.colcon_core.package_identification:_identify(src/lidarslam_ros2/lidarslam_msgs) by extensions ['ignore', 'ignore_ament_install']
[0.944s] Level 1:colcon.colcon_core.package_identification:_identify(src/lidarslam_ros2/lidarslam_msgs) by extension 'ignore'
[0.944s] Level 1:colcon.colcon_core.package_identification:_identify(src/lidarslam_ros2/lidarslam_msgs) by extension 'ignore_ament_install'
[0.944s] Level 1:colcon.colcon_core.package_identification:_identify(src/lidarslam_ros2/lidarslam_msgs) by extensions ['colcon_pkg']
[0.944s] Level 1:colcon.colcon_core.package_identification:_identify(src/lidarslam_ros2/lidarslam_msgs) by extension 'colcon_pkg'
[0.944s] Level 1:colcon.colcon_core.package_identification:_identify(src/lidarslam_ros2/lidarslam_msgs) by extensions ['colcon_meta']
[0.944s] Level 1:colcon.colcon_core.package_identification:_identify(src/lidarslam_ros2/lidarslam_msgs) by extension 'colcon_meta'
[0.944s] Level 1:colcon.colcon_core.package_identification:_identify(src/lidarslam_ros2/lidarslam_msgs) by extensions ['ros']
[0.944s] Level 1:colcon.colcon_core.package_identification:_identify(src/lidarslam_ros2/lidarslam_msgs) by extension 'ros'
[0.945s] DEBUG:colcon.colcon_core.package_identification:Package 'src/lidarslam_ros2/lidarslam_msgs' with type 'ros.ament_cmake' and name 'lidarslam_msgs'
[0.945s] Level 1:colcon.colcon_core.package_identification:_identify(src/lidarslam_ros2/scanmatcher) by extensions ['ignore', 'ignore_ament_install']
[0.945s] Level 1:colcon.colcon_core.package_identification:_identify(src/lidarslam_ros2/scanmatcher) by extension 'ignore'
[0.945s] Level 1:colcon.colcon_core.package_identification:_identify(src/lidarslam_ros2/scanmatcher) by extension 'ignore_ament_install'
[0.945s] Level 1:colcon.colcon_core.package_identification:_identify(src/lidarslam_ros2/scanmatcher) by extensions ['colcon_pkg']
[0.945s] Level 1:colcon.colcon_core.package_identification:_identify(src/lidarslam_ros2/scanmatcher) by extension 'colcon_pkg'
[0.945s] Level 1:colcon.colcon_core.package_identification:_identify(src/lidarslam_ros2/scanmatcher) by extensions ['colcon_meta']
[0.945s] Level 1:colcon.colcon_core.package_identification:_identify(src/lidarslam_ros2/scanmatcher) by extension 'colcon_meta'
[0.945s] Level 1:colcon.colcon_core.package_identification:_identify(src/lidarslam_ros2/scanmatcher) by extensions ['ros']
[0.945s] Level 1:colcon.colcon_core.package_identification:_identify(src/lidarslam_ros2/scanmatcher) by extension 'ros'
[0.946s] DEBUG:colcon.colcon_core.package_identification:Package 'src/lidarslam_ros2/scanmatcher' with type 'ros.ament_cmake' and name 'scanmatcher'
[0.947s] Level 1:colcon.colcon_core.package_identification:_identify(src/log) by extensions ['ignore', 'ignore_ament_install']
[0.947s] Level 1:colcon.colcon_core.package_identification:_identify(src/log) by extension 'ignore'
[0.947s] Level 1:colcon.colcon_core.package_identification:_identify(src/log) ignored
[0.947s] Level 1:colcon.colcon_core.package_discovery:discover_packages(recursive) using defaults
[0.947s] Level 1:colcon.colcon_core.package_discovery:discover_packages(ignore) discover
[0.947s] Level 1:colcon.colcon_core.package_discovery:discover_packages(ignore) using defaults
[0.947s] Level 1:colcon.colcon_core.package_discovery:discover_packages(path) discover
[0.947s] Level 1:colcon.colcon_core.package_discovery:discover_packages(path) using defaults
[1.024s] Level 1:colcon.colcon_core.package_discovery:discover_packages(prefix_path) check parameters
[1.024s] Level 1:colcon.colcon_core.package_discovery:discover_packages(prefix_path) discover
[1.049s] DEBUG:colcon.colcon_installed_package_information.package_discovery:Found 5 installed packages in /home/hazem/ros2_ws/install
[1.062s] DEBUG:colcon.colcon_installed_package_information.package_discovery:Found 270 installed packages in /opt/ros/humble
[1.063s] Level 1:colcon.colcon_core.package_discovery:discover_packages(prefix_path) using defaults
[1.139s] Level 5:colcon.colcon_core.verb:set package 'lidarslam_msgs' build argument 'cmake_args' from command line to '['-DCMAKE_BUILD_TYPE=Release']'
[1.139s] Level 5:colcon.colcon_core.verb:set package 'lidarslam_msgs' build argument 'cmake_target' from command line to 'None'
[1.139s] Level 5:colcon.colcon_core.verb:set package 'lidarslam_msgs' build argument 'cmake_target_skip_unavailable' from command line to 'False'
[1.139s] Level 5:colcon.colcon_core.verb:set package 'lidarslam_msgs' build argument 'cmake_clean_cache' from command line to 'False'
[1.139s] Level 5:colcon.colcon_core.verb:set package 'lidarslam_msgs' build argument 'cmake_clean_first' from command line to 'False'
[1.139s] Level 5:colcon.colcon_core.verb:set package 'lidarslam_msgs' build argument 'cmake_force_configure' from command line to 'False'
[1.140s] Level 5:colcon.colcon_core.verb:set package 'lidarslam_msgs' build argument 'ament_cmake_args' from command line to 'None'
[1.140s] Level 5:colcon.colcon_core.verb:set package 'lidarslam_msgs' build argument 'catkin_cmake_args' from command line to 'None'
[1.140s] Level 5:colcon.colcon_core.verb:set package 'lidarslam_msgs' build argument 'catkin_skip_building_tests' from command line to 'False'
[1.140s] DEBUG:colcon.colcon_core.verb:Building package 'lidarslam_msgs' with the following arguments: {'ament_cmake_args': None, 'build_base': '/home/hazem/ros2_ws/build/lidarslam_msgs', 'catkin_cmake_args': None, 'catkin_skip_building_tests': False, 'cmake_args': ['-DCMAKE_BUILD_TYPE=Release'], 'cmake_clean_cache': False, 'cmake_clean_first': False, 'cmake_force_configure': False, 'cmake_target': None, 'cmake_target_skip_unavailable': False, 'install_base': '/home/hazem/ros2_ws/install/lidarslam_msgs', 'merge_install': False, 'path': '/home/hazem/ros2_ws/src/lidarslam_ros2/lidarslam_msgs', 'symlink_install': True, 'test_result_base': None}
[1.151s] Level 5:colcon.colcon_core.verb:set package 'ndt_omp_ros2' build argument 'cmake_args' from command line to '['-DCMAKE_BUILD_TYPE=Release']'
[1.151s] Level 5:colcon.colcon_core.verb:set package 'ndt_omp_ros2' build argument 'cmake_target' from command line to 'None'
[1.151s] Level 5:colcon.colcon_core.verb:set package 'ndt_omp_ros2' build argument 'cmake_target_skip_unavailable' from command line to 'False'
[1.151s] Level 5:colcon.colcon_core.verb:set package 'ndt_omp_ros2' build argument 'cmake_clean_cache' from command line to 'False'
[1.151s] Level 5:colcon.colcon_core.verb:set package 'ndt_omp_ros2' build argument 'cmake_clean_first' from command line to 'False'
[1.152s] Level 5:colcon.colcon_core.verb:set package 'ndt_omp_ros2' build argument 'cmake_force_configure' from command line to 'False'
[1.152s] Level 5:colcon.colcon_core.verb:set package 'ndt_omp_ros2' build argument 'ament_cmake_args' from command line to 'None'
[1.152s] Level 5:colcon.colcon_core.verb:set package 'ndt_omp_ros2' build argument 'catkin_cmake_args' from command line to 'None'
[1.152s] Level 5:colcon.colcon_core.verb:set package 'ndt_omp_ros2' build argument 'catkin_skip_building_tests' from command line to 'False'
[1.152s] DEBUG:colcon.colcon_core.verb:Building package 'ndt_omp_ros2' with the following arguments: {'ament_cmake_args': None, 'build_base': '/home/hazem/ros2_ws/build/ndt_omp_ros2', 'catkin_cmake_args': None, 'catkin_skip_building_tests': False, 'cmake_args': ['-DCMAKE_BUILD_TYPE=Release'], 'cmake_clean_cache': False, 'cmake_clean_first': False, 'cmake_force_configure': False, 'cmake_target': None, 'cmake_target_skip_unavailable': False, 'install_base': '/home/hazem/ros2_ws/install/ndt_omp_ros2', 'merge_install': False, 'path': '/home/hazem/ros2_ws/src/lidarslam_ros2/Thirdparty/ndt_omp_ros2', 'symlink_install': True, 'test_result_base': None}
[1.164s] Level 5:colcon.colcon_core.verb:set package 'graph_based_slam' build argument 'cmake_args' from command line to '['-DCMAKE_BUILD_TYPE=Release']'
[1.164s] Level 5:colcon.colcon_core.verb:set package 'graph_based_slam' build argument 'cmake_target' from command line to 'None'
[1.164s] Level 5:colcon.colcon_core.verb:set package 'graph_based_slam' build argument 'cmake_target_skip_unavailable' from command line to 'False'
[1.164s] Level 5:colcon.colcon_core.verb:set package 'graph_based_slam' build argument 'cmake_clean_cache' from command line to 'False'
[1.164s] Level 5:colcon.colcon_core.verb:set package 'graph_based_slam' build argument 'cmake_clean_first' from command line to 'False'
[1.164s] Level 5:colcon.colcon_core.verb:set package 'graph_based_slam' build argument 'cmake_force_configure' from command line to 'False'
[1.164s] Level 5:colcon.colcon_core.verb:set package 'graph_based_slam' build argument 'ament_cmake_args' from command line to 'None'
[1.164s] Level 5:colcon.colcon_core.verb:set package 'graph_based_slam' build argument 'catkin_cmake_args' from command line to 'None'
[1.164s] Level 5:colcon.colcon_core.verb:set package 'graph_based_slam' build argument 'catkin_skip_building_tests' from command line to 'False'
[1.164s] DEBUG:colcon.colcon_core.verb:Building package 'graph_based_slam' with the following arguments: {'ament_cmake_args': None, 'build_base': '/home/hazem/ros2_ws/build/graph_based_slam', 'catkin_cmake_args': None, 'catkin_skip_building_tests': False, 'cmake_args': ['-DCMAKE_BUILD_TYPE=Release'], 'cmake_clean_cache': False, 'cmake_clean_first': False, 'cmake_force_configure': False, 'cmake_target': None, 'cmake_target_skip_unavailable': False, 'install_base': '/home/hazem/ros2_ws/install/graph_based_slam', 'merge_install': False, 'path': '/home/hazem/ros2_ws/src/lidarslam_ros2/graph_based_slam', 'symlink_install': True, 'test_result_base': None}
[1.176s] Level 5:colcon.colcon_core.verb:set package 'scanmatcher' build argument 'cmake_args' from command line to '['-DCMAKE_BUILD_TYPE=Release']'
[1.176s] Level 5:colcon.colcon_core.verb:set package 'scanmatcher' build argument 'cmake_target' from command line to 'None'
[1.176s] Level 5:colcon.colcon_core.verb:set package 'scanmatcher' build argument 'cmake_target_skip_unavailable' from command line to 'False'
[1.176s] Level 5:colcon.colcon_core.verb:set package 'scanmatcher' build argument 'cmake_clean_cache' from command line to 'False'
[1.176s] Level 5:colcon.colcon_core.verb:set package 'scanmatcher' build argument 'cmake_clean_first' from command line to 'False'
[1.176s] Level 5:colcon.colcon_core.verb:set package 'scanmatcher' build argument 'cmake_force_configure' from command line to 'False'
[1.176s] Level 5:colcon.colcon_core.verb:set package 'scanmatcher' build argument 'ament_cmake_args' from command line to 'None'
[1.176s] Level 5:colcon.colcon_core.verb:set package 'scanmatcher' build argument 'catkin_cmake_args' from command line to 'None'
[1.176s] Level 5:colcon.colcon_core.verb:set package 'scanmatcher' build argument 'catkin_skip_building_tests' from command line to 'False'
[1.176s] DEBUG:colcon.colcon_core.verb:Building package 'scanmatcher' with the following arguments: {'ament_cmake_args': None, 'build_base': '/home/hazem/ros2_ws/build/scanmatcher', 'catkin_cmake_args': None, 'catkin_skip_building_tests': False, 'cmake_args': ['-DCMAKE_BUILD_TYPE=Release'], 'cmake_clean_cache': False, 'cmake_clean_first': False, 'cmake_force_configure': False, 'cmake_target': None, 'cmake_target_skip_unavailable': False, 'install_base': '/home/hazem/ros2_ws/install/scanmatcher', 'merge_install': False, 'path': '/home/hazem/ros2_ws/src/lidarslam_ros2/scanmatcher', 'symlink_install': True, 'test_result_base': None}
[1.188s] Level 5:colcon.colcon_core.verb:set package 'lidarslam' build argument 'cmake_args' from command line to '['-DCMAKE_BUILD_TYPE=Release']'
[1.188s] Level 5:colcon.colcon_core.verb:set package 'lidarslam' build argument 'cmake_target' from command line to 'None'
[1.188s] Level 5:colcon.colcon_core.verb:set package 'lidarslam' build argument 'cmake_target_skip_unavailable' from command line to 'False'
[1.188s] Level 5:colcon.colcon_core.verb:set package 'lidarslam' build argument 'cmake_clean_cache' from command line to 'False'
[1.188s] Level 5:colcon.colcon_core.verb:set package 'lidarslam' build argument 'cmake_clean_first' from command line to 'False'
[1.188s] Level 5:colcon.colcon_core.verb:set package 'lidarslam' build argument 'cmake_force_configure' from command line to 'False'
[1.188s] Level 5:colcon.colcon_core.verb:set package 'lidarslam' build argument 'ament_cmake_args' from command line to 'None'
[1.188s] Level 5:colcon.colcon_core.verb:set package 'lidarslam' build argument 'catkin_cmake_args' from command line to 'None'
[1.188s] Level 5:colcon.colcon_core.verb:set package 'lidarslam' build argument 'catkin_skip_building_tests' from command line to 'False'
[1.188s] DEBUG:colcon.colcon_core.verb:Building package 'lidarslam' with the following arguments: {'ament_cmake_args': None, 'build_base': '/home/hazem/ros2_ws/build/lidarslam', 'catkin_cmake_args': None, 'catkin_skip_building_tests': False, 'cmake_args': ['-DCMAKE_BUILD_TYPE=Release'], 'cmake_clean_cache': False, 'cmake_clean_first': False, 'cmake_force_configure': False, 'cmake_target': None, 'cmake_target_skip_unavailable': False, 'install_base': '/home/hazem/ros2_ws/install/lidarslam', 'merge_install': False, 'path': '/home/hazem/ros2_ws/src/lidarslam_ros2/lidarslam', 'symlink_install': True, 'test_result_base': None}
[1.200s] INFO:colcon.colcon_core.executor:Executing jobs using 'parallel' executor
[1.212s] DEBUG:colcon.colcon_parallel_executor.executor.parallel:run_until_complete
[1.212s] INFO:colcon.colcon_ros.task.ament_cmake.build:Building ROS package in '/home/hazem/ros2_ws/src/lidarslam_ros2/lidarslam_msgs' with build type 'ament_cmake'
[1.212s] INFO:colcon.colcon_cmake.task.cmake.build:Building CMake package in '/home/hazem/ros2_ws/src/lidarslam_ros2/lidarslam_msgs'
[1.227s] INFO:colcon.colcon_core.plugin_system:Skipping extension 'colcon_core.shell.bat': Not used on non-Windows systems
[1.227s] INFO:colcon.colcon_core.shell:Skip shell extension 'powershell' for command environment: Not usable outside of PowerShell
[1.227s] DEBUG:colcon.colcon_core.shell:Skip shell extension 'dsv' for command environment
[1.265s] INFO:colcon.colcon_ros.task.ament_cmake.build:Building ROS package in '/home/hazem/ros2_ws/src/lidarslam_ros2/Thirdparty/ndt_omp_ros2' with build type 'ament_cmake'
[1.266s] INFO:colcon.colcon_cmake.task.cmake.build:Building CMake package in '/home/hazem/ros2_ws/src/lidarslam_ros2/Thirdparty/ndt_omp_ros2'
[1.279s] INFO:colcon.colcon_core.shell:Skip shell extension 'powershell' for command environment: Not usable outside of PowerShell
[1.279s] DEBUG:colcon.colcon_core.shell:Skip shell extension 'dsv' for command environment
[1.323s] DEBUG:colcon.colcon_core.event_handler.log_command:Invoking command in '/home/hazem/ros2_ws/build/lidarslam_msgs': CMAKE_PREFIX_PATH=${CMAKE_PREFIX_PATH}:/opt/ros/humble /usr/bin/cmake --build /home/hazem/ros2_ws/build/lidarslam_msgs -- -j12 -l12
[1.329s] DEBUG:colcon.colcon_core.event_handler.log_command:Invoking command in '/home/hazem/ros2_ws/build/ndt_omp_ros2': CMAKE_PREFIX_PATH=${CMAKE_PREFIX_PATH}:/opt/ros/humble /usr/bin/cmake --build /home/hazem/ros2_ws/build/ndt_omp_ros2 -- -j12 -l12
[1.456s] DEBUG:colcon.colcon_core.event_handler.log_command:Invoked command in '/home/hazem/ros2_ws/build/ndt_omp_ros2' returned '0': CMAKE_PREFIX_PATH=${CMAKE_PREFIX_PATH}:/opt/ros/humble /usr/bin/cmake --build /home/hazem/ros2_ws/build/ndt_omp_ros2 -- -j12 -l12
[1.500s] DEBUG:colcon.colcon_core.event_handler.log_command:Invoking command in '/home/hazem/ros2_ws/build/ndt_omp_ros2': CMAKE_PREFIX_PATH=${CMAKE_PREFIX_PATH}:/opt/ros/humble /usr/bin/cmake --install /home/hazem/ros2_ws/build/ndt_omp_ros2
[1.523s] Level 1:colcon.colcon_core.environment:create_environment_scripts_only(ndt_omp_ros2)
[1.524s] DEBUG:colcon.colcon_core.event_handler.log_command:Invoked command in '/home/hazem/ros2_ws/build/ndt_omp_ros2' returned '0': CMAKE_PREFIX_PATH=${CMAKE_PREFIX_PATH}:/opt/ros/humble /usr/bin/cmake --install /home/hazem/ros2_ws/build/ndt_omp_ros2
[1.540s] Level 1:colcon.colcon_core.environment:checking '/home/hazem/ros2_ws/install/ndt_omp_ros2' for CMake module files
[1.541s] Level 1:colcon.colcon_core.environment:checking '/home/hazem/ros2_ws/install/ndt_omp_ros2' for CMake config files
[1.541s] Level 1:colcon.colcon_core.shell:create_environment_hook('ndt_omp_ros2', 'cmake_prefix_path')
[1.554s] INFO:colcon.colcon_core.shell:Creating environment hook '/home/hazem/ros2_ws/install/ndt_omp_ros2/share/ndt_omp_ros2/hook/cmake_prefix_path.ps1'
[1.555s] INFO:colcon.colcon_core.shell:Creating environment descriptor '/home/hazem/ros2_ws/install/ndt_omp_ros2/share/ndt_omp_ros2/hook/cmake_prefix_path.dsv'
[1.555s] INFO:colcon.colcon_core.shell:Creating environment hook '/home/hazem/ros2_ws/install/ndt_omp_ros2/share/ndt_omp_ros2/hook/cmake_prefix_path.sh'
[1.556s] Level 1:colcon.colcon_core.environment:checking '/home/hazem/ros2_ws/install/ndt_omp_ros2/lib'
[1.556s] Level 1:colcon.colcon_core.environment:checking '/home/hazem/ros2_ws/install/ndt_omp_ros2/bin'
[1.556s] Level 1:colcon.colcon_core.shell:create_environment_hook('ndt_omp_ros2', 'path')
[1.568s] INFO:colcon.colcon_core.shell:Creating environment hook '/home/hazem/ros2_ws/install/ndt_omp_ros2/share/ndt_omp_ros2/hook/path.ps1'
[1.569s] INFO:colcon.colcon_core.shell:Creating environment descriptor '/home/hazem/ros2_ws/install/ndt_omp_ros2/share/ndt_omp_ros2/hook/path.dsv'
[1.569s] INFO:colcon.colcon_core.shell:Creating environment hook '/home/hazem/ros2_ws/install/ndt_omp_ros2/share/ndt_omp_ros2/hook/path.sh'
[1.569s] Level 1:colcon.colcon_core.environment:checking '/home/hazem/ros2_ws/install/ndt_omp_ros2/lib/pkgconfig/ndt_omp_ros2.pc'
[1.570s] Level 1:colcon.colcon_core.environment:checking '/home/hazem/ros2_ws/install/ndt_omp_ros2/lib/python3.10/site-packages'
[1.570s] Level 1:colcon.colcon_core.environment:checking '/home/hazem/ros2_ws/install/ndt_omp_ros2/bin'
[1.570s] Level 1:colcon.colcon_core.shell:create_environment_hook('ndt_omp_ros2', 'pythonscriptspath')
[1.583s] INFO:colcon.colcon_core.shell:Creating environment hook '/home/hazem/ros2_ws/install/ndt_omp_ros2/share/ndt_omp_ros2/hook/pythonscriptspath.ps1'
[1.583s] INFO:colcon.colcon_core.shell:Creating environment descriptor '/home/hazem/ros2_ws/install/ndt_omp_ros2/share/ndt_omp_ros2/hook/pythonscriptspath.dsv'
[1.583s] INFO:colcon.colcon_core.shell:Creating environment hook '/home/hazem/ros2_ws/install/ndt_omp_ros2/share/ndt_omp_ros2/hook/pythonscriptspath.sh'
[1.596s] INFO:colcon.colcon_core.shell:Creating package script '/home/hazem/ros2_ws/install/ndt_omp_ros2/share/ndt_omp_ros2/package.ps1'
[1.597s] INFO:colcon.colcon_core.shell:Creating package descriptor '/home/hazem/ros2_ws/install/ndt_omp_ros2/share/ndt_omp_ros2/package.dsv'
[1.597s] INFO:colcon.colcon_core.shell:Creating package script '/home/hazem/ros2_ws/install/ndt_omp_ros2/share/ndt_omp_ros2/package.sh'
[1.598s] INFO:colcon.colcon_core.shell:Creating package script '/home/hazem/ros2_ws/install/ndt_omp_ros2/share/ndt_omp_ros2/package.bash'
[1.598s] INFO:colcon.colcon_core.shell:Creating package script '/home/hazem/ros2_ws/install/ndt_omp_ros2/share/ndt_omp_ros2/package.zsh'
[1.599s] Level 1:colcon.colcon_core.environment:create_file_with_runtime_dependencies(/home/hazem/ros2_ws/install/ndt_omp_ros2/share/colcon-core/packages/ndt_omp_ros2)
[1.644s] Level 1:colcon.colcon_core.environment:create_environment_scripts_only(ndt_omp_ros2)
[1.664s] Level 1:colcon.colcon_core.environment:checking '/home/hazem/ros2_ws/install/ndt_omp_ros2' for CMake module files
[1.665s] Level 1:colcon.colcon_core.environment:checking '/home/hazem/ros2_ws/install/ndt_omp_ros2' for CMake config files
[1.665s] Level 1:colcon.colcon_core.shell:create_environment_hook('ndt_omp_ros2', 'cmake_prefix_path')
[1.678s] INFO:colcon.colcon_core.shell:Creating environment hook '/home/hazem/ros2_ws/install/ndt_omp_ros2/share/ndt_omp_ros2/hook/cmake_prefix_path.ps1'
[1.678s] INFO:colcon.colcon_core.shell:Creating environment descriptor '/home/hazem/ros2_ws/install/ndt_omp_ros2/share/ndt_omp_ros2/hook/cmake_prefix_path.dsv'
[1.678s] INFO:colcon.colcon_core.shell:Creating environment hook '/home/hazem/ros2_ws/install/ndt_omp_ros2/share/ndt_omp_ros2/hook/cmake_prefix_path.sh'
[1.679s] Level 1:colcon.colcon_core.environment:checking '/home/hazem/ros2_ws/install/ndt_omp_ros2/lib'
[1.679s] Level 1:colcon.colcon_core.environment:checking '/home/hazem/ros2_ws/install/ndt_omp_ros2/bin'
[1.679s] Level 1:colcon.colcon_core.shell:create_environment_hook('ndt_omp_ros2', 'path')
[1.692s] INFO:colcon.colcon_core.shell:Creating environment hook '/home/hazem/ros2_ws/install/ndt_omp_ros2/share/ndt_omp_ros2/hook/path.ps1'
[1.692s] INFO:colcon.colcon_core.shell:Creating environment descriptor '/home/hazem/ros2_ws/install/ndt_omp_ros2/share/ndt_omp_ros2/hook/path.dsv'
[1.693s] INFO:colcon.colcon_core.shell:Creating environment hook '/home/hazem/ros2_ws/install/ndt_omp_ros2/share/ndt_omp_ros2/hook/path.sh'
[1.693s] Level 1:colcon.colcon_core.environment:checking '/home/hazem/ros2_ws/install/ndt_omp_ros2/lib/pkgconfig/ndt_omp_ros2.pc'
[1.693s] Level 1:colcon.colcon_core.environment:checking '/home/hazem/ros2_ws/install/ndt_omp_ros2/lib/python3.10/site-packages'
[1.693s] Level 1:colcon.colcon_core.environment:checking '/home/hazem/ros2_ws/install/ndt_omp_ros2/bin'
[1.693s] Level 1:colcon.colcon_core.shell:create_environment_hook('ndt_omp_ros2', 'pythonscriptspath')
[1.706s] INFO:colcon.colcon_core.shell:Creating environment hook '/home/hazem/ros2_ws/install/ndt_omp_ros2/share/ndt_omp_ros2/hook/pythonscriptspath.ps1'
[1.706s] INFO:colcon.colcon_core.shell:Creating environment descriptor '/home/hazem/ros2_ws/install/ndt_omp_ros2/share/ndt_omp_ros2/hook/pythonscriptspath.dsv'
[1.706s] INFO:colcon.colcon_core.shell:Creating environment hook '/home/hazem/ros2_ws/install/ndt_omp_ros2/share/ndt_omp_ros2/hook/pythonscriptspath.sh'
[1.719s] INFO:colcon.colcon_core.shell:Creating package script '/home/hazem/ros2_ws/install/ndt_omp_ros2/share/ndt_omp_ros2/package.ps1'
[1.720s] INFO:colcon.colcon_core.shell:Creating package descriptor '/home/hazem/ros2_ws/install/ndt_omp_ros2/share/ndt_omp_ros2/package.dsv'
[1.720s] INFO:colcon.colcon_core.shell:Creating package script '/home/hazem/ros2_ws/install/ndt_omp_ros2/share/ndt_omp_ros2/package.sh'
[1.720s] INFO:colcon.colcon_core.shell:Creating package script '/home/hazem/ros2_ws/install/ndt_omp_ros2/share/ndt_omp_ros2/package.bash'
[1.721s] INFO:colcon.colcon_core.shell:Creating package script '/home/hazem/ros2_ws/install/ndt_omp_ros2/share/ndt_omp_ros2/package.zsh'
[1.721s] Level 1:colcon.colcon_core.environment:create_file_with_runtime_dependencies(/home/hazem/ros2_ws/install/ndt_omp_ros2/share/colcon-core/packages/ndt_omp_ros2)
[1.723s] DEBUG:colcon.colcon_core.event_handler.log_command:Invoked command in '/home/hazem/ros2_ws/build/lidarslam_msgs' returned '0': CMAKE_PREFIX_PATH=${CMAKE_PREFIX_PATH}:/opt/ros/humble /usr/bin/cmake --build /home/hazem/ros2_ws/build/lidarslam_msgs -- -j12 -l12
[1.799s] DEBUG:colcon.colcon_core.event_handler.log_command:Invoking command in '/home/hazem/ros2_ws/build/lidarslam_msgs': CMAKE_PREFIX_PATH=${CMAKE_PREFIX_PATH}:/opt/ros/humble /usr/bin/cmake --install /home/hazem/ros2_ws/build/lidarslam_msgs
[1.878s] Level 1:colcon.colcon_core.environment:create_environment_scripts_only(lidarslam_msgs)
[1.879s] DEBUG:colcon.colcon_core.event_handler.log_command:Invoked command in '/home/hazem/ros2_ws/build/lidarslam_msgs' returned '0': CMAKE_PREFIX_PATH=${CMAKE_PREFIX_PATH}:/opt/ros/humble /usr/bin/cmake --install /home/hazem/ros2_ws/build/lidarslam_msgs
[1.892s] Level 1:colcon.colcon_core.environment:checking '/home/hazem/ros2_ws/install/lidarslam_msgs' for CMake module files
[1.892s] Level 1:colcon.colcon_core.environment:checking '/home/hazem/ros2_ws/install/lidarslam_msgs' for CMake config files
[1.893s] Level 1:colcon.colcon_core.shell:create_environment_hook('lidarslam_msgs', 'cmake_prefix_path')
[1.906s] INFO:colcon.colcon_core.shell:Creating environment hook '/home/hazem/ros2_ws/install/lidarslam_msgs/share/lidarslam_msgs/hook/cmake_prefix_path.ps1'
[1.906s] INFO:colcon.colcon_core.shell:Creating environment descriptor '/home/hazem/ros2_ws/install/lidarslam_msgs/share/lidarslam_msgs/hook/cmake_prefix_path.dsv'
[1.906s] INFO:colcon.colcon_core.shell:Creating environment hook '/home/hazem/ros2_ws/install/lidarslam_msgs/share/lidarslam_msgs/hook/cmake_prefix_path.sh'
[1.907s] Level 1:colcon.colcon_core.environment:checking '/home/hazem/ros2_ws/install/lidarslam_msgs/lib'
[1.907s] Level 1:colcon.colcon_core.shell:create_environment_hook('lidarslam_msgs', 'ld_library_path_lib')
[1.920s] INFO:colcon.colcon_core.shell:Creating environment hook '/home/hazem/ros2_ws/install/lidarslam_msgs/share/lidarslam_msgs/hook/ld_library_path_lib.ps1'
[1.920s] INFO:colcon.colcon_core.shell:Creating environment descriptor '/home/hazem/ros2_ws/install/lidarslam_msgs/share/lidarslam_msgs/hook/ld_library_path_lib.dsv'
[1.920s] INFO:colcon.colcon_core.shell:Creating environment hook '/home/hazem/ros2_ws/install/lidarslam_msgs/share/lidarslam_msgs/hook/ld_library_path_lib.sh'
[1.921s] Level 1:colcon.colcon_core.environment:checking '/home/hazem/ros2_ws/install/lidarslam_msgs/bin'
[1.921s] Level 1:colcon.colcon_core.environment:checking '/home/hazem/ros2_ws/install/lidarslam_msgs/lib/pkgconfig/lidarslam_msgs.pc'
[1.921s] Level 1:colcon.colcon_core.environment:checking '/home/hazem/ros2_ws/install/lidarslam_msgs/lib/python3.10/site-packages'
[1.921s] Level 1:colcon.colcon_core.environment:checking '/home/hazem/ros2_ws/install/lidarslam_msgs/bin'
[1.934s] INFO:colcon.colcon_core.shell:Creating package script '/home/hazem/ros2_ws/install/lidarslam_msgs/share/lidarslam_msgs/package.ps1'
[1.935s] INFO:colcon.colcon_core.shell:Creating package descriptor '/home/hazem/ros2_ws/install/lidarslam_msgs/share/lidarslam_msgs/package.dsv'
[1.935s] INFO:colcon.colcon_core.shell:Creating package script '/home/hazem/ros2_ws/install/lidarslam_msgs/share/lidarslam_msgs/package.sh'
[1.935s] INFO:colcon.colcon_core.shell:Creating package script '/home/hazem/ros2_ws/install/lidarslam_msgs/share/lidarslam_msgs/package.bash'
[1.935s] INFO:colcon.colcon_core.shell:Creating package script '/home/hazem/ros2_ws/install/lidarslam_msgs/share/lidarslam_msgs/package.zsh'
[1.936s] Level 1:colcon.colcon_core.environment:create_file_with_runtime_dependencies(/home/hazem/ros2_ws/install/lidarslam_msgs/share/colcon-core/packages/lidarslam_msgs)
[2.031s] Level 1:colcon.colcon_core.environment:create_environment_scripts_only(lidarslam_msgs)
[2.047s] Level 1:colcon.colcon_core.environment:checking '/home/hazem/ros2_ws/install/lidarslam_msgs' for CMake module files
[2.048s] Level 1:colcon.colcon_core.environment:checking '/home/hazem/ros2_ws/install/lidarslam_msgs' for CMake config files
[2.048s] Level 1:colcon.colcon_core.shell:create_environment_hook('lidarslam_msgs', 'cmake_prefix_path')
[2.061s] INFO:colcon.colcon_core.shell:Creating environment hook '/home/hazem/ros2_ws/install/lidarslam_msgs/share/lidarslam_msgs/hook/cmake_prefix_path.ps1'
[2.061s] INFO:colcon.colcon_core.shell:Creating environment descriptor '/home/hazem/ros2_ws/install/lidarslam_msgs/share/lidarslam_msgs/hook/cmake_prefix_path.dsv'
[2.061s] INFO:colcon.colcon_core.shell:Creating environment hook '/home/hazem/ros2_ws/install/lidarslam_msgs/share/lidarslam_msgs/hook/cmake_prefix_path.sh'
[2.062s] Level 1:colcon.colcon_core.environment:checking '/home/hazem/ros2_ws/install/lidarslam_msgs/lib'
[2.062s] Level 1:colcon.colcon_core.shell:create_environment_hook('lidarslam_msgs', 'ld_library_path_lib')
[2.074s] INFO:colcon.colcon_core.shell:Creating environment hook '/home/hazem/ros2_ws/install/lidarslam_msgs/share/lidarslam_msgs/hook/ld_library_path_lib.ps1'
[2.075s] INFO:colcon.colcon_core.shell:Creating environment descriptor '/home/hazem/ros2_ws/install/lidarslam_msgs/share/lidarslam_msgs/hook/ld_library_path_lib.dsv'
[2.075s] INFO:colcon.colcon_core.shell:Creating environment hook '/home/hazem/ros2_ws/install/lidarslam_msgs/share/lidarslam_msgs/hook/ld_library_path_lib.sh'
[2.075s] Level 1:colcon.colcon_core.environment:checking '/home/hazem/ros2_ws/install/lidarslam_msgs/bin'
[2.075s] Level 1:colcon.colcon_core.environment:checking '/home/hazem/ros2_ws/install/lidarslam_msgs/lib/pkgconfig/lidarslam_msgs.pc'
[2.075s] Level 1:colcon.colcon_core.environment:checking '/home/hazem/ros2_ws/install/lidarslam_msgs/lib/python3.10/site-packages'
[2.075s] Level 1:colcon.colcon_core.environment:checking '/home/hazem/ros2_ws/install/lidarslam_msgs/bin'
[2.088s] INFO:colcon.colcon_core.shell:Creating package script '/home/hazem/ros2_ws/install/lidarslam_msgs/share/lidarslam_msgs/package.ps1'
[2.088s] INFO:colcon.colcon_core.shell:Creating package descriptor '/home/hazem/ros2_ws/install/lidarslam_msgs/share/lidarslam_msgs/package.dsv'
[2.089s] INFO:colcon.colcon_core.shell:Creating package script '/home/hazem/ros2_ws/install/lidarslam_msgs/share/lidarslam_msgs/package.sh'
[2.089s] INFO:colcon.colcon_core.shell:Creating package script '/home/hazem/ros2_ws/install/lidarslam_msgs/share/lidarslam_msgs/package.bash'
[2.089s] INFO:colcon.colcon_core.shell:Creating package script '/home/hazem/ros2_ws/install/lidarslam_msgs/share/lidarslam_msgs/package.zsh'
[2.090s] Level 1:colcon.colcon_core.environment:create_file_with_runtime_dependencies(/home/hazem/ros2_ws/install/lidarslam_msgs/share/colcon-core/packages/lidarslam_msgs)
[2.090s] INFO:colcon.colcon_ros.task.ament_cmake.build:Building ROS package in '/home/hazem/ros2_ws/src/lidarslam_ros2/graph_based_slam' with build type 'ament_cmake'
[2.090s] INFO:colcon.colcon_cmake.task.cmake.build:Building CMake package in '/home/hazem/ros2_ws/src/lidarslam_ros2/graph_based_slam'
[2.105s] INFO:colcon.colcon_core.shell:Skip shell extension 'powershell' for command environment: Not usable outside of PowerShell
[2.105s] DEBUG:colcon.colcon_core.shell:Skip shell extension 'dsv' for command environment
[2.148s] INFO:colcon.colcon_ros.task.ament_cmake.build:Building ROS package in '/home/hazem/ros2_ws/src/lidarslam_ros2/scanmatcher' with build type 'ament_cmake'
[2.149s] INFO:colcon.colcon_cmake.task.cmake.build:Building CMake package in '/home/hazem/ros2_ws/src/lidarslam_ros2/scanmatcher'
[2.161s] INFO:colcon.colcon_core.shell:Skip shell extension 'powershell' for command environment: Not usable outside of PowerShell
[2.161s] DEBUG:colcon.colcon_core.shell:Skip shell extension 'dsv' for command environment
[2.205s] DEBUG:colcon.colcon_core.event_handler.log_command:Invoking command in '/home/hazem/ros2_ws/build/graph_based_slam': CMAKE_PREFIX_PATH=/home/hazem/ros2_ws/install/ndt_omp_ros2:/home/hazem/ros2_ws/install/lidarslam_msgs:/home/hazem/ros2_ws/install/lidarslam:/home/hazem/ros2_ws/install/scanmatcher:/home/hazem/ros2_ws/install/graph_based_slam:/opt/ros/humble LD_LIBRARY_PATH=/home/hazem/ros2_ws/install/lidarslam_msgs/lib:/home/hazem/ros2_ws/install/scanmatcher/lib:/home/hazem/ros2_ws/install/graph_based_slam/lib:/opt/ros/humble/opt/rviz_ogre_vendor/lib:/opt/ros/humble/lib/x86_64-linux-gnu:/opt/ros/humble/lib /usr/bin/cmake --build /home/hazem/ros2_ws/build/graph_based_slam -- -j12 -l12
[2.211s] DEBUG:colcon.colcon_core.event_handler.log_command:Invoking command in '/home/hazem/ros2_ws/build/scanmatcher': CMAKE_PREFIX_PATH=/home/hazem/ros2_ws/install/ndt_omp_ros2:/home/hazem/ros2_ws/install/lidarslam_msgs:/home/hazem/ros2_ws/install/lidarslam:/home/hazem/ros2_ws/install/scanmatcher:/home/hazem/ros2_ws/install/graph_based_slam:/opt/ros/humble LD_LIBRARY_PATH=/home/hazem/ros2_ws/install/lidarslam_msgs/lib:/home/hazem/ros2_ws/install/scanmatcher/lib:/home/hazem/ros2_ws/install/graph_based_slam/lib:/opt/ros/humble/opt/rviz_ogre_vendor/lib:/opt/ros/humble/lib/x86_64-linux-gnu:/opt/ros/humble/lib /usr/bin/cmake --build /home/hazem/ros2_ws/build/scanmatcher -- -j12 -l12
[2.341s] DEBUG:colcon.colcon_core.event_handler.log_command:Invoked command in '/home/hazem/ros2_ws/build/scanmatcher' returned '0': CMAKE_PREFIX_PATH=/home/hazem/ros2_ws/install/ndt_omp_ros2:/home/hazem/ros2_ws/install/lidarslam_msgs:/home/hazem/ros2_ws/install/lidarslam:/home/hazem/ros2_ws/install/scanmatcher:/home/hazem/ros2_ws/install/graph_based_slam:/opt/ros/humble LD_LIBRARY_PATH=/home/hazem/ros2_ws/install/lidarslam_msgs/lib:/home/hazem/ros2_ws/install/scanmatcher/lib:/home/hazem/ros2_ws/install/graph_based_slam/lib:/opt/ros/humble/opt/rviz_ogre_vendor/lib:/opt/ros/humble/lib/x86_64-linux-gnu:/opt/ros/humble/lib /usr/bin/cmake --build /home/hazem/ros2_ws/build/scanmatcher -- -j12 -l12
[2.353s] DEBUG:colcon.colcon_core.event_handler.log_command:Invoked command in '/home/hazem/ros2_ws/build/graph_based_slam' returned '0': CMAKE_PREFIX_PATH=/home/hazem/ros2_ws/install/ndt_omp_ros2:/home/hazem/ros2_ws/install/lidarslam_msgs:/home/hazem/ros2_ws/install/lidarslam:/home/hazem/ros2_ws/install/scanmatcher:/home/hazem/ros2_ws/install/graph_based_slam:/opt/ros/humble LD_LIBRARY_PATH=/home/hazem/ros2_ws/install/lidarslam_msgs/lib:/home/hazem/ros2_ws/install/scanmatcher/lib:/home/hazem/ros2_ws/install/graph_based_slam/lib:/opt/ros/humble/opt/rviz_ogre_vendor/lib:/opt/ros/humble/lib/x86_64-linux-gnu:/opt/ros/humble/lib /usr/bin/cmake --build /home/hazem/ros2_ws/build/graph_based_slam -- -j12 -l12
[2.371s] DEBUG:colcon.colcon_core.event_handler.log_command:Invoking command in '/home/hazem/ros2_ws/build/scanmatcher': CMAKE_PREFIX_PATH=/home/hazem/ros2_ws/install/ndt_omp_ros2:/home/hazem/ros2_ws/install/lidarslam_msgs:/home/hazem/ros2_ws/install/lidarslam:/home/hazem/ros2_ws/install/scanmatcher:/home/hazem/ros2_ws/install/graph_based_slam:/opt/ros/humble LD_LIBRARY_PATH=/home/hazem/ros2_ws/install/lidarslam_msgs/lib:/home/hazem/ros2_ws/install/scanmatcher/lib:/home/hazem/ros2_ws/install/graph_based_slam/lib:/opt/ros/humble/opt/rviz_ogre_vendor/lib:/opt/ros/humble/lib/x86_64-linux-gnu:/opt/ros/humble/lib /usr/bin/cmake --install /home/hazem/ros2_ws/build/scanmatcher
[2.381s] DEBUG:colcon.colcon_core.event_handler.log_command:Invoking command in '/home/hazem/ros2_ws/build/graph_based_slam': CMAKE_PREFIX_PATH=/home/hazem/ros2_ws/install/ndt_omp_ros2:/home/hazem/ros2_ws/install/lidarslam_msgs:/home/hazem/ros2_ws/install/lidarslam:/home/hazem/ros2_ws/install/scanmatcher:/home/hazem/ros2_ws/install/graph_based_slam:/opt/ros/humble LD_LIBRARY_PATH=/home/hazem/ros2_ws/install/lidarslam_msgs/lib:/home/hazem/ros2_ws/install/scanmatcher/lib:/home/hazem/ros2_ws/install/graph_based_slam/lib:/opt/ros/humble/opt/rviz_ogre_vendor/lib:/opt/ros/humble/lib/x86_64-linux-gnu:/opt/ros/humble/lib /usr/bin/cmake --install /home/hazem/ros2_ws/build/graph_based_slam
[2.395s] Level 1:colcon.colcon_core.environment:create_environment_scripts_only(scanmatcher)
[2.396s] DEBUG:colcon.colcon_core.event_handler.log_command:Invoked command in '/home/hazem/ros2_ws/build/scanmatcher' returned '0': CMAKE_PREFIX_PATH=/home/hazem/ros2_ws/install/ndt_omp_ros2:/home/hazem/ros2_ws/install/lidarslam_msgs:/home/hazem/ros2_ws/install/lidarslam:/home/hazem/ros2_ws/install/scanmatcher:/home/hazem/ros2_ws/install/graph_based_slam:/opt/ros/humble LD_LIBRARY_PATH=/home/hazem/ros2_ws/install/lidarslam_msgs/lib:/home/hazem/ros2_ws/install/scanmatcher/lib:/home/hazem/ros2_ws/install/graph_based_slam/lib:/opt/ros/humble/opt/rviz_ogre_vendor/lib:/opt/ros/humble/lib/x86_64-linux-gnu:/opt/ros/humble/lib /usr/bin/cmake --install /home/hazem/ros2_ws/build/scanmatcher
[2.414s] Level 1:colcon.colcon_core.environment:checking '/home/hazem/ros2_ws/install/scanmatcher' for CMake module files
[2.415s] Level 1:colcon.colcon_core.environment:checking '/home/hazem/ros2_ws/install/scanmatcher' for CMake config files
[2.415s] Level 1:colcon.colcon_core.shell:create_environment_hook('scanmatcher', 'cmake_prefix_path')
[2.428s] INFO:colcon.colcon_core.shell:Creating environment hook '/home/hazem/ros2_ws/install/scanmatcher/share/scanmatcher/hook/cmake_prefix_path.ps1'
[2.428s] INFO:colcon.colcon_core.shell:Creating environment descriptor '/home/hazem/ros2_ws/install/scanmatcher/share/scanmatcher/hook/cmake_prefix_path.dsv'
[2.428s] INFO:colcon.colcon_core.shell:Creating environment hook '/home/hazem/ros2_ws/install/scanmatcher/share/scanmatcher/hook/cmake_prefix_path.sh'
[2.429s] Level 1:colcon.colcon_core.environment:checking '/home/hazem/ros2_ws/install/scanmatcher/lib'
[2.429s] Level 1:colcon.colcon_core.shell:create_environment_hook('scanmatcher', 'ld_library_path_lib')
[2.441s] INFO:colcon.colcon_core.shell:Creating environment hook '/home/hazem/ros2_ws/install/scanmatcher/share/scanmatcher/hook/ld_library_path_lib.ps1'
[2.442s] INFO:colcon.colcon_core.shell:Creating environment descriptor '/home/hazem/ros2_ws/install/scanmatcher/share/scanmatcher/hook/ld_library_path_lib.dsv'
[2.442s] INFO:colcon.colcon_core.shell:Creating environment hook '/home/hazem/ros2_ws/install/scanmatcher/share/scanmatcher/hook/ld_library_path_lib.sh'
[2.442s] Level 1:colcon.colcon_core.environment:checking '/home/hazem/ros2_ws/install/scanmatcher/bin'
[2.442s] Level 1:colcon.colcon_core.environment:checking '/home/hazem/ros2_ws/install/scanmatcher/lib/pkgconfig/scanmatcher.pc'
[2.442s] Level 1:colcon.colcon_core.environment:checking '/home/hazem/ros2_ws/install/scanmatcher/lib/python3.10/site-packages'
[2.443s] Level 1:colcon.colcon_core.environment:checking '/home/hazem/ros2_ws/install/scanmatcher/bin'
[2.456s] INFO:colcon.colcon_core.shell:Creating package script '/home/hazem/ros2_ws/install/scanmatcher/share/scanmatcher/package.ps1'
[2.456s] INFO:colcon.colcon_core.shell:Creating package descriptor '/home/hazem/ros2_ws/install/scanmatcher/share/scanmatcher/package.dsv'
[2.456s] INFO:colcon.colcon_core.shell:Creating package script '/home/hazem/ros2_ws/install/scanmatcher/share/scanmatcher/package.sh'
[2.457s] INFO:colcon.colcon_core.shell:Creating package script '/home/hazem/ros2_ws/install/scanmatcher/share/scanmatcher/package.bash'
[2.457s] INFO:colcon.colcon_core.shell:Creating package script '/home/hazem/ros2_ws/install/scanmatcher/share/scanmatcher/package.zsh'
[2.457s] Level 1:colcon.colcon_core.environment:create_file_with_runtime_dependencies(/home/hazem/ros2_ws/install/scanmatcher/share/colcon-core/packages/scanmatcher)
[2.459s] Level 1:colcon.colcon_core.environment:create_environment_scripts_only(graph_based_slam)
[2.459s] DEBUG:colcon.colcon_core.event_handler.log_command:Invoked command in '/home/hazem/ros2_ws/build/graph_based_slam' returned '0': CMAKE_PREFIX_PATH=/home/hazem/ros2_ws/install/ndt_omp_ros2:/home/hazem/ros2_ws/install/lidarslam_msgs:/home/hazem/ros2_ws/install/lidarslam:/home/hazem/ros2_ws/install/scanmatcher:/home/hazem/ros2_ws/install/graph_based_slam:/opt/ros/humble LD_LIBRARY_PATH=/home/hazem/ros2_ws/install/lidarslam_msgs/lib:/home/hazem/ros2_ws/install/scanmatcher/lib:/home/hazem/ros2_ws/install/graph_based_slam/lib:/opt/ros/humble/opt/rviz_ogre_vendor/lib:/opt/ros/humble/lib/x86_64-linux-gnu:/opt/ros/humble/lib /usr/bin/cmake --install /home/hazem/ros2_ws/build/graph_based_slam
[2.475s] Level 1:colcon.colcon_core.environment:checking '/home/hazem/ros2_ws/install/graph_based_slam' for CMake module files
[2.476s] Level 1:colcon.colcon_core.environment:checking '/home/hazem/ros2_ws/install/graph_based_slam' for CMake config files
[2.476s] Level 1:colcon.colcon_core.shell:create_environment_hook('graph_based_slam', 'cmake_prefix_path')
[2.490s] INFO:colcon.colcon_core.shell:Creating environment hook '/home/hazem/ros2_ws/install/graph_based_slam/share/graph_based_slam/hook/cmake_prefix_path.ps1'
[2.490s] INFO:colcon.colcon_core.shell:Creating environment descriptor '/home/hazem/ros2_ws/install/graph_based_slam/share/graph_based_slam/hook/cmake_prefix_path.dsv'
[2.490s] INFO:colcon.colcon_core.shell:Creating environment hook '/home/hazem/ros2_ws/install/graph_based_slam/share/graph_based_slam/hook/cmake_prefix_path.sh'
[2.491s] Level 1:colcon.colcon_core.environment:checking '/home/hazem/ros2_ws/install/graph_based_slam/lib'
[2.491s] Level 1:colcon.colcon_core.shell:create_environment_hook('graph_based_slam', 'ld_library_path_lib')
[2.503s] INFO:colcon.colcon_core.shell:Creating environment hook '/home/hazem/ros2_ws/install/graph_based_slam/share/graph_based_slam/hook/ld_library_path_lib.ps1'
[2.504s] INFO:colcon.colcon_core.shell:Creating environment descriptor '/home/hazem/ros2_ws/install/graph_based_slam/share/graph_based_slam/hook/ld_library_path_lib.dsv'
[2.504s] INFO:colcon.colcon_core.shell:Creating environment hook '/home/hazem/ros2_ws/install/graph_based_slam/share/graph_based_slam/hook/ld_library_path_lib.sh'
[2.504s] Level 1:colcon.colcon_core.environment:checking '/home/hazem/ros2_ws/install/graph_based_slam/bin'
[2.504s] Level 1:colcon.colcon_core.environment:checking '/home/hazem/ros2_ws/install/graph_based_slam/lib/pkgconfig/graph_based_slam.pc'
[2.504s] Level 1:colcon.colcon_core.environment:checking '/home/hazem/ros2_ws/install/graph_based_slam/lib/python3.10/site-packages'
[2.505s] Level 1:colcon.colcon_core.environment:checking '/home/hazem/ros2_ws/install/graph_based_slam/bin'
[2.518s] INFO:colcon.colcon_core.shell:Creating package script '/home/hazem/ros2_ws/install/graph_based_slam/share/graph_based_slam/package.ps1'
[2.518s] INFO:colcon.colcon_core.shell:Creating package descriptor '/home/hazem/ros2_ws/install/graph_based_slam/share/graph_based_slam/package.dsv'
[2.518s] INFO:colcon.colcon_core.shell:Creating package script '/home/hazem/ros2_ws/install/graph_based_slam/share/graph_based_slam/package.sh'
[2.519s] INFO:colcon.colcon_core.shell:Creating package script '/home/hazem/ros2_ws/install/graph_based_slam/share/graph_based_slam/package.bash'
[2.519s] INFO:colcon.colcon_core.shell:Creating package script '/home/hazem/ros2_ws/install/graph_based_slam/share/graph_based_slam/package.zsh'
[2.519s] Level 1:colcon.colcon_core.environment:create_file_with_runtime_dependencies(/home/hazem/ros2_ws/install/graph_based_slam/share/colcon-core/packages/graph_based_slam)
[2.533s] Level 1:colcon.colcon_core.environment:create_environment_scripts_only(scanmatcher)
[2.546s] Level 1:colcon.colcon_core.environment:checking '/home/hazem/ros2_ws/install/scanmatcher' for CMake module files
[2.547s] Level 1:colcon.colcon_core.environment:checking '/home/hazem/ros2_ws/install/scanmatcher' for CMake config files
[2.547s] Level 1:colcon.colcon_core.shell:create_environment_hook('scanmatcher', 'cmake_prefix_path')
[2.560s] INFO:colcon.colcon_core.shell:Creating environment hook '/home/hazem/ros2_ws/install/scanmatcher/share/scanmatcher/hook/cmake_prefix_path.ps1'
[2.560s] INFO:colcon.colcon_core.shell:Creating environment descriptor '/home/hazem/ros2_ws/install/scanmatcher/share/scanmatcher/hook/cmake_prefix_path.dsv'
[2.560s] INFO:colcon.colcon_core.shell:Creating environment hook '/home/hazem/ros2_ws/install/scanmatcher/share/scanmatcher/hook/cmake_prefix_path.sh'
[2.561s] Level 1:colcon.colcon_core.environment:checking '/home/hazem/ros2_ws/install/scanmatcher/lib'
[2.561s] Level 1:colcon.colcon_core.shell:create_environment_hook('scanmatcher', 'ld_library_path_lib')
[2.573s] INFO:colcon.colcon_core.shell:Creating environment hook '/home/hazem/ros2_ws/install/scanmatcher/share/scanmatcher/hook/ld_library_path_lib.ps1'
[2.574s] INFO:colcon.colcon_core.shell:Creating environment descriptor '/home/hazem/ros2_ws/install/scanmatcher/share/scanmatcher/hook/ld_library_path_lib.dsv'
[2.574s] INFO:colcon.colcon_core.shell:Creating environment hook '/home/hazem/ros2_ws/install/scanmatcher/share/scanmatcher/hook/ld_library_path_lib.sh'
[2.574s] Level 1:colcon.colcon_core.environment:checking '/home/hazem/ros2_ws/install/scanmatcher/bin'
[2.574s] Level 1:colcon.colcon_core.environment:checking '/home/hazem/ros2_ws/install/scanmatcher/lib/pkgconfig/scanmatcher.pc'
[2.574s] Level 1:colcon.colcon_core.environment:checking '/home/hazem/ros2_ws/install/scanmatcher/lib/python3.10/site-packages'
[2.575s] Level 1:colcon.colcon_core.environment:checking '/home/hazem/ros2_ws/install/scanmatcher/bin'
[2.587s] INFO:colcon.colcon_core.shell:Creating package script '/home/hazem/ros2_ws/install/scanmatcher/share/scanmatcher/package.ps1'
[2.588s] INFO:colcon.colcon_core.shell:Creating package descriptor '/home/hazem/ros2_ws/install/scanmatcher/share/scanmatcher/package.dsv'
[2.588s] INFO:colcon.colcon_core.shell:Creating package script '/home/hazem/ros2_ws/install/scanmatcher/share/scanmatcher/package.sh'
[2.588s] INFO:colcon.colcon_core.shell:Creating package script '/home/hazem/ros2_ws/install/scanmatcher/share/scanmatcher/package.bash'
[2.589s] INFO:colcon.colcon_core.shell:Creating package script '/home/hazem/ros2_ws/install/scanmatcher/share/scanmatcher/package.zsh'
[2.589s] Level 1:colcon.colcon_core.environment:create_file_with_runtime_dependencies(/home/hazem/ros2_ws/install/scanmatcher/share/colcon-core/packages/scanmatcher)
[2.602s] Level 1:colcon.colcon_core.environment:create_environment_scripts_only(graph_based_slam)
[2.614s] Level 1:colcon.colcon_core.environment:checking '/home/hazem/ros2_ws/install/graph_based_slam' for CMake module files
[2.615s] Level 1:colcon.colcon_core.environment:checking '/home/hazem/ros2_ws/install/graph_based_slam' for CMake config files
[2.615s] Level 1:colcon.colcon_core.shell:create_environment_hook('graph_based_slam', 'cmake_prefix_path')
[2.628s] INFO:colcon.colcon_core.shell:Creating environment hook '/home/hazem/ros2_ws/install/graph_based_slam/share/graph_based_slam/hook/cmake_prefix_path.ps1'
[2.628s] INFO:colcon.colcon_core.shell:Creating environment descriptor '/home/hazem/ros2_ws/install/graph_based_slam/share/graph_based_slam/hook/cmake_prefix_path.dsv'
[2.628s] INFO:colcon.colcon_core.shell:Creating environment hook '/home/hazem/ros2_ws/install/graph_based_slam/share/graph_based_slam/hook/cmake_prefix_path.sh'
[2.629s] Level 1:colcon.colcon_core.environment:checking '/home/hazem/ros2_ws/install/graph_based_slam/lib'
[2.629s] Level 1:colcon.colcon_core.shell:create_environment_hook('graph_based_slam', 'ld_library_path_lib')
[2.643s] INFO:colcon.colcon_core.shell:Creating environment hook '/home/hazem/ros2_ws/install/graph_based_slam/share/graph_based_slam/hook/ld_library_path_lib.ps1'
[2.644s] INFO:colcon.colcon_core.shell:Creating environment descriptor '/home/hazem/ros2_ws/install/graph_based_slam/share/graph_based_slam/hook/ld_library_path_lib.dsv'
[2.644s] INFO:colcon.colcon_core.shell:Creating environment hook '/home/hazem/ros2_ws/install/graph_based_slam/share/graph_based_slam/hook/ld_library_path_lib.sh'
[2.644s] Level 1:colcon.colcon_core.environment:checking '/home/hazem/ros2_ws/install/graph_based_slam/bin'
[2.644s] Level 1:colcon.colcon_core.environment:checking '/home/hazem/ros2_ws/install/graph_based_slam/lib/pkgconfig/graph_based_slam.pc'
[2.644s] Level 1:colcon.colcon_core.environment:checking '/home/hazem/ros2_ws/install/graph_based_slam/lib/python3.10/site-packages'
[2.645s] Level 1:colcon.colcon_core.environment:checking '/home/hazem/ros2_ws/install/graph_based_slam/bin'
[2.658s] INFO:colcon.colcon_core.shell:Creating package script '/home/hazem/ros2_ws/install/graph_based_slam/share/graph_based_slam/package.ps1'
[2.659s] INFO:colcon.colcon_core.shell:Creating package descriptor '/home/hazem/ros2_ws/install/graph_based_slam/share/graph_based_slam/package.dsv'
[2.659s] INFO:colcon.colcon_core.shell:Creating package script '/home/hazem/ros2_ws/install/graph_based_slam/share/graph_based_slam/package.sh'
[2.659s] INFO:colcon.colcon_core.shell:Creating package script '/home/hazem/ros2_ws/install/graph_based_slam/share/graph_based_slam/package.bash'
[2.660s] INFO:colcon.colcon_core.shell:Creating package script '/home/hazem/ros2_ws/install/graph_based_slam/share/graph_based_slam/package.zsh'
[2.660s] Level 1:colcon.colcon_core.environment:create_file_with_runtime_dependencies(/home/hazem/ros2_ws/install/graph_based_slam/share/colcon-core/packages/graph_based_slam)
[2.660s] INFO:colcon.colcon_ros.task.ament_cmake.build:Building ROS package in '/home/hazem/ros2_ws/src/lidarslam_ros2/lidarslam' with build type 'ament_cmake'
[2.660s] INFO:colcon.colcon_cmake.task.cmake.build:Building CMake package in '/home/hazem/ros2_ws/src/lidarslam_ros2/lidarslam'
[2.673s] INFO:colcon.colcon_core.shell:Skip shell extension 'powershell' for command environment: Not usable outside of PowerShell
[2.673s] DEBUG:colcon.colcon_core.shell:Skip shell extension 'dsv' for command environment
[2.726s] DEBUG:colcon.colcon_core.event_handler.log_command:Invoking command in '/home/hazem/ros2_ws/build/lidarslam': CMAKE_PREFIX_PATH=/home/hazem/ros2_ws/install/scanmatcher:/home/hazem/ros2_ws/install/graph_based_slam:/home/hazem/ros2_ws/install/ndt_omp_ros2:/home/hazem/ros2_ws/install/lidarslam_msgs:/home/hazem/ros2_ws/install/lidarslam:/opt/ros/humble /usr/bin/cmake --build /home/hazem/ros2_ws/build/lidarslam -- -j12 -l12
[2.813s] DEBUG:colcon.colcon_core.event_handler.log_command:Invoked command in '/home/hazem/ros2_ws/build/lidarslam' returned '0': CMAKE_PREFIX_PATH=/home/hazem/ros2_ws/install/scanmatcher:/home/hazem/ros2_ws/install/graph_based_slam:/home/hazem/ros2_ws/install/ndt_omp_ros2:/home/hazem/ros2_ws/install/lidarslam_msgs:/home/hazem/ros2_ws/install/lidarslam:/opt/ros/humble /usr/bin/cmake --build /home/hazem/ros2_ws/build/lidarslam -- -j12 -l12
[2.839s] DEBUG:colcon.colcon_core.event_handler.log_command:Invoking command in '/home/hazem/ros2_ws/build/lidarslam': CMAKE_PREFIX_PATH=/home/hazem/ros2_ws/install/scanmatcher:/home/hazem/ros2_ws/install/graph_based_slam:/home/hazem/ros2_ws/install/ndt_omp_ros2:/home/hazem/ros2_ws/install/lidarslam_msgs:/home/hazem/ros2_ws/install/lidarslam:/opt/ros/humble /usr/bin/cmake --install /home/hazem/ros2_ws/build/lidarslam
[2.860s] Level 1:colcon.colcon_core.environment:create_environment_scripts_only(lidarslam)
[2.860s] DEBUG:colcon.colcon_core.event_handler.log_command:Invoked command in '/home/hazem/ros2_ws/build/lidarslam' returned '0': CMAKE_PREFIX_PATH=/home/hazem/ros2_ws/install/scanmatcher:/home/hazem/ros2_ws/install/graph_based_slam:/home/hazem/ros2_ws/install/ndt_omp_ros2:/home/hazem/ros2_ws/install/lidarslam_msgs:/home/hazem/ros2_ws/install/lidarslam:/opt/ros/humble /usr/bin/cmake --install /home/hazem/ros2_ws/build/lidarslam
[2.874s] Level 1:colcon.colcon_core.environment:checking '/home/hazem/ros2_ws/install/lidarslam' for CMake module files
[2.875s] Level 1:colcon.colcon_core.environment:checking '/home/hazem/ros2_ws/install/lidarslam' for CMake config files
[2.875s] Level 1:colcon.colcon_core.shell:create_environment_hook('lidarslam', 'cmake_prefix_path')
[2.887s] INFO:colcon.colcon_core.shell:Creating environment hook '/home/hazem/ros2_ws/install/lidarslam/share/lidarslam/hook/cmake_prefix_path.ps1'
[2.888s] INFO:colcon.colcon_core.shell:Creating environment descriptor '/home/hazem/ros2_ws/install/lidarslam/share/lidarslam/hook/cmake_prefix_path.dsv'
[2.888s] INFO:colcon.colcon_core.shell:Creating environment hook '/home/hazem/ros2_ws/install/lidarslam/share/lidarslam/hook/cmake_prefix_path.sh'
[2.888s] Level 1:colcon.colcon_core.environment:checking '/home/hazem/ros2_ws/install/lidarslam/lib'
[2.889s] Level 1:colcon.colcon_core.environment:checking '/home/hazem/ros2_ws/install/lidarslam/bin'
[2.889s] Level 1:colcon.colcon_core.environment:checking '/home/hazem/ros2_ws/install/lidarslam/lib/pkgconfig/lidarslam.pc'
[2.889s] Level 1:colcon.colcon_core.environment:checking '/home/hazem/ros2_ws/install/lidarslam/lib/python3.10/site-packages'
[2.889s] Level 1:colcon.colcon_core.environment:checking '/home/hazem/ros2_ws/install/lidarslam/bin'
[2.901s] INFO:colcon.colcon_core.shell:Creating package script '/home/hazem/ros2_ws/install/lidarslam/share/lidarslam/package.ps1'
[2.901s] INFO:colcon.colcon_core.shell:Creating package descriptor '/home/hazem/ros2_ws/install/lidarslam/share/lidarslam/package.dsv'
[2.902s] INFO:colcon.colcon_core.shell:Creating package script '/home/hazem/ros2_ws/install/lidarslam/share/lidarslam/package.sh'
[2.902s] INFO:colcon.colcon_core.shell:Creating package script '/home/hazem/ros2_ws/install/lidarslam/share/lidarslam/package.bash'
[2.902s] INFO:colcon.colcon_core.shell:Creating package script '/home/hazem/ros2_ws/install/lidarslam/share/lidarslam/package.zsh'
[2.902s] Level 1:colcon.colcon_core.environment:create_file_with_runtime_dependencies(/home/hazem/ros2_ws/install/lidarslam/share/colcon-core/packages/lidarslam)
[2.939s] Level 1:colcon.colcon_core.environment:create_environment_scripts_only(lidarslam)
[2.952s] Level 1:colcon.colcon_core.environment:checking '/home/hazem/ros2_ws/install/lidarslam' for CMake module files
[2.952s] Level 1:colcon.colcon_core.environment:checking '/home/hazem/ros2_ws/install/lidarslam' for CMake config files
[2.952s] Level 1:colcon.colcon_core.shell:create_environment_hook('lidarslam', 'cmake_prefix_path')
[2.965s] INFO:colcon.colcon_core.shell:Creating environment hook '/home/hazem/ros2_ws/install/lidarslam/share/lidarslam/hook/cmake_prefix_path.ps1'
[2.965s] INFO:colcon.colcon_core.shell:Creating environment descriptor '/home/hazem/ros2_ws/install/lidarslam/share/lidarslam/hook/cmake_prefix_path.dsv'
[2.965s] INFO:colcon.colcon_core.shell:Creating environment hook '/home/hazem/ros2_ws/install/lidarslam/share/lidarslam/hook/cmake_prefix_path.sh'
[2.966s] Level 1:colcon.colcon_core.environment:checking '/home/hazem/ros2_ws/install/lidarslam/lib'
[2.966s] Level 1:colcon.colcon_core.environment:checking '/home/hazem/ros2_ws/install/lidarslam/bin'
[2.966s] Level 1:colcon.colcon_core.environment:checking '/home/hazem/ros2_ws/install/lidarslam/lib/pkgconfig/lidarslam.pc'
[2.966s] Level 1:colcon.colcon_core.environment:checking '/home/hazem/ros2_ws/install/lidarslam/lib/python3.10/site-packages'
[2.966s] Level 1:colcon.colcon_core.environment:checking '/home/hazem/ros2_ws/install/lidarslam/bin'
[2.979s] INFO:colcon.colcon_core.shell:Creating package script '/home/hazem/ros2_ws/install/lidarslam/share/lidarslam/package.ps1'
[2.979s] INFO:colcon.colcon_core.shell:Creating package descriptor '/home/hazem/ros2_ws/install/lidarslam/share/lidarslam/package.dsv'
[2.979s] INFO:colcon.colcon_core.shell:Creating package script '/home/hazem/ros2_ws/install/lidarslam/share/lidarslam/package.sh'
[2.980s] INFO:colcon.colcon_core.shell:Creating package script '/home/hazem/ros2_ws/install/lidarslam/share/lidarslam/package.bash'
[2.980s] INFO:colcon.colcon_core.shell:Creating package script '/home/hazem/ros2_ws/install/lidarslam/share/lidarslam/package.zsh'
[2.980s] Level 1:colcon.colcon_core.environment:create_file_with_runtime_dependencies(/home/hazem/ros2_ws/install/lidarslam/share/colcon-core/packages/lidarslam)
[2.980s] DEBUG:colcon.colcon_parallel_executor.executor.parallel:closing loop
[2.981s] DEBUG:colcon.colcon_parallel_executor.executor.parallel:loop closed
[2.981s] DEBUG:colcon.colcon_parallel_executor.executor.parallel:run_until_complete finished with '0'
[2.981s] DEBUG:colcon.colcon_core.event_reactor:joining thread
[2.998s] INFO:colcon.colcon_core.plugin_system:Skipping extension 'colcon_notification.desktop_notification.terminal_notifier': Not used on non-Darwin systems
[2.998s] INFO:colcon.colcon_core.plugin_system:Skipping extension 'colcon_notification.desktop_notification.win32': Not used on non-Windows systems
[2.999s] INFO:colcon.colcon_notification.desktop_notification:Sending desktop notification using 'notify2'
[3.011s] DEBUG:colcon.colcon_core.event_reactor:joined thread
[3.024s] INFO:colcon.colcon_core.shell:Creating prefix script '/home/hazem/ros2_ws/install/local_setup.ps1'
[3.025s] INFO:colcon.colcon_core.shell:Creating prefix util module '/home/hazem/ros2_ws/install/_local_setup_util_ps1.py'
[3.026s] INFO:colcon.colcon_core.shell:Creating prefix chain script '/home/hazem/ros2_ws/install/setup.ps1'
[3.039s] INFO:colcon.colcon_core.shell:Creating prefix script '/home/hazem/ros2_ws/install/local_setup.sh'
[3.039s] INFO:colcon.colcon_core.shell:Creating prefix util module '/home/hazem/ros2_ws/install/_local_setup_util_sh.py'
[3.040s] INFO:colcon.colcon_core.shell:Creating prefix chain script '/home/hazem/ros2_ws/install/setup.sh'
[3.053s] INFO:colcon.colcon_core.shell:Creating prefix script '/home/hazem/ros2_ws/install/local_setup.bash'
[3.053s] INFO:colcon.colcon_core.shell:Creating prefix chain script '/home/hazem/ros2_ws/install/setup.bash'
[3.067s] INFO:colcon.colcon_core.shell:Creating prefix script '/home/hazem/ros2_ws/install/local_setup.zsh'
[3.067s] INFO:colcon.colcon_core.shell:Creating prefix chain script '/home/hazem/ros2_ws/install/setup.zsh'
