running egg_info
creating ../../build/mrpython_pcl/mrpython_pcl.egg-info
writing ../../build/mrpython_pcl/mrpython_pcl.egg-info/PKG-INFO
writing dependency_links to ../../build/mrpython_pcl/mrpython_pcl.egg-info/dependency_links.txt
writing entry points to ../../build/mrpython_pcl/mrpython_pcl.egg-info/entry_points.txt
writing requirements to ../../build/mrpython_pcl/mrpython_pcl.egg-info/requires.txt
writing top-level names to ../../build/mrpython_pcl/mrpython_pcl.egg-info/top_level.txt
writing manifest file '../../build/mrpython_pcl/mrpython_pcl.egg-info/SOURCES.txt'
reading manifest file '../../build/mrpython_pcl/mrpython_pcl.egg-info/SOURCES.txt'
writing manifest file '../../build/mrpython_pcl/mrpython_pcl.egg-info/SOURCES.txt'
running build
running build_py
creating /media/ezzedinayman/Local Disk/FS-System/fs-system/build/mrpython_pcl/build
creating /media/ezzedinayman/Local Disk/FS-System/fs-system/build/mrpython_pcl/build/lib
creating /media/ezzedinayman/Local Disk/FS-System/fs-system/build/mrpython_pcl/build/lib/mrpython_pcl
copying mrpython_pcl/lidar.py -> /media/ezzedinayman/Local Disk/FS-System/fs-system/build/mrpython_pcl/build/lib/mrpython_pcl
copying mrpython_pcl/LidarRosWrapper.py -> /media/ezzedinayman/Local Disk/FS-System/fs-system/build/mrpython_pcl/build/lib/mrpython_pcl
copying mrpython_pcl/Serializers.py -> /media/ezzedinayman/Local Disk/FS-System/fs-system/build/mrpython_pcl/build/lib/mrpython_pcl
copying mrpython_pcl/__init__.py -> /media/ezzedinayman/Local Disk/FS-System/fs-system/build/mrpython_pcl/build/lib/mrpython_pcl
creating /media/ezzedinayman/Local Disk/FS-System/fs-system/build/mrpython_pcl/build/lib/mrpython_pcl/LidarPipeline
copying mrpython_pcl/LidarPipeline/helpers.py -> /media/ezzedinayman/Local Disk/FS-System/fs-system/build/mrpython_pcl/build/lib/mrpython_pcl/LidarPipeline
copying mrpython_pcl/LidarPipeline/LidarPipeline.py -> /media/ezzedinayman/Local Disk/FS-System/fs-system/build/mrpython_pcl/build/lib/mrpython_pcl/LidarPipeline
copying mrpython_pcl/LidarPipeline/__init__.py -> /media/ezzedinayman/Local Disk/FS-System/fs-system/build/mrpython_pcl/build/lib/mrpython_pcl/LidarPipeline
creating /media/ezzedinayman/Local Disk/FS-System/fs-system/build/mrpython_pcl/build/lib/mrpython_pcl/LidarPipeline/Clusterer
copying mrpython_pcl/LidarPipeline/Clusterer/AbstractClusterer.py -> /media/ezzedinayman/Local Disk/FS-System/fs-system/build/mrpython_pcl/build/lib/mrpython_pcl/LidarPipeline/Clusterer
copying mrpython_pcl/LidarPipeline/Clusterer/MeanClusterer.py -> /media/ezzedinayman/Local Disk/FS-System/fs-system/build/mrpython_pcl/build/lib/mrpython_pcl/LidarPipeline/Clusterer
copying mrpython_pcl/LidarPipeline/Clusterer/__init__.py -> /media/ezzedinayman/Local Disk/FS-System/fs-system/build/mrpython_pcl/build/lib/mrpython_pcl/LidarPipeline/Clusterer
creating /media/ezzedinayman/Local Disk/FS-System/fs-system/build/mrpython_pcl/build/lib/mrpython_pcl/LidarPipeline/ConeClassifier
copying mrpython_pcl/LidarPipeline/ConeClassifier/ConeClassifier.py -> /media/ezzedinayman/Local Disk/FS-System/fs-system/build/mrpython_pcl/build/lib/mrpython_pcl/LidarPipeline/ConeClassifier
copying mrpython_pcl/LidarPipeline/ConeClassifier/__init__.py -> /media/ezzedinayman/Local Disk/FS-System/fs-system/build/mrpython_pcl/build/lib/mrpython_pcl/LidarPipeline/ConeClassifier
creating /media/ezzedinayman/Local Disk/FS-System/fs-system/build/mrpython_pcl/build/lib/mrpython_pcl/LidarPipeline/Filter
copying mrpython_pcl/LidarPipeline/Filter/Filter.py -> /media/ezzedinayman/Local Disk/FS-System/fs-system/build/mrpython_pcl/build/lib/mrpython_pcl/LidarPipeline/Filter
copying mrpython_pcl/LidarPipeline/Filter/__init__.py -> /media/ezzedinayman/Local Disk/FS-System/fs-system/build/mrpython_pcl/build/lib/mrpython_pcl/LidarPipeline/Filter
creating /media/ezzedinayman/Local Disk/FS-System/fs-system/build/mrpython_pcl/build/lib/mrpython_pcl/LidarPipeline/GroundRemoval
copying mrpython_pcl/LidarPipeline/GroundRemoval/AdaptiveGroundRemoval.py -> /media/ezzedinayman/Local Disk/FS-System/fs-system/build/mrpython_pcl/build/lib/mrpython_pcl/LidarPipeline/GroundRemoval
copying mrpython_pcl/LidarPipeline/GroundRemoval/GroundRemovalMethod.py -> /media/ezzedinayman/Local Disk/FS-System/fs-system/build/mrpython_pcl/build/lib/mrpython_pcl/LidarPipeline/GroundRemoval
copying mrpython_pcl/LidarPipeline/GroundRemoval/RansacGroundRemoval.py -> /media/ezzedinayman/Local Disk/FS-System/fs-system/build/mrpython_pcl/build/lib/mrpython_pcl/LidarPipeline/GroundRemoval
copying mrpython_pcl/LidarPipeline/GroundRemoval/SimpleGroundRemoval.py -> /media/ezzedinayman/Local Disk/FS-System/fs-system/build/mrpython_pcl/build/lib/mrpython_pcl/LidarPipeline/GroundRemoval
copying mrpython_pcl/LidarPipeline/GroundRemoval/__init__.py -> /media/ezzedinayman/Local Disk/FS-System/fs-system/build/mrpython_pcl/build/lib/mrpython_pcl/LidarPipeline/GroundRemoval
running install
running install_lib
creating /media/ezzedinayman/Local Disk/FS-System/fs-system/install/mrpython_pcl/lib/python3.10/site-packages/mrpython_pcl
copying /media/ezzedinayman/Local Disk/FS-System/fs-system/build/mrpython_pcl/build/lib/mrpython_pcl/lidar.py -> /media/ezzedinayman/Local Disk/FS-System/fs-system/install/mrpython_pcl/lib/python3.10/site-packages/mrpython_pcl
creating /media/ezzedinayman/Local Disk/FS-System/fs-system/install/mrpython_pcl/lib/python3.10/site-packages/mrpython_pcl/LidarPipeline
creating /media/ezzedinayman/Local Disk/FS-System/fs-system/install/mrpython_pcl/lib/python3.10/site-packages/mrpython_pcl/LidarPipeline/Clusterer
copying /media/ezzedinayman/Local Disk/FS-System/fs-system/build/mrpython_pcl/build/lib/mrpython_pcl/LidarPipeline/Clusterer/AbstractClusterer.py -> /media/ezzedinayman/Local Disk/FS-System/fs-system/install/mrpython_pcl/lib/python3.10/site-packages/mrpython_pcl/LidarPipeline/Clusterer
copying /media/ezzedinayman/Local Disk/FS-System/fs-system/build/mrpython_pcl/build/lib/mrpython_pcl/LidarPipeline/Clusterer/MeanClusterer.py -> /media/ezzedinayman/Local Disk/FS-System/fs-system/install/mrpython_pcl/lib/python3.10/site-packages/mrpython_pcl/LidarPipeline/Clusterer
copying /media/ezzedinayman/Local Disk/FS-System/fs-system/build/mrpython_pcl/build/lib/mrpython_pcl/LidarPipeline/Clusterer/__init__.py -> /media/ezzedinayman/Local Disk/FS-System/fs-system/install/mrpython_pcl/lib/python3.10/site-packages/mrpython_pcl/LidarPipeline/Clusterer
creating /media/ezzedinayman/Local Disk/FS-System/fs-system/install/mrpython_pcl/lib/python3.10/site-packages/mrpython_pcl/LidarPipeline/ConeClassifier
copying /media/ezzedinayman/Local Disk/FS-System/fs-system/build/mrpython_pcl/build/lib/mrpython_pcl/LidarPipeline/ConeClassifier/ConeClassifier.py -> /media/ezzedinayman/Local Disk/FS-System/fs-system/install/mrpython_pcl/lib/python3.10/site-packages/mrpython_pcl/LidarPipeline/ConeClassifier
copying /media/ezzedinayman/Local Disk/FS-System/fs-system/build/mrpython_pcl/build/lib/mrpython_pcl/LidarPipeline/ConeClassifier/__init__.py -> /media/ezzedinayman/Local Disk/FS-System/fs-system/install/mrpython_pcl/lib/python3.10/site-packages/mrpython_pcl/LidarPipeline/ConeClassifier
creating /media/ezzedinayman/Local Disk/FS-System/fs-system/install/mrpython_pcl/lib/python3.10/site-packages/mrpython_pcl/LidarPipeline/Filter
copying /media/ezzedinayman/Local Disk/FS-System/fs-system/build/mrpython_pcl/build/lib/mrpython_pcl/LidarPipeline/Filter/Filter.py -> /media/ezzedinayman/Local Disk/FS-System/fs-system/install/mrpython_pcl/lib/python3.10/site-packages/mrpython_pcl/LidarPipeline/Filter
copying /media/ezzedinayman/Local Disk/FS-System/fs-system/build/mrpython_pcl/build/lib/mrpython_pcl/LidarPipeline/Filter/__init__.py -> /media/ezzedinayman/Local Disk/FS-System/fs-system/install/mrpython_pcl/lib/python3.10/site-packages/mrpython_pcl/LidarPipeline/Filter
creating /media/ezzedinayman/Local Disk/FS-System/fs-system/install/mrpython_pcl/lib/python3.10/site-packages/mrpython_pcl/LidarPipeline/GroundRemoval
copying /media/ezzedinayman/Local Disk/FS-System/fs-system/build/mrpython_pcl/build/lib/mrpython_pcl/LidarPipeline/GroundRemoval/AdaptiveGroundRemoval.py -> /media/ezzedinayman/Local Disk/FS-System/fs-system/install/mrpython_pcl/lib/python3.10/site-packages/mrpython_pcl/LidarPipeline/GroundRemoval
copying /media/ezzedinayman/Local Disk/FS-System/fs-system/build/mrpython_pcl/build/lib/mrpython_pcl/LidarPipeline/GroundRemoval/GroundRemovalMethod.py -> /media/ezzedinayman/Local Disk/FS-System/fs-system/install/mrpython_pcl/lib/python3.10/site-packages/mrpython_pcl/LidarPipeline/GroundRemoval
copying /media/ezzedinayman/Local Disk/FS-System/fs-system/build/mrpython_pcl/build/lib/mrpython_pcl/LidarPipeline/GroundRemoval/RansacGroundRemoval.py -> /media/ezzedinayman/Local Disk/FS-System/fs-system/install/mrpython_pcl/lib/python3.10/site-packages/mrpython_pcl/LidarPipeline/GroundRemoval
copying /media/ezzedinayman/Local Disk/FS-System/fs-system/build/mrpython_pcl/build/lib/mrpython_pcl/LidarPipeline/GroundRemoval/SimpleGroundRemoval.py -> /media/ezzedinayman/Local Disk/FS-System/fs-system/install/mrpython_pcl/lib/python3.10/site-packages/mrpython_pcl/LidarPipeline/GroundRemoval
copying /media/ezzedinayman/Local Disk/FS-System/fs-system/build/mrpython_pcl/build/lib/mrpython_pcl/LidarPipeline/GroundRemoval/__init__.py -> /media/ezzedinayman/Local Disk/FS-System/fs-system/install/mrpython_pcl/lib/python3.10/site-packages/mrpython_pcl/LidarPipeline/GroundRemoval
copying /media/ezzedinayman/Local Disk/FS-System/fs-system/build/mrpython_pcl/build/lib/mrpython_pcl/LidarPipeline/helpers.py -> /media/ezzedinayman/Local Disk/FS-System/fs-system/install/mrpython_pcl/lib/python3.10/site-packages/mrpython_pcl/LidarPipeline
copying /media/ezzedinayman/Local Disk/FS-System/fs-system/build/mrpython_pcl/build/lib/mrpython_pcl/LidarPipeline/LidarPipeline.py -> /media/ezzedinayman/Local Disk/FS-System/fs-system/install/mrpython_pcl/lib/python3.10/site-packages/mrpython_pcl/LidarPipeline
copying /media/ezzedinayman/Local Disk/FS-System/fs-system/build/mrpython_pcl/build/lib/mrpython_pcl/LidarPipeline/__init__.py -> /media/ezzedinayman/Local Disk/FS-System/fs-system/install/mrpython_pcl/lib/python3.10/site-packages/mrpython_pcl/LidarPipeline
copying /media/ezzedinayman/Local Disk/FS-System/fs-system/build/mrpython_pcl/build/lib/mrpython_pcl/LidarRosWrapper.py -> /media/ezzedinayman/Local Disk/FS-System/fs-system/install/mrpython_pcl/lib/python3.10/site-packages/mrpython_pcl
copying /media/ezzedinayman/Local Disk/FS-System/fs-system/build/mrpython_pcl/build/lib/mrpython_pcl/Serializers.py -> /media/ezzedinayman/Local Disk/FS-System/fs-system/install/mrpython_pcl/lib/python3.10/site-packages/mrpython_pcl
copying /media/ezzedinayman/Local Disk/FS-System/fs-system/build/mrpython_pcl/build/lib/mrpython_pcl/__init__.py -> /media/ezzedinayman/Local Disk/FS-System/fs-system/install/mrpython_pcl/lib/python3.10/site-packages/mrpython_pcl
byte-compiling /media/ezzedinayman/Local Disk/FS-System/fs-system/install/mrpython_pcl/lib/python3.10/site-packages/mrpython_pcl/lidar.py to lidar.cpython-310.pyc
byte-compiling /media/ezzedinayman/Local Disk/FS-System/fs-system/install/mrpython_pcl/lib/python3.10/site-packages/mrpython_pcl/LidarPipeline/Clusterer/AbstractClusterer.py to AbstractClusterer.cpython-310.pyc
byte-compiling /media/ezzedinayman/Local Disk/FS-System/fs-system/install/mrpython_pcl/lib/python3.10/site-packages/mrpython_pcl/LidarPipeline/Clusterer/MeanClusterer.py to MeanClusterer.cpython-310.pyc
byte-compiling /media/ezzedinayman/Local Disk/FS-System/fs-system/install/mrpython_pcl/lib/python3.10/site-packages/mrpython_pcl/LidarPipeline/Clusterer/__init__.py to __init__.cpython-310.pyc
byte-compiling /media/ezzedinayman/Local Disk/FS-System/fs-system/install/mrpython_pcl/lib/python3.10/site-packages/mrpython_pcl/LidarPipeline/ConeClassifier/ConeClassifier.py to ConeClassifier.cpython-310.pyc
byte-compiling /media/ezzedinayman/Local Disk/FS-System/fs-system/install/mrpython_pcl/lib/python3.10/site-packages/mrpython_pcl/LidarPipeline/ConeClassifier/__init__.py to __init__.cpython-310.pyc
byte-compiling /media/ezzedinayman/Local Disk/FS-System/fs-system/install/mrpython_pcl/lib/python3.10/site-packages/mrpython_pcl/LidarPipeline/Filter/Filter.py to Filter.cpython-310.pyc
byte-compiling /media/ezzedinayman/Local Disk/FS-System/fs-system/install/mrpython_pcl/lib/python3.10/site-packages/mrpython_pcl/LidarPipeline/Filter/__init__.py to __init__.cpython-310.pyc
byte-compiling /media/ezzedinayman/Local Disk/FS-System/fs-system/install/mrpython_pcl/lib/python3.10/site-packages/mrpython_pcl/LidarPipeline/GroundRemoval/AdaptiveGroundRemoval.py to AdaptiveGroundRemoval.cpython-310.pyc
byte-compiling /media/ezzedinayman/Local Disk/FS-System/fs-system/install/mrpython_pcl/lib/python3.10/site-packages/mrpython_pcl/LidarPipeline/GroundRemoval/GroundRemovalMethod.py to GroundRemovalMethod.cpython-310.pyc
byte-compiling /media/ezzedinayman/Local Disk/FS-System/fs-system/install/mrpython_pcl/lib/python3.10/site-packages/mrpython_pcl/LidarPipeline/GroundRemoval/RansacGroundRemoval.py to RansacGroundRemoval.cpython-310.pyc
byte-compiling /media/ezzedinayman/Local Disk/FS-System/fs-system/install/mrpython_pcl/lib/python3.10/site-packages/mrpython_pcl/LidarPipeline/GroundRemoval/SimpleGroundRemoval.py to SimpleGroundRemoval.cpython-310.pyc
byte-compiling /media/ezzedinayman/Local Disk/FS-System/fs-system/install/mrpython_pcl/lib/python3.10/site-packages/mrpython_pcl/LidarPipeline/GroundRemoval/__init__.py to __init__.cpython-310.pyc
byte-compiling /media/ezzedinayman/Local Disk/FS-System/fs-system/install/mrpython_pcl/lib/python3.10/site-packages/mrpython_pcl/LidarPipeline/helpers.py to helpers.cpython-310.pyc
byte-compiling /media/ezzedinayman/Local Disk/FS-System/fs-system/install/mrpython_pcl/lib/python3.10/site-packages/mrpython_pcl/LidarPipeline/LidarPipeline.py to LidarPipeline.cpython-310.pyc
byte-compiling /media/ezzedinayman/Local Disk/FS-System/fs-system/install/mrpython_pcl/lib/python3.10/site-packages/mrpython_pcl/LidarPipeline/__init__.py to __init__.cpython-310.pyc
byte-compiling /media/ezzedinayman/Local Disk/FS-System/fs-system/install/mrpython_pcl/lib/python3.10/site-packages/mrpython_pcl/LidarRosWrapper.py to LidarRosWrapper.cpython-310.pyc
byte-compiling /media/ezzedinayman/Local Disk/FS-System/fs-system/install/mrpython_pcl/lib/python3.10/site-packages/mrpython_pcl/Serializers.py to Serializers.cpython-310.pyc
byte-compiling /media/ezzedinayman/Local Disk/FS-System/fs-system/install/mrpython_pcl/lib/python3.10/site-packages/mrpython_pcl/__init__.py to __init__.cpython-310.pyc
running install_data
creating /media/ezzedinayman/Local Disk/FS-System/fs-system/install/mrpython_pcl/share/ament_index
creating /media/ezzedinayman/Local Disk/FS-System/fs-system/install/mrpython_pcl/share/ament_index/resource_index
creating /media/ezzedinayman/Local Disk/FS-System/fs-system/install/mrpython_pcl/share/ament_index/resource_index/packages
copying resource/mrpython_pcl -> /media/ezzedinayman/Local Disk/FS-System/fs-system/install/mrpython_pcl/share/ament_index/resource_index/packages
copying package.xml -> /media/ezzedinayman/Local Disk/FS-System/fs-system/install/mrpython_pcl/share/mrpython_pcl
creating /media/ezzedinayman/Local Disk/FS-System/fs-system/install/mrpython_pcl/share/mrpython_pcl/launch
copying launch/lidar.launch.xml -> /media/ezzedinayman/Local Disk/FS-System/fs-system/install/mrpython_pcl/share/mrpython_pcl/launch
running install_egg_info
Copying ../../build/mrpython_pcl/mrpython_pcl.egg-info to /media/ezzedinayman/Local Disk/FS-System/fs-system/install/mrpython_pcl/lib/python3.10/site-packages/mrpython_pcl-0.0.0-py3.10.egg-info
running install_scripts
Installing lidar script to /media/ezzedinayman/Local Disk/FS-System/fs-system/install/mrpython_pcl/lib/mrpython_pcl
writing list of installed files to '/media/ezzedinayman/Local Disk/FS-System/fs-system/build/mrpython_pcl/install.log'
