[0.725s] Invoking command in '/media/ezzedinayman/Local Disk/FS-System/fs-system/perception/mrpython_pcl': AMENT_PREFIX_PATH=/media/ezzedinayman/Local Disk/FS-System/fs-system/install/common_params:/media/ezzedinayman/Local Disk/FS-System/fs-system/install/asurt_msgs:${AMENT_PREFIX_PATH} CMAKE_PREFIX_PATH=/media/ezzedinayman/Local Disk/FS-System/fs-system/install/common_params:/media/ezzedinayman/Local Disk/FS-System/fs-system/install/asurt_msgs LD_LIBRARY_PATH=/media/ezzedinayman/Local Disk/FS-System/fs-system/install/asurt_msgs/lib:${LD_LIBRARY_PATH} PYTHONPATH=/media/ezzedinayman/Local Disk/FS-System/fs-system/build/mrpython_pcl/prefix_override:/media/ezzedinayman/Local Disk/FS-System/fs-system/install/mrpython_pcl/lib/python3.10/site-packages:/media/ezzedinayman/Local Disk/FS-System/fs-system/install/asurt_msgs/local/lib/python3.10/dist-packages:${PYTHONPATH} /usr/bin/python3 -W ignore:setup.py install is deprecated setup.py egg_info --egg-base ../../build/mrpython_pcl build --build-base /media/ezzedinayman/Local Disk/FS-System/fs-system/build/mrpython_pcl/build install --record /media/ezzedinayman/Local Disk/FS-System/fs-system/build/mrpython_pcl/install.log --single-version-externally-managed install_data
[1.014s] running egg_info
[1.014s] creating ../../build/mrpython_pcl/mrpython_pcl.egg-info
[1.014s] writing ../../build/mrpython_pcl/mrpython_pcl.egg-info/PKG-INFO
[1.015s] writing dependency_links to ../../build/mrpython_pcl/mrpython_pcl.egg-info/dependency_links.txt
[1.015s] writing entry points to ../../build/mrpython_pcl/mrpython_pcl.egg-info/entry_points.txt
[1.015s] writing requirements to ../../build/mrpython_pcl/mrpython_pcl.egg-info/requires.txt
[1.015s] writing top-level names to ../../build/mrpython_pcl/mrpython_pcl.egg-info/top_level.txt
[1.015s] writing manifest file '../../build/mrpython_pcl/mrpython_pcl.egg-info/SOURCES.txt'
[1.017s] reading manifest file '../../build/mrpython_pcl/mrpython_pcl.egg-info/SOURCES.txt'
[1.018s] writing manifest file '../../build/mrpython_pcl/mrpython_pcl.egg-info/SOURCES.txt'
[1.018s] running build
[1.019s] running build_py
[1.019s] creating /media/ezzedinayman/Local Disk/FS-System/fs-system/build/mrpython_pcl/build
[1.019s] creating /media/ezzedinayman/Local Disk/FS-System/fs-system/build/mrpython_pcl/build/lib
[1.019s] creating /media/ezzedinayman/Local Disk/FS-System/fs-system/build/mrpython_pcl/build/lib/mrpython_pcl
[1.019s] copying mrpython_pcl/lidar.py -> /media/ezzedinayman/Local Disk/FS-System/fs-system/build/mrpython_pcl/build/lib/mrpython_pcl
[1.019s] copying mrpython_pcl/LidarRosWrapper.py -> /media/ezzedinayman/Local Disk/FS-System/fs-system/build/mrpython_pcl/build/lib/mrpython_pcl
[1.019s] copying mrpython_pcl/Serializers.py -> /media/ezzedinayman/Local Disk/FS-System/fs-system/build/mrpython_pcl/build/lib/mrpython_pcl
[1.019s] copying mrpython_pcl/__init__.py -> /media/ezzedinayman/Local Disk/FS-System/fs-system/build/mrpython_pcl/build/lib/mrpython_pcl
[1.020s] creating /media/ezzedinayman/Local Disk/FS-System/fs-system/build/mrpython_pcl/build/lib/mrpython_pcl/LidarPipeline
[1.020s] copying mrpython_pcl/LidarPipeline/helpers.py -> /media/ezzedinayman/Local Disk/FS-System/fs-system/build/mrpython_pcl/build/lib/mrpython_pcl/LidarPipeline
[1.020s] copying mrpython_pcl/LidarPipeline/LidarPipeline.py -> /media/ezzedinayman/Local Disk/FS-System/fs-system/build/mrpython_pcl/build/lib/mrpython_pcl/LidarPipeline
[1.020s] copying mrpython_pcl/LidarPipeline/__init__.py -> /media/ezzedinayman/Local Disk/FS-System/fs-system/build/mrpython_pcl/build/lib/mrpython_pcl/LidarPipeline
[1.020s] creating /media/ezzedinayman/Local Disk/FS-System/fs-system/build/mrpython_pcl/build/lib/mrpython_pcl/LidarPipeline/Clusterer
[1.020s] copying mrpython_pcl/LidarPipeline/Clusterer/AbstractClusterer.py -> /media/ezzedinayman/Local Disk/FS-System/fs-system/build/mrpython_pcl/build/lib/mrpython_pcl/LidarPipeline/Clusterer
[1.020s] copying mrpython_pcl/LidarPipeline/Clusterer/MeanClusterer.py -> /media/ezzedinayman/Local Disk/FS-System/fs-system/build/mrpython_pcl/build/lib/mrpython_pcl/LidarPipeline/Clusterer
[1.020s] copying mrpython_pcl/LidarPipeline/Clusterer/__init__.py -> /media/ezzedinayman/Local Disk/FS-System/fs-system/build/mrpython_pcl/build/lib/mrpython_pcl/LidarPipeline/Clusterer
[1.021s] creating /media/ezzedinayman/Local Disk/FS-System/fs-system/build/mrpython_pcl/build/lib/mrpython_pcl/LidarPipeline/ConeClassifier
[1.021s] copying mrpython_pcl/LidarPipeline/ConeClassifier/ConeClassifier.py -> /media/ezzedinayman/Local Disk/FS-System/fs-system/build/mrpython_pcl/build/lib/mrpython_pcl/LidarPipeline/ConeClassifier
[1.021s] copying mrpython_pcl/LidarPipeline/ConeClassifier/__init__.py -> /media/ezzedinayman/Local Disk/FS-System/fs-system/build/mrpython_pcl/build/lib/mrpython_pcl/LidarPipeline/ConeClassifier
[1.021s] creating /media/ezzedinayman/Local Disk/FS-System/fs-system/build/mrpython_pcl/build/lib/mrpython_pcl/LidarPipeline/Filter
[1.022s] copying mrpython_pcl/LidarPipeline/Filter/Filter.py -> /media/ezzedinayman/Local Disk/FS-System/fs-system/build/mrpython_pcl/build/lib/mrpython_pcl/LidarPipeline/Filter
[1.022s] copying mrpython_pcl/LidarPipeline/Filter/__init__.py -> /media/ezzedinayman/Local Disk/FS-System/fs-system/build/mrpython_pcl/build/lib/mrpython_pcl/LidarPipeline/Filter
[1.022s] creating /media/ezzedinayman/Local Disk/FS-System/fs-system/build/mrpython_pcl/build/lib/mrpython_pcl/LidarPipeline/GroundRemoval
[1.022s] copying mrpython_pcl/LidarPipeline/GroundRemoval/AdaptiveGroundRemoval.py -> /media/ezzedinayman/Local Disk/FS-System/fs-system/build/mrpython_pcl/build/lib/mrpython_pcl/LidarPipeline/GroundRemoval
[1.022s] copying mrpython_pcl/LidarPipeline/GroundRemoval/GroundRemovalMethod.py -> /media/ezzedinayman/Local Disk/FS-System/fs-system/build/mrpython_pcl/build/lib/mrpython_pcl/LidarPipeline/GroundRemoval
[1.023s] copying mrpython_pcl/LidarPipeline/GroundRemoval/RansacGroundRemoval.py -> /media/ezzedinayman/Local Disk/FS-System/fs-system/build/mrpython_pcl/build/lib/mrpython_pcl/LidarPipeline/GroundRemoval
[1.023s] copying mrpython_pcl/LidarPipeline/GroundRemoval/SimpleGroundRemoval.py -> /media/ezzedinayman/Local Disk/FS-System/fs-system/build/mrpython_pcl/build/lib/mrpython_pcl/LidarPipeline/GroundRemoval
[1.023s] copying mrpython_pcl/LidarPipeline/GroundRemoval/__init__.py -> /media/ezzedinayman/Local Disk/FS-System/fs-system/build/mrpython_pcl/build/lib/mrpython_pcl/LidarPipeline/GroundRemoval
[1.024s] running install
[1.025s] running install_lib
[1.026s] creating /media/ezzedinayman/Local Disk/FS-System/fs-system/install/mrpython_pcl/lib/python3.10/site-packages/mrpython_pcl
[1.026s] copying /media/ezzedinayman/Local Disk/FS-System/fs-system/build/mrpython_pcl/build/lib/mrpython_pcl/lidar.py -> /media/ezzedinayman/Local Disk/FS-System/fs-system/install/mrpython_pcl/lib/python3.10/site-packages/mrpython_pcl
[1.027s] creating /media/ezzedinayman/Local Disk/FS-System/fs-system/install/mrpython_pcl/lib/python3.10/site-packages/mrpython_pcl/LidarPipeline
[1.027s] creating /media/ezzedinayman/Local Disk/FS-System/fs-system/install/mrpython_pcl/lib/python3.10/site-packages/mrpython_pcl/LidarPipeline/Clusterer
[1.027s] copying /media/ezzedinayman/Local Disk/FS-System/fs-system/build/mrpython_pcl/build/lib/mrpython_pcl/LidarPipeline/Clusterer/AbstractClusterer.py -> /media/ezzedinayman/Local Disk/FS-System/fs-system/install/mrpython_pcl/lib/python3.10/site-packages/mrpython_pcl/LidarPipeline/Clusterer
[1.027s] copying /media/ezzedinayman/Local Disk/FS-System/fs-system/build/mrpython_pcl/build/lib/mrpython_pcl/LidarPipeline/Clusterer/MeanClusterer.py -> /media/ezzedinayman/Local Disk/FS-System/fs-system/install/mrpython_pcl/lib/python3.10/site-packages/mrpython_pcl/LidarPipeline/Clusterer
[1.027s] copying /media/ezzedinayman/Local Disk/FS-System/fs-system/build/mrpython_pcl/build/lib/mrpython_pcl/LidarPipeline/Clusterer/__init__.py -> /media/ezzedinayman/Local Disk/FS-System/fs-system/install/mrpython_pcl/lib/python3.10/site-packages/mrpython_pcl/LidarPipeline/Clusterer
[1.027s] creating /media/ezzedinayman/Local Disk/FS-System/fs-system/install/mrpython_pcl/lib/python3.10/site-packages/mrpython_pcl/LidarPipeline/ConeClassifier
[1.027s] copying /media/ezzedinayman/Local Disk/FS-System/fs-system/build/mrpython_pcl/build/lib/mrpython_pcl/LidarPipeline/ConeClassifier/ConeClassifier.py -> /media/ezzedinayman/Local Disk/FS-System/fs-system/install/mrpython_pcl/lib/python3.10/site-packages/mrpython_pcl/LidarPipeline/ConeClassifier
[1.027s] copying /media/ezzedinayman/Local Disk/FS-System/fs-system/build/mrpython_pcl/build/lib/mrpython_pcl/LidarPipeline/ConeClassifier/__init__.py -> /media/ezzedinayman/Local Disk/FS-System/fs-system/install/mrpython_pcl/lib/python3.10/site-packages/mrpython_pcl/LidarPipeline/ConeClassifier
[1.028s] creating /media/ezzedinayman/Local Disk/FS-System/fs-system/install/mrpython_pcl/lib/python3.10/site-packages/mrpython_pcl/LidarPipeline/Filter
[1.028s] copying /media/ezzedinayman/Local Disk/FS-System/fs-system/build/mrpython_pcl/build/lib/mrpython_pcl/LidarPipeline/Filter/Filter.py -> /media/ezzedinayman/Local Disk/FS-System/fs-system/install/mrpython_pcl/lib/python3.10/site-packages/mrpython_pcl/LidarPipeline/Filter
[1.028s] copying /media/ezzedinayman/Local Disk/FS-System/fs-system/build/mrpython_pcl/build/lib/mrpython_pcl/LidarPipeline/Filter/__init__.py -> /media/ezzedinayman/Local Disk/FS-System/fs-system/install/mrpython_pcl/lib/python3.10/site-packages/mrpython_pcl/LidarPipeline/Filter
[1.028s] creating /media/ezzedinayman/Local Disk/FS-System/fs-system/install/mrpython_pcl/lib/python3.10/site-packages/mrpython_pcl/LidarPipeline/GroundRemoval
[1.028s] copying /media/ezzedinayman/Local Disk/FS-System/fs-system/build/mrpython_pcl/build/lib/mrpython_pcl/LidarPipeline/GroundRemoval/AdaptiveGroundRemoval.py -> /media/ezzedinayman/Local Disk/FS-System/fs-system/install/mrpython_pcl/lib/python3.10/site-packages/mrpython_pcl/LidarPipeline/GroundRemoval
[1.028s] copying /media/ezzedinayman/Local Disk/FS-System/fs-system/build/mrpython_pcl/build/lib/mrpython_pcl/LidarPipeline/GroundRemoval/GroundRemovalMethod.py -> /media/ezzedinayman/Local Disk/FS-System/fs-system/install/mrpython_pcl/lib/python3.10/site-packages/mrpython_pcl/LidarPipeline/GroundRemoval
[1.028s] copying /media/ezzedinayman/Local Disk/FS-System/fs-system/build/mrpython_pcl/build/lib/mrpython_pcl/LidarPipeline/GroundRemoval/RansacGroundRemoval.py -> /media/ezzedinayman/Local Disk/FS-System/fs-system/install/mrpython_pcl/lib/python3.10/site-packages/mrpython_pcl/LidarPipeline/GroundRemoval
[1.028s] copying /media/ezzedinayman/Local Disk/FS-System/fs-system/build/mrpython_pcl/build/lib/mrpython_pcl/LidarPipeline/GroundRemoval/SimpleGroundRemoval.py -> /media/ezzedinayman/Local Disk/FS-System/fs-system/install/mrpython_pcl/lib/python3.10/site-packages/mrpython_pcl/LidarPipeline/GroundRemoval
[1.029s] copying /media/ezzedinayman/Local Disk/FS-System/fs-system/build/mrpython_pcl/build/lib/mrpython_pcl/LidarPipeline/GroundRemoval/__init__.py -> /media/ezzedinayman/Local Disk/FS-System/fs-system/install/mrpython_pcl/lib/python3.10/site-packages/mrpython_pcl/LidarPipeline/GroundRemoval
[1.029s] copying /media/ezzedinayman/Local Disk/FS-System/fs-system/build/mrpython_pcl/build/lib/mrpython_pcl/LidarPipeline/helpers.py -> /media/ezzedinayman/Local Disk/FS-System/fs-system/install/mrpython_pcl/lib/python3.10/site-packages/mrpython_pcl/LidarPipeline
[1.029s] copying /media/ezzedinayman/Local Disk/FS-System/fs-system/build/mrpython_pcl/build/lib/mrpython_pcl/LidarPipeline/LidarPipeline.py -> /media/ezzedinayman/Local Disk/FS-System/fs-system/install/mrpython_pcl/lib/python3.10/site-packages/mrpython_pcl/LidarPipeline
[1.029s] copying /media/ezzedinayman/Local Disk/FS-System/fs-system/build/mrpython_pcl/build/lib/mrpython_pcl/LidarPipeline/__init__.py -> /media/ezzedinayman/Local Disk/FS-System/fs-system/install/mrpython_pcl/lib/python3.10/site-packages/mrpython_pcl/LidarPipeline
[1.029s] copying /media/ezzedinayman/Local Disk/FS-System/fs-system/build/mrpython_pcl/build/lib/mrpython_pcl/LidarRosWrapper.py -> /media/ezzedinayman/Local Disk/FS-System/fs-system/install/mrpython_pcl/lib/python3.10/site-packages/mrpython_pcl
[1.029s] copying /media/ezzedinayman/Local Disk/FS-System/fs-system/build/mrpython_pcl/build/lib/mrpython_pcl/Serializers.py -> /media/ezzedinayman/Local Disk/FS-System/fs-system/install/mrpython_pcl/lib/python3.10/site-packages/mrpython_pcl
[1.030s] copying /media/ezzedinayman/Local Disk/FS-System/fs-system/build/mrpython_pcl/build/lib/mrpython_pcl/__init__.py -> /media/ezzedinayman/Local Disk/FS-System/fs-system/install/mrpython_pcl/lib/python3.10/site-packages/mrpython_pcl
[1.030s] byte-compiling /media/ezzedinayman/Local Disk/FS-System/fs-system/install/mrpython_pcl/lib/python3.10/site-packages/mrpython_pcl/lidar.py to lidar.cpython-310.pyc
[1.032s] byte-compiling /media/ezzedinayman/Local Disk/FS-System/fs-system/install/mrpython_pcl/lib/python3.10/site-packages/mrpython_pcl/LidarPipeline/Clusterer/AbstractClusterer.py to AbstractClusterer.cpython-310.pyc
[1.033s] byte-compiling /media/ezzedinayman/Local Disk/FS-System/fs-system/install/mrpython_pcl/lib/python3.10/site-packages/mrpython_pcl/LidarPipeline/Clusterer/MeanClusterer.py to MeanClusterer.cpython-310.pyc
[1.034s] byte-compiling /media/ezzedinayman/Local Disk/FS-System/fs-system/install/mrpython_pcl/lib/python3.10/site-packages/mrpython_pcl/LidarPipeline/Clusterer/__init__.py to __init__.cpython-310.pyc
[1.034s] byte-compiling /media/ezzedinayman/Local Disk/FS-System/fs-system/install/mrpython_pcl/lib/python3.10/site-packages/mrpython_pcl/LidarPipeline/ConeClassifier/ConeClassifier.py to ConeClassifier.cpython-310.pyc
[1.035s] byte-compiling /media/ezzedinayman/Local Disk/FS-System/fs-system/install/mrpython_pcl/lib/python3.10/site-packages/mrpython_pcl/LidarPipeline/ConeClassifier/__init__.py to __init__.cpython-310.pyc
[1.035s] byte-compiling /media/ezzedinayman/Local Disk/FS-System/fs-system/install/mrpython_pcl/lib/python3.10/site-packages/mrpython_pcl/LidarPipeline/Filter/Filter.py to Filter.cpython-310.pyc
[1.036s] byte-compiling /media/ezzedinayman/Local Disk/FS-System/fs-system/install/mrpython_pcl/lib/python3.10/site-packages/mrpython_pcl/LidarPipeline/Filter/__init__.py to __init__.cpython-310.pyc
[1.037s] byte-compiling /media/ezzedinayman/Local Disk/FS-System/fs-system/install/mrpython_pcl/lib/python3.10/site-packages/mrpython_pcl/LidarPipeline/GroundRemoval/AdaptiveGroundRemoval.py to AdaptiveGroundRemoval.cpython-310.pyc
[1.038s] byte-compiling /media/ezzedinayman/Local Disk/FS-System/fs-system/install/mrpython_pcl/lib/python3.10/site-packages/mrpython_pcl/LidarPipeline/GroundRemoval/GroundRemovalMethod.py to GroundRemovalMethod.cpython-310.pyc
[1.038s] byte-compiling /media/ezzedinayman/Local Disk/FS-System/fs-system/install/mrpython_pcl/lib/python3.10/site-packages/mrpython_pcl/LidarPipeline/GroundRemoval/RansacGroundRemoval.py to RansacGroundRemoval.cpython-310.pyc
[1.039s] byte-compiling /media/ezzedinayman/Local Disk/FS-System/fs-system/install/mrpython_pcl/lib/python3.10/site-packages/mrpython_pcl/LidarPipeline/GroundRemoval/SimpleGroundRemoval.py to SimpleGroundRemoval.cpython-310.pyc
[1.039s] byte-compiling /media/ezzedinayman/Local Disk/FS-System/fs-system/install/mrpython_pcl/lib/python3.10/site-packages/mrpython_pcl/LidarPipeline/GroundRemoval/__init__.py to __init__.cpython-310.pyc
[1.040s] byte-compiling /media/ezzedinayman/Local Disk/FS-System/fs-system/install/mrpython_pcl/lib/python3.10/site-packages/mrpython_pcl/LidarPipeline/helpers.py to helpers.cpython-310.pyc
[1.040s] byte-compiling /media/ezzedinayman/Local Disk/FS-System/fs-system/install/mrpython_pcl/lib/python3.10/site-packages/mrpython_pcl/LidarPipeline/LidarPipeline.py to LidarPipeline.cpython-310.pyc
[1.041s] byte-compiling /media/ezzedinayman/Local Disk/FS-System/fs-system/install/mrpython_pcl/lib/python3.10/site-packages/mrpython_pcl/LidarPipeline/__init__.py to __init__.cpython-310.pyc
[1.041s] byte-compiling /media/ezzedinayman/Local Disk/FS-System/fs-system/install/mrpython_pcl/lib/python3.10/site-packages/mrpython_pcl/LidarRosWrapper.py to LidarRosWrapper.cpython-310.pyc
[1.042s] byte-compiling /media/ezzedinayman/Local Disk/FS-System/fs-system/install/mrpython_pcl/lib/python3.10/site-packages/mrpython_pcl/Serializers.py to Serializers.cpython-310.pyc
[1.043s] byte-compiling /media/ezzedinayman/Local Disk/FS-System/fs-system/install/mrpython_pcl/lib/python3.10/site-packages/mrpython_pcl/__init__.py to __init__.cpython-310.pyc
[1.043s] running install_data
[1.043s] creating /media/ezzedinayman/Local Disk/FS-System/fs-system/install/mrpython_pcl/share/ament_index
[1.044s] creating /media/ezzedinayman/Local Disk/FS-System/fs-system/install/mrpython_pcl/share/ament_index/resource_index
[1.044s] creating /media/ezzedinayman/Local Disk/FS-System/fs-system/install/mrpython_pcl/share/ament_index/resource_index/packages
[1.044s] copying resource/mrpython_pcl -> /media/ezzedinayman/Local Disk/FS-System/fs-system/install/mrpython_pcl/share/ament_index/resource_index/packages
[1.044s] copying package.xml -> /media/ezzedinayman/Local Disk/FS-System/fs-system/install/mrpython_pcl/share/mrpython_pcl
[1.044s] creating /media/ezzedinayman/Local Disk/FS-System/fs-system/install/mrpython_pcl/share/mrpython_pcl/launch
[1.044s] copying launch/lidar.launch.xml -> /media/ezzedinayman/Local Disk/FS-System/fs-system/install/mrpython_pcl/share/mrpython_pcl/launch
[1.044s] running install_egg_info
[1.047s] Copying ../../build/mrpython_pcl/mrpython_pcl.egg-info to /media/ezzedinayman/Local Disk/FS-System/fs-system/install/mrpython_pcl/lib/python3.10/site-packages/mrpython_pcl-0.0.0-py3.10.egg-info
[1.048s] running install_scripts
[1.066s] Installing lidar script to /media/ezzedinayman/Local Disk/FS-System/fs-system/install/mrpython_pcl/lib/mrpython_pcl
[1.067s] writing list of installed files to '/media/ezzedinayman/Local Disk/FS-System/fs-system/build/mrpython_pcl/install.log'
[1.087s] Invoked command in '/media/ezzedinayman/Local Disk/FS-System/fs-system/perception/mrpython_pcl' returned '0': AMENT_PREFIX_PATH=/media/ezzedinayman/Local Disk/FS-System/fs-system/install/common_params:/media/ezzedinayman/Local Disk/FS-System/fs-system/install/asurt_msgs:${AMENT_PREFIX_PATH} CMAKE_PREFIX_PATH=/media/ezzedinayman/Local Disk/FS-System/fs-system/install/common_params:/media/ezzedinayman/Local Disk/FS-System/fs-system/install/asurt_msgs LD_LIBRARY_PATH=/media/ezzedinayman/Local Disk/FS-System/fs-system/install/asurt_msgs/lib:${LD_LIBRARY_PATH} PYTHONPATH=/media/ezzedinayman/Local Disk/FS-System/fs-system/build/mrpython_pcl/prefix_override:/media/ezzedinayman/Local Disk/FS-System/fs-system/install/mrpython_pcl/lib/python3.10/site-packages:/media/ezzedinayman/Local Disk/FS-System/fs-system/install/asurt_msgs/local/lib/python3.10/dist-packages:${PYTHONPATH} /usr/bin/python3 -W ignore:setup.py install is deprecated setup.py egg_info --egg-base ../../build/mrpython_pcl build --build-base /media/ezzedinayman/Local Disk/FS-System/fs-system/build/mrpython_pcl/build install --record /media/ezzedinayman/Local Disk/FS-System/fs-system/build/mrpython_pcl/install.log --single-version-externally-managed install_data
