[0.443s] DEBUG:colcon:Command line arguments: ['/usr/bin/colcon', 'build', '--packages-select', 'tf_helper']
[0.443s] DEBUG:colcon:Parsed command line arguments: Namespace(log_base=None, log_level=None, verb_name='build', build_base='build', install_base='install', merge_install=False, symlink_install=False, test_result_base=None, continue_on_error=False, executor='parallel', parallel_workers=8, event_handlers=None, ignore_user_meta=False, metas=['./colcon.meta'], base_paths=['.'], packages_ignore=None, packages_ignore_regex=None, paths=None, packages_up_to=None, packages_up_to_regex=None, packages_above=None, packages_above_and_dependencies=None, packages_above_depth=None, packages_select_by_dep=None, packages_skip_by_dep=None, packages_skip_up_to=None, packages_select_build_failed=False, packages_skip_build_finished=False, packages_select_test_failures=False, packages_skip_test_passed=False, packages_select=['tf_helper'], packages_skip=None, packages_select_regex=None, packages_skip_regex=None, packages_start=None, packages_end=None, allow_overriding=[], cmake_args=None, cmake_target=None, cmake_target_skip_unavailable=False, cmake_clean_cache=False, cmake_clean_first=False, cmake_force_configure=False, ament_cmake_args=None, catkin_cmake_args=None, catkin_skip_building_tests=False, verb_parser=<colcon_defaults.argument_parser.defaults.DefaultArgumentsDecorator object at 0x7ddfc243c160>, verb_extension=<colcon_core.verb.build.BuildVerb object at 0x7ddfc2590d60>, main=<bound method BuildVerb.main of <colcon_core.verb.build.BuildVerb object at 0x7ddfc2590d60>>)
[0.696s] Level 1:colcon.colcon_core.package_discovery:discover_packages(colcon_meta) check parameters
[0.696s] Level 1:colcon.colcon_core.package_discovery:discover_packages(recursive) check parameters
[0.696s] Level 1:colcon.colcon_core.package_discovery:discover_packages(ignore) check parameters
[0.696s] Level 1:colcon.colcon_core.package_discovery:discover_packages(path) check parameters
[0.696s] Level 1:colcon.colcon_core.package_discovery:discover_packages(colcon_meta) discover
[0.696s] Level 1:colcon.colcon_core.package_discovery:discover_packages(recursive) discover
[0.697s] INFO:colcon.colcon_core.package_discovery:Crawling recursively for packages in '/media/ezzedinayman/Local Disk/FS-System/fs-system'
[0.697s] Level 1:colcon.colcon_core.package_identification:_identify(.) by extensions ['ignore', 'ignore_ament_install']
[0.697s] Level 1:colcon.colcon_core.package_identification:_identify(.) by extension 'ignore'
[0.697s] Level 1:colcon.colcon_core.package_identification:_identify(.) by extension 'ignore_ament_install'
[0.697s] Level 1:colcon.colcon_core.package_identification:_identify(.) by extensions ['colcon_pkg']
[0.697s] Level 1:colcon.colcon_core.package_identification:_identify(.) by extension 'colcon_pkg'
[0.697s] Level 1:colcon.colcon_core.package_identification:_identify(.) by extensions ['colcon_meta']
[0.697s] Level 1:colcon.colcon_core.package_identification:_identify(.) by extension 'colcon_meta'
[0.697s] Level 1:colcon.colcon_core.package_identification:_identify(.) by extensions ['ros']
[0.697s] Level 1:colcon.colcon_core.package_identification:_identify(.) by extension 'ros'
[0.707s] Level 1:colcon.colcon_core.package_identification:_identify(.) by extensions ['cmake', 'python']
[0.707s] Level 1:colcon.colcon_core.package_identification:_identify(.) by extension 'cmake'
[0.746s] ERROR:colcon.colcon_core.package_identification:Exception in package identification extension 'cmake' in '.': Failed to extract project name from 'CMakeLists.txt'
Traceback (most recent call last):
  File "/usr/lib/python3/dist-packages/colcon_core/package_identification/__init__.py", line 142, in _identify
    retval = extension.identify(_reused_descriptor_instance)
  File "/usr/lib/python3/dist-packages/colcon_cmake/package_identification/cmake.py", line 37, in identify
    raise RuntimeError(
RuntimeError: Failed to extract project name from 'CMakeLists.txt'

[0.746s] Level 1:colcon.colcon_core.package_identification:_identify(.) by extension 'python'
[0.746s] Level 1:colcon.colcon_core.package_identification:_identify(.) by extensions ['python_setup_py']
[0.746s] Level 1:colcon.colcon_core.package_identification:_identify(.) by extension 'python_setup_py'
[0.746s] Level 1:colcon.colcon_core.package_identification:_identify(build) by extensions ['ignore', 'ignore_ament_install']
[0.747s] Level 1:colcon.colcon_core.package_identification:_identify(build) by extension 'ignore'
[0.747s] Level 1:colcon.colcon_core.package_identification:_identify(build) ignored
[0.747s] Level 1:colcon.colcon_core.package_identification:_identify(dependencies) by extensions ['ignore', 'ignore_ament_install']
[0.747s] Level 1:colcon.colcon_core.package_identification:_identify(dependencies) by extension 'ignore'
[0.747s] Level 1:colcon.colcon_core.package_identification:_identify(dependencies) by extension 'ignore_ament_install'
[0.747s] Level 1:colcon.colcon_core.package_identification:_identify(dependencies) by extensions ['colcon_pkg']
[0.747s] Level 1:colcon.colcon_core.package_identification:_identify(dependencies) by extension 'colcon_pkg'
[0.747s] Level 1:colcon.colcon_core.package_identification:_identify(dependencies) by extensions ['colcon_meta']
[0.747s] Level 1:colcon.colcon_core.package_identification:_identify(dependencies) by extension 'colcon_meta'
[0.747s] Level 1:colcon.colcon_core.package_identification:_identify(dependencies) by extensions ['ros']
[0.748s] Level 1:colcon.colcon_core.package_identification:_identify(dependencies) by extension 'ros'
[0.748s] Level 1:colcon.colcon_core.package_identification:_identify(dependencies) by extensions ['cmake', 'python']
[0.748s] Level 1:colcon.colcon_core.package_identification:_identify(dependencies) by extension 'cmake'
[0.748s] Level 1:colcon.colcon_core.package_identification:_identify(dependencies) by extension 'python'
[0.748s] Level 1:colcon.colcon_core.package_identification:_identify(dependencies) by extensions ['python_setup_py']
[0.748s] Level 1:colcon.colcon_core.package_identification:_identify(dependencies) by extension 'python_setup_py'
[0.748s] Level 1:colcon.colcon_core.package_identification:_identify(dependencies/ackermann_msgs) by extensions ['ignore', 'ignore_ament_install']
[0.748s] Level 1:colcon.colcon_core.package_identification:_identify(dependencies/ackermann_msgs) by extension 'ignore'
[0.748s] Level 1:colcon.colcon_core.package_identification:_identify(dependencies/ackermann_msgs) by extension 'ignore_ament_install'
[0.748s] Level 1:colcon.colcon_core.package_identification:_identify(dependencies/ackermann_msgs) by extensions ['colcon_pkg']
[0.748s] Level 1:colcon.colcon_core.package_identification:_identify(dependencies/ackermann_msgs) by extension 'colcon_pkg'
[0.749s] Level 1:colcon.colcon_core.package_identification:_identify(dependencies/ackermann_msgs) by extensions ['colcon_meta']
[0.749s] Level 1:colcon.colcon_core.package_identification:_identify(dependencies/ackermann_msgs) by extension 'colcon_meta'
[0.749s] Level 1:colcon.colcon_core.package_identification:_identify(dependencies/ackermann_msgs) by extensions ['ros']
[0.749s] Level 1:colcon.colcon_core.package_identification:_identify(dependencies/ackermann_msgs) by extension 'ros'
[0.749s] Level 1:colcon.colcon_core.package_identification:_identify(dependencies/ackermann_msgs) by extensions ['cmake', 'python']
[0.749s] Level 1:colcon.colcon_core.package_identification:_identify(dependencies/ackermann_msgs) by extension 'cmake'
[0.749s] Level 1:colcon.colcon_core.package_identification:_identify(dependencies/ackermann_msgs) by extension 'python'
[0.749s] Level 1:colcon.colcon_core.package_identification:_identify(dependencies/ackermann_msgs) by extensions ['python_setup_py']
[0.749s] Level 1:colcon.colcon_core.package_identification:_identify(dependencies/ackermann_msgs) by extension 'python_setup_py'
[0.749s] Level 1:colcon.colcon_core.package_identification:_identify(dependencies/asurt_msgs) by extensions ['ignore', 'ignore_ament_install']
[0.750s] Level 1:colcon.colcon_core.package_identification:_identify(dependencies/asurt_msgs) by extension 'ignore'
[0.750s] Level 1:colcon.colcon_core.package_identification:_identify(dependencies/asurt_msgs) by extension 'ignore_ament_install'
[0.750s] Level 1:colcon.colcon_core.package_identification:_identify(dependencies/asurt_msgs) by extensions ['colcon_pkg']
[0.750s] Level 1:colcon.colcon_core.package_identification:_identify(dependencies/asurt_msgs) by extension 'colcon_pkg'
[0.750s] Level 1:colcon.colcon_core.package_identification:_identify(dependencies/asurt_msgs) by extensions ['colcon_meta']
[0.750s] Level 1:colcon.colcon_core.package_identification:_identify(dependencies/asurt_msgs) by extension 'colcon_meta'
[0.750s] Level 1:colcon.colcon_core.package_identification:_identify(dependencies/asurt_msgs) by extensions ['ros']
[0.750s] Level 1:colcon.colcon_core.package_identification:_identify(dependencies/asurt_msgs) by extension 'ros'
[0.754s] DEBUG:colcon.colcon_core.package_identification:Package 'dependencies/asurt_msgs' with type 'ros.ament_cmake' and name 'asurt_msgs'
[0.754s] Level 1:colcon.colcon_core.package_identification:_identify(dependencies/common_params) by extensions ['ignore', 'ignore_ament_install']
[0.754s] Level 1:colcon.colcon_core.package_identification:_identify(dependencies/common_params) by extension 'ignore'
[0.754s] Level 1:colcon.colcon_core.package_identification:_identify(dependencies/common_params) by extension 'ignore_ament_install'
[0.754s] Level 1:colcon.colcon_core.package_identification:_identify(dependencies/common_params) by extensions ['colcon_pkg']
[0.754s] Level 1:colcon.colcon_core.package_identification:_identify(dependencies/common_params) by extension 'colcon_pkg'
[0.754s] Level 1:colcon.colcon_core.package_identification:_identify(dependencies/common_params) by extensions ['colcon_meta']
[0.754s] Level 1:colcon.colcon_core.package_identification:_identify(dependencies/common_params) by extension 'colcon_meta'
[0.754s] Level 1:colcon.colcon_core.package_identification:_identify(dependencies/common_params) by extensions ['ros']
[0.754s] Level 1:colcon.colcon_core.package_identification:_identify(dependencies/common_params) by extension 'ros'
[0.755s] DEBUG:colcon.colcon_core.package_identification:Package 'dependencies/common_params' with type 'ros.ament_cmake' and name 'common_params'
[0.755s] Level 1:colcon.colcon_core.package_identification:_identify(dependencies/eufs_msgs) by extensions ['ignore', 'ignore_ament_install']
[0.755s] Level 1:colcon.colcon_core.package_identification:_identify(dependencies/eufs_msgs) by extension 'ignore'
[0.755s] Level 1:colcon.colcon_core.package_identification:_identify(dependencies/eufs_msgs) by extension 'ignore_ament_install'
[0.755s] Level 1:colcon.colcon_core.package_identification:_identify(dependencies/eufs_msgs) by extensions ['colcon_pkg']
[0.756s] Level 1:colcon.colcon_core.package_identification:_identify(dependencies/eufs_msgs) by extension 'colcon_pkg'
[0.756s] Level 1:colcon.colcon_core.package_identification:_identify(dependencies/eufs_msgs) by extensions ['colcon_meta']
[0.756s] Level 1:colcon.colcon_core.package_identification:_identify(dependencies/eufs_msgs) by extension 'colcon_meta'
[0.756s] Level 1:colcon.colcon_core.package_identification:_identify(dependencies/eufs_msgs) by extensions ['ros']
[0.756s] Level 1:colcon.colcon_core.package_identification:_identify(dependencies/eufs_msgs) by extension 'ros'
[0.757s] DEBUG:colcon.colcon_core.package_identification:Package 'dependencies/eufs_msgs' with type 'ros.ament_cmake' and name 'eufs_msgs'
[0.757s] Level 1:colcon.colcon_core.package_identification:_identify(dependencies/interfaces) by extensions ['ignore', 'ignore_ament_install']
[0.757s] Level 1:colcon.colcon_core.package_identification:_identify(dependencies/interfaces) by extension 'ignore'
[0.757s] Level 1:colcon.colcon_core.package_identification:_identify(dependencies/interfaces) by extension 'ignore_ament_install'
[0.757s] Level 1:colcon.colcon_core.package_identification:_identify(dependencies/interfaces) by extensions ['colcon_pkg']
[0.757s] Level 1:colcon.colcon_core.package_identification:_identify(dependencies/interfaces) by extension 'colcon_pkg'
[0.757s] Level 1:colcon.colcon_core.package_identification:_identify(dependencies/interfaces) by extensions ['colcon_meta']
[0.757s] Level 1:colcon.colcon_core.package_identification:_identify(dependencies/interfaces) by extension 'colcon_meta'
[0.758s] Level 1:colcon.colcon_core.package_identification:_identify(dependencies/interfaces) by extensions ['ros']
[0.758s] Level 1:colcon.colcon_core.package_identification:_identify(dependencies/interfaces) by extension 'ros'
[0.758s] DEBUG:colcon.colcon_core.package_identification:Package 'dependencies/interfaces' with type 'ros.ament_cmake' and name 'interfaces'
[0.758s] Level 1:colcon.colcon_core.package_identification:_identify(dependencies/ros_numpy) by extensions ['ignore', 'ignore_ament_install']
[0.759s] Level 1:colcon.colcon_core.package_identification:_identify(dependencies/ros_numpy) by extension 'ignore'
[0.759s] Level 1:colcon.colcon_core.package_identification:_identify(dependencies/ros_numpy) by extension 'ignore_ament_install'
[0.759s] Level 1:colcon.colcon_core.package_identification:_identify(dependencies/ros_numpy) by extensions ['colcon_pkg']
[0.759s] Level 1:colcon.colcon_core.package_identification:_identify(dependencies/ros_numpy) by extension 'colcon_pkg'
[0.759s] Level 1:colcon.colcon_core.package_identification:_identify(dependencies/ros_numpy) by extensions ['colcon_meta']
[0.759s] Level 1:colcon.colcon_core.package_identification:_identify(dependencies/ros_numpy) by extension 'colcon_meta'
[0.759s] Level 1:colcon.colcon_core.package_identification:_identify(dependencies/ros_numpy) by extensions ['ros']
[0.759s] Level 1:colcon.colcon_core.package_identification:_identify(dependencies/ros_numpy) by extension 'ros'
[0.759s] Level 1:colcon.colcon_core.package_identification:_identify(dependencies/ros_numpy) by extensions ['cmake', 'python']
[0.759s] Level 1:colcon.colcon_core.package_identification:_identify(dependencies/ros_numpy) by extension 'cmake'
[0.759s] Level 1:colcon.colcon_core.package_identification:_identify(dependencies/ros_numpy) by extension 'python'
[0.759s] Level 1:colcon.colcon_core.package_identification:_identify(dependencies/ros_numpy) by extensions ['python_setup_py']
[0.759s] Level 1:colcon.colcon_core.package_identification:_identify(dependencies/ros_numpy) by extension 'python_setup_py'
[0.759s] Level 1:colcon.colcon_core.package_identification:_identify(dependencies/spinnaker_sdk_camera_driver) by extensions ['ignore', 'ignore_ament_install']
[0.760s] Level 1:colcon.colcon_core.package_identification:_identify(dependencies/spinnaker_sdk_camera_driver) by extension 'ignore'
[0.760s] Level 1:colcon.colcon_core.package_identification:_identify(dependencies/spinnaker_sdk_camera_driver) by extension 'ignore_ament_install'
[0.760s] Level 1:colcon.colcon_core.package_identification:_identify(dependencies/spinnaker_sdk_camera_driver) by extensions ['colcon_pkg']
[0.760s] Level 1:colcon.colcon_core.package_identification:_identify(dependencies/spinnaker_sdk_camera_driver) by extension 'colcon_pkg'
[0.760s] Level 1:colcon.colcon_core.package_identification:_identify(dependencies/spinnaker_sdk_camera_driver) by extensions ['colcon_meta']
[0.760s] Level 1:colcon.colcon_core.package_identification:_identify(dependencies/spinnaker_sdk_camera_driver) by extension 'colcon_meta'
[0.760s] Level 1:colcon.colcon_core.package_identification:_identify(dependencies/spinnaker_sdk_camera_driver) by extensions ['ros']
[0.760s] Level 1:colcon.colcon_core.package_identification:_identify(dependencies/spinnaker_sdk_camera_driver) by extension 'ros'
[0.760s] Level 1:colcon.colcon_core.package_identification:_identify(dependencies/spinnaker_sdk_camera_driver) by extensions ['cmake', 'python']
[0.760s] Level 1:colcon.colcon_core.package_identification:_identify(dependencies/spinnaker_sdk_camera_driver) by extension 'cmake'
[0.760s] Level 1:colcon.colcon_core.package_identification:_identify(dependencies/spinnaker_sdk_camera_driver) by extension 'python'
[0.760s] Level 1:colcon.colcon_core.package_identification:_identify(dependencies/spinnaker_sdk_camera_driver) by extensions ['python_setup_py']
[0.760s] Level 1:colcon.colcon_core.package_identification:_identify(dependencies/spinnaker_sdk_camera_driver) by extension 'python_setup_py'
[0.760s] Level 1:colcon.colcon_core.package_identification:_identify(dependencies/tf_helper) by extensions ['ignore', 'ignore_ament_install']
[0.761s] Level 1:colcon.colcon_core.package_identification:_identify(dependencies/tf_helper) by extension 'ignore'
[0.761s] Level 1:colcon.colcon_core.package_identification:_identify(dependencies/tf_helper) by extension 'ignore_ament_install'
[0.761s] Level 1:colcon.colcon_core.package_identification:_identify(dependencies/tf_helper) by extensions ['colcon_pkg']
[0.761s] Level 1:colcon.colcon_core.package_identification:_identify(dependencies/tf_helper) by extension 'colcon_pkg'
[0.761s] Level 1:colcon.colcon_core.package_identification:_identify(dependencies/tf_helper) by extensions ['colcon_meta']
[0.761s] Level 1:colcon.colcon_core.package_identification:_identify(dependencies/tf_helper) by extension 'colcon_meta'
[0.761s] Level 1:colcon.colcon_core.package_identification:_identify(dependencies/tf_helper) by extensions ['ros']
[0.761s] Level 1:colcon.colcon_core.package_identification:_identify(dependencies/tf_helper) by extension 'ros'
[0.762s] DEBUG:colcon.colcon_core.package_identification:Package 'dependencies/tf_helper' with type 'ros.catkin' and name 'tf_helper'
[0.762s] Level 1:colcon.colcon_core.package_identification:_identify(dependencies/zed_opencv) by extensions ['ignore', 'ignore_ament_install']
[0.763s] Level 1:colcon.colcon_core.package_identification:_identify(dependencies/zed_opencv) by extension 'ignore'
[0.763s] Level 1:colcon.colcon_core.package_identification:_identify(dependencies/zed_opencv) by extension 'ignore_ament_install'
[0.763s] Level 1:colcon.colcon_core.package_identification:_identify(dependencies/zed_opencv) by extensions ['colcon_pkg']
[0.763s] Level 1:colcon.colcon_core.package_identification:_identify(dependencies/zed_opencv) by extension 'colcon_pkg'
[0.763s] Level 1:colcon.colcon_core.package_identification:_identify(dependencies/zed_opencv) by extensions ['colcon_meta']
[0.763s] Level 1:colcon.colcon_core.package_identification:_identify(dependencies/zed_opencv) by extension 'colcon_meta'
[0.763s] Level 1:colcon.colcon_core.package_identification:_identify(dependencies/zed_opencv) by extensions ['ros']
[0.763s] Level 1:colcon.colcon_core.package_identification:_identify(dependencies/zed_opencv) by extension 'ros'
[0.764s] DEBUG:colcon.colcon_core.package_identification:Package 'dependencies/zed_opencv' with type 'ros.catkin' and name 'zed_opencv'
[0.764s] Level 1:colcon.colcon_core.package_identification:_identify(install) by extensions ['ignore', 'ignore_ament_install']
[0.764s] Level 1:colcon.colcon_core.package_identification:_identify(install) by extension 'ignore'
[0.764s] Level 1:colcon.colcon_core.package_identification:_identify(install) ignored
[0.764s] Level 1:colcon.colcon_core.package_identification:_identify(log) by extensions ['ignore', 'ignore_ament_install']
[0.765s] Level 1:colcon.colcon_core.package_identification:_identify(log) by extension 'ignore'
[0.765s] Level 1:colcon.colcon_core.package_identification:_identify(log) ignored
[0.765s] Level 1:colcon.colcon_core.package_identification:_identify(navigation) by extensions ['ignore', 'ignore_ament_install']
[0.765s] Level 1:colcon.colcon_core.package_identification:_identify(navigation) by extension 'ignore'
[0.765s] Level 1:colcon.colcon_core.package_identification:_identify(navigation) by extension 'ignore_ament_install'
[0.765s] Level 1:colcon.colcon_core.package_identification:_identify(navigation) by extensions ['colcon_pkg']
[0.765s] Level 1:colcon.colcon_core.package_identification:_identify(navigation) by extension 'colcon_pkg'
[0.765s] Level 1:colcon.colcon_core.package_identification:_identify(navigation) by extensions ['colcon_meta']
[0.765s] Level 1:colcon.colcon_core.package_identification:_identify(navigation) by extension 'colcon_meta'
[0.765s] Level 1:colcon.colcon_core.package_identification:_identify(navigation) by extensions ['ros']
[0.765s] Level 1:colcon.colcon_core.package_identification:_identify(navigation) by extension 'ros'
[0.765s] Level 1:colcon.colcon_core.package_identification:_identify(navigation) by extensions ['cmake', 'python']
[0.765s] Level 1:colcon.colcon_core.package_identification:_identify(navigation) by extension 'cmake'
[0.766s] Level 1:colcon.colcon_core.package_identification:_identify(navigation) by extension 'python'
[0.766s] Level 1:colcon.colcon_core.package_identification:_identify(navigation) by extensions ['python_setup_py']
[0.766s] Level 1:colcon.colcon_core.package_identification:_identify(navigation) by extension 'python_setup_py'
[0.766s] Level 1:colcon.colcon_core.package_identification:_identify(navigation/centerline_calc) by extensions ['ignore', 'ignore_ament_install']
[0.766s] Level 1:colcon.colcon_core.package_identification:_identify(navigation/centerline_calc) by extension 'ignore'
[0.766s] Level 1:colcon.colcon_core.package_identification:_identify(navigation/centerline_calc) by extension 'ignore_ament_install'
[0.766s] Level 1:colcon.colcon_core.package_identification:_identify(navigation/centerline_calc) by extensions ['colcon_pkg']
[0.766s] Level 1:colcon.colcon_core.package_identification:_identify(navigation/centerline_calc) by extension 'colcon_pkg'
[0.766s] Level 1:colcon.colcon_core.package_identification:_identify(navigation/centerline_calc) by extensions ['colcon_meta']
[0.766s] Level 1:colcon.colcon_core.package_identification:_identify(navigation/centerline_calc) by extension 'colcon_meta'
[0.766s] Level 1:colcon.colcon_core.package_identification:_identify(navigation/centerline_calc) by extensions ['ros']
[0.766s] Level 1:colcon.colcon_core.package_identification:_identify(navigation/centerline_calc) by extension 'ros'
[0.767s] DEBUG:colcon.colcon_core.package_identification:Package 'navigation/centerline_calc' with type 'ros.catkin' and name 'centerline_calc'
[0.767s] Level 1:colcon.colcon_core.package_identification:_identify(navigation/lqr) by extensions ['ignore', 'ignore_ament_install']
[0.768s] Level 1:colcon.colcon_core.package_identification:_identify(navigation/lqr) by extension 'ignore'
[0.768s] Level 1:colcon.colcon_core.package_identification:_identify(navigation/lqr) by extension 'ignore_ament_install'
[0.768s] Level 1:colcon.colcon_core.package_identification:_identify(navigation/lqr) by extensions ['colcon_pkg']
[0.768s] Level 1:colcon.colcon_core.package_identification:_identify(navigation/lqr) by extension 'colcon_pkg'
[0.768s] Level 1:colcon.colcon_core.package_identification:_identify(navigation/lqr) by extensions ['colcon_meta']
[0.768s] Level 1:colcon.colcon_core.package_identification:_identify(navigation/lqr) by extension 'colcon_meta'
[0.768s] Level 1:colcon.colcon_core.package_identification:_identify(navigation/lqr) by extensions ['ros']
[0.768s] Level 1:colcon.colcon_core.package_identification:_identify(navigation/lqr) by extension 'ros'
[0.769s] DEBUG:colcon.colcon_core.package_identification:Package 'navigation/lqr' with type 'ros.catkin' and name 'lqr'
[0.769s] Level 1:colcon.colcon_core.package_identification:_identify(navigation/pure_pursuit) by extensions ['ignore', 'ignore_ament_install']
[0.769s] Level 1:colcon.colcon_core.package_identification:_identify(navigation/pure_pursuit) by extension 'ignore'
[0.770s] Level 1:colcon.colcon_core.package_identification:_identify(navigation/pure_pursuit) by extension 'ignore_ament_install'
[0.770s] Level 1:colcon.colcon_core.package_identification:_identify(navigation/pure_pursuit) by extensions ['colcon_pkg']
[0.770s] Level 1:colcon.colcon_core.package_identification:_identify(navigation/pure_pursuit) by extension 'colcon_pkg'
[0.770s] Level 1:colcon.colcon_core.package_identification:_identify(navigation/pure_pursuit) by extensions ['colcon_meta']
[0.770s] Level 1:colcon.colcon_core.package_identification:_identify(navigation/pure_pursuit) by extension 'colcon_meta'
[0.770s] Level 1:colcon.colcon_core.package_identification:_identify(navigation/pure_pursuit) by extensions ['ros']
[0.770s] Level 1:colcon.colcon_core.package_identification:_identify(navigation/pure_pursuit) by extension 'ros'
[0.771s] DEBUG:colcon.colcon_core.package_identification:Package 'navigation/pure_pursuit' with type 'ros.catkin' and name 'pure_pursuit'
[0.771s] Level 1:colcon.colcon_core.package_identification:_identify(navigation/simple_pure_pursuit) by extensions ['ignore', 'ignore_ament_install']
[0.771s] Level 1:colcon.colcon_core.package_identification:_identify(navigation/simple_pure_pursuit) by extension 'ignore'
[0.771s] Level 1:colcon.colcon_core.package_identification:_identify(navigation/simple_pure_pursuit) by extension 'ignore_ament_install'
[0.771s] Level 1:colcon.colcon_core.package_identification:_identify(navigation/simple_pure_pursuit) by extensions ['colcon_pkg']
[0.771s] Level 1:colcon.colcon_core.package_identification:_identify(navigation/simple_pure_pursuit) by extension 'colcon_pkg'
[0.771s] Level 1:colcon.colcon_core.package_identification:_identify(navigation/simple_pure_pursuit) by extensions ['colcon_meta']
[0.771s] Level 1:colcon.colcon_core.package_identification:_identify(navigation/simple_pure_pursuit) by extension 'colcon_meta'
[0.771s] Level 1:colcon.colcon_core.package_identification:_identify(navigation/simple_pure_pursuit) by extensions ['ros']
[0.771s] Level 1:colcon.colcon_core.package_identification:_identify(navigation/simple_pure_pursuit) by extension 'ros'
[0.772s] DEBUG:colcon.colcon_core.package_identification:Package 'navigation/simple_pure_pursuit' with type 'ros.catkin' and name 'simple_pure_pursuit'
[0.772s] Level 1:colcon.colcon_core.package_identification:_identify(perception) by extensions ['ignore', 'ignore_ament_install']
[0.772s] Level 1:colcon.colcon_core.package_identification:_identify(perception) by extension 'ignore'
[0.772s] Level 1:colcon.colcon_core.package_identification:_identify(perception) by extension 'ignore_ament_install'
[0.773s] Level 1:colcon.colcon_core.package_identification:_identify(perception) by extensions ['colcon_pkg']
[0.773s] Level 1:colcon.colcon_core.package_identification:_identify(perception) by extension 'colcon_pkg'
[0.773s] Level 1:colcon.colcon_core.package_identification:_identify(perception) by extensions ['colcon_meta']
[0.773s] Level 1:colcon.colcon_core.package_identification:_identify(perception) by extension 'colcon_meta'
[0.773s] Level 1:colcon.colcon_core.package_identification:_identify(perception) by extensions ['ros']
[0.773s] Level 1:colcon.colcon_core.package_identification:_identify(perception) by extension 'ros'
[0.773s] Level 1:colcon.colcon_core.package_identification:_identify(perception) by extensions ['cmake', 'python']
[0.773s] Level 1:colcon.colcon_core.package_identification:_identify(perception) by extension 'cmake'
[0.773s] Level 1:colcon.colcon_core.package_identification:_identify(perception) by extension 'python'
[0.773s] Level 1:colcon.colcon_core.package_identification:_identify(perception) by extensions ['python_setup_py']
[0.773s] Level 1:colcon.colcon_core.package_identification:_identify(perception) by extension 'python_setup_py'
[0.773s] Level 1:colcon.colcon_core.package_identification:_identify(perception/camera_interface) by extensions ['ignore', 'ignore_ament_install']
[0.773s] Level 1:colcon.colcon_core.package_identification:_identify(perception/camera_interface) by extension 'ignore'
[0.773s] Level 1:colcon.colcon_core.package_identification:_identify(perception/camera_interface) by extension 'ignore_ament_install'
[0.773s] Level 1:colcon.colcon_core.package_identification:_identify(perception/camera_interface) by extensions ['colcon_pkg']
[0.773s] Level 1:colcon.colcon_core.package_identification:_identify(perception/camera_interface) by extension 'colcon_pkg'
[0.773s] Level 1:colcon.colcon_core.package_identification:_identify(perception/camera_interface) by extensions ['colcon_meta']
[0.773s] Level 1:colcon.colcon_core.package_identification:_identify(perception/camera_interface) by extension 'colcon_meta'
[0.773s] Level 1:colcon.colcon_core.package_identification:_identify(perception/camera_interface) by extensions ['ros']
[0.774s] Level 1:colcon.colcon_core.package_identification:_identify(perception/camera_interface) by extension 'ros'
[0.774s] DEBUG:colcon.colcon_core.package_identification:Package 'perception/camera_interface' with type 'ros.ament_python' and name 'camera_interface'
[0.775s] Level 1:colcon.colcon_core.package_identification:_identify(perception/kp_reg) by extensions ['ignore', 'ignore_ament_install']
[0.775s] Level 1:colcon.colcon_core.package_identification:_identify(perception/kp_reg) by extension 'ignore'
[0.775s] Level 1:colcon.colcon_core.package_identification:_identify(perception/kp_reg) by extension 'ignore_ament_install'
[0.775s] Level 1:colcon.colcon_core.package_identification:_identify(perception/kp_reg) by extensions ['colcon_pkg']
[0.775s] Level 1:colcon.colcon_core.package_identification:_identify(perception/kp_reg) by extension 'colcon_pkg'
[0.775s] Level 1:colcon.colcon_core.package_identification:_identify(perception/kp_reg) by extensions ['colcon_meta']
[0.775s] Level 1:colcon.colcon_core.package_identification:_identify(perception/kp_reg) by extension 'colcon_meta'
[0.775s] Level 1:colcon.colcon_core.package_identification:_identify(perception/kp_reg) by extensions ['ros']
[0.775s] Level 1:colcon.colcon_core.package_identification:_identify(perception/kp_reg) by extension 'ros'
[0.775s] DEBUG:colcon.colcon_core.package_identification:Package 'perception/kp_reg' with type 'ros.ament_python' and name 'kp_reg'
[0.775s] Level 1:colcon.colcon_core.package_identification:_identify(perception/moreo) by extensions ['ignore', 'ignore_ament_install']
[0.776s] Level 1:colcon.colcon_core.package_identification:_identify(perception/moreo) by extension 'ignore'
[0.776s] Level 1:colcon.colcon_core.package_identification:_identify(perception/moreo) by extension 'ignore_ament_install'
[0.776s] Level 1:colcon.colcon_core.package_identification:_identify(perception/moreo) by extensions ['colcon_pkg']
[0.776s] Level 1:colcon.colcon_core.package_identification:_identify(perception/moreo) by extension 'colcon_pkg'
[0.776s] Level 1:colcon.colcon_core.package_identification:_identify(perception/moreo) by extensions ['colcon_meta']
[0.776s] Level 1:colcon.colcon_core.package_identification:_identify(perception/moreo) by extension 'colcon_meta'
[0.776s] Level 1:colcon.colcon_core.package_identification:_identify(perception/moreo) by extensions ['ros']
[0.776s] Level 1:colcon.colcon_core.package_identification:_identify(perception/moreo) by extension 'ros'
[0.777s] DEBUG:colcon.colcon_core.package_identification:Package 'perception/moreo' with type 'ros.ament_python' and name 'moreo'
[0.777s] Level 1:colcon.colcon_core.package_identification:_identify(perception/mrpython_pcl) by extensions ['ignore', 'ignore_ament_install']
[0.777s] Level 1:colcon.colcon_core.package_identification:_identify(perception/mrpython_pcl) by extension 'ignore'
[0.777s] Level 1:colcon.colcon_core.package_identification:_identify(perception/mrpython_pcl) by extension 'ignore_ament_install'
[0.777s] Level 1:colcon.colcon_core.package_identification:_identify(perception/mrpython_pcl) by extensions ['colcon_pkg']
[0.777s] Level 1:colcon.colcon_core.package_identification:_identify(perception/mrpython_pcl) by extension 'colcon_pkg'
[0.777s] Level 1:colcon.colcon_core.package_identification:_identify(perception/mrpython_pcl) by extensions ['colcon_meta']
[0.777s] Level 1:colcon.colcon_core.package_identification:_identify(perception/mrpython_pcl) by extension 'colcon_meta'
[0.777s] Level 1:colcon.colcon_core.package_identification:_identify(perception/mrpython_pcl) by extensions ['ros']
[0.777s] Level 1:colcon.colcon_core.package_identification:_identify(perception/mrpython_pcl) by extension 'ros'
[0.778s] DEBUG:colcon.colcon_core.package_identification:Package 'perception/mrpython_pcl' with type 'ros.ament_python' and name 'mrpython_pcl'
[0.778s] Level 1:colcon.colcon_core.package_identification:_identify(perception/smoreo) by extensions ['ignore', 'ignore_ament_install']
[0.778s] Level 1:colcon.colcon_core.package_identification:_identify(perception/smoreo) by extension 'ignore'
[0.778s] Level 1:colcon.colcon_core.package_identification:_identify(perception/smoreo) by extension 'ignore_ament_install'
[0.778s] Level 1:colcon.colcon_core.package_identification:_identify(perception/smoreo) by extensions ['colcon_pkg']
[0.778s] Level 1:colcon.colcon_core.package_identification:_identify(perception/smoreo) by extension 'colcon_pkg'
[0.778s] Level 1:colcon.colcon_core.package_identification:_identify(perception/smoreo) by extensions ['colcon_meta']
[0.778s] Level 1:colcon.colcon_core.package_identification:_identify(perception/smoreo) by extension 'colcon_meta'
[0.778s] Level 1:colcon.colcon_core.package_identification:_identify(perception/smoreo) by extensions ['ros']
[0.778s] Level 1:colcon.colcon_core.package_identification:_identify(perception/smoreo) by extension 'ros'
[0.779s] DEBUG:colcon.colcon_core.package_identification:Package 'perception/smoreo' with type 'ros.ament_python' and name 'smoreo'
[0.779s] Level 1:colcon.colcon_core.package_identification:_identify(perception/smornn) by extensions ['ignore', 'ignore_ament_install']
[0.779s] Level 1:colcon.colcon_core.package_identification:_identify(perception/smornn) by extension 'ignore'
[0.779s] Level 1:colcon.colcon_core.package_identification:_identify(perception/smornn) by extension 'ignore_ament_install'
[0.779s] Level 1:colcon.colcon_core.package_identification:_identify(perception/smornn) by extensions ['colcon_pkg']
[0.779s] Level 1:colcon.colcon_core.package_identification:_identify(perception/smornn) by extension 'colcon_pkg'
[0.779s] Level 1:colcon.colcon_core.package_identification:_identify(perception/smornn) by extensions ['colcon_meta']
[0.779s] Level 1:colcon.colcon_core.package_identification:_identify(perception/smornn) by extension 'colcon_meta'
[0.779s] Level 1:colcon.colcon_core.package_identification:_identify(perception/smornn) by extensions ['ros']
[0.779s] Level 1:colcon.colcon_core.package_identification:_identify(perception/smornn) by extension 'ros'
[0.780s] DEBUG:colcon.colcon_core.package_identification:Package 'perception/smornn' with type 'ros.ament_python' and name 'smornn'
[0.780s] Level 1:colcon.colcon_core.package_identification:_identify(perception/tracker) by extensions ['ignore', 'ignore_ament_install']
[0.780s] Level 1:colcon.colcon_core.package_identification:_identify(perception/tracker) by extension 'ignore'
[0.780s] Level 1:colcon.colcon_core.package_identification:_identify(perception/tracker) by extension 'ignore_ament_install'
[0.780s] Level 1:colcon.colcon_core.package_identification:_identify(perception/tracker) by extensions ['colcon_pkg']
[0.780s] Level 1:colcon.colcon_core.package_identification:_identify(perception/tracker) by extension 'colcon_pkg'
[0.780s] Level 1:colcon.colcon_core.package_identification:_identify(perception/tracker) by extensions ['colcon_meta']
[0.780s] Level 1:colcon.colcon_core.package_identification:_identify(perception/tracker) by extension 'colcon_meta'
[0.780s] Level 1:colcon.colcon_core.package_identification:_identify(perception/tracker) by extensions ['ros']
[0.780s] Level 1:colcon.colcon_core.package_identification:_identify(perception/tracker) by extension 'ros'
[0.781s] DEBUG:colcon.colcon_core.package_identification:Package 'perception/tracker' with type 'ros.ament_python' and name 'tracker'
[0.781s] Level 1:colcon.colcon_core.package_identification:_identify(perception/visualizer) by extensions ['ignore', 'ignore_ament_install']
[0.781s] Level 1:colcon.colcon_core.package_identification:_identify(perception/visualizer) by extension 'ignore'
[0.781s] Level 1:colcon.colcon_core.package_identification:_identify(perception/visualizer) by extension 'ignore_ament_install'
[0.781s] Level 1:colcon.colcon_core.package_identification:_identify(perception/visualizer) by extensions ['colcon_pkg']
[0.781s] Level 1:colcon.colcon_core.package_identification:_identify(perception/visualizer) by extension 'colcon_pkg'
[0.781s] Level 1:colcon.colcon_core.package_identification:_identify(perception/visualizer) by extensions ['colcon_meta']
[0.781s] Level 1:colcon.colcon_core.package_identification:_identify(perception/visualizer) by extension 'colcon_meta'
[0.781s] Level 1:colcon.colcon_core.package_identification:_identify(perception/visualizer) by extensions ['ros']
[0.781s] Level 1:colcon.colcon_core.package_identification:_identify(perception/visualizer) by extension 'ros'
[0.782s] DEBUG:colcon.colcon_core.package_identification:Package 'perception/visualizer' with type 'ros.ament_python' and name 'visualizer'
[0.782s] Level 1:colcon.colcon_core.package_identification:_identify(perception/yolov8) by extensions ['ignore', 'ignore_ament_install']
[0.782s] Level 1:colcon.colcon_core.package_identification:_identify(perception/yolov8) by extension 'ignore'
[0.782s] Level 1:colcon.colcon_core.package_identification:_identify(perception/yolov8) by extension 'ignore_ament_install'
[0.782s] Level 1:colcon.colcon_core.package_identification:_identify(perception/yolov8) by extensions ['colcon_pkg']
[0.782s] Level 1:colcon.colcon_core.package_identification:_identify(perception/yolov8) by extension 'colcon_pkg'
[0.782s] Level 1:colcon.colcon_core.package_identification:_identify(perception/yolov8) by extensions ['colcon_meta']
[0.783s] Level 1:colcon.colcon_core.package_identification:_identify(perception/yolov8) by extension 'colcon_meta'
[0.783s] Level 1:colcon.colcon_core.package_identification:_identify(perception/yolov8) by extensions ['ros']
[0.783s] Level 1:colcon.colcon_core.package_identification:_identify(perception/yolov8) by extension 'ros'
[0.784s] DEBUG:colcon.colcon_core.package_identification:Package 'perception/yolov8' with type 'ros.ament_python' and name 'yolov8'
[0.784s] Level 1:colcon.colcon_core.package_identification:_identify(planning) by extensions ['ignore', 'ignore_ament_install']
[0.784s] Level 1:colcon.colcon_core.package_identification:_identify(planning) by extension 'ignore'
[0.784s] Level 1:colcon.colcon_core.package_identification:_identify(planning) by extension 'ignore_ament_install'
[0.784s] Level 1:colcon.colcon_core.package_identification:_identify(planning) by extensions ['colcon_pkg']
[0.784s] Level 1:colcon.colcon_core.package_identification:_identify(planning) by extension 'colcon_pkg'
[0.784s] Level 1:colcon.colcon_core.package_identification:_identify(planning) by extensions ['colcon_meta']
[0.784s] Level 1:colcon.colcon_core.package_identification:_identify(planning) by extension 'colcon_meta'
[0.784s] Level 1:colcon.colcon_core.package_identification:_identify(planning) by extensions ['ros']
[0.784s] Level 1:colcon.colcon_core.package_identification:_identify(planning) by extension 'ros'
[0.784s] Level 1:colcon.colcon_core.package_identification:_identify(planning) by extensions ['cmake', 'python']
[0.784s] Level 1:colcon.colcon_core.package_identification:_identify(planning) by extension 'cmake'
[0.785s] Level 1:colcon.colcon_core.package_identification:_identify(planning) by extension 'python'
[0.785s] Level 1:colcon.colcon_core.package_identification:_identify(planning) by extensions ['python_setup_py']
[0.785s] Level 1:colcon.colcon_core.package_identification:_identify(planning) by extension 'python_setup_py'
[0.785s] Level 1:colcon.colcon_core.package_identification:_identify(planning/planning_apf) by extensions ['ignore', 'ignore_ament_install']
[0.785s] Level 1:colcon.colcon_core.package_identification:_identify(planning/planning_apf) by extension 'ignore'
[0.785s] Level 1:colcon.colcon_core.package_identification:_identify(planning/planning_apf) by extension 'ignore_ament_install'
[0.785s] Level 1:colcon.colcon_core.package_identification:_identify(planning/planning_apf) by extensions ['colcon_pkg']
[0.785s] Level 1:colcon.colcon_core.package_identification:_identify(planning/planning_apf) by extension 'colcon_pkg'
[0.785s] Level 1:colcon.colcon_core.package_identification:_identify(planning/planning_apf) by extensions ['colcon_meta']
[0.785s] Level 1:colcon.colcon_core.package_identification:_identify(planning/planning_apf) by extension 'colcon_meta'
[0.786s] Level 1:colcon.colcon_core.package_identification:_identify(planning/planning_apf) by extensions ['ros']
[0.786s] Level 1:colcon.colcon_core.package_identification:_identify(planning/planning_apf) by extension 'ros'
[0.786s] DEBUG:colcon.colcon_core.package_identification:Package 'planning/planning_apf' with type 'ros.catkin' and name 'planning_apf'
[0.786s] Level 1:colcon.colcon_core.package_identification:_identify(planning/planning_trees) by extensions ['ignore', 'ignore_ament_install']
[0.786s] Level 1:colcon.colcon_core.package_identification:_identify(planning/planning_trees) by extension 'ignore'
[0.786s] Level 1:colcon.colcon_core.package_identification:_identify(planning/planning_trees) by extension 'ignore_ament_install'
[0.787s] Level 1:colcon.colcon_core.package_identification:_identify(planning/planning_trees) by extensions ['colcon_pkg']
[0.787s] Level 1:colcon.colcon_core.package_identification:_identify(planning/planning_trees) by extension 'colcon_pkg'
[0.787s] Level 1:colcon.colcon_core.package_identification:_identify(planning/planning_trees) by extensions ['colcon_meta']
[0.787s] Level 1:colcon.colcon_core.package_identification:_identify(planning/planning_trees) by extension 'colcon_meta'
[0.787s] Level 1:colcon.colcon_core.package_identification:_identify(planning/planning_trees) by extensions ['ros']
[0.787s] Level 1:colcon.colcon_core.package_identification:_identify(planning/planning_trees) by extension 'ros'
[0.787s] DEBUG:colcon.colcon_core.package_identification:Package 'planning/planning_trees' with type 'ros.catkin' and name 'planning_trees'
[0.787s] Level 1:colcon.colcon_core.package_identification:_identify(planning/waypoint_cleaner) by extensions ['ignore', 'ignore_ament_install']
[0.787s] Level 1:colcon.colcon_core.package_identification:_identify(planning/waypoint_cleaner) by extension 'ignore'
[0.787s] Level 1:colcon.colcon_core.package_identification:_identify(planning/waypoint_cleaner) by extension 'ignore_ament_install'
[0.787s] Level 1:colcon.colcon_core.package_identification:_identify(planning/waypoint_cleaner) by extensions ['colcon_pkg']
[0.787s] Level 1:colcon.colcon_core.package_identification:_identify(planning/waypoint_cleaner) by extension 'colcon_pkg'
[0.788s] Level 1:colcon.colcon_core.package_identification:_identify(planning/waypoint_cleaner) by extensions ['colcon_meta']
[0.788s] Level 1:colcon.colcon_core.package_identification:_identify(planning/waypoint_cleaner) by extension 'colcon_meta'
[0.788s] Level 1:colcon.colcon_core.package_identification:_identify(planning/waypoint_cleaner) by extensions ['ros']
[0.788s] Level 1:colcon.colcon_core.package_identification:_identify(planning/waypoint_cleaner) by extension 'ros'
[0.788s] DEBUG:colcon.colcon_core.package_identification:Package 'planning/waypoint_cleaner' with type 'ros.catkin' and name 'waypoint_cleaner'
[0.788s] Level 1:colcon.colcon_core.package_identification:_identify(slam) by extensions ['ignore', 'ignore_ament_install']
[0.788s] Level 1:colcon.colcon_core.package_identification:_identify(slam) by extension 'ignore'
[0.788s] Level 1:colcon.colcon_core.package_identification:_identify(slam) by extension 'ignore_ament_install'
[0.788s] Level 1:colcon.colcon_core.package_identification:_identify(slam) by extensions ['colcon_pkg']
[0.788s] Level 1:colcon.colcon_core.package_identification:_identify(slam) by extension 'colcon_pkg'
[0.789s] Level 1:colcon.colcon_core.package_identification:_identify(slam) by extensions ['colcon_meta']
[0.789s] Level 1:colcon.colcon_core.package_identification:_identify(slam) by extension 'colcon_meta'
[0.789s] Level 1:colcon.colcon_core.package_identification:_identify(slam) by extensions ['ros']
[0.789s] Level 1:colcon.colcon_core.package_identification:_identify(slam) by extension 'ros'
[0.789s] Level 1:colcon.colcon_core.package_identification:_identify(slam) by extensions ['cmake', 'python']
[0.789s] Level 1:colcon.colcon_core.package_identification:_identify(slam) by extension 'cmake'
[0.789s] Level 1:colcon.colcon_core.package_identification:_identify(slam) by extension 'python'
[0.789s] Level 1:colcon.colcon_core.package_identification:_identify(slam) by extensions ['python_setup_py']
[0.789s] Level 1:colcon.colcon_core.package_identification:_identify(slam) by extension 'python_setup_py'
[0.789s] Level 1:colcon.colcon_core.package_identification:_identify(slam/aloam) by extensions ['ignore', 'ignore_ament_install']
[0.789s] Level 1:colcon.colcon_core.package_identification:_identify(slam/aloam) by extension 'ignore'
[0.789s] Level 1:colcon.colcon_core.package_identification:_identify(slam/aloam) by extension 'ignore_ament_install'
[0.789s] Level 1:colcon.colcon_core.package_identification:_identify(slam/aloam) by extensions ['colcon_pkg']
[0.789s] Level 1:colcon.colcon_core.package_identification:_identify(slam/aloam) by extension 'colcon_pkg'
[0.789s] Level 1:colcon.colcon_core.package_identification:_identify(slam/aloam) by extensions ['colcon_meta']
[0.789s] Level 1:colcon.colcon_core.package_identification:_identify(slam/aloam) by extension 'colcon_meta'
[0.789s] Level 1:colcon.colcon_core.package_identification:_identify(slam/aloam) by extensions ['ros']
[0.789s] Level 1:colcon.colcon_core.package_identification:_identify(slam/aloam) by extension 'ros'
[0.789s] Level 1:colcon.colcon_core.package_identification:_identify(slam/aloam) by extensions ['cmake', 'python']
[0.789s] Level 1:colcon.colcon_core.package_identification:_identify(slam/aloam) by extension 'cmake'
[0.789s] Level 1:colcon.colcon_core.package_identification:_identify(slam/aloam) by extension 'python'
[0.789s] Level 1:colcon.colcon_core.package_identification:_identify(slam/aloam) by extensions ['python_setup_py']
[0.789s] Level 1:colcon.colcon_core.package_identification:_identify(slam/aloam) by extension 'python_setup_py'
[0.790s] Level 1:colcon.colcon_core.package_identification:_identify(slam/fast_gicp) by extensions ['ignore', 'ignore_ament_install']
[0.790s] Level 1:colcon.colcon_core.package_identification:_identify(slam/fast_gicp) by extension 'ignore'
[0.790s] Level 1:colcon.colcon_core.package_identification:_identify(slam/fast_gicp) by extension 'ignore_ament_install'
[0.790s] Level 1:colcon.colcon_core.package_identification:_identify(slam/fast_gicp) by extensions ['colcon_pkg']
[0.790s] Level 1:colcon.colcon_core.package_identification:_identify(slam/fast_gicp) by extension 'colcon_pkg'
[0.790s] Level 1:colcon.colcon_core.package_identification:_identify(slam/fast_gicp) by extensions ['colcon_meta']
[0.790s] Level 1:colcon.colcon_core.package_identification:_identify(slam/fast_gicp) by extension 'colcon_meta'
[0.790s] Level 1:colcon.colcon_core.package_identification:_identify(slam/fast_gicp) by extensions ['ros']
[0.790s] Level 1:colcon.colcon_core.package_identification:_identify(slam/fast_gicp) by extension 'ros'
[0.790s] Level 1:colcon.colcon_core.package_identification:_identify(slam/fast_gicp) by extensions ['cmake', 'python']
[0.790s] Level 1:colcon.colcon_core.package_identification:_identify(slam/fast_gicp) by extension 'cmake'
[0.790s] Level 1:colcon.colcon_core.package_identification:_identify(slam/fast_gicp) by extension 'python'
[0.790s] Level 1:colcon.colcon_core.package_identification:_identify(slam/fast_gicp) by extensions ['python_setup_py']
[0.790s] Level 1:colcon.colcon_core.package_identification:_identify(slam/fast_gicp) by extension 'python_setup_py'
[0.790s] Level 1:colcon.colcon_core.package_identification:_identify(slam/hdl_global_localization) by extensions ['ignore', 'ignore_ament_install']
[0.790s] Level 1:colcon.colcon_core.package_identification:_identify(slam/hdl_global_localization) by extension 'ignore'
[0.790s] Level 1:colcon.colcon_core.package_identification:_identify(slam/hdl_global_localization) by extension 'ignore_ament_install'
[0.790s] Level 1:colcon.colcon_core.package_identification:_identify(slam/hdl_global_localization) by extensions ['colcon_pkg']
[0.790s] Level 1:colcon.colcon_core.package_identification:_identify(slam/hdl_global_localization) by extension 'colcon_pkg'
[0.790s] Level 1:colcon.colcon_core.package_identification:_identify(slam/hdl_global_localization) by extensions ['colcon_meta']
[0.790s] Level 1:colcon.colcon_core.package_identification:_identify(slam/hdl_global_localization) by extension 'colcon_meta'
[0.790s] Level 1:colcon.colcon_core.package_identification:_identify(slam/hdl_global_localization) by extensions ['ros']
[0.790s] Level 1:colcon.colcon_core.package_identification:_identify(slam/hdl_global_localization) by extension 'ros'
[0.791s] Level 1:colcon.colcon_core.package_identification:_identify(slam/hdl_global_localization) by extensions ['cmake', 'python']
[0.791s] Level 1:colcon.colcon_core.package_identification:_identify(slam/hdl_global_localization) by extension 'cmake'
[0.791s] Level 1:colcon.colcon_core.package_identification:_identify(slam/hdl_global_localization) by extension 'python'
[0.791s] Level 1:colcon.colcon_core.package_identification:_identify(slam/hdl_global_localization) by extensions ['python_setup_py']
[0.791s] Level 1:colcon.colcon_core.package_identification:_identify(slam/hdl_global_localization) by extension 'python_setup_py'
[0.791s] Level 1:colcon.colcon_core.package_identification:_identify(slam/hdl_localization) by extensions ['ignore', 'ignore_ament_install']
[0.791s] Level 1:colcon.colcon_core.package_identification:_identify(slam/hdl_localization) by extension 'ignore'
[0.791s] Level 1:colcon.colcon_core.package_identification:_identify(slam/hdl_localization) by extension 'ignore_ament_install'
[0.791s] Level 1:colcon.colcon_core.package_identification:_identify(slam/hdl_localization) by extensions ['colcon_pkg']
[0.791s] Level 1:colcon.colcon_core.package_identification:_identify(slam/hdl_localization) by extension 'colcon_pkg'
[0.791s] Level 1:colcon.colcon_core.package_identification:_identify(slam/hdl_localization) by extensions ['colcon_meta']
[0.791s] Level 1:colcon.colcon_core.package_identification:_identify(slam/hdl_localization) by extension 'colcon_meta'
[0.791s] Level 1:colcon.colcon_core.package_identification:_identify(slam/hdl_localization) by extensions ['ros']
[0.791s] Level 1:colcon.colcon_core.package_identification:_identify(slam/hdl_localization) by extension 'ros'
[0.791s] Level 1:colcon.colcon_core.package_identification:_identify(slam/hdl_localization) by extensions ['cmake', 'python']
[0.791s] Level 1:colcon.colcon_core.package_identification:_identify(slam/hdl_localization) by extension 'cmake'
[0.791s] Level 1:colcon.colcon_core.package_identification:_identify(slam/hdl_localization) by extension 'python'
[0.791s] Level 1:colcon.colcon_core.package_identification:_identify(slam/hdl_localization) by extensions ['python_setup_py']
[0.792s] Level 1:colcon.colcon_core.package_identification:_identify(slam/hdl_localization) by extension 'python_setup_py'
[0.792s] Level 1:colcon.colcon_core.package_identification:_identify(slam/ndt_omp) by extensions ['ignore', 'ignore_ament_install']
[0.792s] Level 1:colcon.colcon_core.package_identification:_identify(slam/ndt_omp) by extension 'ignore'
[0.792s] Level 1:colcon.colcon_core.package_identification:_identify(slam/ndt_omp) by extension 'ignore_ament_install'
[0.792s] Level 1:colcon.colcon_core.package_identification:_identify(slam/ndt_omp) by extensions ['colcon_pkg']
[0.792s] Level 1:colcon.colcon_core.package_identification:_identify(slam/ndt_omp) by extension 'colcon_pkg'
[0.792s] Level 1:colcon.colcon_core.package_identification:_identify(slam/ndt_omp) by extensions ['colcon_meta']
[0.792s] Level 1:colcon.colcon_core.package_identification:_identify(slam/ndt_omp) by extension 'colcon_meta'
[0.792s] Level 1:colcon.colcon_core.package_identification:_identify(slam/ndt_omp) by extensions ['ros']
[0.792s] Level 1:colcon.colcon_core.package_identification:_identify(slam/ndt_omp) by extension 'ros'
[0.792s] Level 1:colcon.colcon_core.package_identification:_identify(slam/ndt_omp) by extensions ['cmake', 'python']
[0.792s] Level 1:colcon.colcon_core.package_identification:_identify(slam/ndt_omp) by extension 'cmake'
[0.792s] Level 1:colcon.colcon_core.package_identification:_identify(slam/ndt_omp) by extension 'python'
[0.792s] Level 1:colcon.colcon_core.package_identification:_identify(slam/ndt_omp) by extensions ['python_setup_py']
[0.792s] Level 1:colcon.colcon_core.package_identification:_identify(slam/ndt_omp) by extension 'python_setup_py'
[0.792s] Level 1:colcon.colcon_core.package_identification:_identify(slam/slam_manager) by extensions ['ignore', 'ignore_ament_install']
[0.793s] Level 1:colcon.colcon_core.package_identification:_identify(slam/slam_manager) by extension 'ignore'
[0.793s] Level 1:colcon.colcon_core.package_identification:_identify(slam/slam_manager) by extension 'ignore_ament_install'
[0.793s] Level 1:colcon.colcon_core.package_identification:_identify(slam/slam_manager) by extensions ['colcon_pkg']
[0.793s] Level 1:colcon.colcon_core.package_identification:_identify(slam/slam_manager) by extension 'colcon_pkg'
[0.793s] Level 1:colcon.colcon_core.package_identification:_identify(slam/slam_manager) by extensions ['colcon_meta']
[0.793s] Level 1:colcon.colcon_core.package_identification:_identify(slam/slam_manager) by extension 'colcon_meta'
[0.793s] Level 1:colcon.colcon_core.package_identification:_identify(slam/slam_manager) by extensions ['ros']
[0.793s] Level 1:colcon.colcon_core.package_identification:_identify(slam/slam_manager) by extension 'ros'
[0.794s] DEBUG:colcon.colcon_core.package_identification:Package 'slam/slam_manager' with type 'ros.catkin' and name 'slam_manager'
[0.794s] Level 1:colcon.colcon_core.package_identification:_identify(slam/trapper) by extensions ['ignore', 'ignore_ament_install']
[0.794s] Level 1:colcon.colcon_core.package_identification:_identify(slam/trapper) by extension 'ignore'
[0.794s] Level 1:colcon.colcon_core.package_identification:_identify(slam/trapper) by extension 'ignore_ament_install'
[0.794s] Level 1:colcon.colcon_core.package_identification:_identify(slam/trapper) by extensions ['colcon_pkg']
[0.794s] Level 1:colcon.colcon_core.package_identification:_identify(slam/trapper) by extension 'colcon_pkg'
[0.794s] Level 1:colcon.colcon_core.package_identification:_identify(slam/trapper) by extensions ['colcon_meta']
[0.794s] Level 1:colcon.colcon_core.package_identification:_identify(slam/trapper) by extension 'colcon_meta'
[0.794s] Level 1:colcon.colcon_core.package_identification:_identify(slam/trapper) by extensions ['ros']
[0.794s] Level 1:colcon.colcon_core.package_identification:_identify(slam/trapper) by extension 'ros'
[0.795s] DEBUG:colcon.colcon_core.package_identification:Package 'slam/trapper' with type 'ros.catkin' and name 'trapper'
[0.795s] Level 1:colcon.colcon_core.package_identification:_identify(supervisor) by extensions ['ignore', 'ignore_ament_install']
[0.795s] Level 1:colcon.colcon_core.package_identification:_identify(supervisor) by extension 'ignore'
[0.795s] Level 1:colcon.colcon_core.package_identification:_identify(supervisor) by extension 'ignore_ament_install'
[0.795s] Level 1:colcon.colcon_core.package_identification:_identify(supervisor) by extensions ['colcon_pkg']
[0.795s] Level 1:colcon.colcon_core.package_identification:_identify(supervisor) by extension 'colcon_pkg'
[0.795s] Level 1:colcon.colcon_core.package_identification:_identify(supervisor) by extensions ['colcon_meta']
[0.795s] Level 1:colcon.colcon_core.package_identification:_identify(supervisor) by extension 'colcon_meta'
[0.795s] Level 1:colcon.colcon_core.package_identification:_identify(supervisor) by extensions ['ros']
[0.795s] Level 1:colcon.colcon_core.package_identification:_identify(supervisor) by extension 'ros'
[0.796s] DEBUG:colcon.colcon_core.package_identification:Package 'supervisor' with type 'ros.catkin' and name 'supervisor'
[0.796s] Level 1:colcon.colcon_core.package_discovery:discover_packages(recursive) using defaults
[0.796s] Level 1:colcon.colcon_core.package_discovery:discover_packages(ignore) discover
[0.796s] Level 1:colcon.colcon_core.package_discovery:discover_packages(ignore) using defaults
[0.796s] Level 1:colcon.colcon_core.package_discovery:discover_packages(path) discover
[0.796s] Level 1:colcon.colcon_core.package_discovery:discover_packages(path) using defaults
[0.817s] INFO:colcon.colcon_core.package_selection:Skipping not selected package 'asurt_msgs' in 'dependencies/asurt_msgs'
[0.817s] INFO:colcon.colcon_core.package_selection:Skipping not selected package 'camera_interface' in 'perception/camera_interface'
[0.817s] INFO:colcon.colcon_core.package_selection:Skipping not selected package 'centerline_calc' in 'navigation/centerline_calc'
[0.817s] INFO:colcon.colcon_core.package_selection:Skipping not selected package 'common_params' in 'dependencies/common_params'
[0.817s] INFO:colcon.colcon_core.package_selection:Skipping not selected package 'eufs_msgs' in 'dependencies/eufs_msgs'
[0.817s] INFO:colcon.colcon_core.package_selection:Skipping not selected package 'interfaces' in 'dependencies/interfaces'
[0.817s] INFO:colcon.colcon_core.package_selection:Skipping not selected package 'kp_reg' in 'perception/kp_reg'
[0.817s] INFO:colcon.colcon_core.package_selection:Skipping not selected package 'lqr' in 'navigation/lqr'
[0.817s] INFO:colcon.colcon_core.package_selection:Skipping not selected package 'planning_apf' in 'planning/planning_apf'
[0.817s] INFO:colcon.colcon_core.package_selection:Skipping not selected package 'planning_trees' in 'planning/planning_trees'
[0.817s] INFO:colcon.colcon_core.package_selection:Skipping not selected package 'slam_manager' in 'slam/slam_manager'
[0.817s] INFO:colcon.colcon_core.package_selection:Skipping not selected package 'waypoint_cleaner' in 'planning/waypoint_cleaner'
[0.817s] INFO:colcon.colcon_core.package_selection:Skipping not selected package 'zed_opencv' in 'dependencies/zed_opencv'
[0.817s] INFO:colcon.colcon_core.package_selection:Skipping not selected package 'moreo' in 'perception/moreo'
[0.817s] INFO:colcon.colcon_core.package_selection:Skipping not selected package 'smoreo' in 'perception/smoreo'
[0.817s] INFO:colcon.colcon_core.package_selection:Skipping not selected package 'visualizer' in 'perception/visualizer'
[0.817s] INFO:colcon.colcon_core.package_selection:Skipping not selected package 'yolov8' in 'perception/yolov8'
[0.817s] INFO:colcon.colcon_core.package_selection:Skipping not selected package 'mrpython_pcl' in 'perception/mrpython_pcl'
[0.817s] INFO:colcon.colcon_core.package_selection:Skipping not selected package 'pure_pursuit' in 'navigation/pure_pursuit'
[0.817s] INFO:colcon.colcon_core.package_selection:Skipping not selected package 'simple_pure_pursuit' in 'navigation/simple_pure_pursuit'
[0.817s] INFO:colcon.colcon_core.package_selection:Skipping not selected package 'smornn' in 'perception/smornn'
[0.817s] INFO:colcon.colcon_core.package_selection:Skipping not selected package 'supervisor' in 'supervisor'
[0.817s] INFO:colcon.colcon_core.package_selection:Skipping not selected package 'tracker' in 'perception/tracker'
[0.817s] INFO:colcon.colcon_core.package_selection:Skipping not selected package 'trapper' in 'slam/trapper'
[0.818s] Level 1:colcon.colcon_core.package_discovery:discover_packages(prefix_path) check parameters
[0.818s] Level 1:colcon.colcon_core.package_discovery:discover_packages(prefix_path) discover
[0.820s] DEBUG:colcon.colcon_installed_package_information.package_discovery:Found 5 installed packages in /media/ezzedinayman/Local Disk/FS-System/fs-system/install
[0.820s] DEBUG:colcon.colcon_installed_package_information.package_discovery:Found 1 installed packages in /media/ezzedinayman/Local Disk/ASURT/fs/install
[0.820s] DEBUG:colcon.colcon_installed_package_information.package_discovery:Found 2 installed packages in /home/ezzedinayman/ros2_ws/install
[0.822s] DEBUG:colcon.colcon_installed_package_information.package_discovery:Found 379 installed packages in /opt/ros/humble
[0.824s] Level 1:colcon.colcon_core.package_discovery:discover_packages(prefix_path) using defaults
[0.863s] WARNING:colcon.colcon_core.package_selection:Some selected packages are already built in one or more underlay workspaces:
	'tf_helper' is in: /media/ezzedinayman/Local Disk/FS-System/fs-system/install/tf_helper
If a package in a merged underlay workspace is overridden and it installs headers, then all packages in the overlay must sort their include directories by workspace order. Failure to do so may result in build failures or undefined behavior at run time.
If the overridden package is used by another package in any underlay, then the overriding package in the overlay must be API and ABI compatible or undefined behavior at run time may occur.

If you understand the risks and want to override a package anyways, add the following to the command line:
	--allow-overriding tf_helper

This may be promoted to an error in a future release of colcon-override-check.
[0.864s] Level 5:colcon.colcon_core.verb:set package 'tf_helper' build argument 'cmake_args' from command line to 'None'
[0.865s] Level 5:colcon.colcon_core.verb:set package 'tf_helper' build argument 'cmake_target' from command line to 'None'
[0.865s] Level 5:colcon.colcon_core.verb:set package 'tf_helper' build argument 'cmake_target_skip_unavailable' from command line to 'False'
[0.865s] Level 5:colcon.colcon_core.verb:set package 'tf_helper' build argument 'cmake_clean_cache' from command line to 'False'
[0.865s] Level 5:colcon.colcon_core.verb:set package 'tf_helper' build argument 'cmake_clean_first' from command line to 'False'
[0.865s] Level 5:colcon.colcon_core.verb:set package 'tf_helper' build argument 'cmake_force_configure' from command line to 'False'
[0.865s] Level 5:colcon.colcon_core.verb:set package 'tf_helper' build argument 'ament_cmake_args' from command line to 'None'
[0.865s] Level 5:colcon.colcon_core.verb:set package 'tf_helper' build argument 'catkin_cmake_args' from command line to 'None'
[0.865s] Level 5:colcon.colcon_core.verb:set package 'tf_helper' build argument 'catkin_skip_building_tests' from command line to 'False'
[0.865s] DEBUG:colcon.colcon_core.verb:Building package 'tf_helper' with the following arguments: {'ament_cmake_args': None, 'build_base': '/media/ezzedinayman/Local Disk/FS-System/fs-system/build/tf_helper', 'catkin_cmake_args': None, 'catkin_skip_building_tests': False, 'cmake_args': None, 'cmake_clean_cache': False, 'cmake_clean_first': False, 'cmake_force_configure': False, 'cmake_target': None, 'cmake_target_skip_unavailable': False, 'install_base': '/media/ezzedinayman/Local Disk/FS-System/fs-system/install/tf_helper', 'merge_install': False, 'path': '/media/ezzedinayman/Local Disk/FS-System/fs-system/dependencies/tf_helper', 'symlink_install': False, 'test_result_base': None}
[0.865s] INFO:colcon.colcon_core.executor:Executing jobs using 'parallel' executor
[0.866s] DEBUG:colcon.colcon_parallel_executor.executor.parallel:run_until_complete
[0.866s] INFO:colcon.colcon_ros.task.catkin.build:Building ROS package in '/media/ezzedinayman/Local Disk/FS-System/fs-system/dependencies/tf_helper' with build type 'catkin'
[0.866s] INFO:colcon.colcon_cmake.task.cmake.build:Building CMake package in '/media/ezzedinayman/Local Disk/FS-System/fs-system/dependencies/tf_helper'
[0.869s] INFO:colcon.colcon_core.plugin_system:Skipping extension 'colcon_core.shell.bat': Not used on non-Windows systems
[0.869s] INFO:colcon.colcon_core.shell:Skip shell extension 'powershell' for command environment: Not usable outside of PowerShell
[0.869s] DEBUG:colcon.colcon_core.shell:Skip shell extension 'dsv' for command environment
[0.881s] DEBUG:colcon.colcon_core.event_handler.log_command:Invoking command in '/media/ezzedinayman/Local Disk/FS-System/fs-system/build/tf_helper': CMAKE_PREFIX_PATH=/media/ezzedinayman/Local Disk/FS-System/fs-system/install/asurt_msgs:/media/ezzedinayman/Local Disk/FS-System/fs-system/install/common_params /home/ezzedinayman/.local/bin/cmake /media/ezzedinayman/Local Disk/FS-System/fs-system/dependencies/tf_helper -DCATKIN_INSTALL_INTO_PREFIX_ROOT=0 -DCMAKE_INSTALL_PREFIX=/media/ezzedinayman/Local Disk/FS-System/fs-system/install/tf_helper
[0.934s] DEBUG:colcon.colcon_core.event_handler.log_command:Invoked command in '/media/ezzedinayman/Local Disk/FS-System/fs-system/build/tf_helper' returned '1': CMAKE_PREFIX_PATH=/media/ezzedinayman/Local Disk/FS-System/fs-system/install/asurt_msgs:/media/ezzedinayman/Local Disk/FS-System/fs-system/install/common_params /home/ezzedinayman/.local/bin/cmake /media/ezzedinayman/Local Disk/FS-System/fs-system/dependencies/tf_helper -DCATKIN_INSTALL_INTO_PREFIX_ROOT=0 -DCMAKE_INSTALL_PREFIX=/media/ezzedinayman/Local Disk/FS-System/fs-system/install/tf_helper
[0.967s] Level 1:colcon.colcon_core.environment:create_environment_scripts_only(tf_helper)
[0.969s] Level 1:colcon.colcon_core.environment:checking '/media/ezzedinayman/Local Disk/FS-System/fs-system/install/tf_helper' for CMake module files
[0.969s] Level 1:colcon.colcon_core.environment:checking '/media/ezzedinayman/Local Disk/FS-System/fs-system/install/tf_helper' for CMake config files
[0.969s] Level 1:colcon.colcon_core.environment:checking '/media/ezzedinayman/Local Disk/FS-System/fs-system/install/tf_helper/bin'
[0.970s] Level 1:colcon.colcon_core.environment:checking '/media/ezzedinayman/Local Disk/FS-System/fs-system/install/tf_helper/lib/pkgconfig/tf_helper.pc'
[0.970s] Level 1:colcon.colcon_core.environment:checking '/media/ezzedinayman/Local Disk/FS-System/fs-system/install/tf_helper/lib/python3.10/site-packages'
[0.970s] Level 1:colcon.colcon_core.environment:checking '/media/ezzedinayman/Local Disk/FS-System/fs-system/install/tf_helper/bin'
[0.970s] INFO:colcon.colcon_core.shell:Creating package script '/media/ezzedinayman/Local Disk/FS-System/fs-system/install/tf_helper/share/tf_helper/package.ps1'
[0.971s] INFO:colcon.colcon_core.shell:Creating package descriptor '/media/ezzedinayman/Local Disk/FS-System/fs-system/install/tf_helper/share/tf_helper/package.dsv'
[0.971s] INFO:colcon.colcon_core.shell:Creating package script '/media/ezzedinayman/Local Disk/FS-System/fs-system/install/tf_helper/share/tf_helper/package.sh'
[0.972s] INFO:colcon.colcon_core.shell:Creating package script '/media/ezzedinayman/Local Disk/FS-System/fs-system/install/tf_helper/share/tf_helper/package.bash'
[0.973s] INFO:colcon.colcon_core.shell:Creating package script '/media/ezzedinayman/Local Disk/FS-System/fs-system/install/tf_helper/share/tf_helper/package.zsh'
[0.973s] Level 1:colcon.colcon_core.environment:create_file_with_runtime_dependencies(/media/ezzedinayman/Local Disk/FS-System/fs-system/install/tf_helper/share/colcon-core/packages/tf_helper)
[0.984s] DEBUG:colcon.colcon_parallel_executor.executor.parallel:closing loop
[0.984s] DEBUG:colcon.colcon_parallel_executor.executor.parallel:loop closed
[0.984s] DEBUG:colcon.colcon_parallel_executor.executor.parallel:run_until_complete finished with '1'
[0.984s] DEBUG:colcon.colcon_core.event_reactor:joining thread
[0.989s] INFO:colcon.colcon_core.plugin_system:Skipping extension 'colcon_notification.desktop_notification.terminal_notifier': Not used on non-Darwin systems
[0.989s] INFO:colcon.colcon_core.plugin_system:Skipping extension 'colcon_notification.desktop_notification.win32': Not used on non-Windows systems
[0.989s] INFO:colcon.colcon_notification.desktop_notification:Sending desktop notification using 'notify2'
[1.001s] DEBUG:colcon.colcon_core.event_reactor:joined thread
[1.002s] INFO:colcon.colcon_core.shell:Creating prefix script '/media/ezzedinayman/Local Disk/FS-System/fs-system/install/local_setup.ps1'
[1.002s] INFO:colcon.colcon_core.shell:Creating prefix util module '/media/ezzedinayman/Local Disk/FS-System/fs-system/install/_local_setup_util_ps1.py'
[1.003s] INFO:colcon.colcon_core.shell:Creating prefix chain script '/media/ezzedinayman/Local Disk/FS-System/fs-system/install/setup.ps1'
[1.004s] INFO:colcon.colcon_core.shell:Creating prefix script '/media/ezzedinayman/Local Disk/FS-System/fs-system/install/local_setup.sh'
[1.005s] INFO:colcon.colcon_core.shell:Creating prefix util module '/media/ezzedinayman/Local Disk/FS-System/fs-system/install/_local_setup_util_sh.py'
[1.005s] INFO:colcon.colcon_core.shell:Creating prefix chain script '/media/ezzedinayman/Local Disk/FS-System/fs-system/install/setup.sh'
[1.006s] INFO:colcon.colcon_core.shell:Creating prefix script '/media/ezzedinayman/Local Disk/FS-System/fs-system/install/local_setup.bash'
[1.007s] INFO:colcon.colcon_core.shell:Creating prefix chain script '/media/ezzedinayman/Local Disk/FS-System/fs-system/install/setup.bash'
[1.008s] INFO:colcon.colcon_core.shell:Creating prefix script '/media/ezzedinayman/Local Disk/FS-System/fs-system/install/local_setup.zsh'
[1.008s] INFO:colcon.colcon_core.shell:Creating prefix chain script '/media/ezzedinayman/Local Disk/FS-System/fs-system/install/setup.zsh'
