[0.785s] DEBUG:colcon:Command line arguments: ['/usr/bin/colcon', 'build', '--symlink-install', '--cmake-args', '-DCMAKE_BUILD_TYPE=Release']
[0.785s] DEBUG:colcon:Parsed command line arguments: Namespace(log_base=None, log_level=None, verb_name='build', build_base='build', install_base='install', merge_install=False, symlink_install=True, test_result_base=None, continue_on_error=False, executor='parallel', parallel_workers=12, event_handlers=None, ignore_user_meta=False, metas=['./colcon.meta'], base_paths=['.'], packages_ignore=None, packages_ignore_regex=None, paths=None, packages_up_to=None, packages_up_to_regex=None, packages_above=None, packages_above_and_dependencies=None, packages_above_depth=None, packages_select_by_dep=None, packages_skip_by_dep=None, packages_skip_up_to=None, packages_select_build_failed=False, packages_skip_build_finished=False, packages_select_test_failures=False, packages_skip_test_passed=False, packages_select=None, packages_skip=None, packages_select_regex=None, packages_skip_regex=None, packages_start=None, packages_end=None, allow_overriding=[], cmake_args=['-DCMAKE_BUILD_TYPE=Release'], cmake_target=None, cmake_target_skip_unavailable=False, cmake_clean_cache=False, cmake_clean_first=False, cmake_force_configure=False, ament_cmake_args=None, catkin_cmake_args=None, catkin_skip_building_tests=False, verb_parser=<colcon_defaults.argument_parser.defaults.DefaultArgumentsDecorator object at 0x7f2a06757fa0>, verb_extension=<colcon_core.verb.build.BuildVerb object at 0x7f2a06755a80>, main=<bound method BuildVerb.main of <colcon_core.verb.build.BuildVerb object at 0x7f2a06755a80>>)
[0.822s] Level 1:colcon.colcon_core.package_discovery:discover_packages(colcon_meta) check parameters
[0.822s] Level 1:colcon.colcon_core.package_discovery:discover_packages(recursive) check parameters
[0.822s] Level 1:colcon.colcon_core.package_discovery:discover_packages(ignore) check parameters
[0.822s] Level 1:colcon.colcon_core.package_discovery:discover_packages(path) check parameters
[0.822s] Level 1:colcon.colcon_core.package_discovery:discover_packages(colcon_meta) discover
[0.822s] Level 1:colcon.colcon_core.package_discovery:discover_packages(recursive) discover
[0.823s] INFO:colcon.colcon_core.package_discovery:Crawling recursively for packages in '/home/hazem/ros2_ws'
[0.823s] Level 1:colcon.colcon_core.package_identification:_identify(.) by extensions ['ignore', 'ignore_ament_install']
[0.823s] Level 1:colcon.colcon_core.package_identification:_identify(.) by extension 'ignore'
[0.823s] Level 1:colcon.colcon_core.package_identification:_identify(.) by extension 'ignore_ament_install'
[0.823s] Level 1:colcon.colcon_core.package_identification:_identify(.) by extensions ['colcon_pkg']
[0.823s] Level 1:colcon.colcon_core.package_identification:_identify(.) by extension 'colcon_pkg'
[0.823s] Level 1:colcon.colcon_core.package_identification:_identify(.) by extensions ['colcon_meta']
[0.823s] Level 1:colcon.colcon_core.package_identification:_identify(.) by extension 'colcon_meta'
[0.823s] Level 1:colcon.colcon_core.package_identification:_identify(.) by extensions ['ros']
[0.823s] Level 1:colcon.colcon_core.package_identification:_identify(.) by extension 'ros'
[0.831s] Level 1:colcon.colcon_core.package_identification:_identify(.) by extensions ['cmake', 'python']
[0.831s] Level 1:colcon.colcon_core.package_identification:_identify(.) by extension 'cmake'
[0.831s] Level 1:colcon.colcon_core.package_identification:_identify(.) by extension 'python'
[0.831s] Level 1:colcon.colcon_core.package_identification:_identify(.) by extensions ['python_setup_py']
[0.831s] Level 1:colcon.colcon_core.package_identification:_identify(.) by extension 'python_setup_py'
[0.832s] Level 1:colcon.colcon_core.package_identification:_identify(build) by extensions ['ignore', 'ignore_ament_install']
[0.832s] Level 1:colcon.colcon_core.package_identification:_identify(build) by extension 'ignore'
[0.832s] Level 1:colcon.colcon_core.package_identification:_identify(build) ignored
[0.832s] Level 1:colcon.colcon_core.package_identification:_identify(install) by extensions ['ignore', 'ignore_ament_install']
[0.832s] Level 1:colcon.colcon_core.package_identification:_identify(install) by extension 'ignore'
[0.832s] Level 1:colcon.colcon_core.package_identification:_identify(install) ignored
[0.832s] Level 1:colcon.colcon_core.package_identification:_identify(log) by extensions ['ignore', 'ignore_ament_install']
[0.832s] Level 1:colcon.colcon_core.package_identification:_identify(log) by extension 'ignore'
[0.832s] Level 1:colcon.colcon_core.package_identification:_identify(log) ignored
[0.832s] Level 1:colcon.colcon_core.package_identification:_identify(src) by extensions ['ignore', 'ignore_ament_install']
[0.832s] Level 1:colcon.colcon_core.package_identification:_identify(src) by extension 'ignore'
[0.832s] Level 1:colcon.colcon_core.package_identification:_identify(src) by extension 'ignore_ament_install'
[0.832s] Level 1:colcon.colcon_core.package_identification:_identify(src) by extensions ['colcon_pkg']
[0.832s] Level 1:colcon.colcon_core.package_identification:_identify(src) by extension 'colcon_pkg'
[0.832s] Level 1:colcon.colcon_core.package_identification:_identify(src) by extensions ['colcon_meta']
[0.832s] Level 1:colcon.colcon_core.package_identification:_identify(src) by extension 'colcon_meta'
[0.832s] Level 1:colcon.colcon_core.package_identification:_identify(src) by extensions ['ros']
[0.832s] Level 1:colcon.colcon_core.package_identification:_identify(src) by extension 'ros'
[0.832s] Level 1:colcon.colcon_core.package_identification:_identify(src) by extensions ['cmake', 'python']
[0.832s] Level 1:colcon.colcon_core.package_identification:_identify(src) by extension 'cmake'
[0.833s] Level 1:colcon.colcon_core.package_identification:_identify(src) by extension 'python'
[0.833s] Level 1:colcon.colcon_core.package_identification:_identify(src) by extensions ['python_setup_py']
[0.833s] Level 1:colcon.colcon_core.package_identification:_identify(src) by extension 'python_setup_py'
[0.833s] Level 1:colcon.colcon_core.package_identification:_identify(src/lidarslam_ros2) by extensions ['ignore', 'ignore_ament_install']
[0.833s] Level 1:colcon.colcon_core.package_identification:_identify(src/lidarslam_ros2) by extension 'ignore'
[0.833s] Level 1:colcon.colcon_core.package_identification:_identify(src/lidarslam_ros2) by extension 'ignore_ament_install'
[0.833s] Level 1:colcon.colcon_core.package_identification:_identify(src/lidarslam_ros2) by extensions ['colcon_pkg']
[0.833s] Level 1:colcon.colcon_core.package_identification:_identify(src/lidarslam_ros2) by extension 'colcon_pkg'
[0.833s] Level 1:colcon.colcon_core.package_identification:_identify(src/lidarslam_ros2) by extensions ['colcon_meta']
[0.833s] Level 1:colcon.colcon_core.package_identification:_identify(src/lidarslam_ros2) by extension 'colcon_meta'
[0.833s] Level 1:colcon.colcon_core.package_identification:_identify(src/lidarslam_ros2) by extensions ['ros']
[0.833s] Level 1:colcon.colcon_core.package_identification:_identify(src/lidarslam_ros2) by extension 'ros'
[0.833s] Level 1:colcon.colcon_core.package_identification:_identify(src/lidarslam_ros2) by extensions ['cmake', 'python']
[0.833s] Level 1:colcon.colcon_core.package_identification:_identify(src/lidarslam_ros2) by extension 'cmake'
[0.833s] Level 1:colcon.colcon_core.package_identification:_identify(src/lidarslam_ros2) by extension 'python'
[0.833s] Level 1:colcon.colcon_core.package_identification:_identify(src/lidarslam_ros2) by extensions ['python_setup_py']
[0.833s] Level 1:colcon.colcon_core.package_identification:_identify(src/lidarslam_ros2) by extension 'python_setup_py'
[0.833s] Level 1:colcon.colcon_core.package_identification:_identify(src/lidarslam_ros2/Thirdparty) by extensions ['ignore', 'ignore_ament_install']
[0.833s] Level 1:colcon.colcon_core.package_identification:_identify(src/lidarslam_ros2/Thirdparty) by extension 'ignore'
[0.833s] Level 1:colcon.colcon_core.package_identification:_identify(src/lidarslam_ros2/Thirdparty) by extension 'ignore_ament_install'
[0.833s] Level 1:colcon.colcon_core.package_identification:_identify(src/lidarslam_ros2/Thirdparty) by extensions ['colcon_pkg']
[0.833s] Level 1:colcon.colcon_core.package_identification:_identify(src/lidarslam_ros2/Thirdparty) by extension 'colcon_pkg'
[0.834s] Level 1:colcon.colcon_core.package_identification:_identify(src/lidarslam_ros2/Thirdparty) by extensions ['colcon_meta']
[0.834s] Level 1:colcon.colcon_core.package_identification:_identify(src/lidarslam_ros2/Thirdparty) by extension 'colcon_meta'
[0.834s] Level 1:colcon.colcon_core.package_identification:_identify(src/lidarslam_ros2/Thirdparty) by extensions ['ros']
[0.834s] Level 1:colcon.colcon_core.package_identification:_identify(src/lidarslam_ros2/Thirdparty) by extension 'ros'
[0.834s] Level 1:colcon.colcon_core.package_identification:_identify(src/lidarslam_ros2/Thirdparty) by extensions ['cmake', 'python']
[0.834s] Level 1:colcon.colcon_core.package_identification:_identify(src/lidarslam_ros2/Thirdparty) by extension 'cmake'
[0.834s] Level 1:colcon.colcon_core.package_identification:_identify(src/lidarslam_ros2/Thirdparty) by extension 'python'
[0.834s] Level 1:colcon.colcon_core.package_identification:_identify(src/lidarslam_ros2/Thirdparty) by extensions ['python_setup_py']
[0.834s] Level 1:colcon.colcon_core.package_identification:_identify(src/lidarslam_ros2/Thirdparty) by extension 'python_setup_py'
[0.834s] Level 1:colcon.colcon_core.package_identification:_identify(src/lidarslam_ros2/Thirdparty/ndt_omp_ros2) by extensions ['ignore', 'ignore_ament_install']
[0.834s] Level 1:colcon.colcon_core.package_identification:_identify(src/lidarslam_ros2/Thirdparty/ndt_omp_ros2) by extension 'ignore'
[0.834s] Level 1:colcon.colcon_core.package_identification:_identify(src/lidarslam_ros2/Thirdparty/ndt_omp_ros2) by extension 'ignore_ament_install'
[0.834s] Level 1:colcon.colcon_core.package_identification:_identify(src/lidarslam_ros2/Thirdparty/ndt_omp_ros2) by extensions ['colcon_pkg']
[0.834s] Level 1:colcon.colcon_core.package_identification:_identify(src/lidarslam_ros2/Thirdparty/ndt_omp_ros2) by extension 'colcon_pkg'
[0.834s] Level 1:colcon.colcon_core.package_identification:_identify(src/lidarslam_ros2/Thirdparty/ndt_omp_ros2) by extensions ['colcon_meta']
[0.834s] Level 1:colcon.colcon_core.package_identification:_identify(src/lidarslam_ros2/Thirdparty/ndt_omp_ros2) by extension 'colcon_meta'
[0.834s] Level 1:colcon.colcon_core.package_identification:_identify(src/lidarslam_ros2/Thirdparty/ndt_omp_ros2) by extensions ['ros']
[0.834s] Level 1:colcon.colcon_core.package_identification:_identify(src/lidarslam_ros2/Thirdparty/ndt_omp_ros2) by extension 'ros'
[0.836s] DEBUG:colcon.colcon_core.package_identification:Package 'src/lidarslam_ros2/Thirdparty/ndt_omp_ros2' with type 'ros.ament_cmake' and name 'ndt_omp_ros2'
[0.836s] Level 1:colcon.colcon_core.package_identification:_identify(src/lidarslam_ros2/graph_based_slam) by extensions ['ignore', 'ignore_ament_install']
[0.836s] Level 1:colcon.colcon_core.package_identification:_identify(src/lidarslam_ros2/graph_based_slam) by extension 'ignore'
[0.836s] Level 1:colcon.colcon_core.package_identification:_identify(src/lidarslam_ros2/graph_based_slam) by extension 'ignore_ament_install'
[0.836s] Level 1:colcon.colcon_core.package_identification:_identify(src/lidarslam_ros2/graph_based_slam) by extensions ['colcon_pkg']
[0.836s] Level 1:colcon.colcon_core.package_identification:_identify(src/lidarslam_ros2/graph_based_slam) by extension 'colcon_pkg'
[0.836s] Level 1:colcon.colcon_core.package_identification:_identify(src/lidarslam_ros2/graph_based_slam) by extensions ['colcon_meta']
[0.836s] Level 1:colcon.colcon_core.package_identification:_identify(src/lidarslam_ros2/graph_based_slam) by extension 'colcon_meta'
[0.836s] Level 1:colcon.colcon_core.package_identification:_identify(src/lidarslam_ros2/graph_based_slam) by extensions ['ros']
[0.836s] Level 1:colcon.colcon_core.package_identification:_identify(src/lidarslam_ros2/graph_based_slam) by extension 'ros'
[0.837s] DEBUG:colcon.colcon_core.package_identification:Package 'src/lidarslam_ros2/graph_based_slam' with type 'ros.ament_cmake' and name 'graph_based_slam'
[0.838s] Level 1:colcon.colcon_core.package_identification:_identify(src/lidarslam_ros2/lidarslam) by extensions ['ignore', 'ignore_ament_install']
[0.838s] Level 1:colcon.colcon_core.package_identification:_identify(src/lidarslam_ros2/lidarslam) by extension 'ignore'
[0.838s] Level 1:colcon.colcon_core.package_identification:_identify(src/lidarslam_ros2/lidarslam) by extension 'ignore_ament_install'
[0.838s] Level 1:colcon.colcon_core.package_identification:_identify(src/lidarslam_ros2/lidarslam) by extensions ['colcon_pkg']
[0.838s] Level 1:colcon.colcon_core.package_identification:_identify(src/lidarslam_ros2/lidarslam) by extension 'colcon_pkg'
[0.838s] Level 1:colcon.colcon_core.package_identification:_identify(src/lidarslam_ros2/lidarslam) by extensions ['colcon_meta']
[0.838s] Level 1:colcon.colcon_core.package_identification:_identify(src/lidarslam_ros2/lidarslam) by extension 'colcon_meta'
[0.838s] Level 1:colcon.colcon_core.package_identification:_identify(src/lidarslam_ros2/lidarslam) by extensions ['ros']
[0.838s] Level 1:colcon.colcon_core.package_identification:_identify(src/lidarslam_ros2/lidarslam) by extension 'ros'
[0.839s] DEBUG:colcon.colcon_core.package_identification:Package 'src/lidarslam_ros2/lidarslam' with type 'ros.ament_cmake' and name 'lidarslam'
[0.839s] Level 1:colcon.colcon_core.package_identification:_identify(src/lidarslam_ros2/lidarslam_msgs) by extensions ['ignore', 'ignore_ament_install']
[0.839s] Level 1:colcon.colcon_core.package_identification:_identify(src/lidarslam_ros2/lidarslam_msgs) by extension 'ignore'
[0.839s] Level 1:colcon.colcon_core.package_identification:_identify(src/lidarslam_ros2/lidarslam_msgs) by extension 'ignore_ament_install'
[0.839s] Level 1:colcon.colcon_core.package_identification:_identify(src/lidarslam_ros2/lidarslam_msgs) by extensions ['colcon_pkg']
[0.839s] Level 1:colcon.colcon_core.package_identification:_identify(src/lidarslam_ros2/lidarslam_msgs) by extension 'colcon_pkg'
[0.839s] Level 1:colcon.colcon_core.package_identification:_identify(src/lidarslam_ros2/lidarslam_msgs) by extensions ['colcon_meta']
[0.839s] Level 1:colcon.colcon_core.package_identification:_identify(src/lidarslam_ros2/lidarslam_msgs) by extension 'colcon_meta'
[0.839s] Level 1:colcon.colcon_core.package_identification:_identify(src/lidarslam_ros2/lidarslam_msgs) by extensions ['ros']
[0.839s] Level 1:colcon.colcon_core.package_identification:_identify(src/lidarslam_ros2/lidarslam_msgs) by extension 'ros'
[0.840s] DEBUG:colcon.colcon_core.package_identification:Package 'src/lidarslam_ros2/lidarslam_msgs' with type 'ros.ament_cmake' and name 'lidarslam_msgs'
[0.840s] Level 1:colcon.colcon_core.package_identification:_identify(src/lidarslam_ros2/scanmatcher) by extensions ['ignore', 'ignore_ament_install']
[0.840s] Level 1:colcon.colcon_core.package_identification:_identify(src/lidarslam_ros2/scanmatcher) by extension 'ignore'
[0.840s] Level 1:colcon.colcon_core.package_identification:_identify(src/lidarslam_ros2/scanmatcher) by extension 'ignore_ament_install'
[0.840s] Level 1:colcon.colcon_core.package_identification:_identify(src/lidarslam_ros2/scanmatcher) by extensions ['colcon_pkg']
[0.840s] Level 1:colcon.colcon_core.package_identification:_identify(src/lidarslam_ros2/scanmatcher) by extension 'colcon_pkg'
[0.840s] Level 1:colcon.colcon_core.package_identification:_identify(src/lidarslam_ros2/scanmatcher) by extensions ['colcon_meta']
[0.840s] Level 1:colcon.colcon_core.package_identification:_identify(src/lidarslam_ros2/scanmatcher) by extension 'colcon_meta'
[0.840s] Level 1:colcon.colcon_core.package_identification:_identify(src/lidarslam_ros2/scanmatcher) by extensions ['ros']
[0.840s] Level 1:colcon.colcon_core.package_identification:_identify(src/lidarslam_ros2/scanmatcher) by extension 'ros'
[0.841s] DEBUG:colcon.colcon_core.package_identification:Package 'src/lidarslam_ros2/scanmatcher' with type 'ros.ament_cmake' and name 'scanmatcher'
[0.841s] Level 1:colcon.colcon_core.package_discovery:discover_packages(recursive) using defaults
[0.841s] Level 1:colcon.colcon_core.package_discovery:discover_packages(ignore) discover
[0.841s] Level 1:colcon.colcon_core.package_discovery:discover_packages(ignore) using defaults
[0.841s] Level 1:colcon.colcon_core.package_discovery:discover_packages(path) discover
[0.842s] Level 1:colcon.colcon_core.package_discovery:discover_packages(path) using defaults
[0.914s] Level 1:colcon.colcon_core.package_discovery:discover_packages(prefix_path) check parameters
[0.914s] Level 1:colcon.colcon_core.package_discovery:discover_packages(prefix_path) discover
[0.939s] DEBUG:colcon.colcon_installed_package_information.package_discovery:Found 270 installed packages in /opt/ros/humble
[0.940s] Level 1:colcon.colcon_core.package_discovery:discover_packages(prefix_path) using defaults
[1.039s] Level 5:colcon.colcon_core.verb:set package 'lidarslam_msgs' build argument 'cmake_args' from command line to '['-DCMAKE_BUILD_TYPE=Release']'
[1.039s] Level 5:colcon.colcon_core.verb:set package 'lidarslam_msgs' build argument 'cmake_target' from command line to 'None'
[1.039s] Level 5:colcon.colcon_core.verb:set package 'lidarslam_msgs' build argument 'cmake_target_skip_unavailable' from command line to 'False'
[1.039s] Level 5:colcon.colcon_core.verb:set package 'lidarslam_msgs' build argument 'cmake_clean_cache' from command line to 'False'
[1.039s] Level 5:colcon.colcon_core.verb:set package 'lidarslam_msgs' build argument 'cmake_clean_first' from command line to 'False'
[1.039s] Level 5:colcon.colcon_core.verb:set package 'lidarslam_msgs' build argument 'cmake_force_configure' from command line to 'False'
[1.039s] Level 5:colcon.colcon_core.verb:set package 'lidarslam_msgs' build argument 'ament_cmake_args' from command line to 'None'
[1.039s] Level 5:colcon.colcon_core.verb:set package 'lidarslam_msgs' build argument 'catkin_cmake_args' from command line to 'None'
[1.039s] Level 5:colcon.colcon_core.verb:set package 'lidarslam_msgs' build argument 'catkin_skip_building_tests' from command line to 'False'
[1.039s] DEBUG:colcon.colcon_core.verb:Building package 'lidarslam_msgs' with the following arguments: {'ament_cmake_args': None, 'build_base': '/home/hazem/ros2_ws/build/lidarslam_msgs', 'catkin_cmake_args': None, 'catkin_skip_building_tests': False, 'cmake_args': ['-DCMAKE_BUILD_TYPE=Release'], 'cmake_clean_cache': False, 'cmake_clean_first': False, 'cmake_force_configure': False, 'cmake_target': None, 'cmake_target_skip_unavailable': False, 'install_base': '/home/hazem/ros2_ws/install/lidarslam_msgs', 'merge_install': False, 'path': '/home/hazem/ros2_ws/src/lidarslam_ros2/lidarslam_msgs', 'symlink_install': True, 'test_result_base': None}
[1.051s] Level 5:colcon.colcon_core.verb:set package 'ndt_omp_ros2' build argument 'cmake_args' from command line to '['-DCMAKE_BUILD_TYPE=Release']'
[1.051s] Level 5:colcon.colcon_core.verb:set package 'ndt_omp_ros2' build argument 'cmake_target' from command line to 'None'
[1.051s] Level 5:colcon.colcon_core.verb:set package 'ndt_omp_ros2' build argument 'cmake_target_skip_unavailable' from command line to 'False'
[1.051s] Level 5:colcon.colcon_core.verb:set package 'ndt_omp_ros2' build argument 'cmake_clean_cache' from command line to 'False'
[1.051s] Level 5:colcon.colcon_core.verb:set package 'ndt_omp_ros2' build argument 'cmake_clean_first' from command line to 'False'
[1.051s] Level 5:colcon.colcon_core.verb:set package 'ndt_omp_ros2' build argument 'cmake_force_configure' from command line to 'False'
[1.051s] Level 5:colcon.colcon_core.verb:set package 'ndt_omp_ros2' build argument 'ament_cmake_args' from command line to 'None'
[1.051s] Level 5:colcon.colcon_core.verb:set package 'ndt_omp_ros2' build argument 'catkin_cmake_args' from command line to 'None'
[1.051s] Level 5:colcon.colcon_core.verb:set package 'ndt_omp_ros2' build argument 'catkin_skip_building_tests' from command line to 'False'
[1.051s] DEBUG:colcon.colcon_core.verb:Building package 'ndt_omp_ros2' with the following arguments: {'ament_cmake_args': None, 'build_base': '/home/hazem/ros2_ws/build/ndt_omp_ros2', 'catkin_cmake_args': None, 'catkin_skip_building_tests': False, 'cmake_args': ['-DCMAKE_BUILD_TYPE=Release'], 'cmake_clean_cache': False, 'cmake_clean_first': False, 'cmake_force_configure': False, 'cmake_target': None, 'cmake_target_skip_unavailable': False, 'install_base': '/home/hazem/ros2_ws/install/ndt_omp_ros2', 'merge_install': False, 'path': '/home/hazem/ros2_ws/src/lidarslam_ros2/Thirdparty/ndt_omp_ros2', 'symlink_install': True, 'test_result_base': None}
[1.062s] Level 5:colcon.colcon_core.verb:set package 'graph_based_slam' build argument 'cmake_args' from command line to '['-DCMAKE_BUILD_TYPE=Release']'
[1.062s] Level 5:colcon.colcon_core.verb:set package 'graph_based_slam' build argument 'cmake_target' from command line to 'None'
[1.062s] Level 5:colcon.colcon_core.verb:set package 'graph_based_slam' build argument 'cmake_target_skip_unavailable' from command line to 'False'
[1.062s] Level 5:colcon.colcon_core.verb:set package 'graph_based_slam' build argument 'cmake_clean_cache' from command line to 'False'
[1.062s] Level 5:colcon.colcon_core.verb:set package 'graph_based_slam' build argument 'cmake_clean_first' from command line to 'False'
[1.063s] Level 5:colcon.colcon_core.verb:set package 'graph_based_slam' build argument 'cmake_force_configure' from command line to 'False'
[1.063s] Level 5:colcon.colcon_core.verb:set package 'graph_based_slam' build argument 'ament_cmake_args' from command line to 'None'
[1.063s] Level 5:colcon.colcon_core.verb:set package 'graph_based_slam' build argument 'catkin_cmake_args' from command line to 'None'
[1.063s] Level 5:colcon.colcon_core.verb:set package 'graph_based_slam' build argument 'catkin_skip_building_tests' from command line to 'False'
[1.063s] DEBUG:colcon.colcon_core.verb:Building package 'graph_based_slam' with the following arguments: {'ament_cmake_args': None, 'build_base': '/home/hazem/ros2_ws/build/graph_based_slam', 'catkin_cmake_args': None, 'catkin_skip_building_tests': False, 'cmake_args': ['-DCMAKE_BUILD_TYPE=Release'], 'cmake_clean_cache': False, 'cmake_clean_first': False, 'cmake_force_configure': False, 'cmake_target': None, 'cmake_target_skip_unavailable': False, 'install_base': '/home/hazem/ros2_ws/install/graph_based_slam', 'merge_install': False, 'path': '/home/hazem/ros2_ws/src/lidarslam_ros2/graph_based_slam', 'symlink_install': True, 'test_result_base': None}
[1.074s] Level 5:colcon.colcon_core.verb:set package 'scanmatcher' build argument 'cmake_args' from command line to '['-DCMAKE_BUILD_TYPE=Release']'
[1.074s] Level 5:colcon.colcon_core.verb:set package 'scanmatcher' build argument 'cmake_target' from command line to 'None'
[1.074s] Level 5:colcon.colcon_core.verb:set package 'scanmatcher' build argument 'cmake_target_skip_unavailable' from command line to 'False'
[1.074s] Level 5:colcon.colcon_core.verb:set package 'scanmatcher' build argument 'cmake_clean_cache' from command line to 'False'
[1.074s] Level 5:colcon.colcon_core.verb:set package 'scanmatcher' build argument 'cmake_clean_first' from command line to 'False'
[1.074s] Level 5:colcon.colcon_core.verb:set package 'scanmatcher' build argument 'cmake_force_configure' from command line to 'False'
[1.074s] Level 5:colcon.colcon_core.verb:set package 'scanmatcher' build argument 'ament_cmake_args' from command line to 'None'
[1.074s] Level 5:colcon.colcon_core.verb:set package 'scanmatcher' build argument 'catkin_cmake_args' from command line to 'None'
[1.074s] Level 5:colcon.colcon_core.verb:set package 'scanmatcher' build argument 'catkin_skip_building_tests' from command line to 'False'
[1.074s] DEBUG:colcon.colcon_core.verb:Building package 'scanmatcher' with the following arguments: {'ament_cmake_args': None, 'build_base': '/home/hazem/ros2_ws/build/scanmatcher', 'catkin_cmake_args': None, 'catkin_skip_building_tests': False, 'cmake_args': ['-DCMAKE_BUILD_TYPE=Release'], 'cmake_clean_cache': False, 'cmake_clean_first': False, 'cmake_force_configure': False, 'cmake_target': None, 'cmake_target_skip_unavailable': False, 'install_base': '/home/hazem/ros2_ws/install/scanmatcher', 'merge_install': False, 'path': '/home/hazem/ros2_ws/src/lidarslam_ros2/scanmatcher', 'symlink_install': True, 'test_result_base': None}
[1.085s] Level 5:colcon.colcon_core.verb:set package 'lidarslam' build argument 'cmake_args' from command line to '['-DCMAKE_BUILD_TYPE=Release']'
[1.085s] Level 5:colcon.colcon_core.verb:set package 'lidarslam' build argument 'cmake_target' from command line to 'None'
[1.085s] Level 5:colcon.colcon_core.verb:set package 'lidarslam' build argument 'cmake_target_skip_unavailable' from command line to 'False'
[1.085s] Level 5:colcon.colcon_core.verb:set package 'lidarslam' build argument 'cmake_clean_cache' from command line to 'False'
[1.085s] Level 5:colcon.colcon_core.verb:set package 'lidarslam' build argument 'cmake_clean_first' from command line to 'False'
[1.085s] Level 5:colcon.colcon_core.verb:set package 'lidarslam' build argument 'cmake_force_configure' from command line to 'False'
[1.085s] Level 5:colcon.colcon_core.verb:set package 'lidarslam' build argument 'ament_cmake_args' from command line to 'None'
[1.085s] Level 5:colcon.colcon_core.verb:set package 'lidarslam' build argument 'catkin_cmake_args' from command line to 'None'
[1.085s] Level 5:colcon.colcon_core.verb:set package 'lidarslam' build argument 'catkin_skip_building_tests' from command line to 'False'
[1.086s] DEBUG:colcon.colcon_core.verb:Building package 'lidarslam' with the following arguments: {'ament_cmake_args': None, 'build_base': '/home/hazem/ros2_ws/build/lidarslam', 'catkin_cmake_args': None, 'catkin_skip_building_tests': False, 'cmake_args': ['-DCMAKE_BUILD_TYPE=Release'], 'cmake_clean_cache': False, 'cmake_clean_first': False, 'cmake_force_configure': False, 'cmake_target': None, 'cmake_target_skip_unavailable': False, 'install_base': '/home/hazem/ros2_ws/install/lidarslam', 'merge_install': False, 'path': '/home/hazem/ros2_ws/src/lidarslam_ros2/lidarslam', 'symlink_install': True, 'test_result_base': None}
[1.096s] INFO:colcon.colcon_core.executor:Executing jobs using 'parallel' executor
[1.108s] DEBUG:colcon.colcon_parallel_executor.executor.parallel:run_until_complete
[1.108s] INFO:colcon.colcon_ros.task.ament_cmake.build:Building ROS package in '/home/hazem/ros2_ws/src/lidarslam_ros2/lidarslam_msgs' with build type 'ament_cmake'
[1.109s] INFO:colcon.colcon_cmake.task.cmake.build:Building CMake package in '/home/hazem/ros2_ws/src/lidarslam_ros2/lidarslam_msgs'
[1.123s] INFO:colcon.colcon_core.plugin_system:Skipping extension 'colcon_core.shell.bat': Not used on non-Windows systems
[1.123s] INFO:colcon.colcon_core.shell:Skip shell extension 'powershell' for command environment: Not usable outside of PowerShell
[1.123s] DEBUG:colcon.colcon_core.shell:Skip shell extension 'dsv' for command environment
[1.149s] INFO:colcon.colcon_ros.task.ament_cmake.build:Building ROS package in '/home/hazem/ros2_ws/src/lidarslam_ros2/Thirdparty/ndt_omp_ros2' with build type 'ament_cmake'
[1.149s] INFO:colcon.colcon_cmake.task.cmake.build:Building CMake package in '/home/hazem/ros2_ws/src/lidarslam_ros2/Thirdparty/ndt_omp_ros2'
[1.161s] INFO:colcon.colcon_core.shell:Skip shell extension 'powershell' for command environment: Not usable outside of PowerShell
[1.161s] DEBUG:colcon.colcon_core.shell:Skip shell extension 'dsv' for command environment
[1.191s] DEBUG:colcon.colcon_core.event_handler.log_command:Invoking command in '/home/hazem/ros2_ws/build/lidarslam_msgs': CMAKE_PREFIX_PATH=/opt/ros/humble /usr/bin/cmake /home/hazem/ros2_ws/src/lidarslam_ros2/lidarslam_msgs -DCMAKE_BUILD_TYPE=Release -DAMENT_CMAKE_SYMLINK_INSTALL=1 -DCMAKE_INSTALL_PREFIX=/home/hazem/ros2_ws/install/lidarslam_msgs
[1.195s] DEBUG:colcon.colcon_core.event_handler.log_command:Invoking command in '/home/hazem/ros2_ws/build/ndt_omp_ros2': CMAKE_PREFIX_PATH=/opt/ros/humble /usr/bin/cmake /home/hazem/ros2_ws/src/lidarslam_ros2/Thirdparty/ndt_omp_ros2 -DCMAKE_BUILD_TYPE=Release -DAMENT_CMAKE_SYMLINK_INSTALL=1 -DCMAKE_INSTALL_PREFIX=/home/hazem/ros2_ws/install/ndt_omp_ros2
[2.911s] DEBUG:colcon.colcon_core.event_handler.log_command:Invoked command in '/home/hazem/ros2_ws/build/lidarslam_msgs' returned '0': CMAKE_PREFIX_PATH=/opt/ros/humble /usr/bin/cmake /home/hazem/ros2_ws/src/lidarslam_ros2/lidarslam_msgs -DCMAKE_BUILD_TYPE=Release -DAMENT_CMAKE_SYMLINK_INSTALL=1 -DCMAKE_INSTALL_PREFIX=/home/hazem/ros2_ws/install/lidarslam_msgs
[2.911s] DEBUG:colcon.colcon_core.event_handler.log_command:Invoking command in '/home/hazem/ros2_ws/build/lidarslam_msgs': CMAKE_PREFIX_PATH=/opt/ros/humble /usr/bin/cmake --build /home/hazem/ros2_ws/build/lidarslam_msgs -- -j12 -l12
[4.432s] DEBUG:colcon.colcon_core.event_handler.log_command:Invoked command in '/home/hazem/ros2_ws/build/ndt_omp_ros2' returned '0': CMAKE_PREFIX_PATH=/opt/ros/humble /usr/bin/cmake /home/hazem/ros2_ws/src/lidarslam_ros2/Thirdparty/ndt_omp_ros2 -DCMAKE_BUILD_TYPE=Release -DAMENT_CMAKE_SYMLINK_INSTALL=1 -DCMAKE_INSTALL_PREFIX=/home/hazem/ros2_ws/install/ndt_omp_ros2
[4.433s] DEBUG:colcon.colcon_core.event_handler.log_command:Invoking command in '/home/hazem/ros2_ws/build/ndt_omp_ros2': CMAKE_PREFIX_PATH=/opt/ros/humble /usr/bin/cmake --build /home/hazem/ros2_ws/build/ndt_omp_ros2 -- -j12 -l12
[5.313s] DEBUG:colcon.colcon_core.event_handler.log_command:Invoked command in '/home/hazem/ros2_ws/build/lidarslam_msgs' returned '0': CMAKE_PREFIX_PATH=/opt/ros/humble /usr/bin/cmake --build /home/hazem/ros2_ws/build/lidarslam_msgs -- -j12 -l12
[5.392s] DEBUG:colcon.colcon_core.event_handler.log_command:Invoking command in '/home/hazem/ros2_ws/build/lidarslam_msgs': CMAKE_PREFIX_PATH=/opt/ros/humble /usr/bin/cmake --install /home/hazem/ros2_ws/build/lidarslam_msgs
[6.045s] Level 1:colcon.colcon_core.environment:create_environment_scripts_only(lidarslam_msgs)
[6.045s] DEBUG:colcon.colcon_core.event_handler.log_command:Invoked command in '/home/hazem/ros2_ws/build/lidarslam_msgs' returned '0': CMAKE_PREFIX_PATH=/opt/ros/humble /usr/bin/cmake --install /home/hazem/ros2_ws/build/lidarslam_msgs
[6.071s] Level 1:colcon.colcon_core.environment:checking '/home/hazem/ros2_ws/install/lidarslam_msgs' for CMake module files
[6.072s] Level 1:colcon.colcon_core.environment:checking '/home/hazem/ros2_ws/install/lidarslam_msgs' for CMake config files
[6.074s] Level 1:colcon.colcon_core.shell:create_environment_hook('lidarslam_msgs', 'cmake_prefix_path')
[6.094s] INFO:colcon.colcon_core.shell:Creating environment hook '/home/hazem/ros2_ws/install/lidarslam_msgs/share/lidarslam_msgs/hook/cmake_prefix_path.ps1'
[6.094s] INFO:colcon.colcon_core.shell:Creating environment descriptor '/home/hazem/ros2_ws/install/lidarslam_msgs/share/lidarslam_msgs/hook/cmake_prefix_path.dsv'
[6.095s] INFO:colcon.colcon_core.shell:Creating environment hook '/home/hazem/ros2_ws/install/lidarslam_msgs/share/lidarslam_msgs/hook/cmake_prefix_path.sh'
[6.095s] Level 1:colcon.colcon_core.environment:checking '/home/hazem/ros2_ws/install/lidarslam_msgs/lib'
[6.095s] Level 1:colcon.colcon_core.shell:create_environment_hook('lidarslam_msgs', 'ld_library_path_lib')
[6.108s] INFO:colcon.colcon_core.shell:Creating environment hook '/home/hazem/ros2_ws/install/lidarslam_msgs/share/lidarslam_msgs/hook/ld_library_path_lib.ps1'
[6.108s] INFO:colcon.colcon_core.shell:Creating environment descriptor '/home/hazem/ros2_ws/install/lidarslam_msgs/share/lidarslam_msgs/hook/ld_library_path_lib.dsv'
[6.109s] INFO:colcon.colcon_core.shell:Creating environment hook '/home/hazem/ros2_ws/install/lidarslam_msgs/share/lidarslam_msgs/hook/ld_library_path_lib.sh'
[6.109s] Level 1:colcon.colcon_core.environment:checking '/home/hazem/ros2_ws/install/lidarslam_msgs/bin'
[6.109s] Level 1:colcon.colcon_core.environment:checking '/home/hazem/ros2_ws/install/lidarslam_msgs/lib/pkgconfig/lidarslam_msgs.pc'
[6.109s] Level 1:colcon.colcon_core.environment:checking '/home/hazem/ros2_ws/install/lidarslam_msgs/lib/python3.10/site-packages'
[6.110s] Level 1:colcon.colcon_core.environment:checking '/home/hazem/ros2_ws/install/lidarslam_msgs/bin'
[6.123s] INFO:colcon.colcon_core.shell:Creating package script '/home/hazem/ros2_ws/install/lidarslam_msgs/share/lidarslam_msgs/package.ps1'
[6.123s] INFO:colcon.colcon_core.shell:Creating package descriptor '/home/hazem/ros2_ws/install/lidarslam_msgs/share/lidarslam_msgs/package.dsv'
[6.124s] INFO:colcon.colcon_core.shell:Creating package script '/home/hazem/ros2_ws/install/lidarslam_msgs/share/lidarslam_msgs/package.sh'
[6.124s] INFO:colcon.colcon_core.shell:Creating package script '/home/hazem/ros2_ws/install/lidarslam_msgs/share/lidarslam_msgs/package.bash'
[6.125s] INFO:colcon.colcon_core.shell:Creating package script '/home/hazem/ros2_ws/install/lidarslam_msgs/share/lidarslam_msgs/package.zsh'
[6.125s] Level 1:colcon.colcon_core.environment:create_file_with_runtime_dependencies(/home/hazem/ros2_ws/install/lidarslam_msgs/share/colcon-core/packages/lidarslam_msgs)
[6.214s] Level 1:colcon.colcon_core.environment:create_environment_scripts_only(lidarslam_msgs)
[6.228s] Level 1:colcon.colcon_core.environment:checking '/home/hazem/ros2_ws/install/lidarslam_msgs' for CMake module files
[6.229s] Level 1:colcon.colcon_core.environment:checking '/home/hazem/ros2_ws/install/lidarslam_msgs' for CMake config files
[6.230s] Level 1:colcon.colcon_core.shell:create_environment_hook('lidarslam_msgs', 'cmake_prefix_path')
[6.242s] INFO:colcon.colcon_core.shell:Creating environment hook '/home/hazem/ros2_ws/install/lidarslam_msgs/share/lidarslam_msgs/hook/cmake_prefix_path.ps1'
[6.243s] INFO:colcon.colcon_core.shell:Creating environment descriptor '/home/hazem/ros2_ws/install/lidarslam_msgs/share/lidarslam_msgs/hook/cmake_prefix_path.dsv'
[6.243s] INFO:colcon.colcon_core.shell:Creating environment hook '/home/hazem/ros2_ws/install/lidarslam_msgs/share/lidarslam_msgs/hook/cmake_prefix_path.sh'
[6.243s] Level 1:colcon.colcon_core.environment:checking '/home/hazem/ros2_ws/install/lidarslam_msgs/lib'
[6.243s] Level 1:colcon.colcon_core.shell:create_environment_hook('lidarslam_msgs', 'ld_library_path_lib')
[6.256s] INFO:colcon.colcon_core.shell:Creating environment hook '/home/hazem/ros2_ws/install/lidarslam_msgs/share/lidarslam_msgs/hook/ld_library_path_lib.ps1'
[6.256s] INFO:colcon.colcon_core.shell:Creating environment descriptor '/home/hazem/ros2_ws/install/lidarslam_msgs/share/lidarslam_msgs/hook/ld_library_path_lib.dsv'
[6.257s] INFO:colcon.colcon_core.shell:Creating environment hook '/home/hazem/ros2_ws/install/lidarslam_msgs/share/lidarslam_msgs/hook/ld_library_path_lib.sh'
[6.257s] Level 1:colcon.colcon_core.environment:checking '/home/hazem/ros2_ws/install/lidarslam_msgs/bin'
[6.257s] Level 1:colcon.colcon_core.environment:checking '/home/hazem/ros2_ws/install/lidarslam_msgs/lib/pkgconfig/lidarslam_msgs.pc'
[6.257s] Level 1:colcon.colcon_core.environment:checking '/home/hazem/ros2_ws/install/lidarslam_msgs/lib/python3.10/site-packages'
[6.257s] Level 1:colcon.colcon_core.environment:checking '/home/hazem/ros2_ws/install/lidarslam_msgs/bin'
[6.270s] INFO:colcon.colcon_core.shell:Creating package script '/home/hazem/ros2_ws/install/lidarslam_msgs/share/lidarslam_msgs/package.ps1'
[6.270s] INFO:colcon.colcon_core.shell:Creating package descriptor '/home/hazem/ros2_ws/install/lidarslam_msgs/share/lidarslam_msgs/package.dsv'
[6.271s] INFO:colcon.colcon_core.shell:Creating package script '/home/hazem/ros2_ws/install/lidarslam_msgs/share/lidarslam_msgs/package.sh'
[6.271s] INFO:colcon.colcon_core.shell:Creating package script '/home/hazem/ros2_ws/install/lidarslam_msgs/share/lidarslam_msgs/package.bash'
[6.271s] INFO:colcon.colcon_core.shell:Creating package script '/home/hazem/ros2_ws/install/lidarslam_msgs/share/lidarslam_msgs/package.zsh'
[6.272s] Level 1:colcon.colcon_core.environment:create_file_with_runtime_dependencies(/home/hazem/ros2_ws/install/lidarslam_msgs/share/colcon-core/packages/lidarslam_msgs)
[36.909s] DEBUG:colcon.colcon_core.event_handler.log_command:Invoked command in '/home/hazem/ros2_ws/build/ndt_omp_ros2' returned '0': CMAKE_PREFIX_PATH=/opt/ros/humble /usr/bin/cmake --build /home/hazem/ros2_ws/build/ndt_omp_ros2 -- -j12 -l12
[36.939s] DEBUG:colcon.colcon_core.event_handler.log_command:Invoking command in '/home/hazem/ros2_ws/build/ndt_omp_ros2': CMAKE_PREFIX_PATH=/opt/ros/humble /usr/bin/cmake --install /home/hazem/ros2_ws/build/ndt_omp_ros2
[37.117s] Level 1:colcon.colcon_core.environment:create_environment_scripts_only(ndt_omp_ros2)
[37.118s] DEBUG:colcon.colcon_core.event_handler.log_command:Invoked command in '/home/hazem/ros2_ws/build/ndt_omp_ros2' returned '0': CMAKE_PREFIX_PATH=/opt/ros/humble /usr/bin/cmake --install /home/hazem/ros2_ws/build/ndt_omp_ros2
[37.138s] Level 1:colcon.colcon_core.environment:checking '/home/hazem/ros2_ws/install/ndt_omp_ros2' for CMake module files
[37.138s] Level 1:colcon.colcon_core.environment:checking '/home/hazem/ros2_ws/install/ndt_omp_ros2' for CMake config files
[37.138s] Level 1:colcon.colcon_core.shell:create_environment_hook('ndt_omp_ros2', 'cmake_prefix_path')
[37.150s] INFO:colcon.colcon_core.shell:Creating environment hook '/home/hazem/ros2_ws/install/ndt_omp_ros2/share/ndt_omp_ros2/hook/cmake_prefix_path.ps1'
[37.150s] INFO:colcon.colcon_core.shell:Creating environment descriptor '/home/hazem/ros2_ws/install/ndt_omp_ros2/share/ndt_omp_ros2/hook/cmake_prefix_path.dsv'
[37.151s] INFO:colcon.colcon_core.shell:Creating environment hook '/home/hazem/ros2_ws/install/ndt_omp_ros2/share/ndt_omp_ros2/hook/cmake_prefix_path.sh'
[37.151s] Level 1:colcon.colcon_core.environment:checking '/home/hazem/ros2_ws/install/ndt_omp_ros2/lib'
[37.151s] Level 1:colcon.colcon_core.environment:checking '/home/hazem/ros2_ws/install/ndt_omp_ros2/bin'
[37.151s] Level 1:colcon.colcon_core.shell:create_environment_hook('ndt_omp_ros2', 'path')
[37.163s] INFO:colcon.colcon_core.shell:Creating environment hook '/home/hazem/ros2_ws/install/ndt_omp_ros2/share/ndt_omp_ros2/hook/path.ps1'
[37.163s] INFO:colcon.colcon_core.shell:Creating environment descriptor '/home/hazem/ros2_ws/install/ndt_omp_ros2/share/ndt_omp_ros2/hook/path.dsv'
[37.163s] INFO:colcon.colcon_core.shell:Creating environment hook '/home/hazem/ros2_ws/install/ndt_omp_ros2/share/ndt_omp_ros2/hook/path.sh'
[37.164s] Level 1:colcon.colcon_core.environment:checking '/home/hazem/ros2_ws/install/ndt_omp_ros2/lib/pkgconfig/ndt_omp_ros2.pc'
[37.164s] Level 1:colcon.colcon_core.environment:checking '/home/hazem/ros2_ws/install/ndt_omp_ros2/lib/python3.10/site-packages'
[37.164s] Level 1:colcon.colcon_core.environment:checking '/home/hazem/ros2_ws/install/ndt_omp_ros2/bin'
[37.164s] Level 1:colcon.colcon_core.shell:create_environment_hook('ndt_omp_ros2', 'pythonscriptspath')
[37.176s] INFO:colcon.colcon_core.shell:Creating environment hook '/home/hazem/ros2_ws/install/ndt_omp_ros2/share/ndt_omp_ros2/hook/pythonscriptspath.ps1'
[37.176s] INFO:colcon.colcon_core.shell:Creating environment descriptor '/home/hazem/ros2_ws/install/ndt_omp_ros2/share/ndt_omp_ros2/hook/pythonscriptspath.dsv'
[37.176s] INFO:colcon.colcon_core.shell:Creating environment hook '/home/hazem/ros2_ws/install/ndt_omp_ros2/share/ndt_omp_ros2/hook/pythonscriptspath.sh'
[37.188s] INFO:colcon.colcon_core.shell:Creating package script '/home/hazem/ros2_ws/install/ndt_omp_ros2/share/ndt_omp_ros2/package.ps1'
[37.189s] INFO:colcon.colcon_core.shell:Creating package descriptor '/home/hazem/ros2_ws/install/ndt_omp_ros2/share/ndt_omp_ros2/package.dsv'
[37.189s] INFO:colcon.colcon_core.shell:Creating package script '/home/hazem/ros2_ws/install/ndt_omp_ros2/share/ndt_omp_ros2/package.sh'
[37.189s] INFO:colcon.colcon_core.shell:Creating package script '/home/hazem/ros2_ws/install/ndt_omp_ros2/share/ndt_omp_ros2/package.bash'
[37.190s] INFO:colcon.colcon_core.shell:Creating package script '/home/hazem/ros2_ws/install/ndt_omp_ros2/share/ndt_omp_ros2/package.zsh'
[37.190s] Level 1:colcon.colcon_core.environment:create_file_with_runtime_dependencies(/home/hazem/ros2_ws/install/ndt_omp_ros2/share/colcon-core/packages/ndt_omp_ros2)
[37.230s] Level 1:colcon.colcon_core.environment:create_environment_scripts_only(ndt_omp_ros2)
[37.241s] Level 1:colcon.colcon_core.environment:checking '/home/hazem/ros2_ws/install/ndt_omp_ros2' for CMake module files
[37.242s] Level 1:colcon.colcon_core.environment:checking '/home/hazem/ros2_ws/install/ndt_omp_ros2' for CMake config files
[37.242s] Level 1:colcon.colcon_core.shell:create_environment_hook('ndt_omp_ros2', 'cmake_prefix_path')
[37.254s] INFO:colcon.colcon_core.shell:Creating environment hook '/home/hazem/ros2_ws/install/ndt_omp_ros2/share/ndt_omp_ros2/hook/cmake_prefix_path.ps1'
[37.254s] INFO:colcon.colcon_core.shell:Creating environment descriptor '/home/hazem/ros2_ws/install/ndt_omp_ros2/share/ndt_omp_ros2/hook/cmake_prefix_path.dsv'
[37.254s] INFO:colcon.colcon_core.shell:Creating environment hook '/home/hazem/ros2_ws/install/ndt_omp_ros2/share/ndt_omp_ros2/hook/cmake_prefix_path.sh'
[37.255s] Level 1:colcon.colcon_core.environment:checking '/home/hazem/ros2_ws/install/ndt_omp_ros2/lib'
[37.255s] Level 1:colcon.colcon_core.environment:checking '/home/hazem/ros2_ws/install/ndt_omp_ros2/bin'
[37.255s] Level 1:colcon.colcon_core.shell:create_environment_hook('ndt_omp_ros2', 'path')
[37.267s] INFO:colcon.colcon_core.shell:Creating environment hook '/home/hazem/ros2_ws/install/ndt_omp_ros2/share/ndt_omp_ros2/hook/path.ps1'
[37.267s] INFO:colcon.colcon_core.shell:Creating environment descriptor '/home/hazem/ros2_ws/install/ndt_omp_ros2/share/ndt_omp_ros2/hook/path.dsv'
[37.267s] INFO:colcon.colcon_core.shell:Creating environment hook '/home/hazem/ros2_ws/install/ndt_omp_ros2/share/ndt_omp_ros2/hook/path.sh'
[37.267s] Level 1:colcon.colcon_core.environment:checking '/home/hazem/ros2_ws/install/ndt_omp_ros2/lib/pkgconfig/ndt_omp_ros2.pc'
[37.268s] Level 1:colcon.colcon_core.environment:checking '/home/hazem/ros2_ws/install/ndt_omp_ros2/lib/python3.10/site-packages'
[37.268s] Level 1:colcon.colcon_core.environment:checking '/home/hazem/ros2_ws/install/ndt_omp_ros2/bin'
[37.268s] Level 1:colcon.colcon_core.shell:create_environment_hook('ndt_omp_ros2', 'pythonscriptspath')
[37.279s] INFO:colcon.colcon_core.shell:Creating environment hook '/home/hazem/ros2_ws/install/ndt_omp_ros2/share/ndt_omp_ros2/hook/pythonscriptspath.ps1'
[37.280s] INFO:colcon.colcon_core.shell:Creating environment descriptor '/home/hazem/ros2_ws/install/ndt_omp_ros2/share/ndt_omp_ros2/hook/pythonscriptspath.dsv'
[37.280s] INFO:colcon.colcon_core.shell:Creating environment hook '/home/hazem/ros2_ws/install/ndt_omp_ros2/share/ndt_omp_ros2/hook/pythonscriptspath.sh'
[37.292s] INFO:colcon.colcon_core.shell:Creating package script '/home/hazem/ros2_ws/install/ndt_omp_ros2/share/ndt_omp_ros2/package.ps1'
[37.292s] INFO:colcon.colcon_core.shell:Creating package descriptor '/home/hazem/ros2_ws/install/ndt_omp_ros2/share/ndt_omp_ros2/package.dsv'
[37.293s] INFO:colcon.colcon_core.shell:Creating package script '/home/hazem/ros2_ws/install/ndt_omp_ros2/share/ndt_omp_ros2/package.sh'
[37.293s] INFO:colcon.colcon_core.shell:Creating package script '/home/hazem/ros2_ws/install/ndt_omp_ros2/share/ndt_omp_ros2/package.bash'
[37.293s] INFO:colcon.colcon_core.shell:Creating package script '/home/hazem/ros2_ws/install/ndt_omp_ros2/share/ndt_omp_ros2/package.zsh'
[37.294s] Level 1:colcon.colcon_core.environment:create_file_with_runtime_dependencies(/home/hazem/ros2_ws/install/ndt_omp_ros2/share/colcon-core/packages/ndt_omp_ros2)
[37.294s] INFO:colcon.colcon_ros.task.ament_cmake.build:Building ROS package in '/home/hazem/ros2_ws/src/lidarslam_ros2/graph_based_slam' with build type 'ament_cmake'
[37.294s] INFO:colcon.colcon_cmake.task.cmake.build:Building CMake package in '/home/hazem/ros2_ws/src/lidarslam_ros2/graph_based_slam'
[37.307s] INFO:colcon.colcon_core.shell:Skip shell extension 'powershell' for command environment: Not usable outside of PowerShell
[37.307s] DEBUG:colcon.colcon_core.shell:Skip shell extension 'dsv' for command environment
[37.335s] INFO:colcon.colcon_ros.task.ament_cmake.build:Building ROS package in '/home/hazem/ros2_ws/src/lidarslam_ros2/scanmatcher' with build type 'ament_cmake'
[37.335s] INFO:colcon.colcon_cmake.task.cmake.build:Building CMake package in '/home/hazem/ros2_ws/src/lidarslam_ros2/scanmatcher'
[37.347s] INFO:colcon.colcon_core.shell:Skip shell extension 'powershell' for command environment: Not usable outside of PowerShell
[37.347s] DEBUG:colcon.colcon_core.shell:Skip shell extension 'dsv' for command environment
[37.378s] DEBUG:colcon.colcon_core.event_handler.log_command:Invoking command in '/home/hazem/ros2_ws/build/graph_based_slam': AMENT_PREFIX_PATH=/home/hazem/ros2_ws/install/ndt_omp_ros2:/home/hazem/ros2_ws/install/lidarslam_msgs:${AMENT_PREFIX_PATH} CMAKE_PREFIX_PATH=/home/hazem/ros2_ws/install/ndt_omp_ros2:/home/hazem/ros2_ws/install/lidarslam_msgs:/opt/ros/humble LD_LIBRARY_PATH=/home/hazem/ros2_ws/install/lidarslam_msgs/lib:${LD_LIBRARY_PATH} PATH=/home/hazem/ros2_ws/install/ndt_omp_ros2/bin:${PATH} PYTHONPATH=/home/hazem/ros2_ws/install/lidarslam_msgs/local/lib/python3.10/dist-packages:${PYTHONPATH} /usr/bin/cmake /home/hazem/ros2_ws/src/lidarslam_ros2/graph_based_slam -DCMAKE_BUILD_TYPE=Release -DAMENT_CMAKE_SYMLINK_INSTALL=1 -DCMAKE_INSTALL_PREFIX=/home/hazem/ros2_ws/install/graph_based_slam
[37.382s] DEBUG:colcon.colcon_core.event_handler.log_command:Invoking command in '/home/hazem/ros2_ws/build/scanmatcher': AMENT_PREFIX_PATH=/home/hazem/ros2_ws/install/ndt_omp_ros2:/home/hazem/ros2_ws/install/lidarslam_msgs:${AMENT_PREFIX_PATH} CMAKE_PREFIX_PATH=/home/hazem/ros2_ws/install/ndt_omp_ros2:/home/hazem/ros2_ws/install/lidarslam_msgs:/opt/ros/humble LD_LIBRARY_PATH=/home/hazem/ros2_ws/install/lidarslam_msgs/lib:${LD_LIBRARY_PATH} PATH=/home/hazem/ros2_ws/install/ndt_omp_ros2/bin:${PATH} PYTHONPATH=/home/hazem/ros2_ws/install/lidarslam_msgs/local/lib/python3.10/dist-packages:${PYTHONPATH} /usr/bin/cmake /home/hazem/ros2_ws/src/lidarslam_ros2/scanmatcher -DCMAKE_BUILD_TYPE=Release -DAMENT_CMAKE_SYMLINK_INSTALL=1 -DCMAKE_INSTALL_PREFIX=/home/hazem/ros2_ws/install/scanmatcher
[40.771s] DEBUG:colcon.colcon_core.event_handler.log_command:Invoked command in '/home/hazem/ros2_ws/build/graph_based_slam' returned '1': AMENT_PREFIX_PATH=/home/hazem/ros2_ws/install/ndt_omp_ros2:/home/hazem/ros2_ws/install/lidarslam_msgs:${AMENT_PREFIX_PATH} CMAKE_PREFIX_PATH=/home/hazem/ros2_ws/install/ndt_omp_ros2:/home/hazem/ros2_ws/install/lidarslam_msgs:/opt/ros/humble LD_LIBRARY_PATH=/home/hazem/ros2_ws/install/lidarslam_msgs/lib:${LD_LIBRARY_PATH} PATH=/home/hazem/ros2_ws/install/ndt_omp_ros2/bin:${PATH} PYTHONPATH=/home/hazem/ros2_ws/install/lidarslam_msgs/local/lib/python3.10/dist-packages:${PYTHONPATH} /usr/bin/cmake /home/hazem/ros2_ws/src/lidarslam_ros2/graph_based_slam -DCMAKE_BUILD_TYPE=Release -DAMENT_CMAKE_SYMLINK_INSTALL=1 -DCMAKE_INSTALL_PREFIX=/home/hazem/ros2_ws/install/graph_based_slam
[40.782s] Level 1:colcon.colcon_core.environment:create_environment_scripts_only(graph_based_slam)
[40.794s] Level 1:colcon.colcon_core.environment:checking '/home/hazem/ros2_ws/install/graph_based_slam' for CMake module files
[40.794s] Level 1:colcon.colcon_core.environment:checking '/home/hazem/ros2_ws/install/graph_based_slam' for CMake config files
[40.795s] Level 1:colcon.colcon_core.environment:checking '/home/hazem/ros2_ws/install/graph_based_slam/bin'
[40.795s] Level 1:colcon.colcon_core.environment:checking '/home/hazem/ros2_ws/install/graph_based_slam/lib/pkgconfig/graph_based_slam.pc'
[40.795s] Level 1:colcon.colcon_core.environment:checking '/home/hazem/ros2_ws/install/graph_based_slam/lib/python3.10/site-packages'
[40.795s] Level 1:colcon.colcon_core.environment:checking '/home/hazem/ros2_ws/install/graph_based_slam/bin'
[40.807s] INFO:colcon.colcon_core.shell:Creating package script '/home/hazem/ros2_ws/install/graph_based_slam/share/graph_based_slam/package.ps1'
[40.808s] INFO:colcon.colcon_core.shell:Creating package descriptor '/home/hazem/ros2_ws/install/graph_based_slam/share/graph_based_slam/package.dsv'
[40.808s] INFO:colcon.colcon_core.shell:Creating package script '/home/hazem/ros2_ws/install/graph_based_slam/share/graph_based_slam/package.sh'
[40.808s] INFO:colcon.colcon_core.shell:Creating package script '/home/hazem/ros2_ws/install/graph_based_slam/share/graph_based_slam/package.bash'
[40.808s] INFO:colcon.colcon_core.shell:Creating package script '/home/hazem/ros2_ws/install/graph_based_slam/share/graph_based_slam/package.zsh'
[40.809s] Level 1:colcon.colcon_core.environment:create_file_with_runtime_dependencies(/home/hazem/ros2_ws/install/graph_based_slam/share/colcon-core/packages/graph_based_slam)
[41.326s] DEBUG:colcon.colcon_parallel_executor.executor.parallel:closing loop
[41.326s] DEBUG:colcon.colcon_parallel_executor.executor.parallel:loop closed
[41.326s] DEBUG:colcon.colcon_parallel_executor.executor.parallel:run_until_complete finished with '1'
[41.326s] DEBUG:colcon.colcon_core.event_reactor:joining thread
[41.342s] INFO:colcon.colcon_core.plugin_system:Skipping extension 'colcon_notification.desktop_notification.terminal_notifier': Not used on non-Darwin systems
[41.342s] INFO:colcon.colcon_core.plugin_system:Skipping extension 'colcon_notification.desktop_notification.win32': Not used on non-Windows systems
[41.343s] INFO:colcon.colcon_notification.desktop_notification:Sending desktop notification using 'notify2'
[41.353s] DEBUG:colcon.colcon_core.event_reactor:joined thread
[41.370s] INFO:colcon.colcon_core.shell:Creating prefix script '/home/hazem/ros2_ws/install/local_setup.ps1'
[41.371s] INFO:colcon.colcon_core.shell:Creating prefix util module '/home/hazem/ros2_ws/install/_local_setup_util_ps1.py'
[41.372s] INFO:colcon.colcon_core.shell:Creating prefix chain script '/home/hazem/ros2_ws/install/setup.ps1'
[41.386s] INFO:colcon.colcon_core.shell:Creating prefix script '/home/hazem/ros2_ws/install/local_setup.sh'
[41.387s] INFO:colcon.colcon_core.shell:Creating prefix util module '/home/hazem/ros2_ws/install/_local_setup_util_sh.py'
[41.387s] INFO:colcon.colcon_core.shell:Creating prefix chain script '/home/hazem/ros2_ws/install/setup.sh'
[41.401s] INFO:colcon.colcon_core.shell:Creating prefix script '/home/hazem/ros2_ws/install/local_setup.bash'
[41.402s] INFO:colcon.colcon_core.shell:Creating prefix chain script '/home/hazem/ros2_ws/install/setup.bash'
[41.415s] INFO:colcon.colcon_core.shell:Creating prefix script '/home/hazem/ros2_ws/install/local_setup.zsh'
[41.415s] INFO:colcon.colcon_core.shell:Creating prefix chain script '/home/hazem/ros2_ws/install/setup.zsh'
