[1.166s] Invoking command in '/home/mazen/ros2_ws/src/fs-system/perception/yolov8': PYTHONPATH=/home/mazen/ros2_ws/src/fs-system/perception/build/yolov8/prefix_override:/home/mazen/ros2_ws/src/fs-system/perception/install/yolov8/lib/python3.10/site-packages:${PYTHONPATH} /usr/bin/python3 setup.py egg_info --egg-base ../build/yolov8 build --build-base /home/mazen/ros2_ws/src/fs-system/perception/build/yolov8/build install --record /home/mazen/ros2_ws/src/fs-system/perception/build/yolov8/install.log --single-version-externally-managed
[1.431s] running egg_info
[1.431s] writing ../build/yolov8/yolov8.egg-info/PKG-INFO
[1.432s] writing dependency_links to ../build/yolov8/yolov8.egg-info/dependency_links.txt
[1.432s] writing entry points to ../build/yolov8/yolov8.egg-info/entry_points.txt
[1.432s] writing requirements to ../build/yolov8/yolov8.egg-info/requires.txt
[1.432s] writing top-level names to ../build/yolov8/yolov8.egg-info/top_level.txt
[1.434s] reading manifest file '../build/yolov8/yolov8.egg-info/SOURCES.txt'
[1.435s] writing manifest file '../build/yolov8/yolov8.egg-info/SOURCES.txt'
[1.435s] running build
[1.435s] running build_py
[1.435s] running install
[1.435s] running install_lib
[1.436s] running install_data
[1.437s] running install_egg_info
[1.438s] removing '/home/mazen/ros2_ws/src/fs-system/perception/install/yolov8/lib/python3.10/site-packages/yolov8-0.0.0-py3.10.egg-info' (and everything under it)
[1.439s] Copying ../build/yolov8/yolov8.egg-info to /home/mazen/ros2_ws/src/fs-system/perception/install/yolov8/lib/python3.10/site-packages/yolov8-0.0.0-py3.10.egg-info
[1.440s] running install_scripts
[1.460s] writing list of installed files to '/home/mazen/ros2_ws/src/fs-system/perception/build/yolov8/install.log'
[1.486s] Invoked command in '/home/mazen/ros2_ws/src/fs-system/perception/yolov8' returned '0': PYTHONPATH=/home/mazen/ros2_ws/src/fs-system/perception/build/yolov8/prefix_override:/home/mazen/ros2_ws/src/fs-system/perception/install/yolov8/lib/python3.10/site-packages:${PYTHONPATH} /usr/bin/python3 setup.py egg_info --egg-base ../build/yolov8 build --build-base /home/mazen/ros2_ws/src/fs-system/perception/build/yolov8/build install --record /home/mazen/ros2_ws/src/fs-system/perception/build/yolov8/install.log --single-version-externally-managed
