[0.000000] (-) TimerEvent: {}
[0.000283] (camera_interface) JobQueued: {'identifier': 'camera_interface', 'dependencies': OrderedDict()}
[0.000333] (moreo) JobQueued: {'identifier': 'moreo', 'dependencies': OrderedDict()}
[0.000355] (mypython_pcl) JobQueued: {'identifier': 'mypython_pcl', 'dependencies': OrderedDict()}
[0.000376] (smoreo) JobQueued: {'identifier': 'smoreo', 'dependencies': OrderedDict()}
[0.000404] (yolov8) JobQueued: {'identifier': 'yolov8', 'dependencies': OrderedDict()}
[0.000424] (camera_interface) JobStarted: {'identifier': 'camera_interface'}
[0.056789] (moreo) JobStarted: {'identifier': 'moreo'}
[0.099539] (-) TimerEvent: {}
[0.110771] (mypython_pcl) JobStarted: {'identifier': 'mypython_pcl'}
[0.164217] (smoreo) JobStarted: {'identifier': 'smoreo'}
[0.199648] (-) TimerEvent: {}
[0.218899] (yolov8) JobStarted: {'identifier': 'yolov8'}
[0.299761] (-) TimerEvent: {}
[0.400037] (-) TimerEvent: {}
[0.500530] (-) TimerEvent: {}
[0.600773] (-) TimerEvent: {}
[0.701100] (-) TimerEvent: {}
[0.801366] (-) TimerEvent: {}
[0.901644] (-) TimerEvent: {}
[1.001922] (-) TimerEvent: {}
[1.102204] (-) TimerEvent: {}
[1.202469] (-) TimerEvent: {}
[1.302721] (-) TimerEvent: {}
[1.387176] (yolov8) StderrLine: {'line': b'Traceback (most recent call last):\n  File "/usr/lib/python3/dist-packages/colcon_core/executor/__init__.py", line 91, in __call__\n    rc = await self.task(*args, **kwargs)\n  File "/usr/lib/python3/dist-packages/colcon_core/task/__init__.py", line 93, in __call__\n    return await task_method(*args, **kwargs)\n  File "/usr/lib/python3/dist-packages/colcon_ros/task/ament_python/build.py", line 51, in build\n    setup_py_data = get_setup_data(self.context.pkg, env)\n  File "/usr/lib/python3/dist-packages/colcon_core/task/python/__init__.py", line 20, in get_setup_data\n    return dict(pkg.metadata[key](env))\n  File "/usr/lib/python3/dist-packages/colcon_ros/package_augmentation/ros_ament_python.py", line 57, in getter\n    return get_setup_information(\n  File "/usr/lib/python3/dist-packages/colcon_python_setup_py/package_identification/python_setup_py.py", line 241, in get_setup_information\n    _setup_information_cache[hashable_env] = _get_setup_information(\n  File "/usr/lib/python3/dist-packages/colcon_python_setup_py/package_identification/python_setup_py.py", line 288, in _get_setup_information\n    result = subprocess.run(\n  File "/usr/lib/python3.10/subprocess.py", line 526, in run\n    raise CalledProcessError(retcode, process.args,\nsubprocess.CalledProcessError: Command \'[\'/usr/bin/python3\', \'-c\', \'import sys;from contextlib import suppress;exec("with suppress(ImportError):    from setuptools.extern.packaging.specifiers    import SpecifierSet");exec("with suppress(ImportError):    from packaging.specifiers import SpecifierSet");from distutils.core import run_setup;dist = run_setup(    \\\'setup.py\\\', script_args=(\\\'--dry-run\\\',), stop_after=\\\'config\\\');skip_keys = (\\\'cmdclass\\\', \\\'distclass\\\', \\\'ext_modules\\\', \\\'metadata\\\');data = {    key: value for key, value in dist.__dict__.items()     if (        not key.startswith(\\\'_\\\') and         not callable(value) and         key not in skip_keys and         key not in dist.display_option_names    )};data[\\\'metadata\\\'] = {    k: v for k, v in dist.metadata.__dict__.items()     if k not in (\\\'license_files\\\', \\\'provides_extras\\\')};sys.stdout.buffer.write(repr(data).encode(\\\'utf-8\\\'))\']\' returned non-zero exit status 1.\n'}
[1.387691] (yolov8) JobEnded: {'identifier': 'yolov8', 'rc': 1}
[1.388055] (camera_interface) JobEnded: {'identifier': 'camera_interface', 'rc': 'SIGINT'}
[1.388276] (moreo) JobEnded: {'identifier': 'moreo', 'rc': 'SIGINT'}
[1.388486] (mypython_pcl) JobEnded: {'identifier': 'mypython_pcl', 'rc': 'SIGINT'}
[1.388673] (smoreo) JobEnded: {'identifier': 'smoreo', 'rc': 'SIGINT'}
[1.397894] (-) EventReactorShutdown: {}
