[0.132s] Invoking command in '/home/hazem/ros2_ws/src/build/lidarslam_msgs': CMAKE_PREFIX_PATH=${CMAKE_PREFIX_PATH}:/opt/ros/humble /usr/bin/cmake --build /home/hazem/ros2_ws/src/build/lidarslam_msgs -- -j12 -l12
[0.185s] [35m[1mConsolidate compiler generated dependencies of target lidarslam_msgs__rosidl_generator_c[0m
[0.194s] [  2%] Built target lidarslam_msgs__cpp
[0.201s] [ 12%] Built target lidarslam_msgs__rosidl_generator_c
[0.205s] [ 12%] Built target ament_cmake_python_copy_lidarslam_msgs
[0.208s] [35m[1mConsolidate compiler generated dependencies of target lidarslam_msgs__rosidl_typesupport_fastrtps_cpp[0m
[0.208s] [35m[1mConsolidate compiler generated dependencies of target lidarslam_msgs__rosidl_typesupport_introspection_cpp[0m
[0.210s] [35m[1mConsolidate compiler generated dependencies of target lidarslam_msgs__rosidl_typesupport_cpp[0m
[0.218s] [35m[1mConsolidate compiler generated dependencies of target lidarslam_msgs__rosidl_typesupport_fastrtps_c[0m
[0.219s] [35m[1mConsolidate compiler generated dependencies of target lidarslam_msgs__rosidl_typesupport_c[0m
[0.219s] [35m[1mConsolidate compiler generated dependencies of target lidarslam_msgs__rosidl_typesupport_introspection_c[0m
[0.229s] [ 28%] Built target lidarslam_msgs__rosidl_typesupport_introspection_cpp
[0.229s] [ 33%] Built target lidarslam_msgs__rosidl_typesupport_cpp
[0.229s] [ 43%] Built target lidarslam_msgs__rosidl_typesupport_fastrtps_cpp
[0.235s] [ 53%] Built target lidarslam_msgs__rosidl_typesupport_introspection_c
[0.236s] [ 64%] Built target lidarslam_msgs__rosidl_typesupport_c
[0.238s] [ 74%] Built target lidarslam_msgs__rosidl_typesupport_fastrtps_c
[0.257s] [ 74%] Built target lidarslam_msgs
[0.281s] [ 76%] Built target lidarslam_msgs__py
[0.293s] [35m[1mConsolidate compiler generated dependencies of target lidarslam_msgs__rosidl_generator_py[0m
[0.308s] [ 84%] Built target lidarslam_msgs__rosidl_generator_py
[0.323s] [35m[1mConsolidate compiler generated dependencies of target lidarslam_msgs__rosidl_typesupport_fastrtps_c__pyext[0m
[0.324s] [35m[1mConsolidate compiler generated dependencies of target lidarslam_msgs__rosidl_typesupport_c__pyext[0m
[0.324s] [35m[1mConsolidate compiler generated dependencies of target lidarslam_msgs__rosidl_typesupport_introspection_c__pyext[0m
[0.341s] [ 89%] Built target lidarslam_msgs__rosidl_typesupport_fastrtps_c__pyext
[0.342s] [ 94%] Built target lidarslam_msgs__rosidl_typesupport_c__pyext
[0.343s] [100%] Built target lidarslam_msgs__rosidl_typesupport_introspection_c__pyext
[0.459s] running egg_info
[0.460s] writing lidarslam_msgs.egg-info/PKG-INFO
[0.460s] writing dependency_links to lidarslam_msgs.egg-info/dependency_links.txt
[0.460s] writing top-level names to lidarslam_msgs.egg-info/top_level.txt
[0.462s] reading manifest file 'lidarslam_msgs.egg-info/SOURCES.txt'
[0.463s] writing manifest file 'lidarslam_msgs.egg-info/SOURCES.txt'
[0.486s] [100%] Built target ament_cmake_python_build_lidarslam_msgs_egg
[0.577s] Invoked command in '/home/hazem/ros2_ws/src/build/lidarslam_msgs' returned '0': CMAKE_PREFIX_PATH=${CMAKE_PREFIX_PATH}:/opt/ros/humble /usr/bin/cmake --build /home/hazem/ros2_ws/src/build/lidarslam_msgs -- -j12 -l12
[0.655s] Invoking command in '/home/hazem/ros2_ws/src/build/lidarslam_msgs': CMAKE_PREFIX_PATH=${CMAKE_PREFIX_PATH}:/opt/ros/humble /usr/bin/cmake --install /home/hazem/ros2_ws/src/build/lidarslam_msgs
[0.662s] -- Install configuration: ""
[0.662s] -- Up-to-date: /home/hazem/ros2_ws/src/install/lidarslam_msgs/share/ament_index/resource_index/rosidl_interfaces/lidarslam_msgs
[0.663s] -- Up-to-date: /home/hazem/ros2_ws/src/install/lidarslam_msgs/include/lidarslam_msgs/lidarslam_msgs
[0.663s] -- Up-to-date: /home/hazem/ros2_ws/src/install/lidarslam_msgs/include/lidarslam_msgs/lidarslam_msgs/msg
[0.663s] -- Up-to-date: /home/hazem/ros2_ws/src/install/lidarslam_msgs/include/lidarslam_msgs/lidarslam_msgs/msg/rosidl_generator_c__visibility_control.h
[0.663s] -- Up-to-date: /home/hazem/ros2_ws/src/install/lidarslam_msgs/include/lidarslam_msgs/lidarslam_msgs/msg/detail
[0.663s] -- Up-to-date: /home/hazem/ros2_ws/src/install/lidarslam_msgs/include/lidarslam_msgs/lidarslam_msgs/msg/detail/map_array__functions.c
[0.663s] -- Up-to-date: /home/hazem/ros2_ws/src/install/lidarslam_msgs/include/lidarslam_msgs/lidarslam_msgs/msg/detail/map_array__functions.h
[0.663s] -- Up-to-date: /home/hazem/ros2_ws/src/install/lidarslam_msgs/include/lidarslam_msgs/lidarslam_msgs/msg/detail/sub_map__functions.h
[0.663s] -- Up-to-date: /home/hazem/ros2_ws/src/install/lidarslam_msgs/include/lidarslam_msgs/lidarslam_msgs/msg/detail/sub_map__struct.h
[0.663s] -- Up-to-date: /home/hazem/ros2_ws/src/install/lidarslam_msgs/include/lidarslam_msgs/lidarslam_msgs/msg/detail/sub_map__functions.c
[0.663s] -- Up-to-date: /home/hazem/ros2_ws/src/install/lidarslam_msgs/include/lidarslam_msgs/lidarslam_msgs/msg/detail/map_array__struct.h
[0.663s] -- Up-to-date: /home/hazem/ros2_ws/src/install/lidarslam_msgs/include/lidarslam_msgs/lidarslam_msgs/msg/detail/map_array__type_support.h
[0.663s] -- Up-to-date: /home/hazem/ros2_ws/src/install/lidarslam_msgs/include/lidarslam_msgs/lidarslam_msgs/msg/detail/sub_map__type_support.h
[0.664s] -- Up-to-date: /home/hazem/ros2_ws/src/install/lidarslam_msgs/include/lidarslam_msgs/lidarslam_msgs/msg/sub_map.h
[0.664s] -- Up-to-date: /home/hazem/ros2_ws/src/install/lidarslam_msgs/include/lidarslam_msgs/lidarslam_msgs/msg/map_array.h
[0.664s] -- Up-to-date: /home/hazem/ros2_ws/src/install/lidarslam_msgs/share/lidarslam_msgs/environment/library_path.sh
[0.664s] -- Up-to-date: /home/hazem/ros2_ws/src/install/lidarslam_msgs/share/lidarslam_msgs/environment/library_path.dsv
[0.664s] -- Up-to-date: /home/hazem/ros2_ws/src/install/lidarslam_msgs/lib/liblidarslam_msgs__rosidl_generator_c.so
[0.664s] -- Up-to-date: /home/hazem/ros2_ws/src/install/lidarslam_msgs/include/lidarslam_msgs/lidarslam_msgs
[0.664s] -- Up-to-date: /home/hazem/ros2_ws/src/install/lidarslam_msgs/include/lidarslam_msgs/lidarslam_msgs/msg
[0.664s] -- Up-to-date: /home/hazem/ros2_ws/src/install/lidarslam_msgs/include/lidarslam_msgs/lidarslam_msgs/msg/detail
[0.664s] -- Up-to-date: /home/hazem/ros2_ws/src/install/lidarslam_msgs/include/lidarslam_msgs/lidarslam_msgs/msg/detail/sub_map__rosidl_typesupport_fastrtps_c.h
[0.664s] -- Up-to-date: /home/hazem/ros2_ws/src/install/lidarslam_msgs/include/lidarslam_msgs/lidarslam_msgs/msg/detail/map_array__rosidl_typesupport_fastrtps_c.h
[0.664s] -- Up-to-date: /home/hazem/ros2_ws/src/install/lidarslam_msgs/include/lidarslam_msgs/lidarslam_msgs/msg/rosidl_typesupport_fastrtps_c__visibility_control.h
[0.664s] -- Up-to-date: /home/hazem/ros2_ws/src/install/lidarslam_msgs/lib/liblidarslam_msgs__rosidl_typesupport_fastrtps_c.so
[0.664s] -- Up-to-date: /home/hazem/ros2_ws/src/install/lidarslam_msgs/include/lidarslam_msgs/lidarslam_msgs
[0.664s] -- Up-to-date: /home/hazem/ros2_ws/src/install/lidarslam_msgs/include/lidarslam_msgs/lidarslam_msgs/msg
[0.665s] -- Up-to-date: /home/hazem/ros2_ws/src/install/lidarslam_msgs/include/lidarslam_msgs/lidarslam_msgs/msg/rosidl_typesupport_introspection_c__visibility_control.h
[0.665s] -- Up-to-date: /home/hazem/ros2_ws/src/install/lidarslam_msgs/include/lidarslam_msgs/lidarslam_msgs/msg/detail
[0.665s] -- Up-to-date: /home/hazem/ros2_ws/src/install/lidarslam_msgs/include/lidarslam_msgs/lidarslam_msgs/msg/detail/map_array__rosidl_typesupport_introspection_c.h
[0.665s] -- Up-to-date: /home/hazem/ros2_ws/src/install/lidarslam_msgs/include/lidarslam_msgs/lidarslam_msgs/msg/detail/sub_map__rosidl_typesupport_introspection_c.h
[0.665s] -- Up-to-date: /home/hazem/ros2_ws/src/install/lidarslam_msgs/include/lidarslam_msgs/lidarslam_msgs/msg/detail/sub_map__type_support.c
[0.665s] -- Up-to-date: /home/hazem/ros2_ws/src/install/lidarslam_msgs/include/lidarslam_msgs/lidarslam_msgs/msg/detail/map_array__type_support.c
[0.665s] -- Up-to-date: /home/hazem/ros2_ws/src/install/lidarslam_msgs/lib/liblidarslam_msgs__rosidl_typesupport_introspection_c.so
[0.666s] -- Up-to-date: /home/hazem/ros2_ws/src/install/lidarslam_msgs/lib/liblidarslam_msgs__rosidl_typesupport_c.so
[0.666s] -- Up-to-date: /home/hazem/ros2_ws/src/install/lidarslam_msgs/include/lidarslam_msgs/lidarslam_msgs
[0.666s] -- Up-to-date: /home/hazem/ros2_ws/src/install/lidarslam_msgs/include/lidarslam_msgs/lidarslam_msgs/msg
[0.666s] -- Up-to-date: /home/hazem/ros2_ws/src/install/lidarslam_msgs/include/lidarslam_msgs/lidarslam_msgs/msg/map_array.hpp
[0.666s] -- Up-to-date: /home/hazem/ros2_ws/src/install/lidarslam_msgs/include/lidarslam_msgs/lidarslam_msgs/msg/detail
[0.666s] -- Up-to-date: /home/hazem/ros2_ws/src/install/lidarslam_msgs/include/lidarslam_msgs/lidarslam_msgs/msg/detail/map_array__traits.hpp
[0.666s] -- Up-to-date: /home/hazem/ros2_ws/src/install/lidarslam_msgs/include/lidarslam_msgs/lidarslam_msgs/msg/detail/map_array__struct.hpp
[0.666s] -- Up-to-date: /home/hazem/ros2_ws/src/install/lidarslam_msgs/include/lidarslam_msgs/lidarslam_msgs/msg/detail/sub_map__struct.hpp
[0.666s] -- Up-to-date: /home/hazem/ros2_ws/src/install/lidarslam_msgs/include/lidarslam_msgs/lidarslam_msgs/msg/detail/sub_map__traits.hpp
[0.666s] -- Up-to-date: /home/hazem/ros2_ws/src/install/lidarslam_msgs/include/lidarslam_msgs/lidarslam_msgs/msg/detail/sub_map__builder.hpp
[0.667s] -- Up-to-date: /home/hazem/ros2_ws/src/install/lidarslam_msgs/include/lidarslam_msgs/lidarslam_msgs/msg/detail/map_array__builder.hpp
[0.667s] -- Up-to-date: /home/hazem/ros2_ws/src/install/lidarslam_msgs/include/lidarslam_msgs/lidarslam_msgs/msg/sub_map.hpp
[0.667s] -- Up-to-date: /home/hazem/ros2_ws/src/install/lidarslam_msgs/include/lidarslam_msgs/lidarslam_msgs
[0.667s] -- Up-to-date: /home/hazem/ros2_ws/src/install/lidarslam_msgs/include/lidarslam_msgs/lidarslam_msgs/msg
[0.667s] -- Up-to-date: /home/hazem/ros2_ws/src/install/lidarslam_msgs/include/lidarslam_msgs/lidarslam_msgs/msg/detail
[0.667s] -- Up-to-date: /home/hazem/ros2_ws/src/install/lidarslam_msgs/include/lidarslam_msgs/lidarslam_msgs/msg/detail/sub_map__rosidl_typesupport_fastrtps_cpp.hpp
[0.667s] -- Up-to-date: /home/hazem/ros2_ws/src/install/lidarslam_msgs/include/lidarslam_msgs/lidarslam_msgs/msg/detail/map_array__rosidl_typesupport_fastrtps_cpp.hpp
[0.667s] -- Up-to-date: /home/hazem/ros2_ws/src/install/lidarslam_msgs/include/lidarslam_msgs/lidarslam_msgs/msg/detail/dds_fastrtps
[0.667s] -- Up-to-date: /home/hazem/ros2_ws/src/install/lidarslam_msgs/include/lidarslam_msgs/lidarslam_msgs/msg/rosidl_typesupport_fastrtps_cpp__visibility_control.h
[0.667s] -- Up-to-date: /home/hazem/ros2_ws/src/install/lidarslam_msgs/lib/liblidarslam_msgs__rosidl_typesupport_fastrtps_cpp.so
[0.667s] -- Up-to-date: /home/hazem/ros2_ws/src/install/lidarslam_msgs/include/lidarslam_msgs/lidarslam_msgs
[0.667s] -- Up-to-date: /home/hazem/ros2_ws/src/install/lidarslam_msgs/include/lidarslam_msgs/lidarslam_msgs/msg
[0.667s] -- Up-to-date: /home/hazem/ros2_ws/src/install/lidarslam_msgs/include/lidarslam_msgs/lidarslam_msgs/msg/detail
[0.667s] -- Up-to-date: /home/hazem/ros2_ws/src/install/lidarslam_msgs/include/lidarslam_msgs/lidarslam_msgs/msg/detail/sub_map__rosidl_typesupport_introspection_cpp.hpp
[0.668s] -- Up-to-date: /home/hazem/ros2_ws/src/install/lidarslam_msgs/include/lidarslam_msgs/lidarslam_msgs/msg/detail/map_array__type_support.cpp
[0.668s] -- Up-to-date: /home/hazem/ros2_ws/src/install/lidarslam_msgs/include/lidarslam_msgs/lidarslam_msgs/msg/detail/sub_map__type_support.cpp
[0.668s] -- Up-to-date: /home/hazem/ros2_ws/src/install/lidarslam_msgs/include/lidarslam_msgs/lidarslam_msgs/msg/detail/map_array__rosidl_typesupport_introspection_cpp.hpp
[0.668s] -- Up-to-date: /home/hazem/ros2_ws/src/install/lidarslam_msgs/lib/liblidarslam_msgs__rosidl_typesupport_introspection_cpp.so
[0.668s] -- Up-to-date: /home/hazem/ros2_ws/src/install/lidarslam_msgs/lib/liblidarslam_msgs__rosidl_typesupport_cpp.so
[0.669s] -- Up-to-date: /home/hazem/ros2_ws/src/install/lidarslam_msgs/share/lidarslam_msgs/environment/pythonpath.sh
[0.669s] -- Up-to-date: /home/hazem/ros2_ws/src/install/lidarslam_msgs/share/lidarslam_msgs/environment/pythonpath.dsv
[0.669s] -- Up-to-date: /home/hazem/ros2_ws/src/install/lidarslam_msgs/local/lib/python3.10/dist-packages/lidarslam_msgs-0.0.0-py3.10.egg-info
[0.669s] -- Installing: /home/hazem/ros2_ws/src/install/lidarslam_msgs/local/lib/python3.10/dist-packages/lidarslam_msgs-0.0.0-py3.10.egg-info/PKG-INFO
[0.669s] -- Installing: /home/hazem/ros2_ws/src/install/lidarslam_msgs/local/lib/python3.10/dist-packages/lidarslam_msgs-0.0.0-py3.10.egg-info/SOURCES.txt
[0.669s] -- Installing: /home/hazem/ros2_ws/src/install/lidarslam_msgs/local/lib/python3.10/dist-packages/lidarslam_msgs-0.0.0-py3.10.egg-info/top_level.txt
[0.669s] -- Installing: /home/hazem/ros2_ws/src/install/lidarslam_msgs/local/lib/python3.10/dist-packages/lidarslam_msgs-0.0.0-py3.10.egg-info/dependency_links.txt
[0.670s] -- Up-to-date: /home/hazem/ros2_ws/src/install/lidarslam_msgs/local/lib/python3.10/dist-packages/lidarslam_msgs
[0.670s] -- Up-to-date: /home/hazem/ros2_ws/src/install/lidarslam_msgs/local/lib/python3.10/dist-packages/lidarslam_msgs/__init__.py
[0.670s] -- Up-to-date: /home/hazem/ros2_ws/src/install/lidarslam_msgs/local/lib/python3.10/dist-packages/lidarslam_msgs/lidarslam_msgs_s__rosidl_typesupport_introspection_c.cpython-310-x86_64-linux-gnu.so
[0.670s] -- Up-to-date: /home/hazem/ros2_ws/src/install/lidarslam_msgs/local/lib/python3.10/dist-packages/lidarslam_msgs/lidarslam_msgs_s__rosidl_typesupport_c.cpython-310-x86_64-linux-gnu.so
[0.670s] -- Up-to-date: /home/hazem/ros2_ws/src/install/lidarslam_msgs/local/lib/python3.10/dist-packages/lidarslam_msgs/_lidarslam_msgs_s.ep.rosidl_typesupport_c.c
[0.670s] -- Up-to-date: /home/hazem/ros2_ws/src/install/lidarslam_msgs/local/lib/python3.10/dist-packages/lidarslam_msgs/lidarslam_msgs_s__rosidl_typesupport_fastrtps_c.cpython-310-x86_64-linux-gnu.so
[0.670s] -- Up-to-date: /home/hazem/ros2_ws/src/install/lidarslam_msgs/local/lib/python3.10/dist-packages/lidarslam_msgs/_lidarslam_msgs_s.ep.rosidl_typesupport_fastrtps_c.c
[0.670s] -- Up-to-date: /home/hazem/ros2_ws/src/install/lidarslam_msgs/local/lib/python3.10/dist-packages/lidarslam_msgs/liblidarslam_msgs__rosidl_generator_py.so
[0.670s] -- Up-to-date: /home/hazem/ros2_ws/src/install/lidarslam_msgs/local/lib/python3.10/dist-packages/lidarslam_msgs/msg
[0.671s] -- Up-to-date: /home/hazem/ros2_ws/src/install/lidarslam_msgs/local/lib/python3.10/dist-packages/lidarslam_msgs/msg/__init__.py
[0.671s] -- Up-to-date: /home/hazem/ros2_ws/src/install/lidarslam_msgs/local/lib/python3.10/dist-packages/lidarslam_msgs/msg/_map_array.py
[0.671s] -- Up-to-date: /home/hazem/ros2_ws/src/install/lidarslam_msgs/local/lib/python3.10/dist-packages/lidarslam_msgs/msg/_sub_map.py
[0.671s] -- Up-to-date: /home/hazem/ros2_ws/src/install/lidarslam_msgs/local/lib/python3.10/dist-packages/lidarslam_msgs/msg/_sub_map_s.c
[0.671s] -- Up-to-date: /home/hazem/ros2_ws/src/install/lidarslam_msgs/local/lib/python3.10/dist-packages/lidarslam_msgs/msg/_map_array_s.c
[0.671s] -- Up-to-date: /home/hazem/ros2_ws/src/install/lidarslam_msgs/local/lib/python3.10/dist-packages/lidarslam_msgs/_lidarslam_msgs_s.ep.rosidl_typesupport_introspection_c.c
[0.698s] Listing '/home/hazem/ros2_ws/src/install/lidarslam_msgs/local/lib/python3.10/dist-packages/lidarslam_msgs'...
[0.698s] Listing '/home/hazem/ros2_ws/src/install/lidarslam_msgs/local/lib/python3.10/dist-packages/lidarslam_msgs/msg'...
[0.701s] -- Up-to-date: /home/hazem/ros2_ws/src/install/lidarslam_msgs/local/lib/python3.10/dist-packages/lidarslam_msgs/lidarslam_msgs_s__rosidl_typesupport_fastrtps_c.cpython-310-x86_64-linux-gnu.so
[0.702s] -- Up-to-date: /home/hazem/ros2_ws/src/install/lidarslam_msgs/local/lib/python3.10/dist-packages/lidarslam_msgs/lidarslam_msgs_s__rosidl_typesupport_introspection_c.cpython-310-x86_64-linux-gnu.so
[0.702s] -- Up-to-date: /home/hazem/ros2_ws/src/install/lidarslam_msgs/local/lib/python3.10/dist-packages/lidarslam_msgs/lidarslam_msgs_s__rosidl_typesupport_c.cpython-310-x86_64-linux-gnu.so
[0.703s] -- Up-to-date: /home/hazem/ros2_ws/src/install/lidarslam_msgs/lib/liblidarslam_msgs__rosidl_generator_py.so
[0.703s] -- Up-to-date: /home/hazem/ros2_ws/src/install/lidarslam_msgs/share/lidarslam_msgs/msg/SubMap.idl
[0.704s] -- Up-to-date: /home/hazem/ros2_ws/src/install/lidarslam_msgs/share/lidarslam_msgs/msg/MapArray.idl
[0.704s] -- Up-to-date: /home/hazem/ros2_ws/src/install/lidarslam_msgs/share/lidarslam_msgs/msg/SubMap.msg
[0.704s] -- Up-to-date: /home/hazem/ros2_ws/src/install/lidarslam_msgs/share/lidarslam_msgs/msg/MapArray.msg
[0.704s] -- Up-to-date: /home/hazem/ros2_ws/src/install/lidarslam_msgs/share/ament_index/resource_index/package_run_dependencies/lidarslam_msgs
[0.704s] -- Up-to-date: /home/hazem/ros2_ws/src/install/lidarslam_msgs/share/ament_index/resource_index/parent_prefix_path/lidarslam_msgs
[0.704s] -- Up-to-date: /home/hazem/ros2_ws/src/install/lidarslam_msgs/share/lidarslam_msgs/environment/ament_prefix_path.sh
[0.704s] -- Up-to-date: /home/hazem/ros2_ws/src/install/lidarslam_msgs/share/lidarslam_msgs/environment/ament_prefix_path.dsv
[0.704s] -- Up-to-date: /home/hazem/ros2_ws/src/install/lidarslam_msgs/share/lidarslam_msgs/environment/path.sh
[0.704s] -- Up-to-date: /home/hazem/ros2_ws/src/install/lidarslam_msgs/share/lidarslam_msgs/environment/path.dsv
[0.704s] -- Up-to-date: /home/hazem/ros2_ws/src/install/lidarslam_msgs/share/lidarslam_msgs/local_setup.bash
[0.705s] -- Up-to-date: /home/hazem/ros2_ws/src/install/lidarslam_msgs/share/lidarslam_msgs/local_setup.sh
[0.705s] -- Up-to-date: /home/hazem/ros2_ws/src/install/lidarslam_msgs/share/lidarslam_msgs/local_setup.zsh
[0.705s] -- Up-to-date: /home/hazem/ros2_ws/src/install/lidarslam_msgs/share/lidarslam_msgs/local_setup.dsv
[0.705s] -- Installing: /home/hazem/ros2_ws/src/install/lidarslam_msgs/share/lidarslam_msgs/package.dsv
[0.705s] -- Up-to-date: /home/hazem/ros2_ws/src/install/lidarslam_msgs/share/ament_index/resource_index/packages/lidarslam_msgs
[0.705s] -- Up-to-date: /home/hazem/ros2_ws/src/install/lidarslam_msgs/share/lidarslam_msgs/cmake/export_lidarslam_msgs__rosidl_generator_cExport.cmake
[0.705s] -- Up-to-date: /home/hazem/ros2_ws/src/install/lidarslam_msgs/share/lidarslam_msgs/cmake/export_lidarslam_msgs__rosidl_generator_cExport-noconfig.cmake
[0.705s] -- Up-to-date: /home/hazem/ros2_ws/src/install/lidarslam_msgs/share/lidarslam_msgs/cmake/export_lidarslam_msgs__rosidl_typesupport_fastrtps_cExport.cmake
[0.705s] -- Up-to-date: /home/hazem/ros2_ws/src/install/lidarslam_msgs/share/lidarslam_msgs/cmake/export_lidarslam_msgs__rosidl_typesupport_fastrtps_cExport-noconfig.cmake
[0.705s] -- Up-to-date: /home/hazem/ros2_ws/src/install/lidarslam_msgs/share/lidarslam_msgs/cmake/lidarslam_msgs__rosidl_typesupport_introspection_cExport.cmake
[0.705s] -- Up-to-date: /home/hazem/ros2_ws/src/install/lidarslam_msgs/share/lidarslam_msgs/cmake/lidarslam_msgs__rosidl_typesupport_introspection_cExport-noconfig.cmake
[0.705s] -- Up-to-date: /home/hazem/ros2_ws/src/install/lidarslam_msgs/share/lidarslam_msgs/cmake/lidarslam_msgs__rosidl_typesupport_cExport.cmake
[0.706s] -- Up-to-date: /home/hazem/ros2_ws/src/install/lidarslam_msgs/share/lidarslam_msgs/cmake/lidarslam_msgs__rosidl_typesupport_cExport-noconfig.cmake
[0.706s] -- Up-to-date: /home/hazem/ros2_ws/src/install/lidarslam_msgs/share/lidarslam_msgs/cmake/export_lidarslam_msgs__rosidl_generator_cppExport.cmake
[0.706s] -- Up-to-date: /home/hazem/ros2_ws/src/install/lidarslam_msgs/share/lidarslam_msgs/cmake/export_lidarslam_msgs__rosidl_typesupport_fastrtps_cppExport.cmake
[0.706s] -- Up-to-date: /home/hazem/ros2_ws/src/install/lidarslam_msgs/share/lidarslam_msgs/cmake/export_lidarslam_msgs__rosidl_typesupport_fastrtps_cppExport-noconfig.cmake
[0.706s] -- Up-to-date: /home/hazem/ros2_ws/src/install/lidarslam_msgs/share/lidarslam_msgs/cmake/lidarslam_msgs__rosidl_typesupport_introspection_cppExport.cmake
[0.707s] -- Up-to-date: /home/hazem/ros2_ws/src/install/lidarslam_msgs/share/lidarslam_msgs/cmake/lidarslam_msgs__rosidl_typesupport_introspection_cppExport-noconfig.cmake
[0.707s] -- Up-to-date: /home/hazem/ros2_ws/src/install/lidarslam_msgs/share/lidarslam_msgs/cmake/lidarslam_msgs__rosidl_typesupport_cppExport.cmake
[0.707s] -- Up-to-date: /home/hazem/ros2_ws/src/install/lidarslam_msgs/share/lidarslam_msgs/cmake/lidarslam_msgs__rosidl_typesupport_cppExport-noconfig.cmake
[0.707s] -- Up-to-date: /home/hazem/ros2_ws/src/install/lidarslam_msgs/share/lidarslam_msgs/cmake/export_lidarslam_msgs__rosidl_generator_pyExport.cmake
[0.707s] -- Up-to-date: /home/hazem/ros2_ws/src/install/lidarslam_msgs/share/lidarslam_msgs/cmake/export_lidarslam_msgs__rosidl_generator_pyExport-noconfig.cmake
[0.708s] -- Up-to-date: /home/hazem/ros2_ws/src/install/lidarslam_msgs/share/lidarslam_msgs/cmake/rosidl_cmake-extras.cmake
[0.708s] -- Up-to-date: /home/hazem/ros2_ws/src/install/lidarslam_msgs/share/lidarslam_msgs/cmake/ament_cmake_export_dependencies-extras.cmake
[0.708s] -- Up-to-date: /home/hazem/ros2_ws/src/install/lidarslam_msgs/share/lidarslam_msgs/cmake/ament_cmake_export_include_directories-extras.cmake
[0.708s] -- Up-to-date: /home/hazem/ros2_ws/src/install/lidarslam_msgs/share/lidarslam_msgs/cmake/ament_cmake_export_libraries-extras.cmake
[0.708s] -- Up-to-date: /home/hazem/ros2_ws/src/install/lidarslam_msgs/share/lidarslam_msgs/cmake/ament_cmake_export_targets-extras.cmake
[0.708s] -- Up-to-date: /home/hazem/ros2_ws/src/install/lidarslam_msgs/share/lidarslam_msgs/cmake/rosidl_cmake_export_typesupport_targets-extras.cmake
[0.708s] -- Up-to-date: /home/hazem/ros2_ws/src/install/lidarslam_msgs/share/lidarslam_msgs/cmake/rosidl_cmake_export_typesupport_libraries-extras.cmake
[0.708s] -- Up-to-date: /home/hazem/ros2_ws/src/install/lidarslam_msgs/share/lidarslam_msgs/cmake/lidarslam_msgsConfig.cmake
[0.708s] -- Up-to-date: /home/hazem/ros2_ws/src/install/lidarslam_msgs/share/lidarslam_msgs/cmake/lidarslam_msgsConfig-version.cmake
[0.708s] -- Up-to-date: /home/hazem/ros2_ws/src/install/lidarslam_msgs/share/lidarslam_msgs/package.xml
[0.710s] Invoked command in '/home/hazem/ros2_ws/src/build/lidarslam_msgs' returned '0': CMAKE_PREFIX_PATH=${CMAKE_PREFIX_PATH}:/opt/ros/humble /usr/bin/cmake --install /home/hazem/ros2_ws/src/build/lidarslam_msgs
