running egg_info
creating ../build/yolov8/yolov8.egg-info
writing ../build/yolov8/yolov8.egg-info/PKG-INFO
writing dependency_links to ../build/yolov8/yolov8.egg-info/dependency_links.txt
writing entry points to ../build/yolov8/yolov8.egg-info/entry_points.txt
writing requirements to ../build/yolov8/yolov8.egg-info/requires.txt
writing top-level names to ../build/yolov8/yolov8.egg-info/top_level.txt
writing manifest file '../build/yolov8/yolov8.egg-info/SOURCES.txt'
reading manifest file '../build/yolov8/yolov8.egg-info/SOURCES.txt'
writing manifest file '../build/yolov8/yolov8.egg-info/SOURCES.txt'
running build
running build_py
creating /home/mazen/ros2_ws/src/fs-system/perception/build/yolov8/build
creating /home/mazen/ros2_ws/src/fs-system/perception/build/yolov8/build/lib
creating /home/mazen/ros2_ws/src/fs-system/perception/build/yolov8/build/lib/yolov8
copying yolov8/__init__.py -> /home/mazen/ros2_ws/src/fs-system/perception/build/yolov8/build/lib/yolov8
running install
/usr/lib/python3/dist-packages/setuptools/command/install.py:34: SetuptoolsDeprecationWarning: setup.py install is deprecated. Use build and pip and other standards-based tools.
  warnings.warn(
running install_lib
creating /home/mazen/ros2_ws/src/fs-system/perception/install/yolov8/lib/python3.10/site-packages/yolov8
copying /home/mazen/ros2_ws/src/fs-system/perception/build/yolov8/build/lib/yolov8/__init__.py -> /home/mazen/ros2_ws/src/fs-system/perception/install/yolov8/lib/python3.10/site-packages/yolov8
byte-compiling /home/mazen/ros2_ws/src/fs-system/perception/install/yolov8/lib/python3.10/site-packages/yolov8/__init__.py to __init__.cpython-310.pyc
running install_data
creating /home/mazen/ros2_ws/src/fs-system/perception/install/yolov8/share/ament_index
creating /home/mazen/ros2_ws/src/fs-system/perception/install/yolov8/share/ament_index/resource_index
creating /home/mazen/ros2_ws/src/fs-system/perception/install/yolov8/share/ament_index/resource_index/packages
copying resource/yolov8 -> /home/mazen/ros2_ws/src/fs-system/perception/install/yolov8/share/ament_index/resource_index/packages
copying package.xml -> /home/mazen/ros2_ws/src/fs-system/perception/install/yolov8/share/yolov8
running install_egg_info
Copying ../build/yolov8/yolov8.egg-info to /home/mazen/ros2_ws/src/fs-system/perception/install/yolov8/lib/python3.10/site-packages/yolov8-0.0.0-py3.10.egg-info
running install_scripts
writing list of installed files to '/home/mazen/ros2_ws/src/fs-system/perception/build/yolov8/install.log'
