[0.244s] Invoking command in '/home/mazen/ros2_ws/src/fs-system/perception/build/smoreo': /usr/bin/cmake /home/mazen/ros2_ws/src/fs-system/perception/perception_23/smoreo -DCATKIN_INSTALL_INTO_PREFIX_ROOT=0 -DCMAKE_INSTALL_PREFIX=/home/mazen/ros2_ws/src/fs-system/perception/install/smoreo
[0.361s] -- The C compiler identification is GNU 11.4.0
[0.459s] -- The CXX compiler identification is GNU 11.4.0
[0.473s] -- Detecting C compiler ABI info
[0.567s] -- Detecting C compiler ABI info - done
[0.576s] -- Check for working C compiler: /usr/bin/cc - skipped
[0.576s] -- Detecting C compile features
[0.577s] -- Detecting C compile features - done
[0.582s] -- Detecting CXX compiler ABI info
[0.685s] -- Detecting CXX compiler ABI info - done
[0.694s] -- Check for working CXX compiler: /usr/bin/c++ - skipped
[0.695s] -- Detecting CXX compile features
[0.695s] -- Detecting CXX compile features - done
[0.713s] [31mCMake Error at CMakeLists.txt:4 (find_package):
[0.713s]   By not providing "Findcatkin.cmake" in CMAKE_MODULE_PATH this project has
[0.713s]   asked CMake to find a package configuration file provided by "catkin", but
[0.713s]   CMake did not find one.
[0.713s] 
[0.714s]   Could not find a package configuration file provided by "catkin" with any
[0.714s]   of the following names:
[0.714s] 
[0.714s]     catkinConfig.cmake
[0.714s]     catkin-config.cmake
[0.714s] 
[0.714s]   Add the installation prefix of "catkin" to CMAKE_PREFIX_PATH or set
[0.714s]   "catkin_DIR" to a directory containing one of the above files.  If "catkin"
[0.714s]   provides a separate development package or SDK, be sure it has been
[0.714s]   installed.
[0.714s] 
[0.714s] [0m
[0.714s] -- Configuring incomplete, errors occurred!
[0.715s] See also "/home/mazen/ros2_ws/src/fs-system/perception/build/smoreo/CMakeFiles/CMakeOutput.log".
[0.717s] Invoked command in '/home/mazen/ros2_ws/src/fs-system/perception/build/smoreo' returned '1': /usr/bin/cmake /home/mazen/ros2_ws/src/fs-system/perception/perception_23/smoreo -DCATKIN_INSTALL_INTO_PREFIX_ROOT=0 -DCMAKE_INSTALL_PREFIX=/home/mazen/ros2_ws/src/fs-system/perception/install/smoreo
