[0.049s] Invoking command in '/home/hazem/ros2_ws/build/ndt_omp_ros2': CMAKE_PREFIX_PATH=/opt/ros/humble /usr/bin/cmake --build /home/hazem/ros2_ws/build/ndt_omp_ros2 -- -j12 -l12
[0.086s] [35m[1mConsolidate compiler generated dependencies of target ndt_omp[0m
[0.130s] [ 66%] Built target ndt_omp
[0.141s] [35m[1mConsolidate compiler generated dependencies of target align[0m
[0.171s] [100%] Built target align
[0.181s] Invoked command in '/home/hazem/ros2_ws/build/ndt_omp_ros2' returned '0': CMAKE_PREFIX_PATH=/opt/ros/humble /usr/bin/cmake --build /home/hazem/ros2_ws/build/ndt_omp_ros2 -- -j12 -l12
[0.223s] Invoking command in '/home/hazem/ros2_ws/build/ndt_omp_ros2': CMAKE_PREFIX_PATH=/opt/ros/humble /usr/bin/cmake --install /home/hazem/ros2_ws/build/ndt_omp_ros2
[0.228s] -- Install configuration: "RELEASE"
[0.229s] -- Execute custom install script
[0.229s] -- Up-to-date symlink: /home/hazem/ros2_ws/install/ndt_omp_ros2/lib/ndt_omp_ros2/align
[0.229s] -- Up-to-date symlink: /home/hazem/ros2_ws/install/ndt_omp_ros2/bin/align
[0.230s] -- Up-to-date symlink: /home/hazem/ros2_ws/install/ndt_omp_ros2/include/pclomp/gicp_omp.h
[0.230s] -- Up-to-date symlink: /home/hazem/ros2_ws/install/ndt_omp_ros2/include/pclomp/gicp_omp_impl.hpp
[0.230s] -- Up-to-date symlink: /home/hazem/ros2_ws/install/ndt_omp_ros2/include/pclomp/ndt_omp.h
[0.230s] -- Up-to-date symlink: /home/hazem/ros2_ws/install/ndt_omp_ros2/include/pclomp/ndt_omp_impl.hpp
[0.230s] -- Up-to-date symlink: /home/hazem/ros2_ws/install/ndt_omp_ros2/include/pclomp/voxel_grid_covariance_omp.h
[0.230s] -- Up-to-date symlink: /home/hazem/ros2_ws/install/ndt_omp_ros2/include/pclomp/voxel_grid_covariance_omp_impl.hpp
[0.230s] -- Up-to-date symlink: /home/hazem/ros2_ws/install/ndt_omp_ros2/share/ament_index/resource_index/package_run_dependencies/ndt_omp_ros2
[0.231s] -- Up-to-date symlink: /home/hazem/ros2_ws/install/ndt_omp_ros2/share/ament_index/resource_index/parent_prefix_path/ndt_omp_ros2
[0.231s] -- Up-to-date symlink: /home/hazem/ros2_ws/install/ndt_omp_ros2/share/ndt_omp_ros2/environment/ament_prefix_path.sh
[0.231s] -- Up-to-date symlink: /home/hazem/ros2_ws/install/ndt_omp_ros2/share/ndt_omp_ros2/environment/ament_prefix_path.dsv
[0.231s] -- Up-to-date symlink: /home/hazem/ros2_ws/install/ndt_omp_ros2/share/ndt_omp_ros2/environment/path.sh
[0.231s] -- Up-to-date symlink: /home/hazem/ros2_ws/install/ndt_omp_ros2/share/ndt_omp_ros2/environment/path.dsv
[0.232s] -- Up-to-date symlink: /home/hazem/ros2_ws/install/ndt_omp_ros2/share/ndt_omp_ros2/local_setup.bash
[0.232s] -- Up-to-date symlink: /home/hazem/ros2_ws/install/ndt_omp_ros2/share/ndt_omp_ros2/local_setup.sh
[0.232s] -- Up-to-date symlink: /home/hazem/ros2_ws/install/ndt_omp_ros2/share/ndt_omp_ros2/local_setup.zsh
[0.232s] -- Up-to-date symlink: /home/hazem/ros2_ws/install/ndt_omp_ros2/share/ndt_omp_ros2/local_setup.dsv
[0.232s] -- Symlinking: /home/hazem/ros2_ws/install/ndt_omp_ros2/share/ndt_omp_ros2/package.dsv
[0.239s] -- Up-to-date symlink: /home/hazem/ros2_ws/install/ndt_omp_ros2/share/ament_index/resource_index/packages/ndt_omp_ros2
[0.240s] -- Up-to-date symlink: /home/hazem/ros2_ws/install/ndt_omp_ros2/share/ndt_omp_ros2/cmake/ament_cmake_export_dependencies-extras.cmake
[0.240s] -- Up-to-date symlink: /home/hazem/ros2_ws/install/ndt_omp_ros2/share/ndt_omp_ros2/cmake/ament_cmake_export_include_directories-extras.cmake
[0.240s] -- Up-to-date symlink: /home/hazem/ros2_ws/install/ndt_omp_ros2/share/ndt_omp_ros2/cmake/ndt_omp_ros2Config.cmake
[0.240s] -- Up-to-date symlink: /home/hazem/ros2_ws/install/ndt_omp_ros2/share/ndt_omp_ros2/cmake/ndt_omp_ros2Config-version.cmake
[0.240s] -- Up-to-date symlink: /home/hazem/ros2_ws/install/ndt_omp_ros2/share/ndt_omp_ros2/package.xml
[0.241s] Invoked command in '/home/hazem/ros2_ws/build/ndt_omp_ros2' returned '0': CMAKE_PREFIX_PATH=/opt/ros/humble /usr/bin/cmake --install /home/hazem/ros2_ws/build/ndt_omp_ros2
