[0.755s] Invoking command in '/media/ezzedinayman/Local Disk/FS-System/fs-system/perception/kp_reg': PYTHONPATH=/media/ezzedinayman/Local Disk/FS-System/fs-system/build/kp_reg/prefix_override:/media/ezzedinayman/Local Disk/FS-System/fs-system/install/kp_reg/lib/python3.10/site-packages:${PYTHONPATH} /usr/bin/python3 -W ignore:setup.py install is deprecated setup.py egg_info --egg-base ../../build/kp_reg build --build-base /media/ezzedinayman/Local Disk/FS-System/fs-system/build/kp_reg/build install --record /media/ezzedinayman/Local Disk/FS-System/fs-system/build/kp_reg/install.log --single-version-externally-managed install_data
[1.063s] running egg_info
[1.063s] creating ../../build/kp_reg/kp_reg.egg-info
[1.064s] writing ../../build/kp_reg/kp_reg.egg-info/PKG-INFO
[1.064s] writing dependency_links to ../../build/kp_reg/kp_reg.egg-info/dependency_links.txt
[1.064s] writing entry points to ../../build/kp_reg/kp_reg.egg-info/entry_points.txt
[1.065s] writing requirements to ../../build/kp_reg/kp_reg.egg-info/requires.txt
[1.065s] writing top-level names to ../../build/kp_reg/kp_reg.egg-info/top_level.txt
[1.065s] writing manifest file '../../build/kp_reg/kp_reg.egg-info/SOURCES.txt'
[1.067s] reading manifest file '../../build/kp_reg/kp_reg.egg-info/SOURCES.txt'
[1.067s] writing manifest file '../../build/kp_reg/kp_reg.egg-info/SOURCES.txt'
[1.067s] running build
[1.068s] running build_py
[1.068s] creating /media/ezzedinayman/Local Disk/FS-System/fs-system/build/kp_reg/build
[1.068s] creating /media/ezzedinayman/Local Disk/FS-System/fs-system/build/kp_reg/build/lib
[1.068s] creating /media/ezzedinayman/Local Disk/FS-System/fs-system/build/kp_reg/build/lib/kp_reg
[1.068s] copying kp_reg/kpr_model.py -> /media/ezzedinayman/Local Disk/FS-System/fs-system/build/kp_reg/build/lib/kp_reg
[1.068s] copying kp_reg/kpr_node.py -> /media/ezzedinayman/Local Disk/FS-System/fs-system/build/kp_reg/build/lib/kp_reg
[1.068s] copying kp_reg/resnet.py -> /media/ezzedinayman/Local Disk/FS-System/fs-system/build/kp_reg/build/lib/kp_reg
[1.068s] copying kp_reg/__init__.py -> /media/ezzedinayman/Local Disk/FS-System/fs-system/build/kp_reg/build/lib/kp_reg
[1.068s] running install
[1.069s] running install_lib
[1.069s] creating /media/ezzedinayman/Local Disk/FS-System/fs-system/install/kp_reg/lib/python3.10/site-packages/kp_reg
[1.070s] copying /media/ezzedinayman/Local Disk/FS-System/fs-system/build/kp_reg/build/lib/kp_reg/kpr_model.py -> /media/ezzedinayman/Local Disk/FS-System/fs-system/install/kp_reg/lib/python3.10/site-packages/kp_reg
[1.070s] copying /media/ezzedinayman/Local Disk/FS-System/fs-system/build/kp_reg/build/lib/kp_reg/kpr_node.py -> /media/ezzedinayman/Local Disk/FS-System/fs-system/install/kp_reg/lib/python3.10/site-packages/kp_reg
[1.070s] copying /media/ezzedinayman/Local Disk/FS-System/fs-system/build/kp_reg/build/lib/kp_reg/resnet.py -> /media/ezzedinayman/Local Disk/FS-System/fs-system/install/kp_reg/lib/python3.10/site-packages/kp_reg
[1.070s] copying /media/ezzedinayman/Local Disk/FS-System/fs-system/build/kp_reg/build/lib/kp_reg/__init__.py -> /media/ezzedinayman/Local Disk/FS-System/fs-system/install/kp_reg/lib/python3.10/site-packages/kp_reg
[1.070s] byte-compiling /media/ezzedinayman/Local Disk/FS-System/fs-system/install/kp_reg/lib/python3.10/site-packages/kp_reg/kpr_model.py to kpr_model.cpython-310.pyc
[1.071s] byte-compiling /media/ezzedinayman/Local Disk/FS-System/fs-system/install/kp_reg/lib/python3.10/site-packages/kp_reg/kpr_node.py to kpr_node.cpython-310.pyc
[1.072s] byte-compiling /media/ezzedinayman/Local Disk/FS-System/fs-system/install/kp_reg/lib/python3.10/site-packages/kp_reg/resnet.py to resnet.cpython-310.pyc
[1.073s] byte-compiling /media/ezzedinayman/Local Disk/FS-System/fs-system/install/kp_reg/lib/python3.10/site-packages/kp_reg/__init__.py to __init__.cpython-310.pyc
[1.073s] running install_data
[1.073s] creating /media/ezzedinayman/Local Disk/FS-System/fs-system/install/kp_reg/share/ament_index
[1.073s] creating /media/ezzedinayman/Local Disk/FS-System/fs-system/install/kp_reg/share/ament_index/resource_index
[1.073s] creating /media/ezzedinayman/Local Disk/FS-System/fs-system/install/kp_reg/share/ament_index/resource_index/packages
[1.073s] copying resource/kp_reg -> /media/ezzedinayman/Local Disk/FS-System/fs-system/install/kp_reg/share/ament_index/resource_index/packages
[1.073s] copying package.xml -> /media/ezzedinayman/Local Disk/FS-System/fs-system/install/kp_reg/share/kp_reg
[1.073s] running install_egg_info
[1.075s] Copying ../../build/kp_reg/kp_reg.egg-info to /media/ezzedinayman/Local Disk/FS-System/fs-system/install/kp_reg/lib/python3.10/site-packages/kp_reg-0.0.0-py3.10.egg-info
[1.076s] running install_scripts
[1.095s] Installing keypoint_regressor script to /media/ezzedinayman/Local Disk/FS-System/fs-system/install/kp_reg/lib/kp_reg
[1.095s] writing list of installed files to '/media/ezzedinayman/Local Disk/FS-System/fs-system/build/kp_reg/install.log'
[1.118s] Invoked command in '/media/ezzedinayman/Local Disk/FS-System/fs-system/perception/kp_reg' returned '0': PYTHONPATH=/media/ezzedinayman/Local Disk/FS-System/fs-system/build/kp_reg/prefix_override:/media/ezzedinayman/Local Disk/FS-System/fs-system/install/kp_reg/lib/python3.10/site-packages:${PYTHONPATH} /usr/bin/python3 -W ignore:setup.py install is deprecated setup.py egg_info --egg-base ../../build/kp_reg build --build-base /media/ezzedinayman/Local Disk/FS-System/fs-system/build/kp_reg/build install --record /media/ezzedinayman/Local Disk/FS-System/fs-system/build/kp_reg/install.log --single-version-externally-managed install_data
