[0.437s] DEBUG:colcon:Command line arguments: ['/usr/bin/colcon', 'build', '--packages-select', 'mrpython_pcl']
[0.438s] DEBUG:colcon:Parsed command line arguments: Namespace(log_base=None, log_level=None, verb_name='build', build_base='build', install_base='install', merge_install=False, symlink_install=False, test_result_base=None, continue_on_error=False, executor='parallel', parallel_workers=8, event_handlers=None, ignore_user_meta=False, metas=['./colcon.meta'], base_paths=['.'], packages_ignore=None, packages_ignore_regex=None, paths=None, packages_up_to=None, packages_up_to_regex=None, packages_above=None, packages_above_and_dependencies=None, packages_above_depth=None, packages_select_by_dep=None, packages_skip_by_dep=None, packages_skip_up_to=None, packages_select_build_failed=False, packages_skip_build_finished=False, packages_select_test_failures=False, packages_skip_test_passed=False, packages_select=['mrpython_pcl'], packages_skip=None, packages_select_regex=None, packages_skip_regex=None, packages_start=None, packages_end=None, allow_overriding=[], cmake_args=None, cmake_target=None, cmake_target_skip_unavailable=False, cmake_clean_cache=False, cmake_clean_first=False, cmake_force_configure=False, ament_cmake_args=None, catkin_cmake_args=None, catkin_skip_building_tests=False, verb_parser=<colcon_defaults.argument_parser.defaults.DefaultArgumentsDecorator object at 0x7a65b23478b0>, verb_extension=<colcon_core.verb.build.BuildVerb object at 0x7a65b247c4f0>, main=<bound method BuildVerb.main of <colcon_core.verb.build.BuildVerb object at 0x7a65b247c4f0>>)
[0.683s] Level 1:colcon.colcon_core.package_discovery:discover_packages(colcon_meta) check parameters
[0.683s] Level 1:colcon.colcon_core.package_discovery:discover_packages(recursive) check parameters
[0.683s] Level 1:colcon.colcon_core.package_discovery:discover_packages(ignore) check parameters
[0.683s] Level 1:colcon.colcon_core.package_discovery:discover_packages(path) check parameters
[0.683s] Level 1:colcon.colcon_core.package_discovery:discover_packages(colcon_meta) discover
[0.683s] Level 1:colcon.colcon_core.package_discovery:discover_packages(recursive) discover
[0.684s] INFO:colcon.colcon_core.package_discovery:Crawling recursively for packages in '/media/ezzedinayman/Local Disk/FS-System/fs-system'
[0.684s] Level 1:colcon.colcon_core.package_identification:_identify(.) by extensions ['ignore', 'ignore_ament_install']
[0.684s] Level 1:colcon.colcon_core.package_identification:_identify(.) by extension 'ignore'
[0.684s] Level 1:colcon.colcon_core.package_identification:_identify(.) by extension 'ignore_ament_install'
[0.684s] Level 1:colcon.colcon_core.package_identification:_identify(.) by extensions ['colcon_pkg']
[0.684s] Level 1:colcon.colcon_core.package_identification:_identify(.) by extension 'colcon_pkg'
[0.684s] Level 1:colcon.colcon_core.package_identification:_identify(.) by extensions ['colcon_meta']
[0.684s] Level 1:colcon.colcon_core.package_identification:_identify(.) by extension 'colcon_meta'
[0.684s] Level 1:colcon.colcon_core.package_identification:_identify(.) by extensions ['ros']
[0.684s] Level 1:colcon.colcon_core.package_identification:_identify(.) by extension 'ros'
[0.693s] Level 1:colcon.colcon_core.package_identification:_identify(.) by extensions ['cmake', 'python']
[0.693s] Level 1:colcon.colcon_core.package_identification:_identify(.) by extension 'cmake'
[0.732s] ERROR:colcon.colcon_core.package_identification:Exception in package identification extension 'cmake' in '.': Failed to extract project name from 'CMakeLists.txt'
Traceback (most recent call last):
  File "/usr/lib/python3/dist-packages/colcon_core/package_identification/__init__.py", line 142, in _identify
    retval = extension.identify(_reused_descriptor_instance)
  File "/usr/lib/python3/dist-packages/colcon_cmake/package_identification/cmake.py", line 37, in identify
    raise RuntimeError(
RuntimeError: Failed to extract project name from 'CMakeLists.txt'

[0.732s] Level 1:colcon.colcon_core.package_identification:_identify(.) by extension 'python'
[0.732s] Level 1:colcon.colcon_core.package_identification:_identify(.) by extensions ['python_setup_py']
[0.732s] Level 1:colcon.colcon_core.package_identification:_identify(.) by extension 'python_setup_py'
[0.732s] Level 1:colcon.colcon_core.package_identification:_identify(build) by extensions ['ignore', 'ignore_ament_install']
[0.733s] Level 1:colcon.colcon_core.package_identification:_identify(build) by extension 'ignore'
[0.733s] Level 1:colcon.colcon_core.package_identification:_identify(build) ignored
[0.733s] Level 1:colcon.colcon_core.package_identification:_identify(dependencies) by extensions ['ignore', 'ignore_ament_install']
[0.733s] Level 1:colcon.colcon_core.package_identification:_identify(dependencies) by extension 'ignore'
[0.733s] Level 1:colcon.colcon_core.package_identification:_identify(dependencies) by extension 'ignore_ament_install'
[0.733s] Level 1:colcon.colcon_core.package_identification:_identify(dependencies) by extensions ['colcon_pkg']
[0.733s] Level 1:colcon.colcon_core.package_identification:_identify(dependencies) by extension 'colcon_pkg'
[0.733s] Level 1:colcon.colcon_core.package_identification:_identify(dependencies) by extensions ['colcon_meta']
[0.733s] Level 1:colcon.colcon_core.package_identification:_identify(dependencies) by extension 'colcon_meta'
[0.733s] Level 1:colcon.colcon_core.package_identification:_identify(dependencies) by extensions ['ros']
[0.733s] Level 1:colcon.colcon_core.package_identification:_identify(dependencies) by extension 'ros'
[0.733s] Level 1:colcon.colcon_core.package_identification:_identify(dependencies) by extensions ['cmake', 'python']
[0.733s] Level 1:colcon.colcon_core.package_identification:_identify(dependencies) by extension 'cmake'
[0.733s] Level 1:colcon.colcon_core.package_identification:_identify(dependencies) by extension 'python'
[0.733s] Level 1:colcon.colcon_core.package_identification:_identify(dependencies) by extensions ['python_setup_py']
[0.733s] Level 1:colcon.colcon_core.package_identification:_identify(dependencies) by extension 'python_setup_py'
[0.734s] Level 1:colcon.colcon_core.package_identification:_identify(dependencies/ackermann_msgs) by extensions ['ignore', 'ignore_ament_install']
[0.734s] Level 1:colcon.colcon_core.package_identification:_identify(dependencies/ackermann_msgs) by extension 'ignore'
[0.734s] Level 1:colcon.colcon_core.package_identification:_identify(dependencies/ackermann_msgs) by extension 'ignore_ament_install'
[0.734s] Level 1:colcon.colcon_core.package_identification:_identify(dependencies/ackermann_msgs) by extensions ['colcon_pkg']
[0.734s] Level 1:colcon.colcon_core.package_identification:_identify(dependencies/ackermann_msgs) by extension 'colcon_pkg'
[0.734s] Level 1:colcon.colcon_core.package_identification:_identify(dependencies/ackermann_msgs) by extensions ['colcon_meta']
[0.734s] Level 1:colcon.colcon_core.package_identification:_identify(dependencies/ackermann_msgs) by extension 'colcon_meta'
[0.734s] Level 1:colcon.colcon_core.package_identification:_identify(dependencies/ackermann_msgs) by extensions ['ros']
[0.734s] Level 1:colcon.colcon_core.package_identification:_identify(dependencies/ackermann_msgs) by extension 'ros'
[0.734s] Level 1:colcon.colcon_core.package_identification:_identify(dependencies/ackermann_msgs) by extensions ['cmake', 'python']
[0.734s] Level 1:colcon.colcon_core.package_identification:_identify(dependencies/ackermann_msgs) by extension 'cmake'
[0.734s] Level 1:colcon.colcon_core.package_identification:_identify(dependencies/ackermann_msgs) by extension 'python'
[0.734s] Level 1:colcon.colcon_core.package_identification:_identify(dependencies/ackermann_msgs) by extensions ['python_setup_py']
[0.734s] Level 1:colcon.colcon_core.package_identification:_identify(dependencies/ackermann_msgs) by extension 'python_setup_py'
[0.734s] Level 1:colcon.colcon_core.package_identification:_identify(dependencies/asurt_msgs) by extensions ['ignore', 'ignore_ament_install']
[0.734s] Level 1:colcon.colcon_core.package_identification:_identify(dependencies/asurt_msgs) by extension 'ignore'
[0.734s] Level 1:colcon.colcon_core.package_identification:_identify(dependencies/asurt_msgs) by extension 'ignore_ament_install'
[0.734s] Level 1:colcon.colcon_core.package_identification:_identify(dependencies/asurt_msgs) by extensions ['colcon_pkg']
[0.734s] Level 1:colcon.colcon_core.package_identification:_identify(dependencies/asurt_msgs) by extension 'colcon_pkg'
[0.734s] Level 1:colcon.colcon_core.package_identification:_identify(dependencies/asurt_msgs) by extensions ['colcon_meta']
[0.734s] Level 1:colcon.colcon_core.package_identification:_identify(dependencies/asurt_msgs) by extension 'colcon_meta'
[0.735s] Level 1:colcon.colcon_core.package_identification:_identify(dependencies/asurt_msgs) by extensions ['ros']
[0.735s] Level 1:colcon.colcon_core.package_identification:_identify(dependencies/asurt_msgs) by extension 'ros'
[0.737s] DEBUG:colcon.colcon_core.package_identification:Package 'dependencies/asurt_msgs' with type 'ros.ament_cmake' and name 'asurt_msgs'
[0.737s] Level 1:colcon.colcon_core.package_identification:_identify(dependencies/common_params) by extensions ['ignore', 'ignore_ament_install']
[0.737s] Level 1:colcon.colcon_core.package_identification:_identify(dependencies/common_params) by extension 'ignore'
[0.737s] Level 1:colcon.colcon_core.package_identification:_identify(dependencies/common_params) by extension 'ignore_ament_install'
[0.737s] Level 1:colcon.colcon_core.package_identification:_identify(dependencies/common_params) by extensions ['colcon_pkg']
[0.737s] Level 1:colcon.colcon_core.package_identification:_identify(dependencies/common_params) by extension 'colcon_pkg'
[0.737s] Level 1:colcon.colcon_core.package_identification:_identify(dependencies/common_params) by extensions ['colcon_meta']
[0.737s] Level 1:colcon.colcon_core.package_identification:_identify(dependencies/common_params) by extension 'colcon_meta'
[0.737s] Level 1:colcon.colcon_core.package_identification:_identify(dependencies/common_params) by extensions ['ros']
[0.737s] Level 1:colcon.colcon_core.package_identification:_identify(dependencies/common_params) by extension 'ros'
[0.738s] DEBUG:colcon.colcon_core.package_identification:Package 'dependencies/common_params' with type 'ros.ament_cmake' and name 'common_params'
[0.738s] Level 1:colcon.colcon_core.package_identification:_identify(dependencies/eufs_msgs) by extensions ['ignore', 'ignore_ament_install']
[0.738s] Level 1:colcon.colcon_core.package_identification:_identify(dependencies/eufs_msgs) by extension 'ignore'
[0.738s] Level 1:colcon.colcon_core.package_identification:_identify(dependencies/eufs_msgs) by extension 'ignore_ament_install'
[0.738s] Level 1:colcon.colcon_core.package_identification:_identify(dependencies/eufs_msgs) by extensions ['colcon_pkg']
[0.738s] Level 1:colcon.colcon_core.package_identification:_identify(dependencies/eufs_msgs) by extension 'colcon_pkg'
[0.738s] Level 1:colcon.colcon_core.package_identification:_identify(dependencies/eufs_msgs) by extensions ['colcon_meta']
[0.738s] Level 1:colcon.colcon_core.package_identification:_identify(dependencies/eufs_msgs) by extension 'colcon_meta'
[0.738s] Level 1:colcon.colcon_core.package_identification:_identify(dependencies/eufs_msgs) by extensions ['ros']
[0.738s] Level 1:colcon.colcon_core.package_identification:_identify(dependencies/eufs_msgs) by extension 'ros'
[0.739s] DEBUG:colcon.colcon_core.package_identification:Package 'dependencies/eufs_msgs' with type 'ros.ament_cmake' and name 'eufs_msgs'
[0.739s] Level 1:colcon.colcon_core.package_identification:_identify(dependencies/interfaces) by extensions ['ignore', 'ignore_ament_install']
[0.739s] Level 1:colcon.colcon_core.package_identification:_identify(dependencies/interfaces) by extension 'ignore'
[0.739s] Level 1:colcon.colcon_core.package_identification:_identify(dependencies/interfaces) by extension 'ignore_ament_install'
[0.739s] Level 1:colcon.colcon_core.package_identification:_identify(dependencies/interfaces) by extensions ['colcon_pkg']
[0.739s] Level 1:colcon.colcon_core.package_identification:_identify(dependencies/interfaces) by extension 'colcon_pkg'
[0.739s] Level 1:colcon.colcon_core.package_identification:_identify(dependencies/interfaces) by extensions ['colcon_meta']
[0.739s] Level 1:colcon.colcon_core.package_identification:_identify(dependencies/interfaces) by extension 'colcon_meta'
[0.739s] Level 1:colcon.colcon_core.package_identification:_identify(dependencies/interfaces) by extensions ['ros']
[0.739s] Level 1:colcon.colcon_core.package_identification:_identify(dependencies/interfaces) by extension 'ros'
[0.741s] DEBUG:colcon.colcon_core.package_identification:Package 'dependencies/interfaces' with type 'ros.ament_cmake' and name 'interfaces'
[0.741s] Level 1:colcon.colcon_core.package_identification:_identify(dependencies/ros_numpy) by extensions ['ignore', 'ignore_ament_install']
[0.741s] Level 1:colcon.colcon_core.package_identification:_identify(dependencies/ros_numpy) by extension 'ignore'
[0.741s] Level 1:colcon.colcon_core.package_identification:_identify(dependencies/ros_numpy) by extension 'ignore_ament_install'
[0.741s] Level 1:colcon.colcon_core.package_identification:_identify(dependencies/ros_numpy) by extensions ['colcon_pkg']
[0.741s] Level 1:colcon.colcon_core.package_identification:_identify(dependencies/ros_numpy) by extension 'colcon_pkg'
[0.741s] Level 1:colcon.colcon_core.package_identification:_identify(dependencies/ros_numpy) by extensions ['colcon_meta']
[0.741s] Level 1:colcon.colcon_core.package_identification:_identify(dependencies/ros_numpy) by extension 'colcon_meta'
[0.741s] Level 1:colcon.colcon_core.package_identification:_identify(dependencies/ros_numpy) by extensions ['ros']
[0.741s] Level 1:colcon.colcon_core.package_identification:_identify(dependencies/ros_numpy) by extension 'ros'
[0.741s] Level 1:colcon.colcon_core.package_identification:_identify(dependencies/ros_numpy) by extensions ['cmake', 'python']
[0.741s] Level 1:colcon.colcon_core.package_identification:_identify(dependencies/ros_numpy) by extension 'cmake'
[0.742s] Level 1:colcon.colcon_core.package_identification:_identify(dependencies/ros_numpy) by extension 'python'
[0.742s] Level 1:colcon.colcon_core.package_identification:_identify(dependencies/ros_numpy) by extensions ['python_setup_py']
[0.742s] Level 1:colcon.colcon_core.package_identification:_identify(dependencies/ros_numpy) by extension 'python_setup_py'
[0.742s] Level 1:colcon.colcon_core.package_identification:_identify(dependencies/spinnaker_sdk_camera_driver) by extensions ['ignore', 'ignore_ament_install']
[0.742s] Level 1:colcon.colcon_core.package_identification:_identify(dependencies/spinnaker_sdk_camera_driver) by extension 'ignore'
[0.742s] Level 1:colcon.colcon_core.package_identification:_identify(dependencies/spinnaker_sdk_camera_driver) by extension 'ignore_ament_install'
[0.742s] Level 1:colcon.colcon_core.package_identification:_identify(dependencies/spinnaker_sdk_camera_driver) by extensions ['colcon_pkg']
[0.742s] Level 1:colcon.colcon_core.package_identification:_identify(dependencies/spinnaker_sdk_camera_driver) by extension 'colcon_pkg'
[0.742s] Level 1:colcon.colcon_core.package_identification:_identify(dependencies/spinnaker_sdk_camera_driver) by extensions ['colcon_meta']
[0.742s] Level 1:colcon.colcon_core.package_identification:_identify(dependencies/spinnaker_sdk_camera_driver) by extension 'colcon_meta'
[0.742s] Level 1:colcon.colcon_core.package_identification:_identify(dependencies/spinnaker_sdk_camera_driver) by extensions ['ros']
[0.742s] Level 1:colcon.colcon_core.package_identification:_identify(dependencies/spinnaker_sdk_camera_driver) by extension 'ros'
[0.742s] Level 1:colcon.colcon_core.package_identification:_identify(dependencies/spinnaker_sdk_camera_driver) by extensions ['cmake', 'python']
[0.742s] Level 1:colcon.colcon_core.package_identification:_identify(dependencies/spinnaker_sdk_camera_driver) by extension 'cmake'
[0.742s] Level 1:colcon.colcon_core.package_identification:_identify(dependencies/spinnaker_sdk_camera_driver) by extension 'python'
[0.742s] Level 1:colcon.colcon_core.package_identification:_identify(dependencies/spinnaker_sdk_camera_driver) by extensions ['python_setup_py']
[0.742s] Level 1:colcon.colcon_core.package_identification:_identify(dependencies/spinnaker_sdk_camera_driver) by extension 'python_setup_py'
[0.742s] Level 1:colcon.colcon_core.package_identification:_identify(dependencies/tf_helper) by extensions ['ignore', 'ignore_ament_install']
[0.742s] Level 1:colcon.colcon_core.package_identification:_identify(dependencies/tf_helper) by extension 'ignore'
[0.742s] Level 1:colcon.colcon_core.package_identification:_identify(dependencies/tf_helper) by extension 'ignore_ament_install'
[0.742s] Level 1:colcon.colcon_core.package_identification:_identify(dependencies/tf_helper) by extensions ['colcon_pkg']
[0.742s] Level 1:colcon.colcon_core.package_identification:_identify(dependencies/tf_helper) by extension 'colcon_pkg'
[0.743s] Level 1:colcon.colcon_core.package_identification:_identify(dependencies/tf_helper) by extensions ['colcon_meta']
[0.743s] Level 1:colcon.colcon_core.package_identification:_identify(dependencies/tf_helper) by extension 'colcon_meta'
[0.743s] Level 1:colcon.colcon_core.package_identification:_identify(dependencies/tf_helper) by extensions ['ros']
[0.743s] Level 1:colcon.colcon_core.package_identification:_identify(dependencies/tf_helper) by extension 'ros'
[0.743s] DEBUG:colcon.colcon_core.package_identification:Package 'dependencies/tf_helper' with type 'ros.catkin' and name 'tf_helper'
[0.743s] Level 1:colcon.colcon_core.package_identification:_identify(dependencies/zed_opencv) by extensions ['ignore', 'ignore_ament_install']
[0.744s] Level 1:colcon.colcon_core.package_identification:_identify(dependencies/zed_opencv) by extension 'ignore'
[0.744s] Level 1:colcon.colcon_core.package_identification:_identify(dependencies/zed_opencv) by extension 'ignore_ament_install'
[0.744s] Level 1:colcon.colcon_core.package_identification:_identify(dependencies/zed_opencv) by extensions ['colcon_pkg']
[0.744s] Level 1:colcon.colcon_core.package_identification:_identify(dependencies/zed_opencv) by extension 'colcon_pkg'
[0.744s] Level 1:colcon.colcon_core.package_identification:_identify(dependencies/zed_opencv) by extensions ['colcon_meta']
[0.744s] Level 1:colcon.colcon_core.package_identification:_identify(dependencies/zed_opencv) by extension 'colcon_meta'
[0.744s] Level 1:colcon.colcon_core.package_identification:_identify(dependencies/zed_opencv) by extensions ['ros']
[0.744s] Level 1:colcon.colcon_core.package_identification:_identify(dependencies/zed_opencv) by extension 'ros'
[0.744s] DEBUG:colcon.colcon_core.package_identification:Package 'dependencies/zed_opencv' with type 'ros.catkin' and name 'zed_opencv'
[0.744s] Level 1:colcon.colcon_core.package_identification:_identify(install) by extensions ['ignore', 'ignore_ament_install']
[0.744s] Level 1:colcon.colcon_core.package_identification:_identify(install) by extension 'ignore'
[0.744s] Level 1:colcon.colcon_core.package_identification:_identify(install) ignored
[0.745s] Level 1:colcon.colcon_core.package_identification:_identify(log) by extensions ['ignore', 'ignore_ament_install']
[0.745s] Level 1:colcon.colcon_core.package_identification:_identify(log) by extension 'ignore'
[0.745s] Level 1:colcon.colcon_core.package_identification:_identify(log) ignored
[0.745s] Level 1:colcon.colcon_core.package_identification:_identify(navigation) by extensions ['ignore', 'ignore_ament_install']
[0.745s] Level 1:colcon.colcon_core.package_identification:_identify(navigation) by extension 'ignore'
[0.745s] Level 1:colcon.colcon_core.package_identification:_identify(navigation) by extension 'ignore_ament_install'
[0.745s] Level 1:colcon.colcon_core.package_identification:_identify(navigation) by extensions ['colcon_pkg']
[0.745s] Level 1:colcon.colcon_core.package_identification:_identify(navigation) by extension 'colcon_pkg'
[0.745s] Level 1:colcon.colcon_core.package_identification:_identify(navigation) by extensions ['colcon_meta']
[0.745s] Level 1:colcon.colcon_core.package_identification:_identify(navigation) by extension 'colcon_meta'
[0.745s] Level 1:colcon.colcon_core.package_identification:_identify(navigation) by extensions ['ros']
[0.745s] Level 1:colcon.colcon_core.package_identification:_identify(navigation) by extension 'ros'
[0.745s] Level 1:colcon.colcon_core.package_identification:_identify(navigation) by extensions ['cmake', 'python']
[0.745s] Level 1:colcon.colcon_core.package_identification:_identify(navigation) by extension 'cmake'
[0.745s] Level 1:colcon.colcon_core.package_identification:_identify(navigation) by extension 'python'
[0.745s] Level 1:colcon.colcon_core.package_identification:_identify(navigation) by extensions ['python_setup_py']
[0.745s] Level 1:colcon.colcon_core.package_identification:_identify(navigation) by extension 'python_setup_py'
[0.746s] Level 1:colcon.colcon_core.package_identification:_identify(navigation/centerline_calc) by extensions ['ignore', 'ignore_ament_install']
[0.746s] Level 1:colcon.colcon_core.package_identification:_identify(navigation/centerline_calc) by extension 'ignore'
[0.746s] Level 1:colcon.colcon_core.package_identification:_identify(navigation/centerline_calc) by extension 'ignore_ament_install'
[0.746s] Level 1:colcon.colcon_core.package_identification:_identify(navigation/centerline_calc) by extensions ['colcon_pkg']
[0.746s] Level 1:colcon.colcon_core.package_identification:_identify(navigation/centerline_calc) by extension 'colcon_pkg'
[0.746s] Level 1:colcon.colcon_core.package_identification:_identify(navigation/centerline_calc) by extensions ['colcon_meta']
[0.746s] Level 1:colcon.colcon_core.package_identification:_identify(navigation/centerline_calc) by extension 'colcon_meta'
[0.746s] Level 1:colcon.colcon_core.package_identification:_identify(navigation/centerline_calc) by extensions ['ros']
[0.746s] Level 1:colcon.colcon_core.package_identification:_identify(navigation/centerline_calc) by extension 'ros'
[0.747s] DEBUG:colcon.colcon_core.package_identification:Package 'navigation/centerline_calc' with type 'ros.catkin' and name 'centerline_calc'
[0.747s] Level 1:colcon.colcon_core.package_identification:_identify(navigation/lqr) by extensions ['ignore', 'ignore_ament_install']
[0.747s] Level 1:colcon.colcon_core.package_identification:_identify(navigation/lqr) by extension 'ignore'
[0.747s] Level 1:colcon.colcon_core.package_identification:_identify(navigation/lqr) by extension 'ignore_ament_install'
[0.747s] Level 1:colcon.colcon_core.package_identification:_identify(navigation/lqr) by extensions ['colcon_pkg']
[0.747s] Level 1:colcon.colcon_core.package_identification:_identify(navigation/lqr) by extension 'colcon_pkg'
[0.747s] Level 1:colcon.colcon_core.package_identification:_identify(navigation/lqr) by extensions ['colcon_meta']
[0.748s] Level 1:colcon.colcon_core.package_identification:_identify(navigation/lqr) by extension 'colcon_meta'
[0.748s] Level 1:colcon.colcon_core.package_identification:_identify(navigation/lqr) by extensions ['ros']
[0.748s] Level 1:colcon.colcon_core.package_identification:_identify(navigation/lqr) by extension 'ros'
[0.748s] DEBUG:colcon.colcon_core.package_identification:Package 'navigation/lqr' with type 'ros.catkin' and name 'lqr'
[0.748s] Level 1:colcon.colcon_core.package_identification:_identify(navigation/pure_pursuit) by extensions ['ignore', 'ignore_ament_install']
[0.748s] Level 1:colcon.colcon_core.package_identification:_identify(navigation/pure_pursuit) by extension 'ignore'
[0.748s] Level 1:colcon.colcon_core.package_identification:_identify(navigation/pure_pursuit) by extension 'ignore_ament_install'
[0.748s] Level 1:colcon.colcon_core.package_identification:_identify(navigation/pure_pursuit) by extensions ['colcon_pkg']
[0.749s] Level 1:colcon.colcon_core.package_identification:_identify(navigation/pure_pursuit) by extension 'colcon_pkg'
[0.749s] Level 1:colcon.colcon_core.package_identification:_identify(navigation/pure_pursuit) by extensions ['colcon_meta']
[0.749s] Level 1:colcon.colcon_core.package_identification:_identify(navigation/pure_pursuit) by extension 'colcon_meta'
[0.749s] Level 1:colcon.colcon_core.package_identification:_identify(navigation/pure_pursuit) by extensions ['ros']
[0.749s] Level 1:colcon.colcon_core.package_identification:_identify(navigation/pure_pursuit) by extension 'ros'
[0.750s] DEBUG:colcon.colcon_core.package_identification:Package 'navigation/pure_pursuit' with type 'ros.catkin' and name 'pure_pursuit'
[0.750s] Level 1:colcon.colcon_core.package_identification:_identify(navigation/simple_pure_pursuit) by extensions ['ignore', 'ignore_ament_install']
[0.750s] Level 1:colcon.colcon_core.package_identification:_identify(navigation/simple_pure_pursuit) by extension 'ignore'
[0.750s] Level 1:colcon.colcon_core.package_identification:_identify(navigation/simple_pure_pursuit) by extension 'ignore_ament_install'
[0.750s] Level 1:colcon.colcon_core.package_identification:_identify(navigation/simple_pure_pursuit) by extensions ['colcon_pkg']
[0.750s] Level 1:colcon.colcon_core.package_identification:_identify(navigation/simple_pure_pursuit) by extension 'colcon_pkg'
[0.750s] Level 1:colcon.colcon_core.package_identification:_identify(navigation/simple_pure_pursuit) by extensions ['colcon_meta']
[0.750s] Level 1:colcon.colcon_core.package_identification:_identify(navigation/simple_pure_pursuit) by extension 'colcon_meta'
[0.750s] Level 1:colcon.colcon_core.package_identification:_identify(navigation/simple_pure_pursuit) by extensions ['ros']
[0.750s] Level 1:colcon.colcon_core.package_identification:_identify(navigation/simple_pure_pursuit) by extension 'ros'
[0.751s] DEBUG:colcon.colcon_core.package_identification:Package 'navigation/simple_pure_pursuit' with type 'ros.catkin' and name 'simple_pure_pursuit'
[0.751s] Level 1:colcon.colcon_core.package_identification:_identify(perception) by extensions ['ignore', 'ignore_ament_install']
[0.751s] Level 1:colcon.colcon_core.package_identification:_identify(perception) by extension 'ignore'
[0.751s] Level 1:colcon.colcon_core.package_identification:_identify(perception) by extension 'ignore_ament_install'
[0.751s] Level 1:colcon.colcon_core.package_identification:_identify(perception) by extensions ['colcon_pkg']
[0.751s] Level 1:colcon.colcon_core.package_identification:_identify(perception) by extension 'colcon_pkg'
[0.751s] Level 1:colcon.colcon_core.package_identification:_identify(perception) by extensions ['colcon_meta']
[0.751s] Level 1:colcon.colcon_core.package_identification:_identify(perception) by extension 'colcon_meta'
[0.751s] Level 1:colcon.colcon_core.package_identification:_identify(perception) by extensions ['ros']
[0.751s] Level 1:colcon.colcon_core.package_identification:_identify(perception) by extension 'ros'
[0.751s] Level 1:colcon.colcon_core.package_identification:_identify(perception) by extensions ['cmake', 'python']
[0.751s] Level 1:colcon.colcon_core.package_identification:_identify(perception) by extension 'cmake'
[0.751s] Level 1:colcon.colcon_core.package_identification:_identify(perception) by extension 'python'
[0.751s] Level 1:colcon.colcon_core.package_identification:_identify(perception) by extensions ['python_setup_py']
[0.751s] Level 1:colcon.colcon_core.package_identification:_identify(perception) by extension 'python_setup_py'
[0.751s] Level 1:colcon.colcon_core.package_identification:_identify(perception/camera_interface) by extensions ['ignore', 'ignore_ament_install']
[0.751s] Level 1:colcon.colcon_core.package_identification:_identify(perception/camera_interface) by extension 'ignore'
[0.751s] Level 1:colcon.colcon_core.package_identification:_identify(perception/camera_interface) by extension 'ignore_ament_install'
[0.751s] Level 1:colcon.colcon_core.package_identification:_identify(perception/camera_interface) by extensions ['colcon_pkg']
[0.751s] Level 1:colcon.colcon_core.package_identification:_identify(perception/camera_interface) by extension 'colcon_pkg'
[0.752s] Level 1:colcon.colcon_core.package_identification:_identify(perception/camera_interface) by extensions ['colcon_meta']
[0.752s] Level 1:colcon.colcon_core.package_identification:_identify(perception/camera_interface) by extension 'colcon_meta'
[0.752s] Level 1:colcon.colcon_core.package_identification:_identify(perception/camera_interface) by extensions ['ros']
[0.752s] Level 1:colcon.colcon_core.package_identification:_identify(perception/camera_interface) by extension 'ros'
[0.753s] DEBUG:colcon.colcon_core.package_identification:Package 'perception/camera_interface' with type 'ros.ament_python' and name 'camera_interface'
[0.753s] Level 1:colcon.colcon_core.package_identification:_identify(perception/kp_reg) by extensions ['ignore', 'ignore_ament_install']
[0.753s] Level 1:colcon.colcon_core.package_identification:_identify(perception/kp_reg) by extension 'ignore'
[0.753s] Level 1:colcon.colcon_core.package_identification:_identify(perception/kp_reg) by extension 'ignore_ament_install'
[0.753s] Level 1:colcon.colcon_core.package_identification:_identify(perception/kp_reg) by extensions ['colcon_pkg']
[0.753s] Level 1:colcon.colcon_core.package_identification:_identify(perception/kp_reg) by extension 'colcon_pkg'
[0.753s] Level 1:colcon.colcon_core.package_identification:_identify(perception/kp_reg) by extensions ['colcon_meta']
[0.753s] Level 1:colcon.colcon_core.package_identification:_identify(perception/kp_reg) by extension 'colcon_meta'
[0.753s] Level 1:colcon.colcon_core.package_identification:_identify(perception/kp_reg) by extensions ['ros']
[0.753s] Level 1:colcon.colcon_core.package_identification:_identify(perception/kp_reg) by extension 'ros'
[0.754s] DEBUG:colcon.colcon_core.package_identification:Package 'perception/kp_reg' with type 'ros.ament_python' and name 'kp_reg'
[0.754s] Level 1:colcon.colcon_core.package_identification:_identify(perception/moreo) by extensions ['ignore', 'ignore_ament_install']
[0.755s] Level 1:colcon.colcon_core.package_identification:_identify(perception/moreo) by extension 'ignore'
[0.755s] Level 1:colcon.colcon_core.package_identification:_identify(perception/moreo) by extension 'ignore_ament_install'
[0.755s] Level 1:colcon.colcon_core.package_identification:_identify(perception/moreo) by extensions ['colcon_pkg']
[0.755s] Level 1:colcon.colcon_core.package_identification:_identify(perception/moreo) by extension 'colcon_pkg'
[0.755s] Level 1:colcon.colcon_core.package_identification:_identify(perception/moreo) by extensions ['colcon_meta']
[0.755s] Level 1:colcon.colcon_core.package_identification:_identify(perception/moreo) by extension 'colcon_meta'
[0.755s] Level 1:colcon.colcon_core.package_identification:_identify(perception/moreo) by extensions ['ros']
[0.755s] Level 1:colcon.colcon_core.package_identification:_identify(perception/moreo) by extension 'ros'
[0.756s] DEBUG:colcon.colcon_core.package_identification:Package 'perception/moreo' with type 'ros.ament_python' and name 'moreo'
[0.756s] Level 1:colcon.colcon_core.package_identification:_identify(perception/mrpython_pcl) by extensions ['ignore', 'ignore_ament_install']
[0.756s] Level 1:colcon.colcon_core.package_identification:_identify(perception/mrpython_pcl) by extension 'ignore'
[0.756s] Level 1:colcon.colcon_core.package_identification:_identify(perception/mrpython_pcl) by extension 'ignore_ament_install'
[0.756s] Level 1:colcon.colcon_core.package_identification:_identify(perception/mrpython_pcl) by extensions ['colcon_pkg']
[0.756s] Level 1:colcon.colcon_core.package_identification:_identify(perception/mrpython_pcl) by extension 'colcon_pkg'
[0.756s] Level 1:colcon.colcon_core.package_identification:_identify(perception/mrpython_pcl) by extensions ['colcon_meta']
[0.756s] Level 1:colcon.colcon_core.package_identification:_identify(perception/mrpython_pcl) by extension 'colcon_meta'
[0.756s] Level 1:colcon.colcon_core.package_identification:_identify(perception/mrpython_pcl) by extensions ['ros']
[0.756s] Level 1:colcon.colcon_core.package_identification:_identify(perception/mrpython_pcl) by extension 'ros'
[0.757s] DEBUG:colcon.colcon_core.package_identification:Package 'perception/mrpython_pcl' with type 'ros.ament_python' and name 'mrpython_pcl'
[0.757s] Level 1:colcon.colcon_core.package_identification:_identify(perception/smoreo) by extensions ['ignore', 'ignore_ament_install']
[0.758s] Level 1:colcon.colcon_core.package_identification:_identify(perception/smoreo) by extension 'ignore'
[0.758s] Level 1:colcon.colcon_core.package_identification:_identify(perception/smoreo) by extension 'ignore_ament_install'
[0.758s] Level 1:colcon.colcon_core.package_identification:_identify(perception/smoreo) by extensions ['colcon_pkg']
[0.758s] Level 1:colcon.colcon_core.package_identification:_identify(perception/smoreo) by extension 'colcon_pkg'
[0.758s] Level 1:colcon.colcon_core.package_identification:_identify(perception/smoreo) by extensions ['colcon_meta']
[0.758s] Level 1:colcon.colcon_core.package_identification:_identify(perception/smoreo) by extension 'colcon_meta'
[0.758s] Level 1:colcon.colcon_core.package_identification:_identify(perception/smoreo) by extensions ['ros']
[0.758s] Level 1:colcon.colcon_core.package_identification:_identify(perception/smoreo) by extension 'ros'
[0.759s] DEBUG:colcon.colcon_core.package_identification:Package 'perception/smoreo' with type 'ros.ament_python' and name 'smoreo'
[0.759s] Level 1:colcon.colcon_core.package_identification:_identify(perception/smornn) by extensions ['ignore', 'ignore_ament_install']
[0.759s] Level 1:colcon.colcon_core.package_identification:_identify(perception/smornn) by extension 'ignore'
[0.759s] Level 1:colcon.colcon_core.package_identification:_identify(perception/smornn) by extension 'ignore_ament_install'
[0.759s] Level 1:colcon.colcon_core.package_identification:_identify(perception/smornn) by extensions ['colcon_pkg']
[0.759s] Level 1:colcon.colcon_core.package_identification:_identify(perception/smornn) by extension 'colcon_pkg'
[0.759s] Level 1:colcon.colcon_core.package_identification:_identify(perception/smornn) by extensions ['colcon_meta']
[0.760s] Level 1:colcon.colcon_core.package_identification:_identify(perception/smornn) by extension 'colcon_meta'
[0.760s] Level 1:colcon.colcon_core.package_identification:_identify(perception/smornn) by extensions ['ros']
[0.760s] Level 1:colcon.colcon_core.package_identification:_identify(perception/smornn) by extension 'ros'
[0.760s] DEBUG:colcon.colcon_core.package_identification:Package 'perception/smornn' with type 'ros.ament_python' and name 'smornn'
[0.760s] Level 1:colcon.colcon_core.package_identification:_identify(perception/tracker) by extensions ['ignore', 'ignore_ament_install']
[0.760s] Level 1:colcon.colcon_core.package_identification:_identify(perception/tracker) by extension 'ignore'
[0.760s] Level 1:colcon.colcon_core.package_identification:_identify(perception/tracker) by extension 'ignore_ament_install'
[0.761s] Level 1:colcon.colcon_core.package_identification:_identify(perception/tracker) by extensions ['colcon_pkg']
[0.761s] Level 1:colcon.colcon_core.package_identification:_identify(perception/tracker) by extension 'colcon_pkg'
[0.761s] Level 1:colcon.colcon_core.package_identification:_identify(perception/tracker) by extensions ['colcon_meta']
[0.761s] Level 1:colcon.colcon_core.package_identification:_identify(perception/tracker) by extension 'colcon_meta'
[0.761s] Level 1:colcon.colcon_core.package_identification:_identify(perception/tracker) by extensions ['ros']
[0.761s] Level 1:colcon.colcon_core.package_identification:_identify(perception/tracker) by extension 'ros'
[0.762s] DEBUG:colcon.colcon_core.package_identification:Package 'perception/tracker' with type 'ros.ament_python' and name 'tracker'
[0.762s] Level 1:colcon.colcon_core.package_identification:_identify(perception/visualizer) by extensions ['ignore', 'ignore_ament_install']
[0.762s] Level 1:colcon.colcon_core.package_identification:_identify(perception/visualizer) by extension 'ignore'
[0.762s] Level 1:colcon.colcon_core.package_identification:_identify(perception/visualizer) by extension 'ignore_ament_install'
[0.762s] Level 1:colcon.colcon_core.package_identification:_identify(perception/visualizer) by extensions ['colcon_pkg']
[0.762s] Level 1:colcon.colcon_core.package_identification:_identify(perception/visualizer) by extension 'colcon_pkg'
[0.762s] Level 1:colcon.colcon_core.package_identification:_identify(perception/visualizer) by extensions ['colcon_meta']
[0.762s] Level 1:colcon.colcon_core.package_identification:_identify(perception/visualizer) by extension 'colcon_meta'
[0.762s] Level 1:colcon.colcon_core.package_identification:_identify(perception/visualizer) by extensions ['ros']
[0.762s] Level 1:colcon.colcon_core.package_identification:_identify(perception/visualizer) by extension 'ros'
[0.763s] DEBUG:colcon.colcon_core.package_identification:Package 'perception/visualizer' with type 'ros.ament_python' and name 'visualizer'
[0.763s] Level 1:colcon.colcon_core.package_identification:_identify(perception/yolov8) by extensions ['ignore', 'ignore_ament_install']
[0.763s] Level 1:colcon.colcon_core.package_identification:_identify(perception/yolov8) by extension 'ignore'
[0.763s] Level 1:colcon.colcon_core.package_identification:_identify(perception/yolov8) by extension 'ignore_ament_install'
[0.763s] Level 1:colcon.colcon_core.package_identification:_identify(perception/yolov8) by extensions ['colcon_pkg']
[0.763s] Level 1:colcon.colcon_core.package_identification:_identify(perception/yolov8) by extension 'colcon_pkg'
[0.763s] Level 1:colcon.colcon_core.package_identification:_identify(perception/yolov8) by extensions ['colcon_meta']
[0.763s] Level 1:colcon.colcon_core.package_identification:_identify(perception/yolov8) by extension 'colcon_meta'
[0.763s] Level 1:colcon.colcon_core.package_identification:_identify(perception/yolov8) by extensions ['ros']
[0.763s] Level 1:colcon.colcon_core.package_identification:_identify(perception/yolov8) by extension 'ros'
[0.764s] DEBUG:colcon.colcon_core.package_identification:Package 'perception/yolov8' with type 'ros.ament_python' and name 'yolov8'
[0.764s] Level 1:colcon.colcon_core.package_identification:_identify(planning) by extensions ['ignore', 'ignore_ament_install']
[0.764s] Level 1:colcon.colcon_core.package_identification:_identify(planning) by extension 'ignore'
[0.764s] Level 1:colcon.colcon_core.package_identification:_identify(planning) by extension 'ignore_ament_install'
[0.764s] Level 1:colcon.colcon_core.package_identification:_identify(planning) by extensions ['colcon_pkg']
[0.764s] Level 1:colcon.colcon_core.package_identification:_identify(planning) by extension 'colcon_pkg'
[0.764s] Level 1:colcon.colcon_core.package_identification:_identify(planning) by extensions ['colcon_meta']
[0.764s] Level 1:colcon.colcon_core.package_identification:_identify(planning) by extension 'colcon_meta'
[0.764s] Level 1:colcon.colcon_core.package_identification:_identify(planning) by extensions ['ros']
[0.764s] Level 1:colcon.colcon_core.package_identification:_identify(planning) by extension 'ros'
[0.765s] Level 1:colcon.colcon_core.package_identification:_identify(planning) by extensions ['cmake', 'python']
[0.765s] Level 1:colcon.colcon_core.package_identification:_identify(planning) by extension 'cmake'
[0.765s] Level 1:colcon.colcon_core.package_identification:_identify(planning) by extension 'python'
[0.765s] Level 1:colcon.colcon_core.package_identification:_identify(planning) by extensions ['python_setup_py']
[0.765s] Level 1:colcon.colcon_core.package_identification:_identify(planning) by extension 'python_setup_py'
[0.765s] Level 1:colcon.colcon_core.package_identification:_identify(planning/planning_apf) by extensions ['ignore', 'ignore_ament_install']
[0.765s] Level 1:colcon.colcon_core.package_identification:_identify(planning/planning_apf) by extension 'ignore'
[0.765s] Level 1:colcon.colcon_core.package_identification:_identify(planning/planning_apf) by extension 'ignore_ament_install'
[0.765s] Level 1:colcon.colcon_core.package_identification:_identify(planning/planning_apf) by extensions ['colcon_pkg']
[0.765s] Level 1:colcon.colcon_core.package_identification:_identify(planning/planning_apf) by extension 'colcon_pkg'
[0.765s] Level 1:colcon.colcon_core.package_identification:_identify(planning/planning_apf) by extensions ['colcon_meta']
[0.765s] Level 1:colcon.colcon_core.package_identification:_identify(planning/planning_apf) by extension 'colcon_meta'
[0.765s] Level 1:colcon.colcon_core.package_identification:_identify(planning/planning_apf) by extensions ['ros']
[0.765s] Level 1:colcon.colcon_core.package_identification:_identify(planning/planning_apf) by extension 'ros'
[0.766s] DEBUG:colcon.colcon_core.package_identification:Package 'planning/planning_apf' with type 'ros.catkin' and name 'planning_apf'
[0.766s] Level 1:colcon.colcon_core.package_identification:_identify(planning/planning_trees) by extensions ['ignore', 'ignore_ament_install']
[0.766s] Level 1:colcon.colcon_core.package_identification:_identify(planning/planning_trees) by extension 'ignore'
[0.766s] Level 1:colcon.colcon_core.package_identification:_identify(planning/planning_trees) by extension 'ignore_ament_install'
[0.766s] Level 1:colcon.colcon_core.package_identification:_identify(planning/planning_trees) by extensions ['colcon_pkg']
[0.766s] Level 1:colcon.colcon_core.package_identification:_identify(planning/planning_trees) by extension 'colcon_pkg'
[0.766s] Level 1:colcon.colcon_core.package_identification:_identify(planning/planning_trees) by extensions ['colcon_meta']
[0.766s] Level 1:colcon.colcon_core.package_identification:_identify(planning/planning_trees) by extension 'colcon_meta'
[0.766s] Level 1:colcon.colcon_core.package_identification:_identify(planning/planning_trees) by extensions ['ros']
[0.766s] Level 1:colcon.colcon_core.package_identification:_identify(planning/planning_trees) by extension 'ros'
[0.767s] DEBUG:colcon.colcon_core.package_identification:Package 'planning/planning_trees' with type 'ros.catkin' and name 'planning_trees'
[0.767s] Level 1:colcon.colcon_core.package_identification:_identify(planning/waypoint_cleaner) by extensions ['ignore', 'ignore_ament_install']
[0.767s] Level 1:colcon.colcon_core.package_identification:_identify(planning/waypoint_cleaner) by extension 'ignore'
[0.767s] Level 1:colcon.colcon_core.package_identification:_identify(planning/waypoint_cleaner) by extension 'ignore_ament_install'
[0.767s] Level 1:colcon.colcon_core.package_identification:_identify(planning/waypoint_cleaner) by extensions ['colcon_pkg']
[0.767s] Level 1:colcon.colcon_core.package_identification:_identify(planning/waypoint_cleaner) by extension 'colcon_pkg'
[0.767s] Level 1:colcon.colcon_core.package_identification:_identify(planning/waypoint_cleaner) by extensions ['colcon_meta']
[0.767s] Level 1:colcon.colcon_core.package_identification:_identify(planning/waypoint_cleaner) by extension 'colcon_meta'
[0.767s] Level 1:colcon.colcon_core.package_identification:_identify(planning/waypoint_cleaner) by extensions ['ros']
[0.768s] Level 1:colcon.colcon_core.package_identification:_identify(planning/waypoint_cleaner) by extension 'ros'
[0.768s] DEBUG:colcon.colcon_core.package_identification:Package 'planning/waypoint_cleaner' with type 'ros.catkin' and name 'waypoint_cleaner'
[0.768s] Level 1:colcon.colcon_core.package_identification:_identify(slam) by extensions ['ignore', 'ignore_ament_install']
[0.768s] Level 1:colcon.colcon_core.package_identification:_identify(slam) by extension 'ignore'
[0.768s] Level 1:colcon.colcon_core.package_identification:_identify(slam) by extension 'ignore_ament_install'
[0.768s] Level 1:colcon.colcon_core.package_identification:_identify(slam) by extensions ['colcon_pkg']
[0.768s] Level 1:colcon.colcon_core.package_identification:_identify(slam) by extension 'colcon_pkg'
[0.768s] Level 1:colcon.colcon_core.package_identification:_identify(slam) by extensions ['colcon_meta']
[0.768s] Level 1:colcon.colcon_core.package_identification:_identify(slam) by extension 'colcon_meta'
[0.768s] Level 1:colcon.colcon_core.package_identification:_identify(slam) by extensions ['ros']
[0.768s] Level 1:colcon.colcon_core.package_identification:_identify(slam) by extension 'ros'
[0.768s] Level 1:colcon.colcon_core.package_identification:_identify(slam) by extensions ['cmake', 'python']
[0.769s] Level 1:colcon.colcon_core.package_identification:_identify(slam) by extension 'cmake'
[0.769s] Level 1:colcon.colcon_core.package_identification:_identify(slam) by extension 'python'
[0.769s] Level 1:colcon.colcon_core.package_identification:_identify(slam) by extensions ['python_setup_py']
[0.769s] Level 1:colcon.colcon_core.package_identification:_identify(slam) by extension 'python_setup_py'
[0.769s] Level 1:colcon.colcon_core.package_identification:_identify(slam/aloam) by extensions ['ignore', 'ignore_ament_install']
[0.769s] Level 1:colcon.colcon_core.package_identification:_identify(slam/aloam) by extension 'ignore'
[0.769s] Level 1:colcon.colcon_core.package_identification:_identify(slam/aloam) by extension 'ignore_ament_install'
[0.769s] Level 1:colcon.colcon_core.package_identification:_identify(slam/aloam) by extensions ['colcon_pkg']
[0.769s] Level 1:colcon.colcon_core.package_identification:_identify(slam/aloam) by extension 'colcon_pkg'
[0.769s] Level 1:colcon.colcon_core.package_identification:_identify(slam/aloam) by extensions ['colcon_meta']
[0.769s] Level 1:colcon.colcon_core.package_identification:_identify(slam/aloam) by extension 'colcon_meta'
[0.769s] Level 1:colcon.colcon_core.package_identification:_identify(slam/aloam) by extensions ['ros']
[0.769s] Level 1:colcon.colcon_core.package_identification:_identify(slam/aloam) by extension 'ros'
[0.769s] Level 1:colcon.colcon_core.package_identification:_identify(slam/aloam) by extensions ['cmake', 'python']
[0.769s] Level 1:colcon.colcon_core.package_identification:_identify(slam/aloam) by extension 'cmake'
[0.769s] Level 1:colcon.colcon_core.package_identification:_identify(slam/aloam) by extension 'python'
[0.769s] Level 1:colcon.colcon_core.package_identification:_identify(slam/aloam) by extensions ['python_setup_py']
[0.769s] Level 1:colcon.colcon_core.package_identification:_identify(slam/aloam) by extension 'python_setup_py'
[0.769s] Level 1:colcon.colcon_core.package_identification:_identify(slam/fast_gicp) by extensions ['ignore', 'ignore_ament_install']
[0.769s] Level 1:colcon.colcon_core.package_identification:_identify(slam/fast_gicp) by extension 'ignore'
[0.769s] Level 1:colcon.colcon_core.package_identification:_identify(slam/fast_gicp) by extension 'ignore_ament_install'
[0.769s] Level 1:colcon.colcon_core.package_identification:_identify(slam/fast_gicp) by extensions ['colcon_pkg']
[0.769s] Level 1:colcon.colcon_core.package_identification:_identify(slam/fast_gicp) by extension 'colcon_pkg'
[0.770s] Level 1:colcon.colcon_core.package_identification:_identify(slam/fast_gicp) by extensions ['colcon_meta']
[0.770s] Level 1:colcon.colcon_core.package_identification:_identify(slam/fast_gicp) by extension 'colcon_meta'
[0.770s] Level 1:colcon.colcon_core.package_identification:_identify(slam/fast_gicp) by extensions ['ros']
[0.770s] Level 1:colcon.colcon_core.package_identification:_identify(slam/fast_gicp) by extension 'ros'
[0.770s] Level 1:colcon.colcon_core.package_identification:_identify(slam/fast_gicp) by extensions ['cmake', 'python']
[0.770s] Level 1:colcon.colcon_core.package_identification:_identify(slam/fast_gicp) by extension 'cmake'
[0.770s] Level 1:colcon.colcon_core.package_identification:_identify(slam/fast_gicp) by extension 'python'
[0.770s] Level 1:colcon.colcon_core.package_identification:_identify(slam/fast_gicp) by extensions ['python_setup_py']
[0.770s] Level 1:colcon.colcon_core.package_identification:_identify(slam/fast_gicp) by extension 'python_setup_py'
[0.770s] Level 1:colcon.colcon_core.package_identification:_identify(slam/hdl_global_localization) by extensions ['ignore', 'ignore_ament_install']
[0.770s] Level 1:colcon.colcon_core.package_identification:_identify(slam/hdl_global_localization) by extension 'ignore'
[0.770s] Level 1:colcon.colcon_core.package_identification:_identify(slam/hdl_global_localization) by extension 'ignore_ament_install'
[0.770s] Level 1:colcon.colcon_core.package_identification:_identify(slam/hdl_global_localization) by extensions ['colcon_pkg']
[0.770s] Level 1:colcon.colcon_core.package_identification:_identify(slam/hdl_global_localization) by extension 'colcon_pkg'
[0.770s] Level 1:colcon.colcon_core.package_identification:_identify(slam/hdl_global_localization) by extensions ['colcon_meta']
[0.770s] Level 1:colcon.colcon_core.package_identification:_identify(slam/hdl_global_localization) by extension 'colcon_meta'
[0.770s] Level 1:colcon.colcon_core.package_identification:_identify(slam/hdl_global_localization) by extensions ['ros']
[0.770s] Level 1:colcon.colcon_core.package_identification:_identify(slam/hdl_global_localization) by extension 'ros'
[0.770s] Level 1:colcon.colcon_core.package_identification:_identify(slam/hdl_global_localization) by extensions ['cmake', 'python']
[0.770s] Level 1:colcon.colcon_core.package_identification:_identify(slam/hdl_global_localization) by extension 'cmake'
[0.770s] Level 1:colcon.colcon_core.package_identification:_identify(slam/hdl_global_localization) by extension 'python'
[0.770s] Level 1:colcon.colcon_core.package_identification:_identify(slam/hdl_global_localization) by extensions ['python_setup_py']
[0.770s] Level 1:colcon.colcon_core.package_identification:_identify(slam/hdl_global_localization) by extension 'python_setup_py'
[0.770s] Level 1:colcon.colcon_core.package_identification:_identify(slam/hdl_localization) by extensions ['ignore', 'ignore_ament_install']
[0.771s] Level 1:colcon.colcon_core.package_identification:_identify(slam/hdl_localization) by extension 'ignore'
[0.771s] Level 1:colcon.colcon_core.package_identification:_identify(slam/hdl_localization) by extension 'ignore_ament_install'
[0.771s] Level 1:colcon.colcon_core.package_identification:_identify(slam/hdl_localization) by extensions ['colcon_pkg']
[0.771s] Level 1:colcon.colcon_core.package_identification:_identify(slam/hdl_localization) by extension 'colcon_pkg'
[0.771s] Level 1:colcon.colcon_core.package_identification:_identify(slam/hdl_localization) by extensions ['colcon_meta']
[0.771s] Level 1:colcon.colcon_core.package_identification:_identify(slam/hdl_localization) by extension 'colcon_meta'
[0.771s] Level 1:colcon.colcon_core.package_identification:_identify(slam/hdl_localization) by extensions ['ros']
[0.771s] Level 1:colcon.colcon_core.package_identification:_identify(slam/hdl_localization) by extension 'ros'
[0.771s] Level 1:colcon.colcon_core.package_identification:_identify(slam/hdl_localization) by extensions ['cmake', 'python']
[0.771s] Level 1:colcon.colcon_core.package_identification:_identify(slam/hdl_localization) by extension 'cmake'
[0.771s] Level 1:colcon.colcon_core.package_identification:_identify(slam/hdl_localization) by extension 'python'
[0.771s] Level 1:colcon.colcon_core.package_identification:_identify(slam/hdl_localization) by extensions ['python_setup_py']
[0.771s] Level 1:colcon.colcon_core.package_identification:_identify(slam/hdl_localization) by extension 'python_setup_py'
[0.771s] Level 1:colcon.colcon_core.package_identification:_identify(slam/ndt_omp) by extensions ['ignore', 'ignore_ament_install']
[0.771s] Level 1:colcon.colcon_core.package_identification:_identify(slam/ndt_omp) by extension 'ignore'
[0.771s] Level 1:colcon.colcon_core.package_identification:_identify(slam/ndt_omp) by extension 'ignore_ament_install'
[0.771s] Level 1:colcon.colcon_core.package_identification:_identify(slam/ndt_omp) by extensions ['colcon_pkg']
[0.771s] Level 1:colcon.colcon_core.package_identification:_identify(slam/ndt_omp) by extension 'colcon_pkg'
[0.772s] Level 1:colcon.colcon_core.package_identification:_identify(slam/ndt_omp) by extensions ['colcon_meta']
[0.772s] Level 1:colcon.colcon_core.package_identification:_identify(slam/ndt_omp) by extension 'colcon_meta'
[0.772s] Level 1:colcon.colcon_core.package_identification:_identify(slam/ndt_omp) by extensions ['ros']
[0.772s] Level 1:colcon.colcon_core.package_identification:_identify(slam/ndt_omp) by extension 'ros'
[0.772s] Level 1:colcon.colcon_core.package_identification:_identify(slam/ndt_omp) by extensions ['cmake', 'python']
[0.772s] Level 1:colcon.colcon_core.package_identification:_identify(slam/ndt_omp) by extension 'cmake'
[0.772s] Level 1:colcon.colcon_core.package_identification:_identify(slam/ndt_omp) by extension 'python'
[0.772s] Level 1:colcon.colcon_core.package_identification:_identify(slam/ndt_omp) by extensions ['python_setup_py']
[0.772s] Level 1:colcon.colcon_core.package_identification:_identify(slam/ndt_omp) by extension 'python_setup_py'
[0.772s] Level 1:colcon.colcon_core.package_identification:_identify(slam/slam_manager) by extensions ['ignore', 'ignore_ament_install']
[0.772s] Level 1:colcon.colcon_core.package_identification:_identify(slam/slam_manager) by extension 'ignore'
[0.772s] Level 1:colcon.colcon_core.package_identification:_identify(slam/slam_manager) by extension 'ignore_ament_install'
[0.772s] Level 1:colcon.colcon_core.package_identification:_identify(slam/slam_manager) by extensions ['colcon_pkg']
[0.772s] Level 1:colcon.colcon_core.package_identification:_identify(slam/slam_manager) by extension 'colcon_pkg'
[0.772s] Level 1:colcon.colcon_core.package_identification:_identify(slam/slam_manager) by extensions ['colcon_meta']
[0.772s] Level 1:colcon.colcon_core.package_identification:_identify(slam/slam_manager) by extension 'colcon_meta'
[0.772s] Level 1:colcon.colcon_core.package_identification:_identify(slam/slam_manager) by extensions ['ros']
[0.772s] Level 1:colcon.colcon_core.package_identification:_identify(slam/slam_manager) by extension 'ros'
[0.773s] DEBUG:colcon.colcon_core.package_identification:Package 'slam/slam_manager' with type 'ros.catkin' and name 'slam_manager'
[0.773s] Level 1:colcon.colcon_core.package_identification:_identify(slam/trapper) by extensions ['ignore', 'ignore_ament_install']
[0.773s] Level 1:colcon.colcon_core.package_identification:_identify(slam/trapper) by extension 'ignore'
[0.773s] Level 1:colcon.colcon_core.package_identification:_identify(slam/trapper) by extension 'ignore_ament_install'
[0.773s] Level 1:colcon.colcon_core.package_identification:_identify(slam/trapper) by extensions ['colcon_pkg']
[0.773s] Level 1:colcon.colcon_core.package_identification:_identify(slam/trapper) by extension 'colcon_pkg'
[0.773s] Level 1:colcon.colcon_core.package_identification:_identify(slam/trapper) by extensions ['colcon_meta']
[0.773s] Level 1:colcon.colcon_core.package_identification:_identify(slam/trapper) by extension 'colcon_meta'
[0.773s] Level 1:colcon.colcon_core.package_identification:_identify(slam/trapper) by extensions ['ros']
[0.774s] Level 1:colcon.colcon_core.package_identification:_identify(slam/trapper) by extension 'ros'
[0.774s] DEBUG:colcon.colcon_core.package_identification:Package 'slam/trapper' with type 'ros.catkin' and name 'trapper'
[0.774s] Level 1:colcon.colcon_core.package_identification:_identify(supervisor) by extensions ['ignore', 'ignore_ament_install']
[0.774s] Level 1:colcon.colcon_core.package_identification:_identify(supervisor) by extension 'ignore'
[0.775s] Level 1:colcon.colcon_core.package_identification:_identify(supervisor) by extension 'ignore_ament_install'
[0.775s] Level 1:colcon.colcon_core.package_identification:_identify(supervisor) by extensions ['colcon_pkg']
[0.775s] Level 1:colcon.colcon_core.package_identification:_identify(supervisor) by extension 'colcon_pkg'
[0.775s] Level 1:colcon.colcon_core.package_identification:_identify(supervisor) by extensions ['colcon_meta']
[0.775s] Level 1:colcon.colcon_core.package_identification:_identify(supervisor) by extension 'colcon_meta'
[0.775s] Level 1:colcon.colcon_core.package_identification:_identify(supervisor) by extensions ['ros']
[0.775s] Level 1:colcon.colcon_core.package_identification:_identify(supervisor) by extension 'ros'
[0.776s] DEBUG:colcon.colcon_core.package_identification:Package 'supervisor' with type 'ros.catkin' and name 'supervisor'
[0.776s] Level 1:colcon.colcon_core.package_discovery:discover_packages(recursive) using defaults
[0.776s] Level 1:colcon.colcon_core.package_discovery:discover_packages(ignore) discover
[0.776s] Level 1:colcon.colcon_core.package_discovery:discover_packages(ignore) using defaults
[0.776s] Level 1:colcon.colcon_core.package_discovery:discover_packages(path) discover
[0.776s] Level 1:colcon.colcon_core.package_discovery:discover_packages(path) using defaults
[0.799s] INFO:colcon.colcon_core.package_selection:Skipping not selected package 'asurt_msgs' in 'dependencies/asurt_msgs'
[0.799s] INFO:colcon.colcon_core.package_selection:Skipping not selected package 'camera_interface' in 'perception/camera_interface'
[0.799s] INFO:colcon.colcon_core.package_selection:Skipping not selected package 'centerline_calc' in 'navigation/centerline_calc'
[0.799s] INFO:colcon.colcon_core.package_selection:Skipping not selected package 'common_params' in 'dependencies/common_params'
[0.799s] INFO:colcon.colcon_core.package_selection:Skipping not selected package 'eufs_msgs' in 'dependencies/eufs_msgs'
[0.799s] INFO:colcon.colcon_core.package_selection:Skipping not selected package 'interfaces' in 'dependencies/interfaces'
[0.799s] INFO:colcon.colcon_core.package_selection:Skipping not selected package 'kp_reg' in 'perception/kp_reg'
[0.799s] INFO:colcon.colcon_core.package_selection:Skipping not selected package 'lqr' in 'navigation/lqr'
[0.799s] INFO:colcon.colcon_core.package_selection:Skipping not selected package 'planning_apf' in 'planning/planning_apf'
[0.799s] INFO:colcon.colcon_core.package_selection:Skipping not selected package 'planning_trees' in 'planning/planning_trees'
[0.799s] INFO:colcon.colcon_core.package_selection:Skipping not selected package 'slam_manager' in 'slam/slam_manager'
[0.799s] INFO:colcon.colcon_core.package_selection:Skipping not selected package 'waypoint_cleaner' in 'planning/waypoint_cleaner'
[0.799s] INFO:colcon.colcon_core.package_selection:Skipping not selected package 'zed_opencv' in 'dependencies/zed_opencv'
[0.799s] INFO:colcon.colcon_core.package_selection:Skipping not selected package 'moreo' in 'perception/moreo'
[0.799s] INFO:colcon.colcon_core.package_selection:Skipping not selected package 'smoreo' in 'perception/smoreo'
[0.799s] INFO:colcon.colcon_core.package_selection:Skipping not selected package 'tf_helper' in 'dependencies/tf_helper'
[0.799s] INFO:colcon.colcon_core.package_selection:Skipping not selected package 'visualizer' in 'perception/visualizer'
[0.799s] INFO:colcon.colcon_core.package_selection:Skipping not selected package 'yolov8' in 'perception/yolov8'
[0.799s] INFO:colcon.colcon_core.package_selection:Skipping not selected package 'pure_pursuit' in 'navigation/pure_pursuit'
[0.799s] INFO:colcon.colcon_core.package_selection:Skipping not selected package 'simple_pure_pursuit' in 'navigation/simple_pure_pursuit'
[0.799s] INFO:colcon.colcon_core.package_selection:Skipping not selected package 'smornn' in 'perception/smornn'
[0.799s] INFO:colcon.colcon_core.package_selection:Skipping not selected package 'supervisor' in 'supervisor'
[0.799s] INFO:colcon.colcon_core.package_selection:Skipping not selected package 'tracker' in 'perception/tracker'
[0.799s] INFO:colcon.colcon_core.package_selection:Skipping not selected package 'trapper' in 'slam/trapper'
[0.800s] Level 1:colcon.colcon_core.package_discovery:discover_packages(prefix_path) check parameters
[0.800s] Level 1:colcon.colcon_core.package_discovery:discover_packages(prefix_path) discover
[0.801s] DEBUG:colcon.colcon_installed_package_information.package_discovery:Found 1 installed packages in /media/ezzedinayman/Local Disk/ASURT/fs/install
[0.802s] DEBUG:colcon.colcon_installed_package_information.package_discovery:Found 2 installed packages in /home/ezzedinayman/ros2_ws/install
[0.803s] DEBUG:colcon.colcon_installed_package_information.package_discovery:Found 379 installed packages in /opt/ros/humble
[0.805s] Level 1:colcon.colcon_core.package_discovery:discover_packages(prefix_path) using defaults
[0.850s] Level 5:colcon.colcon_core.verb:set package 'mrpython_pcl' build argument 'cmake_args' from command line to 'None'
[0.850s] Level 5:colcon.colcon_core.verb:set package 'mrpython_pcl' build argument 'cmake_target' from command line to 'None'
[0.850s] Level 5:colcon.colcon_core.verb:set package 'mrpython_pcl' build argument 'cmake_target_skip_unavailable' from command line to 'False'
[0.850s] Level 5:colcon.colcon_core.verb:set package 'mrpython_pcl' build argument 'cmake_clean_cache' from command line to 'False'
[0.850s] Level 5:colcon.colcon_core.verb:set package 'mrpython_pcl' build argument 'cmake_clean_first' from command line to 'False'
[0.850s] Level 5:colcon.colcon_core.verb:set package 'mrpython_pcl' build argument 'cmake_force_configure' from command line to 'False'
[0.850s] Level 5:colcon.colcon_core.verb:set package 'mrpython_pcl' build argument 'ament_cmake_args' from command line to 'None'
[0.850s] Level 5:colcon.colcon_core.verb:set package 'mrpython_pcl' build argument 'catkin_cmake_args' from command line to 'None'
[0.850s] Level 5:colcon.colcon_core.verb:set package 'mrpython_pcl' build argument 'catkin_skip_building_tests' from command line to 'False'
[0.850s] DEBUG:colcon.colcon_core.verb:Building package 'mrpython_pcl' with the following arguments: {'ament_cmake_args': None, 'build_base': '/media/ezzedinayman/Local Disk/FS-System/fs-system/build/mrpython_pcl', 'catkin_cmake_args': None, 'catkin_skip_building_tests': False, 'cmake_args': None, 'cmake_clean_cache': False, 'cmake_clean_first': False, 'cmake_force_configure': False, 'cmake_target': None, 'cmake_target_skip_unavailable': False, 'install_base': '/media/ezzedinayman/Local Disk/FS-System/fs-system/install/mrpython_pcl', 'merge_install': False, 'path': '/media/ezzedinayman/Local Disk/FS-System/fs-system/perception/mrpython_pcl', 'symlink_install': False, 'test_result_base': None}
[0.850s] INFO:colcon.colcon_core.executor:Executing jobs using 'parallel' executor
[0.852s] DEBUG:colcon.colcon_parallel_executor.executor.parallel:run_until_complete
[0.852s] INFO:colcon.colcon_ros.task.ament_python.build:Building ROS package in '/media/ezzedinayman/Local Disk/FS-System/fs-system/perception/mrpython_pcl' with build type 'ament_python'
[0.852s] Level 1:colcon.colcon_core.shell:create_environment_hook('mrpython_pcl', 'ament_prefix_path')
[0.855s] INFO:colcon.colcon_core.plugin_system:Skipping extension 'colcon_core.shell.bat': Not used on non-Windows systems
[0.855s] INFO:colcon.colcon_core.shell:Creating environment hook '/media/ezzedinayman/Local Disk/FS-System/fs-system/install/mrpython_pcl/share/mrpython_pcl/hook/ament_prefix_path.ps1'
[0.856s] INFO:colcon.colcon_core.shell:Creating environment descriptor '/media/ezzedinayman/Local Disk/FS-System/fs-system/install/mrpython_pcl/share/mrpython_pcl/hook/ament_prefix_path.dsv'
[0.856s] INFO:colcon.colcon_core.shell:Creating environment hook '/media/ezzedinayman/Local Disk/FS-System/fs-system/install/mrpython_pcl/share/mrpython_pcl/hook/ament_prefix_path.sh'
[0.857s] INFO:colcon.colcon_core.shell:Skip shell extension 'powershell' for command environment: Not usable outside of PowerShell
[0.857s] DEBUG:colcon.colcon_core.shell:Skip shell extension 'dsv' for command environment
[1.178s] INFO:colcon.colcon_core.task.python.build:Building Python package in '/media/ezzedinayman/Local Disk/FS-System/fs-system/perception/mrpython_pcl'
[1.178s] INFO:colcon.colcon_core.shell:Skip shell extension 'powershell' for command environment: Not usable outside of PowerShell
[1.178s] DEBUG:colcon.colcon_core.shell:Skip shell extension 'dsv' for command environment
[1.579s] DEBUG:colcon.colcon_core.event_handler.log_command:Invoking command in '/media/ezzedinayman/Local Disk/FS-System/fs-system/perception/mrpython_pcl': AMENT_PREFIX_PATH=/media/ezzedinayman/Local Disk/FS-System/fs-system/install/common_params:/media/ezzedinayman/Local Disk/FS-System/fs-system/install/asurt_msgs:${AMENT_PREFIX_PATH} CMAKE_PREFIX_PATH=/media/ezzedinayman/Local Disk/FS-System/fs-system/install/common_params:/media/ezzedinayman/Local Disk/FS-System/fs-system/install/asurt_msgs LD_LIBRARY_PATH=/media/ezzedinayman/Local Disk/FS-System/fs-system/install/asurt_msgs/lib:${LD_LIBRARY_PATH} PYTHONPATH=/media/ezzedinayman/Local Disk/FS-System/fs-system/build/mrpython_pcl/prefix_override:/media/ezzedinayman/Local Disk/FS-System/fs-system/install/mrpython_pcl/lib/python3.10/site-packages:/media/ezzedinayman/Local Disk/FS-System/fs-system/install/asurt_msgs/local/lib/python3.10/dist-packages:${PYTHONPATH} /usr/bin/python3 -W ignore:setup.py install is deprecated setup.py egg_info --egg-base ../../build/mrpython_pcl build --build-base /media/ezzedinayman/Local Disk/FS-System/fs-system/build/mrpython_pcl/build install --record /media/ezzedinayman/Local Disk/FS-System/fs-system/build/mrpython_pcl/install.log --single-version-externally-managed install_data
[1.941s] DEBUG:colcon.colcon_core.event_handler.log_command:Invoked command in '/media/ezzedinayman/Local Disk/FS-System/fs-system/perception/mrpython_pcl' returned '0': AMENT_PREFIX_PATH=/media/ezzedinayman/Local Disk/FS-System/fs-system/install/common_params:/media/ezzedinayman/Local Disk/FS-System/fs-system/install/asurt_msgs:${AMENT_PREFIX_PATH} CMAKE_PREFIX_PATH=/media/ezzedinayman/Local Disk/FS-System/fs-system/install/common_params:/media/ezzedinayman/Local Disk/FS-System/fs-system/install/asurt_msgs LD_LIBRARY_PATH=/media/ezzedinayman/Local Disk/FS-System/fs-system/install/asurt_msgs/lib:${LD_LIBRARY_PATH} PYTHONPATH=/media/ezzedinayman/Local Disk/FS-System/fs-system/build/mrpython_pcl/prefix_override:/media/ezzedinayman/Local Disk/FS-System/fs-system/install/mrpython_pcl/lib/python3.10/site-packages:/media/ezzedinayman/Local Disk/FS-System/fs-system/install/asurt_msgs/local/lib/python3.10/dist-packages:${PYTHONPATH} /usr/bin/python3 -W ignore:setup.py install is deprecated setup.py egg_info --egg-base ../../build/mrpython_pcl build --build-base /media/ezzedinayman/Local Disk/FS-System/fs-system/build/mrpython_pcl/build install --record /media/ezzedinayman/Local Disk/FS-System/fs-system/build/mrpython_pcl/install.log --single-version-externally-managed install_data
[1.943s] Level 1:colcon.colcon_core.environment:checking '/media/ezzedinayman/Local Disk/FS-System/fs-system/install/mrpython_pcl' for CMake module files
[1.943s] Level 1:colcon.colcon_core.environment:checking '/media/ezzedinayman/Local Disk/FS-System/fs-system/install/mrpython_pcl' for CMake config files
[1.944s] Level 1:colcon.colcon_core.environment:checking '/media/ezzedinayman/Local Disk/FS-System/fs-system/install/mrpython_pcl/lib'
[1.944s] Level 1:colcon.colcon_core.environment:checking '/media/ezzedinayman/Local Disk/FS-System/fs-system/install/mrpython_pcl/bin'
[1.944s] Level 1:colcon.colcon_core.environment:checking '/media/ezzedinayman/Local Disk/FS-System/fs-system/install/mrpython_pcl/lib/pkgconfig/mrpython_pcl.pc'
[1.944s] Level 1:colcon.colcon_core.environment:checking '/media/ezzedinayman/Local Disk/FS-System/fs-system/install/mrpython_pcl/lib/python3.10/site-packages'
[1.944s] Level 1:colcon.colcon_core.shell:create_environment_hook('mrpython_pcl', 'pythonpath')
[1.944s] INFO:colcon.colcon_core.shell:Creating environment hook '/media/ezzedinayman/Local Disk/FS-System/fs-system/install/mrpython_pcl/share/mrpython_pcl/hook/pythonpath.ps1'
[1.945s] INFO:colcon.colcon_core.shell:Creating environment descriptor '/media/ezzedinayman/Local Disk/FS-System/fs-system/install/mrpython_pcl/share/mrpython_pcl/hook/pythonpath.dsv'
[1.945s] INFO:colcon.colcon_core.shell:Creating environment hook '/media/ezzedinayman/Local Disk/FS-System/fs-system/install/mrpython_pcl/share/mrpython_pcl/hook/pythonpath.sh'
[1.946s] Level 1:colcon.colcon_core.environment:checking '/media/ezzedinayman/Local Disk/FS-System/fs-system/install/mrpython_pcl/bin'
[1.946s] Level 1:colcon.colcon_core.environment:create_environment_scripts_only(mrpython_pcl)
[1.946s] INFO:colcon.colcon_core.shell:Creating package script '/media/ezzedinayman/Local Disk/FS-System/fs-system/install/mrpython_pcl/share/mrpython_pcl/package.ps1'
[1.946s] INFO:colcon.colcon_core.shell:Creating package descriptor '/media/ezzedinayman/Local Disk/FS-System/fs-system/install/mrpython_pcl/share/mrpython_pcl/package.dsv'
[1.947s] INFO:colcon.colcon_core.shell:Creating package script '/media/ezzedinayman/Local Disk/FS-System/fs-system/install/mrpython_pcl/share/mrpython_pcl/package.sh'
[1.948s] INFO:colcon.colcon_core.shell:Creating package script '/media/ezzedinayman/Local Disk/FS-System/fs-system/install/mrpython_pcl/share/mrpython_pcl/package.bash'
[1.948s] INFO:colcon.colcon_core.shell:Creating package script '/media/ezzedinayman/Local Disk/FS-System/fs-system/install/mrpython_pcl/share/mrpython_pcl/package.zsh'
[1.949s] Level 1:colcon.colcon_core.environment:create_file_with_runtime_dependencies(/media/ezzedinayman/Local Disk/FS-System/fs-system/install/mrpython_pcl/share/colcon-core/packages/mrpython_pcl)
[1.949s] DEBUG:colcon.colcon_parallel_executor.executor.parallel:closing loop
[1.950s] DEBUG:colcon.colcon_parallel_executor.executor.parallel:loop closed
[1.950s] DEBUG:colcon.colcon_parallel_executor.executor.parallel:run_until_complete finished with '0'
[1.950s] DEBUG:colcon.colcon_core.event_reactor:joining thread
[1.955s] INFO:colcon.colcon_core.plugin_system:Skipping extension 'colcon_notification.desktop_notification.terminal_notifier': Not used on non-Darwin systems
[1.955s] INFO:colcon.colcon_core.plugin_system:Skipping extension 'colcon_notification.desktop_notification.win32': Not used on non-Windows systems
[1.955s] INFO:colcon.colcon_notification.desktop_notification:Sending desktop notification using 'notify2'
[1.967s] DEBUG:colcon.colcon_core.event_reactor:joined thread
[1.967s] INFO:colcon.colcon_core.shell:Creating prefix script '/media/ezzedinayman/Local Disk/FS-System/fs-system/install/local_setup.ps1'
[1.968s] INFO:colcon.colcon_core.shell:Creating prefix util module '/media/ezzedinayman/Local Disk/FS-System/fs-system/install/_local_setup_util_ps1.py'
[1.970s] INFO:colcon.colcon_core.shell:Creating prefix chain script '/media/ezzedinayman/Local Disk/FS-System/fs-system/install/setup.ps1'
[1.971s] INFO:colcon.colcon_core.shell:Creating prefix script '/media/ezzedinayman/Local Disk/FS-System/fs-system/install/local_setup.sh'
[1.971s] INFO:colcon.colcon_core.shell:Creating prefix util module '/media/ezzedinayman/Local Disk/FS-System/fs-system/install/_local_setup_util_sh.py'
[1.971s] INFO:colcon.colcon_core.shell:Creating prefix chain script '/media/ezzedinayman/Local Disk/FS-System/fs-system/install/setup.sh'
[1.972s] INFO:colcon.colcon_core.shell:Creating prefix script '/media/ezzedinayman/Local Disk/FS-System/fs-system/install/local_setup.bash'
[1.973s] INFO:colcon.colcon_core.shell:Creating prefix chain script '/media/ezzedinayman/Local Disk/FS-System/fs-system/install/setup.bash'
[1.973s] INFO:colcon.colcon_core.shell:Creating prefix script '/media/ezzedinayman/Local Disk/FS-System/fs-system/install/local_setup.zsh'
[1.974s] INFO:colcon.colcon_core.shell:Creating prefix chain script '/media/ezzedinayman/Local Disk/FS-System/fs-system/install/setup.zsh'
