[0.087s] Invoking command in '/home/hazem/ros2_ws/src/build/lidarslam_msgs': CMAKE_PREFIX_PATH=/opt/ros/humble /usr/bin/cmake /home/hazem/ros2_ws/src/lidarslam_ros2/lidarslam_msgs -DCMAKE_INSTALL_PREFIX=/home/hazem/ros2_ws/src/install/lidarslam_msgs
[0.136s] -- The C compiler identification is GNU 11.4.0
[0.184s] -- The CXX compiler identification is GNU 11.4.0
[0.190s] -- Detecting C compiler ABI info
[0.252s] -- Detecting C compiler ABI info - done
[0.265s] -- Check for working C compiler: /usr/bin/cc - skipped
[0.265s] -- Detecting C compile features
[0.266s] -- Detecting C compile features - done
[0.270s] -- Detecting CXX compiler ABI info
[0.345s] -- Detecting CXX compiler ABI info - done
[0.352s] -- Check for working CXX compiler: /usr/bin/c++ - skipped
[0.353s] -- Detecting CXX compile features
[0.353s] -- Detecting CXX compile features - done
[0.355s] -- Found ament_cmake_auto: 1.3.7 (/opt/ros/humble/share/ament_cmake_auto/cmake)
[0.502s] -- Found Python3: /usr/bin/python3.10 (found version "3.10.12") found components: Interpreter 
[0.630s] -- Using all available rosidl_typesupport_c: rosidl_typesupport_fastrtps_c;rosidl_typesupport_introspection_c
[0.634s] -- Found rosidl_adapter: 3.1.5 (/opt/ros/humble/share/rosidl_adapter/cmake)
[0.668s] -- Using all available rosidl_typesupport_cpp: rosidl_typesupport_fastrtps_cpp;rosidl_typesupport_introspection_cpp
[1.116s] -- Found ament_cmake_ros: 0.10.0 (/opt/ros/humble/share/ament_cmake_ros/cmake)
[1.399s] -- Using all available rosidl_typesupport_c: rosidl_typesupport_fastrtps_c;rosidl_typesupport_introspection_c
[1.743s] -- Using all available rosidl_typesupport_cpp: rosidl_typesupport_fastrtps_cpp;rosidl_typesupport_introspection_cpp
[1.767s] -- Found PythonInterp: /usr/bin/python3 (found suitable version "3.10.12", minimum required is "3.6") 
[1.768s] -- Found python_cmake_module: 0.10.0 (/opt/ros/humble/share/python_cmake_module/cmake)
[1.790s] -- Found PythonLibs: /usr/lib/x86_64-linux-gnu/libpython3.10.so (found suitable version "3.10.12", minimum required is "3.5") 
[1.790s] -- Using PYTHON_EXECUTABLE: /usr/bin/python3
[1.790s] -- Using PYTHON_INCLUDE_DIRS: /usr/include/python3.10
[1.790s] -- Using PYTHON_LIBRARIES: /usr/lib/x86_64-linux-gnu/libpython3.10.so
[1.808s] -- Found PythonExtra: .so  
[1.884s] -- Found ament_lint_auto: 0.12.10 (/opt/ros/humble/share/ament_lint_auto/cmake)
[1.902s] -- Added test 'copyright' to check source files copyright and LICENSE
[1.904s] -- Added test 'lint_cmake' to check CMake code style
[1.905s] -- Added test 'xmllint' to check XML markup files
[1.908s] -- Configuring done
[1.956s] -- Generating done
[1.960s] -- Build files have been written to: /home/hazem/ros2_ws/src/build/lidarslam_msgs
[1.973s] Invoked command in '/home/hazem/ros2_ws/src/build/lidarslam_msgs' returned '0': CMAKE_PREFIX_PATH=/opt/ros/humble /usr/bin/cmake /home/hazem/ros2_ws/src/lidarslam_ros2/lidarslam_msgs -DCMAKE_INSTALL_PREFIX=/home/hazem/ros2_ws/src/install/lidarslam_msgs
[1.974s] Invoking command in '/home/hazem/ros2_ws/src/build/lidarslam_msgs': CMAKE_PREFIX_PATH=/opt/ros/humble /usr/bin/cmake --build /home/hazem/ros2_ws/src/build/lidarslam_msgs -- -j12 -l12
[2.008s] [  2%] [34m[1mGenerating C code for ROS interfaces[0m
[2.017s] [  5%] [34m[1mGenerating C++ code for ROS interfaces[0m
[2.024s] [  5%] Built target ament_cmake_python_copy_lidarslam_msgs
[2.307s] running egg_info
[2.308s] creating lidarslam_msgs.egg-info
[2.309s] writing lidarslam_msgs.egg-info/PKG-INFO
[2.309s] writing dependency_links to lidarslam_msgs.egg-info/dependency_links.txt
[2.309s] writing top-level names to lidarslam_msgs.egg-info/top_level.txt
[2.310s] writing manifest file 'lidarslam_msgs.egg-info/SOURCES.txt'
[2.312s] reading manifest file 'lidarslam_msgs.egg-info/SOURCES.txt'
[2.312s] writing manifest file 'lidarslam_msgs.egg-info/SOURCES.txt'
[2.318s] [  5%] Built target lidarslam_msgs__cpp
[2.335s] [  7%] [34m[1mGenerating C++ introspection for ROS interfaces[0m
[2.335s] [ 10%] [34m[1mGenerating C++ type support dispatch for ROS interfaces[0m
[2.335s] [ 12%] [34m[1mGenerating C++ type support for eProsima Fast-RTPS[0m
[2.349s] [ 12%] Built target ament_cmake_python_build_lidarslam_msgs_egg
[2.362s] [ 17%] [32mBuilding C object CMakeFiles/lidarslam_msgs__rosidl_generator_c.dir/rosidl_generator_c/lidarslam_msgs/msg/detail/map_array__functions.c.o[0m
[2.362s] [ 17%] [32mBuilding C object CMakeFiles/lidarslam_msgs__rosidl_generator_c.dir/rosidl_generator_c/lidarslam_msgs/msg/detail/sub_map__functions.c.o[0m
[2.416s] [ 20%] [32m[1mLinking C shared library liblidarslam_msgs__rosidl_generator_c.so[0m
[2.457s] [ 20%] Built target lidarslam_msgs__rosidl_generator_c
[2.468s] [ 25%] [34m[1mGenerating C type support for eProsima Fast-RTPS[0m
[2.468s] [ 25%] [34m[1mGenerating C introspection for ROS interfaces[0m
[2.472s] [ 28%] [34m[1mGenerating C type support dispatch for ROS interfaces[0m
[2.698s] [ 30%] [32mBuilding CXX object CMakeFiles/lidarslam_msgs__rosidl_typesupport_introspection_cpp.dir/rosidl_typesupport_introspection_cpp/lidarslam_msgs/msg/detail/sub_map__type_support.cpp.o[0m
[2.701s] [ 33%] [32mBuilding CXX object CMakeFiles/lidarslam_msgs__rosidl_typesupport_introspection_cpp.dir/rosidl_typesupport_introspection_cpp/lidarslam_msgs/msg/detail/map_array__type_support.cpp.o[0m
[2.792s] [ 35%] [32mBuilding CXX object CMakeFiles/lidarslam_msgs__rosidl_typesupport_cpp.dir/rosidl_typesupport_cpp/lidarslam_msgs/msg/sub_map__type_support.cpp.o[0m
[2.796s] [ 38%] [32mBuilding CXX object CMakeFiles/lidarslam_msgs__rosidl_typesupport_cpp.dir/rosidl_typesupport_cpp/lidarslam_msgs/msg/map_array__type_support.cpp.o[0m
[2.810s] [ 41%] [32mBuilding CXX object CMakeFiles/lidarslam_msgs__rosidl_typesupport_fastrtps_c.dir/rosidl_typesupport_fastrtps_c/lidarslam_msgs/msg/detail/sub_map__type_support_c.cpp.o[0m
[2.811s] [ 43%] [32mBuilding CXX object CMakeFiles/lidarslam_msgs__rosidl_typesupport_fastrtps_c.dir/rosidl_typesupport_fastrtps_c/lidarslam_msgs/msg/detail/map_array__type_support_c.cpp.o[0m
[2.884s] [ 48%] [32mBuilding CXX object CMakeFiles/lidarslam_msgs__rosidl_typesupport_fastrtps_cpp.dir/rosidl_typesupport_fastrtps_cpp/lidarslam_msgs/msg/detail/dds_fastrtps/sub_map__type_support.cpp.o[0m
[2.885s] [ 48%] [32mBuilding CXX object CMakeFiles/lidarslam_msgs__rosidl_typesupport_fastrtps_cpp.dir/rosidl_typesupport_fastrtps_cpp/lidarslam_msgs/msg/detail/dds_fastrtps/map_array__type_support.cpp.o[0m
[2.957s] [ 51%] [32mBuilding CXX object CMakeFiles/lidarslam_msgs__rosidl_typesupport_c.dir/rosidl_typesupport_c/lidarslam_msgs/msg/sub_map__type_support.cpp.o[0m
[2.973s] [ 53%] [32mBuilding CXX object CMakeFiles/lidarslam_msgs__rosidl_typesupport_c.dir/rosidl_typesupport_c/lidarslam_msgs/msg/map_array__type_support.cpp.o[0m
[3.045s] [ 56%] [32m[1mLinking CXX shared library liblidarslam_msgs__rosidl_typesupport_c.so[0m
[3.053s] [ 58%] [32mBuilding C object CMakeFiles/lidarslam_msgs__rosidl_typesupport_introspection_c.dir/rosidl_typesupport_introspection_c/lidarslam_msgs/msg/detail/sub_map__type_support.c.o[0m
[3.071s] [ 61%] [32mBuilding C object CMakeFiles/lidarslam_msgs__rosidl_typesupport_introspection_c.dir/rosidl_typesupport_introspection_c/lidarslam_msgs/msg/detail/map_array__type_support.c.o[0m
[3.147s] [ 64%] [32m[1mLinking C shared library liblidarslam_msgs__rosidl_typesupport_introspection_c.so[0m
[3.166s] [ 64%] Built target lidarslam_msgs__rosidl_typesupport_c
[3.205s] [ 64%] Built target lidarslam_msgs__rosidl_typesupport_introspection_c
[3.341s] [ 66%] [32m[1mLinking CXX shared library liblidarslam_msgs__rosidl_typesupport_cpp.so[0m
[3.404s] [ 66%] Built target lidarslam_msgs__rosidl_typesupport_cpp
[3.455s] [ 69%] [32m[1mLinking CXX shared library liblidarslam_msgs__rosidl_typesupport_fastrtps_c.so[0m
[3.546s] [ 69%] Built target lidarslam_msgs__rosidl_typesupport_fastrtps_c
[3.556s] [ 71%] [32m[1mLinking CXX shared library liblidarslam_msgs__rosidl_typesupport_introspection_cpp.so[0m
[3.590s] [ 74%] [32m[1mLinking CXX shared library liblidarslam_msgs__rosidl_typesupport_fastrtps_cpp.so[0m
[3.637s] [ 74%] Built target lidarslam_msgs__rosidl_typesupport_introspection_cpp
[3.667s] [ 74%] Built target lidarslam_msgs__rosidl_typesupport_fastrtps_cpp
[3.686s] [ 74%] Built target lidarslam_msgs
[3.705s] [ 76%] [34m[1mGenerating Python code for ROS interfaces[0m
[4.110s] [ 76%] Built target lidarslam_msgs__py
[4.131s] [ 79%] [32mBuilding C object CMakeFiles/lidarslam_msgs__rosidl_generator_py.dir/rosidl_generator_py/lidarslam_msgs/msg/_map_array_s.c.o[0m
[4.132s] [ 82%] [32mBuilding C object CMakeFiles/lidarslam_msgs__rosidl_generator_py.dir/rosidl_generator_py/lidarslam_msgs/msg/_sub_map_s.c.o[0m
[4.260s] [ 84%] [32m[1mLinking C shared library rosidl_generator_py/lidarslam_msgs/liblidarslam_msgs__rosidl_generator_py.so[0m
[4.304s] [ 84%] Built target lidarslam_msgs__rosidl_generator_py
[4.327s] [ 89%] [32mBuilding C object CMakeFiles/lidarslam_msgs__rosidl_typesupport_introspection_c__pyext.dir/rosidl_generator_py/lidarslam_msgs/_lidarslam_msgs_s.ep.rosidl_typesupport_introspection_c.c.o[0m
[4.327s] [ 89%] [32mBuilding C object CMakeFiles/lidarslam_msgs__rosidl_typesupport_c__pyext.dir/rosidl_generator_py/lidarslam_msgs/_lidarslam_msgs_s.ep.rosidl_typesupport_c.c.o[0m
[4.334s] [ 92%] [32mBuilding C object CMakeFiles/lidarslam_msgs__rosidl_typesupport_fastrtps_c__pyext.dir/rosidl_generator_py/lidarslam_msgs/_lidarslam_msgs_s.ep.rosidl_typesupport_fastrtps_c.c.o[0m
[4.455s] [ 94%] [32m[1mLinking C shared library rosidl_generator_py/lidarslam_msgs/lidarslam_msgs_s__rosidl_typesupport_c.cpython-310-x86_64-linux-gnu.so[0m
[4.457s] [ 97%] [32m[1mLinking C shared library rosidl_generator_py/lidarslam_msgs/lidarslam_msgs_s__rosidl_typesupport_introspection_c.cpython-310-x86_64-linux-gnu.so[0m
[4.505s] [ 97%] Built target lidarslam_msgs__rosidl_typesupport_c__pyext
[4.506s] [ 97%] Built target lidarslam_msgs__rosidl_typesupport_introspection_c__pyext
[4.528s] [100%] [32m[1mLinking C shared library rosidl_generator_py/lidarslam_msgs/lidarslam_msgs_s__rosidl_typesupport_fastrtps_c.cpython-310-x86_64-linux-gnu.so[0m
[4.576s] [100%] Built target lidarslam_msgs__rosidl_typesupport_fastrtps_c__pyext
[4.589s] Invoked command in '/home/hazem/ros2_ws/src/build/lidarslam_msgs' returned '0': CMAKE_PREFIX_PATH=/opt/ros/humble /usr/bin/cmake --build /home/hazem/ros2_ws/src/build/lidarslam_msgs -- -j12 -l12
[4.677s] Invoking command in '/home/hazem/ros2_ws/src/build/lidarslam_msgs': CMAKE_PREFIX_PATH=/opt/ros/humble /usr/bin/cmake --install /home/hazem/ros2_ws/src/build/lidarslam_msgs
[4.685s] -- Install configuration: ""
[4.685s] -- Installing: /home/hazem/ros2_ws/src/install/lidarslam_msgs/share/ament_index/resource_index/rosidl_interfaces/lidarslam_msgs
[4.685s] -- Installing: /home/hazem/ros2_ws/src/install/lidarslam_msgs/include/lidarslam_msgs/lidarslam_msgs
[4.686s] -- Installing: /home/hazem/ros2_ws/src/install/lidarslam_msgs/include/lidarslam_msgs/lidarslam_msgs/msg
[4.686s] -- Installing: /home/hazem/ros2_ws/src/install/lidarslam_msgs/include/lidarslam_msgs/lidarslam_msgs/msg/rosidl_generator_c__visibility_control.h
[4.686s] -- Installing: /home/hazem/ros2_ws/src/install/lidarslam_msgs/include/lidarslam_msgs/lidarslam_msgs/msg/detail
[4.686s] -- Installing: /home/hazem/ros2_ws/src/install/lidarslam_msgs/include/lidarslam_msgs/lidarslam_msgs/msg/detail/map_array__functions.c
[4.686s] -- Installing: /home/hazem/ros2_ws/src/install/lidarslam_msgs/include/lidarslam_msgs/lidarslam_msgs/msg/detail/map_array__functions.h
[4.686s] -- Installing: /home/hazem/ros2_ws/src/install/lidarslam_msgs/include/lidarslam_msgs/lidarslam_msgs/msg/detail/sub_map__functions.h
[4.687s] -- Installing: /home/hazem/ros2_ws/src/install/lidarslam_msgs/include/lidarslam_msgs/lidarslam_msgs/msg/detail/sub_map__struct.h
[4.687s] -- Installing: /home/hazem/ros2_ws/src/install/lidarslam_msgs/include/lidarslam_msgs/lidarslam_msgs/msg/detail/sub_map__functions.c
[4.687s] -- Installing: /home/hazem/ros2_ws/src/install/lidarslam_msgs/include/lidarslam_msgs/lidarslam_msgs/msg/detail/map_array__struct.h
[4.687s] -- Installing: /home/hazem/ros2_ws/src/install/lidarslam_msgs/include/lidarslam_msgs/lidarslam_msgs/msg/detail/map_array__type_support.h
[4.687s] -- Installing: /home/hazem/ros2_ws/src/install/lidarslam_msgs/include/lidarslam_msgs/lidarslam_msgs/msg/detail/sub_map__type_support.h
[4.688s] -- Installing: /home/hazem/ros2_ws/src/install/lidarslam_msgs/include/lidarslam_msgs/lidarslam_msgs/msg/sub_map.h
[4.688s] -- Installing: /home/hazem/ros2_ws/src/install/lidarslam_msgs/include/lidarslam_msgs/lidarslam_msgs/msg/map_array.h
[4.688s] -- Installing: /home/hazem/ros2_ws/src/install/lidarslam_msgs/share/lidarslam_msgs/environment/library_path.sh
[4.688s] -- Installing: /home/hazem/ros2_ws/src/install/lidarslam_msgs/share/lidarslam_msgs/environment/library_path.dsv
[4.688s] -- Installing: /home/hazem/ros2_ws/src/install/lidarslam_msgs/lib/liblidarslam_msgs__rosidl_generator_c.so
[4.689s] -- Set runtime path of "/home/hazem/ros2_ws/src/install/lidarslam_msgs/lib/liblidarslam_msgs__rosidl_generator_c.so" to ""
[4.689s] -- Up-to-date: /home/hazem/ros2_ws/src/install/lidarslam_msgs/include/lidarslam_msgs/lidarslam_msgs
[4.689s] -- Up-to-date: /home/hazem/ros2_ws/src/install/lidarslam_msgs/include/lidarslam_msgs/lidarslam_msgs/msg
[4.690s] -- Up-to-date: /home/hazem/ros2_ws/src/install/lidarslam_msgs/include/lidarslam_msgs/lidarslam_msgs/msg/detail
[4.690s] -- Installing: /home/hazem/ros2_ws/src/install/lidarslam_msgs/include/lidarslam_msgs/lidarslam_msgs/msg/detail/sub_map__rosidl_typesupport_fastrtps_c.h
[4.690s] -- Installing: /home/hazem/ros2_ws/src/install/lidarslam_msgs/include/lidarslam_msgs/lidarslam_msgs/msg/detail/map_array__rosidl_typesupport_fastrtps_c.h
[4.690s] -- Installing: /home/hazem/ros2_ws/src/install/lidarslam_msgs/include/lidarslam_msgs/lidarslam_msgs/msg/rosidl_typesupport_fastrtps_c__visibility_control.h
[4.691s] -- Installing: /home/hazem/ros2_ws/src/install/lidarslam_msgs/lib/liblidarslam_msgs__rosidl_typesupport_fastrtps_c.so
[4.691s] -- Set runtime path of "/home/hazem/ros2_ws/src/install/lidarslam_msgs/lib/liblidarslam_msgs__rosidl_typesupport_fastrtps_c.so" to ""
[4.691s] -- Up-to-date: /home/hazem/ros2_ws/src/install/lidarslam_msgs/include/lidarslam_msgs/lidarslam_msgs
[4.691s] -- Up-to-date: /home/hazem/ros2_ws/src/install/lidarslam_msgs/include/lidarslam_msgs/lidarslam_msgs/msg
[4.692s] -- Installing: /home/hazem/ros2_ws/src/install/lidarslam_msgs/include/lidarslam_msgs/lidarslam_msgs/msg/rosidl_typesupport_introspection_c__visibility_control.h
[4.692s] -- Up-to-date: /home/hazem/ros2_ws/src/install/lidarslam_msgs/include/lidarslam_msgs/lidarslam_msgs/msg/detail
[4.692s] -- Installing: /home/hazem/ros2_ws/src/install/lidarslam_msgs/include/lidarslam_msgs/lidarslam_msgs/msg/detail/map_array__rosidl_typesupport_introspection_c.h
[4.692s] -- Installing: /home/hazem/ros2_ws/src/install/lidarslam_msgs/include/lidarslam_msgs/lidarslam_msgs/msg/detail/sub_map__rosidl_typesupport_introspection_c.h
[4.692s] -- Installing: /home/hazem/ros2_ws/src/install/lidarslam_msgs/include/lidarslam_msgs/lidarslam_msgs/msg/detail/sub_map__type_support.c
[4.692s] -- Installing: /home/hazem/ros2_ws/src/install/lidarslam_msgs/include/lidarslam_msgs/lidarslam_msgs/msg/detail/map_array__type_support.c
[4.692s] -- Installing: /home/hazem/ros2_ws/src/install/lidarslam_msgs/lib/liblidarslam_msgs__rosidl_typesupport_introspection_c.so
[4.693s] -- Set runtime path of "/home/hazem/ros2_ws/src/install/lidarslam_msgs/lib/liblidarslam_msgs__rosidl_typesupport_introspection_c.so" to ""
[4.693s] -- Installing: /home/hazem/ros2_ws/src/install/lidarslam_msgs/lib/liblidarslam_msgs__rosidl_typesupport_c.so
[4.693s] -- Set runtime path of "/home/hazem/ros2_ws/src/install/lidarslam_msgs/lib/liblidarslam_msgs__rosidl_typesupport_c.so" to ""
[4.694s] -- Up-to-date: /home/hazem/ros2_ws/src/install/lidarslam_msgs/include/lidarslam_msgs/lidarslam_msgs
[4.694s] -- Up-to-date: /home/hazem/ros2_ws/src/install/lidarslam_msgs/include/lidarslam_msgs/lidarslam_msgs/msg
[4.694s] -- Installing: /home/hazem/ros2_ws/src/install/lidarslam_msgs/include/lidarslam_msgs/lidarslam_msgs/msg/map_array.hpp
[4.694s] -- Up-to-date: /home/hazem/ros2_ws/src/install/lidarslam_msgs/include/lidarslam_msgs/lidarslam_msgs/msg/detail
[4.694s] -- Installing: /home/hazem/ros2_ws/src/install/lidarslam_msgs/include/lidarslam_msgs/lidarslam_msgs/msg/detail/map_array__traits.hpp
[4.695s] -- Installing: /home/hazem/ros2_ws/src/install/lidarslam_msgs/include/lidarslam_msgs/lidarslam_msgs/msg/detail/map_array__struct.hpp
[4.695s] -- Installing: /home/hazem/ros2_ws/src/install/lidarslam_msgs/include/lidarslam_msgs/lidarslam_msgs/msg/detail/sub_map__struct.hpp
[4.695s] -- Installing: /home/hazem/ros2_ws/src/install/lidarslam_msgs/include/lidarslam_msgs/lidarslam_msgs/msg/detail/sub_map__traits.hpp
[4.695s] -- Installing: /home/hazem/ros2_ws/src/install/lidarslam_msgs/include/lidarslam_msgs/lidarslam_msgs/msg/detail/sub_map__builder.hpp
[4.695s] -- Installing: /home/hazem/ros2_ws/src/install/lidarslam_msgs/include/lidarslam_msgs/lidarslam_msgs/msg/detail/map_array__builder.hpp
[4.696s] -- Installing: /home/hazem/ros2_ws/src/install/lidarslam_msgs/include/lidarslam_msgs/lidarslam_msgs/msg/sub_map.hpp
[4.696s] -- Up-to-date: /home/hazem/ros2_ws/src/install/lidarslam_msgs/include/lidarslam_msgs/lidarslam_msgs
[4.696s] -- Up-to-date: /home/hazem/ros2_ws/src/install/lidarslam_msgs/include/lidarslam_msgs/lidarslam_msgs/msg
[4.696s] -- Up-to-date: /home/hazem/ros2_ws/src/install/lidarslam_msgs/include/lidarslam_msgs/lidarslam_msgs/msg/detail
[4.696s] -- Installing: /home/hazem/ros2_ws/src/install/lidarslam_msgs/include/lidarslam_msgs/lidarslam_msgs/msg/detail/sub_map__rosidl_typesupport_fastrtps_cpp.hpp
[4.696s] -- Installing: /home/hazem/ros2_ws/src/install/lidarslam_msgs/include/lidarslam_msgs/lidarslam_msgs/msg/detail/map_array__rosidl_typesupport_fastrtps_cpp.hpp
[4.696s] -- Installing: /home/hazem/ros2_ws/src/install/lidarslam_msgs/include/lidarslam_msgs/lidarslam_msgs/msg/detail/dds_fastrtps
[4.697s] -- Installing: /home/hazem/ros2_ws/src/install/lidarslam_msgs/include/lidarslam_msgs/lidarslam_msgs/msg/rosidl_typesupport_fastrtps_cpp__visibility_control.h
[4.697s] -- Installing: /home/hazem/ros2_ws/src/install/lidarslam_msgs/lib/liblidarslam_msgs__rosidl_typesupport_fastrtps_cpp.so
[4.697s] -- Set runtime path of "/home/hazem/ros2_ws/src/install/lidarslam_msgs/lib/liblidarslam_msgs__rosidl_typesupport_fastrtps_cpp.so" to ""
[4.697s] -- Up-to-date: /home/hazem/ros2_ws/src/install/lidarslam_msgs/include/lidarslam_msgs/lidarslam_msgs
[4.698s] -- Up-to-date: /home/hazem/ros2_ws/src/install/lidarslam_msgs/include/lidarslam_msgs/lidarslam_msgs/msg
[4.698s] -- Up-to-date: /home/hazem/ros2_ws/src/install/lidarslam_msgs/include/lidarslam_msgs/lidarslam_msgs/msg/detail
[4.698s] -- Installing: /home/hazem/ros2_ws/src/install/lidarslam_msgs/include/lidarslam_msgs/lidarslam_msgs/msg/detail/sub_map__rosidl_typesupport_introspection_cpp.hpp
[4.698s] -- Installing: /home/hazem/ros2_ws/src/install/lidarslam_msgs/include/lidarslam_msgs/lidarslam_msgs/msg/detail/map_array__type_support.cpp
[4.698s] -- Installing: /home/hazem/ros2_ws/src/install/lidarslam_msgs/include/lidarslam_msgs/lidarslam_msgs/msg/detail/sub_map__type_support.cpp
[4.698s] -- Installing: /home/hazem/ros2_ws/src/install/lidarslam_msgs/include/lidarslam_msgs/lidarslam_msgs/msg/detail/map_array__rosidl_typesupport_introspection_cpp.hpp
[4.698s] -- Installing: /home/hazem/ros2_ws/src/install/lidarslam_msgs/lib/liblidarslam_msgs__rosidl_typesupport_introspection_cpp.so
[4.699s] -- Set runtime path of "/home/hazem/ros2_ws/src/install/lidarslam_msgs/lib/liblidarslam_msgs__rosidl_typesupport_introspection_cpp.so" to ""
[4.699s] -- Installing: /home/hazem/ros2_ws/src/install/lidarslam_msgs/lib/liblidarslam_msgs__rosidl_typesupport_cpp.so
[4.700s] -- Set runtime path of "/home/hazem/ros2_ws/src/install/lidarslam_msgs/lib/liblidarslam_msgs__rosidl_typesupport_cpp.so" to ""
[4.700s] -- Installing: /home/hazem/ros2_ws/src/install/lidarslam_msgs/share/lidarslam_msgs/environment/pythonpath.sh
[4.700s] -- Installing: /home/hazem/ros2_ws/src/install/lidarslam_msgs/share/lidarslam_msgs/environment/pythonpath.dsv
[4.700s] -- Installing: /home/hazem/ros2_ws/src/install/lidarslam_msgs/local/lib/python3.10/dist-packages/lidarslam_msgs-0.0.0-py3.10.egg-info
[4.700s] -- Installing: /home/hazem/ros2_ws/src/install/lidarslam_msgs/local/lib/python3.10/dist-packages/lidarslam_msgs-0.0.0-py3.10.egg-info/PKG-INFO
[4.701s] -- Installing: /home/hazem/ros2_ws/src/install/lidarslam_msgs/local/lib/python3.10/dist-packages/lidarslam_msgs-0.0.0-py3.10.egg-info/SOURCES.txt
[4.701s] -- Installing: /home/hazem/ros2_ws/src/install/lidarslam_msgs/local/lib/python3.10/dist-packages/lidarslam_msgs-0.0.0-py3.10.egg-info/top_level.txt
[4.701s] -- Installing: /home/hazem/ros2_ws/src/install/lidarslam_msgs/local/lib/python3.10/dist-packages/lidarslam_msgs-0.0.0-py3.10.egg-info/dependency_links.txt
[4.701s] -- Installing: /home/hazem/ros2_ws/src/install/lidarslam_msgs/local/lib/python3.10/dist-packages/lidarslam_msgs
[4.701s] -- Installing: /home/hazem/ros2_ws/src/install/lidarslam_msgs/local/lib/python3.10/dist-packages/lidarslam_msgs/__init__.py
[4.702s] -- Installing: /home/hazem/ros2_ws/src/install/lidarslam_msgs/local/lib/python3.10/dist-packages/lidarslam_msgs/lidarslam_msgs_s__rosidl_typesupport_introspection_c.cpython-310-x86_64-linux-gnu.so
[4.702s] -- Installing: /home/hazem/ros2_ws/src/install/lidarslam_msgs/local/lib/python3.10/dist-packages/lidarslam_msgs/lidarslam_msgs_s__rosidl_typesupport_c.cpython-310-x86_64-linux-gnu.so
[4.702s] -- Installing: /home/hazem/ros2_ws/src/install/lidarslam_msgs/local/lib/python3.10/dist-packages/lidarslam_msgs/_lidarslam_msgs_s.ep.rosidl_typesupport_c.c
[4.702s] -- Installing: /home/hazem/ros2_ws/src/install/lidarslam_msgs/local/lib/python3.10/dist-packages/lidarslam_msgs/lidarslam_msgs_s__rosidl_typesupport_fastrtps_c.cpython-310-x86_64-linux-gnu.so
[4.703s] -- Installing: /home/hazem/ros2_ws/src/install/lidarslam_msgs/local/lib/python3.10/dist-packages/lidarslam_msgs/_lidarslam_msgs_s.ep.rosidl_typesupport_fastrtps_c.c
[4.703s] -- Installing: /home/hazem/ros2_ws/src/install/lidarslam_msgs/local/lib/python3.10/dist-packages/lidarslam_msgs/liblidarslam_msgs__rosidl_generator_py.so
[4.703s] -- Installing: /home/hazem/ros2_ws/src/install/lidarslam_msgs/local/lib/python3.10/dist-packages/lidarslam_msgs/msg
[4.703s] -- Installing: /home/hazem/ros2_ws/src/install/lidarslam_msgs/local/lib/python3.10/dist-packages/lidarslam_msgs/msg/__init__.py
[4.704s] -- Installing: /home/hazem/ros2_ws/src/install/lidarslam_msgs/local/lib/python3.10/dist-packages/lidarslam_msgs/msg/_map_array.py
[4.704s] -- Installing: /home/hazem/ros2_ws/src/install/lidarslam_msgs/local/lib/python3.10/dist-packages/lidarslam_msgs/msg/_sub_map.py
[4.704s] -- Installing: /home/hazem/ros2_ws/src/install/lidarslam_msgs/local/lib/python3.10/dist-packages/lidarslam_msgs/msg/_sub_map_s.c
[4.704s] -- Installing: /home/hazem/ros2_ws/src/install/lidarslam_msgs/local/lib/python3.10/dist-packages/lidarslam_msgs/msg/_map_array_s.c
[4.704s] -- Installing: /home/hazem/ros2_ws/src/install/lidarslam_msgs/local/lib/python3.10/dist-packages/lidarslam_msgs/_lidarslam_msgs_s.ep.rosidl_typesupport_introspection_c.c
[4.741s] Listing '/home/hazem/ros2_ws/src/install/lidarslam_msgs/local/lib/python3.10/dist-packages/lidarslam_msgs'...
[4.741s] Compiling '/home/hazem/ros2_ws/src/install/lidarslam_msgs/local/lib/python3.10/dist-packages/lidarslam_msgs/__init__.py'...
[4.741s] Listing '/home/hazem/ros2_ws/src/install/lidarslam_msgs/local/lib/python3.10/dist-packages/lidarslam_msgs/msg'...
[4.741s] Compiling '/home/hazem/ros2_ws/src/install/lidarslam_msgs/local/lib/python3.10/dist-packages/lidarslam_msgs/msg/__init__.py'...
[4.741s] Compiling '/home/hazem/ros2_ws/src/install/lidarslam_msgs/local/lib/python3.10/dist-packages/lidarslam_msgs/msg/_map_array.py'...
[4.742s] Compiling '/home/hazem/ros2_ws/src/install/lidarslam_msgs/local/lib/python3.10/dist-packages/lidarslam_msgs/msg/_sub_map.py'...
[4.746s] -- Installing: /home/hazem/ros2_ws/src/install/lidarslam_msgs/local/lib/python3.10/dist-packages/lidarslam_msgs/lidarslam_msgs_s__rosidl_typesupport_fastrtps_c.cpython-310-x86_64-linux-gnu.so
[4.746s] -- Set runtime path of "/home/hazem/ros2_ws/src/install/lidarslam_msgs/local/lib/python3.10/dist-packages/lidarslam_msgs/lidarslam_msgs_s__rosidl_typesupport_fastrtps_c.cpython-310-x86_64-linux-gnu.so" to ""
[4.747s] -- Installing: /home/hazem/ros2_ws/src/install/lidarslam_msgs/local/lib/python3.10/dist-packages/lidarslam_msgs/lidarslam_msgs_s__rosidl_typesupport_introspection_c.cpython-310-x86_64-linux-gnu.so
[4.747s] -- Set runtime path of "/home/hazem/ros2_ws/src/install/lidarslam_msgs/local/lib/python3.10/dist-packages/lidarslam_msgs/lidarslam_msgs_s__rosidl_typesupport_introspection_c.cpython-310-x86_64-linux-gnu.so" to ""
[4.747s] -- Installing: /home/hazem/ros2_ws/src/install/lidarslam_msgs/local/lib/python3.10/dist-packages/lidarslam_msgs/lidarslam_msgs_s__rosidl_typesupport_c.cpython-310-x86_64-linux-gnu.so
[4.748s] -- Set runtime path of "/home/hazem/ros2_ws/src/install/lidarslam_msgs/local/lib/python3.10/dist-packages/lidarslam_msgs/lidarslam_msgs_s__rosidl_typesupport_c.cpython-310-x86_64-linux-gnu.so" to ""
[4.748s] -- Installing: /home/hazem/ros2_ws/src/install/lidarslam_msgs/lib/liblidarslam_msgs__rosidl_generator_py.so
[4.749s] -- Set runtime path of "/home/hazem/ros2_ws/src/install/lidarslam_msgs/lib/liblidarslam_msgs__rosidl_generator_py.so" to ""
[4.749s] -- Installing: /home/hazem/ros2_ws/src/install/lidarslam_msgs/share/lidarslam_msgs/msg/SubMap.idl
[4.749s] -- Installing: /home/hazem/ros2_ws/src/install/lidarslam_msgs/share/lidarslam_msgs/msg/MapArray.idl
[4.749s] -- Installing: /home/hazem/ros2_ws/src/install/lidarslam_msgs/share/lidarslam_msgs/msg/SubMap.msg
[4.749s] -- Installing: /home/hazem/ros2_ws/src/install/lidarslam_msgs/share/lidarslam_msgs/msg/MapArray.msg
[4.750s] -- Installing: /home/hazem/ros2_ws/src/install/lidarslam_msgs/share/ament_index/resource_index/package_run_dependencies/lidarslam_msgs
[4.750s] -- Installing: /home/hazem/ros2_ws/src/install/lidarslam_msgs/share/ament_index/resource_index/parent_prefix_path/lidarslam_msgs
[4.750s] -- Installing: /home/hazem/ros2_ws/src/install/lidarslam_msgs/share/lidarslam_msgs/environment/ament_prefix_path.sh
[4.750s] -- Installing: /home/hazem/ros2_ws/src/install/lidarslam_msgs/share/lidarslam_msgs/environment/ament_prefix_path.dsv
[4.751s] -- Installing: /home/hazem/ros2_ws/src/install/lidarslam_msgs/share/lidarslam_msgs/environment/path.sh
[4.751s] -- Installing: /home/hazem/ros2_ws/src/install/lidarslam_msgs/share/lidarslam_msgs/environment/path.dsv
[4.751s] -- Installing: /home/hazem/ros2_ws/src/install/lidarslam_msgs/share/lidarslam_msgs/local_setup.bash
[4.751s] -- Installing: /home/hazem/ros2_ws/src/install/lidarslam_msgs/share/lidarslam_msgs/local_setup.sh
[4.751s] -- Installing: /home/hazem/ros2_ws/src/install/lidarslam_msgs/share/lidarslam_msgs/local_setup.zsh
[4.752s] -- Installing: /home/hazem/ros2_ws/src/install/lidarslam_msgs/share/lidarslam_msgs/local_setup.dsv
[4.752s] -- Installing: /home/hazem/ros2_ws/src/install/lidarslam_msgs/share/lidarslam_msgs/package.dsv
[4.752s] -- Installing: /home/hazem/ros2_ws/src/install/lidarslam_msgs/share/ament_index/resource_index/packages/lidarslam_msgs
[4.752s] -- Installing: /home/hazem/ros2_ws/src/install/lidarslam_msgs/share/lidarslam_msgs/cmake/export_lidarslam_msgs__rosidl_generator_cExport.cmake
[4.753s] -- Installing: /home/hazem/ros2_ws/src/install/lidarslam_msgs/share/lidarslam_msgs/cmake/export_lidarslam_msgs__rosidl_generator_cExport-noconfig.cmake
[4.753s] -- Installing: /home/hazem/ros2_ws/src/install/lidarslam_msgs/share/lidarslam_msgs/cmake/export_lidarslam_msgs__rosidl_typesupport_fastrtps_cExport.cmake
[4.753s] -- Installing: /home/hazem/ros2_ws/src/install/lidarslam_msgs/share/lidarslam_msgs/cmake/export_lidarslam_msgs__rosidl_typesupport_fastrtps_cExport-noconfig.cmake
[4.753s] -- Installing: /home/hazem/ros2_ws/src/install/lidarslam_msgs/share/lidarslam_msgs/cmake/lidarslam_msgs__rosidl_typesupport_introspection_cExport.cmake
[4.754s] -- Installing: /home/hazem/ros2_ws/src/install/lidarslam_msgs/share/lidarslam_msgs/cmake/lidarslam_msgs__rosidl_typesupport_introspection_cExport-noconfig.cmake
[4.754s] -- Installing: /home/hazem/ros2_ws/src/install/lidarslam_msgs/share/lidarslam_msgs/cmake/lidarslam_msgs__rosidl_typesupport_cExport.cmake
[4.754s] -- Installing: /home/hazem/ros2_ws/src/install/lidarslam_msgs/share/lidarslam_msgs/cmake/lidarslam_msgs__rosidl_typesupport_cExport-noconfig.cmake
[4.754s] -- Installing: /home/hazem/ros2_ws/src/install/lidarslam_msgs/share/lidarslam_msgs/cmake/export_lidarslam_msgs__rosidl_generator_cppExport.cmake
[4.755s] -- Installing: /home/hazem/ros2_ws/src/install/lidarslam_msgs/share/lidarslam_msgs/cmake/export_lidarslam_msgs__rosidl_typesupport_fastrtps_cppExport.cmake
[4.755s] -- Installing: /home/hazem/ros2_ws/src/install/lidarslam_msgs/share/lidarslam_msgs/cmake/export_lidarslam_msgs__rosidl_typesupport_fastrtps_cppExport-noconfig.cmake
[4.755s] -- Installing: /home/hazem/ros2_ws/src/install/lidarslam_msgs/share/lidarslam_msgs/cmake/lidarslam_msgs__rosidl_typesupport_introspection_cppExport.cmake
[4.755s] -- Installing: /home/hazem/ros2_ws/src/install/lidarslam_msgs/share/lidarslam_msgs/cmake/lidarslam_msgs__rosidl_typesupport_introspection_cppExport-noconfig.cmake
[4.756s] -- Installing: /home/hazem/ros2_ws/src/install/lidarslam_msgs/share/lidarslam_msgs/cmake/lidarslam_msgs__rosidl_typesupport_cppExport.cmake
[4.756s] -- Installing: /home/hazem/ros2_ws/src/install/lidarslam_msgs/share/lidarslam_msgs/cmake/lidarslam_msgs__rosidl_typesupport_cppExport-noconfig.cmake
[4.756s] -- Installing: /home/hazem/ros2_ws/src/install/lidarslam_msgs/share/lidarslam_msgs/cmake/export_lidarslam_msgs__rosidl_generator_pyExport.cmake
[4.756s] -- Installing: /home/hazem/ros2_ws/src/install/lidarslam_msgs/share/lidarslam_msgs/cmake/export_lidarslam_msgs__rosidl_generator_pyExport-noconfig.cmake
[4.756s] -- Installing: /home/hazem/ros2_ws/src/install/lidarslam_msgs/share/lidarslam_msgs/cmake/rosidl_cmake-extras.cmake
[4.757s] -- Installing: /home/hazem/ros2_ws/src/install/lidarslam_msgs/share/lidarslam_msgs/cmake/ament_cmake_export_dependencies-extras.cmake
[4.757s] -- Installing: /home/hazem/ros2_ws/src/install/lidarslam_msgs/share/lidarslam_msgs/cmake/ament_cmake_export_include_directories-extras.cmake
[4.757s] -- Installing: /home/hazem/ros2_ws/src/install/lidarslam_msgs/share/lidarslam_msgs/cmake/ament_cmake_export_libraries-extras.cmake
[4.757s] -- Installing: /home/hazem/ros2_ws/src/install/lidarslam_msgs/share/lidarslam_msgs/cmake/ament_cmake_export_targets-extras.cmake
[4.758s] -- Installing: /home/hazem/ros2_ws/src/install/lidarslam_msgs/share/lidarslam_msgs/cmake/rosidl_cmake_export_typesupport_targets-extras.cmake
[4.758s] -- Installing: /home/hazem/ros2_ws/src/install/lidarslam_msgs/share/lidarslam_msgs/cmake/rosidl_cmake_export_typesupport_libraries-extras.cmake
[4.758s] -- Installing: /home/hazem/ros2_ws/src/install/lidarslam_msgs/share/lidarslam_msgs/cmake/lidarslam_msgsConfig.cmake
[4.758s] -- Installing: /home/hazem/ros2_ws/src/install/lidarslam_msgs/share/lidarslam_msgs/cmake/lidarslam_msgsConfig-version.cmake
[4.758s] -- Installing: /home/hazem/ros2_ws/src/install/lidarslam_msgs/share/lidarslam_msgs/package.xml
[4.761s] Invoked command in '/home/hazem/ros2_ws/src/build/lidarslam_msgs' returned '0': CMAKE_PREFIX_PATH=/opt/ros/humble /usr/bin/cmake --install /home/hazem/ros2_ws/src/build/lidarslam_msgs
