[0.777s] DEBUG:colcon:Command line arguments: ['/usr/bin/colcon', 'build', '--symlink-install', '--cmake-args', '-DCMAKE_BUILD_TYPE=Release']
[0.777s] DEBUG:colcon:Parsed command line arguments: Namespace(log_base=None, log_level=None, verb_name='build', build_base='build', install_base='install', merge_install=False, symlink_install=True, test_result_base=None, continue_on_error=False, executor='parallel', parallel_workers=12, event_handlers=None, ignore_user_meta=False, metas=['./colcon.meta'], base_paths=['.'], packages_ignore=None, packages_ignore_regex=None, paths=None, packages_up_to=None, packages_up_to_regex=None, packages_above=None, packages_above_and_dependencies=None, packages_above_depth=None, packages_select_by_dep=None, packages_skip_by_dep=None, packages_skip_up_to=None, packages_select_build_failed=False, packages_skip_build_finished=False, packages_select_test_failures=False, packages_skip_test_passed=False, packages_select=None, packages_skip=None, packages_select_regex=None, packages_skip_regex=None, packages_start=None, packages_end=None, allow_overriding=[], cmake_args=['-DCMAKE_BUILD_TYPE=Release'], cmake_target=None, cmake_target_skip_unavailable=False, cmake_clean_cache=False, cmake_clean_first=False, cmake_force_configure=False, ament_cmake_args=None, catkin_cmake_args=None, catkin_skip_building_tests=False, verb_parser=<colcon_defaults.argument_parser.defaults.DefaultArgumentsDecorator object at 0x7fdeb4602ec0>, verb_extension=<colcon_core.verb.build.BuildVerb object at 0x7fdeb4603610>, main=<bound method BuildVerb.main of <colcon_core.verb.build.BuildVerb object at 0x7fdeb4603610>>)
[0.814s] Level 1:colcon.colcon_core.package_discovery:discover_packages(colcon_meta) check parameters
[0.814s] Level 1:colcon.colcon_core.package_discovery:discover_packages(recursive) check parameters
[0.814s] Level 1:colcon.colcon_core.package_discovery:discover_packages(ignore) check parameters
[0.814s] Level 1:colcon.colcon_core.package_discovery:discover_packages(path) check parameters
[0.814s] Level 1:colcon.colcon_core.package_discovery:discover_packages(colcon_meta) discover
[0.814s] Level 1:colcon.colcon_core.package_discovery:discover_packages(recursive) discover
[0.814s] INFO:colcon.colcon_core.package_discovery:Crawling recursively for packages in '/home/hazem/ros2_ws'
[0.814s] Level 1:colcon.colcon_core.package_identification:_identify(.) by extensions ['ignore', 'ignore_ament_install']
[0.814s] Level 1:colcon.colcon_core.package_identification:_identify(.) by extension 'ignore'
[0.814s] Level 1:colcon.colcon_core.package_identification:_identify(.) by extension 'ignore_ament_install'
[0.814s] Level 1:colcon.colcon_core.package_identification:_identify(.) by extensions ['colcon_pkg']
[0.814s] Level 1:colcon.colcon_core.package_identification:_identify(.) by extension 'colcon_pkg'
[0.814s] Level 1:colcon.colcon_core.package_identification:_identify(.) by extensions ['colcon_meta']
[0.814s] Level 1:colcon.colcon_core.package_identification:_identify(.) by extension 'colcon_meta'
[0.814s] Level 1:colcon.colcon_core.package_identification:_identify(.) by extensions ['ros']
[0.814s] Level 1:colcon.colcon_core.package_identification:_identify(.) by extension 'ros'
[0.823s] Level 1:colcon.colcon_core.package_identification:_identify(.) by extensions ['cmake', 'python']
[0.823s] Level 1:colcon.colcon_core.package_identification:_identify(.) by extension 'cmake'
[0.823s] Level 1:colcon.colcon_core.package_identification:_identify(.) by extension 'python'
[0.823s] Level 1:colcon.colcon_core.package_identification:_identify(.) by extensions ['python_setup_py']
[0.823s] Level 1:colcon.colcon_core.package_identification:_identify(.) by extension 'python_setup_py'
[0.823s] Level 1:colcon.colcon_core.package_identification:_identify(build) by extensions ['ignore', 'ignore_ament_install']
[0.823s] Level 1:colcon.colcon_core.package_identification:_identify(build) by extension 'ignore'
[0.823s] Level 1:colcon.colcon_core.package_identification:_identify(build) ignored
[0.823s] Level 1:colcon.colcon_core.package_identification:_identify(install) by extensions ['ignore', 'ignore_ament_install']
[0.823s] Level 1:colcon.colcon_core.package_identification:_identify(install) by extension 'ignore'
[0.824s] Level 1:colcon.colcon_core.package_identification:_identify(install) ignored
[0.824s] Level 1:colcon.colcon_core.package_identification:_identify(log) by extensions ['ignore', 'ignore_ament_install']
[0.824s] Level 1:colcon.colcon_core.package_identification:_identify(log) by extension 'ignore'
[0.824s] Level 1:colcon.colcon_core.package_identification:_identify(log) ignored
[0.824s] Level 1:colcon.colcon_core.package_identification:_identify(src) by extensions ['ignore', 'ignore_ament_install']
[0.824s] Level 1:colcon.colcon_core.package_identification:_identify(src) by extension 'ignore'
[0.824s] Level 1:colcon.colcon_core.package_identification:_identify(src) by extension 'ignore_ament_install'
[0.824s] Level 1:colcon.colcon_core.package_identification:_identify(src) by extensions ['colcon_pkg']
[0.824s] Level 1:colcon.colcon_core.package_identification:_identify(src) by extension 'colcon_pkg'
[0.824s] Level 1:colcon.colcon_core.package_identification:_identify(src) by extensions ['colcon_meta']
[0.824s] Level 1:colcon.colcon_core.package_identification:_identify(src) by extension 'colcon_meta'
[0.824s] Level 1:colcon.colcon_core.package_identification:_identify(src) by extensions ['ros']
[0.824s] Level 1:colcon.colcon_core.package_identification:_identify(src) by extension 'ros'
[0.824s] Level 1:colcon.colcon_core.package_identification:_identify(src) by extensions ['cmake', 'python']
[0.824s] Level 1:colcon.colcon_core.package_identification:_identify(src) by extension 'cmake'
[0.824s] Level 1:colcon.colcon_core.package_identification:_identify(src) by extension 'python'
[0.824s] Level 1:colcon.colcon_core.package_identification:_identify(src) by extensions ['python_setup_py']
[0.824s] Level 1:colcon.colcon_core.package_identification:_identify(src) by extension 'python_setup_py'
[0.824s] Level 1:colcon.colcon_core.package_identification:_identify(src/lidarslam_ros2) by extensions ['ignore', 'ignore_ament_install']
[0.824s] Level 1:colcon.colcon_core.package_identification:_identify(src/lidarslam_ros2) by extension 'ignore'
[0.824s] Level 1:colcon.colcon_core.package_identification:_identify(src/lidarslam_ros2) by extension 'ignore_ament_install'
[0.824s] Level 1:colcon.colcon_core.package_identification:_identify(src/lidarslam_ros2) by extensions ['colcon_pkg']
[0.825s] Level 1:colcon.colcon_core.package_identification:_identify(src/lidarslam_ros2) by extension 'colcon_pkg'
[0.825s] Level 1:colcon.colcon_core.package_identification:_identify(src/lidarslam_ros2) by extensions ['colcon_meta']
[0.825s] Level 1:colcon.colcon_core.package_identification:_identify(src/lidarslam_ros2) by extension 'colcon_meta'
[0.825s] Level 1:colcon.colcon_core.package_identification:_identify(src/lidarslam_ros2) by extensions ['ros']
[0.825s] Level 1:colcon.colcon_core.package_identification:_identify(src/lidarslam_ros2) by extension 'ros'
[0.825s] Level 1:colcon.colcon_core.package_identification:_identify(src/lidarslam_ros2) by extensions ['cmake', 'python']
[0.825s] Level 1:colcon.colcon_core.package_identification:_identify(src/lidarslam_ros2) by extension 'cmake'
[0.825s] Level 1:colcon.colcon_core.package_identification:_identify(src/lidarslam_ros2) by extension 'python'
[0.825s] Level 1:colcon.colcon_core.package_identification:_identify(src/lidarslam_ros2) by extensions ['python_setup_py']
[0.825s] Level 1:colcon.colcon_core.package_identification:_identify(src/lidarslam_ros2) by extension 'python_setup_py'
[0.825s] Level 1:colcon.colcon_core.package_identification:_identify(src/lidarslam_ros2/Thirdparty) by extensions ['ignore', 'ignore_ament_install']
[0.825s] Level 1:colcon.colcon_core.package_identification:_identify(src/lidarslam_ros2/Thirdparty) by extension 'ignore'
[0.825s] Level 1:colcon.colcon_core.package_identification:_identify(src/lidarslam_ros2/Thirdparty) by extension 'ignore_ament_install'
[0.825s] Level 1:colcon.colcon_core.package_identification:_identify(src/lidarslam_ros2/Thirdparty) by extensions ['colcon_pkg']
[0.825s] Level 1:colcon.colcon_core.package_identification:_identify(src/lidarslam_ros2/Thirdparty) by extension 'colcon_pkg'
[0.825s] Level 1:colcon.colcon_core.package_identification:_identify(src/lidarslam_ros2/Thirdparty) by extensions ['colcon_meta']
[0.825s] Level 1:colcon.colcon_core.package_identification:_identify(src/lidarslam_ros2/Thirdparty) by extension 'colcon_meta'
[0.825s] Level 1:colcon.colcon_core.package_identification:_identify(src/lidarslam_ros2/Thirdparty) by extensions ['ros']
[0.825s] Level 1:colcon.colcon_core.package_identification:_identify(src/lidarslam_ros2/Thirdparty) by extension 'ros'
[0.825s] Level 1:colcon.colcon_core.package_identification:_identify(src/lidarslam_ros2/Thirdparty) by extensions ['cmake', 'python']
[0.825s] Level 1:colcon.colcon_core.package_identification:_identify(src/lidarslam_ros2/Thirdparty) by extension 'cmake'
[0.825s] Level 1:colcon.colcon_core.package_identification:_identify(src/lidarslam_ros2/Thirdparty) by extension 'python'
[0.825s] Level 1:colcon.colcon_core.package_identification:_identify(src/lidarslam_ros2/Thirdparty) by extensions ['python_setup_py']
[0.825s] Level 1:colcon.colcon_core.package_identification:_identify(src/lidarslam_ros2/Thirdparty) by extension 'python_setup_py'
[0.825s] Level 1:colcon.colcon_core.package_identification:_identify(src/lidarslam_ros2/Thirdparty/ndt_omp_ros2) by extensions ['ignore', 'ignore_ament_install']
[0.826s] Level 1:colcon.colcon_core.package_identification:_identify(src/lidarslam_ros2/Thirdparty/ndt_omp_ros2) by extension 'ignore'
[0.826s] Level 1:colcon.colcon_core.package_identification:_identify(src/lidarslam_ros2/Thirdparty/ndt_omp_ros2) by extension 'ignore_ament_install'
[0.826s] Level 1:colcon.colcon_core.package_identification:_identify(src/lidarslam_ros2/Thirdparty/ndt_omp_ros2) by extensions ['colcon_pkg']
[0.826s] Level 1:colcon.colcon_core.package_identification:_identify(src/lidarslam_ros2/Thirdparty/ndt_omp_ros2) by extension 'colcon_pkg'
[0.826s] Level 1:colcon.colcon_core.package_identification:_identify(src/lidarslam_ros2/Thirdparty/ndt_omp_ros2) by extensions ['colcon_meta']
[0.826s] Level 1:colcon.colcon_core.package_identification:_identify(src/lidarslam_ros2/Thirdparty/ndt_omp_ros2) by extension 'colcon_meta'
[0.826s] Level 1:colcon.colcon_core.package_identification:_identify(src/lidarslam_ros2/Thirdparty/ndt_omp_ros2) by extensions ['ros']
[0.826s] Level 1:colcon.colcon_core.package_identification:_identify(src/lidarslam_ros2/Thirdparty/ndt_omp_ros2) by extension 'ros'
[0.828s] DEBUG:colcon.colcon_core.package_identification:Package 'src/lidarslam_ros2/Thirdparty/ndt_omp_ros2' with type 'ros.ament_cmake' and name 'ndt_omp_ros2'
[0.828s] Level 1:colcon.colcon_core.package_identification:_identify(src/lidarslam_ros2/graph_based_slam) by extensions ['ignore', 'ignore_ament_install']
[0.828s] Level 1:colcon.colcon_core.package_identification:_identify(src/lidarslam_ros2/graph_based_slam) by extension 'ignore'
[0.828s] Level 1:colcon.colcon_core.package_identification:_identify(src/lidarslam_ros2/graph_based_slam) by extension 'ignore_ament_install'
[0.828s] Level 1:colcon.colcon_core.package_identification:_identify(src/lidarslam_ros2/graph_based_slam) by extensions ['colcon_pkg']
[0.828s] Level 1:colcon.colcon_core.package_identification:_identify(src/lidarslam_ros2/graph_based_slam) by extension 'colcon_pkg'
[0.828s] Level 1:colcon.colcon_core.package_identification:_identify(src/lidarslam_ros2/graph_based_slam) by extensions ['colcon_meta']
[0.828s] Level 1:colcon.colcon_core.package_identification:_identify(src/lidarslam_ros2/graph_based_slam) by extension 'colcon_meta'
[0.828s] Level 1:colcon.colcon_core.package_identification:_identify(src/lidarslam_ros2/graph_based_slam) by extensions ['ros']
[0.828s] Level 1:colcon.colcon_core.package_identification:_identify(src/lidarslam_ros2/graph_based_slam) by extension 'ros'
[0.829s] DEBUG:colcon.colcon_core.package_identification:Package 'src/lidarslam_ros2/graph_based_slam' with type 'ros.ament_cmake' and name 'graph_based_slam'
[0.829s] Level 1:colcon.colcon_core.package_identification:_identify(src/lidarslam_ros2/lidarslam) by extensions ['ignore', 'ignore_ament_install']
[0.829s] Level 1:colcon.colcon_core.package_identification:_identify(src/lidarslam_ros2/lidarslam) by extension 'ignore'
[0.829s] Level 1:colcon.colcon_core.package_identification:_identify(src/lidarslam_ros2/lidarslam) by extension 'ignore_ament_install'
[0.829s] Level 1:colcon.colcon_core.package_identification:_identify(src/lidarslam_ros2/lidarslam) by extensions ['colcon_pkg']
[0.829s] Level 1:colcon.colcon_core.package_identification:_identify(src/lidarslam_ros2/lidarslam) by extension 'colcon_pkg'
[0.829s] Level 1:colcon.colcon_core.package_identification:_identify(src/lidarslam_ros2/lidarslam) by extensions ['colcon_meta']
[0.829s] Level 1:colcon.colcon_core.package_identification:_identify(src/lidarslam_ros2/lidarslam) by extension 'colcon_meta'
[0.830s] Level 1:colcon.colcon_core.package_identification:_identify(src/lidarslam_ros2/lidarslam) by extensions ['ros']
[0.830s] Level 1:colcon.colcon_core.package_identification:_identify(src/lidarslam_ros2/lidarslam) by extension 'ros'
[0.830s] DEBUG:colcon.colcon_core.package_identification:Package 'src/lidarslam_ros2/lidarslam' with type 'ros.ament_cmake' and name 'lidarslam'
[0.831s] Level 1:colcon.colcon_core.package_identification:_identify(src/lidarslam_ros2/lidarslam_msgs) by extensions ['ignore', 'ignore_ament_install']
[0.831s] Level 1:colcon.colcon_core.package_identification:_identify(src/lidarslam_ros2/lidarslam_msgs) by extension 'ignore'
[0.831s] Level 1:colcon.colcon_core.package_identification:_identify(src/lidarslam_ros2/lidarslam_msgs) by extension 'ignore_ament_install'
[0.831s] Level 1:colcon.colcon_core.package_identification:_identify(src/lidarslam_ros2/lidarslam_msgs) by extensions ['colcon_pkg']
[0.831s] Level 1:colcon.colcon_core.package_identification:_identify(src/lidarslam_ros2/lidarslam_msgs) by extension 'colcon_pkg'
[0.831s] Level 1:colcon.colcon_core.package_identification:_identify(src/lidarslam_ros2/lidarslam_msgs) by extensions ['colcon_meta']
[0.831s] Level 1:colcon.colcon_core.package_identification:_identify(src/lidarslam_ros2/lidarslam_msgs) by extension 'colcon_meta'
[0.831s] Level 1:colcon.colcon_core.package_identification:_identify(src/lidarslam_ros2/lidarslam_msgs) by extensions ['ros']
[0.831s] Level 1:colcon.colcon_core.package_identification:_identify(src/lidarslam_ros2/lidarslam_msgs) by extension 'ros'
[0.832s] DEBUG:colcon.colcon_core.package_identification:Package 'src/lidarslam_ros2/lidarslam_msgs' with type 'ros.ament_cmake' and name 'lidarslam_msgs'
[0.832s] Level 1:colcon.colcon_core.package_identification:_identify(src/lidarslam_ros2/scanmatcher) by extensions ['ignore', 'ignore_ament_install']
[0.832s] Level 1:colcon.colcon_core.package_identification:_identify(src/lidarslam_ros2/scanmatcher) by extension 'ignore'
[0.832s] Level 1:colcon.colcon_core.package_identification:_identify(src/lidarslam_ros2/scanmatcher) by extension 'ignore_ament_install'
[0.832s] Level 1:colcon.colcon_core.package_identification:_identify(src/lidarslam_ros2/scanmatcher) by extensions ['colcon_pkg']
[0.832s] Level 1:colcon.colcon_core.package_identification:_identify(src/lidarslam_ros2/scanmatcher) by extension 'colcon_pkg'
[0.832s] Level 1:colcon.colcon_core.package_identification:_identify(src/lidarslam_ros2/scanmatcher) by extensions ['colcon_meta']
[0.832s] Level 1:colcon.colcon_core.package_identification:_identify(src/lidarslam_ros2/scanmatcher) by extension 'colcon_meta'
[0.832s] Level 1:colcon.colcon_core.package_identification:_identify(src/lidarslam_ros2/scanmatcher) by extensions ['ros']
[0.832s] Level 1:colcon.colcon_core.package_identification:_identify(src/lidarslam_ros2/scanmatcher) by extension 'ros'
[0.833s] DEBUG:colcon.colcon_core.package_identification:Package 'src/lidarslam_ros2/scanmatcher' with type 'ros.ament_cmake' and name 'scanmatcher'
[0.833s] Level 1:colcon.colcon_core.package_discovery:discover_packages(recursive) using defaults
[0.833s] Level 1:colcon.colcon_core.package_discovery:discover_packages(ignore) discover
[0.833s] Level 1:colcon.colcon_core.package_discovery:discover_packages(ignore) using defaults
[0.833s] Level 1:colcon.colcon_core.package_discovery:discover_packages(path) discover
[0.833s] Level 1:colcon.colcon_core.package_discovery:discover_packages(path) using defaults
[0.906s] Level 1:colcon.colcon_core.package_discovery:discover_packages(prefix_path) check parameters
[0.906s] Level 1:colcon.colcon_core.package_discovery:discover_packages(prefix_path) discover
[0.930s] DEBUG:colcon.colcon_installed_package_information.package_discovery:Found 270 installed packages in /opt/ros/humble
[0.931s] Level 1:colcon.colcon_core.package_discovery:discover_packages(prefix_path) using defaults
[1.004s] Level 5:colcon.colcon_core.verb:set package 'lidarslam_msgs' build argument 'cmake_args' from command line to '['-DCMAKE_BUILD_TYPE=Release']'
[1.004s] Level 5:colcon.colcon_core.verb:set package 'lidarslam_msgs' build argument 'cmake_target' from command line to 'None'
[1.004s] Level 5:colcon.colcon_core.verb:set package 'lidarslam_msgs' build argument 'cmake_target_skip_unavailable' from command line to 'False'
[1.004s] Level 5:colcon.colcon_core.verb:set package 'lidarslam_msgs' build argument 'cmake_clean_cache' from command line to 'False'
[1.004s] Level 5:colcon.colcon_core.verb:set package 'lidarslam_msgs' build argument 'cmake_clean_first' from command line to 'False'
[1.004s] Level 5:colcon.colcon_core.verb:set package 'lidarslam_msgs' build argument 'cmake_force_configure' from command line to 'False'
[1.004s] Level 5:colcon.colcon_core.verb:set package 'lidarslam_msgs' build argument 'ament_cmake_args' from command line to 'None'
[1.004s] Level 5:colcon.colcon_core.verb:set package 'lidarslam_msgs' build argument 'catkin_cmake_args' from command line to 'None'
[1.004s] Level 5:colcon.colcon_core.verb:set package 'lidarslam_msgs' build argument 'catkin_skip_building_tests' from command line to 'False'
[1.004s] DEBUG:colcon.colcon_core.verb:Building package 'lidarslam_msgs' with the following arguments: {'ament_cmake_args': None, 'build_base': '/home/hazem/ros2_ws/build/lidarslam_msgs', 'catkin_cmake_args': None, 'catkin_skip_building_tests': False, 'cmake_args': ['-DCMAKE_BUILD_TYPE=Release'], 'cmake_clean_cache': False, 'cmake_clean_first': False, 'cmake_force_configure': False, 'cmake_target': None, 'cmake_target_skip_unavailable': False, 'install_base': '/home/hazem/ros2_ws/install/lidarslam_msgs', 'merge_install': False, 'path': '/home/hazem/ros2_ws/src/lidarslam_ros2/lidarslam_msgs', 'symlink_install': True, 'test_result_base': None}
[1.015s] Level 5:colcon.colcon_core.verb:set package 'ndt_omp_ros2' build argument 'cmake_args' from command line to '['-DCMAKE_BUILD_TYPE=Release']'
[1.015s] Level 5:colcon.colcon_core.verb:set package 'ndt_omp_ros2' build argument 'cmake_target' from command line to 'None'
[1.015s] Level 5:colcon.colcon_core.verb:set package 'ndt_omp_ros2' build argument 'cmake_target_skip_unavailable' from command line to 'False'
[1.015s] Level 5:colcon.colcon_core.verb:set package 'ndt_omp_ros2' build argument 'cmake_clean_cache' from command line to 'False'
[1.015s] Level 5:colcon.colcon_core.verb:set package 'ndt_omp_ros2' build argument 'cmake_clean_first' from command line to 'False'
[1.015s] Level 5:colcon.colcon_core.verb:set package 'ndt_omp_ros2' build argument 'cmake_force_configure' from command line to 'False'
[1.015s] Level 5:colcon.colcon_core.verb:set package 'ndt_omp_ros2' build argument 'ament_cmake_args' from command line to 'None'
[1.015s] Level 5:colcon.colcon_core.verb:set package 'ndt_omp_ros2' build argument 'catkin_cmake_args' from command line to 'None'
[1.015s] Level 5:colcon.colcon_core.verb:set package 'ndt_omp_ros2' build argument 'catkin_skip_building_tests' from command line to 'False'
[1.015s] DEBUG:colcon.colcon_core.verb:Building package 'ndt_omp_ros2' with the following arguments: {'ament_cmake_args': None, 'build_base': '/home/hazem/ros2_ws/build/ndt_omp_ros2', 'catkin_cmake_args': None, 'catkin_skip_building_tests': False, 'cmake_args': ['-DCMAKE_BUILD_TYPE=Release'], 'cmake_clean_cache': False, 'cmake_clean_first': False, 'cmake_force_configure': False, 'cmake_target': None, 'cmake_target_skip_unavailable': False, 'install_base': '/home/hazem/ros2_ws/install/ndt_omp_ros2', 'merge_install': False, 'path': '/home/hazem/ros2_ws/src/lidarslam_ros2/Thirdparty/ndt_omp_ros2', 'symlink_install': True, 'test_result_base': None}
[1.027s] Level 5:colcon.colcon_core.verb:set package 'graph_based_slam' build argument 'cmake_args' from command line to '['-DCMAKE_BUILD_TYPE=Release']'
[1.027s] Level 5:colcon.colcon_core.verb:set package 'graph_based_slam' build argument 'cmake_target' from command line to 'None'
[1.027s] Level 5:colcon.colcon_core.verb:set package 'graph_based_slam' build argument 'cmake_target_skip_unavailable' from command line to 'False'
[1.027s] Level 5:colcon.colcon_core.verb:set package 'graph_based_slam' build argument 'cmake_clean_cache' from command line to 'False'
[1.027s] Level 5:colcon.colcon_core.verb:set package 'graph_based_slam' build argument 'cmake_clean_first' from command line to 'False'
[1.027s] Level 5:colcon.colcon_core.verb:set package 'graph_based_slam' build argument 'cmake_force_configure' from command line to 'False'
[1.027s] Level 5:colcon.colcon_core.verb:set package 'graph_based_slam' build argument 'ament_cmake_args' from command line to 'None'
[1.027s] Level 5:colcon.colcon_core.verb:set package 'graph_based_slam' build argument 'catkin_cmake_args' from command line to 'None'
[1.027s] Level 5:colcon.colcon_core.verb:set package 'graph_based_slam' build argument 'catkin_skip_building_tests' from command line to 'False'
[1.027s] DEBUG:colcon.colcon_core.verb:Building package 'graph_based_slam' with the following arguments: {'ament_cmake_args': None, 'build_base': '/home/hazem/ros2_ws/build/graph_based_slam', 'catkin_cmake_args': None, 'catkin_skip_building_tests': False, 'cmake_args': ['-DCMAKE_BUILD_TYPE=Release'], 'cmake_clean_cache': False, 'cmake_clean_first': False, 'cmake_force_configure': False, 'cmake_target': None, 'cmake_target_skip_unavailable': False, 'install_base': '/home/hazem/ros2_ws/install/graph_based_slam', 'merge_install': False, 'path': '/home/hazem/ros2_ws/src/lidarslam_ros2/graph_based_slam', 'symlink_install': True, 'test_result_base': None}
[1.038s] Level 5:colcon.colcon_core.verb:set package 'scanmatcher' build argument 'cmake_args' from command line to '['-DCMAKE_BUILD_TYPE=Release']'
[1.038s] Level 5:colcon.colcon_core.verb:set package 'scanmatcher' build argument 'cmake_target' from command line to 'None'
[1.038s] Level 5:colcon.colcon_core.verb:set package 'scanmatcher' build argument 'cmake_target_skip_unavailable' from command line to 'False'
[1.038s] Level 5:colcon.colcon_core.verb:set package 'scanmatcher' build argument 'cmake_clean_cache' from command line to 'False'
[1.038s] Level 5:colcon.colcon_core.verb:set package 'scanmatcher' build argument 'cmake_clean_first' from command line to 'False'
[1.038s] Level 5:colcon.colcon_core.verb:set package 'scanmatcher' build argument 'cmake_force_configure' from command line to 'False'
[1.038s] Level 5:colcon.colcon_core.verb:set package 'scanmatcher' build argument 'ament_cmake_args' from command line to 'None'
[1.038s] Level 5:colcon.colcon_core.verb:set package 'scanmatcher' build argument 'catkin_cmake_args' from command line to 'None'
[1.038s] Level 5:colcon.colcon_core.verb:set package 'scanmatcher' build argument 'catkin_skip_building_tests' from command line to 'False'
[1.038s] DEBUG:colcon.colcon_core.verb:Building package 'scanmatcher' with the following arguments: {'ament_cmake_args': None, 'build_base': '/home/hazem/ros2_ws/build/scanmatcher', 'catkin_cmake_args': None, 'catkin_skip_building_tests': False, 'cmake_args': ['-DCMAKE_BUILD_TYPE=Release'], 'cmake_clean_cache': False, 'cmake_clean_first': False, 'cmake_force_configure': False, 'cmake_target': None, 'cmake_target_skip_unavailable': False, 'install_base': '/home/hazem/ros2_ws/install/scanmatcher', 'merge_install': False, 'path': '/home/hazem/ros2_ws/src/lidarslam_ros2/scanmatcher', 'symlink_install': True, 'test_result_base': None}
[1.049s] Level 5:colcon.colcon_core.verb:set package 'lidarslam' build argument 'cmake_args' from command line to '['-DCMAKE_BUILD_TYPE=Release']'
[1.049s] Level 5:colcon.colcon_core.verb:set package 'lidarslam' build argument 'cmake_target' from command line to 'None'
[1.049s] Level 5:colcon.colcon_core.verb:set package 'lidarslam' build argument 'cmake_target_skip_unavailable' from command line to 'False'
[1.049s] Level 5:colcon.colcon_core.verb:set package 'lidarslam' build argument 'cmake_clean_cache' from command line to 'False'
[1.049s] Level 5:colcon.colcon_core.verb:set package 'lidarslam' build argument 'cmake_clean_first' from command line to 'False'
[1.049s] Level 5:colcon.colcon_core.verb:set package 'lidarslam' build argument 'cmake_force_configure' from command line to 'False'
[1.049s] Level 5:colcon.colcon_core.verb:set package 'lidarslam' build argument 'ament_cmake_args' from command line to 'None'
[1.049s] Level 5:colcon.colcon_core.verb:set package 'lidarslam' build argument 'catkin_cmake_args' from command line to 'None'
[1.049s] Level 5:colcon.colcon_core.verb:set package 'lidarslam' build argument 'catkin_skip_building_tests' from command line to 'False'
[1.049s] DEBUG:colcon.colcon_core.verb:Building package 'lidarslam' with the following arguments: {'ament_cmake_args': None, 'build_base': '/home/hazem/ros2_ws/build/lidarslam', 'catkin_cmake_args': None, 'catkin_skip_building_tests': False, 'cmake_args': ['-DCMAKE_BUILD_TYPE=Release'], 'cmake_clean_cache': False, 'cmake_clean_first': False, 'cmake_force_configure': False, 'cmake_target': None, 'cmake_target_skip_unavailable': False, 'install_base': '/home/hazem/ros2_ws/install/lidarslam', 'merge_install': False, 'path': '/home/hazem/ros2_ws/src/lidarslam_ros2/lidarslam', 'symlink_install': True, 'test_result_base': None}
[1.060s] INFO:colcon.colcon_core.executor:Executing jobs using 'parallel' executor
[1.072s] DEBUG:colcon.colcon_parallel_executor.executor.parallel:run_until_complete
[1.072s] INFO:colcon.colcon_ros.task.ament_cmake.build:Building ROS package in '/home/hazem/ros2_ws/src/lidarslam_ros2/lidarslam_msgs' with build type 'ament_cmake'
[1.072s] INFO:colcon.colcon_cmake.task.cmake.build:Building CMake package in '/home/hazem/ros2_ws/src/lidarslam_ros2/lidarslam_msgs'
[1.086s] INFO:colcon.colcon_core.plugin_system:Skipping extension 'colcon_core.shell.bat': Not used on non-Windows systems
[1.086s] INFO:colcon.colcon_core.shell:Skip shell extension 'powershell' for command environment: Not usable outside of PowerShell
[1.086s] DEBUG:colcon.colcon_core.shell:Skip shell extension 'dsv' for command environment
[1.112s] INFO:colcon.colcon_ros.task.ament_cmake.build:Building ROS package in '/home/hazem/ros2_ws/src/lidarslam_ros2/Thirdparty/ndt_omp_ros2' with build type 'ament_cmake'
[1.112s] INFO:colcon.colcon_cmake.task.cmake.build:Building CMake package in '/home/hazem/ros2_ws/src/lidarslam_ros2/Thirdparty/ndt_omp_ros2'
[1.124s] INFO:colcon.colcon_core.shell:Skip shell extension 'powershell' for command environment: Not usable outside of PowerShell
[1.124s] DEBUG:colcon.colcon_core.shell:Skip shell extension 'dsv' for command environment
[1.158s] DEBUG:colcon.colcon_core.event_handler.log_command:Invoking command in '/home/hazem/ros2_ws/build/lidarslam_msgs': CMAKE_PREFIX_PATH=/opt/ros/humble /usr/bin/cmake --build /home/hazem/ros2_ws/build/lidarslam_msgs -- -j12 -l12
[1.162s] DEBUG:colcon.colcon_core.event_handler.log_command:Invoking command in '/home/hazem/ros2_ws/build/ndt_omp_ros2': CMAKE_PREFIX_PATH=/opt/ros/humble /usr/bin/cmake --build /home/hazem/ros2_ws/build/ndt_omp_ros2 -- -j12 -l12
[1.293s] DEBUG:colcon.colcon_core.event_handler.log_command:Invoked command in '/home/hazem/ros2_ws/build/ndt_omp_ros2' returned '0': CMAKE_PREFIX_PATH=/opt/ros/humble /usr/bin/cmake --build /home/hazem/ros2_ws/build/ndt_omp_ros2 -- -j12 -l12
[1.335s] DEBUG:colcon.colcon_core.event_handler.log_command:Invoking command in '/home/hazem/ros2_ws/build/ndt_omp_ros2': CMAKE_PREFIX_PATH=/opt/ros/humble /usr/bin/cmake --install /home/hazem/ros2_ws/build/ndt_omp_ros2
[1.353s] Level 1:colcon.colcon_core.environment:create_environment_scripts_only(ndt_omp_ros2)
[1.354s] DEBUG:colcon.colcon_core.event_handler.log_command:Invoked command in '/home/hazem/ros2_ws/build/ndt_omp_ros2' returned '0': CMAKE_PREFIX_PATH=/opt/ros/humble /usr/bin/cmake --install /home/hazem/ros2_ws/build/ndt_omp_ros2
[1.368s] Level 1:colcon.colcon_core.environment:checking '/home/hazem/ros2_ws/install/ndt_omp_ros2' for CMake module files
[1.368s] Level 1:colcon.colcon_core.environment:checking '/home/hazem/ros2_ws/install/ndt_omp_ros2' for CMake config files
[1.369s] Level 1:colcon.colcon_core.shell:create_environment_hook('ndt_omp_ros2', 'cmake_prefix_path')
[1.381s] INFO:colcon.colcon_core.shell:Creating environment hook '/home/hazem/ros2_ws/install/ndt_omp_ros2/share/ndt_omp_ros2/hook/cmake_prefix_path.ps1'
[1.382s] INFO:colcon.colcon_core.shell:Creating environment descriptor '/home/hazem/ros2_ws/install/ndt_omp_ros2/share/ndt_omp_ros2/hook/cmake_prefix_path.dsv'
[1.382s] INFO:colcon.colcon_core.shell:Creating environment hook '/home/hazem/ros2_ws/install/ndt_omp_ros2/share/ndt_omp_ros2/hook/cmake_prefix_path.sh'
[1.383s] Level 1:colcon.colcon_core.environment:checking '/home/hazem/ros2_ws/install/ndt_omp_ros2/lib'
[1.383s] Level 1:colcon.colcon_core.environment:checking '/home/hazem/ros2_ws/install/ndt_omp_ros2/bin'
[1.383s] Level 1:colcon.colcon_core.shell:create_environment_hook('ndt_omp_ros2', 'path')
[1.395s] INFO:colcon.colcon_core.shell:Creating environment hook '/home/hazem/ros2_ws/install/ndt_omp_ros2/share/ndt_omp_ros2/hook/path.ps1'
[1.395s] INFO:colcon.colcon_core.shell:Creating environment descriptor '/home/hazem/ros2_ws/install/ndt_omp_ros2/share/ndt_omp_ros2/hook/path.dsv'
[1.396s] INFO:colcon.colcon_core.shell:Creating environment hook '/home/hazem/ros2_ws/install/ndt_omp_ros2/share/ndt_omp_ros2/hook/path.sh'
[1.396s] Level 1:colcon.colcon_core.environment:checking '/home/hazem/ros2_ws/install/ndt_omp_ros2/lib/pkgconfig/ndt_omp_ros2.pc'
[1.396s] Level 1:colcon.colcon_core.environment:checking '/home/hazem/ros2_ws/install/ndt_omp_ros2/lib/python3.10/site-packages'
[1.396s] Level 1:colcon.colcon_core.environment:checking '/home/hazem/ros2_ws/install/ndt_omp_ros2/bin'
[1.396s] Level 1:colcon.colcon_core.shell:create_environment_hook('ndt_omp_ros2', 'pythonscriptspath')
[1.409s] INFO:colcon.colcon_core.shell:Creating environment hook '/home/hazem/ros2_ws/install/ndt_omp_ros2/share/ndt_omp_ros2/hook/pythonscriptspath.ps1'
[1.409s] INFO:colcon.colcon_core.shell:Creating environment descriptor '/home/hazem/ros2_ws/install/ndt_omp_ros2/share/ndt_omp_ros2/hook/pythonscriptspath.dsv'
[1.410s] INFO:colcon.colcon_core.shell:Creating environment hook '/home/hazem/ros2_ws/install/ndt_omp_ros2/share/ndt_omp_ros2/hook/pythonscriptspath.sh'
[1.422s] INFO:colcon.colcon_core.shell:Creating package script '/home/hazem/ros2_ws/install/ndt_omp_ros2/share/ndt_omp_ros2/package.ps1'
[1.423s] INFO:colcon.colcon_core.shell:Creating package descriptor '/home/hazem/ros2_ws/install/ndt_omp_ros2/share/ndt_omp_ros2/package.dsv'
[1.423s] INFO:colcon.colcon_core.shell:Creating package script '/home/hazem/ros2_ws/install/ndt_omp_ros2/share/ndt_omp_ros2/package.sh'
[1.424s] INFO:colcon.colcon_core.shell:Creating package script '/home/hazem/ros2_ws/install/ndt_omp_ros2/share/ndt_omp_ros2/package.bash'
[1.424s] INFO:colcon.colcon_core.shell:Creating package script '/home/hazem/ros2_ws/install/ndt_omp_ros2/share/ndt_omp_ros2/package.zsh'
[1.425s] Level 1:colcon.colcon_core.environment:create_file_with_runtime_dependencies(/home/hazem/ros2_ws/install/ndt_omp_ros2/share/colcon-core/packages/ndt_omp_ros2)
[1.469s] Level 1:colcon.colcon_core.environment:create_environment_scripts_only(ndt_omp_ros2)
[1.482s] Level 1:colcon.colcon_core.environment:checking '/home/hazem/ros2_ws/install/ndt_omp_ros2' for CMake module files
[1.482s] Level 1:colcon.colcon_core.environment:checking '/home/hazem/ros2_ws/install/ndt_omp_ros2' for CMake config files
[1.482s] Level 1:colcon.colcon_core.shell:create_environment_hook('ndt_omp_ros2', 'cmake_prefix_path')
[1.495s] INFO:colcon.colcon_core.shell:Creating environment hook '/home/hazem/ros2_ws/install/ndt_omp_ros2/share/ndt_omp_ros2/hook/cmake_prefix_path.ps1'
[1.495s] INFO:colcon.colcon_core.shell:Creating environment descriptor '/home/hazem/ros2_ws/install/ndt_omp_ros2/share/ndt_omp_ros2/hook/cmake_prefix_path.dsv'
[1.495s] INFO:colcon.colcon_core.shell:Creating environment hook '/home/hazem/ros2_ws/install/ndt_omp_ros2/share/ndt_omp_ros2/hook/cmake_prefix_path.sh'
[1.496s] Level 1:colcon.colcon_core.environment:checking '/home/hazem/ros2_ws/install/ndt_omp_ros2/lib'
[1.496s] Level 1:colcon.colcon_core.environment:checking '/home/hazem/ros2_ws/install/ndt_omp_ros2/bin'
[1.496s] Level 1:colcon.colcon_core.shell:create_environment_hook('ndt_omp_ros2', 'path')
[1.511s] INFO:colcon.colcon_core.shell:Creating environment hook '/home/hazem/ros2_ws/install/ndt_omp_ros2/share/ndt_omp_ros2/hook/path.ps1'
[1.512s] INFO:colcon.colcon_core.shell:Creating environment descriptor '/home/hazem/ros2_ws/install/ndt_omp_ros2/share/ndt_omp_ros2/hook/path.dsv'
[1.512s] INFO:colcon.colcon_core.shell:Creating environment hook '/home/hazem/ros2_ws/install/ndt_omp_ros2/share/ndt_omp_ros2/hook/path.sh'
[1.512s] Level 1:colcon.colcon_core.environment:checking '/home/hazem/ros2_ws/install/ndt_omp_ros2/lib/pkgconfig/ndt_omp_ros2.pc'
[1.512s] Level 1:colcon.colcon_core.environment:checking '/home/hazem/ros2_ws/install/ndt_omp_ros2/lib/python3.10/site-packages'
[1.513s] Level 1:colcon.colcon_core.environment:checking '/home/hazem/ros2_ws/install/ndt_omp_ros2/bin'
[1.513s] Level 1:colcon.colcon_core.shell:create_environment_hook('ndt_omp_ros2', 'pythonscriptspath')
[1.525s] INFO:colcon.colcon_core.shell:Creating environment hook '/home/hazem/ros2_ws/install/ndt_omp_ros2/share/ndt_omp_ros2/hook/pythonscriptspath.ps1'
[1.525s] INFO:colcon.colcon_core.shell:Creating environment descriptor '/home/hazem/ros2_ws/install/ndt_omp_ros2/share/ndt_omp_ros2/hook/pythonscriptspath.dsv'
[1.525s] INFO:colcon.colcon_core.shell:Creating environment hook '/home/hazem/ros2_ws/install/ndt_omp_ros2/share/ndt_omp_ros2/hook/pythonscriptspath.sh'
[1.544s] INFO:colcon.colcon_core.shell:Creating package script '/home/hazem/ros2_ws/install/ndt_omp_ros2/share/ndt_omp_ros2/package.ps1'
[1.545s] INFO:colcon.colcon_core.shell:Creating package descriptor '/home/hazem/ros2_ws/install/ndt_omp_ros2/share/ndt_omp_ros2/package.dsv'
[1.545s] INFO:colcon.colcon_core.shell:Creating package script '/home/hazem/ros2_ws/install/ndt_omp_ros2/share/ndt_omp_ros2/package.sh'
[1.546s] INFO:colcon.colcon_core.shell:Creating package script '/home/hazem/ros2_ws/install/ndt_omp_ros2/share/ndt_omp_ros2/package.bash'
[1.546s] INFO:colcon.colcon_core.shell:Creating package script '/home/hazem/ros2_ws/install/ndt_omp_ros2/share/ndt_omp_ros2/package.zsh'
[1.546s] Level 1:colcon.colcon_core.environment:create_file_with_runtime_dependencies(/home/hazem/ros2_ws/install/ndt_omp_ros2/share/colcon-core/packages/ndt_omp_ros2)
[1.548s] DEBUG:colcon.colcon_core.event_handler.log_command:Invoked command in '/home/hazem/ros2_ws/build/lidarslam_msgs' returned '0': CMAKE_PREFIX_PATH=/opt/ros/humble /usr/bin/cmake --build /home/hazem/ros2_ws/build/lidarslam_msgs -- -j12 -l12
[1.615s] DEBUG:colcon.colcon_core.event_handler.log_command:Invoking command in '/home/hazem/ros2_ws/build/lidarslam_msgs': CMAKE_PREFIX_PATH=/opt/ros/humble /usr/bin/cmake --install /home/hazem/ros2_ws/build/lidarslam_msgs
[1.680s] Level 1:colcon.colcon_core.environment:create_environment_scripts_only(lidarslam_msgs)
[1.680s] DEBUG:colcon.colcon_core.event_handler.log_command:Invoked command in '/home/hazem/ros2_ws/build/lidarslam_msgs' returned '0': CMAKE_PREFIX_PATH=/opt/ros/humble /usr/bin/cmake --install /home/hazem/ros2_ws/build/lidarslam_msgs
[1.693s] Level 1:colcon.colcon_core.environment:checking '/home/hazem/ros2_ws/install/lidarslam_msgs' for CMake module files
[1.693s] Level 1:colcon.colcon_core.environment:checking '/home/hazem/ros2_ws/install/lidarslam_msgs' for CMake config files
[1.694s] Level 1:colcon.colcon_core.shell:create_environment_hook('lidarslam_msgs', 'cmake_prefix_path')
[1.707s] INFO:colcon.colcon_core.shell:Creating environment hook '/home/hazem/ros2_ws/install/lidarslam_msgs/share/lidarslam_msgs/hook/cmake_prefix_path.ps1'
[1.707s] INFO:colcon.colcon_core.shell:Creating environment descriptor '/home/hazem/ros2_ws/install/lidarslam_msgs/share/lidarslam_msgs/hook/cmake_prefix_path.dsv'
[1.707s] INFO:colcon.colcon_core.shell:Creating environment hook '/home/hazem/ros2_ws/install/lidarslam_msgs/share/lidarslam_msgs/hook/cmake_prefix_path.sh'
[1.708s] Level 1:colcon.colcon_core.environment:checking '/home/hazem/ros2_ws/install/lidarslam_msgs/lib'
[1.708s] Level 1:colcon.colcon_core.shell:create_environment_hook('lidarslam_msgs', 'ld_library_path_lib')
[1.720s] INFO:colcon.colcon_core.shell:Creating environment hook '/home/hazem/ros2_ws/install/lidarslam_msgs/share/lidarslam_msgs/hook/ld_library_path_lib.ps1'
[1.720s] INFO:colcon.colcon_core.shell:Creating environment descriptor '/home/hazem/ros2_ws/install/lidarslam_msgs/share/lidarslam_msgs/hook/ld_library_path_lib.dsv'
[1.720s] INFO:colcon.colcon_core.shell:Creating environment hook '/home/hazem/ros2_ws/install/lidarslam_msgs/share/lidarslam_msgs/hook/ld_library_path_lib.sh'
[1.721s] Level 1:colcon.colcon_core.environment:checking '/home/hazem/ros2_ws/install/lidarslam_msgs/bin'
[1.721s] Level 1:colcon.colcon_core.environment:checking '/home/hazem/ros2_ws/install/lidarslam_msgs/lib/pkgconfig/lidarslam_msgs.pc'
[1.721s] Level 1:colcon.colcon_core.environment:checking '/home/hazem/ros2_ws/install/lidarslam_msgs/lib/python3.10/site-packages'
[1.721s] Level 1:colcon.colcon_core.environment:checking '/home/hazem/ros2_ws/install/lidarslam_msgs/bin'
[1.733s] INFO:colcon.colcon_core.shell:Creating package script '/home/hazem/ros2_ws/install/lidarslam_msgs/share/lidarslam_msgs/package.ps1'
[1.733s] INFO:colcon.colcon_core.shell:Creating package descriptor '/home/hazem/ros2_ws/install/lidarslam_msgs/share/lidarslam_msgs/package.dsv'
[1.734s] INFO:colcon.colcon_core.shell:Creating package script '/home/hazem/ros2_ws/install/lidarslam_msgs/share/lidarslam_msgs/package.sh'
[1.734s] INFO:colcon.colcon_core.shell:Creating package script '/home/hazem/ros2_ws/install/lidarslam_msgs/share/lidarslam_msgs/package.bash'
[1.734s] INFO:colcon.colcon_core.shell:Creating package script '/home/hazem/ros2_ws/install/lidarslam_msgs/share/lidarslam_msgs/package.zsh'
[1.734s] Level 1:colcon.colcon_core.environment:create_file_with_runtime_dependencies(/home/hazem/ros2_ws/install/lidarslam_msgs/share/colcon-core/packages/lidarslam_msgs)
[1.812s] Level 1:colcon.colcon_core.environment:create_environment_scripts_only(lidarslam_msgs)
[1.824s] Level 1:colcon.colcon_core.environment:checking '/home/hazem/ros2_ws/install/lidarslam_msgs' for CMake module files
[1.824s] Level 1:colcon.colcon_core.environment:checking '/home/hazem/ros2_ws/install/lidarslam_msgs' for CMake config files
[1.825s] Level 1:colcon.colcon_core.shell:create_environment_hook('lidarslam_msgs', 'cmake_prefix_path')
[1.837s] INFO:colcon.colcon_core.shell:Creating environment hook '/home/hazem/ros2_ws/install/lidarslam_msgs/share/lidarslam_msgs/hook/cmake_prefix_path.ps1'
[1.837s] INFO:colcon.colcon_core.shell:Creating environment descriptor '/home/hazem/ros2_ws/install/lidarslam_msgs/share/lidarslam_msgs/hook/cmake_prefix_path.dsv'
[1.837s] INFO:colcon.colcon_core.shell:Creating environment hook '/home/hazem/ros2_ws/install/lidarslam_msgs/share/lidarslam_msgs/hook/cmake_prefix_path.sh'
[1.838s] Level 1:colcon.colcon_core.environment:checking '/home/hazem/ros2_ws/install/lidarslam_msgs/lib'
[1.838s] Level 1:colcon.colcon_core.shell:create_environment_hook('lidarslam_msgs', 'ld_library_path_lib')
[1.850s] INFO:colcon.colcon_core.shell:Creating environment hook '/home/hazem/ros2_ws/install/lidarslam_msgs/share/lidarslam_msgs/hook/ld_library_path_lib.ps1'
[1.850s] INFO:colcon.colcon_core.shell:Creating environment descriptor '/home/hazem/ros2_ws/install/lidarslam_msgs/share/lidarslam_msgs/hook/ld_library_path_lib.dsv'
[1.850s] INFO:colcon.colcon_core.shell:Creating environment hook '/home/hazem/ros2_ws/install/lidarslam_msgs/share/lidarslam_msgs/hook/ld_library_path_lib.sh'
[1.851s] Level 1:colcon.colcon_core.environment:checking '/home/hazem/ros2_ws/install/lidarslam_msgs/bin'
[1.851s] Level 1:colcon.colcon_core.environment:checking '/home/hazem/ros2_ws/install/lidarslam_msgs/lib/pkgconfig/lidarslam_msgs.pc'
[1.851s] Level 1:colcon.colcon_core.environment:checking '/home/hazem/ros2_ws/install/lidarslam_msgs/lib/python3.10/site-packages'
[1.851s] Level 1:colcon.colcon_core.environment:checking '/home/hazem/ros2_ws/install/lidarslam_msgs/bin'
[1.863s] INFO:colcon.colcon_core.shell:Creating package script '/home/hazem/ros2_ws/install/lidarslam_msgs/share/lidarslam_msgs/package.ps1'
[1.864s] INFO:colcon.colcon_core.shell:Creating package descriptor '/home/hazem/ros2_ws/install/lidarslam_msgs/share/lidarslam_msgs/package.dsv'
[1.864s] INFO:colcon.colcon_core.shell:Creating package script '/home/hazem/ros2_ws/install/lidarslam_msgs/share/lidarslam_msgs/package.sh'
[1.864s] INFO:colcon.colcon_core.shell:Creating package script '/home/hazem/ros2_ws/install/lidarslam_msgs/share/lidarslam_msgs/package.bash'
[1.865s] INFO:colcon.colcon_core.shell:Creating package script '/home/hazem/ros2_ws/install/lidarslam_msgs/share/lidarslam_msgs/package.zsh'
[1.865s] Level 1:colcon.colcon_core.environment:create_file_with_runtime_dependencies(/home/hazem/ros2_ws/install/lidarslam_msgs/share/colcon-core/packages/lidarslam_msgs)
[1.865s] INFO:colcon.colcon_ros.task.ament_cmake.build:Building ROS package in '/home/hazem/ros2_ws/src/lidarslam_ros2/graph_based_slam' with build type 'ament_cmake'
[1.865s] INFO:colcon.colcon_cmake.task.cmake.build:Building CMake package in '/home/hazem/ros2_ws/src/lidarslam_ros2/graph_based_slam'
[1.879s] INFO:colcon.colcon_core.shell:Skip shell extension 'powershell' for command environment: Not usable outside of PowerShell
[1.879s] DEBUG:colcon.colcon_core.shell:Skip shell extension 'dsv' for command environment
[1.905s] INFO:colcon.colcon_ros.task.ament_cmake.build:Building ROS package in '/home/hazem/ros2_ws/src/lidarslam_ros2/scanmatcher' with build type 'ament_cmake'
[1.905s] INFO:colcon.colcon_cmake.task.cmake.build:Building CMake package in '/home/hazem/ros2_ws/src/lidarslam_ros2/scanmatcher'
[1.918s] INFO:colcon.colcon_core.shell:Skip shell extension 'powershell' for command environment: Not usable outside of PowerShell
[1.918s] DEBUG:colcon.colcon_core.shell:Skip shell extension 'dsv' for command environment
[1.947s] DEBUG:colcon.colcon_core.event_handler.log_command:Invoking command in '/home/hazem/ros2_ws/build/graph_based_slam': AMENT_PREFIX_PATH=/home/hazem/ros2_ws/install/ndt_omp_ros2:/home/hazem/ros2_ws/install/lidarslam_msgs:${AMENT_PREFIX_PATH} CMAKE_PREFIX_PATH=/home/hazem/ros2_ws/install/ndt_omp_ros2:/home/hazem/ros2_ws/install/lidarslam_msgs:/opt/ros/humble LD_LIBRARY_PATH=/home/hazem/ros2_ws/install/lidarslam_msgs/lib:${LD_LIBRARY_PATH} PATH=/home/hazem/ros2_ws/install/ndt_omp_ros2/bin:${PATH} PYTHONPATH=/home/hazem/ros2_ws/install/lidarslam_msgs/local/lib/python3.10/dist-packages:${PYTHONPATH} /usr/bin/cmake /home/hazem/ros2_ws/src/lidarslam_ros2/graph_based_slam -DCMAKE_BUILD_TYPE=Release -DAMENT_CMAKE_SYMLINK_INSTALL=1 -DCMAKE_INSTALL_PREFIX=/home/hazem/ros2_ws/install/graph_based_slam
[1.952s] DEBUG:colcon.colcon_core.event_handler.log_command:Invoking command in '/home/hazem/ros2_ws/build/scanmatcher': AMENT_PREFIX_PATH=/home/hazem/ros2_ws/install/ndt_omp_ros2:/home/hazem/ros2_ws/install/lidarslam_msgs:${AMENT_PREFIX_PATH} CMAKE_PREFIX_PATH=/home/hazem/ros2_ws/install/ndt_omp_ros2:/home/hazem/ros2_ws/install/lidarslam_msgs:/opt/ros/humble LD_LIBRARY_PATH=/home/hazem/ros2_ws/install/lidarslam_msgs/lib:${LD_LIBRARY_PATH} PATH=/home/hazem/ros2_ws/install/ndt_omp_ros2/bin:${PATH} PYTHONPATH=/home/hazem/ros2_ws/install/lidarslam_msgs/local/lib/python3.10/dist-packages:${PYTHONPATH} /usr/bin/cmake --build /home/hazem/ros2_ws/build/scanmatcher -- -j12 -l12
[4.631s] DEBUG:colcon.colcon_core.event_handler.log_command:Invoked command in '/home/hazem/ros2_ws/build/graph_based_slam' returned '0': AMENT_PREFIX_PATH=/home/hazem/ros2_ws/install/ndt_omp_ros2:/home/hazem/ros2_ws/install/lidarslam_msgs:${AMENT_PREFIX_PATH} CMAKE_PREFIX_PATH=/home/hazem/ros2_ws/install/ndt_omp_ros2:/home/hazem/ros2_ws/install/lidarslam_msgs:/opt/ros/humble LD_LIBRARY_PATH=/home/hazem/ros2_ws/install/lidarslam_msgs/lib:${LD_LIBRARY_PATH} PATH=/home/hazem/ros2_ws/install/ndt_omp_ros2/bin:${PATH} PYTHONPATH=/home/hazem/ros2_ws/install/lidarslam_msgs/local/lib/python3.10/dist-packages:${PYTHONPATH} /usr/bin/cmake /home/hazem/ros2_ws/src/lidarslam_ros2/graph_based_slam -DCMAKE_BUILD_TYPE=Release -DAMENT_CMAKE_SYMLINK_INSTALL=1 -DCMAKE_INSTALL_PREFIX=/home/hazem/ros2_ws/install/graph_based_slam
[4.633s] DEBUG:colcon.colcon_core.event_handler.log_command:Invoking command in '/home/hazem/ros2_ws/build/graph_based_slam': AMENT_PREFIX_PATH=/home/hazem/ros2_ws/install/ndt_omp_ros2:/home/hazem/ros2_ws/install/lidarslam_msgs:${AMENT_PREFIX_PATH} CMAKE_PREFIX_PATH=/home/hazem/ros2_ws/install/ndt_omp_ros2:/home/hazem/ros2_ws/install/lidarslam_msgs:/opt/ros/humble LD_LIBRARY_PATH=/home/hazem/ros2_ws/install/lidarslam_msgs/lib:${LD_LIBRARY_PATH} PATH=/home/hazem/ros2_ws/install/ndt_omp_ros2/bin:${PATH} PYTHONPATH=/home/hazem/ros2_ws/install/lidarslam_msgs/local/lib/python3.10/dist-packages:${PYTHONPATH} /usr/bin/cmake --build /home/hazem/ros2_ws/build/graph_based_slam -- -j12 -l12
[30.908s] DEBUG:colcon.colcon_core.event_handler.log_command:Invoked command in '/home/hazem/ros2_ws/build/graph_based_slam' returned '2': AMENT_PREFIX_PATH=/home/hazem/ros2_ws/install/ndt_omp_ros2:/home/hazem/ros2_ws/install/lidarslam_msgs:${AMENT_PREFIX_PATH} CMAKE_PREFIX_PATH=/home/hazem/ros2_ws/install/ndt_omp_ros2:/home/hazem/ros2_ws/install/lidarslam_msgs:/opt/ros/humble LD_LIBRARY_PATH=/home/hazem/ros2_ws/install/lidarslam_msgs/lib:${LD_LIBRARY_PATH} PATH=/home/hazem/ros2_ws/install/ndt_omp_ros2/bin:${PATH} PYTHONPATH=/home/hazem/ros2_ws/install/lidarslam_msgs/local/lib/python3.10/dist-packages:${PYTHONPATH} /usr/bin/cmake --build /home/hazem/ros2_ws/build/graph_based_slam -- -j12 -l12
[30.945s] Level 1:colcon.colcon_core.environment:create_environment_scripts_only(graph_based_slam)
[30.958s] Level 1:colcon.colcon_core.environment:checking '/home/hazem/ros2_ws/install/graph_based_slam' for CMake module files
[30.958s] Level 1:colcon.colcon_core.environment:checking '/home/hazem/ros2_ws/install/graph_based_slam' for CMake config files
[30.958s] Level 1:colcon.colcon_core.environment:checking '/home/hazem/ros2_ws/install/graph_based_slam/bin'
[30.958s] Level 1:colcon.colcon_core.environment:checking '/home/hazem/ros2_ws/install/graph_based_slam/lib/pkgconfig/graph_based_slam.pc'
[30.959s] Level 1:colcon.colcon_core.environment:checking '/home/hazem/ros2_ws/install/graph_based_slam/lib/python3.10/site-packages'
[30.959s] Level 1:colcon.colcon_core.environment:checking '/home/hazem/ros2_ws/install/graph_based_slam/bin'
[30.971s] INFO:colcon.colcon_core.shell:Creating package script '/home/hazem/ros2_ws/install/graph_based_slam/share/graph_based_slam/package.ps1'
[30.972s] INFO:colcon.colcon_core.shell:Creating package descriptor '/home/hazem/ros2_ws/install/graph_based_slam/share/graph_based_slam/package.dsv'
[30.972s] INFO:colcon.colcon_core.shell:Creating package script '/home/hazem/ros2_ws/install/graph_based_slam/share/graph_based_slam/package.sh'
[30.972s] INFO:colcon.colcon_core.shell:Creating package script '/home/hazem/ros2_ws/install/graph_based_slam/share/graph_based_slam/package.bash'
[30.972s] INFO:colcon.colcon_core.shell:Creating package script '/home/hazem/ros2_ws/install/graph_based_slam/share/graph_based_slam/package.zsh'
[30.973s] Level 1:colcon.colcon_core.environment:create_file_with_runtime_dependencies(/home/hazem/ros2_ws/install/graph_based_slam/share/colcon-core/packages/graph_based_slam)
[80.563s] DEBUG:colcon.colcon_parallel_executor.executor.parallel:closing loop
[80.564s] DEBUG:colcon.colcon_parallel_executor.executor.parallel:loop closed
[80.564s] DEBUG:colcon.colcon_parallel_executor.executor.parallel:run_until_complete finished with '2'
[80.564s] DEBUG:colcon.colcon_core.event_reactor:joining thread
[80.585s] INFO:colcon.colcon_core.plugin_system:Skipping extension 'colcon_notification.desktop_notification.terminal_notifier': Not used on non-Darwin systems
[80.585s] INFO:colcon.colcon_core.plugin_system:Skipping extension 'colcon_notification.desktop_notification.win32': Not used on non-Windows systems
[80.585s] INFO:colcon.colcon_notification.desktop_notification:Sending desktop notification using 'notify2'
[80.595s] DEBUG:colcon.colcon_core.event_reactor:joined thread
[80.608s] INFO:colcon.colcon_core.shell:Creating prefix script '/home/hazem/ros2_ws/install/local_setup.ps1'
[80.608s] INFO:colcon.colcon_core.shell:Creating prefix util module '/home/hazem/ros2_ws/install/_local_setup_util_ps1.py'
[80.609s] INFO:colcon.colcon_core.shell:Creating prefix chain script '/home/hazem/ros2_ws/install/setup.ps1'
[80.623s] INFO:colcon.colcon_core.shell:Creating prefix script '/home/hazem/ros2_ws/install/local_setup.sh'
[80.623s] INFO:colcon.colcon_core.shell:Creating prefix util module '/home/hazem/ros2_ws/install/_local_setup_util_sh.py'
[80.624s] INFO:colcon.colcon_core.shell:Creating prefix chain script '/home/hazem/ros2_ws/install/setup.sh'
[80.636s] INFO:colcon.colcon_core.shell:Creating prefix script '/home/hazem/ros2_ws/install/local_setup.bash'
[80.637s] INFO:colcon.colcon_core.shell:Creating prefix chain script '/home/hazem/ros2_ws/install/setup.bash'
[80.649s] INFO:colcon.colcon_core.shell:Creating prefix script '/home/hazem/ros2_ws/install/local_setup.zsh'
[80.649s] INFO:colcon.colcon_core.shell:Creating prefix chain script '/home/hazem/ros2_ws/install/setup.zsh'
