running egg_info
creating ../build/smoreo/smoreo.egg-info
writing ../build/smoreo/smoreo.egg-info/PKG-INFO
writing dependency_links to ../build/smoreo/smoreo.egg-info/dependency_links.txt
writing entry points to ../build/smoreo/smoreo.egg-info/entry_points.txt
writing requirements to ../build/smoreo/smoreo.egg-info/requires.txt
writing top-level names to ../build/smoreo/smoreo.egg-info/top_level.txt
writing manifest file '../build/smoreo/smoreo.egg-info/SOURCES.txt'
reading manifest file '../build/smoreo/smoreo.egg-info/SOURCES.txt'
writing manifest file '../build/smoreo/smoreo.egg-info/SOURCES.txt'
running build
running build_py
creating /home/mazen/ros2_ws/src/fs-system/perception/build/smoreo/build
creating /home/mazen/ros2_ws/src/fs-system/perception/build/smoreo/build/lib
creating /home/mazen/ros2_ws/src/fs-system/perception/build/smoreo/build/lib/smoreo
copying smoreo/__init__.py -> /home/mazen/ros2_ws/src/fs-system/perception/build/smoreo/build/lib/smoreo
running install
running install_lib
creating /home/mazen/ros2_ws/src/fs-system/perception/install/smoreo/lib/python3.10/site-packages/smoreo
copying /home/mazen/ros2_ws/src/fs-system/perception/build/smoreo/build/lib/smoreo/__init__.py -> /home/mazen/ros2_ws/src/fs-system/perception/install/smoreo/lib/python3.10/site-packages/smoreo
byte-compiling /home/mazen/ros2_ws/src/fs-system/perception/install/smoreo/lib/python3.10/site-packages/smoreo/__init__.py to __init__.cpython-310.pyc
running install_data
creating /home/mazen/ros2_ws/src/fs-system/perception/install/smoreo/share/ament_index
creating /home/mazen/ros2_ws/src/fs-system/perception/install/smoreo/share/ament_index/resource_index
creating /home/mazen/ros2_ws/src/fs-system/perception/install/smoreo/share/ament_index/resource_index/packages
copying resource/smoreo -> /home/mazen/ros2_ws/src/fs-system/perception/install/smoreo/share/ament_index/resource_index/packages
copying package.xml -> /home/mazen/ros2_ws/src/fs-system/perception/install/smoreo/share/smoreo
running install_egg_info
Copying ../build/smoreo/smoreo.egg-info to /home/mazen/ros2_ws/src/fs-system/perception/install/smoreo/lib/python3.10/site-packages/smoreo-0.0.0-py3.10.egg-info
running install_scripts
writing list of installed files to '/home/mazen/ros2_ws/src/fs-system/perception/build/smoreo/install.log'
