[0.736s] Invoking command in '/media/ezzedinayman/Local Disk/FS-System/fs-system/perception/kp_reg': PYTHONPATH=/media/ezzedinayman/Local Disk/FS-System/fs-system/build/kp_reg/prefix_override:/media/ezzedinayman/Local Disk/FS-System/fs-system/install/kp_reg/lib/python3.10/site-packages:${PYTHONPATH} /usr/bin/python3 -W ignore:setup.py install is deprecated setup.py egg_info --egg-base ../../build/kp_reg build --build-base /media/ezzedinayman/Local Disk/FS-System/fs-system/build/kp_reg/build install --record /media/ezzedinayman/Local Disk/FS-System/fs-system/build/kp_reg/install.log --single-version-externally-managed install_data
[1.024s] running egg_info
[1.025s] writing ../../build/kp_reg/kp_reg.egg-info/PKG-INFO
[1.025s] writing dependency_links to ../../build/kp_reg/kp_reg.egg-info/dependency_links.txt
[1.025s] writing entry points to ../../build/kp_reg/kp_reg.egg-info/entry_points.txt
[1.025s] writing requirements to ../../build/kp_reg/kp_reg.egg-info/requires.txt
[1.025s] writing top-level names to ../../build/kp_reg/kp_reg.egg-info/top_level.txt
[1.028s] reading manifest file '../../build/kp_reg/kp_reg.egg-info/SOURCES.txt'
[1.029s] writing manifest file '../../build/kp_reg/kp_reg.egg-info/SOURCES.txt'
[1.029s] running build
[1.029s] running build_py
[1.029s] copying kp_reg/kpr_node.py -> /media/ezzedinayman/Local Disk/FS-System/fs-system/build/kp_reg/build/lib/kp_reg
[1.029s] running install
[1.030s] running install_lib
[1.031s] copying /media/ezzedinayman/Local Disk/FS-System/fs-system/build/kp_reg/build/lib/kp_reg/kpr_node.py -> /media/ezzedinayman/Local Disk/FS-System/fs-system/install/kp_reg/lib/python3.10/site-packages/kp_reg
[1.031s] byte-compiling /media/ezzedinayman/Local Disk/FS-System/fs-system/install/kp_reg/lib/python3.10/site-packages/kp_reg/kpr_node.py to kpr_node.cpython-310.pyc
[1.033s] running install_data
[1.033s] running install_egg_info
[1.035s] removing '/media/ezzedinayman/Local Disk/FS-System/fs-system/install/kp_reg/lib/python3.10/site-packages/kp_reg-0.0.0-py3.10.egg-info' (and everything under it)
[1.035s] Copying ../../build/kp_reg/kp_reg.egg-info to /media/ezzedinayman/Local Disk/FS-System/fs-system/install/kp_reg/lib/python3.10/site-packages/kp_reg-0.0.0-py3.10.egg-info
[1.036s] running install_scripts
[1.054s] Installing kpr_node script to /media/ezzedinayman/Local Disk/FS-System/fs-system/install/kp_reg/lib/kp_reg
[1.054s] writing list of installed files to '/media/ezzedinayman/Local Disk/FS-System/fs-system/build/kp_reg/install.log'
[1.074s] Invoked command in '/media/ezzedinayman/Local Disk/FS-System/fs-system/perception/kp_reg' returned '0': PYTHONPATH=/media/ezzedinayman/Local Disk/FS-System/fs-system/build/kp_reg/prefix_override:/media/ezzedinayman/Local Disk/FS-System/fs-system/install/kp_reg/lib/python3.10/site-packages:${PYTHONPATH} /usr/bin/python3 -W ignore:setup.py install is deprecated setup.py egg_info --egg-base ../../build/kp_reg build --build-base /media/ezzedinayman/Local Disk/FS-System/fs-system/build/kp_reg/build install --record /media/ezzedinayman/Local Disk/FS-System/fs-system/build/kp_reg/install.log --single-version-externally-managed install_data
