-- The C compiler identification is GNU 11.4.0
-- The CXX compiler identification is GNU 11.4.0
-- Detecting C compiler ABI info
-- Detecting C compiler ABI info - done
-- Check for working C compiler: /usr/bin/cc - skipped
-- Detecting C compile features
-- Detecting C compile features - done
-- Detecting CXX compiler ABI info
-- Detecting CXX compiler ABI info - done
-- Check for working CXX compiler: /usr/bin/c++ - skipped
-- Detecting CXX compile features
-- Detecting CXX compile features - done
-- Found ament_cmake: 1.3.9 (/opt/ros/humble/share/ament_cmake/cmake)
-- Found Python3: /usr/bin/python3 (found version "3.10.12") found components: Interpreter 
-- Found ament_lint_auto: 0.12.11 (/opt/ros/humble/share/ament_lint_auto/cmake)
-- Added test 'lint_cmake' to check CMake code style
-- Added test 'xmllint' to check XML markup files
-- Configuring done (0.8s)
-- Generating done (0.0s)
-- Build files have been written to: /media/ezzedinayman/Local Disk/FS-System/fs-system/build/common_params
-- Install configuration: ""
-- Installing: /media/ezzedinayman/Local Disk/FS-System/fs-system/install/common_params/share/ament_index/resource_index/package_run_dependencies/common_params
-- Installing: /media/ezzedinayman/Local Disk/FS-System/fs-system/install/common_params/share/ament_index/resource_index/parent_prefix_path/common_params
-- Installing: /media/ezzedinayman/Local Disk/FS-System/fs-system/install/common_params/share/common_params/environment/ament_prefix_path.sh
-- Installing: /media/ezzedinayman/Local Disk/FS-System/fs-system/install/common_params/share/common_params/environment/ament_prefix_path.dsv
-- Installing: /media/ezzedinayman/Local Disk/FS-System/fs-system/install/common_params/share/common_params/environment/path.sh
-- Installing: /media/ezzedinayman/Local Disk/FS-System/fs-system/install/common_params/share/common_params/environment/path.dsv
-- Installing: /media/ezzedinayman/Local Disk/FS-System/fs-system/install/common_params/share/common_params/local_setup.bash
-- Installing: /media/ezzedinayman/Local Disk/FS-System/fs-system/install/common_params/share/common_params/local_setup.sh
-- Installing: /media/ezzedinayman/Local Disk/FS-System/fs-system/install/common_params/share/common_params/local_setup.zsh
-- Installing: /media/ezzedinayman/Local Disk/FS-System/fs-system/install/common_params/share/common_params/local_setup.dsv
-- Installing: /media/ezzedinayman/Local Disk/FS-System/fs-system/install/common_params/share/common_params/package.dsv
-- Installing: /media/ezzedinayman/Local Disk/FS-System/fs-system/install/common_params/share/ament_index/resource_index/packages/common_params
-- Installing: /media/ezzedinayman/Local Disk/FS-System/fs-system/install/common_params/share/common_params/cmake/common_paramsConfig.cmake
-- Installing: /media/ezzedinayman/Local Disk/FS-System/fs-system/install/common_params/share/common_params/cmake/common_paramsConfig-version.cmake
-- Installing: /media/ezzedinayman/Local Disk/FS-System/fs-system/install/common_params/share/common_params/package.xml
