[0.015s] Invoking command in '/media/ezzedinayman/Local Disk/FS-System/fs-system/build/common_params': CMAKE_PREFIX_PATH=/media/ezzedinayman/Local Disk/ASURT/fs/install/moreo:/home/ezzedinayman/ros2_ws/install/my_robot_controller:/home/ezzedinayman/ros2_ws/install/coppelia:/opt/ros/humble /home/ezzedinayman/.local/bin/cmake /media/ezzedinayman/Local Disk/FS-System/fs-system/dependencies/common_params -DCMAKE_INSTALL_PREFIX=/media/ezzedinayman/Local Disk/FS-System/fs-system/install/common_params
[0.134s] -- The C compiler identification is GNU 11.4.0
[0.223s] -- The CXX compiler identification is GNU 11.4.0
[0.241s] -- Detecting C compiler ABI info
[0.362s] -- Detecting C compiler ABI info - done
[0.381s] -- Check for working C compiler: /usr/bin/cc - skipped
[0.382s] -- Detecting C compile features
[0.383s] -- Detecting C compile features - done
[0.393s] -- Detecting CXX compiler ABI info
[0.466s] -- Detecting CXX compiler ABI info - done
[0.476s] -- Check for working CXX compiler: /usr/bin/c++ - skipped
[0.477s] -- Detecting CXX compile features
[0.478s] -- Detecting CXX compile features - done
[0.487s] -- Found ament_cmake: 1.3.9 (/opt/ros/humble/share/ament_cmake/cmake)
[0.620s] -- Found Python3: /usr/bin/python3 (found version "3.10.12") found components: Interpreter 
[0.722s] -- Found ament_lint_auto: 0.12.11 (/opt/ros/humble/share/ament_lint_auto/cmake)
[0.820s] -- Added test 'lint_cmake' to check CMake code style
[0.822s] -- Added test 'xmllint' to check XML markup files
[0.824s] -- Configuring done (0.8s)
[0.828s] -- Generating done (0.0s)
[0.829s] -- Build files have been written to: /media/ezzedinayman/Local Disk/FS-System/fs-system/build/common_params
[0.840s] Invoked command in '/media/ezzedinayman/Local Disk/FS-System/fs-system/build/common_params' returned '0': CMAKE_PREFIX_PATH=/media/ezzedinayman/Local Disk/ASURT/fs/install/moreo:/home/ezzedinayman/ros2_ws/install/my_robot_controller:/home/ezzedinayman/ros2_ws/install/coppelia:/opt/ros/humble /home/ezzedinayman/.local/bin/cmake /media/ezzedinayman/Local Disk/FS-System/fs-system/dependencies/common_params -DCMAKE_INSTALL_PREFIX=/media/ezzedinayman/Local Disk/FS-System/fs-system/install/common_params
[0.842s] Invoking command in '/media/ezzedinayman/Local Disk/FS-System/fs-system/build/common_params': CMAKE_PREFIX_PATH=/media/ezzedinayman/Local Disk/ASURT/fs/install/moreo:/home/ezzedinayman/ros2_ws/install/my_robot_controller:/home/ezzedinayman/ros2_ws/install/coppelia:/opt/ros/humble /home/ezzedinayman/.local/bin/cmake --build /media/ezzedinayman/Local Disk/FS-System/fs-system/build/common_params -- -j8 -l8
[0.885s] Invoked command in '/media/ezzedinayman/Local Disk/FS-System/fs-system/build/common_params' returned '0': CMAKE_PREFIX_PATH=/media/ezzedinayman/Local Disk/ASURT/fs/install/moreo:/home/ezzedinayman/ros2_ws/install/my_robot_controller:/home/ezzedinayman/ros2_ws/install/coppelia:/opt/ros/humble /home/ezzedinayman/.local/bin/cmake --build /media/ezzedinayman/Local Disk/FS-System/fs-system/build/common_params -- -j8 -l8
[0.958s] Invoking command in '/media/ezzedinayman/Local Disk/FS-System/fs-system/build/common_params': CMAKE_PREFIX_PATH=/media/ezzedinayman/Local Disk/ASURT/fs/install/moreo:/home/ezzedinayman/ros2_ws/install/my_robot_controller:/home/ezzedinayman/ros2_ws/install/coppelia:/opt/ros/humble /home/ezzedinayman/.local/bin/cmake --install /media/ezzedinayman/Local Disk/FS-System/fs-system/build/common_params
[0.982s] -- Install configuration: ""
[0.982s] -- Installing: /media/ezzedinayman/Local Disk/FS-System/fs-system/install/common_params/share/ament_index/resource_index/package_run_dependencies/common_params
[0.982s] -- Installing: /media/ezzedinayman/Local Disk/FS-System/fs-system/install/common_params/share/ament_index/resource_index/parent_prefix_path/common_params
[0.983s] -- Installing: /media/ezzedinayman/Local Disk/FS-System/fs-system/install/common_params/share/common_params/environment/ament_prefix_path.sh
[0.983s] -- Installing: /media/ezzedinayman/Local Disk/FS-System/fs-system/install/common_params/share/common_params/environment/ament_prefix_path.dsv
[0.983s] -- Installing: /media/ezzedinayman/Local Disk/FS-System/fs-system/install/common_params/share/common_params/environment/path.sh
[0.983s] -- Installing: /media/ezzedinayman/Local Disk/FS-System/fs-system/install/common_params/share/common_params/environment/path.dsv
[0.983s] -- Installing: /media/ezzedinayman/Local Disk/FS-System/fs-system/install/common_params/share/common_params/local_setup.bash
[0.983s] -- Installing: /media/ezzedinayman/Local Disk/FS-System/fs-system/install/common_params/share/common_params/local_setup.sh
[0.983s] -- Installing: /media/ezzedinayman/Local Disk/FS-System/fs-system/install/common_params/share/common_params/local_setup.zsh
[0.983s] -- Installing: /media/ezzedinayman/Local Disk/FS-System/fs-system/install/common_params/share/common_params/local_setup.dsv
[0.984s] -- Installing: /media/ezzedinayman/Local Disk/FS-System/fs-system/install/common_params/share/common_params/package.dsv
[0.984s] -- Installing: /media/ezzedinayman/Local Disk/FS-System/fs-system/install/common_params/share/ament_index/resource_index/packages/common_params
[0.984s] -- Installing: /media/ezzedinayman/Local Disk/FS-System/fs-system/install/common_params/share/common_params/cmake/common_paramsConfig.cmake
[0.984s] -- Installing: /media/ezzedinayman/Local Disk/FS-System/fs-system/install/common_params/share/common_params/cmake/common_paramsConfig-version.cmake
[0.984s] -- Installing: /media/ezzedinayman/Local Disk/FS-System/fs-system/install/common_params/share/common_params/package.xml
[0.990s] Invoked command in '/media/ezzedinayman/Local Disk/FS-System/fs-system/build/common_params' returned '0': CMAKE_PREFIX_PATH=/media/ezzedinayman/Local Disk/ASURT/fs/install/moreo:/home/ezzedinayman/ros2_ws/install/my_robot_controller:/home/ezzedinayman/ros2_ws/install/coppelia:/opt/ros/humble /home/ezzedinayman/.local/bin/cmake --install /media/ezzedinayman/Local Disk/FS-System/fs-system/build/common_params
