[0.519s] Invoking command in '/home/mazen/ros2_ws/src/fs-system/perception/yolov8': PYTHONPATH=/home/mazen/ros2_ws/src/fs-system/perception/yolov8/build/yolov8/prefix_override:/home/mazen/ros2_ws/src/fs-system/perception/yolov8/install/yolov8/lib/python3.10/site-packages:${PYTHONPATH} /usr/bin/python3 setup.py egg_info --egg-base build/yolov8 build --build-base /home/mazen/ros2_ws/src/fs-system/perception/yolov8/build/yolov8/build install --record /home/mazen/ros2_ws/src/fs-system/perception/yolov8/build/yolov8/install.log --single-version-externally-managed
[0.694s] running egg_info
[0.694s] creating build/yolov8/yolov8.egg-info
[0.695s] writing build/yolov8/yolov8.egg-info/PKG-INFO
[0.695s] writing dependency_links to build/yolov8/yolov8.egg-info/dependency_links.txt
[0.695s] writing entry points to build/yolov8/yolov8.egg-info/entry_points.txt
[0.695s] writing requirements to build/yolov8/yolov8.egg-info/requires.txt
[0.695s] writing top-level names to build/yolov8/yolov8.egg-info/top_level.txt
[0.695s] writing manifest file 'build/yolov8/yolov8.egg-info/SOURCES.txt'
[0.696s] reading manifest file 'build/yolov8/yolov8.egg-info/SOURCES.txt'
[0.697s] writing manifest file 'build/yolov8/yolov8.egg-info/SOURCES.txt'
[0.697s] running build
[0.697s] running build_py
[0.697s] creating /home/mazen/ros2_ws/src/fs-system/perception/yolov8/build/yolov8/build
[0.697s] creating /home/mazen/ros2_ws/src/fs-system/perception/yolov8/build/yolov8/build/lib
[0.697s] creating /home/mazen/ros2_ws/src/fs-system/perception/yolov8/build/yolov8/build/lib/yolov8
[0.697s] copying yolov8/__init__.py -> /home/mazen/ros2_ws/src/fs-system/perception/yolov8/build/yolov8/build/lib/yolov8
[0.697s] running install
[0.697s] running install_lib
[0.698s] creating /home/mazen/ros2_ws/src/fs-system/perception/yolov8/install/yolov8/lib/python3.10/site-packages/yolov8
[0.698s] copying /home/mazen/ros2_ws/src/fs-system/perception/yolov8/build/yolov8/build/lib/yolov8/__init__.py -> /home/mazen/ros2_ws/src/fs-system/perception/yolov8/install/yolov8/lib/python3.10/site-packages/yolov8
[0.698s] byte-compiling /home/mazen/ros2_ws/src/fs-system/perception/yolov8/install/yolov8/lib/python3.10/site-packages/yolov8/__init__.py to __init__.cpython-310.pyc
[0.698s] running install_data
[0.698s] creating /home/mazen/ros2_ws/src/fs-system/perception/yolov8/install/yolov8/share/ament_index
[0.699s] creating /home/mazen/ros2_ws/src/fs-system/perception/yolov8/install/yolov8/share/ament_index/resource_index
[0.699s] creating /home/mazen/ros2_ws/src/fs-system/perception/yolov8/install/yolov8/share/ament_index/resource_index/packages
[0.699s] copying resource/yolov8 -> /home/mazen/ros2_ws/src/fs-system/perception/yolov8/install/yolov8/share/ament_index/resource_index/packages
[0.699s] copying package.xml -> /home/mazen/ros2_ws/src/fs-system/perception/yolov8/install/yolov8/share/yolov8
[0.699s] running install_egg_info
[0.700s] Copying build/yolov8/yolov8.egg-info to /home/mazen/ros2_ws/src/fs-system/perception/yolov8/install/yolov8/lib/python3.10/site-packages/yolov8-0.0.0-py3.10.egg-info
[0.701s] running install_scripts
[0.714s] Installing yolov8_node script to /home/mazen/ros2_ws/src/fs-system/perception/yolov8/install/yolov8/lib/yolov8
[0.714s] writing list of installed files to '/home/mazen/ros2_ws/src/fs-system/perception/yolov8/build/yolov8/install.log'
[0.729s] Invoked command in '/home/mazen/ros2_ws/src/fs-system/perception/yolov8' returned '0': PYTHONPATH=/home/mazen/ros2_ws/src/fs-system/perception/yolov8/build/yolov8/prefix_override:/home/mazen/ros2_ws/src/fs-system/perception/yolov8/install/yolov8/lib/python3.10/site-packages:${PYTHONPATH} /usr/bin/python3 setup.py egg_info --egg-base build/yolov8 build --build-base /home/mazen/ros2_ws/src/fs-system/perception/yolov8/build/yolov8/build install --record /home/mazen/ros2_ws/src/fs-system/perception/yolov8/build/yolov8/install.log --single-version-externally-managed
