[0.047s] Invoking command in '/home/hazem/ros2_ws/src/build/ndt_omp_ros2': CMAKE_PREFIX_PATH=/opt/ros/humble /usr/bin/cmake /home/hazem/ros2_ws/src/lidarslam_ros2/Thirdparty/ndt_omp_ros2 -DCMAKE_INSTALL_PREFIX=/home/hazem/ros2_ws/src/install/ndt_omp_ros2
[0.094s] -- The C compiler identification is GNU 11.4.0
[0.143s] -- The CXX compiler identification is GNU 11.4.0
[0.149s] -- Detecting C compiler ABI info
[0.209s] -- Detecting C compiler ABI info - done
[0.222s] -- Check for working C compiler: /usr/bin/cc - skipped
[0.223s] -- Detecting C compile features
[0.223s] -- Detecting C compile features - done
[0.228s] -- Detecting CXX compiler ABI info
[0.303s] -- Detecting CXX compiler ABI info - done
[0.310s] -- Check for working CXX compiler: /usr/bin/c++ - skipped
[0.310s] -- Detecting CXX compile features
[0.311s] -- Detecting CXX compile features - done
[0.313s] -- Found ament_cmake: 1.3.7 (/opt/ros/humble/share/ament_cmake/cmake)
[0.459s] -- Found Python3: /usr/bin/python3.10 (found version "3.10.12") found components: Interpreter 
[0.537s] -- Found rclcpp: 16.0.8 (/opt/ros/humble/share/rclcpp/cmake)
[0.572s] -- Found rosidl_generator_c: 3.1.5 (/opt/ros/humble/share/rosidl_generator_c/cmake)
[0.576s] -- Found rosidl_adapter: 3.1.5 (/opt/ros/humble/share/rosidl_adapter/cmake)
[0.583s] -- Found rosidl_generator_cpp: 3.1.5 (/opt/ros/humble/share/rosidl_generator_cpp/cmake)
[0.596s] -- Using all available rosidl_typesupport_c: rosidl_typesupport_fastrtps_c;rosidl_typesupport_introspection_c
[0.613s] -- Using all available rosidl_typesupport_cpp: rosidl_typesupport_fastrtps_cpp;rosidl_typesupport_introspection_cpp
[0.675s] -- Found rmw_implementation_cmake: 6.1.1 (/opt/ros/humble/share/rmw_implementation_cmake/cmake)
[0.677s] -- Found rmw_fastrtps_cpp: 6.2.6 (/opt/ros/humble/share/rmw_fastrtps_cpp/cmake)
[0.759s] -- Found OpenSSL: /usr/lib/x86_64-linux-gnu/libcrypto.so (found version "3.0.2")  
[0.785s] -- Found FastRTPS: /opt/ros/humble/include  
[0.827s] -- Using RMW implementation 'rmw_fastrtps_cpp' as default
[0.835s] -- Looking for pthread.h
[0.900s] -- Looking for pthread.h - found
[0.900s] -- Performing Test CMAKE_HAVE_LIBC_PTHREAD
[0.967s] -- Performing Test CMAKE_HAVE_LIBC_PTHREAD - Success
[0.968s] -- Found Threads: TRUE  
[1.139s] -- Checking for module 'eigen3'
[1.149s] --   Found eigen3, version 3.4.0
[1.179s] -- Found Eigen: /usr/include/eigen3 (Required is at least version "3.1") 
[1.179s] -- Eigen found (include: /usr/include/eigen3, version: 3.4.0)
[1.201s] -- Found Boost: /usr/lib/x86_64-linux-gnu/cmake/Boost-1.74.0/BoostConfig.cmake (found suitable version "1.74.0", minimum required is "1.65.0") found components: system filesystem date_time iostreams serialization 
[1.221s] -- Checking for module 'flann'
[1.232s] --   Found flann, version 1.9.1
[1.263s] -- Found FLANN: /usr/lib/x86_64-linux-gnu/libflann_cpp.so  
[1.263s] -- FLANN found (include: /usr/include, lib: /usr/lib/x86_64-linux-gnu/libflann_cpp.so)
[1.297s] -- Found GLEW: /usr/lib/x86_64-linux-gnu/libGLEW.so  
[1.301s] -- Found OpenGL: /usr/lib/x86_64-linux-gnu/libOpenGL.so  found components: OpenGL GLX 
[1.422s] -- Found MPI_C: /usr/lib/x86_64-linux-gnu/libmpi.so (found version "3.1") 
[1.423s] -- Found MPI: TRUE (found version "3.1") found components: C 
[1.424s] -- Found JsonCpp: /usr/lib/x86_64-linux-gnu/libjsoncpp.so (found suitable version "1.9.5", minimum required is "0.7.0") 
[1.431s] -- Found ZLIB: /usr/lib/x86_64-linux-gnu/libz.so (found version "1.2.11") 
[1.445s] -- Found PNG: /usr/lib/x86_64-linux-gnu/libpng.so (found version "1.6.37") 
[1.454s] -- Found Eigen3: /usr/include/eigen3 (found version "3.4.0") 
[1.527s] -- Found X11: /usr/include   
[1.527s] -- Looking for XOpenDisplay in /usr/lib/x86_64-linux-gnu/libX11.so;/usr/lib/x86_64-linux-gnu/libXext.so
[1.590s] -- Looking for XOpenDisplay in /usr/lib/x86_64-linux-gnu/libX11.so;/usr/lib/x86_64-linux-gnu/libXext.so - found
[1.590s] -- Looking for gethostbyname
[1.649s] -- Looking for gethostbyname - found
[1.650s] -- Looking for connect
[1.710s] -- Looking for connect - found
[1.710s] -- Looking for remove
[1.773s] -- Looking for remove - found
[1.773s] -- Looking for shmat
[1.833s] -- Looking for shmat - found
[1.833s] -- Looking for IceConnectionNumber in ICE
[1.893s] -- Looking for IceConnectionNumber in ICE - found
[1.963s] -- Found EXPAT: /usr/lib/x86_64-linux-gnu/libexpat.so (found version "2.4.7") 
[1.964s] -- Found double-conversion: /usr/lib/x86_64-linux-gnu/libdouble-conversion.so  
[1.967s] -- Found LZ4: /usr/lib/x86_64-linux-gnu/liblz4.so (found version "1.9.3") 
[1.968s] -- Found LZMA: /usr/lib/x86_64-linux-gnu/liblzma.so (found version "5.2.5") 
[1.979s] -- Found JPEG: /usr/lib/x86_64-linux-gnu/libjpeg.so (found version "80") 
[1.984s] -- Found TIFF: /usr/lib/x86_64-linux-gnu/libtiff.so (found version "4.3.0")  
[1.988s] -- Found Freetype: /usr/lib/x86_64-linux-gnu/libfreetype.so (found version "2.11.1") 
[1.993s] -- Found utf8cpp: /usr/include/utf8cpp  
[2.070s] -- Checking for module 'libusb-1.0'
[2.086s] --   Found libusb-1.0, version 1.0.25
[2.128s] -- Found libusb: /usr/lib/x86_64-linux-gnu/libusb-1.0.so  
[2.129s] -- Found OpenNI: /usr/lib/libOpenNI.so;libusb::libusb (found version "1.5.4.0") 
[2.129s] -- OpenNI found (version: 1.5.4.0, include: /usr/include/ni, lib: /usr/lib/libOpenNI.so;libusb::libusb)
[2.194s] -- Found OpenNI2: /usr/lib/x86_64-linux-gnu/libOpenNI2.so;libusb::libusb (found version "2.2.0.33") 
[2.194s] -- OpenNI2 found (version: 2.2.0.33, include: /usr/include/openni2, lib: /usr/lib/x86_64-linux-gnu/libOpenNI2.so;libusb::libusb)
[2.194s] [0m** WARNING ** io features related to pcap will be disabled[0m
[2.398s] -- Eigen found (include: /usr/include/eigen3, version: 3.4.0)
[2.405s] -- OpenNI found (version: 1.5.4.0, include: /usr/include/ni, lib: /usr/lib/libOpenNI.so;libusb::libusb)
[2.412s] -- OpenNI2 found (version: 2.2.0.33, include: /usr/include/openni2, lib: /usr/lib/x86_64-linux-gnu/libOpenNI2.so;libusb::libusb)
[2.617s] -- Found Qhull version 8.0.2
[2.919s] -- OpenNI found (version: 1.5.4.0, include: /usr/include/ni, lib: /usr/lib/libOpenNI.so;libusb::libusb)
[3.198s] -- looking for PCL_COMMON
[3.200s] -- Found PCL_COMMON: /usr/lib/x86_64-linux-gnu/libpcl_common.so  
[3.200s] -- looking for PCL_KDTREE
[3.202s] -- Found PCL_KDTREE: /usr/lib/x86_64-linux-gnu/libpcl_kdtree.so  
[3.202s] -- looking for PCL_OCTREE
[3.203s] -- Found PCL_OCTREE: /usr/lib/x86_64-linux-gnu/libpcl_octree.so  
[3.204s] -- looking for PCL_SEARCH
[3.205s] -- Found PCL_SEARCH: /usr/lib/x86_64-linux-gnu/libpcl_search.so  
[3.205s] -- looking for PCL_SAMPLE_CONSENSUS
[3.207s] -- Found PCL_SAMPLE_CONSENSUS: /usr/lib/x86_64-linux-gnu/libpcl_sample_consensus.so  
[3.207s] -- looking for PCL_FILTERS
[3.209s] -- Found PCL_FILTERS: /usr/lib/x86_64-linux-gnu/libpcl_filters.so  
[3.209s] -- looking for PCL_2D
[3.209s] -- Found PCL_2D: /usr/include/pcl-1.12  
[3.210s] -- looking for PCL_GEOMETRY
[3.210s] -- Found PCL_GEOMETRY: /usr/include/pcl-1.12  
[3.210s] -- looking for PCL_IO
[3.212s] -- Found PCL_IO: /usr/lib/x86_64-linux-gnu/libpcl_io.so  
[3.213s] -- looking for PCL_FEATURES
[3.215s] -- Found PCL_FEATURES: /usr/lib/x86_64-linux-gnu/libpcl_features.so  
[3.215s] -- looking for PCL_ML
[3.217s] -- Found PCL_ML: /usr/lib/x86_64-linux-gnu/libpcl_ml.so  
[3.218s] -- looking for PCL_SEGMENTATION
[3.220s] -- Found PCL_SEGMENTATION: /usr/lib/x86_64-linux-gnu/libpcl_segmentation.so  
[3.220s] -- looking for PCL_VISUALIZATION
[3.222s] -- Found PCL_VISUALIZATION: /usr/lib/x86_64-linux-gnu/libpcl_visualization.so  
[3.222s] -- looking for PCL_SURFACE
[3.224s] -- Found PCL_SURFACE: /usr/lib/x86_64-linux-gnu/libpcl_surface.so  
[3.224s] -- looking for PCL_REGISTRATION
[3.226s] -- Found PCL_REGISTRATION: /usr/lib/x86_64-linux-gnu/libpcl_registration.so  
[3.227s] -- looking for PCL_KEYPOINTS
[3.228s] -- Found PCL_KEYPOINTS: /usr/lib/x86_64-linux-gnu/libpcl_keypoints.so  
[3.229s] -- looking for PCL_TRACKING
[3.230s] -- Found PCL_TRACKING: /usr/lib/x86_64-linux-gnu/libpcl_tracking.so  
[3.231s] -- looking for PCL_RECOGNITION
[3.232s] -- Found PCL_RECOGNITION: /usr/lib/x86_64-linux-gnu/libpcl_recognition.so  
[3.233s] -- looking for PCL_STEREO
[3.235s] -- Found PCL_STEREO: /usr/lib/x86_64-linux-gnu/libpcl_stereo.so  
[3.235s] -- looking for PCL_APPS
[3.237s] -- Found PCL_APPS: /usr/lib/x86_64-linux-gnu/libpcl_apps.so  
[3.238s] -- looking for PCL_IN_HAND_SCANNER
[3.239s] -- Found PCL_IN_HAND_SCANNER: /usr/include/pcl-1.12  
[3.239s] -- looking for PCL_MODELER
[3.240s] -- Found PCL_MODELER: /usr/include/pcl-1.12  
[3.240s] -- looking for PCL_POINT_CLOUD_EDITOR
[3.241s] -- Found PCL_POINT_CLOUD_EDITOR: /usr/include/pcl-1.12  
[3.241s] -- looking for PCL_OUTOFCORE
[3.243s] -- Found PCL_OUTOFCORE: /usr/lib/x86_64-linux-gnu/libpcl_outofcore.so  
[3.243s] -- looking for PCL_PEOPLE
[3.245s] -- Found PCL_PEOPLE: /usr/lib/x86_64-linux-gnu/libpcl_people.so  
[3.247s] -- Found PCL: pcl_common;pcl_kdtree;pcl_octree;pcl_search;pcl_sample_consensus;pcl_filters;pcl_io;pcl_features;pcl_ml;pcl_segmentation;pcl_visualization;pcl_surface;pcl_registration;pcl_keypoints;pcl_tracking;pcl_recognition;pcl_stereo;pcl_apps;pcl_outofcore;pcl_people;Boost::system;Boost::filesystem;Boost::date_time;Boost::iostreams;Boost::serialization;/usr/lib/libOpenNI.so;libusb::libusb;/usr/lib/x86_64-linux-gnu/libOpenNI2.so;libusb::libusb;VTK::ChartsCore;VTK::CommonColor;VTK::CommonComputationalGeometry;VTK::CommonCore;VTK::CommonDataModel;VTK::CommonExecutionModel;VTK::CommonMath;VTK::CommonMisc;VTK::CommonTransforms;VTK::FiltersCore;VTK::FiltersExtraction;VTK::FiltersGeneral;VTK::FiltersGeometry;VTK::FiltersModeling;VTK::FiltersSources;VTK::ImagingCore;VTK::ImagingSources;VTK::InteractionImage;VTK::InteractionStyle;VTK::InteractionWidgets;VTK::IOCore;VTK::IOGeometry;VTK::IOImage;VTK::IOLegacy;VTK::IOPLY;VTK::RenderingAnnotation;VTK::RenderingCore;VTK::RenderingContext2D;VTK::RenderingLOD;VTK::RenderingFreeType;VTK::ViewsCore;VTK::ViewsContext2D;VTK::RenderingOpenGL2;VTK::GUISupportQt;FLANN::FLANN;QHULL::QHULL (Required is at least version "1.12") 
[3.248s] -- PCL_INCLUDE_DIRS:/usr/include/pcl-1.12/usr/include/eigen3/usr/include/usr/include/ni/usr/include/openni2
[3.248s] -- PCL_LIBRARY_DIRS:/usr/lib/x86_64-linux-gnu
[3.248s] -- PCL_DEFINITIONS:-DDISABLE_PCAP
[3.560s] -- Found OpenMP_C: -fopenmp (found version "4.5") 
[3.643s] -- Found OpenMP_CXX: -fopenmp (found version "4.5") 
[3.643s] -- Found OpenMP: TRUE (found version "4.5")  
[3.703s] -- Configuring done
[3.731s] -- Generating done
[3.733s] -- Build files have been written to: /home/hazem/ros2_ws/src/build/ndt_omp_ros2
[3.747s] Invoked command in '/home/hazem/ros2_ws/src/build/ndt_omp_ros2' returned '0': CMAKE_PREFIX_PATH=/opt/ros/humble /usr/bin/cmake /home/hazem/ros2_ws/src/lidarslam_ros2/Thirdparty/ndt_omp_ros2 -DCMAKE_INSTALL_PREFIX=/home/hazem/ros2_ws/src/install/ndt_omp_ros2
[3.749s] Invoking command in '/home/hazem/ros2_ws/src/build/ndt_omp_ros2': CMAKE_PREFIX_PATH=/opt/ros/humble /usr/bin/cmake --build /home/hazem/ros2_ws/src/build/ndt_omp_ros2 -- -j12 -l12
[3.796s] [ 33%] [32mBuilding CXX object CMakeFiles/ndt_omp.dir/src/pclomp/voxel_grid_covariance_omp.cpp.o[0m
[3.796s] [ 33%] [32mBuilding CXX object CMakeFiles/ndt_omp.dir/src/pclomp/ndt_omp.cpp.o[0m
[3.798s] [ 50%] [32mBuilding CXX object CMakeFiles/ndt_omp.dir/src/pclomp/gicp_omp.cpp.o[0m
[17.563s] [ 66%] [32m[1mLinking CXX static library libndt_omp.a[0m
[17.629s] [ 66%] Built target ndt_omp
[17.647s] [ 83%] [32mBuilding CXX object CMakeFiles/align.dir/apps/align.cpp.o[0m
[38.290s] [100%] [32m[1mLinking CXX executable align[0m
[39.066s] [100%] Built target align
[39.076s] Invoked command in '/home/hazem/ros2_ws/src/build/ndt_omp_ros2' returned '0': CMAKE_PREFIX_PATH=/opt/ros/humble /usr/bin/cmake --build /home/hazem/ros2_ws/src/build/ndt_omp_ros2 -- -j12 -l12
[39.107s] Invoking command in '/home/hazem/ros2_ws/src/build/ndt_omp_ros2': CMAKE_PREFIX_PATH=/opt/ros/humble /usr/bin/cmake --install /home/hazem/ros2_ws/src/build/ndt_omp_ros2
[39.113s] -- Install configuration: "RELEASE"
[39.114s] -- Installing: /home/hazem/ros2_ws/src/install/ndt_omp_ros2/lib/ndt_omp_ros2/align
[39.115s] -- Set runtime path of "/home/hazem/ros2_ws/src/install/ndt_omp_ros2/lib/ndt_omp_ros2/align" to ""
[39.115s] -- Installing: /home/hazem/ros2_ws/src/install/ndt_omp_ros2/bin/align
[39.116s] -- Set runtime path of "/home/hazem/ros2_ws/src/install/ndt_omp_ros2/bin/align" to ""
[39.116s] -- Installing: /home/hazem/ros2_ws/src/install/ndt_omp_ros2/include
[39.117s] -- Installing: /home/hazem/ros2_ws/src/install/ndt_omp_ros2/include/pclomp
[39.117s] -- Installing: /home/hazem/ros2_ws/src/install/ndt_omp_ros2/include/pclomp/gicp_omp_impl.hpp
[39.117s] -- Installing: /home/hazem/ros2_ws/src/install/ndt_omp_ros2/include/pclomp/ndt_omp.h
[39.117s] -- Installing: /home/hazem/ros2_ws/src/install/ndt_omp_ros2/include/pclomp/voxel_grid_covariance_omp_impl.hpp
[39.117s] -- Installing: /home/hazem/ros2_ws/src/install/ndt_omp_ros2/include/pclomp/voxel_grid_covariance_omp.h
[39.117s] -- Installing: /home/hazem/ros2_ws/src/install/ndt_omp_ros2/include/pclomp/gicp_omp.h
[39.117s] -- Installing: /home/hazem/ros2_ws/src/install/ndt_omp_ros2/include/pclomp/ndt_omp_impl.hpp
[39.118s] -- Installing: /home/hazem/ros2_ws/src/install/ndt_omp_ros2/share/ament_index/resource_index/package_run_dependencies/ndt_omp_ros2
[39.118s] -- Installing: /home/hazem/ros2_ws/src/install/ndt_omp_ros2/share/ament_index/resource_index/parent_prefix_path/ndt_omp_ros2
[39.118s] -- Installing: /home/hazem/ros2_ws/src/install/ndt_omp_ros2/share/ndt_omp_ros2/environment/ament_prefix_path.sh
[39.118s] -- Installing: /home/hazem/ros2_ws/src/install/ndt_omp_ros2/share/ndt_omp_ros2/environment/ament_prefix_path.dsv
[39.118s] -- Installing: /home/hazem/ros2_ws/src/install/ndt_omp_ros2/share/ndt_omp_ros2/environment/path.sh
[39.119s] -- Installing: /home/hazem/ros2_ws/src/install/ndt_omp_ros2/share/ndt_omp_ros2/environment/path.dsv
[39.119s] -- Installing: /home/hazem/ros2_ws/src/install/ndt_omp_ros2/share/ndt_omp_ros2/local_setup.bash
[39.119s] -- Installing: /home/hazem/ros2_ws/src/install/ndt_omp_ros2/share/ndt_omp_ros2/local_setup.sh
[39.119s] -- Installing: /home/hazem/ros2_ws/src/install/ndt_omp_ros2/share/ndt_omp_ros2/local_setup.zsh
[39.119s] -- Installing: /home/hazem/ros2_ws/src/install/ndt_omp_ros2/share/ndt_omp_ros2/local_setup.dsv
[39.120s] -- Installing: /home/hazem/ros2_ws/src/install/ndt_omp_ros2/share/ndt_omp_ros2/package.dsv
[39.120s] -- Installing: /home/hazem/ros2_ws/src/install/ndt_omp_ros2/share/ament_index/resource_index/packages/ndt_omp_ros2
[39.120s] -- Installing: /home/hazem/ros2_ws/src/install/ndt_omp_ros2/share/ndt_omp_ros2/cmake/ament_cmake_export_dependencies-extras.cmake
[39.120s] -- Installing: /home/hazem/ros2_ws/src/install/ndt_omp_ros2/share/ndt_omp_ros2/cmake/ament_cmake_export_include_directories-extras.cmake
[39.121s] -- Installing: /home/hazem/ros2_ws/src/install/ndt_omp_ros2/share/ndt_omp_ros2/cmake/ndt_omp_ros2Config.cmake
[39.121s] -- Installing: /home/hazem/ros2_ws/src/install/ndt_omp_ros2/share/ndt_omp_ros2/cmake/ndt_omp_ros2Config-version.cmake
[39.121s] -- Installing: /home/hazem/ros2_ws/src/install/ndt_omp_ros2/share/ndt_omp_ros2/package.xml
[39.123s] Invoked command in '/home/hazem/ros2_ws/src/build/ndt_omp_ros2' returned '0': CMAKE_PREFIX_PATH=/opt/ros/humble /usr/bin/cmake --install /home/hazem/ros2_ws/src/build/ndt_omp_ros2
