[1.970s] Invoking command in '/home/mazen/ros2_ws/src/fs-system/perception/smoreo': PYTHONPATH=/home/mazen/ros2_ws/src/fs-system/perception/build/smoreo/prefix_override:/home/mazen/ros2_ws/src/fs-system/perception/install/smoreo/lib/python3.10/site-packages:${PYTHONPATH} /usr/bin/python3 setup.py egg_info --egg-base ../build/smoreo build --build-base /home/mazen/ros2_ws/src/fs-system/perception/build/smoreo/build install --record /home/mazen/ros2_ws/src/fs-system/perception/build/smoreo/install.log --single-version-externally-managed
[2.235s] running egg_info
[2.236s] writing ../build/smoreo/smoreo.egg-info/PKG-INFO
[2.236s] writing dependency_links to ../build/smoreo/smoreo.egg-info/dependency_links.txt
[2.236s] writing entry points to ../build/smoreo/smoreo.egg-info/entry_points.txt
[2.236s] writing requirements to ../build/smoreo/smoreo.egg-info/requires.txt
[2.236s] writing top-level names to ../build/smoreo/smoreo.egg-info/top_level.txt
[2.238s] reading manifest file '../build/smoreo/smoreo.egg-info/SOURCES.txt'
[2.239s] writing manifest file '../build/smoreo/smoreo.egg-info/SOURCES.txt'
[2.239s] running build
[2.239s] running build_py
[2.240s] running install
[2.240s] running install_lib
[2.241s] running install_data
[2.241s] running install_egg_info
[2.243s] removing '/home/mazen/ros2_ws/src/fs-system/perception/install/smoreo/lib/python3.10/site-packages/smoreo-0.0.0-py3.10.egg-info' (and everything under it)
[2.244s] Copying ../build/smoreo/smoreo.egg-info to /home/mazen/ros2_ws/src/fs-system/perception/install/smoreo/lib/python3.10/site-packages/smoreo-0.0.0-py3.10.egg-info
[2.245s] running install_scripts
[2.267s] writing list of installed files to '/home/mazen/ros2_ws/src/fs-system/perception/build/smoreo/install.log'
[2.343s] Invoked command in '/home/mazen/ros2_ws/src/fs-system/perception/smoreo' returned '0': PYTHONPATH=/home/mazen/ros2_ws/src/fs-system/perception/build/smoreo/prefix_override:/home/mazen/ros2_ws/src/fs-system/perception/install/smoreo/lib/python3.10/site-packages:${PYTHONPATH} /usr/bin/python3 setup.py egg_info --egg-base ../build/smoreo build --build-base /home/mazen/ros2_ws/src/fs-system/perception/build/smoreo/build install --record /home/mazen/ros2_ws/src/fs-system/perception/build/smoreo/install.log --single-version-externally-managed
