[2.774s] Invoking command in '/media/ezzedinayman/Local Disk/ASURT/fs/src/fs-system/perception/mrpython_pcl': PYTHONPATH=/media/ezzedinayman/Local Disk/ASURT/fs/src/fs-system/perception/build/mypython_pcl/prefix_override:/media/ezzedinayman/Local Disk/ASURT/fs/src/fs-system/perception/install/mypython_pcl/lib/python3.10/site-packages:${PYTHONPATH} /usr/bin/python3 setup.py egg_info --egg-base ../build/mypython_pcl build --build-base /media/ezzedinayman/Local Disk/ASURT/fs/src/fs-system/perception/build/mypython_pcl/build install --record /media/ezzedinayman/Local Disk/ASURT/fs/src/fs-system/perception/build/mypython_pcl/install.log --single-version-externally-managed
[3.075s] running egg_info
[3.075s] creating ../build/mypython_pcl/mypython_pcl.egg-info
[3.076s] writing ../build/mypython_pcl/mypython_pcl.egg-info/PKG-INFO
[3.076s] writing dependency_links to ../build/mypython_pcl/mypython_pcl.egg-info/dependency_links.txt
[3.076s] writing entry points to ../build/mypython_pcl/mypython_pcl.egg-info/entry_points.txt
[3.077s] writing requirements to ../build/mypython_pcl/mypython_pcl.egg-info/requires.txt
[3.077s] writing top-level names to ../build/mypython_pcl/mypython_pcl.egg-info/top_level.txt
[3.077s] writing manifest file '../build/mypython_pcl/mypython_pcl.egg-info/SOURCES.txt'
[3.080s] reading manifest file '../build/mypython_pcl/mypython_pcl.egg-info/SOURCES.txt'
[3.081s] writing manifest file '../build/mypython_pcl/mypython_pcl.egg-info/SOURCES.txt'
[3.081s] running build
[3.081s] running build_py
[3.082s] creating /media/ezzedinayman/Local Disk/ASURT/fs/src/fs-system/perception/build/mypython_pcl/build
[3.082s] creating /media/ezzedinayman/Local Disk/ASURT/fs/src/fs-system/perception/build/mypython_pcl/build/lib
[3.082s] creating /media/ezzedinayman/Local Disk/ASURT/fs/src/fs-system/perception/build/mypython_pcl/build/lib/mypython_pcl
[3.082s] copying mypython_pcl/__init__.py -> /media/ezzedinayman/Local Disk/ASURT/fs/src/fs-system/perception/build/mypython_pcl/build/lib/mypython_pcl
[3.082s] running install
[3.082s] /usr/lib/python3/dist-packages/setuptools/command/install.py:34: SetuptoolsDeprecationWarning: setup.py install is deprecated. Use build and pip and other standards-based tools.
[3.082s]   warnings.warn(
[3.083s] running install_lib
[3.084s] creating /media/ezzedinayman/Local Disk/ASURT/fs/src/fs-system/perception/install/mypython_pcl/lib/python3.10/site-packages/mypython_pcl
[3.084s] copying /media/ezzedinayman/Local Disk/ASURT/fs/src/fs-system/perception/build/mypython_pcl/build/lib/mypython_pcl/__init__.py -> /media/ezzedinayman/Local Disk/ASURT/fs/src/fs-system/perception/install/mypython_pcl/lib/python3.10/site-packages/mypython_pcl
[3.084s] byte-compiling /media/ezzedinayman/Local Disk/ASURT/fs/src/fs-system/perception/install/mypython_pcl/lib/python3.10/site-packages/mypython_pcl/__init__.py to __init__.cpython-310.pyc
[3.085s] running install_data
[3.086s] running install_egg_info
[3.088s] Copying ../build/mypython_pcl/mypython_pcl.egg-info to /media/ezzedinayman/Local Disk/ASURT/fs/src/fs-system/perception/install/mypython_pcl/lib/python3.10/site-packages/mypython_pcl-0.0.0-py3.10.egg-info
[3.090s] running install_scripts
[3.122s] writing list of installed files to '/media/ezzedinayman/Local Disk/ASURT/fs/src/fs-system/perception/build/mypython_pcl/install.log'
[3.358s] Invoked command in '/media/ezzedinayman/Local Disk/ASURT/fs/src/fs-system/perception/mrpython_pcl' returned '0': PYTHONPATH=/media/ezzedinayman/Local Disk/ASURT/fs/src/fs-system/perception/build/mypython_pcl/prefix_override:/media/ezzedinayman/Local Disk/ASURT/fs/src/fs-system/perception/install/mypython_pcl/lib/python3.10/site-packages:${PYTHONPATH} /usr/bin/python3 setup.py egg_info --egg-base ../build/mypython_pcl build --build-base /media/ezzedinayman/Local Disk/ASURT/fs/src/fs-system/perception/build/mypython_pcl/build install --record /media/ezzedinayman/Local Disk/ASURT/fs/src/fs-system/perception/build/mypython_pcl/install.log --single-version-externally-managed
