[1.566s] Invoking command in '/home/mazen/ros2_ws/src/fs-system/perception/mrpython_pcl': PYTHONPATH=/home/mazen/ros2_ws/src/fs-system/perception/build/mypython_pcl/prefix_override:/home/mazen/ros2_ws/src/fs-system/perception/install/mypython_pcl/lib/python3.10/site-packages:${PYTHONPATH} /usr/bin/python3 setup.py egg_info --egg-base ../build/mypython_pcl build --build-base /home/mazen/ros2_ws/src/fs-system/perception/build/mypython_pcl/build install --record /home/mazen/ros2_ws/src/fs-system/perception/build/mypython_pcl/install.log --single-version-externally-managed
[1.742s] running egg_info
[1.742s] writing ../build/mypython_pcl/mypython_pcl.egg-info/PKG-INFO
[1.743s] writing dependency_links to ../build/mypython_pcl/mypython_pcl.egg-info/dependency_links.txt
[1.743s] writing entry points to ../build/mypython_pcl/mypython_pcl.egg-info/entry_points.txt
[1.743s] writing requirements to ../build/mypython_pcl/mypython_pcl.egg-info/requires.txt
[1.743s] writing top-level names to ../build/mypython_pcl/mypython_pcl.egg-info/top_level.txt
[1.744s] reading manifest file '../build/mypython_pcl/mypython_pcl.egg-info/SOURCES.txt'
[1.744s] writing manifest file '../build/mypython_pcl/mypython_pcl.egg-info/SOURCES.txt'
[1.745s] running build
[1.745s] running build_py
[1.745s] running install
[1.745s] running install_lib
[1.745s] running install_data
[1.746s] running install_egg_info
[1.747s] removing '/home/mazen/ros2_ws/src/fs-system/perception/install/mypython_pcl/lib/python3.10/site-packages/mypython_pcl-0.0.0-py3.10.egg-info' (and everything under it)
[1.747s] Copying ../build/mypython_pcl/mypython_pcl.egg-info to /home/mazen/ros2_ws/src/fs-system/perception/install/mypython_pcl/lib/python3.10/site-packages/mypython_pcl-0.0.0-py3.10.egg-info
[1.748s] running install_scripts
[1.762s] writing list of installed files to '/home/mazen/ros2_ws/src/fs-system/perception/build/mypython_pcl/install.log'
[1.800s] Invoked command in '/home/mazen/ros2_ws/src/fs-system/perception/mrpython_pcl' returned '0': PYTHONPATH=/home/mazen/ros2_ws/src/fs-system/perception/build/mypython_pcl/prefix_override:/home/mazen/ros2_ws/src/fs-system/perception/install/mypython_pcl/lib/python3.10/site-packages:${PYTHONPATH} /usr/bin/python3 setup.py egg_info --egg-base ../build/mypython_pcl build --build-base /home/mazen/ros2_ws/src/fs-system/perception/build/mypython_pcl/build install --record /home/mazen/ros2_ws/src/fs-system/perception/build/mypython_pcl/install.log --single-version-externally-managed
