[0.721s] DEBUG:colcon:Command line arguments: ['/usr/bin/colcon', 'build']
[0.722s] DEBUG:colcon:Parsed command line arguments: Namespace(log_base=None, log_level=None, verb_name='build', build_base='build', install_base='install', merge_install=False, symlink_install=False, test_result_base=None, continue_on_error=False, executor='parallel', parallel_workers=16, event_handlers=None, ignore_user_meta=False, metas=['./colcon.meta'], base_paths=['.'], packages_ignore=None, packages_ignore_regex=None, paths=None, packages_up_to=None, packages_up_to_regex=None, packages_above=None, packages_above_and_dependencies=None, packages_above_depth=None, packages_select_by_dep=None, packages_skip_by_dep=None, packages_skip_up_to=None, packages_select_build_failed=False, packages_skip_build_finished=False, packages_select_test_failures=False, packages_skip_test_passed=False, packages_select=None, packages_skip=None, packages_select_regex=None, packages_skip_regex=None, packages_start=None, packages_end=None, allow_overriding=[], cmake_args=None, cmake_target=None, cmake_target_skip_unavailable=False, cmake_clean_cache=False, cmake_clean_first=False, cmake_force_configure=False, ament_cmake_args=None, catkin_cmake_args=None, catkin_skip_building_tests=False, verb_parser=<colcon_defaults.argument_parser.defaults.DefaultArgumentsDecorator object at 0x7f86d698ee00>, verb_extension=<colcon_core.verb.build.BuildVerb object at 0x7f86d698e920>, main=<bound method BuildVerb.main of <colcon_core.verb.build.BuildVerb object at 0x7f86d698e920>>)
[0.754s] Level 1:colcon.colcon_core.package_discovery:discover_packages(colcon_meta) check parameters
[0.755s] Level 1:colcon.colcon_core.package_discovery:discover_packages(recursive) check parameters
[0.755s] Level 1:colcon.colcon_core.package_discovery:discover_packages(ignore) check parameters
[0.755s] Level 1:colcon.colcon_core.package_discovery:discover_packages(path) check parameters
[0.755s] Level 1:colcon.colcon_core.package_discovery:discover_packages(colcon_meta) discover
[0.755s] Level 1:colcon.colcon_core.package_discovery:discover_packages(recursive) discover
[0.755s] INFO:colcon.colcon_core.package_discovery:Crawling recursively for packages in '/home/mazen/ros2_ws/src/fs-system/perception'
[0.755s] Level 1:colcon.colcon_core.package_identification:_identify(.) by extensions ['ignore', 'ignore_ament_install']
[0.755s] Level 1:colcon.colcon_core.package_identification:_identify(.) by extension 'ignore'
[0.755s] Level 1:colcon.colcon_core.package_identification:_identify(.) by extension 'ignore_ament_install'
[0.755s] Level 1:colcon.colcon_core.package_identification:_identify(.) by extensions ['colcon_pkg']
[0.755s] Level 1:colcon.colcon_core.package_identification:_identify(.) by extension 'colcon_pkg'
[0.755s] Level 1:colcon.colcon_core.package_identification:_identify(.) by extensions ['colcon_meta']
[0.755s] Level 1:colcon.colcon_core.package_identification:_identify(.) by extension 'colcon_meta'
[0.755s] Level 1:colcon.colcon_core.package_identification:_identify(.) by extensions ['ros']
[0.755s] Level 1:colcon.colcon_core.package_identification:_identify(.) by extension 'ros'
[0.763s] Level 1:colcon.colcon_core.package_identification:_identify(.) by extensions ['cmake', 'python']
[0.763s] Level 1:colcon.colcon_core.package_identification:_identify(.) by extension 'cmake'
[0.763s] Level 1:colcon.colcon_core.package_identification:_identify(.) by extension 'python'
[0.763s] Level 1:colcon.colcon_core.package_identification:_identify(.) by extensions ['python_setup_py']
[0.763s] Level 1:colcon.colcon_core.package_identification:_identify(.) by extension 'python_setup_py'
[0.763s] Level 1:colcon.colcon_core.package_identification:_identify(build) by extensions ['ignore', 'ignore_ament_install']
[0.763s] Level 1:colcon.colcon_core.package_identification:_identify(build) by extension 'ignore'
[0.763s] Level 1:colcon.colcon_core.package_identification:_identify(build) ignored
[0.763s] Level 1:colcon.colcon_core.package_identification:_identify(camera_interface) by extensions ['ignore', 'ignore_ament_install']
[0.763s] Level 1:colcon.colcon_core.package_identification:_identify(camera_interface) by extension 'ignore'
[0.763s] Level 1:colcon.colcon_core.package_identification:_identify(camera_interface) by extension 'ignore_ament_install'
[0.763s] Level 1:colcon.colcon_core.package_identification:_identify(camera_interface) by extensions ['colcon_pkg']
[0.763s] Level 1:colcon.colcon_core.package_identification:_identify(camera_interface) by extension 'colcon_pkg'
[0.763s] Level 1:colcon.colcon_core.package_identification:_identify(camera_interface) by extensions ['colcon_meta']
[0.763s] Level 1:colcon.colcon_core.package_identification:_identify(camera_interface) by extension 'colcon_meta'
[0.763s] Level 1:colcon.colcon_core.package_identification:_identify(camera_interface) by extensions ['ros']
[0.763s] Level 1:colcon.colcon_core.package_identification:_identify(camera_interface) by extension 'ros'
[0.765s] DEBUG:colcon.colcon_core.package_identification:Package 'camera_interface' with type 'ros.ament_python' and name 'camera_interface'
[0.765s] Level 1:colcon.colcon_core.package_identification:_identify(install) by extensions ['ignore', 'ignore_ament_install']
[0.765s] Level 1:colcon.colcon_core.package_identification:_identify(install) by extension 'ignore'
[0.765s] Level 1:colcon.colcon_core.package_identification:_identify(install) ignored
[0.765s] Level 1:colcon.colcon_core.package_identification:_identify(log) by extensions ['ignore', 'ignore_ament_install']
[0.765s] Level 1:colcon.colcon_core.package_identification:_identify(log) by extension 'ignore'
[0.765s] Level 1:colcon.colcon_core.package_identification:_identify(log) ignored
[0.765s] Level 1:colcon.colcon_core.package_identification:_identify(moreo) by extensions ['ignore', 'ignore_ament_install']
[0.765s] Level 1:colcon.colcon_core.package_identification:_identify(moreo) by extension 'ignore'
[0.765s] Level 1:colcon.colcon_core.package_identification:_identify(moreo) by extension 'ignore_ament_install'
[0.765s] Level 1:colcon.colcon_core.package_identification:_identify(moreo) by extensions ['colcon_pkg']
[0.765s] Level 1:colcon.colcon_core.package_identification:_identify(moreo) by extension 'colcon_pkg'
[0.765s] Level 1:colcon.colcon_core.package_identification:_identify(moreo) by extensions ['colcon_meta']
[0.765s] Level 1:colcon.colcon_core.package_identification:_identify(moreo) by extension 'colcon_meta'
[0.766s] Level 1:colcon.colcon_core.package_identification:_identify(moreo) by extensions ['ros']
[0.766s] Level 1:colcon.colcon_core.package_identification:_identify(moreo) by extension 'ros'
[0.766s] DEBUG:colcon.colcon_core.package_identification:Package 'moreo' with type 'ros.ament_python' and name 'moreo'
[0.766s] Level 1:colcon.colcon_core.package_identification:_identify(mrpython_pcl) by extensions ['ignore', 'ignore_ament_install']
[0.766s] Level 1:colcon.colcon_core.package_identification:_identify(mrpython_pcl) by extension 'ignore'
[0.766s] Level 1:colcon.colcon_core.package_identification:_identify(mrpython_pcl) by extension 'ignore_ament_install'
[0.766s] Level 1:colcon.colcon_core.package_identification:_identify(mrpython_pcl) by extensions ['colcon_pkg']
[0.766s] Level 1:colcon.colcon_core.package_identification:_identify(mrpython_pcl) by extension 'colcon_pkg'
[0.766s] Level 1:colcon.colcon_core.package_identification:_identify(mrpython_pcl) by extensions ['colcon_meta']
[0.766s] Level 1:colcon.colcon_core.package_identification:_identify(mrpython_pcl) by extension 'colcon_meta'
[0.766s] Level 1:colcon.colcon_core.package_identification:_identify(mrpython_pcl) by extensions ['ros']
[0.766s] Level 1:colcon.colcon_core.package_identification:_identify(mrpython_pcl) by extension 'ros'
[0.767s] DEBUG:colcon.colcon_core.package_identification:Package 'mrpython_pcl' with type 'ros.ament_python' and name 'mypython_pcl'
[0.767s] Level 1:colcon.colcon_core.package_identification:_identify(smoreo) by extensions ['ignore', 'ignore_ament_install']
[0.767s] Level 1:colcon.colcon_core.package_identification:_identify(smoreo) by extension 'ignore'
[0.767s] Level 1:colcon.colcon_core.package_identification:_identify(smoreo) by extension 'ignore_ament_install'
[0.767s] Level 1:colcon.colcon_core.package_identification:_identify(smoreo) by extensions ['colcon_pkg']
[0.767s] Level 1:colcon.colcon_core.package_identification:_identify(smoreo) by extension 'colcon_pkg'
[0.767s] Level 1:colcon.colcon_core.package_identification:_identify(smoreo) by extensions ['colcon_meta']
[0.767s] Level 1:colcon.colcon_core.package_identification:_identify(smoreo) by extension 'colcon_meta'
[0.767s] Level 1:colcon.colcon_core.package_identification:_identify(smoreo) by extensions ['ros']
[0.767s] Level 1:colcon.colcon_core.package_identification:_identify(smoreo) by extension 'ros'
[0.767s] DEBUG:colcon.colcon_core.package_identification:Package 'smoreo' with type 'ros.ament_python' and name 'smoreo'
[0.767s] Level 1:colcon.colcon_core.package_identification:_identify(yolov8) by extensions ['ignore', 'ignore_ament_install']
[0.767s] Level 1:colcon.colcon_core.package_identification:_identify(yolov8) by extension 'ignore'
[0.767s] Level 1:colcon.colcon_core.package_identification:_identify(yolov8) by extension 'ignore_ament_install'
[0.767s] Level 1:colcon.colcon_core.package_identification:_identify(yolov8) by extensions ['colcon_pkg']
[0.768s] Level 1:colcon.colcon_core.package_identification:_identify(yolov8) by extension 'colcon_pkg'
[0.768s] Level 1:colcon.colcon_core.package_identification:_identify(yolov8) by extensions ['colcon_meta']
[0.768s] Level 1:colcon.colcon_core.package_identification:_identify(yolov8) by extension 'colcon_meta'
[0.768s] Level 1:colcon.colcon_core.package_identification:_identify(yolov8) by extensions ['ros']
[0.768s] Level 1:colcon.colcon_core.package_identification:_identify(yolov8) by extension 'ros'
[0.768s] DEBUG:colcon.colcon_core.package_identification:Package 'yolov8' with type 'ros.ament_python' and name 'yolov8'
[0.768s] Level 1:colcon.colcon_core.package_discovery:discover_packages(recursive) using defaults
[0.768s] Level 1:colcon.colcon_core.package_discovery:discover_packages(ignore) discover
[0.768s] Level 1:colcon.colcon_core.package_discovery:discover_packages(ignore) using defaults
[0.768s] Level 1:colcon.colcon_core.package_discovery:discover_packages(path) discover
[0.768s] Level 1:colcon.colcon_core.package_discovery:discover_packages(path) using defaults
[0.834s] Level 1:colcon.colcon_core.package_discovery:discover_packages(prefix_path) check parameters
[0.834s] Level 1:colcon.colcon_core.package_discovery:discover_packages(prefix_path) discover
[0.856s] DEBUG:colcon.colcon_installed_package_information.package_discovery:Found 1 installed packages in /home/mazen/ros2_ws/src/fs-system/perception/yolov8/install
[0.866s] DEBUG:colcon.colcon_installed_package_information.package_discovery:Found 8 installed packages in /home/mazen/ros2_ws/install
[0.878s] DEBUG:colcon.colcon_installed_package_information.package_discovery:Found 270 installed packages in /opt/ros/humble
[0.878s] Level 1:colcon.colcon_core.package_discovery:discover_packages(prefix_path) using defaults
[0.949s] Level 5:colcon.colcon_core.verb:set package 'camera_interface' build argument 'cmake_args' from command line to 'None'
[0.949s] Level 5:colcon.colcon_core.verb:set package 'camera_interface' build argument 'cmake_target' from command line to 'None'
[0.949s] Level 5:colcon.colcon_core.verb:set package 'camera_interface' build argument 'cmake_target_skip_unavailable' from command line to 'False'
[0.949s] Level 5:colcon.colcon_core.verb:set package 'camera_interface' build argument 'cmake_clean_cache' from command line to 'False'
[0.949s] Level 5:colcon.colcon_core.verb:set package 'camera_interface' build argument 'cmake_clean_first' from command line to 'False'
[0.949s] Level 5:colcon.colcon_core.verb:set package 'camera_interface' build argument 'cmake_force_configure' from command line to 'False'
[0.949s] Level 5:colcon.colcon_core.verb:set package 'camera_interface' build argument 'ament_cmake_args' from command line to 'None'
[0.949s] Level 5:colcon.colcon_core.verb:set package 'camera_interface' build argument 'catkin_cmake_args' from command line to 'None'
[0.949s] Level 5:colcon.colcon_core.verb:set package 'camera_interface' build argument 'catkin_skip_building_tests' from command line to 'False'
[0.949s] DEBUG:colcon.colcon_core.verb:Building package 'camera_interface' with the following arguments: {'ament_cmake_args': None, 'build_base': '/home/mazen/ros2_ws/src/fs-system/perception/build/camera_interface', 'catkin_cmake_args': None, 'catkin_skip_building_tests': False, 'cmake_args': None, 'cmake_clean_cache': False, 'cmake_clean_first': False, 'cmake_force_configure': False, 'cmake_target': None, 'cmake_target_skip_unavailable': False, 'install_base': '/home/mazen/ros2_ws/src/fs-system/perception/install/camera_interface', 'merge_install': False, 'path': '/home/mazen/ros2_ws/src/fs-system/perception/camera_interface', 'symlink_install': False, 'test_result_base': None}
[0.959s] Level 5:colcon.colcon_core.verb:set package 'moreo' build argument 'cmake_args' from command line to 'None'
[0.959s] Level 5:colcon.colcon_core.verb:set package 'moreo' build argument 'cmake_target' from command line to 'None'
[0.959s] Level 5:colcon.colcon_core.verb:set package 'moreo' build argument 'cmake_target_skip_unavailable' from command line to 'False'
[0.959s] Level 5:colcon.colcon_core.verb:set package 'moreo' build argument 'cmake_clean_cache' from command line to 'False'
[0.959s] Level 5:colcon.colcon_core.verb:set package 'moreo' build argument 'cmake_clean_first' from command line to 'False'
[0.959s] Level 5:colcon.colcon_core.verb:set package 'moreo' build argument 'cmake_force_configure' from command line to 'False'
[0.959s] Level 5:colcon.colcon_core.verb:set package 'moreo' build argument 'ament_cmake_args' from command line to 'None'
[0.959s] Level 5:colcon.colcon_core.verb:set package 'moreo' build argument 'catkin_cmake_args' from command line to 'None'
[0.959s] Level 5:colcon.colcon_core.verb:set package 'moreo' build argument 'catkin_skip_building_tests' from command line to 'False'
[0.959s] DEBUG:colcon.colcon_core.verb:Building package 'moreo' with the following arguments: {'ament_cmake_args': None, 'build_base': '/home/mazen/ros2_ws/src/fs-system/perception/build/moreo', 'catkin_cmake_args': None, 'catkin_skip_building_tests': False, 'cmake_args': None, 'cmake_clean_cache': False, 'cmake_clean_first': False, 'cmake_force_configure': False, 'cmake_target': None, 'cmake_target_skip_unavailable': False, 'install_base': '/home/mazen/ros2_ws/src/fs-system/perception/install/moreo', 'merge_install': False, 'path': '/home/mazen/ros2_ws/src/fs-system/perception/moreo', 'symlink_install': False, 'test_result_base': None}
[0.970s] Level 5:colcon.colcon_core.verb:set package 'mypython_pcl' build argument 'cmake_args' from command line to 'None'
[0.970s] Level 5:colcon.colcon_core.verb:set package 'mypython_pcl' build argument 'cmake_target' from command line to 'None'
[0.970s] Level 5:colcon.colcon_core.verb:set package 'mypython_pcl' build argument 'cmake_target_skip_unavailable' from command line to 'False'
[0.970s] Level 5:colcon.colcon_core.verb:set package 'mypython_pcl' build argument 'cmake_clean_cache' from command line to 'False'
[0.970s] Level 5:colcon.colcon_core.verb:set package 'mypython_pcl' build argument 'cmake_clean_first' from command line to 'False'
[0.970s] Level 5:colcon.colcon_core.verb:set package 'mypython_pcl' build argument 'cmake_force_configure' from command line to 'False'
[0.970s] Level 5:colcon.colcon_core.verb:set package 'mypython_pcl' build argument 'ament_cmake_args' from command line to 'None'
[0.970s] Level 5:colcon.colcon_core.verb:set package 'mypython_pcl' build argument 'catkin_cmake_args' from command line to 'None'
[0.970s] Level 5:colcon.colcon_core.verb:set package 'mypython_pcl' build argument 'catkin_skip_building_tests' from command line to 'False'
[0.970s] DEBUG:colcon.colcon_core.verb:Building package 'mypython_pcl' with the following arguments: {'ament_cmake_args': None, 'build_base': '/home/mazen/ros2_ws/src/fs-system/perception/build/mypython_pcl', 'catkin_cmake_args': None, 'catkin_skip_building_tests': False, 'cmake_args': None, 'cmake_clean_cache': False, 'cmake_clean_first': False, 'cmake_force_configure': False, 'cmake_target': None, 'cmake_target_skip_unavailable': False, 'install_base': '/home/mazen/ros2_ws/src/fs-system/perception/install/mypython_pcl', 'merge_install': False, 'path': '/home/mazen/ros2_ws/src/fs-system/perception/mrpython_pcl', 'symlink_install': False, 'test_result_base': None}
[0.980s] Level 5:colcon.colcon_core.verb:set package 'smoreo' build argument 'cmake_args' from command line to 'None'
[0.980s] Level 5:colcon.colcon_core.verb:set package 'smoreo' build argument 'cmake_target' from command line to 'None'
[0.980s] Level 5:colcon.colcon_core.verb:set package 'smoreo' build argument 'cmake_target_skip_unavailable' from command line to 'False'
[0.980s] Level 5:colcon.colcon_core.verb:set package 'smoreo' build argument 'cmake_clean_cache' from command line to 'False'
[0.980s] Level 5:colcon.colcon_core.verb:set package 'smoreo' build argument 'cmake_clean_first' from command line to 'False'
[0.980s] Level 5:colcon.colcon_core.verb:set package 'smoreo' build argument 'cmake_force_configure' from command line to 'False'
[0.980s] Level 5:colcon.colcon_core.verb:set package 'smoreo' build argument 'ament_cmake_args' from command line to 'None'
[0.980s] Level 5:colcon.colcon_core.verb:set package 'smoreo' build argument 'catkin_cmake_args' from command line to 'None'
[0.980s] Level 5:colcon.colcon_core.verb:set package 'smoreo' build argument 'catkin_skip_building_tests' from command line to 'False'
[0.980s] DEBUG:colcon.colcon_core.verb:Building package 'smoreo' with the following arguments: {'ament_cmake_args': None, 'build_base': '/home/mazen/ros2_ws/src/fs-system/perception/build/smoreo', 'catkin_cmake_args': None, 'catkin_skip_building_tests': False, 'cmake_args': None, 'cmake_clean_cache': False, 'cmake_clean_first': False, 'cmake_force_configure': False, 'cmake_target': None, 'cmake_target_skip_unavailable': False, 'install_base': '/home/mazen/ros2_ws/src/fs-system/perception/install/smoreo', 'merge_install': False, 'path': '/home/mazen/ros2_ws/src/fs-system/perception/smoreo', 'symlink_install': False, 'test_result_base': None}
[0.991s] Level 5:colcon.colcon_core.verb:set package 'yolov8' build argument 'cmake_args' from command line to 'None'
[0.991s] Level 5:colcon.colcon_core.verb:set package 'yolov8' build argument 'cmake_target' from command line to 'None'
[0.991s] Level 5:colcon.colcon_core.verb:set package 'yolov8' build argument 'cmake_target_skip_unavailable' from command line to 'False'
[0.991s] Level 5:colcon.colcon_core.verb:set package 'yolov8' build argument 'cmake_clean_cache' from command line to 'False'
[0.991s] Level 5:colcon.colcon_core.verb:set package 'yolov8' build argument 'cmake_clean_first' from command line to 'False'
[0.991s] Level 5:colcon.colcon_core.verb:set package 'yolov8' build argument 'cmake_force_configure' from command line to 'False'
[0.991s] Level 5:colcon.colcon_core.verb:set package 'yolov8' build argument 'ament_cmake_args' from command line to 'None'
[0.991s] Level 5:colcon.colcon_core.verb:set package 'yolov8' build argument 'catkin_cmake_args' from command line to 'None'
[0.991s] Level 5:colcon.colcon_core.verb:set package 'yolov8' build argument 'catkin_skip_building_tests' from command line to 'False'
[0.991s] DEBUG:colcon.colcon_core.verb:Building package 'yolov8' with the following arguments: {'ament_cmake_args': None, 'build_base': '/home/mazen/ros2_ws/src/fs-system/perception/build/yolov8', 'catkin_cmake_args': None, 'catkin_skip_building_tests': False, 'cmake_args': None, 'cmake_clean_cache': False, 'cmake_clean_first': False, 'cmake_force_configure': False, 'cmake_target': None, 'cmake_target_skip_unavailable': False, 'install_base': '/home/mazen/ros2_ws/src/fs-system/perception/install/yolov8', 'merge_install': False, 'path': '/home/mazen/ros2_ws/src/fs-system/perception/yolov8', 'symlink_install': False, 'test_result_base': None}
[1.001s] INFO:colcon.colcon_core.executor:Executing jobs using 'parallel' executor
[1.012s] DEBUG:colcon.colcon_parallel_executor.executor.parallel:run_until_complete
[1.012s] INFO:colcon.colcon_ros.task.ament_python.build:Building ROS package in '/home/mazen/ros2_ws/src/fs-system/perception/camera_interface' with build type 'ament_python'
[1.012s] Level 1:colcon.colcon_core.shell:create_environment_hook('camera_interface', 'ament_prefix_path')
[1.023s] INFO:colcon.colcon_core.plugin_system:Skipping extension 'colcon_core.shell.bat': Not used on non-Windows systems
[1.023s] INFO:colcon.colcon_core.shell:Creating environment hook '/home/mazen/ros2_ws/src/fs-system/perception/install/camera_interface/share/camera_interface/hook/ament_prefix_path.ps1'
[1.024s] INFO:colcon.colcon_core.shell:Creating environment descriptor '/home/mazen/ros2_ws/src/fs-system/perception/install/camera_interface/share/camera_interface/hook/ament_prefix_path.dsv'
[1.024s] INFO:colcon.colcon_core.shell:Creating environment hook '/home/mazen/ros2_ws/src/fs-system/perception/install/camera_interface/share/camera_interface/hook/ament_prefix_path.sh'
[1.035s] INFO:colcon.colcon_core.shell:Skip shell extension 'powershell' for command environment: Not usable outside of PowerShell
[1.035s] DEBUG:colcon.colcon_core.shell:Skip shell extension 'dsv' for command environment
[1.078s] INFO:colcon.colcon_ros.task.ament_python.build:Building ROS package in '/home/mazen/ros2_ws/src/fs-system/perception/moreo' with build type 'ament_python'
[1.078s] Level 1:colcon.colcon_core.shell:create_environment_hook('moreo', 'ament_prefix_path')
[1.088s] INFO:colcon.colcon_core.shell:Creating environment hook '/home/mazen/ros2_ws/src/fs-system/perception/install/moreo/share/moreo/hook/ament_prefix_path.ps1'
[1.089s] INFO:colcon.colcon_core.shell:Creating environment descriptor '/home/mazen/ros2_ws/src/fs-system/perception/install/moreo/share/moreo/hook/ament_prefix_path.dsv'
[1.089s] INFO:colcon.colcon_core.shell:Creating environment hook '/home/mazen/ros2_ws/src/fs-system/perception/install/moreo/share/moreo/hook/ament_prefix_path.sh'
[1.099s] INFO:colcon.colcon_core.shell:Skip shell extension 'powershell' for command environment: Not usable outside of PowerShell
[1.099s] DEBUG:colcon.colcon_core.shell:Skip shell extension 'dsv' for command environment
[1.142s] INFO:colcon.colcon_ros.task.ament_python.build:Building ROS package in '/home/mazen/ros2_ws/src/fs-system/perception/mrpython_pcl' with build type 'ament_python'
[1.142s] Level 1:colcon.colcon_core.shell:create_environment_hook('mypython_pcl', 'ament_prefix_path')
[1.153s] INFO:colcon.colcon_core.shell:Creating environment hook '/home/mazen/ros2_ws/src/fs-system/perception/install/mypython_pcl/share/mypython_pcl/hook/ament_prefix_path.ps1'
[1.153s] INFO:colcon.colcon_core.shell:Creating environment descriptor '/home/mazen/ros2_ws/src/fs-system/perception/install/mypython_pcl/share/mypython_pcl/hook/ament_prefix_path.dsv'
[1.153s] INFO:colcon.colcon_core.shell:Creating environment hook '/home/mazen/ros2_ws/src/fs-system/perception/install/mypython_pcl/share/mypython_pcl/hook/ament_prefix_path.sh'
[1.164s] INFO:colcon.colcon_core.shell:Skip shell extension 'powershell' for command environment: Not usable outside of PowerShell
[1.164s] DEBUG:colcon.colcon_core.shell:Skip shell extension 'dsv' for command environment
[1.207s] INFO:colcon.colcon_ros.task.ament_python.build:Building ROS package in '/home/mazen/ros2_ws/src/fs-system/perception/smoreo' with build type 'ament_python'
[1.207s] Level 1:colcon.colcon_core.shell:create_environment_hook('smoreo', 'ament_prefix_path')
[1.217s] INFO:colcon.colcon_core.shell:Creating environment hook '/home/mazen/ros2_ws/src/fs-system/perception/install/smoreo/share/smoreo/hook/ament_prefix_path.ps1'
[1.218s] INFO:colcon.colcon_core.shell:Creating environment descriptor '/home/mazen/ros2_ws/src/fs-system/perception/install/smoreo/share/smoreo/hook/ament_prefix_path.dsv'
[1.218s] INFO:colcon.colcon_core.shell:Creating environment hook '/home/mazen/ros2_ws/src/fs-system/perception/install/smoreo/share/smoreo/hook/ament_prefix_path.sh'
[1.228s] INFO:colcon.colcon_core.shell:Skip shell extension 'powershell' for command environment: Not usable outside of PowerShell
[1.228s] DEBUG:colcon.colcon_core.shell:Skip shell extension 'dsv' for command environment
[1.271s] INFO:colcon.colcon_ros.task.ament_python.build:Building ROS package in '/home/mazen/ros2_ws/src/fs-system/perception/yolov8' with build type 'ament_python'
[1.271s] Level 1:colcon.colcon_core.shell:create_environment_hook('yolov8', 'ament_prefix_path')
[1.282s] INFO:colcon.colcon_core.shell:Creating environment hook '/home/mazen/ros2_ws/src/fs-system/perception/install/yolov8/share/yolov8/hook/ament_prefix_path.ps1'
[1.282s] INFO:colcon.colcon_core.shell:Creating environment descriptor '/home/mazen/ros2_ws/src/fs-system/perception/install/yolov8/share/yolov8/hook/ament_prefix_path.dsv'
[1.282s] INFO:colcon.colcon_core.shell:Creating environment hook '/home/mazen/ros2_ws/src/fs-system/perception/install/yolov8/share/yolov8/hook/ament_prefix_path.sh'
[1.293s] INFO:colcon.colcon_core.shell:Skip shell extension 'powershell' for command environment: Not usable outside of PowerShell
[1.293s] DEBUG:colcon.colcon_core.shell:Skip shell extension 'dsv' for command environment
[1.521s] INFO:colcon.colcon_core.task.python.build:Building Python package in '/home/mazen/ros2_ws/src/fs-system/perception/camera_interface'
[1.532s] INFO:colcon.colcon_core.shell:Skip shell extension 'powershell' for command environment: Not usable outside of PowerShell
[1.532s] DEBUG:colcon.colcon_core.shell:Skip shell extension 'dsv' for command environment
[1.760s] INFO:colcon.colcon_core.task.python.build:Building Python package in '/home/mazen/ros2_ws/src/fs-system/perception/moreo'
[1.771s] INFO:colcon.colcon_core.shell:Skip shell extension 'powershell' for command environment: Not usable outside of PowerShell
[1.771s] DEBUG:colcon.colcon_core.shell:Skip shell extension 'dsv' for command environment
[1.999s] INFO:colcon.colcon_core.task.python.build:Building Python package in '/home/mazen/ros2_ws/src/fs-system/perception/mrpython_pcl'
[2.010s] INFO:colcon.colcon_core.shell:Skip shell extension 'powershell' for command environment: Not usable outside of PowerShell
[2.010s] DEBUG:colcon.colcon_core.shell:Skip shell extension 'dsv' for command environment
[2.238s] INFO:colcon.colcon_core.task.python.build:Building Python package in '/home/mazen/ros2_ws/src/fs-system/perception/smoreo'
[2.249s] INFO:colcon.colcon_core.shell:Skip shell extension 'powershell' for command environment: Not usable outside of PowerShell
[2.249s] DEBUG:colcon.colcon_core.shell:Skip shell extension 'dsv' for command environment
[2.478s] INFO:colcon.colcon_core.task.python.build:Building Python package in '/home/mazen/ros2_ws/src/fs-system/perception/yolov8'
[2.489s] INFO:colcon.colcon_core.shell:Skip shell extension 'powershell' for command environment: Not usable outside of PowerShell
[2.489s] DEBUG:colcon.colcon_core.shell:Skip shell extension 'dsv' for command environment
[2.812s] DEBUG:colcon.colcon_core.event_handler.log_command:Invoking command in '/home/mazen/ros2_ws/src/fs-system/perception/build/smoreo': PYTHONPATH=/home/mazen/ros2_ws/src/fs-system/perception/build/smoreo/prefix_override:/home/mazen/ros2_ws/src/fs-system/perception/install/smoreo/lib/python3.10/site-packages:${PYTHONPATH} /usr/bin/python3 setup.py develop --uninstall --editable --build-directory /home/mazen/ros2_ws/src/fs-system/perception/build/smoreo/build
[2.813s] DEBUG:colcon.colcon_core.event_handler.log_command:Invoking command in '/home/mazen/ros2_ws/src/fs-system/perception/build/moreo': PYTHONPATH=/home/mazen/ros2_ws/src/fs-system/perception/build/moreo/prefix_override:/home/mazen/ros2_ws/src/fs-system/perception/install/moreo/lib/python3.10/site-packages:${PYTHONPATH} /usr/bin/python3 setup.py develop --uninstall --editable --build-directory /home/mazen/ros2_ws/src/fs-system/perception/build/moreo/build
[2.816s] DEBUG:colcon.colcon_core.event_handler.log_command:Invoking command in '/home/mazen/ros2_ws/src/fs-system/perception/build/yolov8': PYTHONPATH=/home/mazen/ros2_ws/src/fs-system/perception/build/yolov8/prefix_override:/home/mazen/ros2_ws/src/fs-system/perception/install/yolov8/lib/python3.10/site-packages:${PYTHONPATH} /usr/bin/python3 setup.py develop --uninstall --editable --build-directory /home/mazen/ros2_ws/src/fs-system/perception/build/yolov8/build
[2.816s] DEBUG:colcon.colcon_core.event_handler.log_command:Invoking command in '/home/mazen/ros2_ws/src/fs-system/perception/build/mypython_pcl': PYTHONPATH=/home/mazen/ros2_ws/src/fs-system/perception/build/mypython_pcl/prefix_override:/home/mazen/ros2_ws/src/fs-system/perception/install/mypython_pcl/lib/python3.10/site-packages:${PYTHONPATH} /usr/bin/python3 setup.py develop --uninstall --editable --build-directory /home/mazen/ros2_ws/src/fs-system/perception/build/mypython_pcl/build
[2.817s] DEBUG:colcon.colcon_core.event_handler.log_command:Invoking command in '/home/mazen/ros2_ws/src/fs-system/perception/build/camera_interface': PYTHONPATH=/home/mazen/ros2_ws/src/fs-system/perception/build/camera_interface/prefix_override:/home/mazen/ros2_ws/src/fs-system/perception/install/camera_interface/lib/python3.10/site-packages:${PYTHONPATH} /usr/bin/python3 setup.py develop --uninstall --editable --build-directory /home/mazen/ros2_ws/src/fs-system/perception/build/camera_interface/build
[3.165s] DEBUG:colcon.colcon_core.event_handler.log_command:Invoked command in '/home/mazen/ros2_ws/src/fs-system/perception/build/yolov8' returned '0': PYTHONPATH=/home/mazen/ros2_ws/src/fs-system/perception/build/yolov8/prefix_override:/home/mazen/ros2_ws/src/fs-system/perception/install/yolov8/lib/python3.10/site-packages:${PYTHONPATH} /usr/bin/python3 setup.py develop --uninstall --editable --build-directory /home/mazen/ros2_ws/src/fs-system/perception/build/yolov8/build
[3.167s] DEBUG:colcon.colcon_core.event_handler.log_command:Invoking command in '/home/mazen/ros2_ws/src/fs-system/perception/yolov8': PYTHONPATH=/home/mazen/ros2_ws/src/fs-system/perception/build/yolov8/prefix_override:/home/mazen/ros2_ws/src/fs-system/perception/install/yolov8/lib/python3.10/site-packages:${PYTHONPATH} /usr/bin/python3 setup.py egg_info --egg-base ../build/yolov8 build --build-base /home/mazen/ros2_ws/src/fs-system/perception/build/yolov8/build install --record /home/mazen/ros2_ws/src/fs-system/perception/build/yolov8/install.log --single-version-externally-managed
[3.168s] DEBUG:colcon.colcon_core.event_handler.log_command:Invoked command in '/home/mazen/ros2_ws/src/fs-system/perception/build/camera_interface' returned '0': PYTHONPATH=/home/mazen/ros2_ws/src/fs-system/perception/build/camera_interface/prefix_override:/home/mazen/ros2_ws/src/fs-system/perception/install/camera_interface/lib/python3.10/site-packages:${PYTHONPATH} /usr/bin/python3 setup.py develop --uninstall --editable --build-directory /home/mazen/ros2_ws/src/fs-system/perception/build/camera_interface/build
[3.169s] DEBUG:colcon.colcon_core.event_handler.log_command:Invoking command in '/home/mazen/ros2_ws/src/fs-system/perception/camera_interface': PYTHONPATH=/home/mazen/ros2_ws/src/fs-system/perception/build/camera_interface/prefix_override:/home/mazen/ros2_ws/src/fs-system/perception/install/camera_interface/lib/python3.10/site-packages:${PYTHONPATH} /usr/bin/python3 setup.py egg_info --egg-base ../build/camera_interface build --build-base /home/mazen/ros2_ws/src/fs-system/perception/build/camera_interface/build install --record /home/mazen/ros2_ws/src/fs-system/perception/build/camera_interface/install.log --single-version-externally-managed
[3.172s] DEBUG:colcon.colcon_core.event_handler.log_command:Invoked command in '/home/mazen/ros2_ws/src/fs-system/perception/build/mypython_pcl' returned '0': PYTHONPATH=/home/mazen/ros2_ws/src/fs-system/perception/build/mypython_pcl/prefix_override:/home/mazen/ros2_ws/src/fs-system/perception/install/mypython_pcl/lib/python3.10/site-packages:${PYTHONPATH} /usr/bin/python3 setup.py develop --uninstall --editable --build-directory /home/mazen/ros2_ws/src/fs-system/perception/build/mypython_pcl/build
[3.173s] DEBUG:colcon.colcon_core.event_handler.log_command:Invoking command in '/home/mazen/ros2_ws/src/fs-system/perception/mrpython_pcl': PYTHONPATH=/home/mazen/ros2_ws/src/fs-system/perception/build/mypython_pcl/prefix_override:/home/mazen/ros2_ws/src/fs-system/perception/install/mypython_pcl/lib/python3.10/site-packages:${PYTHONPATH} /usr/bin/python3 setup.py egg_info --egg-base ../build/mypython_pcl build --build-base /home/mazen/ros2_ws/src/fs-system/perception/build/mypython_pcl/build install --record /home/mazen/ros2_ws/src/fs-system/perception/build/mypython_pcl/install.log --single-version-externally-managed
[3.178s] DEBUG:colcon.colcon_core.event_handler.log_command:Invoked command in '/home/mazen/ros2_ws/src/fs-system/perception/build/smoreo' returned '0': PYTHONPATH=/home/mazen/ros2_ws/src/fs-system/perception/build/smoreo/prefix_override:/home/mazen/ros2_ws/src/fs-system/perception/install/smoreo/lib/python3.10/site-packages:${PYTHONPATH} /usr/bin/python3 setup.py develop --uninstall --editable --build-directory /home/mazen/ros2_ws/src/fs-system/perception/build/smoreo/build
[3.179s] DEBUG:colcon.colcon_core.event_handler.log_command:Invoking command in '/home/mazen/ros2_ws/src/fs-system/perception/smoreo': PYTHONPATH=/home/mazen/ros2_ws/src/fs-system/perception/build/smoreo/prefix_override:/home/mazen/ros2_ws/src/fs-system/perception/install/smoreo/lib/python3.10/site-packages:${PYTHONPATH} /usr/bin/python3 setup.py egg_info --egg-base ../build/smoreo build --build-base /home/mazen/ros2_ws/src/fs-system/perception/build/smoreo/build install --record /home/mazen/ros2_ws/src/fs-system/perception/build/smoreo/install.log --single-version-externally-managed
[3.180s] DEBUG:colcon.colcon_core.event_handler.log_command:Invoked command in '/home/mazen/ros2_ws/src/fs-system/perception/build/moreo' returned '0': PYTHONPATH=/home/mazen/ros2_ws/src/fs-system/perception/build/moreo/prefix_override:/home/mazen/ros2_ws/src/fs-system/perception/install/moreo/lib/python3.10/site-packages:${PYTHONPATH} /usr/bin/python3 setup.py develop --uninstall --editable --build-directory /home/mazen/ros2_ws/src/fs-system/perception/build/moreo/build
[3.181s] DEBUG:colcon.colcon_core.event_handler.log_command:Invoking command in '/home/mazen/ros2_ws/src/fs-system/perception/moreo': PYTHONPATH=/home/mazen/ros2_ws/src/fs-system/perception/build/moreo/prefix_override:/home/mazen/ros2_ws/src/fs-system/perception/install/moreo/lib/python3.10/site-packages:${PYTHONPATH} /usr/bin/python3 setup.py egg_info --egg-base ../build/moreo build --build-base /home/mazen/ros2_ws/src/fs-system/perception/build/moreo/build install --record /home/mazen/ros2_ws/src/fs-system/perception/build/moreo/install.log --single-version-externally-managed
[3.399s] DEBUG:colcon.colcon_core.event_handler.log_command:Invoked command in '/home/mazen/ros2_ws/src/fs-system/perception/camera_interface' returned '0': PYTHONPATH=/home/mazen/ros2_ws/src/fs-system/perception/build/camera_interface/prefix_override:/home/mazen/ros2_ws/src/fs-system/perception/install/camera_interface/lib/python3.10/site-packages:${PYTHONPATH} /usr/bin/python3 setup.py egg_info --egg-base ../build/camera_interface build --build-base /home/mazen/ros2_ws/src/fs-system/perception/build/camera_interface/build install --record /home/mazen/ros2_ws/src/fs-system/perception/build/camera_interface/install.log --single-version-externally-managed
[3.411s] Level 1:colcon.colcon_core.environment:checking '/home/mazen/ros2_ws/src/fs-system/perception/install/camera_interface' for CMake module files
[3.412s] Level 1:colcon.colcon_core.environment:checking '/home/mazen/ros2_ws/src/fs-system/perception/install/camera_interface' for CMake config files
[3.412s] Level 1:colcon.colcon_core.environment:checking '/home/mazen/ros2_ws/src/fs-system/perception/install/camera_interface/lib'
[3.413s] Level 1:colcon.colcon_core.environment:checking '/home/mazen/ros2_ws/src/fs-system/perception/install/camera_interface/bin'
[3.413s] Level 1:colcon.colcon_core.environment:checking '/home/mazen/ros2_ws/src/fs-system/perception/install/camera_interface/lib/pkgconfig/camera_interface.pc'
[3.413s] Level 1:colcon.colcon_core.environment:checking '/home/mazen/ros2_ws/src/fs-system/perception/install/camera_interface/lib/python3.10/site-packages'
[3.413s] Level 1:colcon.colcon_core.shell:create_environment_hook('camera_interface', 'pythonpath')
[3.424s] INFO:colcon.colcon_core.shell:Creating environment hook '/home/mazen/ros2_ws/src/fs-system/perception/install/camera_interface/share/camera_interface/hook/pythonpath.ps1'
[3.425s] INFO:colcon.colcon_core.shell:Creating environment descriptor '/home/mazen/ros2_ws/src/fs-system/perception/install/camera_interface/share/camera_interface/hook/pythonpath.dsv'
[3.425s] INFO:colcon.colcon_core.shell:Creating environment hook '/home/mazen/ros2_ws/src/fs-system/perception/install/camera_interface/share/camera_interface/hook/pythonpath.sh'
[3.425s] Level 1:colcon.colcon_core.environment:checking '/home/mazen/ros2_ws/src/fs-system/perception/install/camera_interface/bin'
[3.425s] Level 1:colcon.colcon_core.environment:create_environment_scripts_only(camera_interface)
[3.436s] INFO:colcon.colcon_core.shell:Creating package script '/home/mazen/ros2_ws/src/fs-system/perception/install/camera_interface/share/camera_interface/package.ps1'
[3.436s] INFO:colcon.colcon_core.shell:Creating package descriptor '/home/mazen/ros2_ws/src/fs-system/perception/install/camera_interface/share/camera_interface/package.dsv'
[3.436s] INFO:colcon.colcon_core.shell:Creating package script '/home/mazen/ros2_ws/src/fs-system/perception/install/camera_interface/share/camera_interface/package.sh'
[3.437s] INFO:colcon.colcon_core.shell:Creating package script '/home/mazen/ros2_ws/src/fs-system/perception/install/camera_interface/share/camera_interface/package.bash'
[3.437s] INFO:colcon.colcon_core.shell:Creating package script '/home/mazen/ros2_ws/src/fs-system/perception/install/camera_interface/share/camera_interface/package.zsh'
[3.438s] Level 1:colcon.colcon_core.environment:create_file_with_runtime_dependencies(/home/mazen/ros2_ws/src/fs-system/perception/install/camera_interface/share/colcon-core/packages/camera_interface)
[3.440s] DEBUG:colcon.colcon_core.event_handler.log_command:Invoked command in '/home/mazen/ros2_ws/src/fs-system/perception/yolov8' returned '0': PYTHONPATH=/home/mazen/ros2_ws/src/fs-system/perception/build/yolov8/prefix_override:/home/mazen/ros2_ws/src/fs-system/perception/install/yolov8/lib/python3.10/site-packages:${PYTHONPATH} /usr/bin/python3 setup.py egg_info --egg-base ../build/yolov8 build --build-base /home/mazen/ros2_ws/src/fs-system/perception/build/yolov8/build install --record /home/mazen/ros2_ws/src/fs-system/perception/build/yolov8/install.log --single-version-externally-managed
[3.450s] Level 1:colcon.colcon_core.environment:checking '/home/mazen/ros2_ws/src/fs-system/perception/install/yolov8' for CMake module files
[3.450s] Level 1:colcon.colcon_core.environment:checking '/home/mazen/ros2_ws/src/fs-system/perception/install/yolov8' for CMake config files
[3.451s] Level 1:colcon.colcon_core.environment:checking '/home/mazen/ros2_ws/src/fs-system/perception/install/yolov8/lib'
[3.451s] Level 1:colcon.colcon_core.environment:checking '/home/mazen/ros2_ws/src/fs-system/perception/install/yolov8/bin'
[3.451s] Level 1:colcon.colcon_core.environment:checking '/home/mazen/ros2_ws/src/fs-system/perception/install/yolov8/lib/pkgconfig/yolov8.pc'
[3.451s] Level 1:colcon.colcon_core.environment:checking '/home/mazen/ros2_ws/src/fs-system/perception/install/yolov8/lib/python3.10/site-packages'
[3.451s] Level 1:colcon.colcon_core.shell:create_environment_hook('yolov8', 'pythonpath')
[3.461s] INFO:colcon.colcon_core.shell:Creating environment hook '/home/mazen/ros2_ws/src/fs-system/perception/install/yolov8/share/yolov8/hook/pythonpath.ps1'
[3.461s] INFO:colcon.colcon_core.shell:Creating environment descriptor '/home/mazen/ros2_ws/src/fs-system/perception/install/yolov8/share/yolov8/hook/pythonpath.dsv'
[3.462s] INFO:colcon.colcon_core.shell:Creating environment hook '/home/mazen/ros2_ws/src/fs-system/perception/install/yolov8/share/yolov8/hook/pythonpath.sh'
[3.462s] Level 1:colcon.colcon_core.environment:checking '/home/mazen/ros2_ws/src/fs-system/perception/install/yolov8/bin'
[3.462s] Level 1:colcon.colcon_core.environment:create_environment_scripts_only(yolov8)
[3.473s] INFO:colcon.colcon_core.shell:Creating package script '/home/mazen/ros2_ws/src/fs-system/perception/install/yolov8/share/yolov8/package.ps1'
[3.473s] INFO:colcon.colcon_core.shell:Creating package descriptor '/home/mazen/ros2_ws/src/fs-system/perception/install/yolov8/share/yolov8/package.dsv'
[3.473s] INFO:colcon.colcon_core.shell:Creating package script '/home/mazen/ros2_ws/src/fs-system/perception/install/yolov8/share/yolov8/package.sh'
[3.473s] INFO:colcon.colcon_core.shell:Creating package script '/home/mazen/ros2_ws/src/fs-system/perception/install/yolov8/share/yolov8/package.bash'
[3.474s] INFO:colcon.colcon_core.shell:Creating package script '/home/mazen/ros2_ws/src/fs-system/perception/install/yolov8/share/yolov8/package.zsh'
[3.474s] Level 1:colcon.colcon_core.environment:create_file_with_runtime_dependencies(/home/mazen/ros2_ws/src/fs-system/perception/install/yolov8/share/colcon-core/packages/yolov8)
[3.475s] DEBUG:colcon.colcon_core.event_handler.log_command:Invoked command in '/home/mazen/ros2_ws/src/fs-system/perception/moreo' returned '0': PYTHONPATH=/home/mazen/ros2_ws/src/fs-system/perception/build/moreo/prefix_override:/home/mazen/ros2_ws/src/fs-system/perception/install/moreo/lib/python3.10/site-packages:${PYTHONPATH} /usr/bin/python3 setup.py egg_info --egg-base ../build/moreo build --build-base /home/mazen/ros2_ws/src/fs-system/perception/build/moreo/build install --record /home/mazen/ros2_ws/src/fs-system/perception/build/moreo/install.log --single-version-externally-managed
[3.485s] Level 1:colcon.colcon_core.environment:checking '/home/mazen/ros2_ws/src/fs-system/perception/install/moreo' for CMake module files
[3.485s] Level 1:colcon.colcon_core.environment:checking '/home/mazen/ros2_ws/src/fs-system/perception/install/moreo' for CMake config files
[3.486s] Level 1:colcon.colcon_core.environment:checking '/home/mazen/ros2_ws/src/fs-system/perception/install/moreo/lib'
[3.486s] Level 1:colcon.colcon_core.environment:checking '/home/mazen/ros2_ws/src/fs-system/perception/install/moreo/bin'
[3.486s] Level 1:colcon.colcon_core.environment:checking '/home/mazen/ros2_ws/src/fs-system/perception/install/moreo/lib/pkgconfig/moreo.pc'
[3.486s] Level 1:colcon.colcon_core.environment:checking '/home/mazen/ros2_ws/src/fs-system/perception/install/moreo/lib/python3.10/site-packages'
[3.486s] Level 1:colcon.colcon_core.shell:create_environment_hook('moreo', 'pythonpath')
[3.496s] INFO:colcon.colcon_core.shell:Creating environment hook '/home/mazen/ros2_ws/src/fs-system/perception/install/moreo/share/moreo/hook/pythonpath.ps1'
[3.497s] INFO:colcon.colcon_core.shell:Creating environment descriptor '/home/mazen/ros2_ws/src/fs-system/perception/install/moreo/share/moreo/hook/pythonpath.dsv'
[3.497s] INFO:colcon.colcon_core.shell:Creating environment hook '/home/mazen/ros2_ws/src/fs-system/perception/install/moreo/share/moreo/hook/pythonpath.sh'
[3.497s] Level 1:colcon.colcon_core.environment:checking '/home/mazen/ros2_ws/src/fs-system/perception/install/moreo/bin'
[3.497s] Level 1:colcon.colcon_core.environment:create_environment_scripts_only(moreo)
[3.508s] INFO:colcon.colcon_core.shell:Creating package script '/home/mazen/ros2_ws/src/fs-system/perception/install/moreo/share/moreo/package.ps1'
[3.508s] INFO:colcon.colcon_core.shell:Creating package descriptor '/home/mazen/ros2_ws/src/fs-system/perception/install/moreo/share/moreo/package.dsv'
[3.508s] INFO:colcon.colcon_core.shell:Creating package script '/home/mazen/ros2_ws/src/fs-system/perception/install/moreo/share/moreo/package.sh'
[3.509s] INFO:colcon.colcon_core.shell:Creating package script '/home/mazen/ros2_ws/src/fs-system/perception/install/moreo/share/moreo/package.bash'
[3.509s] INFO:colcon.colcon_core.shell:Creating package script '/home/mazen/ros2_ws/src/fs-system/perception/install/moreo/share/moreo/package.zsh'
[3.509s] Level 1:colcon.colcon_core.environment:create_file_with_runtime_dependencies(/home/mazen/ros2_ws/src/fs-system/perception/install/moreo/share/colcon-core/packages/moreo)
[3.510s] DEBUG:colcon.colcon_core.event_handler.log_command:Invoked command in '/home/mazen/ros2_ws/src/fs-system/perception/smoreo' returned '0': PYTHONPATH=/home/mazen/ros2_ws/src/fs-system/perception/build/smoreo/prefix_override:/home/mazen/ros2_ws/src/fs-system/perception/install/smoreo/lib/python3.10/site-packages:${PYTHONPATH} /usr/bin/python3 setup.py egg_info --egg-base ../build/smoreo build --build-base /home/mazen/ros2_ws/src/fs-system/perception/build/smoreo/build install --record /home/mazen/ros2_ws/src/fs-system/perception/build/smoreo/install.log --single-version-externally-managed
[3.520s] Level 1:colcon.colcon_core.environment:checking '/home/mazen/ros2_ws/src/fs-system/perception/install/smoreo' for CMake module files
[3.520s] Level 1:colcon.colcon_core.environment:checking '/home/mazen/ros2_ws/src/fs-system/perception/install/smoreo' for CMake config files
[3.521s] Level 1:colcon.colcon_core.environment:checking '/home/mazen/ros2_ws/src/fs-system/perception/install/smoreo/lib'
[3.521s] Level 1:colcon.colcon_core.environment:checking '/home/mazen/ros2_ws/src/fs-system/perception/install/smoreo/bin'
[3.521s] Level 1:colcon.colcon_core.environment:checking '/home/mazen/ros2_ws/src/fs-system/perception/install/smoreo/lib/pkgconfig/smoreo.pc'
[3.521s] Level 1:colcon.colcon_core.environment:checking '/home/mazen/ros2_ws/src/fs-system/perception/install/smoreo/lib/python3.10/site-packages'
[3.521s] Level 1:colcon.colcon_core.shell:create_environment_hook('smoreo', 'pythonpath')
[3.532s] INFO:colcon.colcon_core.shell:Creating environment hook '/home/mazen/ros2_ws/src/fs-system/perception/install/smoreo/share/smoreo/hook/pythonpath.ps1'
[3.532s] INFO:colcon.colcon_core.shell:Creating environment descriptor '/home/mazen/ros2_ws/src/fs-system/perception/install/smoreo/share/smoreo/hook/pythonpath.dsv'
[3.532s] INFO:colcon.colcon_core.shell:Creating environment hook '/home/mazen/ros2_ws/src/fs-system/perception/install/smoreo/share/smoreo/hook/pythonpath.sh'
[3.532s] Level 1:colcon.colcon_core.environment:checking '/home/mazen/ros2_ws/src/fs-system/perception/install/smoreo/bin'
[3.532s] Level 1:colcon.colcon_core.environment:create_environment_scripts_only(smoreo)
[3.543s] INFO:colcon.colcon_core.shell:Creating package script '/home/mazen/ros2_ws/src/fs-system/perception/install/smoreo/share/smoreo/package.ps1'
[3.543s] INFO:colcon.colcon_core.shell:Creating package descriptor '/home/mazen/ros2_ws/src/fs-system/perception/install/smoreo/share/smoreo/package.dsv'
[3.544s] INFO:colcon.colcon_core.shell:Creating package script '/home/mazen/ros2_ws/src/fs-system/perception/install/smoreo/share/smoreo/package.sh'
[3.544s] INFO:colcon.colcon_core.shell:Creating package script '/home/mazen/ros2_ws/src/fs-system/perception/install/smoreo/share/smoreo/package.bash'
[3.544s] INFO:colcon.colcon_core.shell:Creating package script '/home/mazen/ros2_ws/src/fs-system/perception/install/smoreo/share/smoreo/package.zsh'
[3.544s] Level 1:colcon.colcon_core.environment:create_file_with_runtime_dependencies(/home/mazen/ros2_ws/src/fs-system/perception/install/smoreo/share/colcon-core/packages/smoreo)
[3.546s] DEBUG:colcon.colcon_core.event_handler.log_command:Invoked command in '/home/mazen/ros2_ws/src/fs-system/perception/mrpython_pcl' returned '0': PYTHONPATH=/home/mazen/ros2_ws/src/fs-system/perception/build/mypython_pcl/prefix_override:/home/mazen/ros2_ws/src/fs-system/perception/install/mypython_pcl/lib/python3.10/site-packages:${PYTHONPATH} /usr/bin/python3 setup.py egg_info --egg-base ../build/mypython_pcl build --build-base /home/mazen/ros2_ws/src/fs-system/perception/build/mypython_pcl/build install --record /home/mazen/ros2_ws/src/fs-system/perception/build/mypython_pcl/install.log --single-version-externally-managed
[3.555s] Level 1:colcon.colcon_core.environment:checking '/home/mazen/ros2_ws/src/fs-system/perception/install/mypython_pcl' for CMake module files
[3.556s] Level 1:colcon.colcon_core.environment:checking '/home/mazen/ros2_ws/src/fs-system/perception/install/mypython_pcl' for CMake config files
[3.556s] Level 1:colcon.colcon_core.environment:checking '/home/mazen/ros2_ws/src/fs-system/perception/install/mypython_pcl/lib'
[3.556s] Level 1:colcon.colcon_core.environment:checking '/home/mazen/ros2_ws/src/fs-system/perception/install/mypython_pcl/bin'
[3.556s] Level 1:colcon.colcon_core.environment:checking '/home/mazen/ros2_ws/src/fs-system/perception/install/mypython_pcl/lib/pkgconfig/mypython_pcl.pc'
[3.556s] Level 1:colcon.colcon_core.environment:checking '/home/mazen/ros2_ws/src/fs-system/perception/install/mypython_pcl/lib/python3.10/site-packages'
[3.556s] Level 1:colcon.colcon_core.shell:create_environment_hook('mypython_pcl', 'pythonpath')
[3.567s] INFO:colcon.colcon_core.shell:Creating environment hook '/home/mazen/ros2_ws/src/fs-system/perception/install/mypython_pcl/share/mypython_pcl/hook/pythonpath.ps1'
[3.567s] INFO:colcon.colcon_core.shell:Creating environment descriptor '/home/mazen/ros2_ws/src/fs-system/perception/install/mypython_pcl/share/mypython_pcl/hook/pythonpath.dsv'
[3.567s] INFO:colcon.colcon_core.shell:Creating environment hook '/home/mazen/ros2_ws/src/fs-system/perception/install/mypython_pcl/share/mypython_pcl/hook/pythonpath.sh'
[3.568s] Level 1:colcon.colcon_core.environment:checking '/home/mazen/ros2_ws/src/fs-system/perception/install/mypython_pcl/bin'
[3.568s] Level 1:colcon.colcon_core.environment:create_environment_scripts_only(mypython_pcl)
[3.578s] INFO:colcon.colcon_core.shell:Creating package script '/home/mazen/ros2_ws/src/fs-system/perception/install/mypython_pcl/share/mypython_pcl/package.ps1'
[3.578s] INFO:colcon.colcon_core.shell:Creating package descriptor '/home/mazen/ros2_ws/src/fs-system/perception/install/mypython_pcl/share/mypython_pcl/package.dsv'
[3.579s] INFO:colcon.colcon_core.shell:Creating package script '/home/mazen/ros2_ws/src/fs-system/perception/install/mypython_pcl/share/mypython_pcl/package.sh'
[3.579s] INFO:colcon.colcon_core.shell:Creating package script '/home/mazen/ros2_ws/src/fs-system/perception/install/mypython_pcl/share/mypython_pcl/package.bash'
[3.579s] INFO:colcon.colcon_core.shell:Creating package script '/home/mazen/ros2_ws/src/fs-system/perception/install/mypython_pcl/share/mypython_pcl/package.zsh'
[3.579s] Level 1:colcon.colcon_core.environment:create_file_with_runtime_dependencies(/home/mazen/ros2_ws/src/fs-system/perception/install/mypython_pcl/share/colcon-core/packages/mypython_pcl)
[3.580s] DEBUG:colcon.colcon_parallel_executor.executor.parallel:closing loop
[3.580s] DEBUG:colcon.colcon_parallel_executor.executor.parallel:loop closed
[3.580s] DEBUG:colcon.colcon_parallel_executor.executor.parallel:run_until_complete finished with '0'
[3.580s] DEBUG:colcon.colcon_core.event_reactor:joining thread
[3.594s] INFO:colcon.colcon_core.plugin_system:Skipping extension 'colcon_notification.desktop_notification.terminal_notifier': Not used on non-Darwin systems
[3.594s] INFO:colcon.colcon_core.plugin_system:Skipping extension 'colcon_notification.desktop_notification.win32': Not used on non-Windows systems
[3.594s] INFO:colcon.colcon_notification.desktop_notification:Sending desktop notification using 'notify2'
[3.604s] DEBUG:colcon.colcon_core.event_reactor:joined thread
[3.616s] INFO:colcon.colcon_core.shell:Creating prefix script '/home/mazen/ros2_ws/src/fs-system/perception/install/local_setup.ps1'
[3.616s] INFO:colcon.colcon_core.shell:Creating prefix util module '/home/mazen/ros2_ws/src/fs-system/perception/install/_local_setup_util_ps1.py'
[3.617s] INFO:colcon.colcon_core.shell:Creating prefix chain script '/home/mazen/ros2_ws/src/fs-system/perception/install/setup.ps1'
[3.629s] INFO:colcon.colcon_core.shell:Creating prefix script '/home/mazen/ros2_ws/src/fs-system/perception/install/local_setup.sh'
[3.629s] INFO:colcon.colcon_core.shell:Creating prefix util module '/home/mazen/ros2_ws/src/fs-system/perception/install/_local_setup_util_sh.py'
[3.629s] INFO:colcon.colcon_core.shell:Creating prefix chain script '/home/mazen/ros2_ws/src/fs-system/perception/install/setup.sh'
[3.641s] INFO:colcon.colcon_core.shell:Creating prefix script '/home/mazen/ros2_ws/src/fs-system/perception/install/local_setup.bash'
[3.641s] INFO:colcon.colcon_core.shell:Creating prefix chain script '/home/mazen/ros2_ws/src/fs-system/perception/install/setup.bash'
[3.653s] INFO:colcon.colcon_core.shell:Creating prefix script '/home/mazen/ros2_ws/src/fs-system/perception/install/local_setup.zsh'
[3.654s] INFO:colcon.colcon_core.shell:Creating prefix chain script '/home/mazen/ros2_ws/src/fs-system/perception/install/setup.zsh'
