[1.480s] Invoking command in '/home/mazen/ros2_ws/src/fs-system/perception/yolov8': PYTHONPATH=/home/mazen/ros2_ws/src/fs-system/perception/build/yolov8/prefix_override:/home/mazen/ros2_ws/src/fs-system/perception/install/yolov8/lib/python3.10/site-packages:${PYTHONPATH} /usr/bin/python3 setup.py egg_info --egg-base ../build/yolov8 build --build-base /home/mazen/ros2_ws/src/fs-system/perception/build/yolov8/build install --record /home/mazen/ros2_ws/src/fs-system/perception/build/yolov8/install.log --single-version-externally-managed
[1.656s] running egg_info
[1.656s] writing ../build/yolov8/yolov8.egg-info/PKG-INFO
[1.656s] writing dependency_links to ../build/yolov8/yolov8.egg-info/dependency_links.txt
[1.657s] writing entry points to ../build/yolov8/yolov8.egg-info/entry_points.txt
[1.657s] writing requirements to ../build/yolov8/yolov8.egg-info/requires.txt
[1.657s] writing top-level names to ../build/yolov8/yolov8.egg-info/top_level.txt
[1.658s] reading manifest file '../build/yolov8/yolov8.egg-info/SOURCES.txt'
[1.659s] writing manifest file '../build/yolov8/yolov8.egg-info/SOURCES.txt'
[1.659s] running build
[1.659s] running build_py
[1.659s] running install
[1.659s] running install_lib
[1.660s] running install_data
[1.660s] running install_egg_info
[1.661s] removing '/home/mazen/ros2_ws/src/fs-system/perception/install/yolov8/lib/python3.10/site-packages/yolov8-0.0.0-py3.10.egg-info' (and everything under it)
[1.662s] Copying ../build/yolov8/yolov8.egg-info to /home/mazen/ros2_ws/src/fs-system/perception/install/yolov8/lib/python3.10/site-packages/yolov8-0.0.0-py3.10.egg-info
[1.662s] running install_scripts
[1.677s] Installing test_node script to /home/mazen/ros2_ws/src/fs-system/perception/install/yolov8/lib/yolov8
[1.678s] writing list of installed files to '/home/mazen/ros2_ws/src/fs-system/perception/build/yolov8/install.log'
[1.783s] Invoked command in '/home/mazen/ros2_ws/src/fs-system/perception/yolov8' returned '0': PYTHONPATH=/home/mazen/ros2_ws/src/fs-system/perception/build/yolov8/prefix_override:/home/mazen/ros2_ws/src/fs-system/perception/install/yolov8/lib/python3.10/site-packages:${PYTHONPATH} /usr/bin/python3 setup.py egg_info --egg-base ../build/yolov8 build --build-base /home/mazen/ros2_ws/src/fs-system/perception/build/yolov8/build install --record /home/mazen/ros2_ws/src/fs-system/perception/build/yolov8/install.log --single-version-externally-managed
