[0.063s] Invoking command in '/home/hazem/ros2_ws/build/scanmatcher': CMAKE_PREFIX_PATH=/home/hazem/ros2_ws/install/ndt_omp_ros2:/home/hazem/ros2_ws/install/lidarslam_msgs:/home/hazem/ros2_ws/install/lidarslam:/home/hazem/ros2_ws/install/scanmatcher:/home/hazem/ros2_ws/install/graph_based_slam:/opt/ros/humble LD_LIBRARY_PATH=/home/hazem/ros2_ws/install/lidarslam_msgs/lib:/home/hazem/ros2_ws/install/scanmatcher/lib:/home/hazem/ros2_ws/install/graph_based_slam/lib:/opt/ros/humble/opt/rviz_ogre_vendor/lib:/opt/ros/humble/lib/x86_64-linux-gnu:/opt/ros/humble/lib /usr/bin/cmake --build /home/hazem/ros2_ws/build/scanmatcher -- -j12 -l12
[0.112s] [35m[1mConsolidate compiler generated dependencies of target scanmatcher_component[0m
[0.147s] [ 50%] Built target scanmatcher_component
[0.183s] [100%] Built target scanmatcher_node
[0.193s] Invoked command in '/home/hazem/ros2_ws/build/scanmatcher' returned '0': CMAKE_PREFIX_PATH=/home/hazem/ros2_ws/install/ndt_omp_ros2:/home/hazem/ros2_ws/install/lidarslam_msgs:/home/hazem/ros2_ws/install/lidarslam:/home/hazem/ros2_ws/install/scanmatcher:/home/hazem/ros2_ws/install/graph_based_slam:/opt/ros/humble LD_LIBRARY_PATH=/home/hazem/ros2_ws/install/lidarslam_msgs/lib:/home/hazem/ros2_ws/install/scanmatcher/lib:/home/hazem/ros2_ws/install/graph_based_slam/lib:/opt/ros/humble/opt/rviz_ogre_vendor/lib:/opt/ros/humble/lib/x86_64-linux-gnu:/opt/ros/humble/lib /usr/bin/cmake --build /home/hazem/ros2_ws/build/scanmatcher -- -j12 -l12
[0.222s] Invoking command in '/home/hazem/ros2_ws/build/scanmatcher': CMAKE_PREFIX_PATH=/home/hazem/ros2_ws/install/ndt_omp_ros2:/home/hazem/ros2_ws/install/lidarslam_msgs:/home/hazem/ros2_ws/install/lidarslam:/home/hazem/ros2_ws/install/scanmatcher:/home/hazem/ros2_ws/install/graph_based_slam:/opt/ros/humble LD_LIBRARY_PATH=/home/hazem/ros2_ws/install/lidarslam_msgs/lib:/home/hazem/ros2_ws/install/scanmatcher/lib:/home/hazem/ros2_ws/install/graph_based_slam/lib:/opt/ros/humble/opt/rviz_ogre_vendor/lib:/opt/ros/humble/lib/x86_64-linux-gnu:/opt/ros/humble/lib /usr/bin/cmake --install /home/hazem/ros2_ws/build/scanmatcher
[0.229s] -- Install configuration: "Release"
[0.229s] -- Execute custom install script
[0.230s] -- Up-to-date symlink: /home/hazem/ros2_ws/install/scanmatcher/share/scanmatcher/environment/library_path.sh
[0.230s] -- Up-to-date symlink: /home/hazem/ros2_ws/install/scanmatcher/share/scanmatcher/environment/library_path.dsv
[0.231s] -- Up-to-date symlink: /home/hazem/ros2_ws/install/scanmatcher/include/scanmatcher/lidar_undistortion.hpp
[0.232s] -- Up-to-date symlink: /home/hazem/ros2_ws/install/scanmatcher/include/scanmatcher/scanmatcher_component.h
[0.233s] -- Up-to-date symlink: /home/hazem/ros2_ws/install/scanmatcher/share/scanmatcher/launch/mapping_car.launch.py
[0.233s] -- Up-to-date symlink: /home/hazem/ros2_ws/install/scanmatcher/share/scanmatcher/launch/mapping_robot.launch.py
[0.233s] -- Up-to-date symlink: /home/hazem/ros2_ws/install/scanmatcher/share/scanmatcher/param/mapping_car.yaml
[0.233s] -- Up-to-date symlink: /home/hazem/ros2_ws/install/scanmatcher/share/scanmatcher/param/mapping_robot.yaml
[0.233s] -- Up-to-date symlink: /home/hazem/ros2_ws/install/scanmatcher/lib/libscanmatcher_component.so
[0.234s] -- Up-to-date symlink: /home/hazem/ros2_ws/install/scanmatcher/lib/scanmatcher/scanmatcher_node
[0.234s] -- Up-to-date symlink: /home/hazem/ros2_ws/install/scanmatcher/share/ament_index/resource_index/package_run_dependencies/scanmatcher
[0.234s] -- Up-to-date symlink: /home/hazem/ros2_ws/install/scanmatcher/share/ament_index/resource_index/parent_prefix_path/scanmatcher
[0.234s] -- Up-to-date symlink: /home/hazem/ros2_ws/install/scanmatcher/share/scanmatcher/environment/ament_prefix_path.sh
[0.234s] -- Up-to-date symlink: /home/hazem/ros2_ws/install/scanmatcher/share/scanmatcher/environment/ament_prefix_path.dsv
[0.234s] -- Up-to-date symlink: /home/hazem/ros2_ws/install/scanmatcher/share/scanmatcher/environment/path.sh
[0.234s] -- Up-to-date symlink: /home/hazem/ros2_ws/install/scanmatcher/share/scanmatcher/environment/path.dsv
[0.234s] -- Up-to-date symlink: /home/hazem/ros2_ws/install/scanmatcher/share/scanmatcher/local_setup.bash
[0.235s] -- Up-to-date symlink: /home/hazem/ros2_ws/install/scanmatcher/share/scanmatcher/local_setup.sh
[0.235s] -- Up-to-date symlink: /home/hazem/ros2_ws/install/scanmatcher/share/scanmatcher/local_setup.zsh
[0.235s] -- Up-to-date symlink: /home/hazem/ros2_ws/install/scanmatcher/share/scanmatcher/local_setup.dsv
[0.235s] -- Symlinking: /home/hazem/ros2_ws/install/scanmatcher/share/scanmatcher/package.dsv
[0.244s] -- Up-to-date symlink: /home/hazem/ros2_ws/install/scanmatcher/share/ament_index/resource_index/packages/scanmatcher
[0.244s] -- Up-to-date symlink: /home/hazem/ros2_ws/install/scanmatcher/share/ament_index/resource_index/rclcpp_components/scanmatcher
[0.244s] -- Up-to-date symlink: /home/hazem/ros2_ws/install/scanmatcher/share/scanmatcher/cmake/ament_cmake_export_libraries-extras.cmake
[0.245s] -- Up-to-date symlink: /home/hazem/ros2_ws/install/scanmatcher/share/scanmatcher/cmake/ament_cmake_export_include_directories-extras.cmake
[0.245s] -- Up-to-date symlink: /home/hazem/ros2_ws/install/scanmatcher/share/scanmatcher/cmake/ament_cmake_export_dependencies-extras.cmake
[0.245s] -- Up-to-date symlink: /home/hazem/ros2_ws/install/scanmatcher/share/scanmatcher/cmake/scanmatcherConfig.cmake
[0.245s] -- Up-to-date symlink: /home/hazem/ros2_ws/install/scanmatcher/share/scanmatcher/cmake/scanmatcherConfig-version.cmake
[0.246s] -- Up-to-date symlink: /home/hazem/ros2_ws/install/scanmatcher/share/scanmatcher/package.xml
[0.248s] Invoked command in '/home/hazem/ros2_ws/build/scanmatcher' returned '0': CMAKE_PREFIX_PATH=/home/hazem/ros2_ws/install/ndt_omp_ros2:/home/hazem/ros2_ws/install/lidarslam_msgs:/home/hazem/ros2_ws/install/lidarslam:/home/hazem/ros2_ws/install/scanmatcher:/home/hazem/ros2_ws/install/graph_based_slam:/opt/ros/humble LD_LIBRARY_PATH=/home/hazem/ros2_ws/install/lidarslam_msgs/lib:/home/hazem/ros2_ws/install/scanmatcher/lib:/home/hazem/ros2_ws/install/graph_based_slam/lib:/opt/ros/humble/opt/rviz_ogre_vendor/lib:/opt/ros/humble/lib/x86_64-linux-gnu:/opt/ros/humble/lib /usr/bin/cmake --install /home/hazem/ros2_ws/build/scanmatcher
