[0.103s] DEBUG:colcon:Command line arguments: ['/usr/bin/colcon', 'build', '--packages-select', 'tf_helper', 'asurt_msgs', 'common_params']
[0.103s] DEBUG:colcon:Parsed command line arguments: Namespace(log_base=None, log_level=None, verb_name='build', build_base='build', install_base='install', merge_install=False, symlink_install=False, test_result_base=None, continue_on_error=False, executor='parallel', parallel_workers=8, event_handlers=None, ignore_user_meta=False, metas=['./colcon.meta'], base_paths=['.'], packages_ignore=None, packages_ignore_regex=None, paths=None, packages_up_to=None, packages_up_to_regex=None, packages_above=None, packages_above_and_dependencies=None, packages_above_depth=None, packages_select_by_dep=None, packages_skip_by_dep=None, packages_skip_up_to=None, packages_select_build_failed=False, packages_skip_build_finished=False, packages_select_test_failures=False, packages_skip_test_passed=False, packages_select=['tf_helper', 'asurt_msgs', 'common_params'], packages_skip=None, packages_select_regex=None, packages_skip_regex=None, packages_start=None, packages_end=None, allow_overriding=[], cmake_args=None, cmake_target=None, cmake_target_skip_unavailable=False, cmake_clean_cache=False, cmake_clean_first=False, cmake_force_configure=False, ament_cmake_args=None, catkin_cmake_args=None, catkin_skip_building_tests=False, verb_parser=<colcon_defaults.argument_parser.defaults.DefaultArgumentsDecorator object at 0x7ad4b73478b0>, verb_extension=<colcon_core.verb.build.BuildVerb object at 0x7ad4b747c4f0>, main=<bound method BuildVerb.main of <colcon_core.verb.build.BuildVerb object at 0x7ad4b747c4f0>>)
[0.308s] Level 1:colcon.colcon_core.package_discovery:discover_packages(colcon_meta) check parameters
[0.308s] Level 1:colcon.colcon_core.package_discovery:discover_packages(recursive) check parameters
[0.308s] Level 1:colcon.colcon_core.package_discovery:discover_packages(ignore) check parameters
[0.308s] Level 1:colcon.colcon_core.package_discovery:discover_packages(path) check parameters
[0.308s] Level 1:colcon.colcon_core.package_discovery:discover_packages(colcon_meta) discover
[0.308s] Level 1:colcon.colcon_core.package_discovery:discover_packages(recursive) discover
[0.308s] INFO:colcon.colcon_core.package_discovery:Crawling recursively for packages in '/media/ezzedinayman/Local Disk/FS-System/fs-system'
[0.308s] Level 1:colcon.colcon_core.package_identification:_identify(.) by extensions ['ignore', 'ignore_ament_install']
[0.308s] Level 1:colcon.colcon_core.package_identification:_identify(.) by extension 'ignore'
[0.308s] Level 1:colcon.colcon_core.package_identification:_identify(.) by extension 'ignore_ament_install'
[0.308s] Level 1:colcon.colcon_core.package_identification:_identify(.) by extensions ['colcon_pkg']
[0.308s] Level 1:colcon.colcon_core.package_identification:_identify(.) by extension 'colcon_pkg'
[0.309s] Level 1:colcon.colcon_core.package_identification:_identify(.) by extensions ['colcon_meta']
[0.309s] Level 1:colcon.colcon_core.package_identification:_identify(.) by extension 'colcon_meta'
[0.309s] Level 1:colcon.colcon_core.package_identification:_identify(.) by extensions ['ros']
[0.309s] Level 1:colcon.colcon_core.package_identification:_identify(.) by extension 'ros'
[0.318s] Level 1:colcon.colcon_core.package_identification:_identify(.) by extensions ['cmake', 'python']
[0.318s] Level 1:colcon.colcon_core.package_identification:_identify(.) by extension 'cmake'
[0.323s] ERROR:colcon.colcon_core.package_identification:Exception in package identification extension 'cmake' in '.': Failed to extract project name from 'CMakeLists.txt'
Traceback (most recent call last):
  File "/usr/lib/python3/dist-packages/colcon_core/package_identification/__init__.py", line 142, in _identify
    retval = extension.identify(_reused_descriptor_instance)
  File "/usr/lib/python3/dist-packages/colcon_cmake/package_identification/cmake.py", line 37, in identify
    raise RuntimeError(
RuntimeError: Failed to extract project name from 'CMakeLists.txt'

[0.324s] Level 1:colcon.colcon_core.package_identification:_identify(.) by extension 'python'
[0.324s] Level 1:colcon.colcon_core.package_identification:_identify(.) by extensions ['python_setup_py']
[0.324s] Level 1:colcon.colcon_core.package_identification:_identify(.) by extension 'python_setup_py'
[0.324s] Level 1:colcon.colcon_core.package_identification:_identify(build) by extensions ['ignore', 'ignore_ament_install']
[0.324s] Level 1:colcon.colcon_core.package_identification:_identify(build) by extension 'ignore'
[0.324s] Level 1:colcon.colcon_core.package_identification:_identify(build) ignored
[0.324s] Level 1:colcon.colcon_core.package_identification:_identify(dependencies) by extensions ['ignore', 'ignore_ament_install']
[0.324s] Level 1:colcon.colcon_core.package_identification:_identify(dependencies) by extension 'ignore'
[0.324s] Level 1:colcon.colcon_core.package_identification:_identify(dependencies) by extension 'ignore_ament_install'
[0.324s] Level 1:colcon.colcon_core.package_identification:_identify(dependencies) by extensions ['colcon_pkg']
[0.324s] Level 1:colcon.colcon_core.package_identification:_identify(dependencies) by extension 'colcon_pkg'
[0.325s] Level 1:colcon.colcon_core.package_identification:_identify(dependencies) by extensions ['colcon_meta']
[0.325s] Level 1:colcon.colcon_core.package_identification:_identify(dependencies) by extension 'colcon_meta'
[0.325s] Level 1:colcon.colcon_core.package_identification:_identify(dependencies) by extensions ['ros']
[0.325s] Level 1:colcon.colcon_core.package_identification:_identify(dependencies) by extension 'ros'
[0.325s] Level 1:colcon.colcon_core.package_identification:_identify(dependencies) by extensions ['cmake', 'python']
[0.325s] Level 1:colcon.colcon_core.package_identification:_identify(dependencies) by extension 'cmake'
[0.325s] Level 1:colcon.colcon_core.package_identification:_identify(dependencies) by extension 'python'
[0.325s] Level 1:colcon.colcon_core.package_identification:_identify(dependencies) by extensions ['python_setup_py']
[0.325s] Level 1:colcon.colcon_core.package_identification:_identify(dependencies) by extension 'python_setup_py'
[0.325s] Level 1:colcon.colcon_core.package_identification:_identify(dependencies/ackermann_msgs) by extensions ['ignore', 'ignore_ament_install']
[0.325s] Level 1:colcon.colcon_core.package_identification:_identify(dependencies/ackermann_msgs) by extension 'ignore'
[0.325s] Level 1:colcon.colcon_core.package_identification:_identify(dependencies/ackermann_msgs) by extension 'ignore_ament_install'
[0.325s] Level 1:colcon.colcon_core.package_identification:_identify(dependencies/ackermann_msgs) by extensions ['colcon_pkg']
[0.325s] Level 1:colcon.colcon_core.package_identification:_identify(dependencies/ackermann_msgs) by extension 'colcon_pkg'
[0.325s] Level 1:colcon.colcon_core.package_identification:_identify(dependencies/ackermann_msgs) by extensions ['colcon_meta']
[0.325s] Level 1:colcon.colcon_core.package_identification:_identify(dependencies/ackermann_msgs) by extension 'colcon_meta'
[0.326s] Level 1:colcon.colcon_core.package_identification:_identify(dependencies/ackermann_msgs) by extensions ['ros']
[0.326s] Level 1:colcon.colcon_core.package_identification:_identify(dependencies/ackermann_msgs) by extension 'ros'
[0.326s] Level 1:colcon.colcon_core.package_identification:_identify(dependencies/ackermann_msgs) by extensions ['cmake', 'python']
[0.326s] Level 1:colcon.colcon_core.package_identification:_identify(dependencies/ackermann_msgs) by extension 'cmake'
[0.326s] Level 1:colcon.colcon_core.package_identification:_identify(dependencies/ackermann_msgs) by extension 'python'
[0.326s] Level 1:colcon.colcon_core.package_identification:_identify(dependencies/ackermann_msgs) by extensions ['python_setup_py']
[0.326s] Level 1:colcon.colcon_core.package_identification:_identify(dependencies/ackermann_msgs) by extension 'python_setup_py'
[0.326s] Level 1:colcon.colcon_core.package_identification:_identify(dependencies/asurt_msgs) by extensions ['ignore', 'ignore_ament_install']
[0.326s] Level 1:colcon.colcon_core.package_identification:_identify(dependencies/asurt_msgs) by extension 'ignore'
[0.326s] Level 1:colcon.colcon_core.package_identification:_identify(dependencies/asurt_msgs) by extension 'ignore_ament_install'
[0.326s] Level 1:colcon.colcon_core.package_identification:_identify(dependencies/asurt_msgs) by extensions ['colcon_pkg']
[0.326s] Level 1:colcon.colcon_core.package_identification:_identify(dependencies/asurt_msgs) by extension 'colcon_pkg'
[0.326s] Level 1:colcon.colcon_core.package_identification:_identify(dependencies/asurt_msgs) by extensions ['colcon_meta']
[0.326s] Level 1:colcon.colcon_core.package_identification:_identify(dependencies/asurt_msgs) by extension 'colcon_meta'
[0.326s] Level 1:colcon.colcon_core.package_identification:_identify(dependencies/asurt_msgs) by extensions ['ros']
[0.326s] Level 1:colcon.colcon_core.package_identification:_identify(dependencies/asurt_msgs) by extension 'ros'
[0.329s] DEBUG:colcon.colcon_core.package_identification:Package 'dependencies/asurt_msgs' with type 'ros.ament_cmake' and name 'asurt_msgs'
[0.329s] Level 1:colcon.colcon_core.package_identification:_identify(dependencies/common_params) by extensions ['ignore', 'ignore_ament_install']
[0.329s] Level 1:colcon.colcon_core.package_identification:_identify(dependencies/common_params) by extension 'ignore'
[0.330s] Level 1:colcon.colcon_core.package_identification:_identify(dependencies/common_params) by extension 'ignore_ament_install'
[0.330s] Level 1:colcon.colcon_core.package_identification:_identify(dependencies/common_params) by extensions ['colcon_pkg']
[0.330s] Level 1:colcon.colcon_core.package_identification:_identify(dependencies/common_params) by extension 'colcon_pkg'
[0.330s] Level 1:colcon.colcon_core.package_identification:_identify(dependencies/common_params) by extensions ['colcon_meta']
[0.330s] Level 1:colcon.colcon_core.package_identification:_identify(dependencies/common_params) by extension 'colcon_meta'
[0.330s] Level 1:colcon.colcon_core.package_identification:_identify(dependencies/common_params) by extensions ['ros']
[0.330s] Level 1:colcon.colcon_core.package_identification:_identify(dependencies/common_params) by extension 'ros'
[0.331s] DEBUG:colcon.colcon_core.package_identification:Package 'dependencies/common_params' with type 'ros.ament_cmake' and name 'common_params'
[0.331s] Level 1:colcon.colcon_core.package_identification:_identify(dependencies/eufs_msgs) by extensions ['ignore', 'ignore_ament_install']
[0.331s] Level 1:colcon.colcon_core.package_identification:_identify(dependencies/eufs_msgs) by extension 'ignore'
[0.331s] Level 1:colcon.colcon_core.package_identification:_identify(dependencies/eufs_msgs) by extension 'ignore_ament_install'
[0.331s] Level 1:colcon.colcon_core.package_identification:_identify(dependencies/eufs_msgs) by extensions ['colcon_pkg']
[0.331s] Level 1:colcon.colcon_core.package_identification:_identify(dependencies/eufs_msgs) by extension 'colcon_pkg'
[0.331s] Level 1:colcon.colcon_core.package_identification:_identify(dependencies/eufs_msgs) by extensions ['colcon_meta']
[0.331s] Level 1:colcon.colcon_core.package_identification:_identify(dependencies/eufs_msgs) by extension 'colcon_meta'
[0.331s] Level 1:colcon.colcon_core.package_identification:_identify(dependencies/eufs_msgs) by extensions ['ros']
[0.331s] Level 1:colcon.colcon_core.package_identification:_identify(dependencies/eufs_msgs) by extension 'ros'
[0.332s] DEBUG:colcon.colcon_core.package_identification:Package 'dependencies/eufs_msgs' with type 'ros.ament_cmake' and name 'eufs_msgs'
[0.332s] Level 1:colcon.colcon_core.package_identification:_identify(dependencies/interfaces) by extensions ['ignore', 'ignore_ament_install']
[0.333s] Level 1:colcon.colcon_core.package_identification:_identify(dependencies/interfaces) by extension 'ignore'
[0.333s] Level 1:colcon.colcon_core.package_identification:_identify(dependencies/interfaces) by extension 'ignore_ament_install'
[0.333s] Level 1:colcon.colcon_core.package_identification:_identify(dependencies/interfaces) by extensions ['colcon_pkg']
[0.333s] Level 1:colcon.colcon_core.package_identification:_identify(dependencies/interfaces) by extension 'colcon_pkg'
[0.333s] Level 1:colcon.colcon_core.package_identification:_identify(dependencies/interfaces) by extensions ['colcon_meta']
[0.333s] Level 1:colcon.colcon_core.package_identification:_identify(dependencies/interfaces) by extension 'colcon_meta'
[0.333s] Level 1:colcon.colcon_core.package_identification:_identify(dependencies/interfaces) by extensions ['ros']
[0.333s] Level 1:colcon.colcon_core.package_identification:_identify(dependencies/interfaces) by extension 'ros'
[0.334s] DEBUG:colcon.colcon_core.package_identification:Package 'dependencies/interfaces' with type 'ros.ament_cmake' and name 'interfaces'
[0.335s] Level 1:colcon.colcon_core.package_identification:_identify(dependencies/ros_numpy) by extensions ['ignore', 'ignore_ament_install']
[0.335s] Level 1:colcon.colcon_core.package_identification:_identify(dependencies/ros_numpy) by extension 'ignore'
[0.335s] Level 1:colcon.colcon_core.package_identification:_identify(dependencies/ros_numpy) by extension 'ignore_ament_install'
[0.335s] Level 1:colcon.colcon_core.package_identification:_identify(dependencies/ros_numpy) by extensions ['colcon_pkg']
[0.335s] Level 1:colcon.colcon_core.package_identification:_identify(dependencies/ros_numpy) by extension 'colcon_pkg'
[0.335s] Level 1:colcon.colcon_core.package_identification:_identify(dependencies/ros_numpy) by extensions ['colcon_meta']
[0.335s] Level 1:colcon.colcon_core.package_identification:_identify(dependencies/ros_numpy) by extension 'colcon_meta'
[0.335s] Level 1:colcon.colcon_core.package_identification:_identify(dependencies/ros_numpy) by extensions ['ros']
[0.335s] Level 1:colcon.colcon_core.package_identification:_identify(dependencies/ros_numpy) by extension 'ros'
[0.335s] Level 1:colcon.colcon_core.package_identification:_identify(dependencies/ros_numpy) by extensions ['cmake', 'python']
[0.335s] Level 1:colcon.colcon_core.package_identification:_identify(dependencies/ros_numpy) by extension 'cmake'
[0.335s] Level 1:colcon.colcon_core.package_identification:_identify(dependencies/ros_numpy) by extension 'python'
[0.335s] Level 1:colcon.colcon_core.package_identification:_identify(dependencies/ros_numpy) by extensions ['python_setup_py']
[0.336s] Level 1:colcon.colcon_core.package_identification:_identify(dependencies/ros_numpy) by extension 'python_setup_py'
[0.336s] Level 1:colcon.colcon_core.package_identification:_identify(dependencies/spinnaker_sdk_camera_driver) by extensions ['ignore', 'ignore_ament_install']
[0.336s] Level 1:colcon.colcon_core.package_identification:_identify(dependencies/spinnaker_sdk_camera_driver) by extension 'ignore'
[0.336s] Level 1:colcon.colcon_core.package_identification:_identify(dependencies/spinnaker_sdk_camera_driver) by extension 'ignore_ament_install'
[0.336s] Level 1:colcon.colcon_core.package_identification:_identify(dependencies/spinnaker_sdk_camera_driver) by extensions ['colcon_pkg']
[0.336s] Level 1:colcon.colcon_core.package_identification:_identify(dependencies/spinnaker_sdk_camera_driver) by extension 'colcon_pkg'
[0.336s] Level 1:colcon.colcon_core.package_identification:_identify(dependencies/spinnaker_sdk_camera_driver) by extensions ['colcon_meta']
[0.336s] Level 1:colcon.colcon_core.package_identification:_identify(dependencies/spinnaker_sdk_camera_driver) by extension 'colcon_meta'
[0.336s] Level 1:colcon.colcon_core.package_identification:_identify(dependencies/spinnaker_sdk_camera_driver) by extensions ['ros']
[0.336s] Level 1:colcon.colcon_core.package_identification:_identify(dependencies/spinnaker_sdk_camera_driver) by extension 'ros'
[0.336s] Level 1:colcon.colcon_core.package_identification:_identify(dependencies/spinnaker_sdk_camera_driver) by extensions ['cmake', 'python']
[0.336s] Level 1:colcon.colcon_core.package_identification:_identify(dependencies/spinnaker_sdk_camera_driver) by extension 'cmake'
[0.336s] Level 1:colcon.colcon_core.package_identification:_identify(dependencies/spinnaker_sdk_camera_driver) by extension 'python'
[0.336s] Level 1:colcon.colcon_core.package_identification:_identify(dependencies/spinnaker_sdk_camera_driver) by extensions ['python_setup_py']
[0.336s] Level 1:colcon.colcon_core.package_identification:_identify(dependencies/spinnaker_sdk_camera_driver) by extension 'python_setup_py'
[0.337s] Level 1:colcon.colcon_core.package_identification:_identify(dependencies/tf_helper) by extensions ['ignore', 'ignore_ament_install']
[0.337s] Level 1:colcon.colcon_core.package_identification:_identify(dependencies/tf_helper) by extension 'ignore'
[0.337s] Level 1:colcon.colcon_core.package_identification:_identify(dependencies/tf_helper) by extension 'ignore_ament_install'
[0.337s] Level 1:colcon.colcon_core.package_identification:_identify(dependencies/tf_helper) by extensions ['colcon_pkg']
[0.337s] Level 1:colcon.colcon_core.package_identification:_identify(dependencies/tf_helper) by extension 'colcon_pkg'
[0.337s] Level 1:colcon.colcon_core.package_identification:_identify(dependencies/tf_helper) by extensions ['colcon_meta']
[0.337s] Level 1:colcon.colcon_core.package_identification:_identify(dependencies/tf_helper) by extension 'colcon_meta'
[0.337s] Level 1:colcon.colcon_core.package_identification:_identify(dependencies/tf_helper) by extensions ['ros']
[0.337s] Level 1:colcon.colcon_core.package_identification:_identify(dependencies/tf_helper) by extension 'ros'
[0.338s] DEBUG:colcon.colcon_core.package_identification:Package 'dependencies/tf_helper' with type 'ros.catkin' and name 'tf_helper'
[0.339s] Level 1:colcon.colcon_core.package_identification:_identify(dependencies/zed_opencv) by extensions ['ignore', 'ignore_ament_install']
[0.339s] Level 1:colcon.colcon_core.package_identification:_identify(dependencies/zed_opencv) by extension 'ignore'
[0.339s] Level 1:colcon.colcon_core.package_identification:_identify(dependencies/zed_opencv) by extension 'ignore_ament_install'
[0.339s] Level 1:colcon.colcon_core.package_identification:_identify(dependencies/zed_opencv) by extensions ['colcon_pkg']
[0.339s] Level 1:colcon.colcon_core.package_identification:_identify(dependencies/zed_opencv) by extension 'colcon_pkg'
[0.339s] Level 1:colcon.colcon_core.package_identification:_identify(dependencies/zed_opencv) by extensions ['colcon_meta']
[0.339s] Level 1:colcon.colcon_core.package_identification:_identify(dependencies/zed_opencv) by extension 'colcon_meta'
[0.339s] Level 1:colcon.colcon_core.package_identification:_identify(dependencies/zed_opencv) by extensions ['ros']
[0.339s] Level 1:colcon.colcon_core.package_identification:_identify(dependencies/zed_opencv) by extension 'ros'
[0.340s] DEBUG:colcon.colcon_core.package_identification:Package 'dependencies/zed_opencv' with type 'ros.catkin' and name 'zed_opencv'
[0.340s] Level 1:colcon.colcon_core.package_identification:_identify(install) by extensions ['ignore', 'ignore_ament_install']
[0.340s] Level 1:colcon.colcon_core.package_identification:_identify(install) by extension 'ignore'
[0.340s] Level 1:colcon.colcon_core.package_identification:_identify(install) ignored
[0.340s] Level 1:colcon.colcon_core.package_identification:_identify(log) by extensions ['ignore', 'ignore_ament_install']
[0.340s] Level 1:colcon.colcon_core.package_identification:_identify(log) by extension 'ignore'
[0.340s] Level 1:colcon.colcon_core.package_identification:_identify(log) ignored
[0.340s] Level 1:colcon.colcon_core.package_identification:_identify(navigation) by extensions ['ignore', 'ignore_ament_install']
[0.340s] Level 1:colcon.colcon_core.package_identification:_identify(navigation) by extension 'ignore'
[0.340s] Level 1:colcon.colcon_core.package_identification:_identify(navigation) by extension 'ignore_ament_install'
[0.340s] Level 1:colcon.colcon_core.package_identification:_identify(navigation) by extensions ['colcon_pkg']
[0.340s] Level 1:colcon.colcon_core.package_identification:_identify(navigation) by extension 'colcon_pkg'
[0.340s] Level 1:colcon.colcon_core.package_identification:_identify(navigation) by extensions ['colcon_meta']
[0.341s] Level 1:colcon.colcon_core.package_identification:_identify(navigation) by extension 'colcon_meta'
[0.341s] Level 1:colcon.colcon_core.package_identification:_identify(navigation) by extensions ['ros']
[0.341s] Level 1:colcon.colcon_core.package_identification:_identify(navigation) by extension 'ros'
[0.341s] Level 1:colcon.colcon_core.package_identification:_identify(navigation) by extensions ['cmake', 'python']
[0.341s] Level 1:colcon.colcon_core.package_identification:_identify(navigation) by extension 'cmake'
[0.341s] Level 1:colcon.colcon_core.package_identification:_identify(navigation) by extension 'python'
[0.341s] Level 1:colcon.colcon_core.package_identification:_identify(navigation) by extensions ['python_setup_py']
[0.341s] Level 1:colcon.colcon_core.package_identification:_identify(navigation) by extension 'python_setup_py'
[0.341s] Level 1:colcon.colcon_core.package_identification:_identify(navigation/centerline_calc) by extensions ['ignore', 'ignore_ament_install']
[0.341s] Level 1:colcon.colcon_core.package_identification:_identify(navigation/centerline_calc) by extension 'ignore'
[0.341s] Level 1:colcon.colcon_core.package_identification:_identify(navigation/centerline_calc) by extension 'ignore_ament_install'
[0.341s] Level 1:colcon.colcon_core.package_identification:_identify(navigation/centerline_calc) by extensions ['colcon_pkg']
[0.341s] Level 1:colcon.colcon_core.package_identification:_identify(navigation/centerline_calc) by extension 'colcon_pkg'
[0.341s] Level 1:colcon.colcon_core.package_identification:_identify(navigation/centerline_calc) by extensions ['colcon_meta']
[0.341s] Level 1:colcon.colcon_core.package_identification:_identify(navigation/centerline_calc) by extension 'colcon_meta'
[0.341s] Level 1:colcon.colcon_core.package_identification:_identify(navigation/centerline_calc) by extensions ['ros']
[0.342s] Level 1:colcon.colcon_core.package_identification:_identify(navigation/centerline_calc) by extension 'ros'
[0.343s] DEBUG:colcon.colcon_core.package_identification:Package 'navigation/centerline_calc' with type 'ros.catkin' and name 'centerline_calc'
[0.343s] Level 1:colcon.colcon_core.package_identification:_identify(navigation/lqr) by extensions ['ignore', 'ignore_ament_install']
[0.343s] Level 1:colcon.colcon_core.package_identification:_identify(navigation/lqr) by extension 'ignore'
[0.343s] Level 1:colcon.colcon_core.package_identification:_identify(navigation/lqr) by extension 'ignore_ament_install'
[0.343s] Level 1:colcon.colcon_core.package_identification:_identify(navigation/lqr) by extensions ['colcon_pkg']
[0.343s] Level 1:colcon.colcon_core.package_identification:_identify(navigation/lqr) by extension 'colcon_pkg'
[0.343s] Level 1:colcon.colcon_core.package_identification:_identify(navigation/lqr) by extensions ['colcon_meta']
[0.343s] Level 1:colcon.colcon_core.package_identification:_identify(navigation/lqr) by extension 'colcon_meta'
[0.343s] Level 1:colcon.colcon_core.package_identification:_identify(navigation/lqr) by extensions ['ros']
[0.343s] Level 1:colcon.colcon_core.package_identification:_identify(navigation/lqr) by extension 'ros'
[0.344s] DEBUG:colcon.colcon_core.package_identification:Package 'navigation/lqr' with type 'ros.catkin' and name 'lqr'
[0.344s] Level 1:colcon.colcon_core.package_identification:_identify(navigation/pure_pursuit) by extensions ['ignore', 'ignore_ament_install']
[0.344s] Level 1:colcon.colcon_core.package_identification:_identify(navigation/pure_pursuit) by extension 'ignore'
[0.344s] Level 1:colcon.colcon_core.package_identification:_identify(navigation/pure_pursuit) by extension 'ignore_ament_install'
[0.344s] Level 1:colcon.colcon_core.package_identification:_identify(navigation/pure_pursuit) by extensions ['colcon_pkg']
[0.344s] Level 1:colcon.colcon_core.package_identification:_identify(navigation/pure_pursuit) by extension 'colcon_pkg'
[0.344s] Level 1:colcon.colcon_core.package_identification:_identify(navigation/pure_pursuit) by extensions ['colcon_meta']
[0.344s] Level 1:colcon.colcon_core.package_identification:_identify(navigation/pure_pursuit) by extension 'colcon_meta'
[0.344s] Level 1:colcon.colcon_core.package_identification:_identify(navigation/pure_pursuit) by extensions ['ros']
[0.344s] Level 1:colcon.colcon_core.package_identification:_identify(navigation/pure_pursuit) by extension 'ros'
[0.345s] DEBUG:colcon.colcon_core.package_identification:Package 'navigation/pure_pursuit' with type 'ros.catkin' and name 'pure_pursuit'
[0.345s] Level 1:colcon.colcon_core.package_identification:_identify(navigation/simple_pure_pursuit) by extensions ['ignore', 'ignore_ament_install']
[0.345s] Level 1:colcon.colcon_core.package_identification:_identify(navigation/simple_pure_pursuit) by extension 'ignore'
[0.345s] Level 1:colcon.colcon_core.package_identification:_identify(navigation/simple_pure_pursuit) by extension 'ignore_ament_install'
[0.345s] Level 1:colcon.colcon_core.package_identification:_identify(navigation/simple_pure_pursuit) by extensions ['colcon_pkg']
[0.345s] Level 1:colcon.colcon_core.package_identification:_identify(navigation/simple_pure_pursuit) by extension 'colcon_pkg'
[0.345s] Level 1:colcon.colcon_core.package_identification:_identify(navigation/simple_pure_pursuit) by extensions ['colcon_meta']
[0.345s] Level 1:colcon.colcon_core.package_identification:_identify(navigation/simple_pure_pursuit) by extension 'colcon_meta'
[0.345s] Level 1:colcon.colcon_core.package_identification:_identify(navigation/simple_pure_pursuit) by extensions ['ros']
[0.345s] Level 1:colcon.colcon_core.package_identification:_identify(navigation/simple_pure_pursuit) by extension 'ros'
[0.346s] DEBUG:colcon.colcon_core.package_identification:Package 'navigation/simple_pure_pursuit' with type 'ros.catkin' and name 'simple_pure_pursuit'
[0.346s] Level 1:colcon.colcon_core.package_identification:_identify(perception) by extensions ['ignore', 'ignore_ament_install']
[0.346s] Level 1:colcon.colcon_core.package_identification:_identify(perception) by extension 'ignore'
[0.346s] Level 1:colcon.colcon_core.package_identification:_identify(perception) by extension 'ignore_ament_install'
[0.346s] Level 1:colcon.colcon_core.package_identification:_identify(perception) by extensions ['colcon_pkg']
[0.346s] Level 1:colcon.colcon_core.package_identification:_identify(perception) by extension 'colcon_pkg'
[0.346s] Level 1:colcon.colcon_core.package_identification:_identify(perception) by extensions ['colcon_meta']
[0.346s] Level 1:colcon.colcon_core.package_identification:_identify(perception) by extension 'colcon_meta'
[0.346s] Level 1:colcon.colcon_core.package_identification:_identify(perception) by extensions ['ros']
[0.346s] Level 1:colcon.colcon_core.package_identification:_identify(perception) by extension 'ros'
[0.346s] Level 1:colcon.colcon_core.package_identification:_identify(perception) by extensions ['cmake', 'python']
[0.346s] Level 1:colcon.colcon_core.package_identification:_identify(perception) by extension 'cmake'
[0.347s] Level 1:colcon.colcon_core.package_identification:_identify(perception) by extension 'python'
[0.347s] Level 1:colcon.colcon_core.package_identification:_identify(perception) by extensions ['python_setup_py']
[0.347s] Level 1:colcon.colcon_core.package_identification:_identify(perception) by extension 'python_setup_py'
[0.347s] Level 1:colcon.colcon_core.package_identification:_identify(perception/camera_interface) by extensions ['ignore', 'ignore_ament_install']
[0.347s] Level 1:colcon.colcon_core.package_identification:_identify(perception/camera_interface) by extension 'ignore'
[0.347s] Level 1:colcon.colcon_core.package_identification:_identify(perception/camera_interface) by extension 'ignore_ament_install'
[0.347s] Level 1:colcon.colcon_core.package_identification:_identify(perception/camera_interface) by extensions ['colcon_pkg']
[0.347s] Level 1:colcon.colcon_core.package_identification:_identify(perception/camera_interface) by extension 'colcon_pkg'
[0.347s] Level 1:colcon.colcon_core.package_identification:_identify(perception/camera_interface) by extensions ['colcon_meta']
[0.347s] Level 1:colcon.colcon_core.package_identification:_identify(perception/camera_interface) by extension 'colcon_meta'
[0.347s] Level 1:colcon.colcon_core.package_identification:_identify(perception/camera_interface) by extensions ['ros']
[0.347s] Level 1:colcon.colcon_core.package_identification:_identify(perception/camera_interface) by extension 'ros'
[0.348s] DEBUG:colcon.colcon_core.package_identification:Package 'perception/camera_interface' with type 'ros.ament_python' and name 'camera_interface'
[0.348s] Level 1:colcon.colcon_core.package_identification:_identify(perception/kp_reg) by extensions ['ignore', 'ignore_ament_install']
[0.348s] Level 1:colcon.colcon_core.package_identification:_identify(perception/kp_reg) by extension 'ignore'
[0.348s] Level 1:colcon.colcon_core.package_identification:_identify(perception/kp_reg) by extension 'ignore_ament_install'
[0.348s] Level 1:colcon.colcon_core.package_identification:_identify(perception/kp_reg) by extensions ['colcon_pkg']
[0.348s] Level 1:colcon.colcon_core.package_identification:_identify(perception/kp_reg) by extension 'colcon_pkg'
[0.348s] Level 1:colcon.colcon_core.package_identification:_identify(perception/kp_reg) by extensions ['colcon_meta']
[0.348s] Level 1:colcon.colcon_core.package_identification:_identify(perception/kp_reg) by extension 'colcon_meta'
[0.348s] Level 1:colcon.colcon_core.package_identification:_identify(perception/kp_reg) by extensions ['ros']
[0.348s] Level 1:colcon.colcon_core.package_identification:_identify(perception/kp_reg) by extension 'ros'
[0.349s] DEBUG:colcon.colcon_core.package_identification:Package 'perception/kp_reg' with type 'ros.ament_python' and name 'kp_reg'
[0.349s] Level 1:colcon.colcon_core.package_identification:_identify(perception/moreo) by extensions ['ignore', 'ignore_ament_install']
[0.349s] Level 1:colcon.colcon_core.package_identification:_identify(perception/moreo) by extension 'ignore'
[0.349s] Level 1:colcon.colcon_core.package_identification:_identify(perception/moreo) by extension 'ignore_ament_install'
[0.349s] Level 1:colcon.colcon_core.package_identification:_identify(perception/moreo) by extensions ['colcon_pkg']
[0.349s] Level 1:colcon.colcon_core.package_identification:_identify(perception/moreo) by extension 'colcon_pkg'
[0.349s] Level 1:colcon.colcon_core.package_identification:_identify(perception/moreo) by extensions ['colcon_meta']
[0.349s] Level 1:colcon.colcon_core.package_identification:_identify(perception/moreo) by extension 'colcon_meta'
[0.349s] Level 1:colcon.colcon_core.package_identification:_identify(perception/moreo) by extensions ['ros']
[0.349s] Level 1:colcon.colcon_core.package_identification:_identify(perception/moreo) by extension 'ros'
[0.351s] DEBUG:colcon.colcon_core.package_identification:Package 'perception/moreo' with type 'ros.ament_python' and name 'moreo'
[0.351s] Level 1:colcon.colcon_core.package_identification:_identify(perception/mrpython_pcl) by extensions ['ignore', 'ignore_ament_install']
[0.351s] Level 1:colcon.colcon_core.package_identification:_identify(perception/mrpython_pcl) by extension 'ignore'
[0.351s] Level 1:colcon.colcon_core.package_identification:_identify(perception/mrpython_pcl) by extension 'ignore_ament_install'
[0.351s] Level 1:colcon.colcon_core.package_identification:_identify(perception/mrpython_pcl) by extensions ['colcon_pkg']
[0.351s] Level 1:colcon.colcon_core.package_identification:_identify(perception/mrpython_pcl) by extension 'colcon_pkg'
[0.351s] Level 1:colcon.colcon_core.package_identification:_identify(perception/mrpython_pcl) by extensions ['colcon_meta']
[0.351s] Level 1:colcon.colcon_core.package_identification:_identify(perception/mrpython_pcl) by extension 'colcon_meta'
[0.352s] Level 1:colcon.colcon_core.package_identification:_identify(perception/mrpython_pcl) by extensions ['ros']
[0.352s] Level 1:colcon.colcon_core.package_identification:_identify(perception/mrpython_pcl) by extension 'ros'
[0.352s] DEBUG:colcon.colcon_core.package_identification:Package 'perception/mrpython_pcl' with type 'ros.ament_python' and name 'mrpython_pcl'
[0.352s] Level 1:colcon.colcon_core.package_identification:_identify(perception/smoreo) by extensions ['ignore', 'ignore_ament_install']
[0.353s] Level 1:colcon.colcon_core.package_identification:_identify(perception/smoreo) by extension 'ignore'
[0.353s] Level 1:colcon.colcon_core.package_identification:_identify(perception/smoreo) by extension 'ignore_ament_install'
[0.353s] Level 1:colcon.colcon_core.package_identification:_identify(perception/smoreo) by extensions ['colcon_pkg']
[0.353s] Level 1:colcon.colcon_core.package_identification:_identify(perception/smoreo) by extension 'colcon_pkg'
[0.353s] Level 1:colcon.colcon_core.package_identification:_identify(perception/smoreo) by extensions ['colcon_meta']
[0.353s] Level 1:colcon.colcon_core.package_identification:_identify(perception/smoreo) by extension 'colcon_meta'
[0.353s] Level 1:colcon.colcon_core.package_identification:_identify(perception/smoreo) by extensions ['ros']
[0.353s] Level 1:colcon.colcon_core.package_identification:_identify(perception/smoreo) by extension 'ros'
[0.353s] DEBUG:colcon.colcon_core.package_identification:Package 'perception/smoreo' with type 'ros.ament_python' and name 'smoreo'
[0.353s] Level 1:colcon.colcon_core.package_identification:_identify(perception/smornn) by extensions ['ignore', 'ignore_ament_install']
[0.353s] Level 1:colcon.colcon_core.package_identification:_identify(perception/smornn) by extension 'ignore'
[0.353s] Level 1:colcon.colcon_core.package_identification:_identify(perception/smornn) by extension 'ignore_ament_install'
[0.354s] Level 1:colcon.colcon_core.package_identification:_identify(perception/smornn) by extensions ['colcon_pkg']
[0.354s] Level 1:colcon.colcon_core.package_identification:_identify(perception/smornn) by extension 'colcon_pkg'
[0.354s] Level 1:colcon.colcon_core.package_identification:_identify(perception/smornn) by extensions ['colcon_meta']
[0.354s] Level 1:colcon.colcon_core.package_identification:_identify(perception/smornn) by extension 'colcon_meta'
[0.354s] Level 1:colcon.colcon_core.package_identification:_identify(perception/smornn) by extensions ['ros']
[0.354s] Level 1:colcon.colcon_core.package_identification:_identify(perception/smornn) by extension 'ros'
[0.354s] DEBUG:colcon.colcon_core.package_identification:Package 'perception/smornn' with type 'ros.ament_python' and name 'smornn'
[0.354s] Level 1:colcon.colcon_core.package_identification:_identify(perception/tracker) by extensions ['ignore', 'ignore_ament_install']
[0.354s] Level 1:colcon.colcon_core.package_identification:_identify(perception/tracker) by extension 'ignore'
[0.354s] Level 1:colcon.colcon_core.package_identification:_identify(perception/tracker) by extension 'ignore_ament_install'
[0.354s] Level 1:colcon.colcon_core.package_identification:_identify(perception/tracker) by extensions ['colcon_pkg']
[0.354s] Level 1:colcon.colcon_core.package_identification:_identify(perception/tracker) by extension 'colcon_pkg'
[0.355s] Level 1:colcon.colcon_core.package_identification:_identify(perception/tracker) by extensions ['colcon_meta']
[0.355s] Level 1:colcon.colcon_core.package_identification:_identify(perception/tracker) by extension 'colcon_meta'
[0.355s] Level 1:colcon.colcon_core.package_identification:_identify(perception/tracker) by extensions ['ros']
[0.355s] Level 1:colcon.colcon_core.package_identification:_identify(perception/tracker) by extension 'ros'
[0.355s] DEBUG:colcon.colcon_core.package_identification:Package 'perception/tracker' with type 'ros.ament_python' and name 'tracker'
[0.355s] Level 1:colcon.colcon_core.package_identification:_identify(perception/visualizer) by extensions ['ignore', 'ignore_ament_install']
[0.356s] Level 1:colcon.colcon_core.package_identification:_identify(perception/visualizer) by extension 'ignore'
[0.356s] Level 1:colcon.colcon_core.package_identification:_identify(perception/visualizer) by extension 'ignore_ament_install'
[0.356s] Level 1:colcon.colcon_core.package_identification:_identify(perception/visualizer) by extensions ['colcon_pkg']
[0.356s] Level 1:colcon.colcon_core.package_identification:_identify(perception/visualizer) by extension 'colcon_pkg'
[0.356s] Level 1:colcon.colcon_core.package_identification:_identify(perception/visualizer) by extensions ['colcon_meta']
[0.356s] Level 1:colcon.colcon_core.package_identification:_identify(perception/visualizer) by extension 'colcon_meta'
[0.356s] Level 1:colcon.colcon_core.package_identification:_identify(perception/visualizer) by extensions ['ros']
[0.356s] Level 1:colcon.colcon_core.package_identification:_identify(perception/visualizer) by extension 'ros'
[0.357s] DEBUG:colcon.colcon_core.package_identification:Package 'perception/visualizer' with type 'ros.ament_python' and name 'visualizer'
[0.357s] Level 1:colcon.colcon_core.package_identification:_identify(perception/yolov8) by extensions ['ignore', 'ignore_ament_install']
[0.357s] Level 1:colcon.colcon_core.package_identification:_identify(perception/yolov8) by extension 'ignore'
[0.357s] Level 1:colcon.colcon_core.package_identification:_identify(perception/yolov8) by extension 'ignore_ament_install'
[0.357s] Level 1:colcon.colcon_core.package_identification:_identify(perception/yolov8) by extensions ['colcon_pkg']
[0.357s] Level 1:colcon.colcon_core.package_identification:_identify(perception/yolov8) by extension 'colcon_pkg'
[0.357s] Level 1:colcon.colcon_core.package_identification:_identify(perception/yolov8) by extensions ['colcon_meta']
[0.357s] Level 1:colcon.colcon_core.package_identification:_identify(perception/yolov8) by extension 'colcon_meta'
[0.357s] Level 1:colcon.colcon_core.package_identification:_identify(perception/yolov8) by extensions ['ros']
[0.357s] Level 1:colcon.colcon_core.package_identification:_identify(perception/yolov8) by extension 'ros'
[0.358s] DEBUG:colcon.colcon_core.package_identification:Package 'perception/yolov8' with type 'ros.ament_python' and name 'yolov8'
[0.358s] Level 1:colcon.colcon_core.package_identification:_identify(planning) by extensions ['ignore', 'ignore_ament_install']
[0.358s] Level 1:colcon.colcon_core.package_identification:_identify(planning) by extension 'ignore'
[0.358s] Level 1:colcon.colcon_core.package_identification:_identify(planning) by extension 'ignore_ament_install'
[0.358s] Level 1:colcon.colcon_core.package_identification:_identify(planning) by extensions ['colcon_pkg']
[0.358s] Level 1:colcon.colcon_core.package_identification:_identify(planning) by extension 'colcon_pkg'
[0.359s] Level 1:colcon.colcon_core.package_identification:_identify(planning) by extensions ['colcon_meta']
[0.359s] Level 1:colcon.colcon_core.package_identification:_identify(planning) by extension 'colcon_meta'
[0.359s] Level 1:colcon.colcon_core.package_identification:_identify(planning) by extensions ['ros']
[0.359s] Level 1:colcon.colcon_core.package_identification:_identify(planning) by extension 'ros'
[0.359s] Level 1:colcon.colcon_core.package_identification:_identify(planning) by extensions ['cmake', 'python']
[0.359s] Level 1:colcon.colcon_core.package_identification:_identify(planning) by extension 'cmake'
[0.359s] Level 1:colcon.colcon_core.package_identification:_identify(planning) by extension 'python'
[0.359s] Level 1:colcon.colcon_core.package_identification:_identify(planning) by extensions ['python_setup_py']
[0.359s] Level 1:colcon.colcon_core.package_identification:_identify(planning) by extension 'python_setup_py'
[0.359s] Level 1:colcon.colcon_core.package_identification:_identify(planning/planning_apf) by extensions ['ignore', 'ignore_ament_install']
[0.359s] Level 1:colcon.colcon_core.package_identification:_identify(planning/planning_apf) by extension 'ignore'
[0.359s] Level 1:colcon.colcon_core.package_identification:_identify(planning/planning_apf) by extension 'ignore_ament_install'
[0.359s] Level 1:colcon.colcon_core.package_identification:_identify(planning/planning_apf) by extensions ['colcon_pkg']
[0.359s] Level 1:colcon.colcon_core.package_identification:_identify(planning/planning_apf) by extension 'colcon_pkg'
[0.359s] Level 1:colcon.colcon_core.package_identification:_identify(planning/planning_apf) by extensions ['colcon_meta']
[0.359s] Level 1:colcon.colcon_core.package_identification:_identify(planning/planning_apf) by extension 'colcon_meta'
[0.359s] Level 1:colcon.colcon_core.package_identification:_identify(planning/planning_apf) by extensions ['ros']
[0.359s] Level 1:colcon.colcon_core.package_identification:_identify(planning/planning_apf) by extension 'ros'
[0.360s] DEBUG:colcon.colcon_core.package_identification:Package 'planning/planning_apf' with type 'ros.catkin' and name 'planning_apf'
[0.360s] Level 1:colcon.colcon_core.package_identification:_identify(planning/planning_trees) by extensions ['ignore', 'ignore_ament_install']
[0.360s] Level 1:colcon.colcon_core.package_identification:_identify(planning/planning_trees) by extension 'ignore'
[0.360s] Level 1:colcon.colcon_core.package_identification:_identify(planning/planning_trees) by extension 'ignore_ament_install'
[0.360s] Level 1:colcon.colcon_core.package_identification:_identify(planning/planning_trees) by extensions ['colcon_pkg']
[0.360s] Level 1:colcon.colcon_core.package_identification:_identify(planning/planning_trees) by extension 'colcon_pkg'
[0.360s] Level 1:colcon.colcon_core.package_identification:_identify(planning/planning_trees) by extensions ['colcon_meta']
[0.360s] Level 1:colcon.colcon_core.package_identification:_identify(planning/planning_trees) by extension 'colcon_meta'
[0.360s] Level 1:colcon.colcon_core.package_identification:_identify(planning/planning_trees) by extensions ['ros']
[0.360s] Level 1:colcon.colcon_core.package_identification:_identify(planning/planning_trees) by extension 'ros'
[0.361s] DEBUG:colcon.colcon_core.package_identification:Package 'planning/planning_trees' with type 'ros.catkin' and name 'planning_trees'
[0.361s] Level 1:colcon.colcon_core.package_identification:_identify(planning/waypoint_cleaner) by extensions ['ignore', 'ignore_ament_install']
[0.361s] Level 1:colcon.colcon_core.package_identification:_identify(planning/waypoint_cleaner) by extension 'ignore'
[0.361s] Level 1:colcon.colcon_core.package_identification:_identify(planning/waypoint_cleaner) by extension 'ignore_ament_install'
[0.361s] Level 1:colcon.colcon_core.package_identification:_identify(planning/waypoint_cleaner) by extensions ['colcon_pkg']
[0.361s] Level 1:colcon.colcon_core.package_identification:_identify(planning/waypoint_cleaner) by extension 'colcon_pkg'
[0.361s] Level 1:colcon.colcon_core.package_identification:_identify(planning/waypoint_cleaner) by extensions ['colcon_meta']
[0.361s] Level 1:colcon.colcon_core.package_identification:_identify(planning/waypoint_cleaner) by extension 'colcon_meta'
[0.361s] Level 1:colcon.colcon_core.package_identification:_identify(planning/waypoint_cleaner) by extensions ['ros']
[0.361s] Level 1:colcon.colcon_core.package_identification:_identify(planning/waypoint_cleaner) by extension 'ros'
[0.362s] DEBUG:colcon.colcon_core.package_identification:Package 'planning/waypoint_cleaner' with type 'ros.catkin' and name 'waypoint_cleaner'
[0.362s] Level 1:colcon.colcon_core.package_identification:_identify(slam) by extensions ['ignore', 'ignore_ament_install']
[0.362s] Level 1:colcon.colcon_core.package_identification:_identify(slam) by extension 'ignore'
[0.362s] Level 1:colcon.colcon_core.package_identification:_identify(slam) by extension 'ignore_ament_install'
[0.362s] Level 1:colcon.colcon_core.package_identification:_identify(slam) by extensions ['colcon_pkg']
[0.362s] Level 1:colcon.colcon_core.package_identification:_identify(slam) by extension 'colcon_pkg'
[0.362s] Level 1:colcon.colcon_core.package_identification:_identify(slam) by extensions ['colcon_meta']
[0.362s] Level 1:colcon.colcon_core.package_identification:_identify(slam) by extension 'colcon_meta'
[0.362s] Level 1:colcon.colcon_core.package_identification:_identify(slam) by extensions ['ros']
[0.362s] Level 1:colcon.colcon_core.package_identification:_identify(slam) by extension 'ros'
[0.362s] Level 1:colcon.colcon_core.package_identification:_identify(slam) by extensions ['cmake', 'python']
[0.362s] Level 1:colcon.colcon_core.package_identification:_identify(slam) by extension 'cmake'
[0.362s] Level 1:colcon.colcon_core.package_identification:_identify(slam) by extension 'python'
[0.362s] Level 1:colcon.colcon_core.package_identification:_identify(slam) by extensions ['python_setup_py']
[0.363s] Level 1:colcon.colcon_core.package_identification:_identify(slam) by extension 'python_setup_py'
[0.363s] Level 1:colcon.colcon_core.package_identification:_identify(slam/aloam) by extensions ['ignore', 'ignore_ament_install']
[0.363s] Level 1:colcon.colcon_core.package_identification:_identify(slam/aloam) by extension 'ignore'
[0.363s] Level 1:colcon.colcon_core.package_identification:_identify(slam/aloam) by extension 'ignore_ament_install'
[0.363s] Level 1:colcon.colcon_core.package_identification:_identify(slam/aloam) by extensions ['colcon_pkg']
[0.363s] Level 1:colcon.colcon_core.package_identification:_identify(slam/aloam) by extension 'colcon_pkg'
[0.363s] Level 1:colcon.colcon_core.package_identification:_identify(slam/aloam) by extensions ['colcon_meta']
[0.363s] Level 1:colcon.colcon_core.package_identification:_identify(slam/aloam) by extension 'colcon_meta'
[0.363s] Level 1:colcon.colcon_core.package_identification:_identify(slam/aloam) by extensions ['ros']
[0.363s] Level 1:colcon.colcon_core.package_identification:_identify(slam/aloam) by extension 'ros'
[0.363s] Level 1:colcon.colcon_core.package_identification:_identify(slam/aloam) by extensions ['cmake', 'python']
[0.363s] Level 1:colcon.colcon_core.package_identification:_identify(slam/aloam) by extension 'cmake'
[0.363s] Level 1:colcon.colcon_core.package_identification:_identify(slam/aloam) by extension 'python'
[0.363s] Level 1:colcon.colcon_core.package_identification:_identify(slam/aloam) by extensions ['python_setup_py']
[0.363s] Level 1:colcon.colcon_core.package_identification:_identify(slam/aloam) by extension 'python_setup_py'
[0.363s] Level 1:colcon.colcon_core.package_identification:_identify(slam/fast_gicp) by extensions ['ignore', 'ignore_ament_install']
[0.363s] Level 1:colcon.colcon_core.package_identification:_identify(slam/fast_gicp) by extension 'ignore'
[0.363s] Level 1:colcon.colcon_core.package_identification:_identify(slam/fast_gicp) by extension 'ignore_ament_install'
[0.363s] Level 1:colcon.colcon_core.package_identification:_identify(slam/fast_gicp) by extensions ['colcon_pkg']
[0.363s] Level 1:colcon.colcon_core.package_identification:_identify(slam/fast_gicp) by extension 'colcon_pkg'
[0.364s] Level 1:colcon.colcon_core.package_identification:_identify(slam/fast_gicp) by extensions ['colcon_meta']
[0.364s] Level 1:colcon.colcon_core.package_identification:_identify(slam/fast_gicp) by extension 'colcon_meta'
[0.364s] Level 1:colcon.colcon_core.package_identification:_identify(slam/fast_gicp) by extensions ['ros']
[0.364s] Level 1:colcon.colcon_core.package_identification:_identify(slam/fast_gicp) by extension 'ros'
[0.364s] Level 1:colcon.colcon_core.package_identification:_identify(slam/fast_gicp) by extensions ['cmake', 'python']
[0.364s] Level 1:colcon.colcon_core.package_identification:_identify(slam/fast_gicp) by extension 'cmake'
[0.364s] Level 1:colcon.colcon_core.package_identification:_identify(slam/fast_gicp) by extension 'python'
[0.364s] Level 1:colcon.colcon_core.package_identification:_identify(slam/fast_gicp) by extensions ['python_setup_py']
[0.364s] Level 1:colcon.colcon_core.package_identification:_identify(slam/fast_gicp) by extension 'python_setup_py'
[0.364s] Level 1:colcon.colcon_core.package_identification:_identify(slam/hdl_global_localization) by extensions ['ignore', 'ignore_ament_install']
[0.364s] Level 1:colcon.colcon_core.package_identification:_identify(slam/hdl_global_localization) by extension 'ignore'
[0.364s] Level 1:colcon.colcon_core.package_identification:_identify(slam/hdl_global_localization) by extension 'ignore_ament_install'
[0.364s] Level 1:colcon.colcon_core.package_identification:_identify(slam/hdl_global_localization) by extensions ['colcon_pkg']
[0.364s] Level 1:colcon.colcon_core.package_identification:_identify(slam/hdl_global_localization) by extension 'colcon_pkg'
[0.364s] Level 1:colcon.colcon_core.package_identification:_identify(slam/hdl_global_localization) by extensions ['colcon_meta']
[0.364s] Level 1:colcon.colcon_core.package_identification:_identify(slam/hdl_global_localization) by extension 'colcon_meta'
[0.364s] Level 1:colcon.colcon_core.package_identification:_identify(slam/hdl_global_localization) by extensions ['ros']
[0.364s] Level 1:colcon.colcon_core.package_identification:_identify(slam/hdl_global_localization) by extension 'ros'
[0.364s] Level 1:colcon.colcon_core.package_identification:_identify(slam/hdl_global_localization) by extensions ['cmake', 'python']
[0.364s] Level 1:colcon.colcon_core.package_identification:_identify(slam/hdl_global_localization) by extension 'cmake'
[0.364s] Level 1:colcon.colcon_core.package_identification:_identify(slam/hdl_global_localization) by extension 'python'
[0.364s] Level 1:colcon.colcon_core.package_identification:_identify(slam/hdl_global_localization) by extensions ['python_setup_py']
[0.364s] Level 1:colcon.colcon_core.package_identification:_identify(slam/hdl_global_localization) by extension 'python_setup_py'
[0.365s] Level 1:colcon.colcon_core.package_identification:_identify(slam/hdl_localization) by extensions ['ignore', 'ignore_ament_install']
[0.365s] Level 1:colcon.colcon_core.package_identification:_identify(slam/hdl_localization) by extension 'ignore'
[0.365s] Level 1:colcon.colcon_core.package_identification:_identify(slam/hdl_localization) by extension 'ignore_ament_install'
[0.365s] Level 1:colcon.colcon_core.package_identification:_identify(slam/hdl_localization) by extensions ['colcon_pkg']
[0.365s] Level 1:colcon.colcon_core.package_identification:_identify(slam/hdl_localization) by extension 'colcon_pkg'
[0.365s] Level 1:colcon.colcon_core.package_identification:_identify(slam/hdl_localization) by extensions ['colcon_meta']
[0.365s] Level 1:colcon.colcon_core.package_identification:_identify(slam/hdl_localization) by extension 'colcon_meta'
[0.365s] Level 1:colcon.colcon_core.package_identification:_identify(slam/hdl_localization) by extensions ['ros']
[0.365s] Level 1:colcon.colcon_core.package_identification:_identify(slam/hdl_localization) by extension 'ros'
[0.365s] Level 1:colcon.colcon_core.package_identification:_identify(slam/hdl_localization) by extensions ['cmake', 'python']
[0.365s] Level 1:colcon.colcon_core.package_identification:_identify(slam/hdl_localization) by extension 'cmake'
[0.365s] Level 1:colcon.colcon_core.package_identification:_identify(slam/hdl_localization) by extension 'python'
[0.365s] Level 1:colcon.colcon_core.package_identification:_identify(slam/hdl_localization) by extensions ['python_setup_py']
[0.365s] Level 1:colcon.colcon_core.package_identification:_identify(slam/hdl_localization) by extension 'python_setup_py'
[0.365s] Level 1:colcon.colcon_core.package_identification:_identify(slam/ndt_omp) by extensions ['ignore', 'ignore_ament_install']
[0.365s] Level 1:colcon.colcon_core.package_identification:_identify(slam/ndt_omp) by extension 'ignore'
[0.365s] Level 1:colcon.colcon_core.package_identification:_identify(slam/ndt_omp) by extension 'ignore_ament_install'
[0.365s] Level 1:colcon.colcon_core.package_identification:_identify(slam/ndt_omp) by extensions ['colcon_pkg']
[0.365s] Level 1:colcon.colcon_core.package_identification:_identify(slam/ndt_omp) by extension 'colcon_pkg'
[0.365s] Level 1:colcon.colcon_core.package_identification:_identify(slam/ndt_omp) by extensions ['colcon_meta']
[0.365s] Level 1:colcon.colcon_core.package_identification:_identify(slam/ndt_omp) by extension 'colcon_meta'
[0.366s] Level 1:colcon.colcon_core.package_identification:_identify(slam/ndt_omp) by extensions ['ros']
[0.366s] Level 1:colcon.colcon_core.package_identification:_identify(slam/ndt_omp) by extension 'ros'
[0.366s] Level 1:colcon.colcon_core.package_identification:_identify(slam/ndt_omp) by extensions ['cmake', 'python']
[0.366s] Level 1:colcon.colcon_core.package_identification:_identify(slam/ndt_omp) by extension 'cmake'
[0.366s] Level 1:colcon.colcon_core.package_identification:_identify(slam/ndt_omp) by extension 'python'
[0.366s] Level 1:colcon.colcon_core.package_identification:_identify(slam/ndt_omp) by extensions ['python_setup_py']
[0.366s] Level 1:colcon.colcon_core.package_identification:_identify(slam/ndt_omp) by extension 'python_setup_py'
[0.366s] Level 1:colcon.colcon_core.package_identification:_identify(slam/slam_manager) by extensions ['ignore', 'ignore_ament_install']
[0.366s] Level 1:colcon.colcon_core.package_identification:_identify(slam/slam_manager) by extension 'ignore'
[0.366s] Level 1:colcon.colcon_core.package_identification:_identify(slam/slam_manager) by extension 'ignore_ament_install'
[0.366s] Level 1:colcon.colcon_core.package_identification:_identify(slam/slam_manager) by extensions ['colcon_pkg']
[0.366s] Level 1:colcon.colcon_core.package_identification:_identify(slam/slam_manager) by extension 'colcon_pkg'
[0.366s] Level 1:colcon.colcon_core.package_identification:_identify(slam/slam_manager) by extensions ['colcon_meta']
[0.366s] Level 1:colcon.colcon_core.package_identification:_identify(slam/slam_manager) by extension 'colcon_meta'
[0.366s] Level 1:colcon.colcon_core.package_identification:_identify(slam/slam_manager) by extensions ['ros']
[0.366s] Level 1:colcon.colcon_core.package_identification:_identify(slam/slam_manager) by extension 'ros'
[0.367s] DEBUG:colcon.colcon_core.package_identification:Package 'slam/slam_manager' with type 'ros.catkin' and name 'slam_manager'
[0.367s] Level 1:colcon.colcon_core.package_identification:_identify(slam/trapper) by extensions ['ignore', 'ignore_ament_install']
[0.367s] Level 1:colcon.colcon_core.package_identification:_identify(slam/trapper) by extension 'ignore'
[0.367s] Level 1:colcon.colcon_core.package_identification:_identify(slam/trapper) by extension 'ignore_ament_install'
[0.367s] Level 1:colcon.colcon_core.package_identification:_identify(slam/trapper) by extensions ['colcon_pkg']
[0.367s] Level 1:colcon.colcon_core.package_identification:_identify(slam/trapper) by extension 'colcon_pkg'
[0.367s] Level 1:colcon.colcon_core.package_identification:_identify(slam/trapper) by extensions ['colcon_meta']
[0.367s] Level 1:colcon.colcon_core.package_identification:_identify(slam/trapper) by extension 'colcon_meta'
[0.368s] Level 1:colcon.colcon_core.package_identification:_identify(slam/trapper) by extensions ['ros']
[0.368s] Level 1:colcon.colcon_core.package_identification:_identify(slam/trapper) by extension 'ros'
[0.368s] DEBUG:colcon.colcon_core.package_identification:Package 'slam/trapper' with type 'ros.catkin' and name 'trapper'
[0.368s] Level 1:colcon.colcon_core.package_identification:_identify(supervisor) by extensions ['ignore', 'ignore_ament_install']
[0.368s] Level 1:colcon.colcon_core.package_identification:_identify(supervisor) by extension 'ignore'
[0.369s] Level 1:colcon.colcon_core.package_identification:_identify(supervisor) by extension 'ignore_ament_install'
[0.369s] Level 1:colcon.colcon_core.package_identification:_identify(supervisor) by extensions ['colcon_pkg']
[0.369s] Level 1:colcon.colcon_core.package_identification:_identify(supervisor) by extension 'colcon_pkg'
[0.369s] Level 1:colcon.colcon_core.package_identification:_identify(supervisor) by extensions ['colcon_meta']
[0.369s] Level 1:colcon.colcon_core.package_identification:_identify(supervisor) by extension 'colcon_meta'
[0.369s] Level 1:colcon.colcon_core.package_identification:_identify(supervisor) by extensions ['ros']
[0.369s] Level 1:colcon.colcon_core.package_identification:_identify(supervisor) by extension 'ros'
[0.369s] DEBUG:colcon.colcon_core.package_identification:Package 'supervisor' with type 'ros.catkin' and name 'supervisor'
[0.369s] Level 1:colcon.colcon_core.package_discovery:discover_packages(recursive) using defaults
[0.369s] Level 1:colcon.colcon_core.package_discovery:discover_packages(ignore) discover
[0.369s] Level 1:colcon.colcon_core.package_discovery:discover_packages(ignore) using defaults
[0.370s] Level 1:colcon.colcon_core.package_discovery:discover_packages(path) discover
[0.370s] Level 1:colcon.colcon_core.package_discovery:discover_packages(path) using defaults
[0.391s] INFO:colcon.colcon_core.package_selection:Skipping not selected package 'camera_interface' in 'perception/camera_interface'
[0.391s] INFO:colcon.colcon_core.package_selection:Skipping not selected package 'centerline_calc' in 'navigation/centerline_calc'
[0.391s] INFO:colcon.colcon_core.package_selection:Skipping not selected package 'eufs_msgs' in 'dependencies/eufs_msgs'
[0.391s] INFO:colcon.colcon_core.package_selection:Skipping not selected package 'interfaces' in 'dependencies/interfaces'
[0.391s] INFO:colcon.colcon_core.package_selection:Skipping not selected package 'kp_reg' in 'perception/kp_reg'
[0.391s] INFO:colcon.colcon_core.package_selection:Skipping not selected package 'lqr' in 'navigation/lqr'
[0.391s] INFO:colcon.colcon_core.package_selection:Skipping not selected package 'planning_apf' in 'planning/planning_apf'
[0.391s] INFO:colcon.colcon_core.package_selection:Skipping not selected package 'planning_trees' in 'planning/planning_trees'
[0.391s] INFO:colcon.colcon_core.package_selection:Skipping not selected package 'slam_manager' in 'slam/slam_manager'
[0.391s] INFO:colcon.colcon_core.package_selection:Skipping not selected package 'waypoint_cleaner' in 'planning/waypoint_cleaner'
[0.391s] INFO:colcon.colcon_core.package_selection:Skipping not selected package 'zed_opencv' in 'dependencies/zed_opencv'
[0.391s] INFO:colcon.colcon_core.package_selection:Skipping not selected package 'moreo' in 'perception/moreo'
[0.391s] INFO:colcon.colcon_core.package_selection:Skipping not selected package 'smoreo' in 'perception/smoreo'
[0.391s] INFO:colcon.colcon_core.package_selection:Skipping not selected package 'visualizer' in 'perception/visualizer'
[0.391s] INFO:colcon.colcon_core.package_selection:Skipping not selected package 'yolov8' in 'perception/yolov8'
[0.391s] INFO:colcon.colcon_core.package_selection:Skipping not selected package 'mrpython_pcl' in 'perception/mrpython_pcl'
[0.391s] INFO:colcon.colcon_core.package_selection:Skipping not selected package 'pure_pursuit' in 'navigation/pure_pursuit'
[0.391s] INFO:colcon.colcon_core.package_selection:Skipping not selected package 'simple_pure_pursuit' in 'navigation/simple_pure_pursuit'
[0.391s] INFO:colcon.colcon_core.package_selection:Skipping not selected package 'smornn' in 'perception/smornn'
[0.391s] INFO:colcon.colcon_core.package_selection:Skipping not selected package 'supervisor' in 'supervisor'
[0.391s] INFO:colcon.colcon_core.package_selection:Skipping not selected package 'tracker' in 'perception/tracker'
[0.391s] INFO:colcon.colcon_core.package_selection:Skipping not selected package 'trapper' in 'slam/trapper'
[0.392s] Level 1:colcon.colcon_core.package_discovery:discover_packages(prefix_path) check parameters
[0.392s] Level 1:colcon.colcon_core.package_discovery:discover_packages(prefix_path) discover
[0.393s] DEBUG:colcon.colcon_installed_package_information.package_discovery:Found 1 installed packages in /media/ezzedinayman/Local Disk/ASURT/fs/install
[0.394s] DEBUG:colcon.colcon_installed_package_information.package_discovery:Found 2 installed packages in /home/ezzedinayman/ros2_ws/install
[0.395s] DEBUG:colcon.colcon_installed_package_information.package_discovery:Found 379 installed packages in /opt/ros/humble
[0.397s] Level 1:colcon.colcon_core.package_discovery:discover_packages(prefix_path) using defaults
[0.437s] Level 5:colcon.colcon_core.verb:set package 'asurt_msgs' build argument 'cmake_args' from command line to 'None'
[0.437s] Level 5:colcon.colcon_core.verb:set package 'asurt_msgs' build argument 'cmake_target' from command line to 'None'
[0.437s] Level 5:colcon.colcon_core.verb:set package 'asurt_msgs' build argument 'cmake_target_skip_unavailable' from command line to 'False'
[0.437s] Level 5:colcon.colcon_core.verb:set package 'asurt_msgs' build argument 'cmake_clean_cache' from command line to 'False'
[0.437s] Level 5:colcon.colcon_core.verb:set package 'asurt_msgs' build argument 'cmake_clean_first' from command line to 'False'
[0.437s] Level 5:colcon.colcon_core.verb:set package 'asurt_msgs' build argument 'cmake_force_configure' from command line to 'False'
[0.437s] Level 5:colcon.colcon_core.verb:set package 'asurt_msgs' build argument 'ament_cmake_args' from command line to 'None'
[0.437s] Level 5:colcon.colcon_core.verb:set package 'asurt_msgs' build argument 'catkin_cmake_args' from command line to 'None'
[0.437s] Level 5:colcon.colcon_core.verb:set package 'asurt_msgs' build argument 'catkin_skip_building_tests' from command line to 'False'
[0.437s] DEBUG:colcon.colcon_core.verb:Building package 'asurt_msgs' with the following arguments: {'ament_cmake_args': None, 'build_base': '/media/ezzedinayman/Local Disk/FS-System/fs-system/build/asurt_msgs', 'catkin_cmake_args': None, 'catkin_skip_building_tests': False, 'cmake_args': None, 'cmake_clean_cache': False, 'cmake_clean_first': False, 'cmake_force_configure': False, 'cmake_target': None, 'cmake_target_skip_unavailable': False, 'install_base': '/media/ezzedinayman/Local Disk/FS-System/fs-system/install/asurt_msgs', 'merge_install': False, 'path': '/media/ezzedinayman/Local Disk/FS-System/fs-system/dependencies/asurt_msgs', 'symlink_install': False, 'test_result_base': None}
[0.437s] Level 5:colcon.colcon_core.verb:set package 'common_params' build argument 'cmake_args' from command line to 'None'
[0.437s] Level 5:colcon.colcon_core.verb:set package 'common_params' build argument 'cmake_target' from command line to 'None'
[0.437s] Level 5:colcon.colcon_core.verb:set package 'common_params' build argument 'cmake_target_skip_unavailable' from command line to 'False'
[0.437s] Level 5:colcon.colcon_core.verb:set package 'common_params' build argument 'cmake_clean_cache' from command line to 'False'
[0.437s] Level 5:colcon.colcon_core.verb:set package 'common_params' build argument 'cmake_clean_first' from command line to 'False'
[0.437s] Level 5:colcon.colcon_core.verb:set package 'common_params' build argument 'cmake_force_configure' from command line to 'False'
[0.437s] Level 5:colcon.colcon_core.verb:set package 'common_params' build argument 'ament_cmake_args' from command line to 'None'
[0.438s] Level 5:colcon.colcon_core.verb:set package 'common_params' build argument 'catkin_cmake_args' from command line to 'None'
[0.438s] Level 5:colcon.colcon_core.verb:set package 'common_params' build argument 'catkin_skip_building_tests' from command line to 'False'
[0.438s] DEBUG:colcon.colcon_core.verb:Building package 'common_params' with the following arguments: {'ament_cmake_args': None, 'build_base': '/media/ezzedinayman/Local Disk/FS-System/fs-system/build/common_params', 'catkin_cmake_args': None, 'catkin_skip_building_tests': False, 'cmake_args': None, 'cmake_clean_cache': False, 'cmake_clean_first': False, 'cmake_force_configure': False, 'cmake_target': None, 'cmake_target_skip_unavailable': False, 'install_base': '/media/ezzedinayman/Local Disk/FS-System/fs-system/install/common_params', 'merge_install': False, 'path': '/media/ezzedinayman/Local Disk/FS-System/fs-system/dependencies/common_params', 'symlink_install': False, 'test_result_base': None}
[0.438s] Level 5:colcon.colcon_core.verb:set package 'tf_helper' build argument 'cmake_args' from command line to 'None'
[0.438s] Level 5:colcon.colcon_core.verb:set package 'tf_helper' build argument 'cmake_target' from command line to 'None'
[0.438s] Level 5:colcon.colcon_core.verb:set package 'tf_helper' build argument 'cmake_target_skip_unavailable' from command line to 'False'
[0.438s] Level 5:colcon.colcon_core.verb:set package 'tf_helper' build argument 'cmake_clean_cache' from command line to 'False'
[0.438s] Level 5:colcon.colcon_core.verb:set package 'tf_helper' build argument 'cmake_clean_first' from command line to 'False'
[0.438s] Level 5:colcon.colcon_core.verb:set package 'tf_helper' build argument 'cmake_force_configure' from command line to 'False'
[0.438s] Level 5:colcon.colcon_core.verb:set package 'tf_helper' build argument 'ament_cmake_args' from command line to 'None'
[0.438s] Level 5:colcon.colcon_core.verb:set package 'tf_helper' build argument 'catkin_cmake_args' from command line to 'None'
[0.438s] Level 5:colcon.colcon_core.verb:set package 'tf_helper' build argument 'catkin_skip_building_tests' from command line to 'False'
[0.438s] DEBUG:colcon.colcon_core.verb:Building package 'tf_helper' with the following arguments: {'ament_cmake_args': None, 'build_base': '/media/ezzedinayman/Local Disk/FS-System/fs-system/build/tf_helper', 'catkin_cmake_args': None, 'catkin_skip_building_tests': False, 'cmake_args': None, 'cmake_clean_cache': False, 'cmake_clean_first': False, 'cmake_force_configure': False, 'cmake_target': None, 'cmake_target_skip_unavailable': False, 'install_base': '/media/ezzedinayman/Local Disk/FS-System/fs-system/install/tf_helper', 'merge_install': False, 'path': '/media/ezzedinayman/Local Disk/FS-System/fs-system/dependencies/tf_helper', 'symlink_install': False, 'test_result_base': None}
[0.438s] INFO:colcon.colcon_core.executor:Executing jobs using 'parallel' executor
[0.439s] DEBUG:colcon.colcon_parallel_executor.executor.parallel:run_until_complete
[0.439s] INFO:colcon.colcon_ros.task.ament_cmake.build:Building ROS package in '/media/ezzedinayman/Local Disk/FS-System/fs-system/dependencies/asurt_msgs' with build type 'ament_cmake'
[0.439s] INFO:colcon.colcon_cmake.task.cmake.build:Building CMake package in '/media/ezzedinayman/Local Disk/FS-System/fs-system/dependencies/asurt_msgs'
[0.441s] INFO:colcon.colcon_core.plugin_system:Skipping extension 'colcon_core.shell.bat': Not used on non-Windows systems
[0.441s] INFO:colcon.colcon_core.shell:Skip shell extension 'powershell' for command environment: Not usable outside of PowerShell
[0.441s] DEBUG:colcon.colcon_core.shell:Skip shell extension 'dsv' for command environment
[0.746s] INFO:colcon.colcon_ros.task.ament_cmake.build:Building ROS package in '/media/ezzedinayman/Local Disk/FS-System/fs-system/dependencies/common_params' with build type 'ament_cmake'
[0.746s] INFO:colcon.colcon_cmake.task.cmake.build:Building CMake package in '/media/ezzedinayman/Local Disk/FS-System/fs-system/dependencies/common_params'
[0.747s] INFO:colcon.colcon_core.shell:Skip shell extension 'powershell' for command environment: Not usable outside of PowerShell
[0.747s] DEBUG:colcon.colcon_core.shell:Skip shell extension 'dsv' for command environment
[0.755s] DEBUG:colcon.colcon_core.event_handler.log_command:Invoking command in '/media/ezzedinayman/Local Disk/FS-System/fs-system/build/asurt_msgs': CMAKE_PREFIX_PATH=/media/ezzedinayman/Local Disk/ASURT/fs/install/moreo:/home/ezzedinayman/ros2_ws/install/my_robot_controller:/home/ezzedinayman/ros2_ws/install/coppelia:/opt/ros/humble /home/ezzedinayman/.local/bin/cmake /media/ezzedinayman/Local Disk/FS-System/fs-system/dependencies/asurt_msgs -DCMAKE_INSTALL_PREFIX=/media/ezzedinayman/Local Disk/FS-System/fs-system/install/asurt_msgs
[0.761s] DEBUG:colcon.colcon_core.event_handler.log_command:Invoking command in '/media/ezzedinayman/Local Disk/FS-System/fs-system/build/common_params': CMAKE_PREFIX_PATH=/media/ezzedinayman/Local Disk/ASURT/fs/install/moreo:/home/ezzedinayman/ros2_ws/install/my_robot_controller:/home/ezzedinayman/ros2_ws/install/coppelia:/opt/ros/humble /home/ezzedinayman/.local/bin/cmake /media/ezzedinayman/Local Disk/FS-System/fs-system/dependencies/common_params -DCMAKE_INSTALL_PREFIX=/media/ezzedinayman/Local Disk/FS-System/fs-system/install/common_params
[1.587s] DEBUG:colcon.colcon_core.event_handler.log_command:Invoked command in '/media/ezzedinayman/Local Disk/FS-System/fs-system/build/common_params' returned '0': CMAKE_PREFIX_PATH=/media/ezzedinayman/Local Disk/ASURT/fs/install/moreo:/home/ezzedinayman/ros2_ws/install/my_robot_controller:/home/ezzedinayman/ros2_ws/install/coppelia:/opt/ros/humble /home/ezzedinayman/.local/bin/cmake /media/ezzedinayman/Local Disk/FS-System/fs-system/dependencies/common_params -DCMAKE_INSTALL_PREFIX=/media/ezzedinayman/Local Disk/FS-System/fs-system/install/common_params
[1.589s] DEBUG:colcon.colcon_core.event_handler.log_command:Invoking command in '/media/ezzedinayman/Local Disk/FS-System/fs-system/build/common_params': CMAKE_PREFIX_PATH=/media/ezzedinayman/Local Disk/ASURT/fs/install/moreo:/home/ezzedinayman/ros2_ws/install/my_robot_controller:/home/ezzedinayman/ros2_ws/install/coppelia:/opt/ros/humble /home/ezzedinayman/.local/bin/cmake --build /media/ezzedinayman/Local Disk/FS-System/fs-system/build/common_params -- -j8 -l8
[1.632s] DEBUG:colcon.colcon_core.event_handler.log_command:Invoked command in '/media/ezzedinayman/Local Disk/FS-System/fs-system/build/common_params' returned '0': CMAKE_PREFIX_PATH=/media/ezzedinayman/Local Disk/ASURT/fs/install/moreo:/home/ezzedinayman/ros2_ws/install/my_robot_controller:/home/ezzedinayman/ros2_ws/install/coppelia:/opt/ros/humble /home/ezzedinayman/.local/bin/cmake --build /media/ezzedinayman/Local Disk/FS-System/fs-system/build/common_params -- -j8 -l8
[1.704s] DEBUG:colcon.colcon_core.event_handler.log_command:Invoking command in '/media/ezzedinayman/Local Disk/FS-System/fs-system/build/common_params': CMAKE_PREFIX_PATH=/media/ezzedinayman/Local Disk/ASURT/fs/install/moreo:/home/ezzedinayman/ros2_ws/install/my_robot_controller:/home/ezzedinayman/ros2_ws/install/coppelia:/opt/ros/humble /home/ezzedinayman/.local/bin/cmake --install /media/ezzedinayman/Local Disk/FS-System/fs-system/build/common_params
[1.735s] Level 1:colcon.colcon_core.environment:create_environment_scripts_only(common_params)
[1.736s] DEBUG:colcon.colcon_core.event_handler.log_command:Invoked command in '/media/ezzedinayman/Local Disk/FS-System/fs-system/build/common_params' returned '0': CMAKE_PREFIX_PATH=/media/ezzedinayman/Local Disk/ASURT/fs/install/moreo:/home/ezzedinayman/ros2_ws/install/my_robot_controller:/home/ezzedinayman/ros2_ws/install/coppelia:/opt/ros/humble /home/ezzedinayman/.local/bin/cmake --install /media/ezzedinayman/Local Disk/FS-System/fs-system/build/common_params
[1.741s] Level 1:colcon.colcon_core.environment:checking '/media/ezzedinayman/Local Disk/FS-System/fs-system/install/common_params' for CMake module files
[1.741s] Level 1:colcon.colcon_core.environment:checking '/media/ezzedinayman/Local Disk/FS-System/fs-system/install/common_params' for CMake config files
[1.741s] Level 1:colcon.colcon_core.shell:create_environment_hook('common_params', 'cmake_prefix_path')
[1.742s] INFO:colcon.colcon_core.shell:Creating environment hook '/media/ezzedinayman/Local Disk/FS-System/fs-system/install/common_params/share/common_params/hook/cmake_prefix_path.ps1'
[1.742s] INFO:colcon.colcon_core.shell:Creating environment descriptor '/media/ezzedinayman/Local Disk/FS-System/fs-system/install/common_params/share/common_params/hook/cmake_prefix_path.dsv'
[1.742s] INFO:colcon.colcon_core.shell:Creating environment hook '/media/ezzedinayman/Local Disk/FS-System/fs-system/install/common_params/share/common_params/hook/cmake_prefix_path.sh'
[1.743s] Level 1:colcon.colcon_core.environment:checking '/media/ezzedinayman/Local Disk/FS-System/fs-system/install/common_params/bin'
[1.743s] Level 1:colcon.colcon_core.environment:checking '/media/ezzedinayman/Local Disk/FS-System/fs-system/install/common_params/lib/pkgconfig/common_params.pc'
[1.743s] Level 1:colcon.colcon_core.environment:checking '/media/ezzedinayman/Local Disk/FS-System/fs-system/install/common_params/lib/python3.10/site-packages'
[1.744s] Level 1:colcon.colcon_core.environment:checking '/media/ezzedinayman/Local Disk/FS-System/fs-system/install/common_params/bin'
[1.744s] INFO:colcon.colcon_core.shell:Creating package script '/media/ezzedinayman/Local Disk/FS-System/fs-system/install/common_params/share/common_params/package.ps1'
[1.745s] INFO:colcon.colcon_core.shell:Creating package descriptor '/media/ezzedinayman/Local Disk/FS-System/fs-system/install/common_params/share/common_params/package.dsv'
[1.745s] INFO:colcon.colcon_core.shell:Creating package script '/media/ezzedinayman/Local Disk/FS-System/fs-system/install/common_params/share/common_params/package.sh'
[1.746s] INFO:colcon.colcon_core.shell:Creating package script '/media/ezzedinayman/Local Disk/FS-System/fs-system/install/common_params/share/common_params/package.bash'
[1.748s] INFO:colcon.colcon_core.shell:Creating package script '/media/ezzedinayman/Local Disk/FS-System/fs-system/install/common_params/share/common_params/package.zsh'
[1.748s] Level 1:colcon.colcon_core.environment:create_file_with_runtime_dependencies(/media/ezzedinayman/Local Disk/FS-System/fs-system/install/common_params/share/colcon-core/packages/common_params)
[1.792s] Level 1:colcon.colcon_core.environment:create_environment_scripts_only(common_params)
[1.792s] Level 1:colcon.colcon_core.environment:checking '/media/ezzedinayman/Local Disk/FS-System/fs-system/install/common_params' for CMake module files
[1.792s] Level 1:colcon.colcon_core.environment:checking '/media/ezzedinayman/Local Disk/FS-System/fs-system/install/common_params' for CMake config files
[1.792s] Level 1:colcon.colcon_core.shell:create_environment_hook('common_params', 'cmake_prefix_path')
[1.793s] INFO:colcon.colcon_core.shell:Creating environment hook '/media/ezzedinayman/Local Disk/FS-System/fs-system/install/common_params/share/common_params/hook/cmake_prefix_path.ps1'
[1.793s] INFO:colcon.colcon_core.shell:Creating environment descriptor '/media/ezzedinayman/Local Disk/FS-System/fs-system/install/common_params/share/common_params/hook/cmake_prefix_path.dsv'
[1.793s] INFO:colcon.colcon_core.shell:Creating environment hook '/media/ezzedinayman/Local Disk/FS-System/fs-system/install/common_params/share/common_params/hook/cmake_prefix_path.sh'
[1.794s] Level 1:colcon.colcon_core.environment:checking '/media/ezzedinayman/Local Disk/FS-System/fs-system/install/common_params/bin'
[1.794s] Level 1:colcon.colcon_core.environment:checking '/media/ezzedinayman/Local Disk/FS-System/fs-system/install/common_params/lib/pkgconfig/common_params.pc'
[1.794s] Level 1:colcon.colcon_core.environment:checking '/media/ezzedinayman/Local Disk/FS-System/fs-system/install/common_params/lib/python3.10/site-packages'
[1.794s] Level 1:colcon.colcon_core.environment:checking '/media/ezzedinayman/Local Disk/FS-System/fs-system/install/common_params/bin'
[1.794s] INFO:colcon.colcon_core.shell:Creating package script '/media/ezzedinayman/Local Disk/FS-System/fs-system/install/common_params/share/common_params/package.ps1'
[1.795s] INFO:colcon.colcon_core.shell:Creating package descriptor '/media/ezzedinayman/Local Disk/FS-System/fs-system/install/common_params/share/common_params/package.dsv'
[1.795s] INFO:colcon.colcon_core.shell:Creating package script '/media/ezzedinayman/Local Disk/FS-System/fs-system/install/common_params/share/common_params/package.sh'
[1.795s] INFO:colcon.colcon_core.shell:Creating package script '/media/ezzedinayman/Local Disk/FS-System/fs-system/install/common_params/share/common_params/package.bash'
[1.796s] INFO:colcon.colcon_core.shell:Creating package script '/media/ezzedinayman/Local Disk/FS-System/fs-system/install/common_params/share/common_params/package.zsh'
[1.796s] Level 1:colcon.colcon_core.environment:create_file_with_runtime_dependencies(/media/ezzedinayman/Local Disk/FS-System/fs-system/install/common_params/share/colcon-core/packages/common_params)
[4.441s] DEBUG:colcon.colcon_core.event_handler.log_command:Invoked command in '/media/ezzedinayman/Local Disk/FS-System/fs-system/build/asurt_msgs' returned '0': CMAKE_PREFIX_PATH=/media/ezzedinayman/Local Disk/ASURT/fs/install/moreo:/home/ezzedinayman/ros2_ws/install/my_robot_controller:/home/ezzedinayman/ros2_ws/install/coppelia:/opt/ros/humble /home/ezzedinayman/.local/bin/cmake /media/ezzedinayman/Local Disk/FS-System/fs-system/dependencies/asurt_msgs -DCMAKE_INSTALL_PREFIX=/media/ezzedinayman/Local Disk/FS-System/fs-system/install/asurt_msgs
[4.443s] DEBUG:colcon.colcon_core.event_handler.log_command:Invoking command in '/media/ezzedinayman/Local Disk/FS-System/fs-system/build/asurt_msgs': CMAKE_PREFIX_PATH=/media/ezzedinayman/Local Disk/ASURT/fs/install/moreo:/home/ezzedinayman/ros2_ws/install/my_robot_controller:/home/ezzedinayman/ros2_ws/install/coppelia:/opt/ros/humble /home/ezzedinayman/.local/bin/cmake --build /media/ezzedinayman/Local Disk/FS-System/fs-system/build/asurt_msgs -- -j8 -l8
[15.055s] DEBUG:colcon.colcon_core.event_handler.log_command:Invoked command in '/media/ezzedinayman/Local Disk/FS-System/fs-system/build/asurt_msgs' returned '0': CMAKE_PREFIX_PATH=/media/ezzedinayman/Local Disk/ASURT/fs/install/moreo:/home/ezzedinayman/ros2_ws/install/my_robot_controller:/home/ezzedinayman/ros2_ws/install/coppelia:/opt/ros/humble /home/ezzedinayman/.local/bin/cmake --build /media/ezzedinayman/Local Disk/FS-System/fs-system/build/asurt_msgs -- -j8 -l8
[15.407s] DEBUG:colcon.colcon_core.event_handler.log_command:Invoking command in '/media/ezzedinayman/Local Disk/FS-System/fs-system/build/asurt_msgs': CMAKE_PREFIX_PATH=/media/ezzedinayman/Local Disk/ASURT/fs/install/moreo:/home/ezzedinayman/ros2_ws/install/my_robot_controller:/home/ezzedinayman/ros2_ws/install/coppelia:/opt/ros/humble /home/ezzedinayman/.local/bin/cmake --install /media/ezzedinayman/Local Disk/FS-System/fs-system/build/asurt_msgs
[15.614s] Level 1:colcon.colcon_core.environment:create_environment_scripts_only(asurt_msgs)
[15.614s] Level 1:colcon.colcon_core.environment:checking '/media/ezzedinayman/Local Disk/FS-System/fs-system/install/asurt_msgs' for CMake module files
[15.615s] DEBUG:colcon.colcon_core.event_handler.log_command:Invoked command in '/media/ezzedinayman/Local Disk/FS-System/fs-system/build/asurt_msgs' returned '0': CMAKE_PREFIX_PATH=/media/ezzedinayman/Local Disk/ASURT/fs/install/moreo:/home/ezzedinayman/ros2_ws/install/my_robot_controller:/home/ezzedinayman/ros2_ws/install/coppelia:/opt/ros/humble /home/ezzedinayman/.local/bin/cmake --install /media/ezzedinayman/Local Disk/FS-System/fs-system/build/asurt_msgs
[15.616s] Level 1:colcon.colcon_core.environment:checking '/media/ezzedinayman/Local Disk/FS-System/fs-system/install/asurt_msgs' for CMake config files
[15.617s] Level 1:colcon.colcon_core.shell:create_environment_hook('asurt_msgs', 'cmake_prefix_path')
[15.617s] INFO:colcon.colcon_core.shell:Creating environment hook '/media/ezzedinayman/Local Disk/FS-System/fs-system/install/asurt_msgs/share/asurt_msgs/hook/cmake_prefix_path.ps1'
[15.618s] INFO:colcon.colcon_core.shell:Creating environment descriptor '/media/ezzedinayman/Local Disk/FS-System/fs-system/install/asurt_msgs/share/asurt_msgs/hook/cmake_prefix_path.dsv'
[15.618s] INFO:colcon.colcon_core.shell:Creating environment hook '/media/ezzedinayman/Local Disk/FS-System/fs-system/install/asurt_msgs/share/asurt_msgs/hook/cmake_prefix_path.sh'
[15.619s] Level 1:colcon.colcon_core.environment:checking '/media/ezzedinayman/Local Disk/FS-System/fs-system/install/asurt_msgs/lib'
[15.619s] Level 1:colcon.colcon_core.shell:create_environment_hook('asurt_msgs', 'ld_library_path_lib')
[15.620s] INFO:colcon.colcon_core.shell:Creating environment hook '/media/ezzedinayman/Local Disk/FS-System/fs-system/install/asurt_msgs/share/asurt_msgs/hook/ld_library_path_lib.ps1'
[15.620s] INFO:colcon.colcon_core.shell:Creating environment descriptor '/media/ezzedinayman/Local Disk/FS-System/fs-system/install/asurt_msgs/share/asurt_msgs/hook/ld_library_path_lib.dsv'
[15.621s] INFO:colcon.colcon_core.shell:Creating environment hook '/media/ezzedinayman/Local Disk/FS-System/fs-system/install/asurt_msgs/share/asurt_msgs/hook/ld_library_path_lib.sh'
[15.621s] Level 1:colcon.colcon_core.environment:checking '/media/ezzedinayman/Local Disk/FS-System/fs-system/install/asurt_msgs/bin'
[15.622s] Level 1:colcon.colcon_core.environment:checking '/media/ezzedinayman/Local Disk/FS-System/fs-system/install/asurt_msgs/lib/pkgconfig/asurt_msgs.pc'
[15.622s] Level 1:colcon.colcon_core.environment:checking '/media/ezzedinayman/Local Disk/FS-System/fs-system/install/asurt_msgs/lib/python3.10/site-packages'
[15.622s] Level 1:colcon.colcon_core.environment:checking '/media/ezzedinayman/Local Disk/FS-System/fs-system/install/asurt_msgs/bin'
[15.623s] INFO:colcon.colcon_core.shell:Creating package script '/media/ezzedinayman/Local Disk/FS-System/fs-system/install/asurt_msgs/share/asurt_msgs/package.ps1'
[15.623s] INFO:colcon.colcon_core.shell:Creating package descriptor '/media/ezzedinayman/Local Disk/FS-System/fs-system/install/asurt_msgs/share/asurt_msgs/package.dsv'
[15.624s] INFO:colcon.colcon_core.shell:Creating package script '/media/ezzedinayman/Local Disk/FS-System/fs-system/install/asurt_msgs/share/asurt_msgs/package.sh'
[15.624s] INFO:colcon.colcon_core.shell:Creating package script '/media/ezzedinayman/Local Disk/FS-System/fs-system/install/asurt_msgs/share/asurt_msgs/package.bash'
[15.625s] INFO:colcon.colcon_core.shell:Creating package script '/media/ezzedinayman/Local Disk/FS-System/fs-system/install/asurt_msgs/share/asurt_msgs/package.zsh'
[15.625s] Level 1:colcon.colcon_core.environment:create_file_with_runtime_dependencies(/media/ezzedinayman/Local Disk/FS-System/fs-system/install/asurt_msgs/share/colcon-core/packages/asurt_msgs)
[16.002s] Level 1:colcon.colcon_core.environment:create_environment_scripts_only(asurt_msgs)
[16.003s] Level 1:colcon.colcon_core.environment:checking '/media/ezzedinayman/Local Disk/FS-System/fs-system/install/asurt_msgs' for CMake module files
[16.004s] Level 1:colcon.colcon_core.environment:checking '/media/ezzedinayman/Local Disk/FS-System/fs-system/install/asurt_msgs' for CMake config files
[16.005s] Level 1:colcon.colcon_core.shell:create_environment_hook('asurt_msgs', 'cmake_prefix_path')
[16.005s] INFO:colcon.colcon_core.shell:Creating environment hook '/media/ezzedinayman/Local Disk/FS-System/fs-system/install/asurt_msgs/share/asurt_msgs/hook/cmake_prefix_path.ps1'
[16.005s] INFO:colcon.colcon_core.shell:Creating environment descriptor '/media/ezzedinayman/Local Disk/FS-System/fs-system/install/asurt_msgs/share/asurt_msgs/hook/cmake_prefix_path.dsv'
[16.006s] INFO:colcon.colcon_core.shell:Creating environment hook '/media/ezzedinayman/Local Disk/FS-System/fs-system/install/asurt_msgs/share/asurt_msgs/hook/cmake_prefix_path.sh'
[16.006s] Level 1:colcon.colcon_core.environment:checking '/media/ezzedinayman/Local Disk/FS-System/fs-system/install/asurt_msgs/lib'
[16.007s] Level 1:colcon.colcon_core.shell:create_environment_hook('asurt_msgs', 'ld_library_path_lib')
[16.007s] INFO:colcon.colcon_core.shell:Creating environment hook '/media/ezzedinayman/Local Disk/FS-System/fs-system/install/asurt_msgs/share/asurt_msgs/hook/ld_library_path_lib.ps1'
[16.007s] INFO:colcon.colcon_core.shell:Creating environment descriptor '/media/ezzedinayman/Local Disk/FS-System/fs-system/install/asurt_msgs/share/asurt_msgs/hook/ld_library_path_lib.dsv'
[16.008s] INFO:colcon.colcon_core.shell:Creating environment hook '/media/ezzedinayman/Local Disk/FS-System/fs-system/install/asurt_msgs/share/asurt_msgs/hook/ld_library_path_lib.sh'
[16.008s] Level 1:colcon.colcon_core.environment:checking '/media/ezzedinayman/Local Disk/FS-System/fs-system/install/asurt_msgs/bin'
[16.008s] Level 1:colcon.colcon_core.environment:checking '/media/ezzedinayman/Local Disk/FS-System/fs-system/install/asurt_msgs/lib/pkgconfig/asurt_msgs.pc'
[16.009s] Level 1:colcon.colcon_core.environment:checking '/media/ezzedinayman/Local Disk/FS-System/fs-system/install/asurt_msgs/lib/python3.10/site-packages'
[16.009s] Level 1:colcon.colcon_core.environment:checking '/media/ezzedinayman/Local Disk/FS-System/fs-system/install/asurt_msgs/bin'
[16.009s] INFO:colcon.colcon_core.shell:Creating package script '/media/ezzedinayman/Local Disk/FS-System/fs-system/install/asurt_msgs/share/asurt_msgs/package.ps1'
[16.010s] INFO:colcon.colcon_core.shell:Creating package descriptor '/media/ezzedinayman/Local Disk/FS-System/fs-system/install/asurt_msgs/share/asurt_msgs/package.dsv'
[16.011s] INFO:colcon.colcon_core.shell:Creating package script '/media/ezzedinayman/Local Disk/FS-System/fs-system/install/asurt_msgs/share/asurt_msgs/package.sh'
[16.011s] INFO:colcon.colcon_core.shell:Creating package script '/media/ezzedinayman/Local Disk/FS-System/fs-system/install/asurt_msgs/share/asurt_msgs/package.bash'
[16.012s] INFO:colcon.colcon_core.shell:Creating package script '/media/ezzedinayman/Local Disk/FS-System/fs-system/install/asurt_msgs/share/asurt_msgs/package.zsh'
[16.012s] Level 1:colcon.colcon_core.environment:create_file_with_runtime_dependencies(/media/ezzedinayman/Local Disk/FS-System/fs-system/install/asurt_msgs/share/colcon-core/packages/asurt_msgs)
[16.013s] INFO:colcon.colcon_ros.task.catkin.build:Building ROS package in '/media/ezzedinayman/Local Disk/FS-System/fs-system/dependencies/tf_helper' with build type 'catkin'
[16.013s] INFO:colcon.colcon_cmake.task.cmake.build:Building CMake package in '/media/ezzedinayman/Local Disk/FS-System/fs-system/dependencies/tf_helper'
[16.013s] INFO:colcon.colcon_core.shell:Skip shell extension 'powershell' for command environment: Not usable outside of PowerShell
[16.013s] DEBUG:colcon.colcon_core.shell:Skip shell extension 'dsv' for command environment
[16.031s] DEBUG:colcon.colcon_core.event_handler.log_command:Invoking command in '/media/ezzedinayman/Local Disk/FS-System/fs-system/build/tf_helper': AMENT_PREFIX_PATH=/media/ezzedinayman/Local Disk/FS-System/fs-system/install/asurt_msgs:${AMENT_PREFIX_PATH} CMAKE_PREFIX_PATH=/media/ezzedinayman/Local Disk/FS-System/fs-system/install/asurt_msgs LD_LIBRARY_PATH=/media/ezzedinayman/Local Disk/FS-System/fs-system/install/asurt_msgs/lib:${LD_LIBRARY_PATH} PYTHONPATH=/media/ezzedinayman/Local Disk/FS-System/fs-system/install/asurt_msgs/local/lib/python3.10/dist-packages:${PYTHONPATH} /home/ezzedinayman/.local/bin/cmake /media/ezzedinayman/Local Disk/FS-System/fs-system/dependencies/tf_helper -DCATKIN_INSTALL_INTO_PREFIX_ROOT=0 -DCMAKE_INSTALL_PREFIX=/media/ezzedinayman/Local Disk/FS-System/fs-system/install/tf_helper
[16.553s] DEBUG:colcon.colcon_core.event_handler.log_command:Invoked command in '/media/ezzedinayman/Local Disk/FS-System/fs-system/build/tf_helper' returned '1': AMENT_PREFIX_PATH=/media/ezzedinayman/Local Disk/FS-System/fs-system/install/asurt_msgs:${AMENT_PREFIX_PATH} CMAKE_PREFIX_PATH=/media/ezzedinayman/Local Disk/FS-System/fs-system/install/asurt_msgs LD_LIBRARY_PATH=/media/ezzedinayman/Local Disk/FS-System/fs-system/install/asurt_msgs/lib:${LD_LIBRARY_PATH} PYTHONPATH=/media/ezzedinayman/Local Disk/FS-System/fs-system/install/asurt_msgs/local/lib/python3.10/dist-packages:${PYTHONPATH} /home/ezzedinayman/.local/bin/cmake /media/ezzedinayman/Local Disk/FS-System/fs-system/dependencies/tf_helper -DCATKIN_INSTALL_INTO_PREFIX_ROOT=0 -DCMAKE_INSTALL_PREFIX=/media/ezzedinayman/Local Disk/FS-System/fs-system/install/tf_helper
[16.597s] Level 1:colcon.colcon_core.environment:create_environment_scripts_only(tf_helper)
[16.598s] Level 1:colcon.colcon_core.environment:checking '/media/ezzedinayman/Local Disk/FS-System/fs-system/install/tf_helper' for CMake module files
[16.598s] Level 1:colcon.colcon_core.environment:checking '/media/ezzedinayman/Local Disk/FS-System/fs-system/install/tf_helper' for CMake config files
[16.598s] Level 1:colcon.colcon_core.environment:checking '/media/ezzedinayman/Local Disk/FS-System/fs-system/install/tf_helper/bin'
[16.598s] Level 1:colcon.colcon_core.environment:checking '/media/ezzedinayman/Local Disk/FS-System/fs-system/install/tf_helper/lib/pkgconfig/tf_helper.pc'
[16.598s] Level 1:colcon.colcon_core.environment:checking '/media/ezzedinayman/Local Disk/FS-System/fs-system/install/tf_helper/lib/python3.10/site-packages'
[16.599s] Level 1:colcon.colcon_core.environment:checking '/media/ezzedinayman/Local Disk/FS-System/fs-system/install/tf_helper/bin'
[16.599s] INFO:colcon.colcon_core.shell:Creating package script '/media/ezzedinayman/Local Disk/FS-System/fs-system/install/tf_helper/share/tf_helper/package.ps1'
[16.600s] INFO:colcon.colcon_core.shell:Creating package descriptor '/media/ezzedinayman/Local Disk/FS-System/fs-system/install/tf_helper/share/tf_helper/package.dsv'
[16.600s] INFO:colcon.colcon_core.shell:Creating package script '/media/ezzedinayman/Local Disk/FS-System/fs-system/install/tf_helper/share/tf_helper/package.sh'
[16.600s] INFO:colcon.colcon_core.shell:Creating package script '/media/ezzedinayman/Local Disk/FS-System/fs-system/install/tf_helper/share/tf_helper/package.bash'
[16.601s] INFO:colcon.colcon_core.shell:Creating package script '/media/ezzedinayman/Local Disk/FS-System/fs-system/install/tf_helper/share/tf_helper/package.zsh'
[16.601s] Level 1:colcon.colcon_core.environment:create_file_with_runtime_dependencies(/media/ezzedinayman/Local Disk/FS-System/fs-system/install/tf_helper/share/colcon-core/packages/tf_helper)
[16.612s] DEBUG:colcon.colcon_parallel_executor.executor.parallel:closing loop
[16.612s] DEBUG:colcon.colcon_parallel_executor.executor.parallel:loop closed
[16.612s] DEBUG:colcon.colcon_parallel_executor.executor.parallel:run_until_complete finished with '1'
[16.612s] DEBUG:colcon.colcon_core.event_reactor:joining thread
[16.625s] INFO:colcon.colcon_core.plugin_system:Skipping extension 'colcon_notification.desktop_notification.terminal_notifier': Not used on non-Darwin systems
[16.625s] INFO:colcon.colcon_core.plugin_system:Skipping extension 'colcon_notification.desktop_notification.win32': Not used on non-Windows systems
[16.625s] INFO:colcon.colcon_notification.desktop_notification:Sending desktop notification using 'notify2'
[16.646s] DEBUG:colcon.colcon_core.event_reactor:joined thread
[16.646s] INFO:colcon.colcon_core.shell:Creating prefix script '/media/ezzedinayman/Local Disk/FS-System/fs-system/install/local_setup.ps1'
[16.647s] INFO:colcon.colcon_core.shell:Creating prefix util module '/media/ezzedinayman/Local Disk/FS-System/fs-system/install/_local_setup_util_ps1.py'
[16.651s] INFO:colcon.colcon_core.shell:Creating prefix chain script '/media/ezzedinayman/Local Disk/FS-System/fs-system/install/setup.ps1'
[16.655s] INFO:colcon.colcon_core.shell:Creating prefix script '/media/ezzedinayman/Local Disk/FS-System/fs-system/install/local_setup.sh'
[16.656s] INFO:colcon.colcon_core.shell:Creating prefix util module '/media/ezzedinayman/Local Disk/FS-System/fs-system/install/_local_setup_util_sh.py'
[16.657s] INFO:colcon.colcon_core.shell:Creating prefix chain script '/media/ezzedinayman/Local Disk/FS-System/fs-system/install/setup.sh'
[16.660s] INFO:colcon.colcon_core.shell:Creating prefix script '/media/ezzedinayman/Local Disk/FS-System/fs-system/install/local_setup.bash'
[16.661s] INFO:colcon.colcon_core.shell:Creating prefix chain script '/media/ezzedinayman/Local Disk/FS-System/fs-system/install/setup.bash'
[16.663s] INFO:colcon.colcon_core.shell:Creating prefix script '/media/ezzedinayman/Local Disk/FS-System/fs-system/install/local_setup.zsh'
[16.664s] INFO:colcon.colcon_core.shell:Creating prefix chain script '/media/ezzedinayman/Local Disk/FS-System/fs-system/install/setup.zsh'
