[35m[1mConsolidate compiler generated dependencies of target lidarslam_msgs__rosidl_generator_c[0m
[  2%] Built target lidarslam_msgs__cpp
[ 12%] Built target lidarslam_msgs__rosidl_generator_c
[ 12%] Built target ament_cmake_python_symlink_lidarslam_msgs
[35m[1mConsolidate compiler generated dependencies of target lidarslam_msgs__rosidl_typesupport_fastrtps_cpp[0m
[35m[1mConsolidate compiler generated dependencies of target lidarslam_msgs__rosidl_typesupport_introspection_cpp[0m
[35m[1mConsolidate compiler generated dependencies of target lidarslam_msgs__rosidl_typesupport_cpp[0m
[35m[1mConsolidate compiler generated dependencies of target lidarslam_msgs__rosidl_typesupport_fastrtps_c[0m
[35m[1mConsolidate compiler generated dependencies of target lidarslam_msgs__rosidl_typesupport_introspection_c[0m
[35m[1mConsolidate compiler generated dependencies of target lidarslam_msgs__rosidl_typesupport_c[0m
[ 23%] Built target lidarslam_msgs__rosidl_typesupport_fastrtps_cpp
[ 33%] Built target lidarslam_msgs__rosidl_typesupport_fastrtps_c
[ 43%] Built target lidarslam_msgs__rosidl_typesupport_introspection_cpp
[ 53%] Built target lidarslam_msgs__rosidl_typesupport_c
[ 64%] Built target lidarslam_msgs__rosidl_typesupport_cpp
[ 74%] Built target lidarslam_msgs__rosidl_typesupport_introspection_c
[ 74%] Built target lidarslam_msgs
[ 76%] Built target lidarslam_msgs__py
[35m[1mConsolidate compiler generated dependencies of target lidarslam_msgs__rosidl_generator_py[0m
[ 84%] Built target lidarslam_msgs__rosidl_generator_py
[35m[1mConsolidate compiler generated dependencies of target lidarslam_msgs__rosidl_typesupport_fastrtps_c__pyext[0m
[35m[1mConsolidate compiler generated dependencies of target lidarslam_msgs__rosidl_typesupport_introspection_c__pyext[0m
[35m[1mConsolidate compiler generated dependencies of target lidarslam_msgs__rosidl_typesupport_c__pyext[0m
[100%] Built target lidarslam_msgs__rosidl_typesupport_c__pyext
[100%] Built target lidarslam_msgs__rosidl_typesupport_fastrtps_c__pyext
[100%] Built target lidarslam_msgs__rosidl_typesupport_introspection_c__pyext
running egg_info
writing lidarslam_msgs.egg-info/PKG-INFO
writing dependency_links to lidarslam_msgs.egg-info/dependency_links.txt
writing top-level names to lidarslam_msgs.egg-info/top_level.txt
reading manifest file 'lidarslam_msgs.egg-info/SOURCES.txt'
writing manifest file 'lidarslam_msgs.egg-info/SOURCES.txt'
[100%] Built target ament_cmake_python_build_lidarslam_msgs_egg
-- Install configuration: "Release"
-- Execute custom install script
-- Up-to-date symlink: /home/hazem/ros2_ws/install/lidarslam_msgs/share/ament_index/resource_index/rosidl_interfaces/lidarslam_msgs
-- Up-to-date symlink: /home/hazem/ros2_ws/install/lidarslam_msgs/include/lidarslam_msgs/lidarslam_msgs/msg/detail/map_array__functions.h
-- Up-to-date symlink: /home/hazem/ros2_ws/install/lidarslam_msgs/include/lidarslam_msgs/lidarslam_msgs/msg/detail/map_array__struct.h
-- Up-to-date symlink: /home/hazem/ros2_ws/install/lidarslam_msgs/include/lidarslam_msgs/lidarslam_msgs/msg/detail/map_array__type_support.h
-- Up-to-date symlink: /home/hazem/ros2_ws/install/lidarslam_msgs/include/lidarslam_msgs/lidarslam_msgs/msg/detail/sub_map__functions.h
-- Up-to-date symlink: /home/hazem/ros2_ws/install/lidarslam_msgs/include/lidarslam_msgs/lidarslam_msgs/msg/detail/sub_map__struct.h
-- Up-to-date symlink: /home/hazem/ros2_ws/install/lidarslam_msgs/include/lidarslam_msgs/lidarslam_msgs/msg/detail/sub_map__type_support.h
-- Up-to-date symlink: /home/hazem/ros2_ws/install/lidarslam_msgs/include/lidarslam_msgs/lidarslam_msgs/msg/map_array.h
-- Up-to-date symlink: /home/hazem/ros2_ws/install/lidarslam_msgs/include/lidarslam_msgs/lidarslam_msgs/msg/rosidl_generator_c__visibility_control.h
-- Up-to-date symlink: /home/hazem/ros2_ws/install/lidarslam_msgs/include/lidarslam_msgs/lidarslam_msgs/msg/sub_map.h
-- Up-to-date symlink: /home/hazem/ros2_ws/install/lidarslam_msgs/share/lidarslam_msgs/environment/library_path.sh
-- Up-to-date symlink: /home/hazem/ros2_ws/install/lidarslam_msgs/share/lidarslam_msgs/environment/library_path.dsv
-- Up-to-date symlink: /home/hazem/ros2_ws/install/lidarslam_msgs/include/lidarslam_msgs/lidarslam_msgs/msg/detail/map_array__rosidl_typesupport_fastrtps_c.h
-- Up-to-date symlink: /home/hazem/ros2_ws/install/lidarslam_msgs/include/lidarslam_msgs/lidarslam_msgs/msg/detail/sub_map__rosidl_typesupport_fastrtps_c.h
-- Up-to-date symlink: /home/hazem/ros2_ws/install/lidarslam_msgs/include/lidarslam_msgs/lidarslam_msgs/msg/rosidl_typesupport_fastrtps_c__visibility_control.h
-- Up-to-date symlink: /home/hazem/ros2_ws/install/lidarslam_msgs/include/lidarslam_msgs/lidarslam_msgs/msg/detail/map_array__rosidl_typesupport_introspection_c.h
-- Up-to-date symlink: /home/hazem/ros2_ws/install/lidarslam_msgs/include/lidarslam_msgs/lidarslam_msgs/msg/detail/sub_map__rosidl_typesupport_introspection_c.h
-- Up-to-date symlink: /home/hazem/ros2_ws/install/lidarslam_msgs/include/lidarslam_msgs/lidarslam_msgs/msg/rosidl_typesupport_introspection_c__visibility_control.h
-- Up-to-date symlink: /home/hazem/ros2_ws/install/lidarslam_msgs/include/lidarslam_msgs/lidarslam_msgs/msg/detail/map_array__builder.hpp
-- Up-to-date symlink: /home/hazem/ros2_ws/install/lidarslam_msgs/include/lidarslam_msgs/lidarslam_msgs/msg/detail/map_array__struct.hpp
-- Up-to-date symlink: /home/hazem/ros2_ws/install/lidarslam_msgs/include/lidarslam_msgs/lidarslam_msgs/msg/detail/map_array__traits.hpp
-- Up-to-date symlink: /home/hazem/ros2_ws/install/lidarslam_msgs/include/lidarslam_msgs/lidarslam_msgs/msg/detail/sub_map__builder.hpp
-- Up-to-date symlink: /home/hazem/ros2_ws/install/lidarslam_msgs/include/lidarslam_msgs/lidarslam_msgs/msg/detail/sub_map__struct.hpp
-- Up-to-date symlink: /home/hazem/ros2_ws/install/lidarslam_msgs/include/lidarslam_msgs/lidarslam_msgs/msg/detail/sub_map__traits.hpp
-- Up-to-date symlink: /home/hazem/ros2_ws/install/lidarslam_msgs/include/lidarslam_msgs/lidarslam_msgs/msg/map_array.hpp
-- Up-to-date symlink: /home/hazem/ros2_ws/install/lidarslam_msgs/include/lidarslam_msgs/lidarslam_msgs/msg/sub_map.hpp
-- Up-to-date symlink: /home/hazem/ros2_ws/install/lidarslam_msgs/include/lidarslam_msgs/lidarslam_msgs/msg/detail/map_array__rosidl_typesupport_fastrtps_cpp.hpp
-- Up-to-date symlink: /home/hazem/ros2_ws/install/lidarslam_msgs/include/lidarslam_msgs/lidarslam_msgs/msg/detail/sub_map__rosidl_typesupport_fastrtps_cpp.hpp
-- Up-to-date symlink: /home/hazem/ros2_ws/install/lidarslam_msgs/include/lidarslam_msgs/lidarslam_msgs/msg/rosidl_typesupport_fastrtps_cpp__visibility_control.h
-- Up-to-date symlink: /home/hazem/ros2_ws/install/lidarslam_msgs/include/lidarslam_msgs/lidarslam_msgs/msg/detail/map_array__rosidl_typesupport_introspection_cpp.hpp
-- Up-to-date symlink: /home/hazem/ros2_ws/install/lidarslam_msgs/include/lidarslam_msgs/lidarslam_msgs/msg/detail/sub_map__rosidl_typesupport_introspection_cpp.hpp
-- Up-to-date symlink: /home/hazem/ros2_ws/install/lidarslam_msgs/share/lidarslam_msgs/environment/pythonpath.sh
-- Up-to-date symlink: /home/hazem/ros2_ws/install/lidarslam_msgs/share/lidarslam_msgs/environment/pythonpath.dsv
-- Up-to-date symlink: /home/hazem/ros2_ws/install/lidarslam_msgs/local/lib/python3.10/dist-packages/lidarslam_msgs-0.0.0-py3.10.egg-info/PKG-INFO
-- Up-to-date symlink: /home/hazem/ros2_ws/install/lidarslam_msgs/local/lib/python3.10/dist-packages/lidarslam_msgs-0.0.0-py3.10.egg-info/SOURCES.txt
-- Up-to-date symlink: /home/hazem/ros2_ws/install/lidarslam_msgs/local/lib/python3.10/dist-packages/lidarslam_msgs-0.0.0-py3.10.egg-info/dependency_links.txt
-- Up-to-date symlink: /home/hazem/ros2_ws/install/lidarslam_msgs/local/lib/python3.10/dist-packages/lidarslam_msgs-0.0.0-py3.10.egg-info/top_level.txt
-- Up-to-date symlink: /home/hazem/ros2_ws/install/lidarslam_msgs/local/lib/python3.10/dist-packages/lidarslam_msgs/__init__.py
-- Up-to-date symlink: /home/hazem/ros2_ws/install/lidarslam_msgs/local/lib/python3.10/dist-packages/lidarslam_msgs/_lidarslam_msgs_s.ep.rosidl_typesupport_c.c
-- Up-to-date symlink: /home/hazem/ros2_ws/install/lidarslam_msgs/local/lib/python3.10/dist-packages/lidarslam_msgs/_lidarslam_msgs_s.ep.rosidl_typesupport_fastrtps_c.c
-- Up-to-date symlink: /home/hazem/ros2_ws/install/lidarslam_msgs/local/lib/python3.10/dist-packages/lidarslam_msgs/_lidarslam_msgs_s.ep.rosidl_typesupport_introspection_c.c
-- Up-to-date symlink: /home/hazem/ros2_ws/install/lidarslam_msgs/local/lib/python3.10/dist-packages/lidarslam_msgs/liblidarslam_msgs__rosidl_generator_py.so
-- Up-to-date symlink: /home/hazem/ros2_ws/install/lidarslam_msgs/local/lib/python3.10/dist-packages/lidarslam_msgs/lidarslam_msgs_s__rosidl_typesupport_c.cpython-310-x86_64-linux-gnu.so
-- Up-to-date symlink: /home/hazem/ros2_ws/install/lidarslam_msgs/local/lib/python3.10/dist-packages/lidarslam_msgs/lidarslam_msgs_s__rosidl_typesupport_fastrtps_c.cpython-310-x86_64-linux-gnu.so
-- Up-to-date symlink: /home/hazem/ros2_ws/install/lidarslam_msgs/local/lib/python3.10/dist-packages/lidarslam_msgs/lidarslam_msgs_s__rosidl_typesupport_introspection_c.cpython-310-x86_64-linux-gnu.so
-- Up-to-date symlink: /home/hazem/ros2_ws/install/lidarslam_msgs/local/lib/python3.10/dist-packages/lidarslam_msgs/msg/__init__.py
-- Up-to-date symlink: /home/hazem/ros2_ws/install/lidarslam_msgs/local/lib/python3.10/dist-packages/lidarslam_msgs/msg/_map_array.py
-- Up-to-date symlink: /home/hazem/ros2_ws/install/lidarslam_msgs/local/lib/python3.10/dist-packages/lidarslam_msgs/msg/_map_array_s.c
-- Up-to-date symlink: /home/hazem/ros2_ws/install/lidarslam_msgs/local/lib/python3.10/dist-packages/lidarslam_msgs/msg/_sub_map.py
-- Up-to-date symlink: /home/hazem/ros2_ws/install/lidarslam_msgs/local/lib/python3.10/dist-packages/lidarslam_msgs/msg/_sub_map_s.c
-- Up-to-date symlink: /home/hazem/ros2_ws/install/lidarslam_msgs/local/lib/python3.10/dist-packages/lidarslam_msgs/lidarslam_msgs_s__rosidl_typesupport_fastrtps_c.cpython-310-x86_64-linux-gnu.so
-- Up-to-date symlink: /home/hazem/ros2_ws/install/lidarslam_msgs/local/lib/python3.10/dist-packages/lidarslam_msgs/lidarslam_msgs_s__rosidl_typesupport_introspection_c.cpython-310-x86_64-linux-gnu.so
-- Up-to-date symlink: /home/hazem/ros2_ws/install/lidarslam_msgs/local/lib/python3.10/dist-packages/lidarslam_msgs/lidarslam_msgs_s__rosidl_typesupport_c.cpython-310-x86_64-linux-gnu.so
-- Up-to-date symlink: /home/hazem/ros2_ws/install/lidarslam_msgs/share/lidarslam_msgs/msg/SubMap.idl
-- Up-to-date symlink: /home/hazem/ros2_ws/install/lidarslam_msgs/share/lidarslam_msgs/msg/MapArray.idl
-- Up-to-date symlink: /home/hazem/ros2_ws/install/lidarslam_msgs/share/lidarslam_msgs/msg/SubMap.msg
-- Up-to-date symlink: /home/hazem/ros2_ws/install/lidarslam_msgs/share/lidarslam_msgs/msg/MapArray.msg
-- Up-to-date symlink: /home/hazem/ros2_ws/install/lidarslam_msgs/share/ament_index/resource_index/package_run_dependencies/lidarslam_msgs
-- Up-to-date symlink: /home/hazem/ros2_ws/install/lidarslam_msgs/share/ament_index/resource_index/parent_prefix_path/lidarslam_msgs
-- Up-to-date symlink: /home/hazem/ros2_ws/install/lidarslam_msgs/share/lidarslam_msgs/environment/ament_prefix_path.sh
-- Up-to-date symlink: /home/hazem/ros2_ws/install/lidarslam_msgs/share/lidarslam_msgs/environment/ament_prefix_path.dsv
-- Up-to-date symlink: /home/hazem/ros2_ws/install/lidarslam_msgs/share/lidarslam_msgs/environment/path.sh
-- Up-to-date symlink: /home/hazem/ros2_ws/install/lidarslam_msgs/share/lidarslam_msgs/environment/path.dsv
-- Up-to-date symlink: /home/hazem/ros2_ws/install/lidarslam_msgs/share/lidarslam_msgs/local_setup.bash
-- Up-to-date symlink: /home/hazem/ros2_ws/install/lidarslam_msgs/share/lidarslam_msgs/local_setup.sh
-- Up-to-date symlink: /home/hazem/ros2_ws/install/lidarslam_msgs/share/lidarslam_msgs/local_setup.zsh
-- Up-to-date symlink: /home/hazem/ros2_ws/install/lidarslam_msgs/share/lidarslam_msgs/local_setup.dsv
-- Symlinking: /home/hazem/ros2_ws/install/lidarslam_msgs/share/lidarslam_msgs/package.dsv
-- Up-to-date symlink: /home/hazem/ros2_ws/install/lidarslam_msgs/share/ament_index/resource_index/packages/lidarslam_msgs
-- Up-to-date symlink: /home/hazem/ros2_ws/install/lidarslam_msgs/share/lidarslam_msgs/cmake/rosidl_cmake-extras.cmake
-- Up-to-date symlink: /home/hazem/ros2_ws/install/lidarslam_msgs/share/lidarslam_msgs/cmake/ament_cmake_export_dependencies-extras.cmake
-- Up-to-date symlink: /home/hazem/ros2_ws/install/lidarslam_msgs/share/lidarslam_msgs/cmake/ament_cmake_export_include_directories-extras.cmake
-- Up-to-date symlink: /home/hazem/ros2_ws/install/lidarslam_msgs/share/lidarslam_msgs/cmake/ament_cmake_export_libraries-extras.cmake
-- Up-to-date symlink: /home/hazem/ros2_ws/install/lidarslam_msgs/share/lidarslam_msgs/cmake/ament_cmake_export_targets-extras.cmake
-- Up-to-date symlink: /home/hazem/ros2_ws/install/lidarslam_msgs/share/lidarslam_msgs/cmake/rosidl_cmake_export_typesupport_targets-extras.cmake
-- Up-to-date symlink: /home/hazem/ros2_ws/install/lidarslam_msgs/share/lidarslam_msgs/cmake/rosidl_cmake_export_typesupport_libraries-extras.cmake
-- Up-to-date symlink: /home/hazem/ros2_ws/install/lidarslam_msgs/share/lidarslam_msgs/cmake/lidarslam_msgsConfig.cmake
-- Up-to-date symlink: /home/hazem/ros2_ws/install/lidarslam_msgs/share/lidarslam_msgs/cmake/lidarslam_msgsConfig-version.cmake
-- Up-to-date symlink: /home/hazem/ros2_ws/install/lidarslam_msgs/share/lidarslam_msgs/package.xml
-- Up-to-date: /home/hazem/ros2_ws/install/lidarslam_msgs/lib/liblidarslam_msgs__rosidl_generator_c.so
-- Up-to-date: /home/hazem/ros2_ws/install/lidarslam_msgs/lib/liblidarslam_msgs__rosidl_typesupport_fastrtps_c.so
-- Up-to-date: /home/hazem/ros2_ws/install/lidarslam_msgs/lib/liblidarslam_msgs__rosidl_typesupport_introspection_c.so
-- Up-to-date: /home/hazem/ros2_ws/install/lidarslam_msgs/lib/liblidarslam_msgs__rosidl_typesupport_c.so
-- Up-to-date: /home/hazem/ros2_ws/install/lidarslam_msgs/lib/liblidarslam_msgs__rosidl_typesupport_fastrtps_cpp.so
-- Up-to-date: /home/hazem/ros2_ws/install/lidarslam_msgs/lib/liblidarslam_msgs__rosidl_typesupport_introspection_cpp.so
-- Up-to-date: /home/hazem/ros2_ws/install/lidarslam_msgs/lib/liblidarslam_msgs__rosidl_typesupport_cpp.so
Listing '/home/hazem/ros2_ws/install/lidarslam_msgs/local/lib/python3.10/dist-packages/lidarslam_msgs'...
Listing '/home/hazem/ros2_ws/install/lidarslam_msgs/local/lib/python3.10/dist-packages/lidarslam_msgs/msg'...
-- Up-to-date: /home/hazem/ros2_ws/install/lidarslam_msgs/lib/liblidarslam_msgs__rosidl_generator_py.so
-- Up-to-date: /home/hazem/ros2_ws/install/lidarslam_msgs/share/lidarslam_msgs/cmake/export_lidarslam_msgs__rosidl_generator_cExport.cmake
-- Up-to-date: /home/hazem/ros2_ws/install/lidarslam_msgs/share/lidarslam_msgs/cmake/export_lidarslam_msgs__rosidl_generator_cExport-release.cmake
-- Up-to-date: /home/hazem/ros2_ws/install/lidarslam_msgs/share/lidarslam_msgs/cmake/export_lidarslam_msgs__rosidl_typesupport_fastrtps_cExport.cmake
-- Up-to-date: /home/hazem/ros2_ws/install/lidarslam_msgs/share/lidarslam_msgs/cmake/export_lidarslam_msgs__rosidl_typesupport_fastrtps_cExport-release.cmake
-- Up-to-date: /home/hazem/ros2_ws/install/lidarslam_msgs/share/lidarslam_msgs/cmake/lidarslam_msgs__rosidl_typesupport_introspection_cExport.cmake
-- Up-to-date: /home/hazem/ros2_ws/install/lidarslam_msgs/share/lidarslam_msgs/cmake/lidarslam_msgs__rosidl_typesupport_introspection_cExport-release.cmake
-- Up-to-date: /home/hazem/ros2_ws/install/lidarslam_msgs/share/lidarslam_msgs/cmake/lidarslam_msgs__rosidl_typesupport_cExport.cmake
-- Up-to-date: /home/hazem/ros2_ws/install/lidarslam_msgs/share/lidarslam_msgs/cmake/lidarslam_msgs__rosidl_typesupport_cExport-release.cmake
-- Up-to-date: /home/hazem/ros2_ws/install/lidarslam_msgs/share/lidarslam_msgs/cmake/export_lidarslam_msgs__rosidl_generator_cppExport.cmake
-- Up-to-date: /home/hazem/ros2_ws/install/lidarslam_msgs/share/lidarslam_msgs/cmake/export_lidarslam_msgs__rosidl_typesupport_fastrtps_cppExport.cmake
-- Up-to-date: /home/hazem/ros2_ws/install/lidarslam_msgs/share/lidarslam_msgs/cmake/export_lidarslam_msgs__rosidl_typesupport_fastrtps_cppExport-release.cmake
-- Up-to-date: /home/hazem/ros2_ws/install/lidarslam_msgs/share/lidarslam_msgs/cmake/lidarslam_msgs__rosidl_typesupport_introspection_cppExport.cmake
-- Up-to-date: /home/hazem/ros2_ws/install/lidarslam_msgs/share/lidarslam_msgs/cmake/lidarslam_msgs__rosidl_typesupport_introspection_cppExport-release.cmake
-- Up-to-date: /home/hazem/ros2_ws/install/lidarslam_msgs/share/lidarslam_msgs/cmake/lidarslam_msgs__rosidl_typesupport_cppExport.cmake
-- Up-to-date: /home/hazem/ros2_ws/install/lidarslam_msgs/share/lidarslam_msgs/cmake/lidarslam_msgs__rosidl_typesupport_cppExport-release.cmake
-- Up-to-date: /home/hazem/ros2_ws/install/lidarslam_msgs/share/lidarslam_msgs/cmake/export_lidarslam_msgs__rosidl_generator_pyExport.cmake
-- Up-to-date: /home/hazem/ros2_ws/install/lidarslam_msgs/share/lidarslam_msgs/cmake/export_lidarslam_msgs__rosidl_generator_pyExport-release.cmake
