[0.084s] Invoking command in '/home/hazem/ros2_ws/build/lidarslam_msgs': CMAKE_PREFIX_PATH=/opt/ros/humble /usr/bin/cmake --build /home/hazem/ros2_ws/build/lidarslam_msgs -- -j12 -l12
[0.119s] [35m[1mConsolidate compiler generated dependencies of target lidarslam_msgs__rosidl_generator_c[0m
[0.128s] [  2%] Built target lidarslam_msgs__cpp
[0.130s] [ 12%] Built target lidarslam_msgs__rosidl_generator_c
[0.138s] [ 12%] Built target ament_cmake_python_symlink_lidarslam_msgs
[0.140s] [35m[1mConsolidate compiler generated dependencies of target lidarslam_msgs__rosidl_typesupport_fastrtps_cpp[0m
[0.140s] [35m[1mConsolidate compiler generated dependencies of target lidarslam_msgs__rosidl_typesupport_introspection_cpp[0m
[0.141s] [35m[1mConsolidate compiler generated dependencies of target lidarslam_msgs__rosidl_typesupport_cpp[0m
[0.141s] [35m[1mConsolidate compiler generated dependencies of target lidarslam_msgs__rosidl_typesupport_fastrtps_c[0m
[0.147s] [35m[1mConsolidate compiler generated dependencies of target lidarslam_msgs__rosidl_typesupport_introspection_c[0m
[0.147s] [35m[1mConsolidate compiler generated dependencies of target lidarslam_msgs__rosidl_typesupport_c[0m
[0.157s] [ 23%] Built target lidarslam_msgs__rosidl_typesupport_fastrtps_cpp
[0.158s] [ 33%] Built target lidarslam_msgs__rosidl_typesupport_fastrtps_c
[0.158s] [ 43%] Built target lidarslam_msgs__rosidl_typesupport_introspection_cpp
[0.161s] [ 53%] Built target lidarslam_msgs__rosidl_typesupport_c
[0.162s] [ 64%] Built target lidarslam_msgs__rosidl_typesupport_cpp
[0.164s] [ 74%] Built target lidarslam_msgs__rosidl_typesupport_introspection_c
[0.183s] [ 74%] Built target lidarslam_msgs
[0.200s] [ 76%] Built target lidarslam_msgs__py
[0.209s] [35m[1mConsolidate compiler generated dependencies of target lidarslam_msgs__rosidl_generator_py[0m
[0.222s] [ 84%] Built target lidarslam_msgs__rosidl_generator_py
[0.232s] [35m[1mConsolidate compiler generated dependencies of target lidarslam_msgs__rosidl_typesupport_fastrtps_c__pyext[0m
[0.232s] [35m[1mConsolidate compiler generated dependencies of target lidarslam_msgs__rosidl_typesupport_introspection_c__pyext[0m
[0.233s] [35m[1mConsolidate compiler generated dependencies of target lidarslam_msgs__rosidl_typesupport_c__pyext[0m
[0.246s] [100%] Built target lidarslam_msgs__rosidl_typesupport_c__pyext
[0.247s] [100%] Built target lidarslam_msgs__rosidl_typesupport_fastrtps_c__pyext
[0.247s] [100%] Built target lidarslam_msgs__rosidl_typesupport_introspection_c__pyext
[0.356s] running egg_info
[0.357s] writing lidarslam_msgs.egg-info/PKG-INFO
[0.357s] writing dependency_links to lidarslam_msgs.egg-info/dependency_links.txt
[0.357s] writing top-level names to lidarslam_msgs.egg-info/top_level.txt
[0.359s] reading manifest file 'lidarslam_msgs.egg-info/SOURCES.txt'
[0.359s] writing manifest file 'lidarslam_msgs.egg-info/SOURCES.txt'
[0.379s] [100%] Built target ament_cmake_python_build_lidarslam_msgs_egg
[0.475s] Invoked command in '/home/hazem/ros2_ws/build/lidarslam_msgs' returned '0': CMAKE_PREFIX_PATH=/opt/ros/humble /usr/bin/cmake --build /home/hazem/ros2_ws/build/lidarslam_msgs -- -j12 -l12
[0.542s] Invoking command in '/home/hazem/ros2_ws/build/lidarslam_msgs': CMAKE_PREFIX_PATH=/opt/ros/humble /usr/bin/cmake --install /home/hazem/ros2_ws/build/lidarslam_msgs
[0.549s] -- Install configuration: "Release"
[0.549s] -- Execute custom install script
[0.549s] -- Up-to-date symlink: /home/hazem/ros2_ws/install/lidarslam_msgs/share/ament_index/resource_index/rosidl_interfaces/lidarslam_msgs
[0.550s] -- Up-to-date symlink: /home/hazem/ros2_ws/install/lidarslam_msgs/include/lidarslam_msgs/lidarslam_msgs/msg/detail/map_array__functions.h
[0.550s] -- Up-to-date symlink: /home/hazem/ros2_ws/install/lidarslam_msgs/include/lidarslam_msgs/lidarslam_msgs/msg/detail/map_array__struct.h
[0.550s] -- Up-to-date symlink: /home/hazem/ros2_ws/install/lidarslam_msgs/include/lidarslam_msgs/lidarslam_msgs/msg/detail/map_array__type_support.h
[0.550s] -- Up-to-date symlink: /home/hazem/ros2_ws/install/lidarslam_msgs/include/lidarslam_msgs/lidarslam_msgs/msg/detail/sub_map__functions.h
[0.550s] -- Up-to-date symlink: /home/hazem/ros2_ws/install/lidarslam_msgs/include/lidarslam_msgs/lidarslam_msgs/msg/detail/sub_map__struct.h
[0.550s] -- Up-to-date symlink: /home/hazem/ros2_ws/install/lidarslam_msgs/include/lidarslam_msgs/lidarslam_msgs/msg/detail/sub_map__type_support.h
[0.550s] -- Up-to-date symlink: /home/hazem/ros2_ws/install/lidarslam_msgs/include/lidarslam_msgs/lidarslam_msgs/msg/map_array.h
[0.551s] -- Up-to-date symlink: /home/hazem/ros2_ws/install/lidarslam_msgs/include/lidarslam_msgs/lidarslam_msgs/msg/rosidl_generator_c__visibility_control.h
[0.551s] -- Up-to-date symlink: /home/hazem/ros2_ws/install/lidarslam_msgs/include/lidarslam_msgs/lidarslam_msgs/msg/sub_map.h
[0.551s] -- Up-to-date symlink: /home/hazem/ros2_ws/install/lidarslam_msgs/share/lidarslam_msgs/environment/library_path.sh
[0.551s] -- Up-to-date symlink: /home/hazem/ros2_ws/install/lidarslam_msgs/share/lidarslam_msgs/environment/library_path.dsv
[0.552s] -- Up-to-date symlink: /home/hazem/ros2_ws/install/lidarslam_msgs/include/lidarslam_msgs/lidarslam_msgs/msg/detail/map_array__rosidl_typesupport_fastrtps_c.h
[0.552s] -- Up-to-date symlink: /home/hazem/ros2_ws/install/lidarslam_msgs/include/lidarslam_msgs/lidarslam_msgs/msg/detail/sub_map__rosidl_typesupport_fastrtps_c.h
[0.552s] -- Up-to-date symlink: /home/hazem/ros2_ws/install/lidarslam_msgs/include/lidarslam_msgs/lidarslam_msgs/msg/rosidl_typesupport_fastrtps_c__visibility_control.h
[0.552s] -- Up-to-date symlink: /home/hazem/ros2_ws/install/lidarslam_msgs/include/lidarslam_msgs/lidarslam_msgs/msg/detail/map_array__rosidl_typesupport_introspection_c.h
[0.552s] -- Up-to-date symlink: /home/hazem/ros2_ws/install/lidarslam_msgs/include/lidarslam_msgs/lidarslam_msgs/msg/detail/sub_map__rosidl_typesupport_introspection_c.h
[0.552s] -- Up-to-date symlink: /home/hazem/ros2_ws/install/lidarslam_msgs/include/lidarslam_msgs/lidarslam_msgs/msg/rosidl_typesupport_introspection_c__visibility_control.h
[0.553s] -- Up-to-date symlink: /home/hazem/ros2_ws/install/lidarslam_msgs/include/lidarslam_msgs/lidarslam_msgs/msg/detail/map_array__builder.hpp
[0.553s] -- Up-to-date symlink: /home/hazem/ros2_ws/install/lidarslam_msgs/include/lidarslam_msgs/lidarslam_msgs/msg/detail/map_array__struct.hpp
[0.553s] -- Up-to-date symlink: /home/hazem/ros2_ws/install/lidarslam_msgs/include/lidarslam_msgs/lidarslam_msgs/msg/detail/map_array__traits.hpp
[0.553s] -- Up-to-date symlink: /home/hazem/ros2_ws/install/lidarslam_msgs/include/lidarslam_msgs/lidarslam_msgs/msg/detail/sub_map__builder.hpp
[0.553s] -- Up-to-date symlink: /home/hazem/ros2_ws/install/lidarslam_msgs/include/lidarslam_msgs/lidarslam_msgs/msg/detail/sub_map__struct.hpp
[0.553s] -- Up-to-date symlink: /home/hazem/ros2_ws/install/lidarslam_msgs/include/lidarslam_msgs/lidarslam_msgs/msg/detail/sub_map__traits.hpp
[0.553s] -- Up-to-date symlink: /home/hazem/ros2_ws/install/lidarslam_msgs/include/lidarslam_msgs/lidarslam_msgs/msg/map_array.hpp
[0.553s] -- Up-to-date symlink: /home/hazem/ros2_ws/install/lidarslam_msgs/include/lidarslam_msgs/lidarslam_msgs/msg/sub_map.hpp
[0.554s] -- Up-to-date symlink: /home/hazem/ros2_ws/install/lidarslam_msgs/include/lidarslam_msgs/lidarslam_msgs/msg/detail/map_array__rosidl_typesupport_fastrtps_cpp.hpp
[0.554s] -- Up-to-date symlink: /home/hazem/ros2_ws/install/lidarslam_msgs/include/lidarslam_msgs/lidarslam_msgs/msg/detail/sub_map__rosidl_typesupport_fastrtps_cpp.hpp
[0.554s] -- Up-to-date symlink: /home/hazem/ros2_ws/install/lidarslam_msgs/include/lidarslam_msgs/lidarslam_msgs/msg/rosidl_typesupport_fastrtps_cpp__visibility_control.h
[0.554s] -- Up-to-date symlink: /home/hazem/ros2_ws/install/lidarslam_msgs/include/lidarslam_msgs/lidarslam_msgs/msg/detail/map_array__rosidl_typesupport_introspection_cpp.hpp
[0.555s] -- Up-to-date symlink: /home/hazem/ros2_ws/install/lidarslam_msgs/include/lidarslam_msgs/lidarslam_msgs/msg/detail/sub_map__rosidl_typesupport_introspection_cpp.hpp
[0.555s] -- Up-to-date symlink: /home/hazem/ros2_ws/install/lidarslam_msgs/share/lidarslam_msgs/environment/pythonpath.sh
[0.555s] -- Up-to-date symlink: /home/hazem/ros2_ws/install/lidarslam_msgs/share/lidarslam_msgs/environment/pythonpath.dsv
[0.555s] -- Up-to-date symlink: /home/hazem/ros2_ws/install/lidarslam_msgs/local/lib/python3.10/dist-packages/lidarslam_msgs-0.0.0-py3.10.egg-info/PKG-INFO
[0.555s] -- Up-to-date symlink: /home/hazem/ros2_ws/install/lidarslam_msgs/local/lib/python3.10/dist-packages/lidarslam_msgs-0.0.0-py3.10.egg-info/SOURCES.txt
[0.555s] -- Up-to-date symlink: /home/hazem/ros2_ws/install/lidarslam_msgs/local/lib/python3.10/dist-packages/lidarslam_msgs-0.0.0-py3.10.egg-info/dependency_links.txt
[0.556s] -- Up-to-date symlink: /home/hazem/ros2_ws/install/lidarslam_msgs/local/lib/python3.10/dist-packages/lidarslam_msgs-0.0.0-py3.10.egg-info/top_level.txt
[0.556s] -- Up-to-date symlink: /home/hazem/ros2_ws/install/lidarslam_msgs/local/lib/python3.10/dist-packages/lidarslam_msgs/__init__.py
[0.556s] -- Up-to-date symlink: /home/hazem/ros2_ws/install/lidarslam_msgs/local/lib/python3.10/dist-packages/lidarslam_msgs/_lidarslam_msgs_s.ep.rosidl_typesupport_c.c
[0.556s] -- Up-to-date symlink: /home/hazem/ros2_ws/install/lidarslam_msgs/local/lib/python3.10/dist-packages/lidarslam_msgs/_lidarslam_msgs_s.ep.rosidl_typesupport_fastrtps_c.c
[0.556s] -- Up-to-date symlink: /home/hazem/ros2_ws/install/lidarslam_msgs/local/lib/python3.10/dist-packages/lidarslam_msgs/_lidarslam_msgs_s.ep.rosidl_typesupport_introspection_c.c
[0.556s] -- Up-to-date symlink: /home/hazem/ros2_ws/install/lidarslam_msgs/local/lib/python3.10/dist-packages/lidarslam_msgs/liblidarslam_msgs__rosidl_generator_py.so
[0.557s] -- Up-to-date symlink: /home/hazem/ros2_ws/install/lidarslam_msgs/local/lib/python3.10/dist-packages/lidarslam_msgs/lidarslam_msgs_s__rosidl_typesupport_c.cpython-310-x86_64-linux-gnu.so
[0.557s] -- Up-to-date symlink: /home/hazem/ros2_ws/install/lidarslam_msgs/local/lib/python3.10/dist-packages/lidarslam_msgs/lidarslam_msgs_s__rosidl_typesupport_fastrtps_c.cpython-310-x86_64-linux-gnu.so
[0.557s] -- Up-to-date symlink: /home/hazem/ros2_ws/install/lidarslam_msgs/local/lib/python3.10/dist-packages/lidarslam_msgs/lidarslam_msgs_s__rosidl_typesupport_introspection_c.cpython-310-x86_64-linux-gnu.so
[0.557s] -- Up-to-date symlink: /home/hazem/ros2_ws/install/lidarslam_msgs/local/lib/python3.10/dist-packages/lidarslam_msgs/msg/__init__.py
[0.557s] -- Up-to-date symlink: /home/hazem/ros2_ws/install/lidarslam_msgs/local/lib/python3.10/dist-packages/lidarslam_msgs/msg/_map_array.py
[0.557s] -- Up-to-date symlink: /home/hazem/ros2_ws/install/lidarslam_msgs/local/lib/python3.10/dist-packages/lidarslam_msgs/msg/_map_array_s.c
[0.557s] -- Up-to-date symlink: /home/hazem/ros2_ws/install/lidarslam_msgs/local/lib/python3.10/dist-packages/lidarslam_msgs/msg/_sub_map.py
[0.557s] -- Up-to-date symlink: /home/hazem/ros2_ws/install/lidarslam_msgs/local/lib/python3.10/dist-packages/lidarslam_msgs/msg/_sub_map_s.c
[0.558s] -- Up-to-date symlink: /home/hazem/ros2_ws/install/lidarslam_msgs/local/lib/python3.10/dist-packages/lidarslam_msgs/lidarslam_msgs_s__rosidl_typesupport_fastrtps_c.cpython-310-x86_64-linux-gnu.so
[0.558s] -- Up-to-date symlink: /home/hazem/ros2_ws/install/lidarslam_msgs/local/lib/python3.10/dist-packages/lidarslam_msgs/lidarslam_msgs_s__rosidl_typesupport_introspection_c.cpython-310-x86_64-linux-gnu.so
[0.558s] -- Up-to-date symlink: /home/hazem/ros2_ws/install/lidarslam_msgs/local/lib/python3.10/dist-packages/lidarslam_msgs/lidarslam_msgs_s__rosidl_typesupport_c.cpython-310-x86_64-linux-gnu.so
[0.558s] -- Up-to-date symlink: /home/hazem/ros2_ws/install/lidarslam_msgs/share/lidarslam_msgs/msg/SubMap.idl
[0.558s] -- Up-to-date symlink: /home/hazem/ros2_ws/install/lidarslam_msgs/share/lidarslam_msgs/msg/MapArray.idl
[0.559s] -- Up-to-date symlink: /home/hazem/ros2_ws/install/lidarslam_msgs/share/lidarslam_msgs/msg/SubMap.msg
[0.559s] -- Up-to-date symlink: /home/hazem/ros2_ws/install/lidarslam_msgs/share/lidarslam_msgs/msg/MapArray.msg
[0.559s] -- Up-to-date symlink: /home/hazem/ros2_ws/install/lidarslam_msgs/share/ament_index/resource_index/package_run_dependencies/lidarslam_msgs
[0.559s] -- Up-to-date symlink: /home/hazem/ros2_ws/install/lidarslam_msgs/share/ament_index/resource_index/parent_prefix_path/lidarslam_msgs
[0.559s] -- Up-to-date symlink: /home/hazem/ros2_ws/install/lidarslam_msgs/share/lidarslam_msgs/environment/ament_prefix_path.sh
[0.560s] -- Up-to-date symlink: /home/hazem/ros2_ws/install/lidarslam_msgs/share/lidarslam_msgs/environment/ament_prefix_path.dsv
[0.560s] -- Up-to-date symlink: /home/hazem/ros2_ws/install/lidarslam_msgs/share/lidarslam_msgs/environment/path.sh
[0.560s] -- Up-to-date symlink: /home/hazem/ros2_ws/install/lidarslam_msgs/share/lidarslam_msgs/environment/path.dsv
[0.560s] -- Up-to-date symlink: /home/hazem/ros2_ws/install/lidarslam_msgs/share/lidarslam_msgs/local_setup.bash
[0.560s] -- Up-to-date symlink: /home/hazem/ros2_ws/install/lidarslam_msgs/share/lidarslam_msgs/local_setup.sh
[0.560s] -- Up-to-date symlink: /home/hazem/ros2_ws/install/lidarslam_msgs/share/lidarslam_msgs/local_setup.zsh
[0.560s] -- Up-to-date symlink: /home/hazem/ros2_ws/install/lidarslam_msgs/share/lidarslam_msgs/local_setup.dsv
[0.560s] -- Symlinking: /home/hazem/ros2_ws/install/lidarslam_msgs/share/lidarslam_msgs/package.dsv
[0.569s] -- Up-to-date symlink: /home/hazem/ros2_ws/install/lidarslam_msgs/share/ament_index/resource_index/packages/lidarslam_msgs
[0.569s] -- Up-to-date symlink: /home/hazem/ros2_ws/install/lidarslam_msgs/share/lidarslam_msgs/cmake/rosidl_cmake-extras.cmake
[0.569s] -- Up-to-date symlink: /home/hazem/ros2_ws/install/lidarslam_msgs/share/lidarslam_msgs/cmake/ament_cmake_export_dependencies-extras.cmake
[0.569s] -- Up-to-date symlink: /home/hazem/ros2_ws/install/lidarslam_msgs/share/lidarslam_msgs/cmake/ament_cmake_export_include_directories-extras.cmake
[0.569s] -- Up-to-date symlink: /home/hazem/ros2_ws/install/lidarslam_msgs/share/lidarslam_msgs/cmake/ament_cmake_export_libraries-extras.cmake
[0.570s] -- Up-to-date symlink: /home/hazem/ros2_ws/install/lidarslam_msgs/share/lidarslam_msgs/cmake/ament_cmake_export_targets-extras.cmake
[0.570s] -- Up-to-date symlink: /home/hazem/ros2_ws/install/lidarslam_msgs/share/lidarslam_msgs/cmake/rosidl_cmake_export_typesupport_targets-extras.cmake
[0.570s] -- Up-to-date symlink: /home/hazem/ros2_ws/install/lidarslam_msgs/share/lidarslam_msgs/cmake/rosidl_cmake_export_typesupport_libraries-extras.cmake
[0.570s] -- Up-to-date symlink: /home/hazem/ros2_ws/install/lidarslam_msgs/share/lidarslam_msgs/cmake/lidarslam_msgsConfig.cmake
[0.570s] -- Up-to-date symlink: /home/hazem/ros2_ws/install/lidarslam_msgs/share/lidarslam_msgs/cmake/lidarslam_msgsConfig-version.cmake
[0.570s] -- Up-to-date symlink: /home/hazem/ros2_ws/install/lidarslam_msgs/share/lidarslam_msgs/package.xml
[0.570s] -- Up-to-date: /home/hazem/ros2_ws/install/lidarslam_msgs/lib/liblidarslam_msgs__rosidl_generator_c.so
[0.571s] -- Up-to-date: /home/hazem/ros2_ws/install/lidarslam_msgs/lib/liblidarslam_msgs__rosidl_typesupport_fastrtps_c.so
[0.571s] -- Up-to-date: /home/hazem/ros2_ws/install/lidarslam_msgs/lib/liblidarslam_msgs__rosidl_typesupport_introspection_c.so
[0.572s] -- Up-to-date: /home/hazem/ros2_ws/install/lidarslam_msgs/lib/liblidarslam_msgs__rosidl_typesupport_c.so
[0.572s] -- Up-to-date: /home/hazem/ros2_ws/install/lidarslam_msgs/lib/liblidarslam_msgs__rosidl_typesupport_fastrtps_cpp.so
[0.572s] -- Up-to-date: /home/hazem/ros2_ws/install/lidarslam_msgs/lib/liblidarslam_msgs__rosidl_typesupport_introspection_cpp.so
[0.573s] -- Up-to-date: /home/hazem/ros2_ws/install/lidarslam_msgs/lib/liblidarslam_msgs__rosidl_typesupport_cpp.so
[0.601s] Listing '/home/hazem/ros2_ws/install/lidarslam_msgs/local/lib/python3.10/dist-packages/lidarslam_msgs'...
[0.601s] Listing '/home/hazem/ros2_ws/install/lidarslam_msgs/local/lib/python3.10/dist-packages/lidarslam_msgs/msg'...
[0.604s] -- Up-to-date: /home/hazem/ros2_ws/install/lidarslam_msgs/lib/liblidarslam_msgs__rosidl_generator_py.so
[0.604s] -- Up-to-date: /home/hazem/ros2_ws/install/lidarslam_msgs/share/lidarslam_msgs/cmake/export_lidarslam_msgs__rosidl_generator_cExport.cmake
[0.605s] -- Up-to-date: /home/hazem/ros2_ws/install/lidarslam_msgs/share/lidarslam_msgs/cmake/export_lidarslam_msgs__rosidl_generator_cExport-release.cmake
[0.605s] -- Up-to-date: /home/hazem/ros2_ws/install/lidarslam_msgs/share/lidarslam_msgs/cmake/export_lidarslam_msgs__rosidl_typesupport_fastrtps_cExport.cmake
[0.605s] -- Up-to-date: /home/hazem/ros2_ws/install/lidarslam_msgs/share/lidarslam_msgs/cmake/export_lidarslam_msgs__rosidl_typesupport_fastrtps_cExport-release.cmake
[0.605s] -- Up-to-date: /home/hazem/ros2_ws/install/lidarslam_msgs/share/lidarslam_msgs/cmake/lidarslam_msgs__rosidl_typesupport_introspection_cExport.cmake
[0.605s] -- Up-to-date: /home/hazem/ros2_ws/install/lidarslam_msgs/share/lidarslam_msgs/cmake/lidarslam_msgs__rosidl_typesupport_introspection_cExport-release.cmake
[0.605s] -- Up-to-date: /home/hazem/ros2_ws/install/lidarslam_msgs/share/lidarslam_msgs/cmake/lidarslam_msgs__rosidl_typesupport_cExport.cmake
[0.605s] -- Up-to-date: /home/hazem/ros2_ws/install/lidarslam_msgs/share/lidarslam_msgs/cmake/lidarslam_msgs__rosidl_typesupport_cExport-release.cmake
[0.605s] -- Up-to-date: /home/hazem/ros2_ws/install/lidarslam_msgs/share/lidarslam_msgs/cmake/export_lidarslam_msgs__rosidl_generator_cppExport.cmake
[0.605s] -- Up-to-date: /home/hazem/ros2_ws/install/lidarslam_msgs/share/lidarslam_msgs/cmake/export_lidarslam_msgs__rosidl_typesupport_fastrtps_cppExport.cmake
[0.605s] -- Up-to-date: /home/hazem/ros2_ws/install/lidarslam_msgs/share/lidarslam_msgs/cmake/export_lidarslam_msgs__rosidl_typesupport_fastrtps_cppExport-release.cmake
[0.605s] -- Up-to-date: /home/hazem/ros2_ws/install/lidarslam_msgs/share/lidarslam_msgs/cmake/lidarslam_msgs__rosidl_typesupport_introspection_cppExport.cmake
[0.606s] -- Up-to-date: /home/hazem/ros2_ws/install/lidarslam_msgs/share/lidarslam_msgs/cmake/lidarslam_msgs__rosidl_typesupport_introspection_cppExport-release.cmake
[0.606s] -- Up-to-date: /home/hazem/ros2_ws/install/lidarslam_msgs/share/lidarslam_msgs/cmake/lidarslam_msgs__rosidl_typesupport_cppExport.cmake
[0.606s] -- Up-to-date: /home/hazem/ros2_ws/install/lidarslam_msgs/share/lidarslam_msgs/cmake/lidarslam_msgs__rosidl_typesupport_cppExport-release.cmake
[0.606s] -- Up-to-date: /home/hazem/ros2_ws/install/lidarslam_msgs/share/lidarslam_msgs/cmake/export_lidarslam_msgs__rosidl_generator_pyExport.cmake
[0.606s] -- Up-to-date: /home/hazem/ros2_ws/install/lidarslam_msgs/share/lidarslam_msgs/cmake/export_lidarslam_msgs__rosidl_generator_pyExport-release.cmake
[0.607s] Invoked command in '/home/hazem/ros2_ws/build/lidarslam_msgs' returned '0': CMAKE_PREFIX_PATH=/opt/ros/humble /usr/bin/cmake --install /home/hazem/ros2_ws/build/lidarslam_msgs
