[0.182s] Invoking command in '/home/mazen/ros2_ws/src/fs-system/perception/build/smornn': /usr/bin/cmake /home/mazen/ros2_ws/src/fs-system/perception/perception_23/smornn -DCATKIN_INSTALL_INTO_PREFIX_ROOT=0 -DCMAKE_INSTALL_PREFIX=/home/mazen/ros2_ws/src/fs-system/perception/install/smornn
[0.297s] -- The C compiler identification is GNU 11.4.0
[0.395s] -- The CXX compiler identification is GNU 11.4.0
[0.409s] -- Detecting C compiler ABI info
[0.503s] -- Detecting C compiler ABI info - done
[0.511s] -- Check for working C compiler: /usr/bin/cc - skipped
[0.513s] -- Detecting C compile features
[0.513s] -- Detecting C compile features - done
[0.518s] -- Detecting CXX compiler ABI info
[0.620s] -- Detecting CXX compiler ABI info - done
[0.629s] -- Check for working CXX compiler: /usr/bin/c++ - skipped
[0.630s] -- Detecting CXX compile features
[0.630s] -- Detecting CXX compile features - done
[0.646s] [31mCMake Error at CMakeLists.txt:4 (find_package):
[0.646s]   By not providing "Findcatkin.cmake" in CMAKE_MODULE_PATH this project has
[0.646s]   asked CMake to find a package configuration file provided by "catkin", but
[0.646s]   CMake did not find one.
[0.647s] 
[0.647s]   Could not find a package configuration file provided by "catkin" with any
[0.647s]   of the following names:
[0.647s] 
[0.647s]     catkinConfig.cmake
[0.647s]     catkin-config.cmake
[0.647s] 
[0.647s]   Add the installation prefix of "catkin" to CMAKE_PREFIX_PATH or set
[0.647s]   "catkin_DIR" to a directory containing one of the above files.  If "catkin"
[0.647s]   provides a separate development package or SDK, be sure it has been
[0.647s]   installed.
[0.647s] 
[0.647s] [0m
[0.651s] -- Configuring incomplete, errors occurred!
[0.651s] See also "/home/mazen/ros2_ws/src/fs-system/perception/build/smornn/CMakeFiles/CMakeOutput.log".
[0.655s] Invoked command in '/home/mazen/ros2_ws/src/fs-system/perception/build/smornn' returned '1': /usr/bin/cmake /home/mazen/ros2_ws/src/fs-system/perception/perception_23/smornn -DCATKIN_INSTALL_INTO_PREFIX_ROOT=0 -DCMAKE_INSTALL_PREFIX=/home/mazen/ros2_ws/src/fs-system/perception/install/smornn
