[0.773s] DEBUG:colcon:Command line arguments: ['/usr/bin/colcon', 'build', '--symlink-install']
[0.773s] DEBUG:colcon:Parsed command line arguments: Namespace(log_base=None, log_level=None, verb_name='build', build_base='build', install_base='install', merge_install=False, symlink_install=True, test_result_base=None, continue_on_error=False, executor='parallel', parallel_workers=16, event_handlers=None, ignore_user_meta=False, metas=['./colcon.meta'], base_paths=['.'], packages_ignore=None, packages_ignore_regex=None, paths=None, packages_up_to=None, packages_up_to_regex=None, packages_above=None, packages_above_and_dependencies=None, packages_above_depth=None, packages_select_by_dep=None, packages_skip_by_dep=None, packages_skip_up_to=None, packages_select_build_failed=False, packages_skip_build_finished=False, packages_select_test_failures=False, packages_skip_test_passed=False, packages_select=None, packages_skip=None, packages_select_regex=None, packages_skip_regex=None, packages_start=None, packages_end=None, allow_overriding=[], cmake_args=None, cmake_target=None, cmake_target_skip_unavailable=False, cmake_clean_cache=False, cmake_clean_first=False, cmake_force_configure=False, ament_cmake_args=None, catkin_cmake_args=None, catkin_skip_building_tests=False, verb_parser=<colcon_defaults.argument_parser.defaults.DefaultArgumentsDecorator object at 0x7f31bcdbe8f0>, verb_extension=<colcon_core.verb.build.BuildVerb object at 0x7f31bcdbe470>, main=<bound method BuildVerb.main of <colcon_core.verb.build.BuildVerb object at 0x7f31bcdbe470>>)
[0.808s] Level 1:colcon.colcon_core.package_discovery:discover_packages(colcon_meta) check parameters
[0.808s] Level 1:colcon.colcon_core.package_discovery:discover_packages(recursive) check parameters
[0.808s] Level 1:colcon.colcon_core.package_discovery:discover_packages(ignore) check parameters
[0.808s] Level 1:colcon.colcon_core.package_discovery:discover_packages(path) check parameters
[0.808s] Level 1:colcon.colcon_core.package_discovery:discover_packages(colcon_meta) discover
[0.808s] Level 1:colcon.colcon_core.package_discovery:discover_packages(recursive) discover
[0.808s] INFO:colcon.colcon_core.package_discovery:Crawling recursively for packages in '/home/mazen/ros2_ws/src/fs-system/perception'
[0.808s] Level 1:colcon.colcon_core.package_identification:_identify(.) by extensions ['ignore', 'ignore_ament_install']
[0.808s] Level 1:colcon.colcon_core.package_identification:_identify(.) by extension 'ignore'
[0.808s] Level 1:colcon.colcon_core.package_identification:_identify(.) by extension 'ignore_ament_install'
[0.808s] Level 1:colcon.colcon_core.package_identification:_identify(.) by extensions ['colcon_pkg']
[0.808s] Level 1:colcon.colcon_core.package_identification:_identify(.) by extension 'colcon_pkg'
[0.808s] Level 1:colcon.colcon_core.package_identification:_identify(.) by extensions ['colcon_meta']
[0.808s] Level 1:colcon.colcon_core.package_identification:_identify(.) by extension 'colcon_meta'
[0.808s] Level 1:colcon.colcon_core.package_identification:_identify(.) by extensions ['ros']
[0.808s] Level 1:colcon.colcon_core.package_identification:_identify(.) by extension 'ros'
[0.816s] Level 1:colcon.colcon_core.package_identification:_identify(.) by extensions ['cmake', 'python']
[0.816s] Level 1:colcon.colcon_core.package_identification:_identify(.) by extension 'cmake'
[0.816s] Level 1:colcon.colcon_core.package_identification:_identify(.) by extension 'python'
[0.816s] Level 1:colcon.colcon_core.package_identification:_identify(.) by extensions ['python_setup_py']
[0.816s] Level 1:colcon.colcon_core.package_identification:_identify(.) by extension 'python_setup_py'
[0.816s] Level 1:colcon.colcon_core.package_identification:_identify(build) by extensions ['ignore', 'ignore_ament_install']
[0.816s] Level 1:colcon.colcon_core.package_identification:_identify(build) by extension 'ignore'
[0.816s] Level 1:colcon.colcon_core.package_identification:_identify(build) ignored
[0.816s] Level 1:colcon.colcon_core.package_identification:_identify(camera_interface) by extensions ['ignore', 'ignore_ament_install']
[0.816s] Level 1:colcon.colcon_core.package_identification:_identify(camera_interface) by extension 'ignore'
[0.816s] Level 1:colcon.colcon_core.package_identification:_identify(camera_interface) by extension 'ignore_ament_install'
[0.816s] Level 1:colcon.colcon_core.package_identification:_identify(camera_interface) by extensions ['colcon_pkg']
[0.816s] Level 1:colcon.colcon_core.package_identification:_identify(camera_interface) by extension 'colcon_pkg'
[0.816s] Level 1:colcon.colcon_core.package_identification:_identify(camera_interface) by extensions ['colcon_meta']
[0.816s] Level 1:colcon.colcon_core.package_identification:_identify(camera_interface) by extension 'colcon_meta'
[0.816s] Level 1:colcon.colcon_core.package_identification:_identify(camera_interface) by extensions ['ros']
[0.816s] Level 1:colcon.colcon_core.package_identification:_identify(camera_interface) by extension 'ros'
[0.818s] DEBUG:colcon.colcon_core.package_identification:Package 'camera_interface' with type 'ros.ament_python' and name 'camera_interface'
[0.818s] Level 1:colcon.colcon_core.package_identification:_identify(install) by extensions ['ignore', 'ignore_ament_install']
[0.818s] Level 1:colcon.colcon_core.package_identification:_identify(install) by extension 'ignore'
[0.818s] Level 1:colcon.colcon_core.package_identification:_identify(install) ignored
[0.818s] Level 1:colcon.colcon_core.package_identification:_identify(log) by extensions ['ignore', 'ignore_ament_install']
[0.819s] Level 1:colcon.colcon_core.package_identification:_identify(log) by extension 'ignore'
[0.819s] Level 1:colcon.colcon_core.package_identification:_identify(log) ignored
[0.819s] Level 1:colcon.colcon_core.package_identification:_identify(moreo) by extensions ['ignore', 'ignore_ament_install']
[0.819s] Level 1:colcon.colcon_core.package_identification:_identify(moreo) by extension 'ignore'
[0.819s] Level 1:colcon.colcon_core.package_identification:_identify(moreo) by extension 'ignore_ament_install'
[0.819s] Level 1:colcon.colcon_core.package_identification:_identify(moreo) by extensions ['colcon_pkg']
[0.819s] Level 1:colcon.colcon_core.package_identification:_identify(moreo) by extension 'colcon_pkg'
[0.819s] Level 1:colcon.colcon_core.package_identification:_identify(moreo) by extensions ['colcon_meta']
[0.819s] Level 1:colcon.colcon_core.package_identification:_identify(moreo) by extension 'colcon_meta'
[0.819s] Level 1:colcon.colcon_core.package_identification:_identify(moreo) by extensions ['ros']
[0.819s] Level 1:colcon.colcon_core.package_identification:_identify(moreo) by extension 'ros'
[0.819s] DEBUG:colcon.colcon_core.package_identification:Package 'moreo' with type 'ros.ament_python' and name 'moreo'
[0.819s] Level 1:colcon.colcon_core.package_identification:_identify(mrpython_pcl) by extensions ['ignore', 'ignore_ament_install']
[0.819s] Level 1:colcon.colcon_core.package_identification:_identify(mrpython_pcl) by extension 'ignore'
[0.819s] Level 1:colcon.colcon_core.package_identification:_identify(mrpython_pcl) by extension 'ignore_ament_install'
[0.819s] Level 1:colcon.colcon_core.package_identification:_identify(mrpython_pcl) by extensions ['colcon_pkg']
[0.819s] Level 1:colcon.colcon_core.package_identification:_identify(mrpython_pcl) by extension 'colcon_pkg'
[0.819s] Level 1:colcon.colcon_core.package_identification:_identify(mrpython_pcl) by extensions ['colcon_meta']
[0.820s] Level 1:colcon.colcon_core.package_identification:_identify(mrpython_pcl) by extension 'colcon_meta'
[0.820s] Level 1:colcon.colcon_core.package_identification:_identify(mrpython_pcl) by extensions ['ros']
[0.820s] Level 1:colcon.colcon_core.package_identification:_identify(mrpython_pcl) by extension 'ros'
[0.820s] DEBUG:colcon.colcon_core.package_identification:Package 'mrpython_pcl' with type 'ros.ament_python' and name 'mypython_pcl'
[0.820s] Level 1:colcon.colcon_core.package_identification:_identify(smoreo) by extensions ['ignore', 'ignore_ament_install']
[0.820s] Level 1:colcon.colcon_core.package_identification:_identify(smoreo) by extension 'ignore'
[0.820s] Level 1:colcon.colcon_core.package_identification:_identify(smoreo) by extension 'ignore_ament_install'
[0.820s] Level 1:colcon.colcon_core.package_identification:_identify(smoreo) by extensions ['colcon_pkg']
[0.820s] Level 1:colcon.colcon_core.package_identification:_identify(smoreo) by extension 'colcon_pkg'
[0.820s] Level 1:colcon.colcon_core.package_identification:_identify(smoreo) by extensions ['colcon_meta']
[0.820s] Level 1:colcon.colcon_core.package_identification:_identify(smoreo) by extension 'colcon_meta'
[0.820s] Level 1:colcon.colcon_core.package_identification:_identify(smoreo) by extensions ['ros']
[0.820s] Level 1:colcon.colcon_core.package_identification:_identify(smoreo) by extension 'ros'
[0.821s] DEBUG:colcon.colcon_core.package_identification:Package 'smoreo' with type 'ros.ament_python' and name 'smoreo'
[0.821s] Level 1:colcon.colcon_core.package_identification:_identify(yolov8) by extensions ['ignore', 'ignore_ament_install']
[0.821s] Level 1:colcon.colcon_core.package_identification:_identify(yolov8) by extension 'ignore'
[0.821s] Level 1:colcon.colcon_core.package_identification:_identify(yolov8) by extension 'ignore_ament_install'
[0.821s] Level 1:colcon.colcon_core.package_identification:_identify(yolov8) by extensions ['colcon_pkg']
[0.821s] Level 1:colcon.colcon_core.package_identification:_identify(yolov8) by extension 'colcon_pkg'
[0.821s] Level 1:colcon.colcon_core.package_identification:_identify(yolov8) by extensions ['colcon_meta']
[0.821s] Level 1:colcon.colcon_core.package_identification:_identify(yolov8) by extension 'colcon_meta'
[0.821s] Level 1:colcon.colcon_core.package_identification:_identify(yolov8) by extensions ['ros']
[0.821s] Level 1:colcon.colcon_core.package_identification:_identify(yolov8) by extension 'ros'
[0.821s] DEBUG:colcon.colcon_core.package_identification:Package 'yolov8' with type 'ros.ament_python' and name 'yolov8'
[0.821s] Level 1:colcon.colcon_core.package_discovery:discover_packages(recursive) using defaults
[0.821s] Level 1:colcon.colcon_core.package_discovery:discover_packages(ignore) discover
[0.821s] Level 1:colcon.colcon_core.package_discovery:discover_packages(ignore) using defaults
[0.822s] Level 1:colcon.colcon_core.package_discovery:discover_packages(path) discover
[0.822s] Level 1:colcon.colcon_core.package_discovery:discover_packages(path) using defaults
[0.892s] Level 1:colcon.colcon_core.package_discovery:discover_packages(prefix_path) check parameters
[0.892s] Level 1:colcon.colcon_core.package_discovery:discover_packages(prefix_path) discover
[0.915s] DEBUG:colcon.colcon_installed_package_information.package_discovery:Found 9 installed packages in /home/mazen/ros2_ws/install
[0.926s] DEBUG:colcon.colcon_installed_package_information.package_discovery:Found 6 installed packages in /home/mazen/ros2_ws/src/fs-system/perception/install
[0.945s] DEBUG:colcon.colcon_installed_package_information.package_discovery:Found 270 installed packages in /opt/ros/humble
[0.946s] Level 1:colcon.colcon_core.package_discovery:discover_packages(prefix_path) using defaults
[1.011s] Level 5:colcon.colcon_core.verb:set package 'camera_interface' build argument 'cmake_args' from command line to 'None'
[1.011s] Level 5:colcon.colcon_core.verb:set package 'camera_interface' build argument 'cmake_target' from command line to 'None'
[1.011s] Level 5:colcon.colcon_core.verb:set package 'camera_interface' build argument 'cmake_target_skip_unavailable' from command line to 'False'
[1.011s] Level 5:colcon.colcon_core.verb:set package 'camera_interface' build argument 'cmake_clean_cache' from command line to 'False'
[1.011s] Level 5:colcon.colcon_core.verb:set package 'camera_interface' build argument 'cmake_clean_first' from command line to 'False'
[1.011s] Level 5:colcon.colcon_core.verb:set package 'camera_interface' build argument 'cmake_force_configure' from command line to 'False'
[1.011s] Level 5:colcon.colcon_core.verb:set package 'camera_interface' build argument 'ament_cmake_args' from command line to 'None'
[1.011s] Level 5:colcon.colcon_core.verb:set package 'camera_interface' build argument 'catkin_cmake_args' from command line to 'None'
[1.011s] Level 5:colcon.colcon_core.verb:set package 'camera_interface' build argument 'catkin_skip_building_tests' from command line to 'False'
[1.012s] DEBUG:colcon.colcon_core.verb:Building package 'camera_interface' with the following arguments: {'ament_cmake_args': None, 'build_base': '/home/mazen/ros2_ws/src/fs-system/perception/build/camera_interface', 'catkin_cmake_args': None, 'catkin_skip_building_tests': False, 'cmake_args': None, 'cmake_clean_cache': False, 'cmake_clean_first': False, 'cmake_force_configure': False, 'cmake_target': None, 'cmake_target_skip_unavailable': False, 'install_base': '/home/mazen/ros2_ws/src/fs-system/perception/install/camera_interface', 'merge_install': False, 'path': '/home/mazen/ros2_ws/src/fs-system/perception/camera_interface', 'symlink_install': True, 'test_result_base': None}
[1.023s] Level 5:colcon.colcon_core.verb:set package 'moreo' build argument 'cmake_args' from command line to 'None'
[1.023s] Level 5:colcon.colcon_core.verb:set package 'moreo' build argument 'cmake_target' from command line to 'None'
[1.023s] Level 5:colcon.colcon_core.verb:set package 'moreo' build argument 'cmake_target_skip_unavailable' from command line to 'False'
[1.023s] Level 5:colcon.colcon_core.verb:set package 'moreo' build argument 'cmake_clean_cache' from command line to 'False'
[1.023s] Level 5:colcon.colcon_core.verb:set package 'moreo' build argument 'cmake_clean_first' from command line to 'False'
[1.023s] Level 5:colcon.colcon_core.verb:set package 'moreo' build argument 'cmake_force_configure' from command line to 'False'
[1.023s] Level 5:colcon.colcon_core.verb:set package 'moreo' build argument 'ament_cmake_args' from command line to 'None'
[1.023s] Level 5:colcon.colcon_core.verb:set package 'moreo' build argument 'catkin_cmake_args' from command line to 'None'
[1.023s] Level 5:colcon.colcon_core.verb:set package 'moreo' build argument 'catkin_skip_building_tests' from command line to 'False'
[1.023s] DEBUG:colcon.colcon_core.verb:Building package 'moreo' with the following arguments: {'ament_cmake_args': None, 'build_base': '/home/mazen/ros2_ws/src/fs-system/perception/build/moreo', 'catkin_cmake_args': None, 'catkin_skip_building_tests': False, 'cmake_args': None, 'cmake_clean_cache': False, 'cmake_clean_first': False, 'cmake_force_configure': False, 'cmake_target': None, 'cmake_target_skip_unavailable': False, 'install_base': '/home/mazen/ros2_ws/src/fs-system/perception/install/moreo', 'merge_install': False, 'path': '/home/mazen/ros2_ws/src/fs-system/perception/moreo', 'symlink_install': True, 'test_result_base': None}
[1.034s] Level 5:colcon.colcon_core.verb:set package 'mypython_pcl' build argument 'cmake_args' from command line to 'None'
[1.034s] Level 5:colcon.colcon_core.verb:set package 'mypython_pcl' build argument 'cmake_target' from command line to 'None'
[1.034s] Level 5:colcon.colcon_core.verb:set package 'mypython_pcl' build argument 'cmake_target_skip_unavailable' from command line to 'False'
[1.034s] Level 5:colcon.colcon_core.verb:set package 'mypython_pcl' build argument 'cmake_clean_cache' from command line to 'False'
[1.034s] Level 5:colcon.colcon_core.verb:set package 'mypython_pcl' build argument 'cmake_clean_first' from command line to 'False'
[1.034s] Level 5:colcon.colcon_core.verb:set package 'mypython_pcl' build argument 'cmake_force_configure' from command line to 'False'
[1.034s] Level 5:colcon.colcon_core.verb:set package 'mypython_pcl' build argument 'ament_cmake_args' from command line to 'None'
[1.034s] Level 5:colcon.colcon_core.verb:set package 'mypython_pcl' build argument 'catkin_cmake_args' from command line to 'None'
[1.034s] Level 5:colcon.colcon_core.verb:set package 'mypython_pcl' build argument 'catkin_skip_building_tests' from command line to 'False'
[1.034s] DEBUG:colcon.colcon_core.verb:Building package 'mypython_pcl' with the following arguments: {'ament_cmake_args': None, 'build_base': '/home/mazen/ros2_ws/src/fs-system/perception/build/mypython_pcl', 'catkin_cmake_args': None, 'catkin_skip_building_tests': False, 'cmake_args': None, 'cmake_clean_cache': False, 'cmake_clean_first': False, 'cmake_force_configure': False, 'cmake_target': None, 'cmake_target_skip_unavailable': False, 'install_base': '/home/mazen/ros2_ws/src/fs-system/perception/install/mypython_pcl', 'merge_install': False, 'path': '/home/mazen/ros2_ws/src/fs-system/perception/mrpython_pcl', 'symlink_install': True, 'test_result_base': None}
[1.046s] Level 5:colcon.colcon_core.verb:set package 'smoreo' build argument 'cmake_args' from command line to 'None'
[1.046s] Level 5:colcon.colcon_core.verb:set package 'smoreo' build argument 'cmake_target' from command line to 'None'
[1.046s] Level 5:colcon.colcon_core.verb:set package 'smoreo' build argument 'cmake_target_skip_unavailable' from command line to 'False'
[1.046s] Level 5:colcon.colcon_core.verb:set package 'smoreo' build argument 'cmake_clean_cache' from command line to 'False'
[1.046s] Level 5:colcon.colcon_core.verb:set package 'smoreo' build argument 'cmake_clean_first' from command line to 'False'
[1.046s] Level 5:colcon.colcon_core.verb:set package 'smoreo' build argument 'cmake_force_configure' from command line to 'False'
[1.046s] Level 5:colcon.colcon_core.verb:set package 'smoreo' build argument 'ament_cmake_args' from command line to 'None'
[1.046s] Level 5:colcon.colcon_core.verb:set package 'smoreo' build argument 'catkin_cmake_args' from command line to 'None'
[1.046s] Level 5:colcon.colcon_core.verb:set package 'smoreo' build argument 'catkin_skip_building_tests' from command line to 'False'
[1.046s] DEBUG:colcon.colcon_core.verb:Building package 'smoreo' with the following arguments: {'ament_cmake_args': None, 'build_base': '/home/mazen/ros2_ws/src/fs-system/perception/build/smoreo', 'catkin_cmake_args': None, 'catkin_skip_building_tests': False, 'cmake_args': None, 'cmake_clean_cache': False, 'cmake_clean_first': False, 'cmake_force_configure': False, 'cmake_target': None, 'cmake_target_skip_unavailable': False, 'install_base': '/home/mazen/ros2_ws/src/fs-system/perception/install/smoreo', 'merge_install': False, 'path': '/home/mazen/ros2_ws/src/fs-system/perception/smoreo', 'symlink_install': True, 'test_result_base': None}
[1.057s] Level 5:colcon.colcon_core.verb:set package 'yolov8' build argument 'cmake_args' from command line to 'None'
[1.057s] Level 5:colcon.colcon_core.verb:set package 'yolov8' build argument 'cmake_target' from command line to 'None'
[1.057s] Level 5:colcon.colcon_core.verb:set package 'yolov8' build argument 'cmake_target_skip_unavailable' from command line to 'False'
[1.057s] Level 5:colcon.colcon_core.verb:set package 'yolov8' build argument 'cmake_clean_cache' from command line to 'False'
[1.057s] Level 5:colcon.colcon_core.verb:set package 'yolov8' build argument 'cmake_clean_first' from command line to 'False'
[1.057s] Level 5:colcon.colcon_core.verb:set package 'yolov8' build argument 'cmake_force_configure' from command line to 'False'
[1.057s] Level 5:colcon.colcon_core.verb:set package 'yolov8' build argument 'ament_cmake_args' from command line to 'None'
[1.057s] Level 5:colcon.colcon_core.verb:set package 'yolov8' build argument 'catkin_cmake_args' from command line to 'None'
[1.057s] Level 5:colcon.colcon_core.verb:set package 'yolov8' build argument 'catkin_skip_building_tests' from command line to 'False'
[1.057s] DEBUG:colcon.colcon_core.verb:Building package 'yolov8' with the following arguments: {'ament_cmake_args': None, 'build_base': '/home/mazen/ros2_ws/src/fs-system/perception/build/yolov8', 'catkin_cmake_args': None, 'catkin_skip_building_tests': False, 'cmake_args': None, 'cmake_clean_cache': False, 'cmake_clean_first': False, 'cmake_force_configure': False, 'cmake_target': None, 'cmake_target_skip_unavailable': False, 'install_base': '/home/mazen/ros2_ws/src/fs-system/perception/install/yolov8', 'merge_install': False, 'path': '/home/mazen/ros2_ws/src/fs-system/perception/yolov8', 'symlink_install': True, 'test_result_base': None}
[1.069s] INFO:colcon.colcon_core.executor:Executing jobs using 'parallel' executor
[1.081s] DEBUG:colcon.colcon_parallel_executor.executor.parallel:run_until_complete
[1.081s] INFO:colcon.colcon_ros.task.ament_python.build:Building ROS package in '/home/mazen/ros2_ws/src/fs-system/perception/camera_interface' with build type 'ament_python'
[1.081s] Level 1:colcon.colcon_core.shell:create_environment_hook('camera_interface', 'ament_prefix_path')
[1.093s] INFO:colcon.colcon_core.plugin_system:Skipping extension 'colcon_core.shell.bat': Not used on non-Windows systems
[1.094s] INFO:colcon.colcon_core.shell:Creating environment hook '/home/mazen/ros2_ws/src/fs-system/perception/install/camera_interface/share/camera_interface/hook/ament_prefix_path.ps1'
[1.094s] INFO:colcon.colcon_core.shell:Creating environment descriptor '/home/mazen/ros2_ws/src/fs-system/perception/install/camera_interface/share/camera_interface/hook/ament_prefix_path.dsv'
[1.094s] INFO:colcon.colcon_core.shell:Creating environment hook '/home/mazen/ros2_ws/src/fs-system/perception/install/camera_interface/share/camera_interface/hook/ament_prefix_path.sh'
[1.106s] INFO:colcon.colcon_core.shell:Skip shell extension 'powershell' for command environment: Not usable outside of PowerShell
[1.106s] DEBUG:colcon.colcon_core.shell:Skip shell extension 'dsv' for command environment
[1.153s] INFO:colcon.colcon_ros.task.ament_python.build:Building ROS package in '/home/mazen/ros2_ws/src/fs-system/perception/moreo' with build type 'ament_python'
[1.153s] Level 1:colcon.colcon_core.shell:create_environment_hook('moreo', 'ament_prefix_path')
[1.164s] INFO:colcon.colcon_core.shell:Creating environment hook '/home/mazen/ros2_ws/src/fs-system/perception/install/moreo/share/moreo/hook/ament_prefix_path.ps1'
[1.165s] INFO:colcon.colcon_core.shell:Creating environment descriptor '/home/mazen/ros2_ws/src/fs-system/perception/install/moreo/share/moreo/hook/ament_prefix_path.dsv'
[1.165s] INFO:colcon.colcon_core.shell:Creating environment hook '/home/mazen/ros2_ws/src/fs-system/perception/install/moreo/share/moreo/hook/ament_prefix_path.sh'
[1.177s] INFO:colcon.colcon_core.shell:Skip shell extension 'powershell' for command environment: Not usable outside of PowerShell
[1.177s] DEBUG:colcon.colcon_core.shell:Skip shell extension 'dsv' for command environment
[1.224s] INFO:colcon.colcon_ros.task.ament_python.build:Building ROS package in '/home/mazen/ros2_ws/src/fs-system/perception/mrpython_pcl' with build type 'ament_python'
[1.224s] Level 1:colcon.colcon_core.shell:create_environment_hook('mypython_pcl', 'ament_prefix_path')
[1.236s] INFO:colcon.colcon_core.shell:Creating environment hook '/home/mazen/ros2_ws/src/fs-system/perception/install/mypython_pcl/share/mypython_pcl/hook/ament_prefix_path.ps1'
[1.236s] INFO:colcon.colcon_core.shell:Creating environment descriptor '/home/mazen/ros2_ws/src/fs-system/perception/install/mypython_pcl/share/mypython_pcl/hook/ament_prefix_path.dsv'
[1.236s] INFO:colcon.colcon_core.shell:Creating environment hook '/home/mazen/ros2_ws/src/fs-system/perception/install/mypython_pcl/share/mypython_pcl/hook/ament_prefix_path.sh'
[1.248s] INFO:colcon.colcon_core.shell:Skip shell extension 'powershell' for command environment: Not usable outside of PowerShell
[1.248s] DEBUG:colcon.colcon_core.shell:Skip shell extension 'dsv' for command environment
[1.295s] INFO:colcon.colcon_ros.task.ament_python.build:Building ROS package in '/home/mazen/ros2_ws/src/fs-system/perception/smoreo' with build type 'ament_python'
[1.295s] Level 1:colcon.colcon_core.shell:create_environment_hook('smoreo', 'ament_prefix_path')
[1.307s] INFO:colcon.colcon_core.shell:Creating environment hook '/home/mazen/ros2_ws/src/fs-system/perception/install/smoreo/share/smoreo/hook/ament_prefix_path.ps1'
[1.307s] INFO:colcon.colcon_core.shell:Creating environment descriptor '/home/mazen/ros2_ws/src/fs-system/perception/install/smoreo/share/smoreo/hook/ament_prefix_path.dsv'
[1.307s] INFO:colcon.colcon_core.shell:Creating environment hook '/home/mazen/ros2_ws/src/fs-system/perception/install/smoreo/share/smoreo/hook/ament_prefix_path.sh'
[1.319s] INFO:colcon.colcon_core.shell:Skip shell extension 'powershell' for command environment: Not usable outside of PowerShell
[1.319s] DEBUG:colcon.colcon_core.shell:Skip shell extension 'dsv' for command environment
[1.569s] INFO:colcon.colcon_core.task.python.build:Building Python package in '/home/mazen/ros2_ws/src/fs-system/perception/camera_interface'
[1.581s] INFO:colcon.colcon_core.shell:Skip shell extension 'powershell' for command environment: Not usable outside of PowerShell
[1.581s] DEBUG:colcon.colcon_core.shell:Skip shell extension 'dsv' for command environment
[1.828s] INFO:colcon.colcon_core.task.python.build:Building Python package in '/home/mazen/ros2_ws/src/fs-system/perception/moreo'
[1.840s] INFO:colcon.colcon_core.shell:Skip shell extension 'powershell' for command environment: Not usable outside of PowerShell
[1.840s] DEBUG:colcon.colcon_core.shell:Skip shell extension 'dsv' for command environment
[2.089s] INFO:colcon.colcon_core.task.python.build:Building Python package in '/home/mazen/ros2_ws/src/fs-system/perception/mrpython_pcl'
[2.100s] INFO:colcon.colcon_core.shell:Skip shell extension 'powershell' for command environment: Not usable outside of PowerShell
[2.100s] DEBUG:colcon.colcon_core.shell:Skip shell extension 'dsv' for command environment
[2.350s] INFO:colcon.colcon_core.task.python.build:Building Python package in '/home/mazen/ros2_ws/src/fs-system/perception/smoreo'
[2.361s] INFO:colcon.colcon_core.shell:Skip shell extension 'powershell' for command environment: Not usable outside of PowerShell
[2.361s] DEBUG:colcon.colcon_core.shell:Skip shell extension 'dsv' for command environment
[2.683s] DEBUG:colcon.colcon_core.event_handler.log_command:Invoking command in '/home/mazen/ros2_ws/src/fs-system/perception/build/mypython_pcl': PYTHONPATH=/home/mazen/ros2_ws/src/fs-system/perception/build/mypython_pcl/prefix_override:/home/mazen/ros2_ws/src/fs-system/perception/install/mypython_pcl/lib/python3.10/site-packages:${PYTHONPATH} /usr/bin/python3 setup.py develop --editable --build-directory /home/mazen/ros2_ws/src/fs-system/perception/build/mypython_pcl/build --no-deps install_data
[2.694s] DEBUG:colcon.colcon_core.event_handler.log_command:Invoking command in '/home/mazen/ros2_ws/src/fs-system/perception/build/camera_interface': PYTHONPATH=/home/mazen/ros2_ws/src/fs-system/perception/build/camera_interface/prefix_override:/home/mazen/ros2_ws/src/fs-system/perception/install/camera_interface/lib/python3.10/site-packages:${PYTHONPATH} /usr/bin/python3 setup.py develop --editable --build-directory /home/mazen/ros2_ws/src/fs-system/perception/build/camera_interface/build --no-deps install_data
[2.696s] DEBUG:colcon.colcon_core.event_handler.log_command:Invoking command in '/home/mazen/ros2_ws/src/fs-system/perception/build/smoreo': PYTHONPATH=/home/mazen/ros2_ws/src/fs-system/perception/build/smoreo/prefix_override:/home/mazen/ros2_ws/src/fs-system/perception/install/smoreo/lib/python3.10/site-packages:${PYTHONPATH} /usr/bin/python3 setup.py develop --editable --build-directory /home/mazen/ros2_ws/src/fs-system/perception/build/smoreo/build --no-deps install_data
[2.704s] DEBUG:colcon.colcon_core.event_handler.log_command:Invoking command in '/home/mazen/ros2_ws/src/fs-system/perception/build/moreo': PYTHONPATH=/home/mazen/ros2_ws/src/fs-system/perception/build/moreo/prefix_override:/home/mazen/ros2_ws/src/fs-system/perception/install/moreo/lib/python3.10/site-packages:${PYTHONPATH} /usr/bin/python3 setup.py develop --editable --build-directory /home/mazen/ros2_ws/src/fs-system/perception/build/moreo/build --no-deps install_data
[3.055s] Level 1:colcon.colcon_core.shell:create_environment_hook('mypython_pcl', 'pythonpath_develop')
[3.055s] DEBUG:colcon.colcon_core.event_handler.log_command:Invoked command in '/home/mazen/ros2_ws/src/fs-system/perception/build/mypython_pcl' returned '0': PYTHONPATH=/home/mazen/ros2_ws/src/fs-system/perception/build/mypython_pcl/prefix_override:/home/mazen/ros2_ws/src/fs-system/perception/install/mypython_pcl/lib/python3.10/site-packages:${PYTHONPATH} /usr/bin/python3 setup.py develop --editable --build-directory /home/mazen/ros2_ws/src/fs-system/perception/build/mypython_pcl/build --no-deps install_data
[3.067s] INFO:colcon.colcon_core.shell:Creating environment hook '/home/mazen/ros2_ws/src/fs-system/perception/build/mypython_pcl/share/mypython_pcl/hook/pythonpath_develop.ps1'
[3.068s] INFO:colcon.colcon_core.shell:Creating environment descriptor '/home/mazen/ros2_ws/src/fs-system/perception/build/mypython_pcl/share/mypython_pcl/hook/pythonpath_develop.dsv'
[3.068s] INFO:colcon.colcon_core.shell:Creating environment hook '/home/mazen/ros2_ws/src/fs-system/perception/build/mypython_pcl/share/mypython_pcl/hook/pythonpath_develop.sh'
[3.082s] Level 1:colcon.colcon_core.environment:checking '/home/mazen/ros2_ws/src/fs-system/perception/install/mypython_pcl' for CMake module files
[3.082s] Level 1:colcon.colcon_core.environment:checking '/home/mazen/ros2_ws/src/fs-system/perception/install/mypython_pcl' for CMake config files
[3.082s] Level 1:colcon.colcon_core.environment:checking '/home/mazen/ros2_ws/src/fs-system/perception/install/mypython_pcl/lib'
[3.083s] Level 1:colcon.colcon_core.environment:checking '/home/mazen/ros2_ws/src/fs-system/perception/install/mypython_pcl/bin'
[3.083s] Level 1:colcon.colcon_core.environment:checking '/home/mazen/ros2_ws/src/fs-system/perception/install/mypython_pcl/lib/pkgconfig/mypython_pcl.pc'
[3.083s] Level 1:colcon.colcon_core.environment:checking '/home/mazen/ros2_ws/src/fs-system/perception/install/mypython_pcl/lib/python3.10/site-packages'
[3.083s] Level 1:colcon.colcon_core.shell:create_environment_hook('mypython_pcl', 'pythonpath')
[3.104s] INFO:colcon.colcon_core.shell:Creating environment hook '/home/mazen/ros2_ws/src/fs-system/perception/install/mypython_pcl/share/mypython_pcl/hook/pythonpath.ps1'
[3.104s] INFO:colcon.colcon_core.shell:Creating environment descriptor '/home/mazen/ros2_ws/src/fs-system/perception/install/mypython_pcl/share/mypython_pcl/hook/pythonpath.dsv'
[3.105s] INFO:colcon.colcon_core.shell:Creating environment hook '/home/mazen/ros2_ws/src/fs-system/perception/install/mypython_pcl/share/mypython_pcl/hook/pythonpath.sh'
[3.105s] Level 1:colcon.colcon_core.environment:checking '/home/mazen/ros2_ws/src/fs-system/perception/install/mypython_pcl/bin'
[3.105s] Level 1:colcon.colcon_core.environment:create_environment_scripts_only(mypython_pcl)
[3.117s] INFO:colcon.colcon_core.shell:Creating package script '/home/mazen/ros2_ws/src/fs-system/perception/install/mypython_pcl/share/mypython_pcl/package.ps1'
[3.117s] INFO:colcon.colcon_core.shell:Creating package descriptor '/home/mazen/ros2_ws/src/fs-system/perception/install/mypython_pcl/share/mypython_pcl/package.dsv'
[3.118s] INFO:colcon.colcon_core.shell:Creating package script '/home/mazen/ros2_ws/src/fs-system/perception/install/mypython_pcl/share/mypython_pcl/package.sh'
[3.118s] INFO:colcon.colcon_core.shell:Creating package script '/home/mazen/ros2_ws/src/fs-system/perception/install/mypython_pcl/share/mypython_pcl/package.bash'
[3.119s] INFO:colcon.colcon_core.shell:Creating package script '/home/mazen/ros2_ws/src/fs-system/perception/install/mypython_pcl/share/mypython_pcl/package.zsh'
[3.119s] Level 1:colcon.colcon_core.environment:create_file_with_runtime_dependencies(/home/mazen/ros2_ws/src/fs-system/perception/install/mypython_pcl/share/colcon-core/packages/mypython_pcl)
[3.120s] Level 1:colcon.colcon_core.shell:create_environment_hook('camera_interface', 'pythonpath_develop')
[3.121s] DEBUG:colcon.colcon_core.event_handler.log_command:Invoked command in '/home/mazen/ros2_ws/src/fs-system/perception/build/camera_interface' returned '0': PYTHONPATH=/home/mazen/ros2_ws/src/fs-system/perception/build/camera_interface/prefix_override:/home/mazen/ros2_ws/src/fs-system/perception/install/camera_interface/lib/python3.10/site-packages:${PYTHONPATH} /usr/bin/python3 setup.py develop --editable --build-directory /home/mazen/ros2_ws/src/fs-system/perception/build/camera_interface/build --no-deps install_data
[3.132s] INFO:colcon.colcon_core.shell:Creating environment hook '/home/mazen/ros2_ws/src/fs-system/perception/build/camera_interface/share/camera_interface/hook/pythonpath_develop.ps1'
[3.132s] INFO:colcon.colcon_core.shell:Creating environment descriptor '/home/mazen/ros2_ws/src/fs-system/perception/build/camera_interface/share/camera_interface/hook/pythonpath_develop.dsv'
[3.132s] INFO:colcon.colcon_core.shell:Creating environment hook '/home/mazen/ros2_ws/src/fs-system/perception/build/camera_interface/share/camera_interface/hook/pythonpath_develop.sh'
[3.144s] Level 1:colcon.colcon_core.environment:checking '/home/mazen/ros2_ws/src/fs-system/perception/install/camera_interface' for CMake module files
[3.144s] Level 1:colcon.colcon_core.environment:checking '/home/mazen/ros2_ws/src/fs-system/perception/install/camera_interface' for CMake config files
[3.144s] Level 1:colcon.colcon_core.environment:checking '/home/mazen/ros2_ws/src/fs-system/perception/install/camera_interface/lib'
[3.144s] Level 1:colcon.colcon_core.environment:checking '/home/mazen/ros2_ws/src/fs-system/perception/install/camera_interface/bin'
[3.144s] Level 1:colcon.colcon_core.environment:checking '/home/mazen/ros2_ws/src/fs-system/perception/install/camera_interface/lib/pkgconfig/camera_interface.pc'
[3.145s] Level 1:colcon.colcon_core.environment:checking '/home/mazen/ros2_ws/src/fs-system/perception/install/camera_interface/lib/python3.10/site-packages'
[3.145s] Level 1:colcon.colcon_core.shell:create_environment_hook('camera_interface', 'pythonpath')
[3.156s] INFO:colcon.colcon_core.shell:Creating environment hook '/home/mazen/ros2_ws/src/fs-system/perception/install/camera_interface/share/camera_interface/hook/pythonpath.ps1'
[3.156s] INFO:colcon.colcon_core.shell:Creating environment descriptor '/home/mazen/ros2_ws/src/fs-system/perception/install/camera_interface/share/camera_interface/hook/pythonpath.dsv'
[3.156s] INFO:colcon.colcon_core.shell:Creating environment hook '/home/mazen/ros2_ws/src/fs-system/perception/install/camera_interface/share/camera_interface/hook/pythonpath.sh'
[3.157s] Level 1:colcon.colcon_core.environment:checking '/home/mazen/ros2_ws/src/fs-system/perception/install/camera_interface/bin'
[3.157s] Level 1:colcon.colcon_core.environment:create_environment_scripts_only(camera_interface)
[3.168s] INFO:colcon.colcon_core.shell:Creating package script '/home/mazen/ros2_ws/src/fs-system/perception/install/camera_interface/share/camera_interface/package.ps1'
[3.168s] INFO:colcon.colcon_core.shell:Creating package descriptor '/home/mazen/ros2_ws/src/fs-system/perception/install/camera_interface/share/camera_interface/package.dsv'
[3.169s] INFO:colcon.colcon_core.shell:Creating package script '/home/mazen/ros2_ws/src/fs-system/perception/install/camera_interface/share/camera_interface/package.sh'
[3.169s] INFO:colcon.colcon_core.shell:Creating package script '/home/mazen/ros2_ws/src/fs-system/perception/install/camera_interface/share/camera_interface/package.bash'
[3.169s] INFO:colcon.colcon_core.shell:Creating package script '/home/mazen/ros2_ws/src/fs-system/perception/install/camera_interface/share/camera_interface/package.zsh'
[3.170s] Level 1:colcon.colcon_core.environment:create_file_with_runtime_dependencies(/home/mazen/ros2_ws/src/fs-system/perception/install/camera_interface/share/colcon-core/packages/camera_interface)
[3.170s] INFO:colcon.colcon_ros.task.ament_python.build:Building ROS package in '/home/mazen/ros2_ws/src/fs-system/perception/yolov8' with build type 'ament_python'
[3.170s] Level 1:colcon.colcon_core.shell:create_environment_hook('yolov8', 'ament_prefix_path')
[3.182s] INFO:colcon.colcon_core.shell:Creating environment hook '/home/mazen/ros2_ws/src/fs-system/perception/install/yolov8/share/yolov8/hook/ament_prefix_path.ps1'
[3.182s] INFO:colcon.colcon_core.shell:Creating environment descriptor '/home/mazen/ros2_ws/src/fs-system/perception/install/yolov8/share/yolov8/hook/ament_prefix_path.dsv'
[3.183s] INFO:colcon.colcon_core.shell:Creating environment hook '/home/mazen/ros2_ws/src/fs-system/perception/install/yolov8/share/yolov8/hook/ament_prefix_path.sh'
[3.195s] INFO:colcon.colcon_core.shell:Skip shell extension 'powershell' for command environment: Not usable outside of PowerShell
[3.195s] DEBUG:colcon.colcon_core.shell:Skip shell extension 'dsv' for command environment
[3.243s] Level 1:colcon.colcon_core.shell:create_environment_hook('smoreo', 'pythonpath_develop')
[3.243s] DEBUG:colcon.colcon_core.event_handler.log_command:Invoked command in '/home/mazen/ros2_ws/src/fs-system/perception/build/smoreo' returned '0': PYTHONPATH=/home/mazen/ros2_ws/src/fs-system/perception/build/smoreo/prefix_override:/home/mazen/ros2_ws/src/fs-system/perception/install/smoreo/lib/python3.10/site-packages:${PYTHONPATH} /usr/bin/python3 setup.py develop --editable --build-directory /home/mazen/ros2_ws/src/fs-system/perception/build/smoreo/build --no-deps install_data
[3.254s] INFO:colcon.colcon_core.shell:Creating environment hook '/home/mazen/ros2_ws/src/fs-system/perception/build/smoreo/share/smoreo/hook/pythonpath_develop.ps1'
[3.254s] INFO:colcon.colcon_core.shell:Creating environment descriptor '/home/mazen/ros2_ws/src/fs-system/perception/build/smoreo/share/smoreo/hook/pythonpath_develop.dsv'
[3.255s] INFO:colcon.colcon_core.shell:Creating environment hook '/home/mazen/ros2_ws/src/fs-system/perception/build/smoreo/share/smoreo/hook/pythonpath_develop.sh'
[3.266s] Level 1:colcon.colcon_core.environment:checking '/home/mazen/ros2_ws/src/fs-system/perception/install/smoreo' for CMake module files
[3.266s] Level 1:colcon.colcon_core.environment:checking '/home/mazen/ros2_ws/src/fs-system/perception/install/smoreo' for CMake config files
[3.267s] Level 1:colcon.colcon_core.environment:checking '/home/mazen/ros2_ws/src/fs-system/perception/install/smoreo/lib'
[3.267s] Level 1:colcon.colcon_core.environment:checking '/home/mazen/ros2_ws/src/fs-system/perception/install/smoreo/bin'
[3.267s] Level 1:colcon.colcon_core.environment:checking '/home/mazen/ros2_ws/src/fs-system/perception/install/smoreo/lib/pkgconfig/smoreo.pc'
[3.267s] Level 1:colcon.colcon_core.environment:checking '/home/mazen/ros2_ws/src/fs-system/perception/install/smoreo/lib/python3.10/site-packages'
[3.267s] Level 1:colcon.colcon_core.shell:create_environment_hook('smoreo', 'pythonpath')
[3.278s] INFO:colcon.colcon_core.shell:Creating environment hook '/home/mazen/ros2_ws/src/fs-system/perception/install/smoreo/share/smoreo/hook/pythonpath.ps1'
[3.278s] INFO:colcon.colcon_core.shell:Creating environment descriptor '/home/mazen/ros2_ws/src/fs-system/perception/install/smoreo/share/smoreo/hook/pythonpath.dsv'
[3.278s] INFO:colcon.colcon_core.shell:Creating environment hook '/home/mazen/ros2_ws/src/fs-system/perception/install/smoreo/share/smoreo/hook/pythonpath.sh'
[3.279s] Level 1:colcon.colcon_core.environment:checking '/home/mazen/ros2_ws/src/fs-system/perception/install/smoreo/bin'
[3.279s] Level 1:colcon.colcon_core.environment:create_environment_scripts_only(smoreo)
[3.290s] INFO:colcon.colcon_core.shell:Creating package script '/home/mazen/ros2_ws/src/fs-system/perception/install/smoreo/share/smoreo/package.ps1'
[3.291s] INFO:colcon.colcon_core.shell:Creating package descriptor '/home/mazen/ros2_ws/src/fs-system/perception/install/smoreo/share/smoreo/package.dsv'
[3.291s] INFO:colcon.colcon_core.shell:Creating package script '/home/mazen/ros2_ws/src/fs-system/perception/install/smoreo/share/smoreo/package.sh'
[3.291s] INFO:colcon.colcon_core.shell:Creating package script '/home/mazen/ros2_ws/src/fs-system/perception/install/smoreo/share/smoreo/package.bash'
[3.292s] INFO:colcon.colcon_core.shell:Creating package script '/home/mazen/ros2_ws/src/fs-system/perception/install/smoreo/share/smoreo/package.zsh'
[3.292s] Level 1:colcon.colcon_core.environment:create_file_with_runtime_dependencies(/home/mazen/ros2_ws/src/fs-system/perception/install/smoreo/share/colcon-core/packages/smoreo)
[3.292s] Level 1:colcon.colcon_core.shell:create_environment_hook('moreo', 'pythonpath_develop')
[3.293s] DEBUG:colcon.colcon_core.event_handler.log_command:Invoked command in '/home/mazen/ros2_ws/src/fs-system/perception/build/moreo' returned '0': PYTHONPATH=/home/mazen/ros2_ws/src/fs-system/perception/build/moreo/prefix_override:/home/mazen/ros2_ws/src/fs-system/perception/install/moreo/lib/python3.10/site-packages:${PYTHONPATH} /usr/bin/python3 setup.py develop --editable --build-directory /home/mazen/ros2_ws/src/fs-system/perception/build/moreo/build --no-deps install_data
[3.306s] INFO:colcon.colcon_core.shell:Creating environment hook '/home/mazen/ros2_ws/src/fs-system/perception/build/moreo/share/moreo/hook/pythonpath_develop.ps1'
[3.306s] INFO:colcon.colcon_core.shell:Creating environment descriptor '/home/mazen/ros2_ws/src/fs-system/perception/build/moreo/share/moreo/hook/pythonpath_develop.dsv'
[3.307s] INFO:colcon.colcon_core.shell:Creating environment hook '/home/mazen/ros2_ws/src/fs-system/perception/build/moreo/share/moreo/hook/pythonpath_develop.sh'
[3.318s] Level 1:colcon.colcon_core.environment:checking '/home/mazen/ros2_ws/src/fs-system/perception/install/moreo' for CMake module files
[3.319s] Level 1:colcon.colcon_core.environment:checking '/home/mazen/ros2_ws/src/fs-system/perception/install/moreo' for CMake config files
[3.319s] Level 1:colcon.colcon_core.environment:checking '/home/mazen/ros2_ws/src/fs-system/perception/install/moreo/lib'
[3.319s] Level 1:colcon.colcon_core.environment:checking '/home/mazen/ros2_ws/src/fs-system/perception/install/moreo/bin'
[3.319s] Level 1:colcon.colcon_core.environment:checking '/home/mazen/ros2_ws/src/fs-system/perception/install/moreo/lib/pkgconfig/moreo.pc'
[3.319s] Level 1:colcon.colcon_core.environment:checking '/home/mazen/ros2_ws/src/fs-system/perception/install/moreo/lib/python3.10/site-packages'
[3.319s] Level 1:colcon.colcon_core.shell:create_environment_hook('moreo', 'pythonpath')
[3.331s] INFO:colcon.colcon_core.shell:Creating environment hook '/home/mazen/ros2_ws/src/fs-system/perception/install/moreo/share/moreo/hook/pythonpath.ps1'
[3.331s] INFO:colcon.colcon_core.shell:Creating environment descriptor '/home/mazen/ros2_ws/src/fs-system/perception/install/moreo/share/moreo/hook/pythonpath.dsv'
[3.331s] INFO:colcon.colcon_core.shell:Creating environment hook '/home/mazen/ros2_ws/src/fs-system/perception/install/moreo/share/moreo/hook/pythonpath.sh'
[3.331s] Level 1:colcon.colcon_core.environment:checking '/home/mazen/ros2_ws/src/fs-system/perception/install/moreo/bin'
[3.331s] Level 1:colcon.colcon_core.environment:create_environment_scripts_only(moreo)
[3.343s] INFO:colcon.colcon_core.shell:Creating package script '/home/mazen/ros2_ws/src/fs-system/perception/install/moreo/share/moreo/package.ps1'
[3.343s] INFO:colcon.colcon_core.shell:Creating package descriptor '/home/mazen/ros2_ws/src/fs-system/perception/install/moreo/share/moreo/package.dsv'
[3.344s] INFO:colcon.colcon_core.shell:Creating package script '/home/mazen/ros2_ws/src/fs-system/perception/install/moreo/share/moreo/package.sh'
[3.344s] INFO:colcon.colcon_core.shell:Creating package script '/home/mazen/ros2_ws/src/fs-system/perception/install/moreo/share/moreo/package.bash'
[3.344s] INFO:colcon.colcon_core.shell:Creating package script '/home/mazen/ros2_ws/src/fs-system/perception/install/moreo/share/moreo/package.zsh'
[3.344s] Level 1:colcon.colcon_core.environment:create_file_with_runtime_dependencies(/home/mazen/ros2_ws/src/fs-system/perception/install/moreo/share/colcon-core/packages/moreo)
[3.558s] INFO:colcon.colcon_core.task.python.build:Building Python package in '/home/mazen/ros2_ws/src/fs-system/perception/yolov8'
[3.570s] INFO:colcon.colcon_core.shell:Skip shell extension 'powershell' for command environment: Not usable outside of PowerShell
[3.570s] DEBUG:colcon.colcon_core.shell:Skip shell extension 'dsv' for command environment
[3.868s] DEBUG:colcon.colcon_core.event_handler.log_command:Invoking command in '/home/mazen/ros2_ws/src/fs-system/perception/build/yolov8': AMENT_PREFIX_PATH=/home/mazen/ros2_ws/src/fs-system/perception/install/camera_interface:/home/mazen/ros2_ws/src/fs-system/perception/install/yolov8:/home/mazen/ros2_ws/src/fs-system/perception/install/smoreo:/home/mazen/ros2_ws/src/fs-system/perception/install/mypython_pcl:/home/mazen/ros2_ws/src/fs-system/perception/install/moreo:/opt/ros/humble PYTHONPATH=/home/mazen/ros2_ws/src/fs-system/perception/build/yolov8/prefix_override:/home/mazen/ros2_ws/src/fs-system/perception/install/yolov8/lib/python3.10/site-packages:/home/mazen/ros2_ws/src/fs-system/perception/build/camera_interface:/home/mazen/ros2_ws/src/fs-system/perception/install/camera_interface/lib/python3.10/site-packages:/home/mazen/ros2_ws/src/fs-system/perception/build/yolov8:/home/mazen/ros2_ws/src/fs-system/perception/install/yolov8/lib/python3.10/site-packages:/home/mazen/ros2_ws/src/fs-system/perception/build/smoreo:/home/mazen/ros2_ws/src/fs-system/perception/install/smoreo/lib/python3.10/site-packages:/home/mazen/ros2_ws/src/fs-system/perception/build/mypython_pcl:/home/mazen/ros2_ws/src/fs-system/perception/install/mypython_pcl/lib/python3.10/site-packages:/home/mazen/ros2_ws/src/fs-system/perception/build/moreo:/home/mazen/ros2_ws/src/fs-system/perception/install/moreo/lib/python3.10/site-packages:/opt/ros/humble/lib/python3.10/site-packages:/opt/ros/humble/local/lib/python3.10/dist-packages /usr/bin/python3 setup.py develop --editable --build-directory /home/mazen/ros2_ws/src/fs-system/perception/build/yolov8/build --no-deps install_data
[4.241s] Level 1:colcon.colcon_core.shell:create_environment_hook('yolov8', 'pythonpath_develop')
[4.241s] DEBUG:colcon.colcon_core.event_handler.log_command:Invoked command in '/home/mazen/ros2_ws/src/fs-system/perception/build/yolov8' returned '0': AMENT_PREFIX_PATH=/home/mazen/ros2_ws/src/fs-system/perception/install/camera_interface:/home/mazen/ros2_ws/src/fs-system/perception/install/yolov8:/home/mazen/ros2_ws/src/fs-system/perception/install/smoreo:/home/mazen/ros2_ws/src/fs-system/perception/install/mypython_pcl:/home/mazen/ros2_ws/src/fs-system/perception/install/moreo:/opt/ros/humble PYTHONPATH=/home/mazen/ros2_ws/src/fs-system/perception/build/yolov8/prefix_override:/home/mazen/ros2_ws/src/fs-system/perception/install/yolov8/lib/python3.10/site-packages:/home/mazen/ros2_ws/src/fs-system/perception/build/camera_interface:/home/mazen/ros2_ws/src/fs-system/perception/install/camera_interface/lib/python3.10/site-packages:/home/mazen/ros2_ws/src/fs-system/perception/build/yolov8:/home/mazen/ros2_ws/src/fs-system/perception/install/yolov8/lib/python3.10/site-packages:/home/mazen/ros2_ws/src/fs-system/perception/build/smoreo:/home/mazen/ros2_ws/src/fs-system/perception/install/smoreo/lib/python3.10/site-packages:/home/mazen/ros2_ws/src/fs-system/perception/build/mypython_pcl:/home/mazen/ros2_ws/src/fs-system/perception/install/mypython_pcl/lib/python3.10/site-packages:/home/mazen/ros2_ws/src/fs-system/perception/build/moreo:/home/mazen/ros2_ws/src/fs-system/perception/install/moreo/lib/python3.10/site-packages:/opt/ros/humble/lib/python3.10/site-packages:/opt/ros/humble/local/lib/python3.10/dist-packages /usr/bin/python3 setup.py develop --editable --build-directory /home/mazen/ros2_ws/src/fs-system/perception/build/yolov8/build --no-deps install_data
[4.253s] INFO:colcon.colcon_core.shell:Creating environment hook '/home/mazen/ros2_ws/src/fs-system/perception/build/yolov8/share/yolov8/hook/pythonpath_develop.ps1'
[4.253s] INFO:colcon.colcon_core.shell:Creating environment descriptor '/home/mazen/ros2_ws/src/fs-system/perception/build/yolov8/share/yolov8/hook/pythonpath_develop.dsv'
[4.253s] INFO:colcon.colcon_core.shell:Creating environment hook '/home/mazen/ros2_ws/src/fs-system/perception/build/yolov8/share/yolov8/hook/pythonpath_develop.sh'
[4.264s] Level 1:colcon.colcon_core.environment:checking '/home/mazen/ros2_ws/src/fs-system/perception/install/yolov8' for CMake module files
[4.265s] Level 1:colcon.colcon_core.environment:checking '/home/mazen/ros2_ws/src/fs-system/perception/install/yolov8' for CMake config files
[4.265s] Level 1:colcon.colcon_core.environment:checking '/home/mazen/ros2_ws/src/fs-system/perception/install/yolov8/lib'
[4.265s] Level 1:colcon.colcon_core.environment:checking '/home/mazen/ros2_ws/src/fs-system/perception/install/yolov8/bin'
[4.265s] Level 1:colcon.colcon_core.environment:checking '/home/mazen/ros2_ws/src/fs-system/perception/install/yolov8/lib/pkgconfig/yolov8.pc'
[4.265s] Level 1:colcon.colcon_core.environment:checking '/home/mazen/ros2_ws/src/fs-system/perception/install/yolov8/lib/python3.10/site-packages'
[4.265s] Level 1:colcon.colcon_core.shell:create_environment_hook('yolov8', 'pythonpath')
[4.276s] INFO:colcon.colcon_core.shell:Creating environment hook '/home/mazen/ros2_ws/src/fs-system/perception/install/yolov8/share/yolov8/hook/pythonpath.ps1'
[4.276s] INFO:colcon.colcon_core.shell:Creating environment descriptor '/home/mazen/ros2_ws/src/fs-system/perception/install/yolov8/share/yolov8/hook/pythonpath.dsv'
[4.277s] INFO:colcon.colcon_core.shell:Creating environment hook '/home/mazen/ros2_ws/src/fs-system/perception/install/yolov8/share/yolov8/hook/pythonpath.sh'
[4.277s] Level 1:colcon.colcon_core.environment:checking '/home/mazen/ros2_ws/src/fs-system/perception/install/yolov8/bin'
[4.277s] Level 1:colcon.colcon_core.environment:create_environment_scripts_only(yolov8)
[4.288s] INFO:colcon.colcon_core.shell:Creating package script '/home/mazen/ros2_ws/src/fs-system/perception/install/yolov8/share/yolov8/package.ps1'
[4.289s] INFO:colcon.colcon_core.shell:Creating package descriptor '/home/mazen/ros2_ws/src/fs-system/perception/install/yolov8/share/yolov8/package.dsv'
[4.289s] INFO:colcon.colcon_core.shell:Creating package script '/home/mazen/ros2_ws/src/fs-system/perception/install/yolov8/share/yolov8/package.sh'
[4.289s] INFO:colcon.colcon_core.shell:Creating package script '/home/mazen/ros2_ws/src/fs-system/perception/install/yolov8/share/yolov8/package.bash'
[4.289s] INFO:colcon.colcon_core.shell:Creating package script '/home/mazen/ros2_ws/src/fs-system/perception/install/yolov8/share/yolov8/package.zsh'
[4.290s] Level 1:colcon.colcon_core.environment:create_file_with_runtime_dependencies(/home/mazen/ros2_ws/src/fs-system/perception/install/yolov8/share/colcon-core/packages/yolov8)
[4.290s] DEBUG:colcon.colcon_parallel_executor.executor.parallel:closing loop
[4.290s] DEBUG:colcon.colcon_parallel_executor.executor.parallel:loop closed
[4.290s] DEBUG:colcon.colcon_parallel_executor.executor.parallel:run_until_complete finished with '0'
[4.290s] DEBUG:colcon.colcon_core.event_reactor:joining thread
[4.306s] INFO:colcon.colcon_core.plugin_system:Skipping extension 'colcon_notification.desktop_notification.terminal_notifier': Not used on non-Darwin systems
[4.306s] INFO:colcon.colcon_core.plugin_system:Skipping extension 'colcon_notification.desktop_notification.win32': Not used on non-Windows systems
[4.306s] INFO:colcon.colcon_notification.desktop_notification:Sending desktop notification using 'notify2'
[4.315s] DEBUG:colcon.colcon_core.event_reactor:joined thread
[4.327s] INFO:colcon.colcon_core.shell:Creating prefix script '/home/mazen/ros2_ws/src/fs-system/perception/install/local_setup.ps1'
[4.327s] INFO:colcon.colcon_core.shell:Creating prefix util module '/home/mazen/ros2_ws/src/fs-system/perception/install/_local_setup_util_ps1.py'
[4.328s] INFO:colcon.colcon_core.shell:Creating prefix chain script '/home/mazen/ros2_ws/src/fs-system/perception/install/setup.ps1'
[4.340s] INFO:colcon.colcon_core.shell:Creating prefix script '/home/mazen/ros2_ws/src/fs-system/perception/install/local_setup.sh'
[4.340s] INFO:colcon.colcon_core.shell:Creating prefix util module '/home/mazen/ros2_ws/src/fs-system/perception/install/_local_setup_util_sh.py'
[4.341s] INFO:colcon.colcon_core.shell:Creating prefix chain script '/home/mazen/ros2_ws/src/fs-system/perception/install/setup.sh'
[4.353s] INFO:colcon.colcon_core.shell:Creating prefix script '/home/mazen/ros2_ws/src/fs-system/perception/install/local_setup.bash'
[4.353s] INFO:colcon.colcon_core.shell:Creating prefix chain script '/home/mazen/ros2_ws/src/fs-system/perception/install/setup.bash'
[4.365s] INFO:colcon.colcon_core.shell:Creating prefix script '/home/mazen/ros2_ws/src/fs-system/perception/install/local_setup.zsh'
[4.365s] INFO:colcon.colcon_core.shell:Creating prefix chain script '/home/mazen/ros2_ws/src/fs-system/perception/install/setup.zsh'
