running develop
Removing /home/mazen/ros2_ws/src/fs-system/perception/install/moreo/lib/python3.10/site-packages/moreo.egg-link (link to .)
running egg_info
writing ../build/moreo/moreo.egg-info/PKG-INFO
writing dependency_links to ../build/moreo/moreo.egg-info/dependency_links.txt
writing entry points to ../build/moreo/moreo.egg-info/entry_points.txt
writing requirements to ../build/moreo/moreo.egg-info/requires.txt
writing top-level names to ../build/moreo/moreo.egg-info/top_level.txt
reading manifest file '../build/moreo/moreo.egg-info/SOURCES.txt'
writing manifest file '../build/moreo/moreo.egg-info/SOURCES.txt'
running build
running build_py
running install
running install_lib
creating /home/mazen/ros2_ws/src/fs-system/perception/install/moreo/lib/python3.10/site-packages/moreo
copying /home/mazen/ros2_ws/src/fs-system/perception/build/moreo/build/lib/moreo/__init__.py -> /home/mazen/ros2_ws/src/fs-system/perception/install/moreo/lib/python3.10/site-packages/moreo
byte-compiling /home/mazen/ros2_ws/src/fs-system/perception/install/moreo/lib/python3.10/site-packages/moreo/__init__.py to __init__.cpython-310.pyc
running install_data
running install_egg_info
Copying ../build/moreo/moreo.egg-info to /home/mazen/ros2_ws/src/fs-system/perception/install/moreo/lib/python3.10/site-packages/moreo-0.0.0-py3.10.egg-info
running install_scripts
writing list of installed files to '/home/mazen/ros2_ws/src/fs-system/perception/build/moreo/install.log'
