-- The C compiler identification is GNU 11.4.0
-- The CXX compiler identification is GNU 11.4.0
-- Detecting C compiler ABI info
-- Detecting C compiler ABI info - done
-- Check for working C compiler: /usr/bin/cc - skipped
-- Detecting C compile features
-- Detecting C compile features - done
-- Detecting CXX compiler ABI info
-- Detecting CXX compiler ABI info - done
-- Check for working CXX compiler: /usr/bin/c++ - skipped
-- Detecting CXX compile features
-- Detecting CXX compile features - done
-- Found ament_cmake: 1.3.9 (/opt/ros/humble/share/ament_cmake/cmake)
-- Found Python3: /usr/bin/python3 (found version "3.10.12") found components: Interpreter 
-- Found builtin_interfaces: 1.2.1 (/opt/ros/humble/share/builtin_interfaces/cmake)
-- Found rosidl_generator_c: 3.1.5 (/opt/ros/humble/share/rosidl_generator_c/cmake)
-- Found rosidl_adapter: 3.1.5 (/opt/ros/humble/share/rosidl_adapter/cmake)
-- Found rosidl_generator_cpp: 3.1.5 (/opt/ros/humble/share/rosidl_generator_cpp/cmake)
-- Using all available rosidl_typesupport_c: rosidl_typesupport_fastrtps_c;rosidl_typesupport_introspection_c
-- Using all available rosidl_typesupport_cpp: rosidl_typesupport_fastrtps_cpp;rosidl_typesupport_introspection_cpp
-- Found rosidl_default_generators: 1.2.0 (/opt/ros/humble/share/rosidl_default_generators/cmake)
-- Found rclcpp: 16.0.9 (/opt/ros/humble/share/rclcpp/cmake)
-- Found rmw_implementation_cmake: 6.1.2 (/opt/ros/humble/share/rmw_implementation_cmake/cmake)
-- Found rmw_fastrtps_cpp: 6.2.6 (/opt/ros/humble/share/rmw_fastrtps_cpp/cmake)
-- Found OpenSSL: /usr/lib/x86_64-linux-gnu/libcrypto.so (found version "3.0.2")  
-- Found FastRTPS: /opt/ros/humble/include  
-- Using RMW implementation 'rmw_fastrtps_cpp' as default
-- Performing Test CMAKE_HAVE_LIBC_PTHREAD
-- Performing Test CMAKE_HAVE_LIBC_PTHREAD - Success
-- Found Threads: TRUE  
-- Found geometry_msgs: 4.2.3 (/opt/ros/humble/share/geometry_msgs/cmake)
-- Found sensor_msgs: 4.2.3 (/opt/ros/humble/share/sensor_msgs/cmake)
-- Found ament_cmake_ros: 0.10.0 (/opt/ros/humble/share/ament_cmake_ros/cmake)
-- Using all available rosidl_typesupport_c: rosidl_typesupport_fastrtps_c;rosidl_typesupport_introspection_c
-- Using all available rosidl_typesupport_cpp: rosidl_typesupport_fastrtps_cpp;rosidl_typesupport_introspection_cpp
[33mCMake Warning (dev) at /opt/ros/humble/share/rosidl_generator_py/cmake/rosidl_generator_py_generate_interfaces.cmake:20 (find_package):
  Policy CMP0148 is not set: The FindPythonInterp and FindPythonLibs modules
  are removed.  Run "cmake --help-policy CMP0148" for policy details.  Use
  the cmake_policy command to set the policy and suppress this warning.

Call Stack (most recent call first):
  /opt/ros/humble/share/ament_cmake_core/cmake/core/ament_execute_extensions.cmake:48 (include)
  /opt/ros/humble/share/rosidl_cmake/cmake/rosidl_generate_interfaces.cmake:286 (ament_execute_extensions)
  CMakeLists.txt:18 (rosidl_generate_interfaces)
This warning is for project developers.  Use -Wno-dev to suppress it.
[0m
-- Found PythonInterp: /usr/bin/python3 (found suitable version "3.10.12", minimum required is "3.6") 
-- Found python_cmake_module: 0.10.0 (/opt/ros/humble/share/python_cmake_module/cmake)
[33mCMake Warning (dev) at /opt/ros/humble/share/python_cmake_module/cmake/Modules/FindPythonExtra.cmake:52 (find_package):
  Policy CMP0148 is not set: The FindPythonInterp and FindPythonLibs modules
  are removed.  Run "cmake --help-policy CMP0148" for policy details.  Use
  the cmake_policy command to set the policy and suppress this warning.

Call Stack (most recent call first):
  /opt/ros/humble/share/rosidl_generator_py/cmake/rosidl_generator_py_generate_interfaces.cmake:23 (find_package)
  /opt/ros/humble/share/ament_cmake_core/cmake/core/ament_execute_extensions.cmake:48 (include)
  /opt/ros/humble/share/rosidl_cmake/cmake/rosidl_generate_interfaces.cmake:286 (ament_execute_extensions)
  CMakeLists.txt:18 (rosidl_generate_interfaces)
This warning is for project developers.  Use -Wno-dev to suppress it.
[0m
[33mCMake Warning (dev) at /opt/ros/humble/share/python_cmake_module/cmake/Modules/FindPythonExtra.cmake:140 (find_package):
  Policy CMP0148 is not set: The FindPythonInterp and FindPythonLibs modules
  are removed.  Run "cmake --help-policy CMP0148" for policy details.  Use
  the cmake_policy command to set the policy and suppress this warning.

Call Stack (most recent call first):
  /opt/ros/humble/share/rosidl_generator_py/cmake/rosidl_generator_py_generate_interfaces.cmake:23 (find_package)
  /opt/ros/humble/share/ament_cmake_core/cmake/core/ament_execute_extensions.cmake:48 (include)
  /opt/ros/humble/share/rosidl_cmake/cmake/rosidl_generate_interfaces.cmake:286 (ament_execute_extensions)
  CMakeLists.txt:18 (rosidl_generate_interfaces)
This warning is for project developers.  Use -Wno-dev to suppress it.
[0m
-- Found PythonLibs: /usr/lib/x86_64-linux-gnu/libpython3.10.so (found suitable version "3.10.12", minimum required is "3.5") 
-- Using PYTHON_EXECUTABLE: /usr/bin/python3
-- Using PYTHON_INCLUDE_DIRS: /usr/include/python3.10
-- Using PYTHON_LIBRARIES: /usr/lib/x86_64-linux-gnu/libpython3.10.so
-- Found PythonExtra: .so  
-- Found ament_lint_auto: 0.12.11 (/opt/ros/humble/share/ament_lint_auto/cmake)
-- Added test 'lint_cmake' to check CMake code style
-- Added test 'xmllint' to check XML markup files
-- Configuring done (3.5s)
-- Generating done (0.1s)
-- Build files have been written to: /media/ezzedinayman/Local Disk/FS-System/fs-system/build/asurt_msgs
[  1%] [34m[1mGenerating C code for ROS interfaces[0m
[  2%] [34m[1mGenerating C++ code for ROS interfaces[0m
[  2%] Built target ament_cmake_python_copy_asurt_msgs
running egg_info
creating asurt_msgs.egg-info
writing asurt_msgs.egg-info/PKG-INFO
writing dependency_links to asurt_msgs.egg-info/dependency_links.txt
writing top-level names to asurt_msgs.egg-info/top_level.txt
writing manifest file 'asurt_msgs.egg-info/SOURCES.txt'
reading manifest file 'asurt_msgs.egg-info/SOURCES.txt'
writing manifest file 'asurt_msgs.egg-info/SOURCES.txt'
[  2%] Built target ament_cmake_python_build_asurt_msgs_egg
[  2%] Built target asurt_msgs__cpp
[  4%] [34m[1mGenerating C++ type support dispatch for ROS interfaces[0m
[  4%] [34m[1mGenerating C++ type support for eProsima Fast-RTPS[0m
[  5%] [34m[1mGenerating C++ introspection for ROS interfaces[0m
[  6%] [32mBuilding C object CMakeFiles/asurt_msgs__rosidl_generator_c.dir/rosidl_generator_c/asurt_msgs/msg/detail/landmark_array__functions.c.o[0m
[  7%] [32mBuilding C object CMakeFiles/asurt_msgs__rosidl_generator_c.dir/rosidl_generator_c/asurt_msgs/msg/detail/landmark__functions.c.o[0m
[  9%] [32mBuilding C object CMakeFiles/asurt_msgs__rosidl_generator_c.dir/rosidl_generator_c/asurt_msgs/msg/detail/node_status__functions.c.o[0m
[  9%] [32mBuilding C object CMakeFiles/asurt_msgs__rosidl_generator_c.dir/rosidl_generator_c/asurt_msgs/msg/detail/roadstate__functions.c.o[0m
[ 10%] [32mBuilding C object CMakeFiles/asurt_msgs__rosidl_generator_c.dir/rosidl_generator_c/asurt_msgs/msg/detail/bounding_box__functions.c.o[0m
[ 12%] [32mBuilding C object CMakeFiles/asurt_msgs__rosidl_generator_c.dir/rosidl_generator_c/asurt_msgs/msg/detail/cone_img__functions.c.o[0m
[ 13%] [32mBuilding C object CMakeFiles/asurt_msgs__rosidl_generator_c.dir/rosidl_generator_c/asurt_msgs/msg/detail/bounding_boxes__functions.c.o[0m
[ 13%] [32mBuilding C object CMakeFiles/asurt_msgs__rosidl_generator_c.dir/rosidl_generator_c/asurt_msgs/msg/detail/cone_img_array__functions.c.o[0m
[ 14%] [32mBuilding C object CMakeFiles/asurt_msgs__rosidl_generator_c.dir/rosidl_generator_c/asurt_msgs/msg/detail/key_points__functions.c.o[0m
[ 15%] [32m[1mLinking C shared library libasurt_msgs__rosidl_generator_c.so[0m
[ 15%] Built target asurt_msgs__rosidl_generator_c
[ 18%] [34m[1mGenerating C type support dispatch for ROS interfaces[0m
[ 18%] [34m[1mGenerating C type support for eProsima Fast-RTPS[0m
[ 18%] [34m[1mGenerating C introspection for ROS interfaces[0m
[ 21%] [32mBuilding CXX object CMakeFiles/asurt_msgs__rosidl_typesupport_cpp.dir/rosidl_typesupport_cpp/asurt_msgs/msg/node_status__type_support.cpp.o[0m
[ 22%] [32mBuilding CXX object CMakeFiles/asurt_msgs__rosidl_typesupport_cpp.dir/rosidl_typesupport_cpp/asurt_msgs/msg/landmark_array__type_support.cpp.o[0m
[ 22%] [32mBuilding CXX object CMakeFiles/asurt_msgs__rosidl_typesupport_cpp.dir/rosidl_typesupport_cpp/asurt_msgs/msg/landmark__type_support.cpp.o[0m
[ 23%] [32mBuilding C object CMakeFiles/asurt_msgs__rosidl_typesupport_introspection_c.dir/rosidl_typesupport_introspection_c/asurt_msgs/msg/detail/landmark__type_support.c.o[0m
[ 24%] [32mBuilding CXX object CMakeFiles/asurt_msgs__rosidl_typesupport_introspection_cpp.dir/rosidl_typesupport_introspection_cpp/asurt_msgs/msg/detail/landmark__type_support.cpp.o[0m
[ 25%] [32mBuilding C object CMakeFiles/asurt_msgs__rosidl_typesupport_introspection_c.dir/rosidl_typesupport_introspection_c/asurt_msgs/msg/detail/landmark_array__type_support.c.o[0m
[ 26%] [32mBuilding CXX object CMakeFiles/asurt_msgs__rosidl_typesupport_fastrtps_c.dir/rosidl_typesupport_fastrtps_c/asurt_msgs/msg/detail/landmark__type_support_c.cpp.o[0m
[ 27%] [32mBuilding CXX object CMakeFiles/asurt_msgs__rosidl_typesupport_c.dir/rosidl_typesupport_c/asurt_msgs/msg/landmark__type_support.cpp.o[0m
[ 28%] [32mBuilding C object CMakeFiles/asurt_msgs__rosidl_typesupport_introspection_c.dir/rosidl_typesupport_introspection_c/asurt_msgs/msg/detail/node_status__type_support.c.o[0m
[ 29%] [32mBuilding CXX object CMakeFiles/asurt_msgs__rosidl_typesupport_c.dir/rosidl_typesupport_c/asurt_msgs/msg/landmark_array__type_support.cpp.o[0m
[ 30%] [32mBuilding C object CMakeFiles/asurt_msgs__rosidl_typesupport_introspection_c.dir/rosidl_typesupport_introspection_c/asurt_msgs/msg/detail/roadstate__type_support.c.o[0m
[ 31%] [32mBuilding CXX object CMakeFiles/asurt_msgs__rosidl_typesupport_fastrtps_cpp.dir/rosidl_typesupport_fastrtps_cpp/asurt_msgs/msg/detail/dds_fastrtps/landmark__type_support.cpp.o[0m
[ 32%] [32mBuilding CXX object CMakeFiles/asurt_msgs__rosidl_typesupport_c.dir/rosidl_typesupport_c/asurt_msgs/msg/node_status__type_support.cpp.o[0m
[ 33%] [32mBuilding C object CMakeFiles/asurt_msgs__rosidl_typesupport_introspection_c.dir/rosidl_typesupport_introspection_c/asurt_msgs/msg/detail/bounding_box__type_support.c.o[0m
[ 34%] [32mBuilding CXX object CMakeFiles/asurt_msgs__rosidl_typesupport_c.dir/rosidl_typesupport_c/asurt_msgs/msg/roadstate__type_support.cpp.o[0m
[ 35%] [32mBuilding CXX object CMakeFiles/asurt_msgs__rosidl_typesupport_c.dir/rosidl_typesupport_c/asurt_msgs/msg/bounding_box__type_support.cpp.o[0m
[ 36%] [32mBuilding C object CMakeFiles/asurt_msgs__rosidl_typesupport_introspection_c.dir/rosidl_typesupport_introspection_c/asurt_msgs/msg/detail/bounding_boxes__type_support.c.o[0m
[ 37%] [32mBuilding CXX object CMakeFiles/asurt_msgs__rosidl_typesupport_fastrtps_cpp.dir/rosidl_typesupport_fastrtps_cpp/asurt_msgs/msg/detail/dds_fastrtps/landmark_array__type_support.cpp.o[0m
[ 40%] [32mBuilding CXX object CMakeFiles/asurt_msgs__rosidl_typesupport_cpp.dir/rosidl_typesupport_cpp/asurt_msgs/msg/roadstate__type_support.cpp.o[0m
[ 40%] [32mBuilding CXX object CMakeFiles/asurt_msgs__rosidl_typesupport_introspection_cpp.dir/rosidl_typesupport_introspection_cpp/asurt_msgs/msg/detail/landmark_array__type_support.cpp.o[0m
[ 41%] [32mBuilding CXX object CMakeFiles/asurt_msgs__rosidl_typesupport_c.dir/rosidl_typesupport_c/asurt_msgs/msg/bounding_boxes__type_support.cpp.o[0m
[ 42%] [32mBuilding C object CMakeFiles/asurt_msgs__rosidl_typesupport_introspection_c.dir/rosidl_typesupport_introspection_c/asurt_msgs/msg/detail/cone_img__type_support.c.o[0m
[ 43%] [32mBuilding CXX object CMakeFiles/asurt_msgs__rosidl_typesupport_c.dir/rosidl_typesupport_c/asurt_msgs/msg/cone_img__type_support.cpp.o[0m
[ 44%] [32mBuilding C object CMakeFiles/asurt_msgs__rosidl_typesupport_introspection_c.dir/rosidl_typesupport_introspection_c/asurt_msgs/msg/detail/cone_img_array__type_support.c.o[0m
[ 45%] [32mBuilding CXX object CMakeFiles/asurt_msgs__rosidl_typesupport_c.dir/rosidl_typesupport_c/asurt_msgs/msg/cone_img_array__type_support.cpp.o[0m
[ 46%] [32mBuilding C object CMakeFiles/asurt_msgs__rosidl_typesupport_introspection_c.dir/rosidl_typesupport_introspection_c/asurt_msgs/msg/detail/key_points__type_support.c.o[0m
[ 47%] [32mBuilding CXX object CMakeFiles/asurt_msgs__rosidl_typesupport_c.dir/rosidl_typesupport_c/asurt_msgs/msg/key_points__type_support.cpp.o[0m
[ 48%] [32m[1mLinking CXX shared library libasurt_msgs__rosidl_typesupport_c.so[0m
[ 49%] [32m[1mLinking C shared library libasurt_msgs__rosidl_typesupport_introspection_c.so[0m
[ 49%] Built target asurt_msgs__rosidl_typesupport_c
[ 50%] [32mBuilding CXX object CMakeFiles/asurt_msgs__rosidl_typesupport_introspection_cpp.dir/rosidl_typesupport_introspection_cpp/asurt_msgs/msg/detail/node_status__type_support.cpp.o[0m
[ 50%] Built target asurt_msgs__rosidl_typesupport_introspection_c
[ 51%] [32mBuilding CXX object CMakeFiles/asurt_msgs__rosidl_typesupport_fastrtps_c.dir/rosidl_typesupport_fastrtps_c/asurt_msgs/msg/detail/landmark_array__type_support_c.cpp.o[0m
[ 52%] [32mBuilding CXX object CMakeFiles/asurt_msgs__rosidl_typesupport_fastrtps_cpp.dir/rosidl_typesupport_fastrtps_cpp/asurt_msgs/msg/detail/dds_fastrtps/node_status__type_support.cpp.o[0m
[ 53%] [32mBuilding CXX object CMakeFiles/asurt_msgs__rosidl_typesupport_fastrtps_c.dir/rosidl_typesupport_fastrtps_c/asurt_msgs/msg/detail/node_status__type_support_c.cpp.o[0m
[ 54%] [32mBuilding CXX object CMakeFiles/asurt_msgs__rosidl_typesupport_cpp.dir/rosidl_typesupport_cpp/asurt_msgs/msg/bounding_box__type_support.cpp.o[0m
[ 55%] [32mBuilding CXX object CMakeFiles/asurt_msgs__rosidl_typesupport_fastrtps_cpp.dir/rosidl_typesupport_fastrtps_cpp/asurt_msgs/msg/detail/dds_fastrtps/roadstate__type_support.cpp.o[0m
[ 56%] [32mBuilding CXX object CMakeFiles/asurt_msgs__rosidl_typesupport_introspection_cpp.dir/rosidl_typesupport_introspection_cpp/asurt_msgs/msg/detail/roadstate__type_support.cpp.o[0m
[ 57%] [32mBuilding CXX object CMakeFiles/asurt_msgs__rosidl_typesupport_fastrtps_cpp.dir/rosidl_typesupport_fastrtps_cpp/asurt_msgs/msg/detail/dds_fastrtps/bounding_box__type_support.cpp.o[0m
[ 58%] [32mBuilding CXX object CMakeFiles/asurt_msgs__rosidl_typesupport_fastrtps_c.dir/rosidl_typesupport_fastrtps_c/asurt_msgs/msg/detail/roadstate__type_support_c.cpp.o[0m
[ 60%] [32mBuilding CXX object CMakeFiles/asurt_msgs__rosidl_typesupport_fastrtps_c.dir/rosidl_typesupport_fastrtps_c/asurt_msgs/msg/detail/bounding_box__type_support_c.cpp.o[0m
[ 61%] [32mBuilding CXX object CMakeFiles/asurt_msgs__rosidl_typesupport_cpp.dir/rosidl_typesupport_cpp/asurt_msgs/msg/bounding_boxes__type_support.cpp.o[0m
[ 62%] [32mBuilding CXX object CMakeFiles/asurt_msgs__rosidl_typesupport_introspection_cpp.dir/rosidl_typesupport_introspection_cpp/asurt_msgs/msg/detail/bounding_box__type_support.cpp.o[0m
[ 63%] [32mBuilding CXX object CMakeFiles/asurt_msgs__rosidl_typesupport_fastrtps_cpp.dir/rosidl_typesupport_fastrtps_cpp/asurt_msgs/msg/detail/dds_fastrtps/bounding_boxes__type_support.cpp.o[0m
[ 64%] [32mBuilding CXX object CMakeFiles/asurt_msgs__rosidl_typesupport_fastrtps_cpp.dir/rosidl_typesupport_fastrtps_cpp/asurt_msgs/msg/detail/dds_fastrtps/cone_img__type_support.cpp.o[0m
[ 65%] [32mBuilding CXX object CMakeFiles/asurt_msgs__rosidl_typesupport_cpp.dir/rosidl_typesupport_cpp/asurt_msgs/msg/cone_img__type_support.cpp.o[0m
[ 66%] [32mBuilding CXX object CMakeFiles/asurt_msgs__rosidl_typesupport_fastrtps_cpp.dir/rosidl_typesupport_fastrtps_cpp/asurt_msgs/msg/detail/dds_fastrtps/cone_img_array__type_support.cpp.o[0m
[ 67%] [32mBuilding CXX object CMakeFiles/asurt_msgs__rosidl_typesupport_cpp.dir/rosidl_typesupport_cpp/asurt_msgs/msg/cone_img_array__type_support.cpp.o[0m
[ 68%] [32mBuilding CXX object CMakeFiles/asurt_msgs__rosidl_typesupport_fastrtps_c.dir/rosidl_typesupport_fastrtps_c/asurt_msgs/msg/detail/bounding_boxes__type_support_c.cpp.o[0m
[ 69%] [32mBuilding CXX object CMakeFiles/asurt_msgs__rosidl_typesupport_introspection_cpp.dir/rosidl_typesupport_introspection_cpp/asurt_msgs/msg/detail/bounding_boxes__type_support.cpp.o[0m
[ 70%] [32mBuilding CXX object CMakeFiles/asurt_msgs__rosidl_typesupport_fastrtps_c.dir/rosidl_typesupport_fastrtps_c/asurt_msgs/msg/detail/cone_img__type_support_c.cpp.o[0m
[ 71%] [32mBuilding CXX object CMakeFiles/asurt_msgs__rosidl_typesupport_fastrtps_c.dir/rosidl_typesupport_fastrtps_c/asurt_msgs/msg/detail/cone_img_array__type_support_c.cpp.o[0m
[ 72%] [32mBuilding CXX object CMakeFiles/asurt_msgs__rosidl_typesupport_cpp.dir/rosidl_typesupport_cpp/asurt_msgs/msg/key_points__type_support.cpp.o[0m
[ 73%] [32mBuilding CXX object CMakeFiles/asurt_msgs__rosidl_typesupport_fastrtps_cpp.dir/rosidl_typesupport_fastrtps_cpp/asurt_msgs/msg/detail/dds_fastrtps/key_points__type_support.cpp.o[0m
[ 74%] [32mBuilding CXX object CMakeFiles/asurt_msgs__rosidl_typesupport_fastrtps_c.dir/rosidl_typesupport_fastrtps_c/asurt_msgs/msg/detail/key_points__type_support_c.cpp.o[0m
[ 75%] [32mBuilding CXX object CMakeFiles/asurt_msgs__rosidl_typesupport_introspection_cpp.dir/rosidl_typesupport_introspection_cpp/asurt_msgs/msg/detail/cone_img__type_support.cpp.o[0m
[ 76%] [32mBuilding CXX object CMakeFiles/asurt_msgs__rosidl_typesupport_introspection_cpp.dir/rosidl_typesupport_introspection_cpp/asurt_msgs/msg/detail/cone_img_array__type_support.cpp.o[0m
[ 77%] [32mBuilding CXX object CMakeFiles/asurt_msgs__rosidl_typesupport_introspection_cpp.dir/rosidl_typesupport_introspection_cpp/asurt_msgs/msg/detail/key_points__type_support.cpp.o[0m
[ 78%] [32m[1mLinking CXX shared library libasurt_msgs__rosidl_typesupport_cpp.so[0m
[ 78%] Built target asurt_msgs__rosidl_typesupport_cpp
[ 80%] [32m[1mLinking CXX shared library libasurt_msgs__rosidl_typesupport_fastrtps_c.so[0m
[ 80%] Built target asurt_msgs__rosidl_typesupport_fastrtps_c
[ 81%] [32m[1mLinking CXX shared library libasurt_msgs__rosidl_typesupport_fastrtps_cpp.so[0m
[ 81%] Built target asurt_msgs__rosidl_typesupport_fastrtps_cpp
[ 82%] [32m[1mLinking CXX shared library libasurt_msgs__rosidl_typesupport_introspection_cpp.so[0m
[ 82%] Built target asurt_msgs__rosidl_typesupport_introspection_cpp
[ 82%] Built target asurt_msgs
[ 83%] [34m[1mGenerating Python code for ROS interfaces[0m
[ 83%] Built target asurt_msgs__py
[ 85%] [32mBuilding C object CMakeFiles/asurt_msgs__rosidl_generator_py.dir/rosidl_generator_py/asurt_msgs/msg/_landmark_array_s.c.o[0m
[ 86%] [32mBuilding C object CMakeFiles/asurt_msgs__rosidl_generator_py.dir/rosidl_generator_py/asurt_msgs/msg/_landmark_s.c.o[0m
[ 87%] [32mBuilding C object CMakeFiles/asurt_msgs__rosidl_generator_py.dir/rosidl_generator_py/asurt_msgs/msg/_roadstate_s.c.o[0m
[ 88%] [32mBuilding C object CMakeFiles/asurt_msgs__rosidl_generator_py.dir/rosidl_generator_py/asurt_msgs/msg/_bounding_box_s.c.o[0m
[ 88%] [32mBuilding C object CMakeFiles/asurt_msgs__rosidl_generator_py.dir/rosidl_generator_py/asurt_msgs/msg/_node_status_s.c.o[0m
[ 89%] [32mBuilding C object CMakeFiles/asurt_msgs__rosidl_generator_py.dir/rosidl_generator_py/asurt_msgs/msg/_bounding_boxes_s.c.o[0m
[ 91%] [32mBuilding C object CMakeFiles/asurt_msgs__rosidl_generator_py.dir/rosidl_generator_py/asurt_msgs/msg/_cone_img_array_s.c.o[0m
[ 91%] [32mBuilding C object CMakeFiles/asurt_msgs__rosidl_generator_py.dir/rosidl_generator_py/asurt_msgs/msg/_cone_img_s.c.o[0m
[ 92%] [32mBuilding C object CMakeFiles/asurt_msgs__rosidl_generator_py.dir/rosidl_generator_py/asurt_msgs/msg/_key_points_s.c.o[0m
[ 93%] [32m[1mLinking C shared library rosidl_generator_py/asurt_msgs/libasurt_msgs__rosidl_generator_py.so[0m
[ 93%] Built target asurt_msgs__rosidl_generator_py
[ 94%] [32mBuilding C object CMakeFiles/asurt_msgs__rosidl_typesupport_fastrtps_c__pyext.dir/rosidl_generator_py/asurt_msgs/_asurt_msgs_s.ep.rosidl_typesupport_fastrtps_c.c.o[0m
[ 95%] [32mBuilding C object CMakeFiles/asurt_msgs__rosidl_typesupport_introspection_c__pyext.dir/rosidl_generator_py/asurt_msgs/_asurt_msgs_s.ep.rosidl_typesupport_introspection_c.c.o[0m
[ 96%] [32mBuilding C object CMakeFiles/asurt_msgs__rosidl_typesupport_c__pyext.dir/rosidl_generator_py/asurt_msgs/_asurt_msgs_s.ep.rosidl_typesupport_c.c.o[0m
[ 97%] [32m[1mLinking C shared library rosidl_generator_py/asurt_msgs/asurt_msgs_s__rosidl_typesupport_c.cpython-310-x86_64-linux-gnu.so[0m
[ 98%] [32m[1mLinking C shared library rosidl_generator_py/asurt_msgs/asurt_msgs_s__rosidl_typesupport_introspection_c.cpython-310-x86_64-linux-gnu.so[0m
[100%] [32m[1mLinking C shared library rosidl_generator_py/asurt_msgs/asurt_msgs_s__rosidl_typesupport_fastrtps_c.cpython-310-x86_64-linux-gnu.so[0m
[100%] Built target asurt_msgs__rosidl_typesupport_c__pyext
[100%] Built target asurt_msgs__rosidl_typesupport_introspection_c__pyext
[100%] Built target asurt_msgs__rosidl_typesupport_fastrtps_c__pyext
-- Install configuration: ""
-- Installing: /media/ezzedinayman/Local Disk/FS-System/fs-system/install/asurt_msgs/share/ament_index/resource_index/rosidl_interfaces/asurt_msgs
-- Installing: /media/ezzedinayman/Local Disk/FS-System/fs-system/install/asurt_msgs/include/asurt_msgs/asurt_msgs
-- Installing: /media/ezzedinayman/Local Disk/FS-System/fs-system/install/asurt_msgs/include/asurt_msgs/asurt_msgs/msg
-- Installing: /media/ezzedinayman/Local Disk/FS-System/fs-system/install/asurt_msgs/include/asurt_msgs/asurt_msgs/msg/bounding_box.h
-- Installing: /media/ezzedinayman/Local Disk/FS-System/fs-system/install/asurt_msgs/include/asurt_msgs/asurt_msgs/msg/bounding_boxes.h
-- Installing: /media/ezzedinayman/Local Disk/FS-System/fs-system/install/asurt_msgs/include/asurt_msgs/asurt_msgs/msg/cone_img.h
-- Installing: /media/ezzedinayman/Local Disk/FS-System/fs-system/install/asurt_msgs/include/asurt_msgs/asurt_msgs/msg/cone_img_array.h
-- Installing: /media/ezzedinayman/Local Disk/FS-System/fs-system/install/asurt_msgs/include/asurt_msgs/asurt_msgs/msg/detail
-- Installing: /media/ezzedinayman/Local Disk/FS-System/fs-system/install/asurt_msgs/include/asurt_msgs/asurt_msgs/msg/detail/landmark_array__functions.c
-- Installing: /media/ezzedinayman/Local Disk/FS-System/fs-system/install/asurt_msgs/include/asurt_msgs/asurt_msgs/msg/detail/landmark_array__functions.h
-- Installing: /media/ezzedinayman/Local Disk/FS-System/fs-system/install/asurt_msgs/include/asurt_msgs/asurt_msgs/msg/detail/landmark_array__struct.h
-- Installing: /media/ezzedinayman/Local Disk/FS-System/fs-system/install/asurt_msgs/include/asurt_msgs/asurt_msgs/msg/detail/landmark_array__type_support.h
-- Installing: /media/ezzedinayman/Local Disk/FS-System/fs-system/install/asurt_msgs/include/asurt_msgs/asurt_msgs/msg/detail/landmark__functions.c
-- Installing: /media/ezzedinayman/Local Disk/FS-System/fs-system/install/asurt_msgs/include/asurt_msgs/asurt_msgs/msg/detail/landmark__functions.h
-- Installing: /media/ezzedinayman/Local Disk/FS-System/fs-system/install/asurt_msgs/include/asurt_msgs/asurt_msgs/msg/detail/landmark__struct.h
-- Installing: /media/ezzedinayman/Local Disk/FS-System/fs-system/install/asurt_msgs/include/asurt_msgs/asurt_msgs/msg/detail/landmark__type_support.h
-- Installing: /media/ezzedinayman/Local Disk/FS-System/fs-system/install/asurt_msgs/include/asurt_msgs/asurt_msgs/msg/detail/node_status__functions.c
-- Installing: /media/ezzedinayman/Local Disk/FS-System/fs-system/install/asurt_msgs/include/asurt_msgs/asurt_msgs/msg/detail/node_status__functions.h
-- Installing: /media/ezzedinayman/Local Disk/FS-System/fs-system/install/asurt_msgs/include/asurt_msgs/asurt_msgs/msg/detail/node_status__struct.h
-- Installing: /media/ezzedinayman/Local Disk/FS-System/fs-system/install/asurt_msgs/include/asurt_msgs/asurt_msgs/msg/detail/node_status__type_support.h
-- Installing: /media/ezzedinayman/Local Disk/FS-System/fs-system/install/asurt_msgs/include/asurt_msgs/asurt_msgs/msg/detail/roadstate__functions.c
-- Installing: /media/ezzedinayman/Local Disk/FS-System/fs-system/install/asurt_msgs/include/asurt_msgs/asurt_msgs/msg/detail/roadstate__functions.h
-- Installing: /media/ezzedinayman/Local Disk/FS-System/fs-system/install/asurt_msgs/include/asurt_msgs/asurt_msgs/msg/detail/roadstate__struct.h
-- Installing: /media/ezzedinayman/Local Disk/FS-System/fs-system/install/asurt_msgs/include/asurt_msgs/asurt_msgs/msg/detail/roadstate__type_support.h
-- Installing: /media/ezzedinayman/Local Disk/FS-System/fs-system/install/asurt_msgs/include/asurt_msgs/asurt_msgs/msg/detail/bounding_boxes__functions.c
-- Installing: /media/ezzedinayman/Local Disk/FS-System/fs-system/install/asurt_msgs/include/asurt_msgs/asurt_msgs/msg/detail/bounding_boxes__functions.h
-- Installing: /media/ezzedinayman/Local Disk/FS-System/fs-system/install/asurt_msgs/include/asurt_msgs/asurt_msgs/msg/detail/bounding_boxes__struct.h
-- Installing: /media/ezzedinayman/Local Disk/FS-System/fs-system/install/asurt_msgs/include/asurt_msgs/asurt_msgs/msg/detail/bounding_boxes__type_support.h
-- Installing: /media/ezzedinayman/Local Disk/FS-System/fs-system/install/asurt_msgs/include/asurt_msgs/asurt_msgs/msg/detail/bounding_box__functions.c
-- Installing: /media/ezzedinayman/Local Disk/FS-System/fs-system/install/asurt_msgs/include/asurt_msgs/asurt_msgs/msg/detail/bounding_box__functions.h
-- Installing: /media/ezzedinayman/Local Disk/FS-System/fs-system/install/asurt_msgs/include/asurt_msgs/asurt_msgs/msg/detail/bounding_box__struct.h
-- Installing: /media/ezzedinayman/Local Disk/FS-System/fs-system/install/asurt_msgs/include/asurt_msgs/asurt_msgs/msg/detail/bounding_box__type_support.h
-- Installing: /media/ezzedinayman/Local Disk/FS-System/fs-system/install/asurt_msgs/include/asurt_msgs/asurt_msgs/msg/detail/cone_img_array__functions.c
-- Installing: /media/ezzedinayman/Local Disk/FS-System/fs-system/install/asurt_msgs/include/asurt_msgs/asurt_msgs/msg/detail/cone_img_array__functions.h
-- Installing: /media/ezzedinayman/Local Disk/FS-System/fs-system/install/asurt_msgs/include/asurt_msgs/asurt_msgs/msg/detail/cone_img_array__struct.h
-- Installing: /media/ezzedinayman/Local Disk/FS-System/fs-system/install/asurt_msgs/include/asurt_msgs/asurt_msgs/msg/detail/cone_img_array__type_support.h
-- Installing: /media/ezzedinayman/Local Disk/FS-System/fs-system/install/asurt_msgs/include/asurt_msgs/asurt_msgs/msg/detail/cone_img__functions.c
-- Installing: /media/ezzedinayman/Local Disk/FS-System/fs-system/install/asurt_msgs/include/asurt_msgs/asurt_msgs/msg/detail/cone_img__functions.h
-- Installing: /media/ezzedinayman/Local Disk/FS-System/fs-system/install/asurt_msgs/include/asurt_msgs/asurt_msgs/msg/detail/cone_img__struct.h
-- Installing: /media/ezzedinayman/Local Disk/FS-System/fs-system/install/asurt_msgs/include/asurt_msgs/asurt_msgs/msg/detail/cone_img__type_support.h
-- Installing: /media/ezzedinayman/Local Disk/FS-System/fs-system/install/asurt_msgs/include/asurt_msgs/asurt_msgs/msg/detail/key_points__functions.c
-- Installing: /media/ezzedinayman/Local Disk/FS-System/fs-system/install/asurt_msgs/include/asurt_msgs/asurt_msgs/msg/detail/key_points__functions.h
-- Installing: /media/ezzedinayman/Local Disk/FS-System/fs-system/install/asurt_msgs/include/asurt_msgs/asurt_msgs/msg/detail/key_points__struct.h
-- Installing: /media/ezzedinayman/Local Disk/FS-System/fs-system/install/asurt_msgs/include/asurt_msgs/asurt_msgs/msg/detail/key_points__type_support.h
-- Installing: /media/ezzedinayman/Local Disk/FS-System/fs-system/install/asurt_msgs/include/asurt_msgs/asurt_msgs/msg/key_points.h
-- Installing: /media/ezzedinayman/Local Disk/FS-System/fs-system/install/asurt_msgs/include/asurt_msgs/asurt_msgs/msg/landmark.h
-- Installing: /media/ezzedinayman/Local Disk/FS-System/fs-system/install/asurt_msgs/include/asurt_msgs/asurt_msgs/msg/landmark_array.h
-- Installing: /media/ezzedinayman/Local Disk/FS-System/fs-system/install/asurt_msgs/include/asurt_msgs/asurt_msgs/msg/node_status.h
-- Installing: /media/ezzedinayman/Local Disk/FS-System/fs-system/install/asurt_msgs/include/asurt_msgs/asurt_msgs/msg/roadstate.h
-- Installing: /media/ezzedinayman/Local Disk/FS-System/fs-system/install/asurt_msgs/include/asurt_msgs/asurt_msgs/msg/rosidl_generator_c__visibility_control.h
-- Installing: /media/ezzedinayman/Local Disk/FS-System/fs-system/install/asurt_msgs/share/asurt_msgs/environment/library_path.sh
-- Installing: /media/ezzedinayman/Local Disk/FS-System/fs-system/install/asurt_msgs/share/asurt_msgs/environment/library_path.dsv
-- Installing: /media/ezzedinayman/Local Disk/FS-System/fs-system/install/asurt_msgs/lib/libasurt_msgs__rosidl_generator_c.so
-- Set runtime path of "/media/ezzedinayman/Local Disk/FS-System/fs-system/install/asurt_msgs/lib/libasurt_msgs__rosidl_generator_c.so" to ""
-- Up-to-date: /media/ezzedinayman/Local Disk/FS-System/fs-system/install/asurt_msgs/include/asurt_msgs/asurt_msgs
-- Up-to-date: /media/ezzedinayman/Local Disk/FS-System/fs-system/install/asurt_msgs/include/asurt_msgs/asurt_msgs/msg
-- Up-to-date: /media/ezzedinayman/Local Disk/FS-System/fs-system/install/asurt_msgs/include/asurt_msgs/asurt_msgs/msg/detail
-- Installing: /media/ezzedinayman/Local Disk/FS-System/fs-system/install/asurt_msgs/include/asurt_msgs/asurt_msgs/msg/detail/bounding_boxes__rosidl_typesupport_fastrtps_c.h
-- Installing: /media/ezzedinayman/Local Disk/FS-System/fs-system/install/asurt_msgs/include/asurt_msgs/asurt_msgs/msg/detail/bounding_box__rosidl_typesupport_fastrtps_c.h
-- Installing: /media/ezzedinayman/Local Disk/FS-System/fs-system/install/asurt_msgs/include/asurt_msgs/asurt_msgs/msg/detail/cone_img_array__rosidl_typesupport_fastrtps_c.h
-- Installing: /media/ezzedinayman/Local Disk/FS-System/fs-system/install/asurt_msgs/include/asurt_msgs/asurt_msgs/msg/detail/cone_img__rosidl_typesupport_fastrtps_c.h
-- Installing: /media/ezzedinayman/Local Disk/FS-System/fs-system/install/asurt_msgs/include/asurt_msgs/asurt_msgs/msg/detail/key_points__rosidl_typesupport_fastrtps_c.h
-- Installing: /media/ezzedinayman/Local Disk/FS-System/fs-system/install/asurt_msgs/include/asurt_msgs/asurt_msgs/msg/detail/landmark_array__rosidl_typesupport_fastrtps_c.h
-- Installing: /media/ezzedinayman/Local Disk/FS-System/fs-system/install/asurt_msgs/include/asurt_msgs/asurt_msgs/msg/detail/landmark__rosidl_typesupport_fastrtps_c.h
-- Installing: /media/ezzedinayman/Local Disk/FS-System/fs-system/install/asurt_msgs/include/asurt_msgs/asurt_msgs/msg/detail/node_status__rosidl_typesupport_fastrtps_c.h
-- Installing: /media/ezzedinayman/Local Disk/FS-System/fs-system/install/asurt_msgs/include/asurt_msgs/asurt_msgs/msg/detail/roadstate__rosidl_typesupport_fastrtps_c.h
-- Installing: /media/ezzedinayman/Local Disk/FS-System/fs-system/install/asurt_msgs/include/asurt_msgs/asurt_msgs/msg/rosidl_typesupport_fastrtps_c__visibility_control.h
-- Installing: /media/ezzedinayman/Local Disk/FS-System/fs-system/install/asurt_msgs/lib/libasurt_msgs__rosidl_typesupport_fastrtps_c.so
-- Set runtime path of "/media/ezzedinayman/Local Disk/FS-System/fs-system/install/asurt_msgs/lib/libasurt_msgs__rosidl_typesupport_fastrtps_c.so" to ""
-- Up-to-date: /media/ezzedinayman/Local Disk/FS-System/fs-system/install/asurt_msgs/include/asurt_msgs/asurt_msgs
-- Up-to-date: /media/ezzedinayman/Local Disk/FS-System/fs-system/install/asurt_msgs/include/asurt_msgs/asurt_msgs/msg
-- Installing: /media/ezzedinayman/Local Disk/FS-System/fs-system/install/asurt_msgs/include/asurt_msgs/asurt_msgs/msg/bounding_box.hpp
-- Installing: /media/ezzedinayman/Local Disk/FS-System/fs-system/install/asurt_msgs/include/asurt_msgs/asurt_msgs/msg/bounding_boxes.hpp
-- Installing: /media/ezzedinayman/Local Disk/FS-System/fs-system/install/asurt_msgs/include/asurt_msgs/asurt_msgs/msg/cone_img.hpp
-- Installing: /media/ezzedinayman/Local Disk/FS-System/fs-system/install/asurt_msgs/include/asurt_msgs/asurt_msgs/msg/cone_img_array.hpp
-- Up-to-date: /media/ezzedinayman/Local Disk/FS-System/fs-system/install/asurt_msgs/include/asurt_msgs/asurt_msgs/msg/detail
-- Installing: /media/ezzedinayman/Local Disk/FS-System/fs-system/install/asurt_msgs/include/asurt_msgs/asurt_msgs/msg/detail/bounding_boxes__builder.hpp
-- Installing: /media/ezzedinayman/Local Disk/FS-System/fs-system/install/asurt_msgs/include/asurt_msgs/asurt_msgs/msg/detail/bounding_boxes__struct.hpp
-- Installing: /media/ezzedinayman/Local Disk/FS-System/fs-system/install/asurt_msgs/include/asurt_msgs/asurt_msgs/msg/detail/bounding_boxes__traits.hpp
-- Installing: /media/ezzedinayman/Local Disk/FS-System/fs-system/install/asurt_msgs/include/asurt_msgs/asurt_msgs/msg/detail/bounding_box__builder.hpp
-- Installing: /media/ezzedinayman/Local Disk/FS-System/fs-system/install/asurt_msgs/include/asurt_msgs/asurt_msgs/msg/detail/bounding_box__struct.hpp
-- Installing: /media/ezzedinayman/Local Disk/FS-System/fs-system/install/asurt_msgs/include/asurt_msgs/asurt_msgs/msg/detail/bounding_box__traits.hpp
-- Installing: /media/ezzedinayman/Local Disk/FS-System/fs-system/install/asurt_msgs/include/asurt_msgs/asurt_msgs/msg/detail/cone_img_array__builder.hpp
-- Installing: /media/ezzedinayman/Local Disk/FS-System/fs-system/install/asurt_msgs/include/asurt_msgs/asurt_msgs/msg/detail/cone_img_array__struct.hpp
-- Installing: /media/ezzedinayman/Local Disk/FS-System/fs-system/install/asurt_msgs/include/asurt_msgs/asurt_msgs/msg/detail/cone_img_array__traits.hpp
-- Installing: /media/ezzedinayman/Local Disk/FS-System/fs-system/install/asurt_msgs/include/asurt_msgs/asurt_msgs/msg/detail/cone_img__builder.hpp
-- Installing: /media/ezzedinayman/Local Disk/FS-System/fs-system/install/asurt_msgs/include/asurt_msgs/asurt_msgs/msg/detail/cone_img__struct.hpp
-- Installing: /media/ezzedinayman/Local Disk/FS-System/fs-system/install/asurt_msgs/include/asurt_msgs/asurt_msgs/msg/detail/cone_img__traits.hpp
-- Installing: /media/ezzedinayman/Local Disk/FS-System/fs-system/install/asurt_msgs/include/asurt_msgs/asurt_msgs/msg/detail/key_points__builder.hpp
-- Installing: /media/ezzedinayman/Local Disk/FS-System/fs-system/install/asurt_msgs/include/asurt_msgs/asurt_msgs/msg/detail/key_points__struct.hpp
-- Installing: /media/ezzedinayman/Local Disk/FS-System/fs-system/install/asurt_msgs/include/asurt_msgs/asurt_msgs/msg/detail/key_points__traits.hpp
-- Installing: /media/ezzedinayman/Local Disk/FS-System/fs-system/install/asurt_msgs/include/asurt_msgs/asurt_msgs/msg/detail/landmark_array__builder.hpp
-- Installing: /media/ezzedinayman/Local Disk/FS-System/fs-system/install/asurt_msgs/include/asurt_msgs/asurt_msgs/msg/detail/landmark_array__struct.hpp
-- Installing: /media/ezzedinayman/Local Disk/FS-System/fs-system/install/asurt_msgs/include/asurt_msgs/asurt_msgs/msg/detail/landmark_array__traits.hpp
-- Installing: /media/ezzedinayman/Local Disk/FS-System/fs-system/install/asurt_msgs/include/asurt_msgs/asurt_msgs/msg/detail/landmark__builder.hpp
-- Installing: /media/ezzedinayman/Local Disk/FS-System/fs-system/install/asurt_msgs/include/asurt_msgs/asurt_msgs/msg/detail/landmark__struct.hpp
-- Installing: /media/ezzedinayman/Local Disk/FS-System/fs-system/install/asurt_msgs/include/asurt_msgs/asurt_msgs/msg/detail/landmark__traits.hpp
-- Installing: /media/ezzedinayman/Local Disk/FS-System/fs-system/install/asurt_msgs/include/asurt_msgs/asurt_msgs/msg/detail/node_status__builder.hpp
-- Installing: /media/ezzedinayman/Local Disk/FS-System/fs-system/install/asurt_msgs/include/asurt_msgs/asurt_msgs/msg/detail/node_status__struct.hpp
-- Installing: /media/ezzedinayman/Local Disk/FS-System/fs-system/install/asurt_msgs/include/asurt_msgs/asurt_msgs/msg/detail/node_status__traits.hpp
-- Installing: /media/ezzedinayman/Local Disk/FS-System/fs-system/install/asurt_msgs/include/asurt_msgs/asurt_msgs/msg/detail/roadstate__builder.hpp
-- Installing: /media/ezzedinayman/Local Disk/FS-System/fs-system/install/asurt_msgs/include/asurt_msgs/asurt_msgs/msg/detail/roadstate__struct.hpp
-- Installing: /media/ezzedinayman/Local Disk/FS-System/fs-system/install/asurt_msgs/include/asurt_msgs/asurt_msgs/msg/detail/roadstate__traits.hpp
-- Installing: /media/ezzedinayman/Local Disk/FS-System/fs-system/install/asurt_msgs/include/asurt_msgs/asurt_msgs/msg/key_points.hpp
-- Installing: /media/ezzedinayman/Local Disk/FS-System/fs-system/install/asurt_msgs/include/asurt_msgs/asurt_msgs/msg/landmark.hpp
-- Installing: /media/ezzedinayman/Local Disk/FS-System/fs-system/install/asurt_msgs/include/asurt_msgs/asurt_msgs/msg/landmark_array.hpp
-- Installing: /media/ezzedinayman/Local Disk/FS-System/fs-system/install/asurt_msgs/include/asurt_msgs/asurt_msgs/msg/node_status.hpp
-- Installing: /media/ezzedinayman/Local Disk/FS-System/fs-system/install/asurt_msgs/include/asurt_msgs/asurt_msgs/msg/roadstate.hpp
-- Up-to-date: /media/ezzedinayman/Local Disk/FS-System/fs-system/install/asurt_msgs/include/asurt_msgs/asurt_msgs
-- Up-to-date: /media/ezzedinayman/Local Disk/FS-System/fs-system/install/asurt_msgs/include/asurt_msgs/asurt_msgs/msg
-- Up-to-date: /media/ezzedinayman/Local Disk/FS-System/fs-system/install/asurt_msgs/include/asurt_msgs/asurt_msgs/msg/detail
-- Installing: /media/ezzedinayman/Local Disk/FS-System/fs-system/install/asurt_msgs/include/asurt_msgs/asurt_msgs/msg/detail/bounding_boxes__rosidl_typesupport_fastrtps_cpp.hpp
-- Installing: /media/ezzedinayman/Local Disk/FS-System/fs-system/install/asurt_msgs/include/asurt_msgs/asurt_msgs/msg/detail/bounding_box__rosidl_typesupport_fastrtps_cpp.hpp
-- Installing: /media/ezzedinayman/Local Disk/FS-System/fs-system/install/asurt_msgs/include/asurt_msgs/asurt_msgs/msg/detail/cone_img_array__rosidl_typesupport_fastrtps_cpp.hpp
-- Installing: /media/ezzedinayman/Local Disk/FS-System/fs-system/install/asurt_msgs/include/asurt_msgs/asurt_msgs/msg/detail/cone_img__rosidl_typesupport_fastrtps_cpp.hpp
-- Installing: /media/ezzedinayman/Local Disk/FS-System/fs-system/install/asurt_msgs/include/asurt_msgs/asurt_msgs/msg/detail/dds_fastrtps
-- Installing: /media/ezzedinayman/Local Disk/FS-System/fs-system/install/asurt_msgs/include/asurt_msgs/asurt_msgs/msg/detail/key_points__rosidl_typesupport_fastrtps_cpp.hpp
-- Installing: /media/ezzedinayman/Local Disk/FS-System/fs-system/install/asurt_msgs/include/asurt_msgs/asurt_msgs/msg/detail/landmark_array__rosidl_typesupport_fastrtps_cpp.hpp
-- Installing: /media/ezzedinayman/Local Disk/FS-System/fs-system/install/asurt_msgs/include/asurt_msgs/asurt_msgs/msg/detail/landmark__rosidl_typesupport_fastrtps_cpp.hpp
-- Installing: /media/ezzedinayman/Local Disk/FS-System/fs-system/install/asurt_msgs/include/asurt_msgs/asurt_msgs/msg/detail/node_status__rosidl_typesupport_fastrtps_cpp.hpp
-- Installing: /media/ezzedinayman/Local Disk/FS-System/fs-system/install/asurt_msgs/include/asurt_msgs/asurt_msgs/msg/detail/roadstate__rosidl_typesupport_fastrtps_cpp.hpp
-- Installing: /media/ezzedinayman/Local Disk/FS-System/fs-system/install/asurt_msgs/include/asurt_msgs/asurt_msgs/msg/rosidl_typesupport_fastrtps_cpp__visibility_control.h
-- Installing: /media/ezzedinayman/Local Disk/FS-System/fs-system/install/asurt_msgs/lib/libasurt_msgs__rosidl_typesupport_fastrtps_cpp.so
-- Set runtime path of "/media/ezzedinayman/Local Disk/FS-System/fs-system/install/asurt_msgs/lib/libasurt_msgs__rosidl_typesupport_fastrtps_cpp.so" to ""
-- Up-to-date: /media/ezzedinayman/Local Disk/FS-System/fs-system/install/asurt_msgs/include/asurt_msgs/asurt_msgs
-- Up-to-date: /media/ezzedinayman/Local Disk/FS-System/fs-system/install/asurt_msgs/include/asurt_msgs/asurt_msgs/msg
-- Up-to-date: /media/ezzedinayman/Local Disk/FS-System/fs-system/install/asurt_msgs/include/asurt_msgs/asurt_msgs/msg/detail
-- Installing: /media/ezzedinayman/Local Disk/FS-System/fs-system/install/asurt_msgs/include/asurt_msgs/asurt_msgs/msg/detail/bounding_boxes__rosidl_typesupport_introspection_c.h
-- Installing: /media/ezzedinayman/Local Disk/FS-System/fs-system/install/asurt_msgs/include/asurt_msgs/asurt_msgs/msg/detail/bounding_boxes__type_support.c
-- Installing: /media/ezzedinayman/Local Disk/FS-System/fs-system/install/asurt_msgs/include/asurt_msgs/asurt_msgs/msg/detail/bounding_box__rosidl_typesupport_introspection_c.h
-- Installing: /media/ezzedinayman/Local Disk/FS-System/fs-system/install/asurt_msgs/include/asurt_msgs/asurt_msgs/msg/detail/bounding_box__type_support.c
-- Installing: /media/ezzedinayman/Local Disk/FS-System/fs-system/install/asurt_msgs/include/asurt_msgs/asurt_msgs/msg/detail/cone_img_array__rosidl_typesupport_introspection_c.h
-- Installing: /media/ezzedinayman/Local Disk/FS-System/fs-system/install/asurt_msgs/include/asurt_msgs/asurt_msgs/msg/detail/cone_img_array__type_support.c
-- Installing: /media/ezzedinayman/Local Disk/FS-System/fs-system/install/asurt_msgs/include/asurt_msgs/asurt_msgs/msg/detail/cone_img__rosidl_typesupport_introspection_c.h
-- Installing: /media/ezzedinayman/Local Disk/FS-System/fs-system/install/asurt_msgs/include/asurt_msgs/asurt_msgs/msg/detail/cone_img__type_support.c
-- Installing: /media/ezzedinayman/Local Disk/FS-System/fs-system/install/asurt_msgs/include/asurt_msgs/asurt_msgs/msg/detail/key_points__rosidl_typesupport_introspection_c.h
-- Installing: /media/ezzedinayman/Local Disk/FS-System/fs-system/install/asurt_msgs/include/asurt_msgs/asurt_msgs/msg/detail/key_points__type_support.c
-- Installing: /media/ezzedinayman/Local Disk/FS-System/fs-system/install/asurt_msgs/include/asurt_msgs/asurt_msgs/msg/detail/landmark_array__rosidl_typesupport_introspection_c.h
-- Installing: /media/ezzedinayman/Local Disk/FS-System/fs-system/install/asurt_msgs/include/asurt_msgs/asurt_msgs/msg/detail/landmark_array__type_support.c
-- Installing: /media/ezzedinayman/Local Disk/FS-System/fs-system/install/asurt_msgs/include/asurt_msgs/asurt_msgs/msg/detail/landmark__rosidl_typesupport_introspection_c.h
-- Installing: /media/ezzedinayman/Local Disk/FS-System/fs-system/install/asurt_msgs/include/asurt_msgs/asurt_msgs/msg/detail/landmark__type_support.c
-- Installing: /media/ezzedinayman/Local Disk/FS-System/fs-system/install/asurt_msgs/include/asurt_msgs/asurt_msgs/msg/detail/node_status__rosidl_typesupport_introspection_c.h
-- Installing: /media/ezzedinayman/Local Disk/FS-System/fs-system/install/asurt_msgs/include/asurt_msgs/asurt_msgs/msg/detail/node_status__type_support.c
-- Installing: /media/ezzedinayman/Local Disk/FS-System/fs-system/install/asurt_msgs/include/asurt_msgs/asurt_msgs/msg/detail/roadstate__rosidl_typesupport_introspection_c.h
-- Installing: /media/ezzedinayman/Local Disk/FS-System/fs-system/install/asurt_msgs/include/asurt_msgs/asurt_msgs/msg/detail/roadstate__type_support.c
-- Installing: /media/ezzedinayman/Local Disk/FS-System/fs-system/install/asurt_msgs/include/asurt_msgs/asurt_msgs/msg/rosidl_typesupport_introspection_c__visibility_control.h
-- Installing: /media/ezzedinayman/Local Disk/FS-System/fs-system/install/asurt_msgs/lib/libasurt_msgs__rosidl_typesupport_introspection_c.so
-- Set runtime path of "/media/ezzedinayman/Local Disk/FS-System/fs-system/install/asurt_msgs/lib/libasurt_msgs__rosidl_typesupport_introspection_c.so" to ""
-- Installing: /media/ezzedinayman/Local Disk/FS-System/fs-system/install/asurt_msgs/lib/libasurt_msgs__rosidl_typesupport_c.so
-- Set runtime path of "/media/ezzedinayman/Local Disk/FS-System/fs-system/install/asurt_msgs/lib/libasurt_msgs__rosidl_typesupport_c.so" to ""
-- Up-to-date: /media/ezzedinayman/Local Disk/FS-System/fs-system/install/asurt_msgs/include/asurt_msgs/asurt_msgs
-- Up-to-date: /media/ezzedinayman/Local Disk/FS-System/fs-system/install/asurt_msgs/include/asurt_msgs/asurt_msgs/msg
-- Up-to-date: /media/ezzedinayman/Local Disk/FS-System/fs-system/install/asurt_msgs/include/asurt_msgs/asurt_msgs/msg/detail
-- Installing: /media/ezzedinayman/Local Disk/FS-System/fs-system/install/asurt_msgs/include/asurt_msgs/asurt_msgs/msg/detail/bounding_boxes__rosidl_typesupport_introspection_cpp.hpp
-- Installing: /media/ezzedinayman/Local Disk/FS-System/fs-system/install/asurt_msgs/include/asurt_msgs/asurt_msgs/msg/detail/bounding_boxes__type_support.cpp
-- Installing: /media/ezzedinayman/Local Disk/FS-System/fs-system/install/asurt_msgs/include/asurt_msgs/asurt_msgs/msg/detail/bounding_box__rosidl_typesupport_introspection_cpp.hpp
-- Installing: /media/ezzedinayman/Local Disk/FS-System/fs-system/install/asurt_msgs/include/asurt_msgs/asurt_msgs/msg/detail/bounding_box__type_support.cpp
-- Installing: /media/ezzedinayman/Local Disk/FS-System/fs-system/install/asurt_msgs/include/asurt_msgs/asurt_msgs/msg/detail/cone_img_array__rosidl_typesupport_introspection_cpp.hpp
-- Installing: /media/ezzedinayman/Local Disk/FS-System/fs-system/install/asurt_msgs/include/asurt_msgs/asurt_msgs/msg/detail/cone_img_array__type_support.cpp
-- Installing: /media/ezzedinayman/Local Disk/FS-System/fs-system/install/asurt_msgs/include/asurt_msgs/asurt_msgs/msg/detail/cone_img__rosidl_typesupport_introspection_cpp.hpp
-- Installing: /media/ezzedinayman/Local Disk/FS-System/fs-system/install/asurt_msgs/include/asurt_msgs/asurt_msgs/msg/detail/cone_img__type_support.cpp
-- Installing: /media/ezzedinayman/Local Disk/FS-System/fs-system/install/asurt_msgs/include/asurt_msgs/asurt_msgs/msg/detail/key_points__rosidl_typesupport_introspection_cpp.hpp
-- Installing: /media/ezzedinayman/Local Disk/FS-System/fs-system/install/asurt_msgs/include/asurt_msgs/asurt_msgs/msg/detail/key_points__type_support.cpp
-- Installing: /media/ezzedinayman/Local Disk/FS-System/fs-system/install/asurt_msgs/include/asurt_msgs/asurt_msgs/msg/detail/landmark_array__rosidl_typesupport_introspection_cpp.hpp
-- Installing: /media/ezzedinayman/Local Disk/FS-System/fs-system/install/asurt_msgs/include/asurt_msgs/asurt_msgs/msg/detail/landmark_array__type_support.cpp
-- Installing: /media/ezzedinayman/Local Disk/FS-System/fs-system/install/asurt_msgs/include/asurt_msgs/asurt_msgs/msg/detail/landmark__rosidl_typesupport_introspection_cpp.hpp
-- Installing: /media/ezzedinayman/Local Disk/FS-System/fs-system/install/asurt_msgs/include/asurt_msgs/asurt_msgs/msg/detail/landmark__type_support.cpp
-- Installing: /media/ezzedinayman/Local Disk/FS-System/fs-system/install/asurt_msgs/include/asurt_msgs/asurt_msgs/msg/detail/node_status__rosidl_typesupport_introspection_cpp.hpp
-- Installing: /media/ezzedinayman/Local Disk/FS-System/fs-system/install/asurt_msgs/include/asurt_msgs/asurt_msgs/msg/detail/node_status__type_support.cpp
-- Installing: /media/ezzedinayman/Local Disk/FS-System/fs-system/install/asurt_msgs/include/asurt_msgs/asurt_msgs/msg/detail/roadstate__rosidl_typesupport_introspection_cpp.hpp
-- Installing: /media/ezzedinayman/Local Disk/FS-System/fs-system/install/asurt_msgs/include/asurt_msgs/asurt_msgs/msg/detail/roadstate__type_support.cpp
-- Installing: /media/ezzedinayman/Local Disk/FS-System/fs-system/install/asurt_msgs/lib/libasurt_msgs__rosidl_typesupport_introspection_cpp.so
-- Set runtime path of "/media/ezzedinayman/Local Disk/FS-System/fs-system/install/asurt_msgs/lib/libasurt_msgs__rosidl_typesupport_introspection_cpp.so" to ""
-- Installing: /media/ezzedinayman/Local Disk/FS-System/fs-system/install/asurt_msgs/lib/libasurt_msgs__rosidl_typesupport_cpp.so
-- Set runtime path of "/media/ezzedinayman/Local Disk/FS-System/fs-system/install/asurt_msgs/lib/libasurt_msgs__rosidl_typesupport_cpp.so" to ""
-- Installing: /media/ezzedinayman/Local Disk/FS-System/fs-system/install/asurt_msgs/share/asurt_msgs/environment/pythonpath.sh
-- Installing: /media/ezzedinayman/Local Disk/FS-System/fs-system/install/asurt_msgs/share/asurt_msgs/environment/pythonpath.dsv
-- Installing: /media/ezzedinayman/Local Disk/FS-System/fs-system/install/asurt_msgs/local/lib/python3.10/dist-packages/asurt_msgs-2.0.0-py3.10.egg-info
-- Installing: /media/ezzedinayman/Local Disk/FS-System/fs-system/install/asurt_msgs/local/lib/python3.10/dist-packages/asurt_msgs-2.0.0-py3.10.egg-info/dependency_links.txt
-- Installing: /media/ezzedinayman/Local Disk/FS-System/fs-system/install/asurt_msgs/local/lib/python3.10/dist-packages/asurt_msgs-2.0.0-py3.10.egg-info/PKG-INFO
-- Installing: /media/ezzedinayman/Local Disk/FS-System/fs-system/install/asurt_msgs/local/lib/python3.10/dist-packages/asurt_msgs-2.0.0-py3.10.egg-info/SOURCES.txt
-- Installing: /media/ezzedinayman/Local Disk/FS-System/fs-system/install/asurt_msgs/local/lib/python3.10/dist-packages/asurt_msgs-2.0.0-py3.10.egg-info/top_level.txt
-- Installing: /media/ezzedinayman/Local Disk/FS-System/fs-system/install/asurt_msgs/local/lib/python3.10/dist-packages/asurt_msgs
-- Installing: /media/ezzedinayman/Local Disk/FS-System/fs-system/install/asurt_msgs/local/lib/python3.10/dist-packages/asurt_msgs/asurt_msgs_s__rosidl_typesupport_c.cpython-310-x86_64-linux-gnu.so
-- Installing: /media/ezzedinayman/Local Disk/FS-System/fs-system/install/asurt_msgs/local/lib/python3.10/dist-packages/asurt_msgs/asurt_msgs_s__rosidl_typesupport_fastrtps_c.cpython-310-x86_64-linux-gnu.so
-- Installing: /media/ezzedinayman/Local Disk/FS-System/fs-system/install/asurt_msgs/local/lib/python3.10/dist-packages/asurt_msgs/asurt_msgs_s__rosidl_typesupport_introspection_c.cpython-310-x86_64-linux-gnu.so
-- Installing: /media/ezzedinayman/Local Disk/FS-System/fs-system/install/asurt_msgs/local/lib/python3.10/dist-packages/asurt_msgs/libasurt_msgs__rosidl_generator_py.so
-- Installing: /media/ezzedinayman/Local Disk/FS-System/fs-system/install/asurt_msgs/local/lib/python3.10/dist-packages/asurt_msgs/msg
-- Installing: /media/ezzedinayman/Local Disk/FS-System/fs-system/install/asurt_msgs/local/lib/python3.10/dist-packages/asurt_msgs/msg/_bounding_box.py
-- Installing: /media/ezzedinayman/Local Disk/FS-System/fs-system/install/asurt_msgs/local/lib/python3.10/dist-packages/asurt_msgs/msg/_bounding_boxes.py
-- Installing: /media/ezzedinayman/Local Disk/FS-System/fs-system/install/asurt_msgs/local/lib/python3.10/dist-packages/asurt_msgs/msg/_bounding_boxes_s.c
-- Installing: /media/ezzedinayman/Local Disk/FS-System/fs-system/install/asurt_msgs/local/lib/python3.10/dist-packages/asurt_msgs/msg/_bounding_box_s.c
-- Installing: /media/ezzedinayman/Local Disk/FS-System/fs-system/install/asurt_msgs/local/lib/python3.10/dist-packages/asurt_msgs/msg/_cone_img.py
-- Installing: /media/ezzedinayman/Local Disk/FS-System/fs-system/install/asurt_msgs/local/lib/python3.10/dist-packages/asurt_msgs/msg/_cone_img_array.py
-- Installing: /media/ezzedinayman/Local Disk/FS-System/fs-system/install/asurt_msgs/local/lib/python3.10/dist-packages/asurt_msgs/msg/_cone_img_array_s.c
-- Installing: /media/ezzedinayman/Local Disk/FS-System/fs-system/install/asurt_msgs/local/lib/python3.10/dist-packages/asurt_msgs/msg/_cone_img_s.c
-- Installing: /media/ezzedinayman/Local Disk/FS-System/fs-system/install/asurt_msgs/local/lib/python3.10/dist-packages/asurt_msgs/msg/_key_points.py
-- Installing: /media/ezzedinayman/Local Disk/FS-System/fs-system/install/asurt_msgs/local/lib/python3.10/dist-packages/asurt_msgs/msg/_key_points_s.c
-- Installing: /media/ezzedinayman/Local Disk/FS-System/fs-system/install/asurt_msgs/local/lib/python3.10/dist-packages/asurt_msgs/msg/_landmark.py
-- Installing: /media/ezzedinayman/Local Disk/FS-System/fs-system/install/asurt_msgs/local/lib/python3.10/dist-packages/asurt_msgs/msg/_landmark_array.py
-- Installing: /media/ezzedinayman/Local Disk/FS-System/fs-system/install/asurt_msgs/local/lib/python3.10/dist-packages/asurt_msgs/msg/_landmark_array_s.c
-- Installing: /media/ezzedinayman/Local Disk/FS-System/fs-system/install/asurt_msgs/local/lib/python3.10/dist-packages/asurt_msgs/msg/_landmark_s.c
-- Installing: /media/ezzedinayman/Local Disk/FS-System/fs-system/install/asurt_msgs/local/lib/python3.10/dist-packages/asurt_msgs/msg/_node_status.py
-- Installing: /media/ezzedinayman/Local Disk/FS-System/fs-system/install/asurt_msgs/local/lib/python3.10/dist-packages/asurt_msgs/msg/_node_status_s.c
-- Installing: /media/ezzedinayman/Local Disk/FS-System/fs-system/install/asurt_msgs/local/lib/python3.10/dist-packages/asurt_msgs/msg/_roadstate.py
-- Installing: /media/ezzedinayman/Local Disk/FS-System/fs-system/install/asurt_msgs/local/lib/python3.10/dist-packages/asurt_msgs/msg/_roadstate_s.c
-- Installing: /media/ezzedinayman/Local Disk/FS-System/fs-system/install/asurt_msgs/local/lib/python3.10/dist-packages/asurt_msgs/msg/__init__.py
-- Installing: /media/ezzedinayman/Local Disk/FS-System/fs-system/install/asurt_msgs/local/lib/python3.10/dist-packages/asurt_msgs/_asurt_msgs_s.ep.rosidl_typesupport_c.c
-- Installing: /media/ezzedinayman/Local Disk/FS-System/fs-system/install/asurt_msgs/local/lib/python3.10/dist-packages/asurt_msgs/_asurt_msgs_s.ep.rosidl_typesupport_fastrtps_c.c
-- Installing: /media/ezzedinayman/Local Disk/FS-System/fs-system/install/asurt_msgs/local/lib/python3.10/dist-packages/asurt_msgs/_asurt_msgs_s.ep.rosidl_typesupport_introspection_c.c
-- Installing: /media/ezzedinayman/Local Disk/FS-System/fs-system/install/asurt_msgs/local/lib/python3.10/dist-packages/asurt_msgs/__init__.py
Listing '/media/ezzedinayman/Local Disk/FS-System/fs-system/install/asurt_msgs/local/lib/python3.10/dist-packages/asurt_msgs'...
Compiling '/media/ezzedinayman/Local Disk/FS-System/fs-system/install/asurt_msgs/local/lib/python3.10/dist-packages/asurt_msgs/__init__.py'...
Listing '/media/ezzedinayman/Local Disk/FS-System/fs-system/install/asurt_msgs/local/lib/python3.10/dist-packages/asurt_msgs/msg'...
Compiling '/media/ezzedinayman/Local Disk/FS-System/fs-system/install/asurt_msgs/local/lib/python3.10/dist-packages/asurt_msgs/msg/__init__.py'...
Compiling '/media/ezzedinayman/Local Disk/FS-System/fs-system/install/asurt_msgs/local/lib/python3.10/dist-packages/asurt_msgs/msg/_bounding_box.py'...
Compiling '/media/ezzedinayman/Local Disk/FS-System/fs-system/install/asurt_msgs/local/lib/python3.10/dist-packages/asurt_msgs/msg/_bounding_boxes.py'...
Compiling '/media/ezzedinayman/Local Disk/FS-System/fs-system/install/asurt_msgs/local/lib/python3.10/dist-packages/asurt_msgs/msg/_cone_img.py'...
Compiling '/media/ezzedinayman/Local Disk/FS-System/fs-system/install/asurt_msgs/local/lib/python3.10/dist-packages/asurt_msgs/msg/_cone_img_array.py'...
Compiling '/media/ezzedinayman/Local Disk/FS-System/fs-system/install/asurt_msgs/local/lib/python3.10/dist-packages/asurt_msgs/msg/_key_points.py'...
Compiling '/media/ezzedinayman/Local Disk/FS-System/fs-system/install/asurt_msgs/local/lib/python3.10/dist-packages/asurt_msgs/msg/_landmark.py'...
Compiling '/media/ezzedinayman/Local Disk/FS-System/fs-system/install/asurt_msgs/local/lib/python3.10/dist-packages/asurt_msgs/msg/_landmark_array.py'...
Compiling '/media/ezzedinayman/Local Disk/FS-System/fs-system/install/asurt_msgs/local/lib/python3.10/dist-packages/asurt_msgs/msg/_node_status.py'...
Compiling '/media/ezzedinayman/Local Disk/FS-System/fs-system/install/asurt_msgs/local/lib/python3.10/dist-packages/asurt_msgs/msg/_roadstate.py'...
-- Installing: /media/ezzedinayman/Local Disk/FS-System/fs-system/install/asurt_msgs/local/lib/python3.10/dist-packages/asurt_msgs/asurt_msgs_s__rosidl_typesupport_fastrtps_c.cpython-310-x86_64-linux-gnu.so
-- Set runtime path of "/media/ezzedinayman/Local Disk/FS-System/fs-system/install/asurt_msgs/local/lib/python3.10/dist-packages/asurt_msgs/asurt_msgs_s__rosidl_typesupport_fastrtps_c.cpython-310-x86_64-linux-gnu.so" to ""
-- Installing: /media/ezzedinayman/Local Disk/FS-System/fs-system/install/asurt_msgs/local/lib/python3.10/dist-packages/asurt_msgs/asurt_msgs_s__rosidl_typesupport_introspection_c.cpython-310-x86_64-linux-gnu.so
-- Set runtime path of "/media/ezzedinayman/Local Disk/FS-System/fs-system/install/asurt_msgs/local/lib/python3.10/dist-packages/asurt_msgs/asurt_msgs_s__rosidl_typesupport_introspection_c.cpython-310-x86_64-linux-gnu.so" to ""
-- Installing: /media/ezzedinayman/Local Disk/FS-System/fs-system/install/asurt_msgs/local/lib/python3.10/dist-packages/asurt_msgs/asurt_msgs_s__rosidl_typesupport_c.cpython-310-x86_64-linux-gnu.so
-- Set runtime path of "/media/ezzedinayman/Local Disk/FS-System/fs-system/install/asurt_msgs/local/lib/python3.10/dist-packages/asurt_msgs/asurt_msgs_s__rosidl_typesupport_c.cpython-310-x86_64-linux-gnu.so" to ""
-- Installing: /media/ezzedinayman/Local Disk/FS-System/fs-system/install/asurt_msgs/lib/libasurt_msgs__rosidl_generator_py.so
-- Set runtime path of "/media/ezzedinayman/Local Disk/FS-System/fs-system/install/asurt_msgs/lib/libasurt_msgs__rosidl_generator_py.so" to ""
-- Installing: /media/ezzedinayman/Local Disk/FS-System/fs-system/install/asurt_msgs/share/asurt_msgs/msg/Landmark.idl
-- Installing: /media/ezzedinayman/Local Disk/FS-System/fs-system/install/asurt_msgs/share/asurt_msgs/msg/LandmarkArray.idl
-- Installing: /media/ezzedinayman/Local Disk/FS-System/fs-system/install/asurt_msgs/share/asurt_msgs/msg/NodeStatus.idl
-- Installing: /media/ezzedinayman/Local Disk/FS-System/fs-system/install/asurt_msgs/share/asurt_msgs/msg/Roadstate.idl
-- Installing: /media/ezzedinayman/Local Disk/FS-System/fs-system/install/asurt_msgs/share/asurt_msgs/msg/BoundingBox.idl
-- Installing: /media/ezzedinayman/Local Disk/FS-System/fs-system/install/asurt_msgs/share/asurt_msgs/msg/BoundingBoxes.idl
-- Installing: /media/ezzedinayman/Local Disk/FS-System/fs-system/install/asurt_msgs/share/asurt_msgs/msg/ConeImg.idl
-- Installing: /media/ezzedinayman/Local Disk/FS-System/fs-system/install/asurt_msgs/share/asurt_msgs/msg/ConeImgArray.idl
-- Installing: /media/ezzedinayman/Local Disk/FS-System/fs-system/install/asurt_msgs/share/asurt_msgs/msg/KeyPoints.idl
-- Installing: /media/ezzedinayman/Local Disk/FS-System/fs-system/install/asurt_msgs/share/asurt_msgs/msg/Landmark.msg
-- Installing: /media/ezzedinayman/Local Disk/FS-System/fs-system/install/asurt_msgs/share/asurt_msgs/msg/LandmarkArray.msg
-- Installing: /media/ezzedinayman/Local Disk/FS-System/fs-system/install/asurt_msgs/share/asurt_msgs/msg/NodeStatus.msg
-- Installing: /media/ezzedinayman/Local Disk/FS-System/fs-system/install/asurt_msgs/share/asurt_msgs/msg/Roadstate.msg
-- Installing: /media/ezzedinayman/Local Disk/FS-System/fs-system/install/asurt_msgs/share/asurt_msgs/msg/BoundingBox.msg
-- Installing: /media/ezzedinayman/Local Disk/FS-System/fs-system/install/asurt_msgs/share/asurt_msgs/msg/BoundingBoxes.msg
-- Installing: /media/ezzedinayman/Local Disk/FS-System/fs-system/install/asurt_msgs/share/asurt_msgs/msg/ConeImg.msg
-- Installing: /media/ezzedinayman/Local Disk/FS-System/fs-system/install/asurt_msgs/share/asurt_msgs/msg/ConeImgArray.msg
-- Installing: /media/ezzedinayman/Local Disk/FS-System/fs-system/install/asurt_msgs/share/asurt_msgs/msg/KeyPoints.msg
-- Installing: /media/ezzedinayman/Local Disk/FS-System/fs-system/install/asurt_msgs/share/ament_index/resource_index/package_run_dependencies/asurt_msgs
-- Installing: /media/ezzedinayman/Local Disk/FS-System/fs-system/install/asurt_msgs/share/ament_index/resource_index/parent_prefix_path/asurt_msgs
-- Installing: /media/ezzedinayman/Local Disk/FS-System/fs-system/install/asurt_msgs/share/asurt_msgs/environment/ament_prefix_path.sh
-- Installing: /media/ezzedinayman/Local Disk/FS-System/fs-system/install/asurt_msgs/share/asurt_msgs/environment/ament_prefix_path.dsv
-- Installing: /media/ezzedinayman/Local Disk/FS-System/fs-system/install/asurt_msgs/share/asurt_msgs/environment/path.sh
-- Installing: /media/ezzedinayman/Local Disk/FS-System/fs-system/install/asurt_msgs/share/asurt_msgs/environment/path.dsv
-- Installing: /media/ezzedinayman/Local Disk/FS-System/fs-system/install/asurt_msgs/share/asurt_msgs/local_setup.bash
-- Installing: /media/ezzedinayman/Local Disk/FS-System/fs-system/install/asurt_msgs/share/asurt_msgs/local_setup.sh
-- Installing: /media/ezzedinayman/Local Disk/FS-System/fs-system/install/asurt_msgs/share/asurt_msgs/local_setup.zsh
-- Installing: /media/ezzedinayman/Local Disk/FS-System/fs-system/install/asurt_msgs/share/asurt_msgs/local_setup.dsv
-- Installing: /media/ezzedinayman/Local Disk/FS-System/fs-system/install/asurt_msgs/share/asurt_msgs/package.dsv
-- Installing: /media/ezzedinayman/Local Disk/FS-System/fs-system/install/asurt_msgs/share/ament_index/resource_index/packages/asurt_msgs
-- Installing: /media/ezzedinayman/Local Disk/FS-System/fs-system/install/asurt_msgs/share/asurt_msgs/cmake/export_asurt_msgs__rosidl_generator_cExport.cmake
-- Installing: /media/ezzedinayman/Local Disk/FS-System/fs-system/install/asurt_msgs/share/asurt_msgs/cmake/export_asurt_msgs__rosidl_generator_cExport-noconfig.cmake
-- Installing: /media/ezzedinayman/Local Disk/FS-System/fs-system/install/asurt_msgs/share/asurt_msgs/cmake/export_asurt_msgs__rosidl_typesupport_fastrtps_cExport.cmake
-- Installing: /media/ezzedinayman/Local Disk/FS-System/fs-system/install/asurt_msgs/share/asurt_msgs/cmake/export_asurt_msgs__rosidl_typesupport_fastrtps_cExport-noconfig.cmake
-- Installing: /media/ezzedinayman/Local Disk/FS-System/fs-system/install/asurt_msgs/share/asurt_msgs/cmake/export_asurt_msgs__rosidl_generator_cppExport.cmake
-- Installing: /media/ezzedinayman/Local Disk/FS-System/fs-system/install/asurt_msgs/share/asurt_msgs/cmake/export_asurt_msgs__rosidl_typesupport_fastrtps_cppExport.cmake
-- Installing: /media/ezzedinayman/Local Disk/FS-System/fs-system/install/asurt_msgs/share/asurt_msgs/cmake/export_asurt_msgs__rosidl_typesupport_fastrtps_cppExport-noconfig.cmake
-- Installing: /media/ezzedinayman/Local Disk/FS-System/fs-system/install/asurt_msgs/share/asurt_msgs/cmake/asurt_msgs__rosidl_typesupport_introspection_cExport.cmake
-- Installing: /media/ezzedinayman/Local Disk/FS-System/fs-system/install/asurt_msgs/share/asurt_msgs/cmake/asurt_msgs__rosidl_typesupport_introspection_cExport-noconfig.cmake
-- Installing: /media/ezzedinayman/Local Disk/FS-System/fs-system/install/asurt_msgs/share/asurt_msgs/cmake/asurt_msgs__rosidl_typesupport_cExport.cmake
-- Installing: /media/ezzedinayman/Local Disk/FS-System/fs-system/install/asurt_msgs/share/asurt_msgs/cmake/asurt_msgs__rosidl_typesupport_cExport-noconfig.cmake
-- Installing: /media/ezzedinayman/Local Disk/FS-System/fs-system/install/asurt_msgs/share/asurt_msgs/cmake/asurt_msgs__rosidl_typesupport_introspection_cppExport.cmake
-- Installing: /media/ezzedinayman/Local Disk/FS-System/fs-system/install/asurt_msgs/share/asurt_msgs/cmake/asurt_msgs__rosidl_typesupport_introspection_cppExport-noconfig.cmake
-- Installing: /media/ezzedinayman/Local Disk/FS-System/fs-system/install/asurt_msgs/share/asurt_msgs/cmake/asurt_msgs__rosidl_typesupport_cppExport.cmake
-- Installing: /media/ezzedinayman/Local Disk/FS-System/fs-system/install/asurt_msgs/share/asurt_msgs/cmake/asurt_msgs__rosidl_typesupport_cppExport-noconfig.cmake
-- Installing: /media/ezzedinayman/Local Disk/FS-System/fs-system/install/asurt_msgs/share/asurt_msgs/cmake/export_asurt_msgs__rosidl_generator_pyExport.cmake
-- Installing: /media/ezzedinayman/Local Disk/FS-System/fs-system/install/asurt_msgs/share/asurt_msgs/cmake/export_asurt_msgs__rosidl_generator_pyExport-noconfig.cmake
-- Installing: /media/ezzedinayman/Local Disk/FS-System/fs-system/install/asurt_msgs/share/asurt_msgs/cmake/rosidl_cmake-extras.cmake
-- Installing: /media/ezzedinayman/Local Disk/FS-System/fs-system/install/asurt_msgs/share/asurt_msgs/cmake/ament_cmake_export_dependencies-extras.cmake
-- Installing: /media/ezzedinayman/Local Disk/FS-System/fs-system/install/asurt_msgs/share/asurt_msgs/cmake/ament_cmake_export_include_directories-extras.cmake
-- Installing: /media/ezzedinayman/Local Disk/FS-System/fs-system/install/asurt_msgs/share/asurt_msgs/cmake/ament_cmake_export_libraries-extras.cmake
-- Installing: /media/ezzedinayman/Local Disk/FS-System/fs-system/install/asurt_msgs/share/asurt_msgs/cmake/ament_cmake_export_targets-extras.cmake
-- Installing: /media/ezzedinayman/Local Disk/FS-System/fs-system/install/asurt_msgs/share/asurt_msgs/cmake/rosidl_cmake_export_typesupport_targets-extras.cmake
-- Installing: /media/ezzedinayman/Local Disk/FS-System/fs-system/install/asurt_msgs/share/asurt_msgs/cmake/rosidl_cmake_export_typesupport_libraries-extras.cmake
-- Installing: /media/ezzedinayman/Local Disk/FS-System/fs-system/install/asurt_msgs/share/asurt_msgs/cmake/asurt_msgsConfig.cmake
-- Installing: /media/ezzedinayman/Local Disk/FS-System/fs-system/install/asurt_msgs/share/asurt_msgs/cmake/asurt_msgsConfig-version.cmake
-- Installing: /media/ezzedinayman/Local Disk/FS-System/fs-system/install/asurt_msgs/share/asurt_msgs/package.xml
