[0.009s] Invoking command in '/media/ezzedinayman/Local Disk/FS-System/fs-system/build/asurt_msgs': CMAKE_PREFIX_PATH=/media/ezzedinayman/Local Disk/ASURT/fs/install/moreo:/home/ezzedinayman/ros2_ws/install/my_robot_controller:/home/ezzedinayman/ros2_ws/install/coppelia:/opt/ros/humble /home/ezzedinayman/.local/bin/cmake /media/ezzedinayman/Local Disk/FS-System/fs-system/dependencies/asurt_msgs -DCMAKE_INSTALL_PREFIX=/media/ezzedinayman/Local Disk/FS-System/fs-system/install/asurt_msgs
[0.134s] -- The C compiler identification is GNU 11.4.0
[0.224s] -- The CXX compiler identification is GNU 11.4.0
[0.242s] -- Detecting C compiler ABI info
[0.365s] -- Detecting C compiler ABI info - done
[0.385s] -- Check for working C compiler: /usr/bin/cc - skipped
[0.386s] -- Detecting C compile features
[0.386s] -- Detecting C compile features - done
[0.394s] -- Detecting CXX compiler ABI info
[0.466s] -- Detecting CXX compiler ABI info - done
[0.477s] -- Check for working CXX compiler: /usr/bin/c++ - skipped
[0.477s] -- Detecting CXX compile features
[0.478s] -- Detecting CXX compile features - done
[0.488s] -- Found ament_cmake: 1.3.9 (/opt/ros/humble/share/ament_cmake/cmake)
[0.620s] -- Found Python3: /usr/bin/python3 (found version "3.10.12") found components: Interpreter 
[0.723s] -- Found builtin_interfaces: 1.2.1 (/opt/ros/humble/share/builtin_interfaces/cmake)
[0.782s] -- Found rosidl_generator_c: 3.1.5 (/opt/ros/humble/share/rosidl_generator_c/cmake)
[0.793s] -- Found rosidl_adapter: 3.1.5 (/opt/ros/humble/share/rosidl_adapter/cmake)
[0.806s] -- Found rosidl_generator_cpp: 3.1.5 (/opt/ros/humble/share/rosidl_generator_cpp/cmake)
[0.834s] -- Using all available rosidl_typesupport_c: rosidl_typesupport_fastrtps_c;rosidl_typesupport_introspection_c
[0.866s] -- Using all available rosidl_typesupport_cpp: rosidl_typesupport_fastrtps_cpp;rosidl_typesupport_introspection_cpp
[0.892s] -- Found rosidl_default_generators: 1.2.0 (/opt/ros/humble/share/rosidl_default_generators/cmake)
[0.907s] -- Found rclcpp: 16.0.9 (/opt/ros/humble/share/rclcpp/cmake)
[1.001s] -- Found rmw_implementation_cmake: 6.1.2 (/opt/ros/humble/share/rmw_implementation_cmake/cmake)
[1.005s] -- Found rmw_fastrtps_cpp: 6.2.6 (/opt/ros/humble/share/rmw_fastrtps_cpp/cmake)
[1.126s] -- Found OpenSSL: /usr/lib/x86_64-linux-gnu/libcrypto.so (found version "3.0.2")  
[1.156s] -- Found FastRTPS: /opt/ros/humble/include  
[1.205s] -- Using RMW implementation 'rmw_fastrtps_cpp' as default
[1.223s] -- Performing Test CMAKE_HAVE_LIBC_PTHREAD
[1.293s] -- Performing Test CMAKE_HAVE_LIBC_PTHREAD - Success
[1.294s] -- Found Threads: TRUE  
[1.493s] -- Found geometry_msgs: 4.2.3 (/opt/ros/humble/share/geometry_msgs/cmake)
[1.549s] -- Found sensor_msgs: 4.2.3 (/opt/ros/humble/share/sensor_msgs/cmake)
[2.154s] -- Found ament_cmake_ros: 0.10.0 (/opt/ros/humble/share/ament_cmake_ros/cmake)
[3.026s] -- Using all available rosidl_typesupport_c: rosidl_typesupport_fastrtps_c;rosidl_typesupport_introspection_c
[3.383s] -- Using all available rosidl_typesupport_cpp: rosidl_typesupport_fastrtps_cpp;rosidl_typesupport_introspection_cpp
[3.385s] [33mCMake Warning (dev) at /opt/ros/humble/share/rosidl_generator_py/cmake/rosidl_generator_py_generate_interfaces.cmake:20 (find_package):
[3.385s]   Policy CMP0148 is not set: The FindPythonInterp and FindPythonLibs modules
[3.385s]   are removed.  Run "cmake --help-policy CMP0148" for policy details.  Use
[3.385s]   the cmake_policy command to set the policy and suppress this warning.
[3.385s] 
[3.385s] Call Stack (most recent call first):
[3.386s]   /opt/ros/humble/share/ament_cmake_core/cmake/core/ament_execute_extensions.cmake:48 (include)
[3.386s]   /opt/ros/humble/share/rosidl_cmake/cmake/rosidl_generate_interfaces.cmake:286 (ament_execute_extensions)
[3.386s]   CMakeLists.txt:18 (rosidl_generate_interfaces)
[3.386s] This warning is for project developers.  Use -Wno-dev to suppress it.
[3.386s] [0m
[3.405s] -- Found PythonInterp: /usr/bin/python3 (found suitable version "3.10.12", minimum required is "3.6") 
[3.407s] -- Found python_cmake_module: 0.10.0 (/opt/ros/humble/share/python_cmake_module/cmake)
[3.408s] [33mCMake Warning (dev) at /opt/ros/humble/share/python_cmake_module/cmake/Modules/FindPythonExtra.cmake:52 (find_package):
[3.408s]   Policy CMP0148 is not set: The FindPythonInterp and FindPythonLibs modules
[3.408s]   are removed.  Run "cmake --help-policy CMP0148" for policy details.  Use
[3.408s]   the cmake_policy command to set the policy and suppress this warning.
[3.408s] 
[3.408s] Call Stack (most recent call first):
[3.408s]   /opt/ros/humble/share/rosidl_generator_py/cmake/rosidl_generator_py_generate_interfaces.cmake:23 (find_package)
[3.408s]   /opt/ros/humble/share/ament_cmake_core/cmake/core/ament_execute_extensions.cmake:48 (include)
[3.408s]   /opt/ros/humble/share/rosidl_cmake/cmake/rosidl_generate_interfaces.cmake:286 (ament_execute_extensions)
[3.408s]   CMakeLists.txt:18 (rosidl_generate_interfaces)
[3.408s] This warning is for project developers.  Use -Wno-dev to suppress it.
[3.408s] [0m
[3.429s] [33mCMake Warning (dev) at /opt/ros/humble/share/python_cmake_module/cmake/Modules/FindPythonExtra.cmake:140 (find_package):
[3.429s]   Policy CMP0148 is not set: The FindPythonInterp and FindPythonLibs modules
[3.430s]   are removed.  Run "cmake --help-policy CMP0148" for policy details.  Use
[3.430s]   the cmake_policy command to set the policy and suppress this warning.
[3.430s] 
[3.430s] Call Stack (most recent call first):
[3.430s]   /opt/ros/humble/share/rosidl_generator_py/cmake/rosidl_generator_py_generate_interfaces.cmake:23 (find_package)
[3.430s]   /opt/ros/humble/share/ament_cmake_core/cmake/core/ament_execute_extensions.cmake:48 (include)
[3.430s]   /opt/ros/humble/share/rosidl_cmake/cmake/rosidl_generate_interfaces.cmake:286 (ament_execute_extensions)
[3.430s]   CMakeLists.txt:18 (rosidl_generate_interfaces)
[3.430s] This warning is for project developers.  Use -Wno-dev to suppress it.
[3.430s] [0m
[3.437s] -- Found PythonLibs: /usr/lib/x86_64-linux-gnu/libpython3.10.so (found suitable version "3.10.12", minimum required is "3.5") 
[3.438s] -- Using PYTHON_EXECUTABLE: /usr/bin/python3
[3.438s] -- Using PYTHON_INCLUDE_DIRS: /usr/include/python3.10
[3.438s] -- Using PYTHON_LIBRARIES: /usr/lib/x86_64-linux-gnu/libpython3.10.so
[3.458s] -- Found PythonExtra: .so  
[3.551s] -- Found ament_lint_auto: 0.12.11 (/opt/ros/humble/share/ament_lint_auto/cmake)
[3.576s] -- Added test 'lint_cmake' to check CMake code style
[3.578s] -- Added test 'xmllint' to check XML markup files
[3.582s] -- Configuring done (3.5s)
[3.670s] -- Generating done (0.1s)
[3.677s] -- Build files have been written to: /media/ezzedinayman/Local Disk/FS-System/fs-system/build/asurt_msgs
[3.695s] Invoked command in '/media/ezzedinayman/Local Disk/FS-System/fs-system/build/asurt_msgs' returned '0': CMAKE_PREFIX_PATH=/media/ezzedinayman/Local Disk/ASURT/fs/install/moreo:/home/ezzedinayman/ros2_ws/install/my_robot_controller:/home/ezzedinayman/ros2_ws/install/coppelia:/opt/ros/humble /home/ezzedinayman/.local/bin/cmake /media/ezzedinayman/Local Disk/FS-System/fs-system/dependencies/asurt_msgs -DCMAKE_INSTALL_PREFIX=/media/ezzedinayman/Local Disk/FS-System/fs-system/install/asurt_msgs
[3.696s] Invoking command in '/media/ezzedinayman/Local Disk/FS-System/fs-system/build/asurt_msgs': CMAKE_PREFIX_PATH=/media/ezzedinayman/Local Disk/ASURT/fs/install/moreo:/home/ezzedinayman/ros2_ws/install/my_robot_controller:/home/ezzedinayman/ros2_ws/install/coppelia:/opt/ros/humble /home/ezzedinayman/.local/bin/cmake --build /media/ezzedinayman/Local Disk/FS-System/fs-system/build/asurt_msgs -- -j8 -l8
[3.741s] [  1%] [34m[1mGenerating C code for ROS interfaces[0m
[3.746s] [  2%] [34m[1mGenerating C++ code for ROS interfaces[0m
[3.748s] [  2%] Built target ament_cmake_python_copy_asurt_msgs
[4.067s] running egg_info
[4.069s] creating asurt_msgs.egg-info
[4.069s] writing asurt_msgs.egg-info/PKG-INFO
[4.069s] writing dependency_links to asurt_msgs.egg-info/dependency_links.txt
[4.069s] writing top-level names to asurt_msgs.egg-info/top_level.txt
[4.070s] writing manifest file 'asurt_msgs.egg-info/SOURCES.txt'
[4.072s] reading manifest file 'asurt_msgs.egg-info/SOURCES.txt'
[4.073s] writing manifest file 'asurt_msgs.egg-info/SOURCES.txt'
[4.092s] [  2%] Built target ament_cmake_python_build_asurt_msgs_egg
[4.417s] [  2%] Built target asurt_msgs__cpp
[4.423s] [  4%] [34m[1mGenerating C++ type support dispatch for ROS interfaces[0m
[4.423s] [  4%] [34m[1mGenerating C++ type support for eProsima Fast-RTPS[0m
[4.423s] [  5%] [34m[1mGenerating C++ introspection for ROS interfaces[0m
[4.490s] [  6%] [32mBuilding C object CMakeFiles/asurt_msgs__rosidl_generator_c.dir/rosidl_generator_c/asurt_msgs/msg/detail/landmark_array__functions.c.o[0m
[4.491s] [  7%] [32mBuilding C object CMakeFiles/asurt_msgs__rosidl_generator_c.dir/rosidl_generator_c/asurt_msgs/msg/detail/landmark__functions.c.o[0m
[4.491s] [  9%] [32mBuilding C object CMakeFiles/asurt_msgs__rosidl_generator_c.dir/rosidl_generator_c/asurt_msgs/msg/detail/node_status__functions.c.o[0m
[4.491s] [  9%] [32mBuilding C object CMakeFiles/asurt_msgs__rosidl_generator_c.dir/rosidl_generator_c/asurt_msgs/msg/detail/roadstate__functions.c.o[0m
[4.494s] [ 10%] [32mBuilding C object CMakeFiles/asurt_msgs__rosidl_generator_c.dir/rosidl_generator_c/asurt_msgs/msg/detail/bounding_box__functions.c.o[0m
[4.574s] [ 12%] [32mBuilding C object CMakeFiles/asurt_msgs__rosidl_generator_c.dir/rosidl_generator_c/asurt_msgs/msg/detail/cone_img__functions.c.o[0m
[4.574s] [ 13%] [32mBuilding C object CMakeFiles/asurt_msgs__rosidl_generator_c.dir/rosidl_generator_c/asurt_msgs/msg/detail/bounding_boxes__functions.c.o[0m
[4.574s] [ 13%] [32mBuilding C object CMakeFiles/asurt_msgs__rosidl_generator_c.dir/rosidl_generator_c/asurt_msgs/msg/detail/cone_img_array__functions.c.o[0m
[4.575s] [ 14%] [32mBuilding C object CMakeFiles/asurt_msgs__rosidl_generator_c.dir/rosidl_generator_c/asurt_msgs/msg/detail/key_points__functions.c.o[0m
[4.646s] [ 15%] [32m[1mLinking C shared library libasurt_msgs__rosidl_generator_c.so[0m
[4.677s] [ 15%] Built target asurt_msgs__rosidl_generator_c
[4.685s] [ 18%] [34m[1mGenerating C type support dispatch for ROS interfaces[0m
[4.685s] [ 18%] [34m[1mGenerating C type support for eProsima Fast-RTPS[0m
[4.685s] [ 18%] [34m[1mGenerating C introspection for ROS interfaces[0m
[5.272s] [ 21%] [32mBuilding CXX object CMakeFiles/asurt_msgs__rosidl_typesupport_cpp.dir/rosidl_typesupport_cpp/asurt_msgs/msg/node_status__type_support.cpp.o[0m
[5.273s] [ 22%] [32mBuilding CXX object CMakeFiles/asurt_msgs__rosidl_typesupport_cpp.dir/rosidl_typesupport_cpp/asurt_msgs/msg/landmark_array__type_support.cpp.o[0m
[5.273s] [ 22%] [32mBuilding CXX object CMakeFiles/asurt_msgs__rosidl_typesupport_cpp.dir/rosidl_typesupport_cpp/asurt_msgs/msg/landmark__type_support.cpp.o[0m
[5.455s] [ 23%] [32mBuilding C object CMakeFiles/asurt_msgs__rosidl_typesupport_introspection_c.dir/rosidl_typesupport_introspection_c/asurt_msgs/msg/detail/landmark__type_support.c.o[0m
[5.468s] [ 24%] [32mBuilding CXX object CMakeFiles/asurt_msgs__rosidl_typesupport_introspection_cpp.dir/rosidl_typesupport_introspection_cpp/asurt_msgs/msg/detail/landmark__type_support.cpp.o[0m
[5.509s] [ 25%] [32mBuilding C object CMakeFiles/asurt_msgs__rosidl_typesupport_introspection_c.dir/rosidl_typesupport_introspection_c/asurt_msgs/msg/detail/landmark_array__type_support.c.o[0m
[5.534s] [ 26%] [32mBuilding CXX object CMakeFiles/asurt_msgs__rosidl_typesupport_fastrtps_c.dir/rosidl_typesupport_fastrtps_c/asurt_msgs/msg/detail/landmark__type_support_c.cpp.o[0m
[5.560s] [ 27%] [32mBuilding CXX object CMakeFiles/asurt_msgs__rosidl_typesupport_c.dir/rosidl_typesupport_c/asurt_msgs/msg/landmark__type_support.cpp.o[0m
[5.572s] [ 28%] [32mBuilding C object CMakeFiles/asurt_msgs__rosidl_typesupport_introspection_c.dir/rosidl_typesupport_introspection_c/asurt_msgs/msg/detail/node_status__type_support.c.o[0m
[5.604s] [ 29%] [32mBuilding CXX object CMakeFiles/asurt_msgs__rosidl_typesupport_c.dir/rosidl_typesupport_c/asurt_msgs/msg/landmark_array__type_support.cpp.o[0m
[5.630s] [ 30%] [32mBuilding C object CMakeFiles/asurt_msgs__rosidl_typesupport_introspection_c.dir/rosidl_typesupport_introspection_c/asurt_msgs/msg/detail/roadstate__type_support.c.o[0m
[5.643s] [ 31%] [32mBuilding CXX object CMakeFiles/asurt_msgs__rosidl_typesupport_fastrtps_cpp.dir/rosidl_typesupport_fastrtps_cpp/asurt_msgs/msg/detail/dds_fastrtps/landmark__type_support.cpp.o[0m
[5.650s] [ 32%] [32mBuilding CXX object CMakeFiles/asurt_msgs__rosidl_typesupport_c.dir/rosidl_typesupport_c/asurt_msgs/msg/node_status__type_support.cpp.o[0m
[5.690s] [ 33%] [32mBuilding C object CMakeFiles/asurt_msgs__rosidl_typesupport_introspection_c.dir/rosidl_typesupport_introspection_c/asurt_msgs/msg/detail/bounding_box__type_support.c.o[0m
[5.696s] [ 34%] [32mBuilding CXX object CMakeFiles/asurt_msgs__rosidl_typesupport_c.dir/rosidl_typesupport_c/asurt_msgs/msg/roadstate__type_support.cpp.o[0m
[5.756s] [ 35%] [32mBuilding CXX object CMakeFiles/asurt_msgs__rosidl_typesupport_c.dir/rosidl_typesupport_c/asurt_msgs/msg/bounding_box__type_support.cpp.o[0m
[5.777s] [ 36%] [32mBuilding C object CMakeFiles/asurt_msgs__rosidl_typesupport_introspection_c.dir/rosidl_typesupport_introspection_c/asurt_msgs/msg/detail/bounding_boxes__type_support.c.o[0m
[5.789s] [ 37%] [32mBuilding CXX object CMakeFiles/asurt_msgs__rosidl_typesupport_fastrtps_cpp.dir/rosidl_typesupport_fastrtps_cpp/asurt_msgs/msg/detail/dds_fastrtps/landmark_array__type_support.cpp.o[0m
[5.794s] [ 40%] [32mBuilding CXX object CMakeFiles/asurt_msgs__rosidl_typesupport_cpp.dir/rosidl_typesupport_cpp/asurt_msgs/msg/roadstate__type_support.cpp.o[0m
[5.796s] [ 40%] [32mBuilding CXX object CMakeFiles/asurt_msgs__rosidl_typesupport_introspection_cpp.dir/rosidl_typesupport_introspection_cpp/asurt_msgs/msg/detail/landmark_array__type_support.cpp.o[0m
[5.801s] [ 41%] [32mBuilding CXX object CMakeFiles/asurt_msgs__rosidl_typesupport_c.dir/rosidl_typesupport_c/asurt_msgs/msg/bounding_boxes__type_support.cpp.o[0m
[5.834s] [ 42%] [32mBuilding C object CMakeFiles/asurt_msgs__rosidl_typesupport_introspection_c.dir/rosidl_typesupport_introspection_c/asurt_msgs/msg/detail/cone_img__type_support.c.o[0m
[5.878s] [ 43%] [32mBuilding CXX object CMakeFiles/asurt_msgs__rosidl_typesupport_c.dir/rosidl_typesupport_c/asurt_msgs/msg/cone_img__type_support.cpp.o[0m
[5.894s] [ 44%] [32mBuilding C object CMakeFiles/asurt_msgs__rosidl_typesupport_introspection_c.dir/rosidl_typesupport_introspection_c/asurt_msgs/msg/detail/cone_img_array__type_support.c.o[0m
[5.923s] [ 45%] [32mBuilding CXX object CMakeFiles/asurt_msgs__rosidl_typesupport_c.dir/rosidl_typesupport_c/asurt_msgs/msg/cone_img_array__type_support.cpp.o[0m
[5.952s] [ 46%] [32mBuilding C object CMakeFiles/asurt_msgs__rosidl_typesupport_introspection_c.dir/rosidl_typesupport_introspection_c/asurt_msgs/msg/detail/key_points__type_support.c.o[0m
[5.974s] [ 47%] [32mBuilding CXX object CMakeFiles/asurt_msgs__rosidl_typesupport_c.dir/rosidl_typesupport_c/asurt_msgs/msg/key_points__type_support.cpp.o[0m
[6.015s] [ 48%] [32m[1mLinking CXX shared library libasurt_msgs__rosidl_typesupport_c.so[0m
[6.016s] [ 49%] [32m[1mLinking C shared library libasurt_msgs__rosidl_typesupport_introspection_c.so[0m
[6.075s] [ 49%] Built target asurt_msgs__rosidl_typesupport_c
[6.082s] [ 50%] [32mBuilding CXX object CMakeFiles/asurt_msgs__rosidl_typesupport_introspection_cpp.dir/rosidl_typesupport_introspection_cpp/asurt_msgs/msg/detail/node_status__type_support.cpp.o[0m
[6.087s] [ 50%] Built target asurt_msgs__rosidl_typesupport_introspection_c
[6.091s] [ 51%] [32mBuilding CXX object CMakeFiles/asurt_msgs__rosidl_typesupport_fastrtps_c.dir/rosidl_typesupport_fastrtps_c/asurt_msgs/msg/detail/landmark_array__type_support_c.cpp.o[0m
[6.093s] [ 52%] [32mBuilding CXX object CMakeFiles/asurt_msgs__rosidl_typesupport_fastrtps_cpp.dir/rosidl_typesupport_fastrtps_cpp/asurt_msgs/msg/detail/dds_fastrtps/node_status__type_support.cpp.o[0m
[6.122s] [ 53%] [32mBuilding CXX object CMakeFiles/asurt_msgs__rosidl_typesupport_fastrtps_c.dir/rosidl_typesupport_fastrtps_c/asurt_msgs/msg/detail/node_status__type_support_c.cpp.o[0m
[6.294s] [ 54%] [32mBuilding CXX object CMakeFiles/asurt_msgs__rosidl_typesupport_cpp.dir/rosidl_typesupport_cpp/asurt_msgs/msg/bounding_box__type_support.cpp.o[0m
[6.333s] [ 55%] [32mBuilding CXX object CMakeFiles/asurt_msgs__rosidl_typesupport_fastrtps_cpp.dir/rosidl_typesupport_fastrtps_cpp/asurt_msgs/msg/detail/dds_fastrtps/roadstate__type_support.cpp.o[0m
[6.534s] [ 56%] [32mBuilding CXX object CMakeFiles/asurt_msgs__rosidl_typesupport_introspection_cpp.dir/rosidl_typesupport_introspection_cpp/asurt_msgs/msg/detail/roadstate__type_support.cpp.o[0m
[6.576s] [ 57%] [32mBuilding CXX object CMakeFiles/asurt_msgs__rosidl_typesupport_fastrtps_cpp.dir/rosidl_typesupport_fastrtps_cpp/asurt_msgs/msg/detail/dds_fastrtps/bounding_box__type_support.cpp.o[0m
[6.662s] [ 58%] [32mBuilding CXX object CMakeFiles/asurt_msgs__rosidl_typesupport_fastrtps_c.dir/rosidl_typesupport_fastrtps_c/asurt_msgs/msg/detail/roadstate__type_support_c.cpp.o[0m
[6.704s] [ 60%] [32mBuilding CXX object CMakeFiles/asurt_msgs__rosidl_typesupport_fastrtps_c.dir/rosidl_typesupport_fastrtps_c/asurt_msgs/msg/detail/bounding_box__type_support_c.cpp.o[0m
[6.740s] [ 61%] [32mBuilding CXX object CMakeFiles/asurt_msgs__rosidl_typesupport_cpp.dir/rosidl_typesupport_cpp/asurt_msgs/msg/bounding_boxes__type_support.cpp.o[0m
[6.759s] [ 62%] [32mBuilding CXX object CMakeFiles/asurt_msgs__rosidl_typesupport_introspection_cpp.dir/rosidl_typesupport_introspection_cpp/asurt_msgs/msg/detail/bounding_box__type_support.cpp.o[0m
[6.805s] [ 63%] [32mBuilding CXX object CMakeFiles/asurt_msgs__rosidl_typesupport_fastrtps_cpp.dir/rosidl_typesupport_fastrtps_cpp/asurt_msgs/msg/detail/dds_fastrtps/bounding_boxes__type_support.cpp.o[0m
[7.083s] [ 64%] [32mBuilding CXX object CMakeFiles/asurt_msgs__rosidl_typesupport_fastrtps_cpp.dir/rosidl_typesupport_fastrtps_cpp/asurt_msgs/msg/detail/dds_fastrtps/cone_img__type_support.cpp.o[0m
[7.300s] [ 65%] [32mBuilding CXX object CMakeFiles/asurt_msgs__rosidl_typesupport_cpp.dir/rosidl_typesupport_cpp/asurt_msgs/msg/cone_img__type_support.cpp.o[0m
[7.302s] [ 66%] [32mBuilding CXX object CMakeFiles/asurt_msgs__rosidl_typesupport_fastrtps_cpp.dir/rosidl_typesupport_fastrtps_cpp/asurt_msgs/msg/detail/dds_fastrtps/cone_img_array__type_support.cpp.o[0m
[7.307s] [ 67%] [32mBuilding CXX object CMakeFiles/asurt_msgs__rosidl_typesupport_cpp.dir/rosidl_typesupport_cpp/asurt_msgs/msg/cone_img_array__type_support.cpp.o[0m
[7.356s] [ 68%] [32mBuilding CXX object CMakeFiles/asurt_msgs__rosidl_typesupport_fastrtps_c.dir/rosidl_typesupport_fastrtps_c/asurt_msgs/msg/detail/bounding_boxes__type_support_c.cpp.o[0m
[7.359s] [ 69%] [32mBuilding CXX object CMakeFiles/asurt_msgs__rosidl_typesupport_introspection_cpp.dir/rosidl_typesupport_introspection_cpp/asurt_msgs/msg/detail/bounding_boxes__type_support.cpp.o[0m
[7.526s] [ 70%] [32mBuilding CXX object CMakeFiles/asurt_msgs__rosidl_typesupport_fastrtps_c.dir/rosidl_typesupport_fastrtps_c/asurt_msgs/msg/detail/cone_img__type_support_c.cpp.o[0m
[7.739s] [ 71%] [32mBuilding CXX object CMakeFiles/asurt_msgs__rosidl_typesupport_fastrtps_c.dir/rosidl_typesupport_fastrtps_c/asurt_msgs/msg/detail/cone_img_array__type_support_c.cpp.o[0m
[7.761s] [ 72%] [32mBuilding CXX object CMakeFiles/asurt_msgs__rosidl_typesupport_cpp.dir/rosidl_typesupport_cpp/asurt_msgs/msg/key_points__type_support.cpp.o[0m
[7.840s] [ 73%] [32mBuilding CXX object CMakeFiles/asurt_msgs__rosidl_typesupport_fastrtps_cpp.dir/rosidl_typesupport_fastrtps_cpp/asurt_msgs/msg/detail/dds_fastrtps/key_points__type_support.cpp.o[0m
[7.849s] [ 74%] [32mBuilding CXX object CMakeFiles/asurt_msgs__rosidl_typesupport_fastrtps_c.dir/rosidl_typesupport_fastrtps_c/asurt_msgs/msg/detail/key_points__type_support_c.cpp.o[0m
[7.943s] [ 75%] [32mBuilding CXX object CMakeFiles/asurt_msgs__rosidl_typesupport_introspection_cpp.dir/rosidl_typesupport_introspection_cpp/asurt_msgs/msg/detail/cone_img__type_support.cpp.o[0m
[8.095s] [ 76%] [32mBuilding CXX object CMakeFiles/asurt_msgs__rosidl_typesupport_introspection_cpp.dir/rosidl_typesupport_introspection_cpp/asurt_msgs/msg/detail/cone_img_array__type_support.cpp.o[0m
[8.099s] [ 77%] [32mBuilding CXX object CMakeFiles/asurt_msgs__rosidl_typesupport_introspection_cpp.dir/rosidl_typesupport_introspection_cpp/asurt_msgs/msg/detail/key_points__type_support.cpp.o[0m
[8.239s] [ 78%] [32m[1mLinking CXX shared library libasurt_msgs__rosidl_typesupport_cpp.so[0m
[8.299s] [ 78%] Built target asurt_msgs__rosidl_typesupport_cpp
[8.390s] [ 80%] [32m[1mLinking CXX shared library libasurt_msgs__rosidl_typesupport_fastrtps_c.so[0m
[8.486s] [ 80%] Built target asurt_msgs__rosidl_typesupport_fastrtps_c
[8.623s] [ 81%] [32m[1mLinking CXX shared library libasurt_msgs__rosidl_typesupport_fastrtps_cpp.so[0m
[8.708s] [ 81%] Built target asurt_msgs__rosidl_typesupport_fastrtps_cpp
[8.739s] [ 82%] [32m[1mLinking CXX shared library libasurt_msgs__rosidl_typesupport_introspection_cpp.so[0m
[8.812s] [ 82%] Built target asurt_msgs__rosidl_typesupport_introspection_cpp
[8.820s] [ 82%] Built target asurt_msgs
[8.831s] [ 83%] [34m[1mGenerating Python code for ROS interfaces[0m
[13.375s] [ 83%] Built target asurt_msgs__py
[13.395s] [ 85%] [32mBuilding C object CMakeFiles/asurt_msgs__rosidl_generator_py.dir/rosidl_generator_py/asurt_msgs/msg/_landmark_array_s.c.o[0m
[13.395s] [ 86%] [32mBuilding C object CMakeFiles/asurt_msgs__rosidl_generator_py.dir/rosidl_generator_py/asurt_msgs/msg/_landmark_s.c.o[0m
[13.396s] [ 87%] [32mBuilding C object CMakeFiles/asurt_msgs__rosidl_generator_py.dir/rosidl_generator_py/asurt_msgs/msg/_roadstate_s.c.o[0m
[13.397s] [ 88%] [32mBuilding C object CMakeFiles/asurt_msgs__rosidl_generator_py.dir/rosidl_generator_py/asurt_msgs/msg/_bounding_box_s.c.o[0m
[13.397s] [ 88%] [32mBuilding C object CMakeFiles/asurt_msgs__rosidl_generator_py.dir/rosidl_generator_py/asurt_msgs/msg/_node_status_s.c.o[0m
[13.398s] [ 89%] [32mBuilding C object CMakeFiles/asurt_msgs__rosidl_generator_py.dir/rosidl_generator_py/asurt_msgs/msg/_bounding_boxes_s.c.o[0m
[13.398s] [ 91%] [32mBuilding C object CMakeFiles/asurt_msgs__rosidl_generator_py.dir/rosidl_generator_py/asurt_msgs/msg/_cone_img_array_s.c.o[0m
[13.399s] [ 91%] [32mBuilding C object CMakeFiles/asurt_msgs__rosidl_generator_py.dir/rosidl_generator_py/asurt_msgs/msg/_cone_img_s.c.o[0m
[13.759s] [ 92%] [32mBuilding C object CMakeFiles/asurt_msgs__rosidl_generator_py.dir/rosidl_generator_py/asurt_msgs/msg/_key_points_s.c.o[0m
[13.916s] [ 93%] [32m[1mLinking C shared library rosidl_generator_py/asurt_msgs/libasurt_msgs__rosidl_generator_py.so[0m
[13.966s] [ 93%] Built target asurt_msgs__rosidl_generator_py
[13.982s] [ 94%] [32mBuilding C object CMakeFiles/asurt_msgs__rosidl_typesupport_fastrtps_c__pyext.dir/rosidl_generator_py/asurt_msgs/_asurt_msgs_s.ep.rosidl_typesupport_fastrtps_c.c.o[0m
[13.982s] [ 95%] [32mBuilding C object CMakeFiles/asurt_msgs__rosidl_typesupport_introspection_c__pyext.dir/rosidl_generator_py/asurt_msgs/_asurt_msgs_s.ep.rosidl_typesupport_introspection_c.c.o[0m
[13.983s] [ 96%] [32mBuilding C object CMakeFiles/asurt_msgs__rosidl_typesupport_c__pyext.dir/rosidl_generator_py/asurt_msgs/_asurt_msgs_s.ep.rosidl_typesupport_c.c.o[0m
[14.221s] [ 97%] [32m[1mLinking C shared library rosidl_generator_py/asurt_msgs/asurt_msgs_s__rosidl_typesupport_c.cpython-310-x86_64-linux-gnu.so[0m
[14.224s] [ 98%] [32m[1mLinking C shared library rosidl_generator_py/asurt_msgs/asurt_msgs_s__rosidl_typesupport_introspection_c.cpython-310-x86_64-linux-gnu.so[0m
[14.225s] [100%] [32m[1mLinking C shared library rosidl_generator_py/asurt_msgs/asurt_msgs_s__rosidl_typesupport_fastrtps_c.cpython-310-x86_64-linux-gnu.so[0m
[14.284s] [100%] Built target asurt_msgs__rosidl_typesupport_c__pyext
[14.286s] [100%] Built target asurt_msgs__rosidl_typesupport_introspection_c__pyext
[14.288s] [100%] Built target asurt_msgs__rosidl_typesupport_fastrtps_c__pyext
[14.309s] Invoked command in '/media/ezzedinayman/Local Disk/FS-System/fs-system/build/asurt_msgs' returned '0': CMAKE_PREFIX_PATH=/media/ezzedinayman/Local Disk/ASURT/fs/install/moreo:/home/ezzedinayman/ros2_ws/install/my_robot_controller:/home/ezzedinayman/ros2_ws/install/coppelia:/opt/ros/humble /home/ezzedinayman/.local/bin/cmake --build /media/ezzedinayman/Local Disk/FS-System/fs-system/build/asurt_msgs -- -j8 -l8
[14.661s] Invoking command in '/media/ezzedinayman/Local Disk/FS-System/fs-system/build/asurt_msgs': CMAKE_PREFIX_PATH=/media/ezzedinayman/Local Disk/ASURT/fs/install/moreo:/home/ezzedinayman/ros2_ws/install/my_robot_controller:/home/ezzedinayman/ros2_ws/install/coppelia:/opt/ros/humble /home/ezzedinayman/.local/bin/cmake --install /media/ezzedinayman/Local Disk/FS-System/fs-system/build/asurt_msgs
[14.701s] -- Install configuration: ""
[14.701s] -- Installing: /media/ezzedinayman/Local Disk/FS-System/fs-system/install/asurt_msgs/share/ament_index/resource_index/rosidl_interfaces/asurt_msgs
[14.701s] -- Installing: /media/ezzedinayman/Local Disk/FS-System/fs-system/install/asurt_msgs/include/asurt_msgs/asurt_msgs
[14.702s] -- Installing: /media/ezzedinayman/Local Disk/FS-System/fs-system/install/asurt_msgs/include/asurt_msgs/asurt_msgs/msg
[14.702s] -- Installing: /media/ezzedinayman/Local Disk/FS-System/fs-system/install/asurt_msgs/include/asurt_msgs/asurt_msgs/msg/bounding_box.h
[14.702s] -- Installing: /media/ezzedinayman/Local Disk/FS-System/fs-system/install/asurt_msgs/include/asurt_msgs/asurt_msgs/msg/bounding_boxes.h
[14.702s] -- Installing: /media/ezzedinayman/Local Disk/FS-System/fs-system/install/asurt_msgs/include/asurt_msgs/asurt_msgs/msg/cone_img.h
[14.703s] -- Installing: /media/ezzedinayman/Local Disk/FS-System/fs-system/install/asurt_msgs/include/asurt_msgs/asurt_msgs/msg/cone_img_array.h
[14.703s] -- Installing: /media/ezzedinayman/Local Disk/FS-System/fs-system/install/asurt_msgs/include/asurt_msgs/asurt_msgs/msg/detail
[14.703s] -- Installing: /media/ezzedinayman/Local Disk/FS-System/fs-system/install/asurt_msgs/include/asurt_msgs/asurt_msgs/msg/detail/landmark_array__functions.c
[14.703s] -- Installing: /media/ezzedinayman/Local Disk/FS-System/fs-system/install/asurt_msgs/include/asurt_msgs/asurt_msgs/msg/detail/landmark_array__functions.h
[14.704s] -- Installing: /media/ezzedinayman/Local Disk/FS-System/fs-system/install/asurt_msgs/include/asurt_msgs/asurt_msgs/msg/detail/landmark_array__struct.h
[14.704s] -- Installing: /media/ezzedinayman/Local Disk/FS-System/fs-system/install/asurt_msgs/include/asurt_msgs/asurt_msgs/msg/detail/landmark_array__type_support.h
[14.704s] -- Installing: /media/ezzedinayman/Local Disk/FS-System/fs-system/install/asurt_msgs/include/asurt_msgs/asurt_msgs/msg/detail/landmark__functions.c
[14.704s] -- Installing: /media/ezzedinayman/Local Disk/FS-System/fs-system/install/asurt_msgs/include/asurt_msgs/asurt_msgs/msg/detail/landmark__functions.h
[14.705s] -- Installing: /media/ezzedinayman/Local Disk/FS-System/fs-system/install/asurt_msgs/include/asurt_msgs/asurt_msgs/msg/detail/landmark__struct.h
[14.705s] -- Installing: /media/ezzedinayman/Local Disk/FS-System/fs-system/install/asurt_msgs/include/asurt_msgs/asurt_msgs/msg/detail/landmark__type_support.h
[14.705s] -- Installing: /media/ezzedinayman/Local Disk/FS-System/fs-system/install/asurt_msgs/include/asurt_msgs/asurt_msgs/msg/detail/node_status__functions.c
[14.706s] -- Installing: /media/ezzedinayman/Local Disk/FS-System/fs-system/install/asurt_msgs/include/asurt_msgs/asurt_msgs/msg/detail/node_status__functions.h
[14.706s] -- Installing: /media/ezzedinayman/Local Disk/FS-System/fs-system/install/asurt_msgs/include/asurt_msgs/asurt_msgs/msg/detail/node_status__struct.h
[14.706s] -- Installing: /media/ezzedinayman/Local Disk/FS-System/fs-system/install/asurt_msgs/include/asurt_msgs/asurt_msgs/msg/detail/node_status__type_support.h
[14.706s] -- Installing: /media/ezzedinayman/Local Disk/FS-System/fs-system/install/asurt_msgs/include/asurt_msgs/asurt_msgs/msg/detail/roadstate__functions.c
[14.707s] -- Installing: /media/ezzedinayman/Local Disk/FS-System/fs-system/install/asurt_msgs/include/asurt_msgs/asurt_msgs/msg/detail/roadstate__functions.h
[14.707s] -- Installing: /media/ezzedinayman/Local Disk/FS-System/fs-system/install/asurt_msgs/include/asurt_msgs/asurt_msgs/msg/detail/roadstate__struct.h
[14.707s] -- Installing: /media/ezzedinayman/Local Disk/FS-System/fs-system/install/asurt_msgs/include/asurt_msgs/asurt_msgs/msg/detail/roadstate__type_support.h
[14.708s] -- Installing: /media/ezzedinayman/Local Disk/FS-System/fs-system/install/asurt_msgs/include/asurt_msgs/asurt_msgs/msg/detail/bounding_boxes__functions.c
[14.708s] -- Installing: /media/ezzedinayman/Local Disk/FS-System/fs-system/install/asurt_msgs/include/asurt_msgs/asurt_msgs/msg/detail/bounding_boxes__functions.h
[14.708s] -- Installing: /media/ezzedinayman/Local Disk/FS-System/fs-system/install/asurt_msgs/include/asurt_msgs/asurt_msgs/msg/detail/bounding_boxes__struct.h
[14.708s] -- Installing: /media/ezzedinayman/Local Disk/FS-System/fs-system/install/asurt_msgs/include/asurt_msgs/asurt_msgs/msg/detail/bounding_boxes__type_support.h
[14.709s] -- Installing: /media/ezzedinayman/Local Disk/FS-System/fs-system/install/asurt_msgs/include/asurt_msgs/asurt_msgs/msg/detail/bounding_box__functions.c
[14.709s] -- Installing: /media/ezzedinayman/Local Disk/FS-System/fs-system/install/asurt_msgs/include/asurt_msgs/asurt_msgs/msg/detail/bounding_box__functions.h
[14.709s] -- Installing: /media/ezzedinayman/Local Disk/FS-System/fs-system/install/asurt_msgs/include/asurt_msgs/asurt_msgs/msg/detail/bounding_box__struct.h
[14.709s] -- Installing: /media/ezzedinayman/Local Disk/FS-System/fs-system/install/asurt_msgs/include/asurt_msgs/asurt_msgs/msg/detail/bounding_box__type_support.h
[14.709s] -- Installing: /media/ezzedinayman/Local Disk/FS-System/fs-system/install/asurt_msgs/include/asurt_msgs/asurt_msgs/msg/detail/cone_img_array__functions.c
[14.710s] -- Installing: /media/ezzedinayman/Local Disk/FS-System/fs-system/install/asurt_msgs/include/asurt_msgs/asurt_msgs/msg/detail/cone_img_array__functions.h
[14.710s] -- Installing: /media/ezzedinayman/Local Disk/FS-System/fs-system/install/asurt_msgs/include/asurt_msgs/asurt_msgs/msg/detail/cone_img_array__struct.h
[14.710s] -- Installing: /media/ezzedinayman/Local Disk/FS-System/fs-system/install/asurt_msgs/include/asurt_msgs/asurt_msgs/msg/detail/cone_img_array__type_support.h
[14.711s] -- Installing: /media/ezzedinayman/Local Disk/FS-System/fs-system/install/asurt_msgs/include/asurt_msgs/asurt_msgs/msg/detail/cone_img__functions.c
[14.711s] -- Installing: /media/ezzedinayman/Local Disk/FS-System/fs-system/install/asurt_msgs/include/asurt_msgs/asurt_msgs/msg/detail/cone_img__functions.h
[14.711s] -- Installing: /media/ezzedinayman/Local Disk/FS-System/fs-system/install/asurt_msgs/include/asurt_msgs/asurt_msgs/msg/detail/cone_img__struct.h
[14.711s] -- Installing: /media/ezzedinayman/Local Disk/FS-System/fs-system/install/asurt_msgs/include/asurt_msgs/asurt_msgs/msg/detail/cone_img__type_support.h
[14.712s] -- Installing: /media/ezzedinayman/Local Disk/FS-System/fs-system/install/asurt_msgs/include/asurt_msgs/asurt_msgs/msg/detail/key_points__functions.c
[14.712s] -- Installing: /media/ezzedinayman/Local Disk/FS-System/fs-system/install/asurt_msgs/include/asurt_msgs/asurt_msgs/msg/detail/key_points__functions.h
[14.712s] -- Installing: /media/ezzedinayman/Local Disk/FS-System/fs-system/install/asurt_msgs/include/asurt_msgs/asurt_msgs/msg/detail/key_points__struct.h
[14.712s] -- Installing: /media/ezzedinayman/Local Disk/FS-System/fs-system/install/asurt_msgs/include/asurt_msgs/asurt_msgs/msg/detail/key_points__type_support.h
[14.713s] -- Installing: /media/ezzedinayman/Local Disk/FS-System/fs-system/install/asurt_msgs/include/asurt_msgs/asurt_msgs/msg/key_points.h
[14.713s] -- Installing: /media/ezzedinayman/Local Disk/FS-System/fs-system/install/asurt_msgs/include/asurt_msgs/asurt_msgs/msg/landmark.h
[14.713s] -- Installing: /media/ezzedinayman/Local Disk/FS-System/fs-system/install/asurt_msgs/include/asurt_msgs/asurt_msgs/msg/landmark_array.h
[14.713s] -- Installing: /media/ezzedinayman/Local Disk/FS-System/fs-system/install/asurt_msgs/include/asurt_msgs/asurt_msgs/msg/node_status.h
[14.714s] -- Installing: /media/ezzedinayman/Local Disk/FS-System/fs-system/install/asurt_msgs/include/asurt_msgs/asurt_msgs/msg/roadstate.h
[14.714s] -- Installing: /media/ezzedinayman/Local Disk/FS-System/fs-system/install/asurt_msgs/include/asurt_msgs/asurt_msgs/msg/rosidl_generator_c__visibility_control.h
[14.714s] -- Installing: /media/ezzedinayman/Local Disk/FS-System/fs-system/install/asurt_msgs/share/asurt_msgs/environment/library_path.sh
[14.715s] -- Installing: /media/ezzedinayman/Local Disk/FS-System/fs-system/install/asurt_msgs/share/asurt_msgs/environment/library_path.dsv
[14.715s] -- Installing: /media/ezzedinayman/Local Disk/FS-System/fs-system/install/asurt_msgs/lib/libasurt_msgs__rosidl_generator_c.so
[14.716s] -- Set runtime path of "/media/ezzedinayman/Local Disk/FS-System/fs-system/install/asurt_msgs/lib/libasurt_msgs__rosidl_generator_c.so" to ""
[14.716s] -- Up-to-date: /media/ezzedinayman/Local Disk/FS-System/fs-system/install/asurt_msgs/include/asurt_msgs/asurt_msgs
[14.716s] -- Up-to-date: /media/ezzedinayman/Local Disk/FS-System/fs-system/install/asurt_msgs/include/asurt_msgs/asurt_msgs/msg
[14.717s] -- Up-to-date: /media/ezzedinayman/Local Disk/FS-System/fs-system/install/asurt_msgs/include/asurt_msgs/asurt_msgs/msg/detail
[14.717s] -- Installing: /media/ezzedinayman/Local Disk/FS-System/fs-system/install/asurt_msgs/include/asurt_msgs/asurt_msgs/msg/detail/bounding_boxes__rosidl_typesupport_fastrtps_c.h
[14.717s] -- Installing: /media/ezzedinayman/Local Disk/FS-System/fs-system/install/asurt_msgs/include/asurt_msgs/asurt_msgs/msg/detail/bounding_box__rosidl_typesupport_fastrtps_c.h
[14.717s] -- Installing: /media/ezzedinayman/Local Disk/FS-System/fs-system/install/asurt_msgs/include/asurt_msgs/asurt_msgs/msg/detail/cone_img_array__rosidl_typesupport_fastrtps_c.h
[14.717s] -- Installing: /media/ezzedinayman/Local Disk/FS-System/fs-system/install/asurt_msgs/include/asurt_msgs/asurt_msgs/msg/detail/cone_img__rosidl_typesupport_fastrtps_c.h
[14.718s] -- Installing: /media/ezzedinayman/Local Disk/FS-System/fs-system/install/asurt_msgs/include/asurt_msgs/asurt_msgs/msg/detail/key_points__rosidl_typesupport_fastrtps_c.h
[14.718s] -- Installing: /media/ezzedinayman/Local Disk/FS-System/fs-system/install/asurt_msgs/include/asurt_msgs/asurt_msgs/msg/detail/landmark_array__rosidl_typesupport_fastrtps_c.h
[14.718s] -- Installing: /media/ezzedinayman/Local Disk/FS-System/fs-system/install/asurt_msgs/include/asurt_msgs/asurt_msgs/msg/detail/landmark__rosidl_typesupport_fastrtps_c.h
[14.718s] -- Installing: /media/ezzedinayman/Local Disk/FS-System/fs-system/install/asurt_msgs/include/asurt_msgs/asurt_msgs/msg/detail/node_status__rosidl_typesupport_fastrtps_c.h
[14.719s] -- Installing: /media/ezzedinayman/Local Disk/FS-System/fs-system/install/asurt_msgs/include/asurt_msgs/asurt_msgs/msg/detail/roadstate__rosidl_typesupport_fastrtps_c.h
[14.719s] -- Installing: /media/ezzedinayman/Local Disk/FS-System/fs-system/install/asurt_msgs/include/asurt_msgs/asurt_msgs/msg/rosidl_typesupport_fastrtps_c__visibility_control.h
[14.719s] -- Installing: /media/ezzedinayman/Local Disk/FS-System/fs-system/install/asurt_msgs/lib/libasurt_msgs__rosidl_typesupport_fastrtps_c.so
[14.720s] -- Set runtime path of "/media/ezzedinayman/Local Disk/FS-System/fs-system/install/asurt_msgs/lib/libasurt_msgs__rosidl_typesupport_fastrtps_c.so" to ""
[14.720s] -- Up-to-date: /media/ezzedinayman/Local Disk/FS-System/fs-system/install/asurt_msgs/include/asurt_msgs/asurt_msgs
[14.720s] -- Up-to-date: /media/ezzedinayman/Local Disk/FS-System/fs-system/install/asurt_msgs/include/asurt_msgs/asurt_msgs/msg
[14.720s] -- Installing: /media/ezzedinayman/Local Disk/FS-System/fs-system/install/asurt_msgs/include/asurt_msgs/asurt_msgs/msg/bounding_box.hpp
[14.721s] -- Installing: /media/ezzedinayman/Local Disk/FS-System/fs-system/install/asurt_msgs/include/asurt_msgs/asurt_msgs/msg/bounding_boxes.hpp
[14.721s] -- Installing: /media/ezzedinayman/Local Disk/FS-System/fs-system/install/asurt_msgs/include/asurt_msgs/asurt_msgs/msg/cone_img.hpp
[14.721s] -- Installing: /media/ezzedinayman/Local Disk/FS-System/fs-system/install/asurt_msgs/include/asurt_msgs/asurt_msgs/msg/cone_img_array.hpp
[14.721s] -- Up-to-date: /media/ezzedinayman/Local Disk/FS-System/fs-system/install/asurt_msgs/include/asurt_msgs/asurt_msgs/msg/detail
[14.721s] -- Installing: /media/ezzedinayman/Local Disk/FS-System/fs-system/install/asurt_msgs/include/asurt_msgs/asurt_msgs/msg/detail/bounding_boxes__builder.hpp
[14.722s] -- Installing: /media/ezzedinayman/Local Disk/FS-System/fs-system/install/asurt_msgs/include/asurt_msgs/asurt_msgs/msg/detail/bounding_boxes__struct.hpp
[14.722s] -- Installing: /media/ezzedinayman/Local Disk/FS-System/fs-system/install/asurt_msgs/include/asurt_msgs/asurt_msgs/msg/detail/bounding_boxes__traits.hpp
[14.722s] -- Installing: /media/ezzedinayman/Local Disk/FS-System/fs-system/install/asurt_msgs/include/asurt_msgs/asurt_msgs/msg/detail/bounding_box__builder.hpp
[14.722s] -- Installing: /media/ezzedinayman/Local Disk/FS-System/fs-system/install/asurt_msgs/include/asurt_msgs/asurt_msgs/msg/detail/bounding_box__struct.hpp
[14.723s] -- Installing: /media/ezzedinayman/Local Disk/FS-System/fs-system/install/asurt_msgs/include/asurt_msgs/asurt_msgs/msg/detail/bounding_box__traits.hpp
[14.723s] -- Installing: /media/ezzedinayman/Local Disk/FS-System/fs-system/install/asurt_msgs/include/asurt_msgs/asurt_msgs/msg/detail/cone_img_array__builder.hpp
[14.723s] -- Installing: /media/ezzedinayman/Local Disk/FS-System/fs-system/install/asurt_msgs/include/asurt_msgs/asurt_msgs/msg/detail/cone_img_array__struct.hpp
[14.723s] -- Installing: /media/ezzedinayman/Local Disk/FS-System/fs-system/install/asurt_msgs/include/asurt_msgs/asurt_msgs/msg/detail/cone_img_array__traits.hpp
[14.724s] -- Installing: /media/ezzedinayman/Local Disk/FS-System/fs-system/install/asurt_msgs/include/asurt_msgs/asurt_msgs/msg/detail/cone_img__builder.hpp
[14.724s] -- Installing: /media/ezzedinayman/Local Disk/FS-System/fs-system/install/asurt_msgs/include/asurt_msgs/asurt_msgs/msg/detail/cone_img__struct.hpp
[14.724s] -- Installing: /media/ezzedinayman/Local Disk/FS-System/fs-system/install/asurt_msgs/include/asurt_msgs/asurt_msgs/msg/detail/cone_img__traits.hpp
[14.724s] -- Installing: /media/ezzedinayman/Local Disk/FS-System/fs-system/install/asurt_msgs/include/asurt_msgs/asurt_msgs/msg/detail/key_points__builder.hpp
[14.724s] -- Installing: /media/ezzedinayman/Local Disk/FS-System/fs-system/install/asurt_msgs/include/asurt_msgs/asurt_msgs/msg/detail/key_points__struct.hpp
[14.725s] -- Installing: /media/ezzedinayman/Local Disk/FS-System/fs-system/install/asurt_msgs/include/asurt_msgs/asurt_msgs/msg/detail/key_points__traits.hpp
[14.725s] -- Installing: /media/ezzedinayman/Local Disk/FS-System/fs-system/install/asurt_msgs/include/asurt_msgs/asurt_msgs/msg/detail/landmark_array__builder.hpp
[14.725s] -- Installing: /media/ezzedinayman/Local Disk/FS-System/fs-system/install/asurt_msgs/include/asurt_msgs/asurt_msgs/msg/detail/landmark_array__struct.hpp
[14.725s] -- Installing: /media/ezzedinayman/Local Disk/FS-System/fs-system/install/asurt_msgs/include/asurt_msgs/asurt_msgs/msg/detail/landmark_array__traits.hpp
[14.725s] -- Installing: /media/ezzedinayman/Local Disk/FS-System/fs-system/install/asurt_msgs/include/asurt_msgs/asurt_msgs/msg/detail/landmark__builder.hpp
[14.726s] -- Installing: /media/ezzedinayman/Local Disk/FS-System/fs-system/install/asurt_msgs/include/asurt_msgs/asurt_msgs/msg/detail/landmark__struct.hpp
[14.726s] -- Installing: /media/ezzedinayman/Local Disk/FS-System/fs-system/install/asurt_msgs/include/asurt_msgs/asurt_msgs/msg/detail/landmark__traits.hpp
[14.726s] -- Installing: /media/ezzedinayman/Local Disk/FS-System/fs-system/install/asurt_msgs/include/asurt_msgs/asurt_msgs/msg/detail/node_status__builder.hpp
[14.726s] -- Installing: /media/ezzedinayman/Local Disk/FS-System/fs-system/install/asurt_msgs/include/asurt_msgs/asurt_msgs/msg/detail/node_status__struct.hpp
[14.726s] -- Installing: /media/ezzedinayman/Local Disk/FS-System/fs-system/install/asurt_msgs/include/asurt_msgs/asurt_msgs/msg/detail/node_status__traits.hpp
[14.727s] -- Installing: /media/ezzedinayman/Local Disk/FS-System/fs-system/install/asurt_msgs/include/asurt_msgs/asurt_msgs/msg/detail/roadstate__builder.hpp
[14.727s] -- Installing: /media/ezzedinayman/Local Disk/FS-System/fs-system/install/asurt_msgs/include/asurt_msgs/asurt_msgs/msg/detail/roadstate__struct.hpp
[14.727s] -- Installing: /media/ezzedinayman/Local Disk/FS-System/fs-system/install/asurt_msgs/include/asurt_msgs/asurt_msgs/msg/detail/roadstate__traits.hpp
[14.727s] -- Installing: /media/ezzedinayman/Local Disk/FS-System/fs-system/install/asurt_msgs/include/asurt_msgs/asurt_msgs/msg/key_points.hpp
[14.728s] -- Installing: /media/ezzedinayman/Local Disk/FS-System/fs-system/install/asurt_msgs/include/asurt_msgs/asurt_msgs/msg/landmark.hpp
[14.728s] -- Installing: /media/ezzedinayman/Local Disk/FS-System/fs-system/install/asurt_msgs/include/asurt_msgs/asurt_msgs/msg/landmark_array.hpp
[14.728s] -- Installing: /media/ezzedinayman/Local Disk/FS-System/fs-system/install/asurt_msgs/include/asurt_msgs/asurt_msgs/msg/node_status.hpp
[14.728s] -- Installing: /media/ezzedinayman/Local Disk/FS-System/fs-system/install/asurt_msgs/include/asurt_msgs/asurt_msgs/msg/roadstate.hpp
[14.728s] -- Up-to-date: /media/ezzedinayman/Local Disk/FS-System/fs-system/install/asurt_msgs/include/asurt_msgs/asurt_msgs
[14.729s] -- Up-to-date: /media/ezzedinayman/Local Disk/FS-System/fs-system/install/asurt_msgs/include/asurt_msgs/asurt_msgs/msg
[14.729s] -- Up-to-date: /media/ezzedinayman/Local Disk/FS-System/fs-system/install/asurt_msgs/include/asurt_msgs/asurt_msgs/msg/detail
[14.729s] -- Installing: /media/ezzedinayman/Local Disk/FS-System/fs-system/install/asurt_msgs/include/asurt_msgs/asurt_msgs/msg/detail/bounding_boxes__rosidl_typesupport_fastrtps_cpp.hpp
[14.729s] -- Installing: /media/ezzedinayman/Local Disk/FS-System/fs-system/install/asurt_msgs/include/asurt_msgs/asurt_msgs/msg/detail/bounding_box__rosidl_typesupport_fastrtps_cpp.hpp
[14.729s] -- Installing: /media/ezzedinayman/Local Disk/FS-System/fs-system/install/asurt_msgs/include/asurt_msgs/asurt_msgs/msg/detail/cone_img_array__rosidl_typesupport_fastrtps_cpp.hpp
[14.730s] -- Installing: /media/ezzedinayman/Local Disk/FS-System/fs-system/install/asurt_msgs/include/asurt_msgs/asurt_msgs/msg/detail/cone_img__rosidl_typesupport_fastrtps_cpp.hpp
[14.730s] -- Installing: /media/ezzedinayman/Local Disk/FS-System/fs-system/install/asurt_msgs/include/asurt_msgs/asurt_msgs/msg/detail/dds_fastrtps
[14.730s] -- Installing: /media/ezzedinayman/Local Disk/FS-System/fs-system/install/asurt_msgs/include/asurt_msgs/asurt_msgs/msg/detail/key_points__rosidl_typesupport_fastrtps_cpp.hpp
[14.730s] -- Installing: /media/ezzedinayman/Local Disk/FS-System/fs-system/install/asurt_msgs/include/asurt_msgs/asurt_msgs/msg/detail/landmark_array__rosidl_typesupport_fastrtps_cpp.hpp
[14.730s] -- Installing: /media/ezzedinayman/Local Disk/FS-System/fs-system/install/asurt_msgs/include/asurt_msgs/asurt_msgs/msg/detail/landmark__rosidl_typesupport_fastrtps_cpp.hpp
[14.731s] -- Installing: /media/ezzedinayman/Local Disk/FS-System/fs-system/install/asurt_msgs/include/asurt_msgs/asurt_msgs/msg/detail/node_status__rosidl_typesupport_fastrtps_cpp.hpp
[14.731s] -- Installing: /media/ezzedinayman/Local Disk/FS-System/fs-system/install/asurt_msgs/include/asurt_msgs/asurt_msgs/msg/detail/roadstate__rosidl_typesupport_fastrtps_cpp.hpp
[14.731s] -- Installing: /media/ezzedinayman/Local Disk/FS-System/fs-system/install/asurt_msgs/include/asurt_msgs/asurt_msgs/msg/rosidl_typesupport_fastrtps_cpp__visibility_control.h
[14.731s] -- Installing: /media/ezzedinayman/Local Disk/FS-System/fs-system/install/asurt_msgs/lib/libasurt_msgs__rosidl_typesupport_fastrtps_cpp.so
[14.732s] -- Set runtime path of "/media/ezzedinayman/Local Disk/FS-System/fs-system/install/asurt_msgs/lib/libasurt_msgs__rosidl_typesupport_fastrtps_cpp.so" to ""
[14.732s] -- Up-to-date: /media/ezzedinayman/Local Disk/FS-System/fs-system/install/asurt_msgs/include/asurt_msgs/asurt_msgs
[14.732s] -- Up-to-date: /media/ezzedinayman/Local Disk/FS-System/fs-system/install/asurt_msgs/include/asurt_msgs/asurt_msgs/msg
[14.733s] -- Up-to-date: /media/ezzedinayman/Local Disk/FS-System/fs-system/install/asurt_msgs/include/asurt_msgs/asurt_msgs/msg/detail
[14.733s] -- Installing: /media/ezzedinayman/Local Disk/FS-System/fs-system/install/asurt_msgs/include/asurt_msgs/asurt_msgs/msg/detail/bounding_boxes__rosidl_typesupport_introspection_c.h
[14.733s] -- Installing: /media/ezzedinayman/Local Disk/FS-System/fs-system/install/asurt_msgs/include/asurt_msgs/asurt_msgs/msg/detail/bounding_boxes__type_support.c
[14.733s] -- Installing: /media/ezzedinayman/Local Disk/FS-System/fs-system/install/asurt_msgs/include/asurt_msgs/asurt_msgs/msg/detail/bounding_box__rosidl_typesupport_introspection_c.h
[14.733s] -- Installing: /media/ezzedinayman/Local Disk/FS-System/fs-system/install/asurt_msgs/include/asurt_msgs/asurt_msgs/msg/detail/bounding_box__type_support.c
[14.733s] -- Installing: /media/ezzedinayman/Local Disk/FS-System/fs-system/install/asurt_msgs/include/asurt_msgs/asurt_msgs/msg/detail/cone_img_array__rosidl_typesupport_introspection_c.h
[14.734s] -- Installing: /media/ezzedinayman/Local Disk/FS-System/fs-system/install/asurt_msgs/include/asurt_msgs/asurt_msgs/msg/detail/cone_img_array__type_support.c
[14.734s] -- Installing: /media/ezzedinayman/Local Disk/FS-System/fs-system/install/asurt_msgs/include/asurt_msgs/asurt_msgs/msg/detail/cone_img__rosidl_typesupport_introspection_c.h
[14.734s] -- Installing: /media/ezzedinayman/Local Disk/FS-System/fs-system/install/asurt_msgs/include/asurt_msgs/asurt_msgs/msg/detail/cone_img__type_support.c
[14.734s] -- Installing: /media/ezzedinayman/Local Disk/FS-System/fs-system/install/asurt_msgs/include/asurt_msgs/asurt_msgs/msg/detail/key_points__rosidl_typesupport_introspection_c.h
[14.734s] -- Installing: /media/ezzedinayman/Local Disk/FS-System/fs-system/install/asurt_msgs/include/asurt_msgs/asurt_msgs/msg/detail/key_points__type_support.c
[14.735s] -- Installing: /media/ezzedinayman/Local Disk/FS-System/fs-system/install/asurt_msgs/include/asurt_msgs/asurt_msgs/msg/detail/landmark_array__rosidl_typesupport_introspection_c.h
[14.735s] -- Installing: /media/ezzedinayman/Local Disk/FS-System/fs-system/install/asurt_msgs/include/asurt_msgs/asurt_msgs/msg/detail/landmark_array__type_support.c
[14.735s] -- Installing: /media/ezzedinayman/Local Disk/FS-System/fs-system/install/asurt_msgs/include/asurt_msgs/asurt_msgs/msg/detail/landmark__rosidl_typesupport_introspection_c.h
[14.735s] -- Installing: /media/ezzedinayman/Local Disk/FS-System/fs-system/install/asurt_msgs/include/asurt_msgs/asurt_msgs/msg/detail/landmark__type_support.c
[14.736s] -- Installing: /media/ezzedinayman/Local Disk/FS-System/fs-system/install/asurt_msgs/include/asurt_msgs/asurt_msgs/msg/detail/node_status__rosidl_typesupport_introspection_c.h
[14.736s] -- Installing: /media/ezzedinayman/Local Disk/FS-System/fs-system/install/asurt_msgs/include/asurt_msgs/asurt_msgs/msg/detail/node_status__type_support.c
[14.736s] -- Installing: /media/ezzedinayman/Local Disk/FS-System/fs-system/install/asurt_msgs/include/asurt_msgs/asurt_msgs/msg/detail/roadstate__rosidl_typesupport_introspection_c.h
[14.736s] -- Installing: /media/ezzedinayman/Local Disk/FS-System/fs-system/install/asurt_msgs/include/asurt_msgs/asurt_msgs/msg/detail/roadstate__type_support.c
[14.737s] -- Installing: /media/ezzedinayman/Local Disk/FS-System/fs-system/install/asurt_msgs/include/asurt_msgs/asurt_msgs/msg/rosidl_typesupport_introspection_c__visibility_control.h
[14.737s] -- Installing: /media/ezzedinayman/Local Disk/FS-System/fs-system/install/asurt_msgs/lib/libasurt_msgs__rosidl_typesupport_introspection_c.so
[14.738s] -- Set runtime path of "/media/ezzedinayman/Local Disk/FS-System/fs-system/install/asurt_msgs/lib/libasurt_msgs__rosidl_typesupport_introspection_c.so" to ""
[14.738s] -- Installing: /media/ezzedinayman/Local Disk/FS-System/fs-system/install/asurt_msgs/lib/libasurt_msgs__rosidl_typesupport_c.so
[14.738s] -- Set runtime path of "/media/ezzedinayman/Local Disk/FS-System/fs-system/install/asurt_msgs/lib/libasurt_msgs__rosidl_typesupport_c.so" to ""
[14.739s] -- Up-to-date: /media/ezzedinayman/Local Disk/FS-System/fs-system/install/asurt_msgs/include/asurt_msgs/asurt_msgs
[14.739s] -- Up-to-date: /media/ezzedinayman/Local Disk/FS-System/fs-system/install/asurt_msgs/include/asurt_msgs/asurt_msgs/msg
[14.739s] -- Up-to-date: /media/ezzedinayman/Local Disk/FS-System/fs-system/install/asurt_msgs/include/asurt_msgs/asurt_msgs/msg/detail
[14.739s] -- Installing: /media/ezzedinayman/Local Disk/FS-System/fs-system/install/asurt_msgs/include/asurt_msgs/asurt_msgs/msg/detail/bounding_boxes__rosidl_typesupport_introspection_cpp.hpp
[14.739s] -- Installing: /media/ezzedinayman/Local Disk/FS-System/fs-system/install/asurt_msgs/include/asurt_msgs/asurt_msgs/msg/detail/bounding_boxes__type_support.cpp
[14.740s] -- Installing: /media/ezzedinayman/Local Disk/FS-System/fs-system/install/asurt_msgs/include/asurt_msgs/asurt_msgs/msg/detail/bounding_box__rosidl_typesupport_introspection_cpp.hpp
[14.740s] -- Installing: /media/ezzedinayman/Local Disk/FS-System/fs-system/install/asurt_msgs/include/asurt_msgs/asurt_msgs/msg/detail/bounding_box__type_support.cpp
[14.740s] -- Installing: /media/ezzedinayman/Local Disk/FS-System/fs-system/install/asurt_msgs/include/asurt_msgs/asurt_msgs/msg/detail/cone_img_array__rosidl_typesupport_introspection_cpp.hpp
[14.740s] -- Installing: /media/ezzedinayman/Local Disk/FS-System/fs-system/install/asurt_msgs/include/asurt_msgs/asurt_msgs/msg/detail/cone_img_array__type_support.cpp
[14.740s] -- Installing: /media/ezzedinayman/Local Disk/FS-System/fs-system/install/asurt_msgs/include/asurt_msgs/asurt_msgs/msg/detail/cone_img__rosidl_typesupport_introspection_cpp.hpp
[14.741s] -- Installing: /media/ezzedinayman/Local Disk/FS-System/fs-system/install/asurt_msgs/include/asurt_msgs/asurt_msgs/msg/detail/cone_img__type_support.cpp
[14.741s] -- Installing: /media/ezzedinayman/Local Disk/FS-System/fs-system/install/asurt_msgs/include/asurt_msgs/asurt_msgs/msg/detail/key_points__rosidl_typesupport_introspection_cpp.hpp
[14.741s] -- Installing: /media/ezzedinayman/Local Disk/FS-System/fs-system/install/asurt_msgs/include/asurt_msgs/asurt_msgs/msg/detail/key_points__type_support.cpp
[14.741s] -- Installing: /media/ezzedinayman/Local Disk/FS-System/fs-system/install/asurt_msgs/include/asurt_msgs/asurt_msgs/msg/detail/landmark_array__rosidl_typesupport_introspection_cpp.hpp
[14.741s] -- Installing: /media/ezzedinayman/Local Disk/FS-System/fs-system/install/asurt_msgs/include/asurt_msgs/asurt_msgs/msg/detail/landmark_array__type_support.cpp
[14.742s] -- Installing: /media/ezzedinayman/Local Disk/FS-System/fs-system/install/asurt_msgs/include/asurt_msgs/asurt_msgs/msg/detail/landmark__rosidl_typesupport_introspection_cpp.hpp
[14.742s] -- Installing: /media/ezzedinayman/Local Disk/FS-System/fs-system/install/asurt_msgs/include/asurt_msgs/asurt_msgs/msg/detail/landmark__type_support.cpp
[14.742s] -- Installing: /media/ezzedinayman/Local Disk/FS-System/fs-system/install/asurt_msgs/include/asurt_msgs/asurt_msgs/msg/detail/node_status__rosidl_typesupport_introspection_cpp.hpp
[14.742s] -- Installing: /media/ezzedinayman/Local Disk/FS-System/fs-system/install/asurt_msgs/include/asurt_msgs/asurt_msgs/msg/detail/node_status__type_support.cpp
[14.742s] -- Installing: /media/ezzedinayman/Local Disk/FS-System/fs-system/install/asurt_msgs/include/asurt_msgs/asurt_msgs/msg/detail/roadstate__rosidl_typesupport_introspection_cpp.hpp
[14.742s] -- Installing: /media/ezzedinayman/Local Disk/FS-System/fs-system/install/asurt_msgs/include/asurt_msgs/asurt_msgs/msg/detail/roadstate__type_support.cpp
[14.743s] -- Installing: /media/ezzedinayman/Local Disk/FS-System/fs-system/install/asurt_msgs/lib/libasurt_msgs__rosidl_typesupport_introspection_cpp.so
[14.744s] -- Set runtime path of "/media/ezzedinayman/Local Disk/FS-System/fs-system/install/asurt_msgs/lib/libasurt_msgs__rosidl_typesupport_introspection_cpp.so" to ""
[14.744s] -- Installing: /media/ezzedinayman/Local Disk/FS-System/fs-system/install/asurt_msgs/lib/libasurt_msgs__rosidl_typesupport_cpp.so
[14.744s] -- Set runtime path of "/media/ezzedinayman/Local Disk/FS-System/fs-system/install/asurt_msgs/lib/libasurt_msgs__rosidl_typesupport_cpp.so" to ""
[14.745s] -- Installing: /media/ezzedinayman/Local Disk/FS-System/fs-system/install/asurt_msgs/share/asurt_msgs/environment/pythonpath.sh
[14.745s] -- Installing: /media/ezzedinayman/Local Disk/FS-System/fs-system/install/asurt_msgs/share/asurt_msgs/environment/pythonpath.dsv
[14.745s] -- Installing: /media/ezzedinayman/Local Disk/FS-System/fs-system/install/asurt_msgs/local/lib/python3.10/dist-packages/asurt_msgs-2.0.0-py3.10.egg-info
[14.745s] -- Installing: /media/ezzedinayman/Local Disk/FS-System/fs-system/install/asurt_msgs/local/lib/python3.10/dist-packages/asurt_msgs-2.0.0-py3.10.egg-info/dependency_links.txt
[14.746s] -- Installing: /media/ezzedinayman/Local Disk/FS-System/fs-system/install/asurt_msgs/local/lib/python3.10/dist-packages/asurt_msgs-2.0.0-py3.10.egg-info/PKG-INFO
[14.746s] -- Installing: /media/ezzedinayman/Local Disk/FS-System/fs-system/install/asurt_msgs/local/lib/python3.10/dist-packages/asurt_msgs-2.0.0-py3.10.egg-info/SOURCES.txt
[14.746s] -- Installing: /media/ezzedinayman/Local Disk/FS-System/fs-system/install/asurt_msgs/local/lib/python3.10/dist-packages/asurt_msgs-2.0.0-py3.10.egg-info/top_level.txt
[14.746s] -- Installing: /media/ezzedinayman/Local Disk/FS-System/fs-system/install/asurt_msgs/local/lib/python3.10/dist-packages/asurt_msgs
[14.746s] -- Installing: /media/ezzedinayman/Local Disk/FS-System/fs-system/install/asurt_msgs/local/lib/python3.10/dist-packages/asurt_msgs/asurt_msgs_s__rosidl_typesupport_c.cpython-310-x86_64-linux-gnu.so
[14.747s] -- Installing: /media/ezzedinayman/Local Disk/FS-System/fs-system/install/asurt_msgs/local/lib/python3.10/dist-packages/asurt_msgs/asurt_msgs_s__rosidl_typesupport_fastrtps_c.cpython-310-x86_64-linux-gnu.so
[14.747s] -- Installing: /media/ezzedinayman/Local Disk/FS-System/fs-system/install/asurt_msgs/local/lib/python3.10/dist-packages/asurt_msgs/asurt_msgs_s__rosidl_typesupport_introspection_c.cpython-310-x86_64-linux-gnu.so
[14.747s] -- Installing: /media/ezzedinayman/Local Disk/FS-System/fs-system/install/asurt_msgs/local/lib/python3.10/dist-packages/asurt_msgs/libasurt_msgs__rosidl_generator_py.so
[14.748s] -- Installing: /media/ezzedinayman/Local Disk/FS-System/fs-system/install/asurt_msgs/local/lib/python3.10/dist-packages/asurt_msgs/msg
[14.748s] -- Installing: /media/ezzedinayman/Local Disk/FS-System/fs-system/install/asurt_msgs/local/lib/python3.10/dist-packages/asurt_msgs/msg/_bounding_box.py
[14.748s] -- Installing: /media/ezzedinayman/Local Disk/FS-System/fs-system/install/asurt_msgs/local/lib/python3.10/dist-packages/asurt_msgs/msg/_bounding_boxes.py
[14.748s] -- Installing: /media/ezzedinayman/Local Disk/FS-System/fs-system/install/asurt_msgs/local/lib/python3.10/dist-packages/asurt_msgs/msg/_bounding_boxes_s.c
[14.748s] -- Installing: /media/ezzedinayman/Local Disk/FS-System/fs-system/install/asurt_msgs/local/lib/python3.10/dist-packages/asurt_msgs/msg/_bounding_box_s.c
[14.749s] -- Installing: /media/ezzedinayman/Local Disk/FS-System/fs-system/install/asurt_msgs/local/lib/python3.10/dist-packages/asurt_msgs/msg/_cone_img.py
[14.749s] -- Installing: /media/ezzedinayman/Local Disk/FS-System/fs-system/install/asurt_msgs/local/lib/python3.10/dist-packages/asurt_msgs/msg/_cone_img_array.py
[14.749s] -- Installing: /media/ezzedinayman/Local Disk/FS-System/fs-system/install/asurt_msgs/local/lib/python3.10/dist-packages/asurt_msgs/msg/_cone_img_array_s.c
[14.749s] -- Installing: /media/ezzedinayman/Local Disk/FS-System/fs-system/install/asurt_msgs/local/lib/python3.10/dist-packages/asurt_msgs/msg/_cone_img_s.c
[14.750s] -- Installing: /media/ezzedinayman/Local Disk/FS-System/fs-system/install/asurt_msgs/local/lib/python3.10/dist-packages/asurt_msgs/msg/_key_points.py
[14.750s] -- Installing: /media/ezzedinayman/Local Disk/FS-System/fs-system/install/asurt_msgs/local/lib/python3.10/dist-packages/asurt_msgs/msg/_key_points_s.c
[14.750s] -- Installing: /media/ezzedinayman/Local Disk/FS-System/fs-system/install/asurt_msgs/local/lib/python3.10/dist-packages/asurt_msgs/msg/_landmark.py
[14.750s] -- Installing: /media/ezzedinayman/Local Disk/FS-System/fs-system/install/asurt_msgs/local/lib/python3.10/dist-packages/asurt_msgs/msg/_landmark_array.py
[14.751s] -- Installing: /media/ezzedinayman/Local Disk/FS-System/fs-system/install/asurt_msgs/local/lib/python3.10/dist-packages/asurt_msgs/msg/_landmark_array_s.c
[14.751s] -- Installing: /media/ezzedinayman/Local Disk/FS-System/fs-system/install/asurt_msgs/local/lib/python3.10/dist-packages/asurt_msgs/msg/_landmark_s.c
[14.751s] -- Installing: /media/ezzedinayman/Local Disk/FS-System/fs-system/install/asurt_msgs/local/lib/python3.10/dist-packages/asurt_msgs/msg/_node_status.py
[14.752s] -- Installing: /media/ezzedinayman/Local Disk/FS-System/fs-system/install/asurt_msgs/local/lib/python3.10/dist-packages/asurt_msgs/msg/_node_status_s.c
[14.752s] -- Installing: /media/ezzedinayman/Local Disk/FS-System/fs-system/install/asurt_msgs/local/lib/python3.10/dist-packages/asurt_msgs/msg/_roadstate.py
[14.752s] -- Installing: /media/ezzedinayman/Local Disk/FS-System/fs-system/install/asurt_msgs/local/lib/python3.10/dist-packages/asurt_msgs/msg/_roadstate_s.c
[14.753s] -- Installing: /media/ezzedinayman/Local Disk/FS-System/fs-system/install/asurt_msgs/local/lib/python3.10/dist-packages/asurt_msgs/msg/__init__.py
[14.753s] -- Installing: /media/ezzedinayman/Local Disk/FS-System/fs-system/install/asurt_msgs/local/lib/python3.10/dist-packages/asurt_msgs/_asurt_msgs_s.ep.rosidl_typesupport_c.c
[14.753s] -- Installing: /media/ezzedinayman/Local Disk/FS-System/fs-system/install/asurt_msgs/local/lib/python3.10/dist-packages/asurt_msgs/_asurt_msgs_s.ep.rosidl_typesupport_fastrtps_c.c
[14.754s] -- Installing: /media/ezzedinayman/Local Disk/FS-System/fs-system/install/asurt_msgs/local/lib/python3.10/dist-packages/asurt_msgs/_asurt_msgs_s.ep.rosidl_typesupport_introspection_c.c
[14.754s] -- Installing: /media/ezzedinayman/Local Disk/FS-System/fs-system/install/asurt_msgs/local/lib/python3.10/dist-packages/asurt_msgs/__init__.py
[14.828s] Listing '/media/ezzedinayman/Local Disk/FS-System/fs-system/install/asurt_msgs/local/lib/python3.10/dist-packages/asurt_msgs'...
[14.828s] Compiling '/media/ezzedinayman/Local Disk/FS-System/fs-system/install/asurt_msgs/local/lib/python3.10/dist-packages/asurt_msgs/__init__.py'...
[14.829s] Listing '/media/ezzedinayman/Local Disk/FS-System/fs-system/install/asurt_msgs/local/lib/python3.10/dist-packages/asurt_msgs/msg'...
[14.829s] Compiling '/media/ezzedinayman/Local Disk/FS-System/fs-system/install/asurt_msgs/local/lib/python3.10/dist-packages/asurt_msgs/msg/__init__.py'...
[14.829s] Compiling '/media/ezzedinayman/Local Disk/FS-System/fs-system/install/asurt_msgs/local/lib/python3.10/dist-packages/asurt_msgs/msg/_bounding_box.py'...
[14.829s] Compiling '/media/ezzedinayman/Local Disk/FS-System/fs-system/install/asurt_msgs/local/lib/python3.10/dist-packages/asurt_msgs/msg/_bounding_boxes.py'...
[14.829s] Compiling '/media/ezzedinayman/Local Disk/FS-System/fs-system/install/asurt_msgs/local/lib/python3.10/dist-packages/asurt_msgs/msg/_cone_img.py'...
[14.829s] Compiling '/media/ezzedinayman/Local Disk/FS-System/fs-system/install/asurt_msgs/local/lib/python3.10/dist-packages/asurt_msgs/msg/_cone_img_array.py'...
[14.829s] Compiling '/media/ezzedinayman/Local Disk/FS-System/fs-system/install/asurt_msgs/local/lib/python3.10/dist-packages/asurt_msgs/msg/_key_points.py'...
[14.830s] Compiling '/media/ezzedinayman/Local Disk/FS-System/fs-system/install/asurt_msgs/local/lib/python3.10/dist-packages/asurt_msgs/msg/_landmark.py'...
[14.830s] Compiling '/media/ezzedinayman/Local Disk/FS-System/fs-system/install/asurt_msgs/local/lib/python3.10/dist-packages/asurt_msgs/msg/_landmark_array.py'...
[14.830s] Compiling '/media/ezzedinayman/Local Disk/FS-System/fs-system/install/asurt_msgs/local/lib/python3.10/dist-packages/asurt_msgs/msg/_node_status.py'...
[14.830s] Compiling '/media/ezzedinayman/Local Disk/FS-System/fs-system/install/asurt_msgs/local/lib/python3.10/dist-packages/asurt_msgs/msg/_roadstate.py'...
[14.836s] -- Installing: /media/ezzedinayman/Local Disk/FS-System/fs-system/install/asurt_msgs/local/lib/python3.10/dist-packages/asurt_msgs/asurt_msgs_s__rosidl_typesupport_fastrtps_c.cpython-310-x86_64-linux-gnu.so
[14.837s] -- Set runtime path of "/media/ezzedinayman/Local Disk/FS-System/fs-system/install/asurt_msgs/local/lib/python3.10/dist-packages/asurt_msgs/asurt_msgs_s__rosidl_typesupport_fastrtps_c.cpython-310-x86_64-linux-gnu.so" to ""
[14.837s] -- Installing: /media/ezzedinayman/Local Disk/FS-System/fs-system/install/asurt_msgs/local/lib/python3.10/dist-packages/asurt_msgs/asurt_msgs_s__rosidl_typesupport_introspection_c.cpython-310-x86_64-linux-gnu.so
[14.837s] -- Set runtime path of "/media/ezzedinayman/Local Disk/FS-System/fs-system/install/asurt_msgs/local/lib/python3.10/dist-packages/asurt_msgs/asurt_msgs_s__rosidl_typesupport_introspection_c.cpython-310-x86_64-linux-gnu.so" to ""
[14.838s] -- Installing: /media/ezzedinayman/Local Disk/FS-System/fs-system/install/asurt_msgs/local/lib/python3.10/dist-packages/asurt_msgs/asurt_msgs_s__rosidl_typesupport_c.cpython-310-x86_64-linux-gnu.so
[14.838s] -- Set runtime path of "/media/ezzedinayman/Local Disk/FS-System/fs-system/install/asurt_msgs/local/lib/python3.10/dist-packages/asurt_msgs/asurt_msgs_s__rosidl_typesupport_c.cpython-310-x86_64-linux-gnu.so" to ""
[14.839s] -- Installing: /media/ezzedinayman/Local Disk/FS-System/fs-system/install/asurt_msgs/lib/libasurt_msgs__rosidl_generator_py.so
[14.839s] -- Set runtime path of "/media/ezzedinayman/Local Disk/FS-System/fs-system/install/asurt_msgs/lib/libasurt_msgs__rosidl_generator_py.so" to ""
[14.840s] -- Installing: /media/ezzedinayman/Local Disk/FS-System/fs-system/install/asurt_msgs/share/asurt_msgs/msg/Landmark.idl
[14.840s] -- Installing: /media/ezzedinayman/Local Disk/FS-System/fs-system/install/asurt_msgs/share/asurt_msgs/msg/LandmarkArray.idl
[14.840s] -- Installing: /media/ezzedinayman/Local Disk/FS-System/fs-system/install/asurt_msgs/share/asurt_msgs/msg/NodeStatus.idl
[14.840s] -- Installing: /media/ezzedinayman/Local Disk/FS-System/fs-system/install/asurt_msgs/share/asurt_msgs/msg/Roadstate.idl
[14.841s] -- Installing: /media/ezzedinayman/Local Disk/FS-System/fs-system/install/asurt_msgs/share/asurt_msgs/msg/BoundingBox.idl
[14.841s] -- Installing: /media/ezzedinayman/Local Disk/FS-System/fs-system/install/asurt_msgs/share/asurt_msgs/msg/BoundingBoxes.idl
[14.841s] -- Installing: /media/ezzedinayman/Local Disk/FS-System/fs-system/install/asurt_msgs/share/asurt_msgs/msg/ConeImg.idl
[14.842s] -- Installing: /media/ezzedinayman/Local Disk/FS-System/fs-system/install/asurt_msgs/share/asurt_msgs/msg/ConeImgArray.idl
[14.842s] -- Installing: /media/ezzedinayman/Local Disk/FS-System/fs-system/install/asurt_msgs/share/asurt_msgs/msg/KeyPoints.idl
[14.842s] -- Installing: /media/ezzedinayman/Local Disk/FS-System/fs-system/install/asurt_msgs/share/asurt_msgs/msg/Landmark.msg
[14.843s] -- Installing: /media/ezzedinayman/Local Disk/FS-System/fs-system/install/asurt_msgs/share/asurt_msgs/msg/LandmarkArray.msg
[14.843s] -- Installing: /media/ezzedinayman/Local Disk/FS-System/fs-system/install/asurt_msgs/share/asurt_msgs/msg/NodeStatus.msg
[14.844s] -- Installing: /media/ezzedinayman/Local Disk/FS-System/fs-system/install/asurt_msgs/share/asurt_msgs/msg/Roadstate.msg
[14.844s] -- Installing: /media/ezzedinayman/Local Disk/FS-System/fs-system/install/asurt_msgs/share/asurt_msgs/msg/BoundingBox.msg
[14.844s] -- Installing: /media/ezzedinayman/Local Disk/FS-System/fs-system/install/asurt_msgs/share/asurt_msgs/msg/BoundingBoxes.msg
[14.844s] -- Installing: /media/ezzedinayman/Local Disk/FS-System/fs-system/install/asurt_msgs/share/asurt_msgs/msg/ConeImg.msg
[14.845s] -- Installing: /media/ezzedinayman/Local Disk/FS-System/fs-system/install/asurt_msgs/share/asurt_msgs/msg/ConeImgArray.msg
[14.845s] -- Installing: /media/ezzedinayman/Local Disk/FS-System/fs-system/install/asurt_msgs/share/asurt_msgs/msg/KeyPoints.msg
[14.845s] -- Installing: /media/ezzedinayman/Local Disk/FS-System/fs-system/install/asurt_msgs/share/ament_index/resource_index/package_run_dependencies/asurt_msgs
[14.846s] -- Installing: /media/ezzedinayman/Local Disk/FS-System/fs-system/install/asurt_msgs/share/ament_index/resource_index/parent_prefix_path/asurt_msgs
[14.846s] -- Installing: /media/ezzedinayman/Local Disk/FS-System/fs-system/install/asurt_msgs/share/asurt_msgs/environment/ament_prefix_path.sh
[14.846s] -- Installing: /media/ezzedinayman/Local Disk/FS-System/fs-system/install/asurt_msgs/share/asurt_msgs/environment/ament_prefix_path.dsv
[14.847s] -- Installing: /media/ezzedinayman/Local Disk/FS-System/fs-system/install/asurt_msgs/share/asurt_msgs/environment/path.sh
[14.847s] -- Installing: /media/ezzedinayman/Local Disk/FS-System/fs-system/install/asurt_msgs/share/asurt_msgs/environment/path.dsv
[14.847s] -- Installing: /media/ezzedinayman/Local Disk/FS-System/fs-system/install/asurt_msgs/share/asurt_msgs/local_setup.bash
[14.848s] -- Installing: /media/ezzedinayman/Local Disk/FS-System/fs-system/install/asurt_msgs/share/asurt_msgs/local_setup.sh
[14.848s] -- Installing: /media/ezzedinayman/Local Disk/FS-System/fs-system/install/asurt_msgs/share/asurt_msgs/local_setup.zsh
[14.848s] -- Installing: /media/ezzedinayman/Local Disk/FS-System/fs-system/install/asurt_msgs/share/asurt_msgs/local_setup.dsv
[14.848s] -- Installing: /media/ezzedinayman/Local Disk/FS-System/fs-system/install/asurt_msgs/share/asurt_msgs/package.dsv
[14.849s] -- Installing: /media/ezzedinayman/Local Disk/FS-System/fs-system/install/asurt_msgs/share/ament_index/resource_index/packages/asurt_msgs
[14.849s] -- Installing: /media/ezzedinayman/Local Disk/FS-System/fs-system/install/asurt_msgs/share/asurt_msgs/cmake/export_asurt_msgs__rosidl_generator_cExport.cmake
[14.850s] -- Installing: /media/ezzedinayman/Local Disk/FS-System/fs-system/install/asurt_msgs/share/asurt_msgs/cmake/export_asurt_msgs__rosidl_generator_cExport-noconfig.cmake
[14.850s] -- Installing: /media/ezzedinayman/Local Disk/FS-System/fs-system/install/asurt_msgs/share/asurt_msgs/cmake/export_asurt_msgs__rosidl_typesupport_fastrtps_cExport.cmake
[14.851s] -- Installing: /media/ezzedinayman/Local Disk/FS-System/fs-system/install/asurt_msgs/share/asurt_msgs/cmake/export_asurt_msgs__rosidl_typesupport_fastrtps_cExport-noconfig.cmake
[14.851s] -- Installing: /media/ezzedinayman/Local Disk/FS-System/fs-system/install/asurt_msgs/share/asurt_msgs/cmake/export_asurt_msgs__rosidl_generator_cppExport.cmake
[14.851s] -- Installing: /media/ezzedinayman/Local Disk/FS-System/fs-system/install/asurt_msgs/share/asurt_msgs/cmake/export_asurt_msgs__rosidl_typesupport_fastrtps_cppExport.cmake
[14.852s] -- Installing: /media/ezzedinayman/Local Disk/FS-System/fs-system/install/asurt_msgs/share/asurt_msgs/cmake/export_asurt_msgs__rosidl_typesupport_fastrtps_cppExport-noconfig.cmake
[14.852s] -- Installing: /media/ezzedinayman/Local Disk/FS-System/fs-system/install/asurt_msgs/share/asurt_msgs/cmake/asurt_msgs__rosidl_typesupport_introspection_cExport.cmake
[14.852s] -- Installing: /media/ezzedinayman/Local Disk/FS-System/fs-system/install/asurt_msgs/share/asurt_msgs/cmake/asurt_msgs__rosidl_typesupport_introspection_cExport-noconfig.cmake
[14.853s] -- Installing: /media/ezzedinayman/Local Disk/FS-System/fs-system/install/asurt_msgs/share/asurt_msgs/cmake/asurt_msgs__rosidl_typesupport_cExport.cmake
[14.853s] -- Installing: /media/ezzedinayman/Local Disk/FS-System/fs-system/install/asurt_msgs/share/asurt_msgs/cmake/asurt_msgs__rosidl_typesupport_cExport-noconfig.cmake
[14.853s] -- Installing: /media/ezzedinayman/Local Disk/FS-System/fs-system/install/asurt_msgs/share/asurt_msgs/cmake/asurt_msgs__rosidl_typesupport_introspection_cppExport.cmake
[14.854s] -- Installing: /media/ezzedinayman/Local Disk/FS-System/fs-system/install/asurt_msgs/share/asurt_msgs/cmake/asurt_msgs__rosidl_typesupport_introspection_cppExport-noconfig.cmake
[14.854s] -- Installing: /media/ezzedinayman/Local Disk/FS-System/fs-system/install/asurt_msgs/share/asurt_msgs/cmake/asurt_msgs__rosidl_typesupport_cppExport.cmake
[14.854s] -- Installing: /media/ezzedinayman/Local Disk/FS-System/fs-system/install/asurt_msgs/share/asurt_msgs/cmake/asurt_msgs__rosidl_typesupport_cppExport-noconfig.cmake
[14.855s] -- Installing: /media/ezzedinayman/Local Disk/FS-System/fs-system/install/asurt_msgs/share/asurt_msgs/cmake/export_asurt_msgs__rosidl_generator_pyExport.cmake
[14.855s] -- Installing: /media/ezzedinayman/Local Disk/FS-System/fs-system/install/asurt_msgs/share/asurt_msgs/cmake/export_asurt_msgs__rosidl_generator_pyExport-noconfig.cmake
[14.855s] -- Installing: /media/ezzedinayman/Local Disk/FS-System/fs-system/install/asurt_msgs/share/asurt_msgs/cmake/rosidl_cmake-extras.cmake
[14.856s] -- Installing: /media/ezzedinayman/Local Disk/FS-System/fs-system/install/asurt_msgs/share/asurt_msgs/cmake/ament_cmake_export_dependencies-extras.cmake
[14.856s] -- Installing: /media/ezzedinayman/Local Disk/FS-System/fs-system/install/asurt_msgs/share/asurt_msgs/cmake/ament_cmake_export_include_directories-extras.cmake
[14.856s] -- Installing: /media/ezzedinayman/Local Disk/FS-System/fs-system/install/asurt_msgs/share/asurt_msgs/cmake/ament_cmake_export_libraries-extras.cmake
[14.857s] -- Installing: /media/ezzedinayman/Local Disk/FS-System/fs-system/install/asurt_msgs/share/asurt_msgs/cmake/ament_cmake_export_targets-extras.cmake
[14.857s] -- Installing: /media/ezzedinayman/Local Disk/FS-System/fs-system/install/asurt_msgs/share/asurt_msgs/cmake/rosidl_cmake_export_typesupport_targets-extras.cmake
[14.858s] -- Installing: /media/ezzedinayman/Local Disk/FS-System/fs-system/install/asurt_msgs/share/asurt_msgs/cmake/rosidl_cmake_export_typesupport_libraries-extras.cmake
[14.858s] -- Installing: /media/ezzedinayman/Local Disk/FS-System/fs-system/install/asurt_msgs/share/asurt_msgs/cmake/asurt_msgsConfig.cmake
[14.858s] -- Installing: /media/ezzedinayman/Local Disk/FS-System/fs-system/install/asurt_msgs/share/asurt_msgs/cmake/asurt_msgsConfig-version.cmake
[14.859s] -- Installing: /media/ezzedinayman/Local Disk/FS-System/fs-system/install/asurt_msgs/share/asurt_msgs/package.xml
[14.869s] Invoked command in '/media/ezzedinayman/Local Disk/FS-System/fs-system/build/asurt_msgs' returned '0': CMAKE_PREFIX_PATH=/media/ezzedinayman/Local Disk/ASURT/fs/install/moreo:/home/ezzedinayman/ros2_ws/install/my_robot_controller:/home/ezzedinayman/ros2_ws/install/coppelia:/opt/ros/humble /home/ezzedinayman/.local/bin/cmake --install /media/ezzedinayman/Local Disk/FS-System/fs-system/build/asurt_msgs
