[2.751s] Invoking command in '/media/ezzedinayman/Local Disk/ASURT/fs/src/fs-system/perception/smoreo': PYTHONPATH=/media/ezzedinayman/Local Disk/ASURT/fs/src/fs-system/perception/build/smoreo/prefix_override:/media/ezzedinayman/Local Disk/ASURT/fs/src/fs-system/perception/install/smoreo/lib/python3.10/site-packages:${PYTHONPATH} /usr/bin/python3 setup.py egg_info --egg-base ../build/smoreo build --build-base /media/ezzedinayman/Local Disk/ASURT/fs/src/fs-system/perception/build/smoreo/build install --record /media/ezzedinayman/Local Disk/ASURT/fs/src/fs-system/perception/build/smoreo/install.log --single-version-externally-managed
[3.129s] running egg_info
[3.130s] writing ../build/smoreo/smoreo.egg-info/PKG-INFO
[3.188s] writing dependency_links to ../build/smoreo/smoreo.egg-info/dependency_links.txt
[3.189s] writing entry points to ../build/smoreo/smoreo.egg-info/entry_points.txt
[3.189s] writing requirements to ../build/smoreo/smoreo.egg-info/requires.txt
[3.189s] writing top-level names to ../build/smoreo/smoreo.egg-info/top_level.txt
[3.193s] reading manifest file '../build/smoreo/smoreo.egg-info/SOURCES.txt'
[3.196s] writing manifest file '../build/smoreo/smoreo.egg-info/SOURCES.txt'
[3.196s] running build
[3.196s] running build_py
[3.196s] running install
[3.197s] /usr/lib/python3/dist-packages/setuptools/command/install.py:34: SetuptoolsDeprecationWarning: setup.py install is deprecated. Use build and pip and other standards-based tools.
[3.197s]   warnings.warn(
[3.198s] running install_lib
[3.200s] running install_data
[3.201s] running install_egg_info
[3.204s] removing '/media/ezzedinayman/Local Disk/ASURT/fs/src/fs-system/perception/install/smoreo/lib/python3.10/site-packages/smoreo-0.0.0-py3.10.egg-info' (and everything under it)
[3.206s] Copying ../build/smoreo/smoreo.egg-info to /media/ezzedinayman/Local Disk/ASURT/fs/src/fs-system/perception/install/smoreo/lib/python3.10/site-packages/smoreo-0.0.0-py3.10.egg-info
[3.239s] running install_scripts
[3.270s] writing list of installed files to '/media/ezzedinayman/Local Disk/ASURT/fs/src/fs-system/perception/build/smoreo/install.log'
[3.314s] Invoked command in '/media/ezzedinayman/Local Disk/ASURT/fs/src/fs-system/perception/smoreo' returned '0': PYTHONPATH=/media/ezzedinayman/Local Disk/ASURT/fs/src/fs-system/perception/build/smoreo/prefix_override:/media/ezzedinayman/Local Disk/ASURT/fs/src/fs-system/perception/install/smoreo/lib/python3.10/site-packages:${PYTHONPATH} /usr/bin/python3 setup.py egg_info --egg-base ../build/smoreo build --build-base /media/ezzedinayman/Local Disk/ASURT/fs/src/fs-system/perception/build/smoreo/build install --record /media/ezzedinayman/Local Disk/ASURT/fs/src/fs-system/perception/build/smoreo/install.log --single-version-externally-managed
