[2.870s] Invoking command in '/media/ezzedinayman/Local Disk/ASURT/fs/src/fs-system/perception/mrpython_pcl': PYTHONPATH=/media/ezzedinayman/Local Disk/ASURT/fs/src/fs-system/perception/build/mypython_pcl/prefix_override:/media/ezzedinayman/Local Disk/ASURT/fs/src/fs-system/perception/install/mypython_pcl/lib/python3.10/site-packages:${PYTHONPATH} /usr/bin/python3 setup.py egg_info --egg-base ../build/mypython_pcl build --build-base /media/ezzedinayman/Local Disk/ASURT/fs/src/fs-system/perception/build/mypython_pcl/build install --record /media/ezzedinayman/Local Disk/ASURT/fs/src/fs-system/perception/build/mypython_pcl/install.log --single-version-externally-managed
[3.265s] running egg_info
[3.266s] writing ../build/mypython_pcl/mypython_pcl.egg-info/PKG-INFO
[3.377s] writing dependency_links to ../build/mypython_pcl/mypython_pcl.egg-info/dependency_links.txt
[3.377s] writing entry points to ../build/mypython_pcl/mypython_pcl.egg-info/entry_points.txt
[3.378s] writing requirements to ../build/mypython_pcl/mypython_pcl.egg-info/requires.txt
[3.378s] writing top-level names to ../build/mypython_pcl/mypython_pcl.egg-info/top_level.txt
[3.382s] reading manifest file '../build/mypython_pcl/mypython_pcl.egg-info/SOURCES.txt'
[3.385s] writing manifest file '../build/mypython_pcl/mypython_pcl.egg-info/SOURCES.txt'
[3.385s] running build
[3.385s] running build_py
[3.385s] running install
[3.385s] /usr/lib/python3/dist-packages/setuptools/command/install.py:34: SetuptoolsDeprecationWarning: setup.py install is deprecated. Use build and pip and other standards-based tools.
[3.386s]   warnings.warn(
[3.386s] running install_lib
[3.388s] running install_data
[3.389s] running install_egg_info
[3.393s] removing '/media/ezzedinayman/Local Disk/ASURT/fs/src/fs-system/perception/install/mypython_pcl/lib/python3.10/site-packages/mypython_pcl-0.0.0-py3.10.egg-info' (and everything under it)
[3.393s] Copying ../build/mypython_pcl/mypython_pcl.egg-info to /media/ezzedinayman/Local Disk/ASURT/fs/src/fs-system/perception/install/mypython_pcl/lib/python3.10/site-packages/mypython_pcl-0.0.0-py3.10.egg-info
[3.442s] running install_scripts
[3.484s] writing list of installed files to '/media/ezzedinayman/Local Disk/ASURT/fs/src/fs-system/perception/build/mypython_pcl/install.log'
[3.692s] Invoked command in '/media/ezzedinayman/Local Disk/ASURT/fs/src/fs-system/perception/mrpython_pcl' returned '0': PYTHONPATH=/media/ezzedinayman/Local Disk/ASURT/fs/src/fs-system/perception/build/mypython_pcl/prefix_override:/media/ezzedinayman/Local Disk/ASURT/fs/src/fs-system/perception/install/mypython_pcl/lib/python3.10/site-packages:${PYTHONPATH} /usr/bin/python3 setup.py egg_info --egg-base ../build/mypython_pcl build --build-base /media/ezzedinayman/Local Disk/ASURT/fs/src/fs-system/perception/build/mypython_pcl/build install --record /media/ezzedinayman/Local Disk/ASURT/fs/src/fs-system/perception/build/mypython_pcl/install.log --single-version-externally-managed
