[1.072s] DEBUG:colcon:Command line arguments: ['/usr/bin/colcon', 'build']
[1.072s] DEBUG:colcon:Parsed command line arguments: Namespace(log_base=None, log_level=None, verb_name='build', build_base='build', install_base='install', merge_install=False, symlink_install=False, test_result_base=None, continue_on_error=False, executor='parallel', parallel_workers=16, event_handlers=None, ignore_user_meta=False, metas=['./colcon.meta'], base_paths=['.'], packages_ignore=None, packages_ignore_regex=None, paths=None, packages_up_to=None, packages_up_to_regex=None, packages_above=None, packages_above_and_dependencies=None, packages_above_depth=None, packages_select_by_dep=None, packages_skip_by_dep=None, packages_skip_up_to=None, packages_select_build_failed=False, packages_skip_build_finished=False, packages_select_test_failures=False, packages_skip_test_passed=False, packages_select=None, packages_skip=None, packages_select_regex=None, packages_skip_regex=None, packages_start=None, packages_end=None, allow_overriding=[], cmake_args=None, cmake_target=None, cmake_target_skip_unavailable=False, cmake_clean_cache=False, cmake_clean_first=False, cmake_force_configure=False, ament_cmake_args=None, catkin_cmake_args=None, catkin_skip_building_tests=False, verb_parser=<colcon_defaults.argument_parser.defaults.DefaultArgumentsDecorator object at 0x7f083bd3f9a0>, verb_extension=<colcon_core.verb.build.BuildVerb object at 0x7f083bd3c640>, main=<bound method BuildVerb.main of <colcon_core.verb.build.BuildVerb object at 0x7f083bd3c640>>)
[1.124s] Level 1:colcon.colcon_core.package_discovery:discover_packages(colcon_meta) check parameters
[1.124s] Level 1:colcon.colcon_core.package_discovery:discover_packages(recursive) check parameters
[1.124s] Level 1:colcon.colcon_core.package_discovery:discover_packages(ignore) check parameters
[1.124s] Level 1:colcon.colcon_core.package_discovery:discover_packages(path) check parameters
[1.124s] Level 1:colcon.colcon_core.package_discovery:discover_packages(colcon_meta) discover
[1.124s] Level 1:colcon.colcon_core.package_discovery:discover_packages(recursive) discover
[1.124s] INFO:colcon.colcon_core.package_discovery:Crawling recursively for packages in '/home/mazen/ros2_ws/src/fs-system/perception'
[1.124s] Level 1:colcon.colcon_core.package_identification:_identify(.) by extensions ['ignore', 'ignore_ament_install']
[1.124s] Level 1:colcon.colcon_core.package_identification:_identify(.) by extension 'ignore'
[1.124s] Level 1:colcon.colcon_core.package_identification:_identify(.) by extension 'ignore_ament_install'
[1.124s] Level 1:colcon.colcon_core.package_identification:_identify(.) by extensions ['colcon_pkg']
[1.124s] Level 1:colcon.colcon_core.package_identification:_identify(.) by extension 'colcon_pkg'
[1.124s] Level 1:colcon.colcon_core.package_identification:_identify(.) by extensions ['colcon_meta']
[1.124s] Level 1:colcon.colcon_core.package_identification:_identify(.) by extension 'colcon_meta'
[1.124s] Level 1:colcon.colcon_core.package_identification:_identify(.) by extensions ['ros']
[1.124s] Level 1:colcon.colcon_core.package_identification:_identify(.) by extension 'ros'
[1.137s] Level 1:colcon.colcon_core.package_identification:_identify(.) by extensions ['cmake', 'python']
[1.137s] Level 1:colcon.colcon_core.package_identification:_identify(.) by extension 'cmake'
[1.137s] Level 1:colcon.colcon_core.package_identification:_identify(.) by extension 'python'
[1.137s] Level 1:colcon.colcon_core.package_identification:_identify(.) by extensions ['python_setup_py']
[1.137s] Level 1:colcon.colcon_core.package_identification:_identify(.) by extension 'python_setup_py'
[1.137s] Level 1:colcon.colcon_core.package_identification:_identify(build) by extensions ['ignore', 'ignore_ament_install']
[1.138s] Level 1:colcon.colcon_core.package_identification:_identify(build) by extension 'ignore'
[1.138s] Level 1:colcon.colcon_core.package_identification:_identify(build) ignored
[1.138s] Level 1:colcon.colcon_core.package_identification:_identify(install) by extensions ['ignore', 'ignore_ament_install']
[1.138s] Level 1:colcon.colcon_core.package_identification:_identify(install) by extension 'ignore'
[1.138s] Level 1:colcon.colcon_core.package_identification:_identify(install) ignored
[1.138s] Level 1:colcon.colcon_core.package_identification:_identify(log) by extensions ['ignore', 'ignore_ament_install']
[1.138s] Level 1:colcon.colcon_core.package_identification:_identify(log) by extension 'ignore'
[1.138s] Level 1:colcon.colcon_core.package_identification:_identify(log) ignored
[1.138s] Level 1:colcon.colcon_core.package_identification:_identify(perception_23) by extensions ['ignore', 'ignore_ament_install']
[1.138s] Level 1:colcon.colcon_core.package_identification:_identify(perception_23) by extension 'ignore'
[1.138s] Level 1:colcon.colcon_core.package_identification:_identify(perception_23) by extension 'ignore_ament_install'
[1.138s] Level 1:colcon.colcon_core.package_identification:_identify(perception_23) by extensions ['colcon_pkg']
[1.138s] Level 1:colcon.colcon_core.package_identification:_identify(perception_23) by extension 'colcon_pkg'
[1.139s] Level 1:colcon.colcon_core.package_identification:_identify(perception_23) by extensions ['colcon_meta']
[1.139s] Level 1:colcon.colcon_core.package_identification:_identify(perception_23) by extension 'colcon_meta'
[1.139s] Level 1:colcon.colcon_core.package_identification:_identify(perception_23) by extensions ['ros']
[1.139s] Level 1:colcon.colcon_core.package_identification:_identify(perception_23) by extension 'ros'
[1.139s] Level 1:colcon.colcon_core.package_identification:_identify(perception_23) by extensions ['cmake', 'python']
[1.139s] Level 1:colcon.colcon_core.package_identification:_identify(perception_23) by extension 'cmake'
[1.139s] Level 1:colcon.colcon_core.package_identification:_identify(perception_23) by extension 'python'
[1.139s] Level 1:colcon.colcon_core.package_identification:_identify(perception_23) by extensions ['python_setup_py']
[1.139s] Level 1:colcon.colcon_core.package_identification:_identify(perception_23) by extension 'python_setup_py'
[1.139s] Level 1:colcon.colcon_core.package_identification:_identify(perception_23/darknet_ros) by extensions ['ignore', 'ignore_ament_install']
[1.139s] Level 1:colcon.colcon_core.package_identification:_identify(perception_23/darknet_ros) by extension 'ignore'
[1.139s] Level 1:colcon.colcon_core.package_identification:_identify(perception_23/darknet_ros) by extension 'ignore_ament_install'
[1.139s] Level 1:colcon.colcon_core.package_identification:_identify(perception_23/darknet_ros) by extensions ['colcon_pkg']
[1.139s] Level 1:colcon.colcon_core.package_identification:_identify(perception_23/darknet_ros) by extension 'colcon_pkg'
[1.139s] Level 1:colcon.colcon_core.package_identification:_identify(perception_23/darknet_ros) by extensions ['colcon_meta']
[1.139s] Level 1:colcon.colcon_core.package_identification:_identify(perception_23/darknet_ros) by extension 'colcon_meta'
[1.139s] Level 1:colcon.colcon_core.package_identification:_identify(perception_23/darknet_ros) by extensions ['ros']
[1.139s] Level 1:colcon.colcon_core.package_identification:_identify(perception_23/darknet_ros) by extension 'ros'
[1.140s] Level 1:colcon.colcon_core.package_identification:_identify(perception_23/darknet_ros) by extensions ['cmake', 'python']
[1.140s] Level 1:colcon.colcon_core.package_identification:_identify(perception_23/darknet_ros) by extension 'cmake'
[1.140s] Level 1:colcon.colcon_core.package_identification:_identify(perception_23/darknet_ros) by extension 'python'
[1.140s] Level 1:colcon.colcon_core.package_identification:_identify(perception_23/darknet_ros) by extensions ['python_setup_py']
[1.140s] Level 1:colcon.colcon_core.package_identification:_identify(perception_23/darknet_ros) by extension 'python_setup_py'
[1.140s] Level 1:colcon.colcon_core.package_identification:_identify(perception_23/mrpython_pcl) by extensions ['ignore', 'ignore_ament_install']
[1.140s] Level 1:colcon.colcon_core.package_identification:_identify(perception_23/mrpython_pcl) by extension 'ignore'
[1.140s] Level 1:colcon.colcon_core.package_identification:_identify(perception_23/mrpython_pcl) by extension 'ignore_ament_install'
[1.140s] Level 1:colcon.colcon_core.package_identification:_identify(perception_23/mrpython_pcl) by extensions ['colcon_pkg']
[1.140s] Level 1:colcon.colcon_core.package_identification:_identify(perception_23/mrpython_pcl) by extension 'colcon_pkg'
[1.140s] Level 1:colcon.colcon_core.package_identification:_identify(perception_23/mrpython_pcl) by extensions ['colcon_meta']
[1.140s] Level 1:colcon.colcon_core.package_identification:_identify(perception_23/mrpython_pcl) by extension 'colcon_meta'
[1.140s] Level 1:colcon.colcon_core.package_identification:_identify(perception_23/mrpython_pcl) by extensions ['ros']
[1.140s] Level 1:colcon.colcon_core.package_identification:_identify(perception_23/mrpython_pcl) by extension 'ros'
[1.152s] DEBUG:colcon.colcon_core.package_identification:Package 'perception_23/mrpython_pcl' with type 'ros.catkin' and name 'mrpython_pcl'
[1.153s] Level 1:colcon.colcon_core.package_identification:_identify(perception_23/smoreo) by extensions ['ignore', 'ignore_ament_install']
[1.153s] Level 1:colcon.colcon_core.package_identification:_identify(perception_23/smoreo) by extension 'ignore'
[1.153s] Level 1:colcon.colcon_core.package_identification:_identify(perception_23/smoreo) by extension 'ignore_ament_install'
[1.153s] Level 1:colcon.colcon_core.package_identification:_identify(perception_23/smoreo) by extensions ['colcon_pkg']
[1.153s] Level 1:colcon.colcon_core.package_identification:_identify(perception_23/smoreo) by extension 'colcon_pkg'
[1.153s] Level 1:colcon.colcon_core.package_identification:_identify(perception_23/smoreo) by extensions ['colcon_meta']
[1.153s] Level 1:colcon.colcon_core.package_identification:_identify(perception_23/smoreo) by extension 'colcon_meta'
[1.153s] Level 1:colcon.colcon_core.package_identification:_identify(perception_23/smoreo) by extensions ['ros']
[1.153s] Level 1:colcon.colcon_core.package_identification:_identify(perception_23/smoreo) by extension 'ros'
[1.154s] DEBUG:colcon.colcon_core.package_identification:Package 'perception_23/smoreo' with type 'ros.catkin' and name 'smoreo'
[1.154s] Level 1:colcon.colcon_core.package_identification:_identify(perception_23/smornn) by extensions ['ignore', 'ignore_ament_install']
[1.154s] Level 1:colcon.colcon_core.package_identification:_identify(perception_23/smornn) by extension 'ignore'
[1.154s] Level 1:colcon.colcon_core.package_identification:_identify(perception_23/smornn) by extension 'ignore_ament_install'
[1.154s] Level 1:colcon.colcon_core.package_identification:_identify(perception_23/smornn) by extensions ['colcon_pkg']
[1.154s] Level 1:colcon.colcon_core.package_identification:_identify(perception_23/smornn) by extension 'colcon_pkg'
[1.154s] Level 1:colcon.colcon_core.package_identification:_identify(perception_23/smornn) by extensions ['colcon_meta']
[1.154s] Level 1:colcon.colcon_core.package_identification:_identify(perception_23/smornn) by extension 'colcon_meta'
[1.154s] Level 1:colcon.colcon_core.package_identification:_identify(perception_23/smornn) by extensions ['ros']
[1.154s] Level 1:colcon.colcon_core.package_identification:_identify(perception_23/smornn) by extension 'ros'
[1.155s] DEBUG:colcon.colcon_core.package_identification:Package 'perception_23/smornn' with type 'ros.catkin' and name 'smornn'
[1.155s] Level 1:colcon.colcon_core.package_identification:_identify(yolov8) by extensions ['ignore', 'ignore_ament_install']
[1.155s] Level 1:colcon.colcon_core.package_identification:_identify(yolov8) by extension 'ignore'
[1.155s] Level 1:colcon.colcon_core.package_identification:_identify(yolov8) by extension 'ignore_ament_install'
[1.155s] Level 1:colcon.colcon_core.package_identification:_identify(yolov8) by extensions ['colcon_pkg']
[1.155s] Level 1:colcon.colcon_core.package_identification:_identify(yolov8) by extension 'colcon_pkg'
[1.155s] Level 1:colcon.colcon_core.package_identification:_identify(yolov8) by extensions ['colcon_meta']
[1.155s] Level 1:colcon.colcon_core.package_identification:_identify(yolov8) by extension 'colcon_meta'
[1.155s] Level 1:colcon.colcon_core.package_identification:_identify(yolov8) by extensions ['ros']
[1.155s] Level 1:colcon.colcon_core.package_identification:_identify(yolov8) by extension 'ros'
[1.156s] DEBUG:colcon.colcon_core.package_identification:Package 'yolov8' with type 'ros.ament_python' and name 'yolov8'
[1.156s] Level 1:colcon.colcon_core.package_discovery:discover_packages(recursive) using defaults
[1.156s] Level 1:colcon.colcon_core.package_discovery:discover_packages(ignore) discover
[1.156s] Level 1:colcon.colcon_core.package_discovery:discover_packages(ignore) using defaults
[1.156s] Level 1:colcon.colcon_core.package_discovery:discover_packages(path) discover
[1.156s] Level 1:colcon.colcon_core.package_discovery:discover_packages(path) using defaults
[1.254s] Level 1:colcon.colcon_core.package_discovery:discover_packages(prefix_path) check parameters
[1.254s] Level 1:colcon.colcon_core.package_discovery:discover_packages(prefix_path) discover
[1.286s] DEBUG:colcon.colcon_installed_package_information.package_discovery:Found 0 installed packages in /home/mazen/ros2_ws/install
[1.303s] DEBUG:colcon.colcon_installed_package_information.package_discovery:Found 270 installed packages in /opt/ros/humble
[1.304s] Level 1:colcon.colcon_core.package_discovery:discover_packages(prefix_path) using defaults
[1.397s] Level 5:colcon.colcon_core.verb:set package 'mrpython_pcl' build argument 'cmake_args' from command line to 'None'
[1.397s] Level 5:colcon.colcon_core.verb:set package 'mrpython_pcl' build argument 'cmake_target' from command line to 'None'
[1.397s] Level 5:colcon.colcon_core.verb:set package 'mrpython_pcl' build argument 'cmake_target_skip_unavailable' from command line to 'False'
[1.397s] Level 5:colcon.colcon_core.verb:set package 'mrpython_pcl' build argument 'cmake_clean_cache' from command line to 'False'
[1.397s] Level 5:colcon.colcon_core.verb:set package 'mrpython_pcl' build argument 'cmake_clean_first' from command line to 'False'
[1.397s] Level 5:colcon.colcon_core.verb:set package 'mrpython_pcl' build argument 'cmake_force_configure' from command line to 'False'
[1.397s] Level 5:colcon.colcon_core.verb:set package 'mrpython_pcl' build argument 'ament_cmake_args' from command line to 'None'
[1.397s] Level 5:colcon.colcon_core.verb:set package 'mrpython_pcl' build argument 'catkin_cmake_args' from command line to 'None'
[1.398s] Level 5:colcon.colcon_core.verb:set package 'mrpython_pcl' build argument 'catkin_skip_building_tests' from command line to 'False'
[1.398s] DEBUG:colcon.colcon_core.verb:Building package 'mrpython_pcl' with the following arguments: {'ament_cmake_args': None, 'build_base': '/home/mazen/ros2_ws/src/fs-system/perception/build/mrpython_pcl', 'catkin_cmake_args': None, 'catkin_skip_building_tests': False, 'cmake_args': None, 'cmake_clean_cache': False, 'cmake_clean_first': False, 'cmake_force_configure': False, 'cmake_target': None, 'cmake_target_skip_unavailable': False, 'install_base': '/home/mazen/ros2_ws/src/fs-system/perception/install/mrpython_pcl', 'merge_install': False, 'path': '/home/mazen/ros2_ws/src/fs-system/perception/perception_23/mrpython_pcl', 'symlink_install': False, 'test_result_base': None}
[1.413s] Level 5:colcon.colcon_core.verb:set package 'smoreo' build argument 'cmake_args' from command line to 'None'
[1.413s] Level 5:colcon.colcon_core.verb:set package 'smoreo' build argument 'cmake_target' from command line to 'None'
[1.413s] Level 5:colcon.colcon_core.verb:set package 'smoreo' build argument 'cmake_target_skip_unavailable' from command line to 'False'
[1.413s] Level 5:colcon.colcon_core.verb:set package 'smoreo' build argument 'cmake_clean_cache' from command line to 'False'
[1.413s] Level 5:colcon.colcon_core.verb:set package 'smoreo' build argument 'cmake_clean_first' from command line to 'False'
[1.413s] Level 5:colcon.colcon_core.verb:set package 'smoreo' build argument 'cmake_force_configure' from command line to 'False'
[1.413s] Level 5:colcon.colcon_core.verb:set package 'smoreo' build argument 'ament_cmake_args' from command line to 'None'
[1.413s] Level 5:colcon.colcon_core.verb:set package 'smoreo' build argument 'catkin_cmake_args' from command line to 'None'
[1.413s] Level 5:colcon.colcon_core.verb:set package 'smoreo' build argument 'catkin_skip_building_tests' from command line to 'False'
[1.413s] DEBUG:colcon.colcon_core.verb:Building package 'smoreo' with the following arguments: {'ament_cmake_args': None, 'build_base': '/home/mazen/ros2_ws/src/fs-system/perception/build/smoreo', 'catkin_cmake_args': None, 'catkin_skip_building_tests': False, 'cmake_args': None, 'cmake_clean_cache': False, 'cmake_clean_first': False, 'cmake_force_configure': False, 'cmake_target': None, 'cmake_target_skip_unavailable': False, 'install_base': '/home/mazen/ros2_ws/src/fs-system/perception/install/smoreo', 'merge_install': False, 'path': '/home/mazen/ros2_ws/src/fs-system/perception/perception_23/smoreo', 'symlink_install': False, 'test_result_base': None}
[1.429s] Level 5:colcon.colcon_core.verb:set package 'smornn' build argument 'cmake_args' from command line to 'None'
[1.429s] Level 5:colcon.colcon_core.verb:set package 'smornn' build argument 'cmake_target' from command line to 'None'
[1.429s] Level 5:colcon.colcon_core.verb:set package 'smornn' build argument 'cmake_target_skip_unavailable' from command line to 'False'
[1.429s] Level 5:colcon.colcon_core.verb:set package 'smornn' build argument 'cmake_clean_cache' from command line to 'False'
[1.429s] Level 5:colcon.colcon_core.verb:set package 'smornn' build argument 'cmake_clean_first' from command line to 'False'
[1.429s] Level 5:colcon.colcon_core.verb:set package 'smornn' build argument 'cmake_force_configure' from command line to 'False'
[1.429s] Level 5:colcon.colcon_core.verb:set package 'smornn' build argument 'ament_cmake_args' from command line to 'None'
[1.429s] Level 5:colcon.colcon_core.verb:set package 'smornn' build argument 'catkin_cmake_args' from command line to 'None'
[1.429s] Level 5:colcon.colcon_core.verb:set package 'smornn' build argument 'catkin_skip_building_tests' from command line to 'False'
[1.429s] DEBUG:colcon.colcon_core.verb:Building package 'smornn' with the following arguments: {'ament_cmake_args': None, 'build_base': '/home/mazen/ros2_ws/src/fs-system/perception/build/smornn', 'catkin_cmake_args': None, 'catkin_skip_building_tests': False, 'cmake_args': None, 'cmake_clean_cache': False, 'cmake_clean_first': False, 'cmake_force_configure': False, 'cmake_target': None, 'cmake_target_skip_unavailable': False, 'install_base': '/home/mazen/ros2_ws/src/fs-system/perception/install/smornn', 'merge_install': False, 'path': '/home/mazen/ros2_ws/src/fs-system/perception/perception_23/smornn', 'symlink_install': False, 'test_result_base': None}
[1.444s] Level 5:colcon.colcon_core.verb:set package 'yolov8' build argument 'cmake_args' from command line to 'None'
[1.444s] Level 5:colcon.colcon_core.verb:set package 'yolov8' build argument 'cmake_target' from command line to 'None'
[1.444s] Level 5:colcon.colcon_core.verb:set package 'yolov8' build argument 'cmake_target_skip_unavailable' from command line to 'False'
[1.444s] Level 5:colcon.colcon_core.verb:set package 'yolov8' build argument 'cmake_clean_cache' from command line to 'False'
[1.444s] Level 5:colcon.colcon_core.verb:set package 'yolov8' build argument 'cmake_clean_first' from command line to 'False'
[1.445s] Level 5:colcon.colcon_core.verb:set package 'yolov8' build argument 'cmake_force_configure' from command line to 'False'
[1.445s] Level 5:colcon.colcon_core.verb:set package 'yolov8' build argument 'ament_cmake_args' from command line to 'None'
[1.445s] Level 5:colcon.colcon_core.verb:set package 'yolov8' build argument 'catkin_cmake_args' from command line to 'None'
[1.445s] Level 5:colcon.colcon_core.verb:set package 'yolov8' build argument 'catkin_skip_building_tests' from command line to 'False'
[1.445s] DEBUG:colcon.colcon_core.verb:Building package 'yolov8' with the following arguments: {'ament_cmake_args': None, 'build_base': '/home/mazen/ros2_ws/src/fs-system/perception/build/yolov8', 'catkin_cmake_args': None, 'catkin_skip_building_tests': False, 'cmake_args': None, 'cmake_clean_cache': False, 'cmake_clean_first': False, 'cmake_force_configure': False, 'cmake_target': None, 'cmake_target_skip_unavailable': False, 'install_base': '/home/mazen/ros2_ws/src/fs-system/perception/install/yolov8', 'merge_install': False, 'path': '/home/mazen/ros2_ws/src/fs-system/perception/yolov8', 'symlink_install': False, 'test_result_base': None}
[1.460s] INFO:colcon.colcon_core.executor:Executing jobs using 'parallel' executor
[1.476s] DEBUG:colcon.colcon_parallel_executor.executor.parallel:run_until_complete
[1.476s] INFO:colcon.colcon_ros.task.catkin.build:Building ROS package in '/home/mazen/ros2_ws/src/fs-system/perception/perception_23/mrpython_pcl' with build type 'catkin'
[1.476s] INFO:colcon.colcon_cmake.task.cmake.build:Building CMake package in '/home/mazen/ros2_ws/src/fs-system/perception/perception_23/mrpython_pcl'
[1.494s] INFO:colcon.colcon_core.plugin_system:Skipping extension 'colcon_core.shell.bat': Not used on non-Windows systems
[1.494s] INFO:colcon.colcon_core.shell:Skip shell extension 'powershell' for command environment: Not usable outside of PowerShell
[1.494s] DEBUG:colcon.colcon_core.shell:Skip shell extension 'dsv' for command environment
[1.552s] INFO:colcon.colcon_ros.task.catkin.build:Building ROS package in '/home/mazen/ros2_ws/src/fs-system/perception/perception_23/smoreo' with build type 'catkin'
[1.553s] INFO:colcon.colcon_cmake.task.cmake.build:Building CMake package in '/home/mazen/ros2_ws/src/fs-system/perception/perception_23/smoreo'
[1.568s] INFO:colcon.colcon_core.shell:Skip shell extension 'powershell' for command environment: Not usable outside of PowerShell
[1.568s] DEBUG:colcon.colcon_core.shell:Skip shell extension 'dsv' for command environment
[1.617s] INFO:colcon.colcon_ros.task.catkin.build:Building ROS package in '/home/mazen/ros2_ws/src/fs-system/perception/perception_23/smornn' with build type 'catkin'
[1.617s] INFO:colcon.colcon_cmake.task.cmake.build:Building CMake package in '/home/mazen/ros2_ws/src/fs-system/perception/perception_23/smornn'
[1.633s] INFO:colcon.colcon_core.shell:Skip shell extension 'powershell' for command environment: Not usable outside of PowerShell
[1.633s] DEBUG:colcon.colcon_core.shell:Skip shell extension 'dsv' for command environment
[1.682s] INFO:colcon.colcon_ros.task.ament_python.build:Building ROS package in '/home/mazen/ros2_ws/src/fs-system/perception/yolov8' with build type 'ament_python'
[1.682s] Level 1:colcon.colcon_core.shell:create_environment_hook('yolov8', 'ament_prefix_path')
[1.698s] INFO:colcon.colcon_core.shell:Creating environment hook '/home/mazen/ros2_ws/src/fs-system/perception/install/yolov8/share/yolov8/hook/ament_prefix_path.ps1'
[1.707s] INFO:colcon.colcon_core.shell:Creating environment descriptor '/home/mazen/ros2_ws/src/fs-system/perception/install/yolov8/share/yolov8/hook/ament_prefix_path.dsv'
[1.708s] INFO:colcon.colcon_core.shell:Creating environment hook '/home/mazen/ros2_ws/src/fs-system/perception/install/yolov8/share/yolov8/hook/ament_prefix_path.sh'
[1.738s] INFO:colcon.colcon_core.shell:Skip shell extension 'powershell' for command environment: Not usable outside of PowerShell
[1.738s] DEBUG:colcon.colcon_core.shell:Skip shell extension 'dsv' for command environment
[1.792s] DEBUG:colcon.colcon_core.event_handler.log_command:Invoking command in '/home/mazen/ros2_ws/src/fs-system/perception/build/mrpython_pcl': /usr/bin/cmake /home/mazen/ros2_ws/src/fs-system/perception/perception_23/mrpython_pcl -DCATKIN_INSTALL_INTO_PREFIX_ROOT=0 -DCMAKE_INSTALL_PREFIX=/home/mazen/ros2_ws/src/fs-system/perception/install/mrpython_pcl
[1.797s] DEBUG:colcon.colcon_core.event_handler.log_command:Invoking command in '/home/mazen/ros2_ws/src/fs-system/perception/build/smoreo': /usr/bin/cmake /home/mazen/ros2_ws/src/fs-system/perception/perception_23/smoreo -DCATKIN_INSTALL_INTO_PREFIX_ROOT=0 -DCMAKE_INSTALL_PREFIX=/home/mazen/ros2_ws/src/fs-system/perception/install/smoreo
[1.800s] DEBUG:colcon.colcon_core.event_handler.log_command:Invoking command in '/home/mazen/ros2_ws/src/fs-system/perception/build/smornn': /usr/bin/cmake /home/mazen/ros2_ws/src/fs-system/perception/perception_23/smornn -DCATKIN_INSTALL_INTO_PREFIX_ROOT=0 -DCMAKE_INSTALL_PREFIX=/home/mazen/ros2_ws/src/fs-system/perception/install/smornn
[2.096s] INFO:colcon.colcon_core.task.python.build:Building Python package in '/home/mazen/ros2_ws/src/fs-system/perception/yolov8'
[2.113s] INFO:colcon.colcon_core.shell:Skip shell extension 'powershell' for command environment: Not usable outside of PowerShell
[2.113s] DEBUG:colcon.colcon_core.shell:Skip shell extension 'dsv' for command environment
[2.270s] DEBUG:colcon.colcon_core.event_handler.log_command:Invoked command in '/home/mazen/ros2_ws/src/fs-system/perception/build/smoreo' returned '1': /usr/bin/cmake /home/mazen/ros2_ws/src/fs-system/perception/perception_23/smoreo -DCATKIN_INSTALL_INTO_PREFIX_ROOT=0 -DCMAKE_INSTALL_PREFIX=/home/mazen/ros2_ws/src/fs-system/perception/install/smoreo
[2.271s] DEBUG:colcon.colcon_core.event_handler.log_command:Invoked command in '/home/mazen/ros2_ws/src/fs-system/perception/build/mrpython_pcl' returned '1': /usr/bin/cmake /home/mazen/ros2_ws/src/fs-system/perception/perception_23/mrpython_pcl -DCATKIN_INSTALL_INTO_PREFIX_ROOT=0 -DCMAKE_INSTALL_PREFIX=/home/mazen/ros2_ws/src/fs-system/perception/install/mrpython_pcl
[2.273s] DEBUG:colcon.colcon_core.event_handler.log_command:Invoked command in '/home/mazen/ros2_ws/src/fs-system/perception/build/smornn' returned '1': /usr/bin/cmake /home/mazen/ros2_ws/src/fs-system/perception/perception_23/smornn -DCATKIN_INSTALL_INTO_PREFIX_ROOT=0 -DCMAKE_INSTALL_PREFIX=/home/mazen/ros2_ws/src/fs-system/perception/install/smornn
[2.286s] Level 1:colcon.colcon_core.environment:create_environment_scripts_only(mrpython_pcl)
[2.310s] Level 1:colcon.colcon_core.environment:checking '/home/mazen/ros2_ws/src/fs-system/perception/install/mrpython_pcl' for CMake module files
[2.311s] Level 1:colcon.colcon_core.environment:checking '/home/mazen/ros2_ws/src/fs-system/perception/install/mrpython_pcl' for CMake config files
[2.311s] Level 1:colcon.colcon_core.environment:checking '/home/mazen/ros2_ws/src/fs-system/perception/install/mrpython_pcl/bin'
[2.311s] Level 1:colcon.colcon_core.environment:checking '/home/mazen/ros2_ws/src/fs-system/perception/install/mrpython_pcl/lib/pkgconfig/mrpython_pcl.pc'
[2.311s] Level 1:colcon.colcon_core.environment:checking '/home/mazen/ros2_ws/src/fs-system/perception/install/mrpython_pcl/lib/python3.10/site-packages'
[2.311s] Level 1:colcon.colcon_core.environment:checking '/home/mazen/ros2_ws/src/fs-system/perception/install/mrpython_pcl/bin'
[2.327s] INFO:colcon.colcon_core.shell:Creating package script '/home/mazen/ros2_ws/src/fs-system/perception/install/mrpython_pcl/share/mrpython_pcl/package.ps1'
[2.328s] INFO:colcon.colcon_core.shell:Creating package descriptor '/home/mazen/ros2_ws/src/fs-system/perception/install/mrpython_pcl/share/mrpython_pcl/package.dsv'
[2.329s] INFO:colcon.colcon_core.shell:Creating package script '/home/mazen/ros2_ws/src/fs-system/perception/install/mrpython_pcl/share/mrpython_pcl/package.sh'
[2.330s] INFO:colcon.colcon_core.shell:Creating package script '/home/mazen/ros2_ws/src/fs-system/perception/install/mrpython_pcl/share/mrpython_pcl/package.bash'
[2.331s] INFO:colcon.colcon_core.shell:Creating package script '/home/mazen/ros2_ws/src/fs-system/perception/install/mrpython_pcl/share/mrpython_pcl/package.zsh'
[2.331s] Level 1:colcon.colcon_core.environment:create_file_with_runtime_dependencies(/home/mazen/ros2_ws/src/fs-system/perception/install/mrpython_pcl/share/colcon-core/packages/mrpython_pcl)
[2.538s] DEBUG:colcon.colcon_parallel_executor.executor.parallel:closing loop
[2.539s] DEBUG:colcon.colcon_parallel_executor.executor.parallel:loop closed
[2.539s] DEBUG:colcon.colcon_parallel_executor.executor.parallel:run_until_complete finished with '1'
[2.539s] DEBUG:colcon.colcon_core.event_reactor:joining thread
[2.560s] INFO:colcon.colcon_core.plugin_system:Skipping extension 'colcon_notification.desktop_notification.terminal_notifier': Not used on non-Darwin systems
[2.560s] INFO:colcon.colcon_core.plugin_system:Skipping extension 'colcon_notification.desktop_notification.win32': Not used on non-Windows systems
[2.560s] INFO:colcon.colcon_notification.desktop_notification:Sending desktop notification using 'notify2'
[2.574s] DEBUG:colcon.colcon_core.event_reactor:joined thread
[2.596s] INFO:colcon.colcon_core.shell:Creating prefix script '/home/mazen/ros2_ws/src/fs-system/perception/install/local_setup.ps1'
[2.597s] INFO:colcon.colcon_core.shell:Creating prefix util module '/home/mazen/ros2_ws/src/fs-system/perception/install/_local_setup_util_ps1.py'
[2.598s] INFO:colcon.colcon_core.shell:Creating prefix chain script '/home/mazen/ros2_ws/src/fs-system/perception/install/setup.ps1'
[2.617s] INFO:colcon.colcon_core.shell:Creating prefix script '/home/mazen/ros2_ws/src/fs-system/perception/install/local_setup.sh'
[2.618s] INFO:colcon.colcon_core.shell:Creating prefix util module '/home/mazen/ros2_ws/src/fs-system/perception/install/_local_setup_util_sh.py'
[2.619s] INFO:colcon.colcon_core.shell:Creating prefix chain script '/home/mazen/ros2_ws/src/fs-system/perception/install/setup.sh'
[2.638s] INFO:colcon.colcon_core.shell:Creating prefix script '/home/mazen/ros2_ws/src/fs-system/perception/install/local_setup.bash'
[2.638s] INFO:colcon.colcon_core.shell:Creating prefix chain script '/home/mazen/ros2_ws/src/fs-system/perception/install/setup.bash'
[2.656s] INFO:colcon.colcon_core.shell:Creating prefix script '/home/mazen/ros2_ws/src/fs-system/perception/install/local_setup.zsh'
[2.657s] INFO:colcon.colcon_core.shell:Creating prefix chain script '/home/mazen/ros2_ws/src/fs-system/perception/install/setup.zsh'
