[0.711s] DEBUG:colcon:Command line arguments: ['/usr/bin/colcon', 'build', '--symlink-install']
[0.711s] DEBUG:colcon:Parsed command line arguments: Namespace(log_base=None, log_level=None, verb_name='build', build_base='build', install_base='install', merge_install=False, symlink_install=True, test_result_base=None, continue_on_error=False, executor='parallel', parallel_workers=16, event_handlers=None, ignore_user_meta=False, metas=['./colcon.meta'], base_paths=['.'], packages_ignore=None, packages_ignore_regex=None, paths=None, packages_up_to=None, packages_up_to_regex=None, packages_above=None, packages_above_and_dependencies=None, packages_above_depth=None, packages_select_by_dep=None, packages_skip_by_dep=None, packages_skip_up_to=None, packages_select_build_failed=False, packages_skip_build_finished=False, packages_select_test_failures=False, packages_skip_test_passed=False, packages_select=None, packages_skip=None, packages_select_regex=None, packages_skip_regex=None, packages_start=None, packages_end=None, allow_overriding=[], cmake_args=None, cmake_target=None, cmake_target_skip_unavailable=False, cmake_clean_cache=False, cmake_clean_first=False, cmake_force_configure=False, ament_cmake_args=None, catkin_cmake_args=None, catkin_skip_building_tests=False, verb_parser=<colcon_defaults.argument_parser.defaults.DefaultArgumentsDecorator object at 0x7f43d4885870>, verb_extension=<colcon_core.verb.build.BuildVerb object at 0x7f43d4887040>, main=<bound method BuildVerb.main of <colcon_core.verb.build.BuildVerb object at 0x7f43d4887040>>)
[0.743s] Level 1:colcon.colcon_core.package_discovery:discover_packages(colcon_meta) check parameters
[0.743s] Level 1:colcon.colcon_core.package_discovery:discover_packages(recursive) check parameters
[0.743s] Level 1:colcon.colcon_core.package_discovery:discover_packages(ignore) check parameters
[0.743s] Level 1:colcon.colcon_core.package_discovery:discover_packages(path) check parameters
[0.743s] Level 1:colcon.colcon_core.package_discovery:discover_packages(colcon_meta) discover
[0.743s] Level 1:colcon.colcon_core.package_discovery:discover_packages(recursive) discover
[0.744s] INFO:colcon.colcon_core.package_discovery:Crawling recursively for packages in '/home/mazen/ros2_ws/src/fs-system/perception'
[0.744s] Level 1:colcon.colcon_core.package_identification:_identify(.) by extensions ['ignore', 'ignore_ament_install']
[0.744s] Level 1:colcon.colcon_core.package_identification:_identify(.) by extension 'ignore'
[0.744s] Level 1:colcon.colcon_core.package_identification:_identify(.) by extension 'ignore_ament_install'
[0.744s] Level 1:colcon.colcon_core.package_identification:_identify(.) by extensions ['colcon_pkg']
[0.744s] Level 1:colcon.colcon_core.package_identification:_identify(.) by extension 'colcon_pkg'
[0.744s] Level 1:colcon.colcon_core.package_identification:_identify(.) by extensions ['colcon_meta']
[0.744s] Level 1:colcon.colcon_core.package_identification:_identify(.) by extension 'colcon_meta'
[0.744s] Level 1:colcon.colcon_core.package_identification:_identify(.) by extensions ['ros']
[0.744s] Level 1:colcon.colcon_core.package_identification:_identify(.) by extension 'ros'
[0.752s] Level 1:colcon.colcon_core.package_identification:_identify(.) by extensions ['cmake', 'python']
[0.752s] Level 1:colcon.colcon_core.package_identification:_identify(.) by extension 'cmake'
[0.752s] Level 1:colcon.colcon_core.package_identification:_identify(.) by extension 'python'
[0.752s] Level 1:colcon.colcon_core.package_identification:_identify(.) by extensions ['python_setup_py']
[0.752s] Level 1:colcon.colcon_core.package_identification:_identify(.) by extension 'python_setup_py'
[0.752s] Level 1:colcon.colcon_core.package_identification:_identify(build) by extensions ['ignore', 'ignore_ament_install']
[0.752s] Level 1:colcon.colcon_core.package_identification:_identify(build) by extension 'ignore'
[0.752s] Level 1:colcon.colcon_core.package_identification:_identify(build) ignored
[0.752s] Level 1:colcon.colcon_core.package_identification:_identify(camera_interface) by extensions ['ignore', 'ignore_ament_install']
[0.752s] Level 1:colcon.colcon_core.package_identification:_identify(camera_interface) by extension 'ignore'
[0.752s] Level 1:colcon.colcon_core.package_identification:_identify(camera_interface) by extension 'ignore_ament_install'
[0.752s] Level 1:colcon.colcon_core.package_identification:_identify(camera_interface) by extensions ['colcon_pkg']
[0.752s] Level 1:colcon.colcon_core.package_identification:_identify(camera_interface) by extension 'colcon_pkg'
[0.752s] Level 1:colcon.colcon_core.package_identification:_identify(camera_interface) by extensions ['colcon_meta']
[0.752s] Level 1:colcon.colcon_core.package_identification:_identify(camera_interface) by extension 'colcon_meta'
[0.752s] Level 1:colcon.colcon_core.package_identification:_identify(camera_interface) by extensions ['ros']
[0.752s] Level 1:colcon.colcon_core.package_identification:_identify(camera_interface) by extension 'ros'
[0.754s] DEBUG:colcon.colcon_core.package_identification:Package 'camera_interface' with type 'ros.ament_python' and name 'camera_interface'
[0.754s] Level 1:colcon.colcon_core.package_identification:_identify(install) by extensions ['ignore', 'ignore_ament_install']
[0.754s] Level 1:colcon.colcon_core.package_identification:_identify(install) by extension 'ignore'
[0.754s] Level 1:colcon.colcon_core.package_identification:_identify(install) ignored
[0.754s] Level 1:colcon.colcon_core.package_identification:_identify(log) by extensions ['ignore', 'ignore_ament_install']
[0.754s] Level 1:colcon.colcon_core.package_identification:_identify(log) by extension 'ignore'
[0.754s] Level 1:colcon.colcon_core.package_identification:_identify(log) ignored
[0.754s] Level 1:colcon.colcon_core.package_identification:_identify(moreo) by extensions ['ignore', 'ignore_ament_install']
[0.754s] Level 1:colcon.colcon_core.package_identification:_identify(moreo) by extension 'ignore'
[0.754s] Level 1:colcon.colcon_core.package_identification:_identify(moreo) by extension 'ignore_ament_install'
[0.754s] Level 1:colcon.colcon_core.package_identification:_identify(moreo) by extensions ['colcon_pkg']
[0.754s] Level 1:colcon.colcon_core.package_identification:_identify(moreo) by extension 'colcon_pkg'
[0.755s] Level 1:colcon.colcon_core.package_identification:_identify(moreo) by extensions ['colcon_meta']
[0.755s] Level 1:colcon.colcon_core.package_identification:_identify(moreo) by extension 'colcon_meta'
[0.755s] Level 1:colcon.colcon_core.package_identification:_identify(moreo) by extensions ['ros']
[0.755s] Level 1:colcon.colcon_core.package_identification:_identify(moreo) by extension 'ros'
[0.755s] DEBUG:colcon.colcon_core.package_identification:Package 'moreo' with type 'ros.ament_python' and name 'moreo'
[0.755s] Level 1:colcon.colcon_core.package_identification:_identify(mrpython_pcl) by extensions ['ignore', 'ignore_ament_install']
[0.755s] Level 1:colcon.colcon_core.package_identification:_identify(mrpython_pcl) by extension 'ignore'
[0.755s] Level 1:colcon.colcon_core.package_identification:_identify(mrpython_pcl) by extension 'ignore_ament_install'
[0.755s] Level 1:colcon.colcon_core.package_identification:_identify(mrpython_pcl) by extensions ['colcon_pkg']
[0.755s] Level 1:colcon.colcon_core.package_identification:_identify(mrpython_pcl) by extension 'colcon_pkg'
[0.755s] Level 1:colcon.colcon_core.package_identification:_identify(mrpython_pcl) by extensions ['colcon_meta']
[0.755s] Level 1:colcon.colcon_core.package_identification:_identify(mrpython_pcl) by extension 'colcon_meta'
[0.755s] Level 1:colcon.colcon_core.package_identification:_identify(mrpython_pcl) by extensions ['ros']
[0.755s] Level 1:colcon.colcon_core.package_identification:_identify(mrpython_pcl) by extension 'ros'
[0.756s] DEBUG:colcon.colcon_core.package_identification:Package 'mrpython_pcl' with type 'ros.ament_python' and name 'mypython_pcl'
[0.756s] Level 1:colcon.colcon_core.package_identification:_identify(smoreo) by extensions ['ignore', 'ignore_ament_install']
[0.756s] Level 1:colcon.colcon_core.package_identification:_identify(smoreo) by extension 'ignore'
[0.756s] Level 1:colcon.colcon_core.package_identification:_identify(smoreo) by extension 'ignore_ament_install'
[0.756s] Level 1:colcon.colcon_core.package_identification:_identify(smoreo) by extensions ['colcon_pkg']
[0.756s] Level 1:colcon.colcon_core.package_identification:_identify(smoreo) by extension 'colcon_pkg'
[0.756s] Level 1:colcon.colcon_core.package_identification:_identify(smoreo) by extensions ['colcon_meta']
[0.756s] Level 1:colcon.colcon_core.package_identification:_identify(smoreo) by extension 'colcon_meta'
[0.756s] Level 1:colcon.colcon_core.package_identification:_identify(smoreo) by extensions ['ros']
[0.756s] Level 1:colcon.colcon_core.package_identification:_identify(smoreo) by extension 'ros'
[0.756s] DEBUG:colcon.colcon_core.package_identification:Package 'smoreo' with type 'ros.ament_python' and name 'smoreo'
[0.756s] Level 1:colcon.colcon_core.package_identification:_identify(yolov8) by extensions ['ignore', 'ignore_ament_install']
[0.756s] Level 1:colcon.colcon_core.package_identification:_identify(yolov8) by extension 'ignore'
[0.756s] Level 1:colcon.colcon_core.package_identification:_identify(yolov8) by extension 'ignore_ament_install'
[0.757s] Level 1:colcon.colcon_core.package_identification:_identify(yolov8) by extensions ['colcon_pkg']
[0.757s] Level 1:colcon.colcon_core.package_identification:_identify(yolov8) by extension 'colcon_pkg'
[0.757s] Level 1:colcon.colcon_core.package_identification:_identify(yolov8) by extensions ['colcon_meta']
[0.757s] Level 1:colcon.colcon_core.package_identification:_identify(yolov8) by extension 'colcon_meta'
[0.757s] Level 1:colcon.colcon_core.package_identification:_identify(yolov8) by extensions ['ros']
[0.757s] Level 1:colcon.colcon_core.package_identification:_identify(yolov8) by extension 'ros'
[0.757s] DEBUG:colcon.colcon_core.package_identification:Package 'yolov8' with type 'ros.ament_python' and name 'yolov8'
[0.757s] Level 1:colcon.colcon_core.package_discovery:discover_packages(recursive) using defaults
[0.757s] Level 1:colcon.colcon_core.package_discovery:discover_packages(ignore) discover
[0.757s] Level 1:colcon.colcon_core.package_discovery:discover_packages(ignore) using defaults
[0.757s] Level 1:colcon.colcon_core.package_discovery:discover_packages(path) discover
[0.757s] Level 1:colcon.colcon_core.package_discovery:discover_packages(path) using defaults
[0.821s] Level 1:colcon.colcon_core.package_discovery:discover_packages(prefix_path) check parameters
[0.821s] Level 1:colcon.colcon_core.package_discovery:discover_packages(prefix_path) discover
[0.843s] DEBUG:colcon.colcon_installed_package_information.package_discovery:Found 8 installed packages in /home/mazen/ros2_ws/install
[0.854s] DEBUG:colcon.colcon_installed_package_information.package_discovery:Found 270 installed packages in /opt/ros/humble
[0.855s] Level 1:colcon.colcon_core.package_discovery:discover_packages(prefix_path) using defaults
[0.925s] Level 5:colcon.colcon_core.verb:set package 'camera_interface' build argument 'cmake_args' from command line to 'None'
[0.925s] Level 5:colcon.colcon_core.verb:set package 'camera_interface' build argument 'cmake_target' from command line to 'None'
[0.925s] Level 5:colcon.colcon_core.verb:set package 'camera_interface' build argument 'cmake_target_skip_unavailable' from command line to 'False'
[0.925s] Level 5:colcon.colcon_core.verb:set package 'camera_interface' build argument 'cmake_clean_cache' from command line to 'False'
[0.925s] Level 5:colcon.colcon_core.verb:set package 'camera_interface' build argument 'cmake_clean_first' from command line to 'False'
[0.925s] Level 5:colcon.colcon_core.verb:set package 'camera_interface' build argument 'cmake_force_configure' from command line to 'False'
[0.925s] Level 5:colcon.colcon_core.verb:set package 'camera_interface' build argument 'ament_cmake_args' from command line to 'None'
[0.925s] Level 5:colcon.colcon_core.verb:set package 'camera_interface' build argument 'catkin_cmake_args' from command line to 'None'
[0.925s] Level 5:colcon.colcon_core.verb:set package 'camera_interface' build argument 'catkin_skip_building_tests' from command line to 'False'
[0.925s] DEBUG:colcon.colcon_core.verb:Building package 'camera_interface' with the following arguments: {'ament_cmake_args': None, 'build_base': '/home/mazen/ros2_ws/src/fs-system/perception/build/camera_interface', 'catkin_cmake_args': None, 'catkin_skip_building_tests': False, 'cmake_args': None, 'cmake_clean_cache': False, 'cmake_clean_first': False, 'cmake_force_configure': False, 'cmake_target': None, 'cmake_target_skip_unavailable': False, 'install_base': '/home/mazen/ros2_ws/src/fs-system/perception/install/camera_interface', 'merge_install': False, 'path': '/home/mazen/ros2_ws/src/fs-system/perception/camera_interface', 'symlink_install': True, 'test_result_base': None}
[0.936s] Level 5:colcon.colcon_core.verb:set package 'moreo' build argument 'cmake_args' from command line to 'None'
[0.936s] Level 5:colcon.colcon_core.verb:set package 'moreo' build argument 'cmake_target' from command line to 'None'
[0.936s] Level 5:colcon.colcon_core.verb:set package 'moreo' build argument 'cmake_target_skip_unavailable' from command line to 'False'
[0.936s] Level 5:colcon.colcon_core.verb:set package 'moreo' build argument 'cmake_clean_cache' from command line to 'False'
[0.936s] Level 5:colcon.colcon_core.verb:set package 'moreo' build argument 'cmake_clean_first' from command line to 'False'
[0.936s] Level 5:colcon.colcon_core.verb:set package 'moreo' build argument 'cmake_force_configure' from command line to 'False'
[0.936s] Level 5:colcon.colcon_core.verb:set package 'moreo' build argument 'ament_cmake_args' from command line to 'None'
[0.936s] Level 5:colcon.colcon_core.verb:set package 'moreo' build argument 'catkin_cmake_args' from command line to 'None'
[0.936s] Level 5:colcon.colcon_core.verb:set package 'moreo' build argument 'catkin_skip_building_tests' from command line to 'False'
[0.936s] DEBUG:colcon.colcon_core.verb:Building package 'moreo' with the following arguments: {'ament_cmake_args': None, 'build_base': '/home/mazen/ros2_ws/src/fs-system/perception/build/moreo', 'catkin_cmake_args': None, 'catkin_skip_building_tests': False, 'cmake_args': None, 'cmake_clean_cache': False, 'cmake_clean_first': False, 'cmake_force_configure': False, 'cmake_target': None, 'cmake_target_skip_unavailable': False, 'install_base': '/home/mazen/ros2_ws/src/fs-system/perception/install/moreo', 'merge_install': False, 'path': '/home/mazen/ros2_ws/src/fs-system/perception/moreo', 'symlink_install': True, 'test_result_base': None}
[0.946s] Level 5:colcon.colcon_core.verb:set package 'mypython_pcl' build argument 'cmake_args' from command line to 'None'
[0.946s] Level 5:colcon.colcon_core.verb:set package 'mypython_pcl' build argument 'cmake_target' from command line to 'None'
[0.946s] Level 5:colcon.colcon_core.verb:set package 'mypython_pcl' build argument 'cmake_target_skip_unavailable' from command line to 'False'
[0.946s] Level 5:colcon.colcon_core.verb:set package 'mypython_pcl' build argument 'cmake_clean_cache' from command line to 'False'
[0.946s] Level 5:colcon.colcon_core.verb:set package 'mypython_pcl' build argument 'cmake_clean_first' from command line to 'False'
[0.946s] Level 5:colcon.colcon_core.verb:set package 'mypython_pcl' build argument 'cmake_force_configure' from command line to 'False'
[0.946s] Level 5:colcon.colcon_core.verb:set package 'mypython_pcl' build argument 'ament_cmake_args' from command line to 'None'
[0.946s] Level 5:colcon.colcon_core.verb:set package 'mypython_pcl' build argument 'catkin_cmake_args' from command line to 'None'
[0.946s] Level 5:colcon.colcon_core.verb:set package 'mypython_pcl' build argument 'catkin_skip_building_tests' from command line to 'False'
[0.946s] DEBUG:colcon.colcon_core.verb:Building package 'mypython_pcl' with the following arguments: {'ament_cmake_args': None, 'build_base': '/home/mazen/ros2_ws/src/fs-system/perception/build/mypython_pcl', 'catkin_cmake_args': None, 'catkin_skip_building_tests': False, 'cmake_args': None, 'cmake_clean_cache': False, 'cmake_clean_first': False, 'cmake_force_configure': False, 'cmake_target': None, 'cmake_target_skip_unavailable': False, 'install_base': '/home/mazen/ros2_ws/src/fs-system/perception/install/mypython_pcl', 'merge_install': False, 'path': '/home/mazen/ros2_ws/src/fs-system/perception/mrpython_pcl', 'symlink_install': True, 'test_result_base': None}
[0.957s] Level 5:colcon.colcon_core.verb:set package 'smoreo' build argument 'cmake_args' from command line to 'None'
[0.957s] Level 5:colcon.colcon_core.verb:set package 'smoreo' build argument 'cmake_target' from command line to 'None'
[0.957s] Level 5:colcon.colcon_core.verb:set package 'smoreo' build argument 'cmake_target_skip_unavailable' from command line to 'False'
[0.957s] Level 5:colcon.colcon_core.verb:set package 'smoreo' build argument 'cmake_clean_cache' from command line to 'False'
[0.957s] Level 5:colcon.colcon_core.verb:set package 'smoreo' build argument 'cmake_clean_first' from command line to 'False'
[0.957s] Level 5:colcon.colcon_core.verb:set package 'smoreo' build argument 'cmake_force_configure' from command line to 'False'
[0.957s] Level 5:colcon.colcon_core.verb:set package 'smoreo' build argument 'ament_cmake_args' from command line to 'None'
[0.957s] Level 5:colcon.colcon_core.verb:set package 'smoreo' build argument 'catkin_cmake_args' from command line to 'None'
[0.957s] Level 5:colcon.colcon_core.verb:set package 'smoreo' build argument 'catkin_skip_building_tests' from command line to 'False'
[0.957s] DEBUG:colcon.colcon_core.verb:Building package 'smoreo' with the following arguments: {'ament_cmake_args': None, 'build_base': '/home/mazen/ros2_ws/src/fs-system/perception/build/smoreo', 'catkin_cmake_args': None, 'catkin_skip_building_tests': False, 'cmake_args': None, 'cmake_clean_cache': False, 'cmake_clean_first': False, 'cmake_force_configure': False, 'cmake_target': None, 'cmake_target_skip_unavailable': False, 'install_base': '/home/mazen/ros2_ws/src/fs-system/perception/install/smoreo', 'merge_install': False, 'path': '/home/mazen/ros2_ws/src/fs-system/perception/smoreo', 'symlink_install': True, 'test_result_base': None}
[0.967s] Level 5:colcon.colcon_core.verb:set package 'yolov8' build argument 'cmake_args' from command line to 'None'
[0.967s] Level 5:colcon.colcon_core.verb:set package 'yolov8' build argument 'cmake_target' from command line to 'None'
[0.967s] Level 5:colcon.colcon_core.verb:set package 'yolov8' build argument 'cmake_target_skip_unavailable' from command line to 'False'
[0.967s] Level 5:colcon.colcon_core.verb:set package 'yolov8' build argument 'cmake_clean_cache' from command line to 'False'
[0.967s] Level 5:colcon.colcon_core.verb:set package 'yolov8' build argument 'cmake_clean_first' from command line to 'False'
[0.967s] Level 5:colcon.colcon_core.verb:set package 'yolov8' build argument 'cmake_force_configure' from command line to 'False'
[0.967s] Level 5:colcon.colcon_core.verb:set package 'yolov8' build argument 'ament_cmake_args' from command line to 'None'
[0.967s] Level 5:colcon.colcon_core.verb:set package 'yolov8' build argument 'catkin_cmake_args' from command line to 'None'
[0.967s] Level 5:colcon.colcon_core.verb:set package 'yolov8' build argument 'catkin_skip_building_tests' from command line to 'False'
[0.967s] DEBUG:colcon.colcon_core.verb:Building package 'yolov8' with the following arguments: {'ament_cmake_args': None, 'build_base': '/home/mazen/ros2_ws/src/fs-system/perception/build/yolov8', 'catkin_cmake_args': None, 'catkin_skip_building_tests': False, 'cmake_args': None, 'cmake_clean_cache': False, 'cmake_clean_first': False, 'cmake_force_configure': False, 'cmake_target': None, 'cmake_target_skip_unavailable': False, 'install_base': '/home/mazen/ros2_ws/src/fs-system/perception/install/yolov8', 'merge_install': False, 'path': '/home/mazen/ros2_ws/src/fs-system/perception/yolov8', 'symlink_install': True, 'test_result_base': None}
[0.977s] INFO:colcon.colcon_core.executor:Executing jobs using 'parallel' executor
[0.988s] DEBUG:colcon.colcon_parallel_executor.executor.parallel:run_until_complete
[0.988s] INFO:colcon.colcon_ros.task.ament_python.build:Building ROS package in '/home/mazen/ros2_ws/src/fs-system/perception/camera_interface' with build type 'ament_python'
[0.988s] Level 1:colcon.colcon_core.shell:create_environment_hook('camera_interface', 'ament_prefix_path')
[0.999s] INFO:colcon.colcon_core.plugin_system:Skipping extension 'colcon_core.shell.bat': Not used on non-Windows systems
[0.999s] INFO:colcon.colcon_core.shell:Creating environment hook '/home/mazen/ros2_ws/src/fs-system/perception/install/camera_interface/share/camera_interface/hook/ament_prefix_path.ps1'
[1.000s] INFO:colcon.colcon_core.shell:Creating environment descriptor '/home/mazen/ros2_ws/src/fs-system/perception/install/camera_interface/share/camera_interface/hook/ament_prefix_path.dsv'
[1.000s] INFO:colcon.colcon_core.shell:Creating environment hook '/home/mazen/ros2_ws/src/fs-system/perception/install/camera_interface/share/camera_interface/hook/ament_prefix_path.sh'
[1.011s] INFO:colcon.colcon_core.shell:Skip shell extension 'powershell' for command environment: Not usable outside of PowerShell
[1.011s] DEBUG:colcon.colcon_core.shell:Skip shell extension 'dsv' for command environment
[1.043s] INFO:colcon.colcon_ros.task.ament_python.build:Building ROS package in '/home/mazen/ros2_ws/src/fs-system/perception/moreo' with build type 'ament_python'
[1.043s] Level 1:colcon.colcon_core.shell:create_environment_hook('moreo', 'ament_prefix_path')
[1.054s] INFO:colcon.colcon_core.shell:Creating environment hook '/home/mazen/ros2_ws/src/fs-system/perception/install/moreo/share/moreo/hook/ament_prefix_path.ps1'
[1.054s] INFO:colcon.colcon_core.shell:Creating environment descriptor '/home/mazen/ros2_ws/src/fs-system/perception/install/moreo/share/moreo/hook/ament_prefix_path.dsv'
[1.054s] INFO:colcon.colcon_core.shell:Creating environment hook '/home/mazen/ros2_ws/src/fs-system/perception/install/moreo/share/moreo/hook/ament_prefix_path.sh'
[1.064s] INFO:colcon.colcon_core.shell:Skip shell extension 'powershell' for command environment: Not usable outside of PowerShell
[1.065s] DEBUG:colcon.colcon_core.shell:Skip shell extension 'dsv' for command environment
[1.097s] INFO:colcon.colcon_ros.task.ament_python.build:Building ROS package in '/home/mazen/ros2_ws/src/fs-system/perception/mrpython_pcl' with build type 'ament_python'
[1.097s] Level 1:colcon.colcon_core.shell:create_environment_hook('mypython_pcl', 'ament_prefix_path')
[1.108s] INFO:colcon.colcon_core.shell:Creating environment hook '/home/mazen/ros2_ws/src/fs-system/perception/install/mypython_pcl/share/mypython_pcl/hook/ament_prefix_path.ps1'
[1.108s] INFO:colcon.colcon_core.shell:Creating environment descriptor '/home/mazen/ros2_ws/src/fs-system/perception/install/mypython_pcl/share/mypython_pcl/hook/ament_prefix_path.dsv'
[1.108s] INFO:colcon.colcon_core.shell:Creating environment hook '/home/mazen/ros2_ws/src/fs-system/perception/install/mypython_pcl/share/mypython_pcl/hook/ament_prefix_path.sh'
[1.119s] INFO:colcon.colcon_core.shell:Skip shell extension 'powershell' for command environment: Not usable outside of PowerShell
[1.119s] DEBUG:colcon.colcon_core.shell:Skip shell extension 'dsv' for command environment
[1.151s] INFO:colcon.colcon_ros.task.ament_python.build:Building ROS package in '/home/mazen/ros2_ws/src/fs-system/perception/smoreo' with build type 'ament_python'
[1.151s] Level 1:colcon.colcon_core.shell:create_environment_hook('smoreo', 'ament_prefix_path')
[1.162s] INFO:colcon.colcon_core.shell:Creating environment hook '/home/mazen/ros2_ws/src/fs-system/perception/install/smoreo/share/smoreo/hook/ament_prefix_path.ps1'
[1.162s] INFO:colcon.colcon_core.shell:Creating environment descriptor '/home/mazen/ros2_ws/src/fs-system/perception/install/smoreo/share/smoreo/hook/ament_prefix_path.dsv'
[1.162s] INFO:colcon.colcon_core.shell:Creating environment hook '/home/mazen/ros2_ws/src/fs-system/perception/install/smoreo/share/smoreo/hook/ament_prefix_path.sh'
[1.173s] INFO:colcon.colcon_core.shell:Skip shell extension 'powershell' for command environment: Not usable outside of PowerShell
[1.173s] DEBUG:colcon.colcon_core.shell:Skip shell extension 'dsv' for command environment
[1.205s] INFO:colcon.colcon_ros.task.ament_python.build:Building ROS package in '/home/mazen/ros2_ws/src/fs-system/perception/yolov8' with build type 'ament_python'
[1.206s] Level 1:colcon.colcon_core.shell:create_environment_hook('yolov8', 'ament_prefix_path')
[1.216s] INFO:colcon.colcon_core.shell:Creating environment hook '/home/mazen/ros2_ws/src/fs-system/perception/install/yolov8/share/yolov8/hook/ament_prefix_path.ps1'
[1.216s] INFO:colcon.colcon_core.shell:Creating environment descriptor '/home/mazen/ros2_ws/src/fs-system/perception/install/yolov8/share/yolov8/hook/ament_prefix_path.dsv'
[1.217s] INFO:colcon.colcon_core.shell:Creating environment hook '/home/mazen/ros2_ws/src/fs-system/perception/install/yolov8/share/yolov8/hook/ament_prefix_path.sh'
[1.227s] INFO:colcon.colcon_core.shell:Skip shell extension 'powershell' for command environment: Not usable outside of PowerShell
[1.227s] DEBUG:colcon.colcon_core.shell:Skip shell extension 'dsv' for command environment
[1.442s] INFO:colcon.colcon_core.task.python.build:Building Python package in '/home/mazen/ros2_ws/src/fs-system/perception/camera_interface'
[1.453s] INFO:colcon.colcon_core.shell:Skip shell extension 'powershell' for command environment: Not usable outside of PowerShell
[1.453s] DEBUG:colcon.colcon_core.shell:Skip shell extension 'dsv' for command environment
[1.667s] INFO:colcon.colcon_core.task.python.build:Building Python package in '/home/mazen/ros2_ws/src/fs-system/perception/moreo'
[1.678s] INFO:colcon.colcon_core.shell:Skip shell extension 'powershell' for command environment: Not usable outside of PowerShell
[1.678s] DEBUG:colcon.colcon_core.shell:Skip shell extension 'dsv' for command environment
[1.893s] INFO:colcon.colcon_core.task.python.build:Building Python package in '/home/mazen/ros2_ws/src/fs-system/perception/mrpython_pcl'
[1.903s] INFO:colcon.colcon_core.shell:Skip shell extension 'powershell' for command environment: Not usable outside of PowerShell
[1.904s] DEBUG:colcon.colcon_core.shell:Skip shell extension 'dsv' for command environment
[2.119s] INFO:colcon.colcon_core.task.python.build:Building Python package in '/home/mazen/ros2_ws/src/fs-system/perception/smoreo'
[2.130s] INFO:colcon.colcon_core.shell:Skip shell extension 'powershell' for command environment: Not usable outside of PowerShell
[2.130s] DEBUG:colcon.colcon_core.shell:Skip shell extension 'dsv' for command environment
[2.344s] INFO:colcon.colcon_core.task.python.build:Building Python package in '/home/mazen/ros2_ws/src/fs-system/perception/yolov8'
[2.355s] INFO:colcon.colcon_core.shell:Skip shell extension 'powershell' for command environment: Not usable outside of PowerShell
[2.355s] DEBUG:colcon.colcon_core.shell:Skip shell extension 'dsv' for command environment
[2.660s] DEBUG:colcon.colcon_core.task.python.build:While undoing a previous installation files outside the Python library path are being ignored: /home/mazen/ros2_ws/src/fs-system/perception/install/camera_interface/share/ament_index/resource_index/packages/camera_interface
[2.660s] DEBUG:colcon.colcon_core.task.python.build:While undoing a previous installation files outside the Python library path are being ignored: /home/mazen/ros2_ws/src/fs-system/perception/install/camera_interface/share/camera_interface/package.xml
[2.664s] DEBUG:colcon.colcon_core.event_handler.log_command:Invoking command in '/home/mazen/ros2_ws/src/fs-system/perception/build/camera_interface': PYTHONPATH=/home/mazen/ros2_ws/src/fs-system/perception/build/camera_interface/prefix_override:/home/mazen/ros2_ws/src/fs-system/perception/install/camera_interface/lib/python3.10/site-packages:${PYTHONPATH} /usr/bin/python3 setup.py develop --editable --build-directory /home/mazen/ros2_ws/src/fs-system/perception/build/camera_interface/build --no-deps install_data
[2.664s] DEBUG:colcon.colcon_core.task.python.build:While undoing a previous installation files outside the Python library path are being ignored: /home/mazen/ros2_ws/src/fs-system/perception/install/mypython_pcl/share/ament_index/resource_index/packages/mypython_pcl
[2.664s] DEBUG:colcon.colcon_core.task.python.build:While undoing a previous installation files outside the Python library path are being ignored: /home/mazen/ros2_ws/src/fs-system/perception/install/mypython_pcl/share/mypython_pcl/package.xml
[2.666s] DEBUG:colcon.colcon_core.task.python.build:While undoing a previous installation files outside the Python library path are being ignored: /home/mazen/ros2_ws/src/fs-system/perception/install/yolov8/share/ament_index/resource_index/packages/yolov8
[2.666s] DEBUG:colcon.colcon_core.task.python.build:While undoing a previous installation files outside the Python library path are being ignored: /home/mazen/ros2_ws/src/fs-system/perception/install/yolov8/share/yolov8/package.xml
[2.666s] DEBUG:colcon.colcon_core.event_handler.log_command:Invoking command in '/home/mazen/ros2_ws/src/fs-system/perception/build/mypython_pcl': PYTHONPATH=/home/mazen/ros2_ws/src/fs-system/perception/build/mypython_pcl/prefix_override:/home/mazen/ros2_ws/src/fs-system/perception/install/mypython_pcl/lib/python3.10/site-packages:${PYTHONPATH} /usr/bin/python3 setup.py develop --editable --build-directory /home/mazen/ros2_ws/src/fs-system/perception/build/mypython_pcl/build --no-deps install_data
[2.666s] DEBUG:colcon.colcon_core.task.python.build:While undoing a previous installation files outside the Python library path are being ignored: /home/mazen/ros2_ws/src/fs-system/perception/install/yolov8/lib/yolov8/test_node
[2.669s] DEBUG:colcon.colcon_core.event_handler.log_command:Invoking command in '/home/mazen/ros2_ws/src/fs-system/perception/build/yolov8': PYTHONPATH=/home/mazen/ros2_ws/src/fs-system/perception/build/yolov8/prefix_override:/home/mazen/ros2_ws/src/fs-system/perception/install/yolov8/lib/python3.10/site-packages:${PYTHONPATH} /usr/bin/python3 setup.py develop --editable --build-directory /home/mazen/ros2_ws/src/fs-system/perception/build/yolov8/build --no-deps install_data
[2.669s] DEBUG:colcon.colcon_core.task.python.build:While undoing a previous installation files outside the Python library path are being ignored: /home/mazen/ros2_ws/src/fs-system/perception/install/moreo/share/ament_index/resource_index/packages/moreo
[2.669s] DEBUG:colcon.colcon_core.task.python.build:While undoing a previous installation files outside the Python library path are being ignored: /home/mazen/ros2_ws/src/fs-system/perception/install/moreo/share/moreo/package.xml
[2.672s] DEBUG:colcon.colcon_core.event_handler.log_command:Invoking command in '/home/mazen/ros2_ws/src/fs-system/perception/build/moreo': PYTHONPATH=/home/mazen/ros2_ws/src/fs-system/perception/build/moreo/prefix_override:/home/mazen/ros2_ws/src/fs-system/perception/install/moreo/lib/python3.10/site-packages:${PYTHONPATH} /usr/bin/python3 setup.py develop --editable --build-directory /home/mazen/ros2_ws/src/fs-system/perception/build/moreo/build --no-deps install_data
[2.672s] DEBUG:colcon.colcon_core.task.python.build:While undoing a previous installation files outside the Python library path are being ignored: /home/mazen/ros2_ws/src/fs-system/perception/install/smoreo/share/ament_index/resource_index/packages/smoreo
[2.672s] DEBUG:colcon.colcon_core.task.python.build:While undoing a previous installation files outside the Python library path are being ignored: /home/mazen/ros2_ws/src/fs-system/perception/install/smoreo/share/smoreo/package.xml
[2.674s] DEBUG:colcon.colcon_core.event_handler.log_command:Invoking command in '/home/mazen/ros2_ws/src/fs-system/perception/build/smoreo': PYTHONPATH=/home/mazen/ros2_ws/src/fs-system/perception/build/smoreo/prefix_override:/home/mazen/ros2_ws/src/fs-system/perception/install/smoreo/lib/python3.10/site-packages:${PYTHONPATH} /usr/bin/python3 setup.py develop --editable --build-directory /home/mazen/ros2_ws/src/fs-system/perception/build/smoreo/build --no-deps install_data
[3.014s] Level 1:colcon.colcon_core.shell:create_environment_hook('mypython_pcl', 'pythonpath_develop')
[3.014s] DEBUG:colcon.colcon_core.event_handler.log_command:Invoked command in '/home/mazen/ros2_ws/src/fs-system/perception/build/mypython_pcl' returned '0': PYTHONPATH=/home/mazen/ros2_ws/src/fs-system/perception/build/mypython_pcl/prefix_override:/home/mazen/ros2_ws/src/fs-system/perception/install/mypython_pcl/lib/python3.10/site-packages:${PYTHONPATH} /usr/bin/python3 setup.py develop --editable --build-directory /home/mazen/ros2_ws/src/fs-system/perception/build/mypython_pcl/build --no-deps install_data
[3.026s] INFO:colcon.colcon_core.shell:Creating environment hook '/home/mazen/ros2_ws/src/fs-system/perception/build/mypython_pcl/share/mypython_pcl/hook/pythonpath_develop.ps1'
[3.026s] INFO:colcon.colcon_core.shell:Creating environment descriptor '/home/mazen/ros2_ws/src/fs-system/perception/build/mypython_pcl/share/mypython_pcl/hook/pythonpath_develop.dsv'
[3.026s] INFO:colcon.colcon_core.shell:Creating environment hook '/home/mazen/ros2_ws/src/fs-system/perception/build/mypython_pcl/share/mypython_pcl/hook/pythonpath_develop.sh'
[3.039s] Level 1:colcon.colcon_core.environment:checking '/home/mazen/ros2_ws/src/fs-system/perception/install/mypython_pcl' for CMake module files
[3.039s] Level 1:colcon.colcon_core.environment:checking '/home/mazen/ros2_ws/src/fs-system/perception/install/mypython_pcl' for CMake config files
[3.040s] Level 1:colcon.colcon_core.environment:checking '/home/mazen/ros2_ws/src/fs-system/perception/install/mypython_pcl/lib'
[3.040s] Level 1:colcon.colcon_core.environment:checking '/home/mazen/ros2_ws/src/fs-system/perception/install/mypython_pcl/bin'
[3.040s] Level 1:colcon.colcon_core.environment:checking '/home/mazen/ros2_ws/src/fs-system/perception/install/mypython_pcl/lib/pkgconfig/mypython_pcl.pc'
[3.040s] Level 1:colcon.colcon_core.environment:checking '/home/mazen/ros2_ws/src/fs-system/perception/install/mypython_pcl/lib/python3.10/site-packages'
[3.040s] Level 1:colcon.colcon_core.shell:create_environment_hook('mypython_pcl', 'pythonpath')
[3.050s] INFO:colcon.colcon_core.shell:Creating environment hook '/home/mazen/ros2_ws/src/fs-system/perception/install/mypython_pcl/share/mypython_pcl/hook/pythonpath.ps1'
[3.051s] INFO:colcon.colcon_core.shell:Creating environment descriptor '/home/mazen/ros2_ws/src/fs-system/perception/install/mypython_pcl/share/mypython_pcl/hook/pythonpath.dsv'
[3.051s] INFO:colcon.colcon_core.shell:Creating environment hook '/home/mazen/ros2_ws/src/fs-system/perception/install/mypython_pcl/share/mypython_pcl/hook/pythonpath.sh'
[3.051s] Level 1:colcon.colcon_core.environment:checking '/home/mazen/ros2_ws/src/fs-system/perception/install/mypython_pcl/bin'
[3.051s] Level 1:colcon.colcon_core.environment:create_environment_scripts_only(mypython_pcl)
[3.061s] INFO:colcon.colcon_core.shell:Creating package script '/home/mazen/ros2_ws/src/fs-system/perception/install/mypython_pcl/share/mypython_pcl/package.ps1'
[3.062s] INFO:colcon.colcon_core.shell:Creating package descriptor '/home/mazen/ros2_ws/src/fs-system/perception/install/mypython_pcl/share/mypython_pcl/package.dsv'
[3.062s] INFO:colcon.colcon_core.shell:Creating package script '/home/mazen/ros2_ws/src/fs-system/perception/install/mypython_pcl/share/mypython_pcl/package.sh'
[3.063s] INFO:colcon.colcon_core.shell:Creating package script '/home/mazen/ros2_ws/src/fs-system/perception/install/mypython_pcl/share/mypython_pcl/package.bash'
[3.063s] INFO:colcon.colcon_core.shell:Creating package script '/home/mazen/ros2_ws/src/fs-system/perception/install/mypython_pcl/share/mypython_pcl/package.zsh'
[3.064s] Level 1:colcon.colcon_core.environment:create_file_with_runtime_dependencies(/home/mazen/ros2_ws/src/fs-system/perception/install/mypython_pcl/share/colcon-core/packages/mypython_pcl)
[3.066s] Level 1:colcon.colcon_core.shell:create_environment_hook('camera_interface', 'pythonpath_develop')
[3.066s] DEBUG:colcon.colcon_core.event_handler.log_command:Invoked command in '/home/mazen/ros2_ws/src/fs-system/perception/build/camera_interface' returned '0': PYTHONPATH=/home/mazen/ros2_ws/src/fs-system/perception/build/camera_interface/prefix_override:/home/mazen/ros2_ws/src/fs-system/perception/install/camera_interface/lib/python3.10/site-packages:${PYTHONPATH} /usr/bin/python3 setup.py develop --editable --build-directory /home/mazen/ros2_ws/src/fs-system/perception/build/camera_interface/build --no-deps install_data
[3.076s] INFO:colcon.colcon_core.shell:Creating environment hook '/home/mazen/ros2_ws/src/fs-system/perception/build/camera_interface/share/camera_interface/hook/pythonpath_develop.ps1'
[3.077s] INFO:colcon.colcon_core.shell:Creating environment descriptor '/home/mazen/ros2_ws/src/fs-system/perception/build/camera_interface/share/camera_interface/hook/pythonpath_develop.dsv'
[3.077s] INFO:colcon.colcon_core.shell:Creating environment hook '/home/mazen/ros2_ws/src/fs-system/perception/build/camera_interface/share/camera_interface/hook/pythonpath_develop.sh'
[3.087s] Level 1:colcon.colcon_core.environment:checking '/home/mazen/ros2_ws/src/fs-system/perception/install/camera_interface' for CMake module files
[3.087s] Level 1:colcon.colcon_core.environment:checking '/home/mazen/ros2_ws/src/fs-system/perception/install/camera_interface' for CMake config files
[3.088s] Level 1:colcon.colcon_core.environment:checking '/home/mazen/ros2_ws/src/fs-system/perception/install/camera_interface/lib'
[3.088s] Level 1:colcon.colcon_core.environment:checking '/home/mazen/ros2_ws/src/fs-system/perception/install/camera_interface/bin'
[3.088s] Level 1:colcon.colcon_core.environment:checking '/home/mazen/ros2_ws/src/fs-system/perception/install/camera_interface/lib/pkgconfig/camera_interface.pc'
[3.088s] Level 1:colcon.colcon_core.environment:checking '/home/mazen/ros2_ws/src/fs-system/perception/install/camera_interface/lib/python3.10/site-packages'
[3.088s] Level 1:colcon.colcon_core.shell:create_environment_hook('camera_interface', 'pythonpath')
[3.098s] INFO:colcon.colcon_core.shell:Creating environment hook '/home/mazen/ros2_ws/src/fs-system/perception/install/camera_interface/share/camera_interface/hook/pythonpath.ps1'
[3.098s] INFO:colcon.colcon_core.shell:Creating environment descriptor '/home/mazen/ros2_ws/src/fs-system/perception/install/camera_interface/share/camera_interface/hook/pythonpath.dsv'
[3.099s] INFO:colcon.colcon_core.shell:Creating environment hook '/home/mazen/ros2_ws/src/fs-system/perception/install/camera_interface/share/camera_interface/hook/pythonpath.sh'
[3.099s] Level 1:colcon.colcon_core.environment:checking '/home/mazen/ros2_ws/src/fs-system/perception/install/camera_interface/bin'
[3.099s] Level 1:colcon.colcon_core.environment:create_environment_scripts_only(camera_interface)
[3.109s] INFO:colcon.colcon_core.shell:Creating package script '/home/mazen/ros2_ws/src/fs-system/perception/install/camera_interface/share/camera_interface/package.ps1'
[3.109s] INFO:colcon.colcon_core.shell:Creating package descriptor '/home/mazen/ros2_ws/src/fs-system/perception/install/camera_interface/share/camera_interface/package.dsv'
[3.110s] INFO:colcon.colcon_core.shell:Creating package script '/home/mazen/ros2_ws/src/fs-system/perception/install/camera_interface/share/camera_interface/package.sh'
[3.110s] INFO:colcon.colcon_core.shell:Creating package script '/home/mazen/ros2_ws/src/fs-system/perception/install/camera_interface/share/camera_interface/package.bash'
[3.110s] INFO:colcon.colcon_core.shell:Creating package script '/home/mazen/ros2_ws/src/fs-system/perception/install/camera_interface/share/camera_interface/package.zsh'
[3.110s] Level 1:colcon.colcon_core.environment:create_file_with_runtime_dependencies(/home/mazen/ros2_ws/src/fs-system/perception/install/camera_interface/share/colcon-core/packages/camera_interface)
[3.111s] Level 1:colcon.colcon_core.shell:create_environment_hook('smoreo', 'pythonpath_develop')
[3.112s] DEBUG:colcon.colcon_core.event_handler.log_command:Invoked command in '/home/mazen/ros2_ws/src/fs-system/perception/build/smoreo' returned '0': PYTHONPATH=/home/mazen/ros2_ws/src/fs-system/perception/build/smoreo/prefix_override:/home/mazen/ros2_ws/src/fs-system/perception/install/smoreo/lib/python3.10/site-packages:${PYTHONPATH} /usr/bin/python3 setup.py develop --editable --build-directory /home/mazen/ros2_ws/src/fs-system/perception/build/smoreo/build --no-deps install_data
[3.121s] INFO:colcon.colcon_core.shell:Creating environment hook '/home/mazen/ros2_ws/src/fs-system/perception/build/smoreo/share/smoreo/hook/pythonpath_develop.ps1'
[3.122s] INFO:colcon.colcon_core.shell:Creating environment descriptor '/home/mazen/ros2_ws/src/fs-system/perception/build/smoreo/share/smoreo/hook/pythonpath_develop.dsv'
[3.122s] INFO:colcon.colcon_core.shell:Creating environment hook '/home/mazen/ros2_ws/src/fs-system/perception/build/smoreo/share/smoreo/hook/pythonpath_develop.sh'
[3.133s] Level 1:colcon.colcon_core.environment:checking '/home/mazen/ros2_ws/src/fs-system/perception/install/smoreo' for CMake module files
[3.133s] Level 1:colcon.colcon_core.environment:checking '/home/mazen/ros2_ws/src/fs-system/perception/install/smoreo' for CMake config files
[3.133s] Level 1:colcon.colcon_core.environment:checking '/home/mazen/ros2_ws/src/fs-system/perception/install/smoreo/lib'
[3.133s] Level 1:colcon.colcon_core.environment:checking '/home/mazen/ros2_ws/src/fs-system/perception/install/smoreo/bin'
[3.133s] Level 1:colcon.colcon_core.environment:checking '/home/mazen/ros2_ws/src/fs-system/perception/install/smoreo/lib/pkgconfig/smoreo.pc'
[3.133s] Level 1:colcon.colcon_core.environment:checking '/home/mazen/ros2_ws/src/fs-system/perception/install/smoreo/lib/python3.10/site-packages'
[3.133s] Level 1:colcon.colcon_core.shell:create_environment_hook('smoreo', 'pythonpath')
[3.144s] INFO:colcon.colcon_core.shell:Creating environment hook '/home/mazen/ros2_ws/src/fs-system/perception/install/smoreo/share/smoreo/hook/pythonpath.ps1'
[3.144s] INFO:colcon.colcon_core.shell:Creating environment descriptor '/home/mazen/ros2_ws/src/fs-system/perception/install/smoreo/share/smoreo/hook/pythonpath.dsv'
[3.144s] INFO:colcon.colcon_core.shell:Creating environment hook '/home/mazen/ros2_ws/src/fs-system/perception/install/smoreo/share/smoreo/hook/pythonpath.sh'
[3.144s] Level 1:colcon.colcon_core.environment:checking '/home/mazen/ros2_ws/src/fs-system/perception/install/smoreo/bin'
[3.144s] Level 1:colcon.colcon_core.environment:create_environment_scripts_only(smoreo)
[3.155s] INFO:colcon.colcon_core.shell:Creating package script '/home/mazen/ros2_ws/src/fs-system/perception/install/smoreo/share/smoreo/package.ps1'
[3.155s] INFO:colcon.colcon_core.shell:Creating package descriptor '/home/mazen/ros2_ws/src/fs-system/perception/install/smoreo/share/smoreo/package.dsv'
[3.155s] INFO:colcon.colcon_core.shell:Creating package script '/home/mazen/ros2_ws/src/fs-system/perception/install/smoreo/share/smoreo/package.sh'
[3.156s] INFO:colcon.colcon_core.shell:Creating package script '/home/mazen/ros2_ws/src/fs-system/perception/install/smoreo/share/smoreo/package.bash'
[3.156s] INFO:colcon.colcon_core.shell:Creating package script '/home/mazen/ros2_ws/src/fs-system/perception/install/smoreo/share/smoreo/package.zsh'
[3.156s] Level 1:colcon.colcon_core.environment:create_file_with_runtime_dependencies(/home/mazen/ros2_ws/src/fs-system/perception/install/smoreo/share/colcon-core/packages/smoreo)
[3.156s] Level 1:colcon.colcon_core.shell:create_environment_hook('yolov8', 'pythonpath_develop')
[3.157s] DEBUG:colcon.colcon_core.event_handler.log_command:Invoked command in '/home/mazen/ros2_ws/src/fs-system/perception/build/yolov8' returned '0': PYTHONPATH=/home/mazen/ros2_ws/src/fs-system/perception/build/yolov8/prefix_override:/home/mazen/ros2_ws/src/fs-system/perception/install/yolov8/lib/python3.10/site-packages:${PYTHONPATH} /usr/bin/python3 setup.py develop --editable --build-directory /home/mazen/ros2_ws/src/fs-system/perception/build/yolov8/build --no-deps install_data
[3.167s] INFO:colcon.colcon_core.shell:Creating environment hook '/home/mazen/ros2_ws/src/fs-system/perception/build/yolov8/share/yolov8/hook/pythonpath_develop.ps1'
[3.167s] INFO:colcon.colcon_core.shell:Creating environment descriptor '/home/mazen/ros2_ws/src/fs-system/perception/build/yolov8/share/yolov8/hook/pythonpath_develop.dsv'
[3.167s] INFO:colcon.colcon_core.shell:Creating environment hook '/home/mazen/ros2_ws/src/fs-system/perception/build/yolov8/share/yolov8/hook/pythonpath_develop.sh'
[3.178s] Level 1:colcon.colcon_core.environment:checking '/home/mazen/ros2_ws/src/fs-system/perception/install/yolov8' for CMake module files
[3.178s] Level 1:colcon.colcon_core.environment:checking '/home/mazen/ros2_ws/src/fs-system/perception/install/yolov8' for CMake config files
[3.178s] Level 1:colcon.colcon_core.environment:checking '/home/mazen/ros2_ws/src/fs-system/perception/install/yolov8/lib'
[3.178s] Level 1:colcon.colcon_core.environment:checking '/home/mazen/ros2_ws/src/fs-system/perception/install/yolov8/bin'
[3.178s] Level 1:colcon.colcon_core.environment:checking '/home/mazen/ros2_ws/src/fs-system/perception/install/yolov8/lib/pkgconfig/yolov8.pc'
[3.178s] Level 1:colcon.colcon_core.environment:checking '/home/mazen/ros2_ws/src/fs-system/perception/install/yolov8/lib/python3.10/site-packages'
[3.179s] Level 1:colcon.colcon_core.shell:create_environment_hook('yolov8', 'pythonpath')
[3.189s] INFO:colcon.colcon_core.shell:Creating environment hook '/home/mazen/ros2_ws/src/fs-system/perception/install/yolov8/share/yolov8/hook/pythonpath.ps1'
[3.189s] INFO:colcon.colcon_core.shell:Creating environment descriptor '/home/mazen/ros2_ws/src/fs-system/perception/install/yolov8/share/yolov8/hook/pythonpath.dsv'
[3.189s] INFO:colcon.colcon_core.shell:Creating environment hook '/home/mazen/ros2_ws/src/fs-system/perception/install/yolov8/share/yolov8/hook/pythonpath.sh'
[3.190s] Level 1:colcon.colcon_core.environment:checking '/home/mazen/ros2_ws/src/fs-system/perception/install/yolov8/bin'
[3.190s] Level 1:colcon.colcon_core.environment:create_environment_scripts_only(yolov8)
[3.200s] INFO:colcon.colcon_core.shell:Creating package script '/home/mazen/ros2_ws/src/fs-system/perception/install/yolov8/share/yolov8/package.ps1'
[3.200s] INFO:colcon.colcon_core.shell:Creating package descriptor '/home/mazen/ros2_ws/src/fs-system/perception/install/yolov8/share/yolov8/package.dsv'
[3.201s] INFO:colcon.colcon_core.shell:Creating package script '/home/mazen/ros2_ws/src/fs-system/perception/install/yolov8/share/yolov8/package.sh'
[3.201s] INFO:colcon.colcon_core.shell:Creating package script '/home/mazen/ros2_ws/src/fs-system/perception/install/yolov8/share/yolov8/package.bash'
[3.201s] INFO:colcon.colcon_core.shell:Creating package script '/home/mazen/ros2_ws/src/fs-system/perception/install/yolov8/share/yolov8/package.zsh'
[3.201s] Level 1:colcon.colcon_core.environment:create_file_with_runtime_dependencies(/home/mazen/ros2_ws/src/fs-system/perception/install/yolov8/share/colcon-core/packages/yolov8)
[3.202s] Level 1:colcon.colcon_core.shell:create_environment_hook('moreo', 'pythonpath_develop')
[3.203s] DEBUG:colcon.colcon_core.event_handler.log_command:Invoked command in '/home/mazen/ros2_ws/src/fs-system/perception/build/moreo' returned '0': PYTHONPATH=/home/mazen/ros2_ws/src/fs-system/perception/build/moreo/prefix_override:/home/mazen/ros2_ws/src/fs-system/perception/install/moreo/lib/python3.10/site-packages:${PYTHONPATH} /usr/bin/python3 setup.py develop --editable --build-directory /home/mazen/ros2_ws/src/fs-system/perception/build/moreo/build --no-deps install_data
[3.212s] INFO:colcon.colcon_core.shell:Creating environment hook '/home/mazen/ros2_ws/src/fs-system/perception/build/moreo/share/moreo/hook/pythonpath_develop.ps1'
[3.213s] INFO:colcon.colcon_core.shell:Creating environment descriptor '/home/mazen/ros2_ws/src/fs-system/perception/build/moreo/share/moreo/hook/pythonpath_develop.dsv'
[3.213s] INFO:colcon.colcon_core.shell:Creating environment hook '/home/mazen/ros2_ws/src/fs-system/perception/build/moreo/share/moreo/hook/pythonpath_develop.sh'
[3.223s] Level 1:colcon.colcon_core.environment:checking '/home/mazen/ros2_ws/src/fs-system/perception/install/moreo' for CMake module files
[3.224s] Level 1:colcon.colcon_core.environment:checking '/home/mazen/ros2_ws/src/fs-system/perception/install/moreo' for CMake config files
[3.224s] Level 1:colcon.colcon_core.environment:checking '/home/mazen/ros2_ws/src/fs-system/perception/install/moreo/lib'
[3.224s] Level 1:colcon.colcon_core.environment:checking '/home/mazen/ros2_ws/src/fs-system/perception/install/moreo/bin'
[3.224s] Level 1:colcon.colcon_core.environment:checking '/home/mazen/ros2_ws/src/fs-system/perception/install/moreo/lib/pkgconfig/moreo.pc'
[3.224s] Level 1:colcon.colcon_core.environment:checking '/home/mazen/ros2_ws/src/fs-system/perception/install/moreo/lib/python3.10/site-packages'
[3.224s] Level 1:colcon.colcon_core.shell:create_environment_hook('moreo', 'pythonpath')
[3.234s] INFO:colcon.colcon_core.shell:Creating environment hook '/home/mazen/ros2_ws/src/fs-system/perception/install/moreo/share/moreo/hook/pythonpath.ps1'
[3.235s] INFO:colcon.colcon_core.shell:Creating environment descriptor '/home/mazen/ros2_ws/src/fs-system/perception/install/moreo/share/moreo/hook/pythonpath.dsv'
[3.235s] INFO:colcon.colcon_core.shell:Creating environment hook '/home/mazen/ros2_ws/src/fs-system/perception/install/moreo/share/moreo/hook/pythonpath.sh'
[3.235s] Level 1:colcon.colcon_core.environment:checking '/home/mazen/ros2_ws/src/fs-system/perception/install/moreo/bin'
[3.235s] Level 1:colcon.colcon_core.environment:create_environment_scripts_only(moreo)
[3.245s] INFO:colcon.colcon_core.shell:Creating package script '/home/mazen/ros2_ws/src/fs-system/perception/install/moreo/share/moreo/package.ps1'
[3.246s] INFO:colcon.colcon_core.shell:Creating package descriptor '/home/mazen/ros2_ws/src/fs-system/perception/install/moreo/share/moreo/package.dsv'
[3.246s] INFO:colcon.colcon_core.shell:Creating package script '/home/mazen/ros2_ws/src/fs-system/perception/install/moreo/share/moreo/package.sh'
[3.246s] INFO:colcon.colcon_core.shell:Creating package script '/home/mazen/ros2_ws/src/fs-system/perception/install/moreo/share/moreo/package.bash'
[3.247s] INFO:colcon.colcon_core.shell:Creating package script '/home/mazen/ros2_ws/src/fs-system/perception/install/moreo/share/moreo/package.zsh'
[3.247s] Level 1:colcon.colcon_core.environment:create_file_with_runtime_dependencies(/home/mazen/ros2_ws/src/fs-system/perception/install/moreo/share/colcon-core/packages/moreo)
[3.247s] DEBUG:colcon.colcon_parallel_executor.executor.parallel:closing loop
[3.247s] DEBUG:colcon.colcon_parallel_executor.executor.parallel:loop closed
[3.247s] DEBUG:colcon.colcon_parallel_executor.executor.parallel:run_until_complete finished with '0'
[3.247s] DEBUG:colcon.colcon_core.event_reactor:joining thread
[3.261s] INFO:colcon.colcon_core.plugin_system:Skipping extension 'colcon_notification.desktop_notification.terminal_notifier': Not used on non-Darwin systems
[3.261s] INFO:colcon.colcon_core.plugin_system:Skipping extension 'colcon_notification.desktop_notification.win32': Not used on non-Windows systems
[3.261s] INFO:colcon.colcon_notification.desktop_notification:Sending desktop notification using 'notify2'
[3.270s] DEBUG:colcon.colcon_core.event_reactor:joined thread
[3.281s] INFO:colcon.colcon_core.shell:Creating prefix script '/home/mazen/ros2_ws/src/fs-system/perception/install/local_setup.ps1'
[3.282s] INFO:colcon.colcon_core.shell:Creating prefix util module '/home/mazen/ros2_ws/src/fs-system/perception/install/_local_setup_util_ps1.py'
[3.283s] INFO:colcon.colcon_core.shell:Creating prefix chain script '/home/mazen/ros2_ws/src/fs-system/perception/install/setup.ps1'
[3.293s] INFO:colcon.colcon_core.shell:Creating prefix script '/home/mazen/ros2_ws/src/fs-system/perception/install/local_setup.sh'
[3.294s] INFO:colcon.colcon_core.shell:Creating prefix util module '/home/mazen/ros2_ws/src/fs-system/perception/install/_local_setup_util_sh.py'
[3.294s] INFO:colcon.colcon_core.shell:Creating prefix chain script '/home/mazen/ros2_ws/src/fs-system/perception/install/setup.sh'
[3.304s] INFO:colcon.colcon_core.shell:Creating prefix script '/home/mazen/ros2_ws/src/fs-system/perception/install/local_setup.bash'
[3.305s] INFO:colcon.colcon_core.shell:Creating prefix chain script '/home/mazen/ros2_ws/src/fs-system/perception/install/setup.bash'
[3.315s] INFO:colcon.colcon_core.shell:Creating prefix script '/home/mazen/ros2_ws/src/fs-system/perception/install/local_setup.zsh'
[3.315s] INFO:colcon.colcon_core.shell:Creating prefix chain script '/home/mazen/ros2_ws/src/fs-system/perception/install/setup.zsh'
