running egg_info
creating ../build/smoreo/smoreo.egg-info
writing ../build/smoreo/smoreo.egg-info/PKG-INFO
writing dependency_links to ../build/smoreo/smoreo.egg-info/dependency_links.txt
writing entry points to ../build/smoreo/smoreo.egg-info/entry_points.txt
writing requirements to ../build/smoreo/smoreo.egg-info/requires.txt
writing top-level names to ../build/smoreo/smoreo.egg-info/top_level.txt
writing manifest file '../build/smoreo/smoreo.egg-info/SOURCES.txt'
reading manifest file '../build/smoreo/smoreo.egg-info/SOURCES.txt'
writing manifest file '../build/smoreo/smoreo.egg-info/SOURCES.txt'
running build
running build_py
creating /media/ezzedinayman/Local Disk/ASURT/fs/src/fs-system/perception/build/smoreo/build
creating /media/ezzedinayman/Local Disk/ASURT/fs/src/fs-system/perception/build/smoreo/build/lib
creating /media/ezzedinayman/Local Disk/ASURT/fs/src/fs-system/perception/build/smoreo/build/lib/smoreo
copying smoreo/__init__.py -> /media/ezzedinayman/Local Disk/ASURT/fs/src/fs-system/perception/build/smoreo/build/lib/smoreo
running install
/usr/lib/python3/dist-packages/setuptools/command/install.py:34: SetuptoolsDeprecationWarning: setup.py install is deprecated. Use build and pip and other standards-based tools.
  warnings.warn(
running install_lib
creating /media/ezzedinayman/Local Disk/ASURT/fs/src/fs-system/perception/install/smoreo/lib/python3.10/site-packages/smoreo
copying /media/ezzedinayman/Local Disk/ASURT/fs/src/fs-system/perception/build/smoreo/build/lib/smoreo/__init__.py -> /media/ezzedinayman/Local Disk/ASURT/fs/src/fs-system/perception/install/smoreo/lib/python3.10/site-packages/smoreo
byte-compiling /media/ezzedinayman/Local Disk/ASURT/fs/src/fs-system/perception/install/smoreo/lib/python3.10/site-packages/smoreo/__init__.py to __init__.cpython-310.pyc
running install_data
running install_egg_info
Copying ../build/smoreo/smoreo.egg-info to /media/ezzedinayman/Local Disk/ASURT/fs/src/fs-system/perception/install/smoreo/lib/python3.10/site-packages/smoreo-0.0.0-py3.10.egg-info
running install_scripts
writing list of installed files to '/media/ezzedinayman/Local Disk/ASURT/fs/src/fs-system/perception/build/smoreo/install.log'
