[2.606s] Invoking command in '/media/ezzedinayman/Local Disk/ASURT/fs/src/fs-system/perception/smoreo': PYTHONPATH=/media/ezzedinayman/Local Disk/ASURT/fs/src/fs-system/perception/build/smoreo/prefix_override:/media/ezzedinayman/Local Disk/ASURT/fs/src/fs-system/perception/install/smoreo/lib/python3.10/site-packages:${PYTHONPATH} /usr/bin/python3 setup.py egg_info --egg-base ../build/smoreo build --build-base /media/ezzedinayman/Local Disk/ASURT/fs/src/fs-system/perception/build/smoreo/build install --record /media/ezzedinayman/Local Disk/ASURT/fs/src/fs-system/perception/build/smoreo/install.log --single-version-externally-managed
[2.912s] running egg_info
[2.913s] creating ../build/smoreo/smoreo.egg-info
[2.913s] writing ../build/smoreo/smoreo.egg-info/PKG-INFO
[2.914s] writing dependency_links to ../build/smoreo/smoreo.egg-info/dependency_links.txt
[2.914s] writing entry points to ../build/smoreo/smoreo.egg-info/entry_points.txt
[2.914s] writing requirements to ../build/smoreo/smoreo.egg-info/requires.txt
[2.914s] writing top-level names to ../build/smoreo/smoreo.egg-info/top_level.txt
[2.915s] writing manifest file '../build/smoreo/smoreo.egg-info/SOURCES.txt'
[2.917s] reading manifest file '../build/smoreo/smoreo.egg-info/SOURCES.txt'
[2.918s] writing manifest file '../build/smoreo/smoreo.egg-info/SOURCES.txt'
[2.918s] running build
[2.918s] running build_py
[2.918s] creating /media/ezzedinayman/Local Disk/ASURT/fs/src/fs-system/perception/build/smoreo/build
[2.919s] creating /media/ezzedinayman/Local Disk/ASURT/fs/src/fs-system/perception/build/smoreo/build/lib
[2.919s] creating /media/ezzedinayman/Local Disk/ASURT/fs/src/fs-system/perception/build/smoreo/build/lib/smoreo
[2.919s] copying smoreo/__init__.py -> /media/ezzedinayman/Local Disk/ASURT/fs/src/fs-system/perception/build/smoreo/build/lib/smoreo
[2.919s] running install
[2.919s] /usr/lib/python3/dist-packages/setuptools/command/install.py:34: SetuptoolsDeprecationWarning: setup.py install is deprecated. Use build and pip and other standards-based tools.
[2.919s]   warnings.warn(
[2.920s] running install_lib
[2.921s] creating /media/ezzedinayman/Local Disk/ASURT/fs/src/fs-system/perception/install/smoreo/lib/python3.10/site-packages/smoreo
[2.921s] copying /media/ezzedinayman/Local Disk/ASURT/fs/src/fs-system/perception/build/smoreo/build/lib/smoreo/__init__.py -> /media/ezzedinayman/Local Disk/ASURT/fs/src/fs-system/perception/install/smoreo/lib/python3.10/site-packages/smoreo
[2.922s] byte-compiling /media/ezzedinayman/Local Disk/ASURT/fs/src/fs-system/perception/install/smoreo/lib/python3.10/site-packages/smoreo/__init__.py to __init__.cpython-310.pyc
[2.922s] running install_data
[2.923s] running install_egg_info
[2.926s] Copying ../build/smoreo/smoreo.egg-info to /media/ezzedinayman/Local Disk/ASURT/fs/src/fs-system/perception/install/smoreo/lib/python3.10/site-packages/smoreo-0.0.0-py3.10.egg-info
[2.927s] running install_scripts
[2.962s] writing list of installed files to '/media/ezzedinayman/Local Disk/ASURT/fs/src/fs-system/perception/build/smoreo/install.log'
[3.059s] Invoked command in '/media/ezzedinayman/Local Disk/ASURT/fs/src/fs-system/perception/smoreo' returned '0': PYTHONPATH=/media/ezzedinayman/Local Disk/ASURT/fs/src/fs-system/perception/build/smoreo/prefix_override:/media/ezzedinayman/Local Disk/ASURT/fs/src/fs-system/perception/install/smoreo/lib/python3.10/site-packages:${PYTHONPATH} /usr/bin/python3 setup.py egg_info --egg-base ../build/smoreo build --build-base /media/ezzedinayman/Local Disk/ASURT/fs/src/fs-system/perception/build/smoreo/build install --record /media/ezzedinayman/Local Disk/ASURT/fs/src/fs-system/perception/build/smoreo/install.log --single-version-externally-managed
