[0.000000] (-) TimerEvent: {}
[0.000192] (-) JobUnselected: {'identifier': 'asurt_msgs'}
[0.000366] (-) JobUnselected: {'identifier': 'camera_interface'}
[0.000423] (-) JobUnselected: {'identifier': 'centerline_calc'}
[0.000509] (-) JobUnselected: {'identifier': 'common_params'}
[0.000527] (-) JobUnselected: {'identifier': 'eufs_msgs'}
[0.000542] (-) JobUnselected: {'identifier': 'interfaces'}
[0.000634] (-) JobUnselected: {'identifier': 'kp_reg'}
[0.000652] (-) JobUnselected: {'identifier': 'lqr'}
[0.000807] (-) JobUnselected: {'identifier': 'moreo'}
[0.000840] (-) JobUnselected: {'identifier': 'mrpython_pcl'}
[0.000927] (-) JobUnselected: {'identifier': 'planning_apf'}
[0.000995] (-) JobUnselected: {'identifier': 'planning_trees'}
[0.001016] (-) JobUnselected: {'identifier': 'pure_pursuit'}
[0.001032] (-) JobUnselected: {'identifier': 'simple_pure_pursuit'}
[0.001156] (-) JobUnselected: {'identifier': 'slam_manager'}
[0.001203] (-) JobUnselected: {'identifier': 'smoreo'}
[0.001217] (-) JobUnselected: {'identifier': 'supervisor'}
[0.001230] (-) JobUnselected: {'identifier': 'tf_helper'}
[0.001285] (-) JobUnselected: {'identifier': 'tracker'}
[0.001299] (-) JobUnselected: {'identifier': 'trapper'}
[0.001314] (-) JobUnselected: {'identifier': 'visualizer'}
[0.001338] (-) JobUnselected: {'identifier': 'waypoint_cleaner'}
[0.001354] (-) JobUnselected: {'identifier': 'yolov8'}
[0.001373] (-) JobUnselected: {'identifier': 'zed_opencv'}
[0.001396] (smornn) JobQueued: {'identifier': 'smornn', 'dependencies': OrderedDict([('asurt_msgs', '/media/ezzedinayman/Local Disk/FS-System/fs-system/install/asurt_msgs'), ('tf_helper', '/media/ezzedinayman/Local Disk/FS-System/fs-system/install/tf_helper')])}
[0.001419] (smornn) JobStarted: {'identifier': 'smornn'}
[0.011287] (smornn) JobEnded: {'identifier': 'smornn', 'rc': 1}
[0.021870] (-) EventReactorShutdown: {}
